--- org.jfree.data.general.DatasetUtilities_ESTest::test01919
org.evosuite.runtime.mock.java.lang.MockIllegalArgumentException: Null 'dataset' argument.
	at org.jfree.data.general.DatasetUtilities.findRangeBounds(DatasetUtilities.java:817)
	at org.jfree.data.general.DatasetUtilities.findRangeBounds(DatasetUtilities.java:802)
	at org.jfree.data.general.DatasetUtilities_ESTest.test01919(DatasetUtilities_ESTest.java:484)
	at sun.reflect.NativeMethodAccessorImpl.invoke0(Native Method)
	at sun.reflect.NativeMethodAccessorImpl.invoke(NativeMethodAccessorImpl.java:62)
	at sun.reflect.DelegatingMethodAccessorImpl.invoke(DelegatingMethodAccessorImpl.java:43)
	at java.lang.reflect.Method.invoke(Method.java:498)
	at org.junit.runners.model.FrameworkMethod$1.runReflectiveCall(FrameworkMethod.java:47)
	at org.junit.internal.runners.model.ReflectiveCallable.run(ReflectiveCallable.java:12)
	at org.junit.runners.model.FrameworkMethod.invokeExplosively(FrameworkMethod.java:44)
	at org.junit.internal.runners.statements.InvokeMethod.evaluate(InvokeMethod.java:17)
	at org.junit.internal.runners.statements.FailOnTimeout$StatementThread.run(FailOnTimeout.java:74)
--- org.jfree.data.general.DatasetUtilities_ESTest::test183200
org.evosuite.runtime.mock.java.lang.MockIllegalArgumentException: The 'year' argument must be in range 1900 to 9999.
	at org.jfree.data.time.SpreadsheetDate.<init>(SpreadsheetDate.java:113)
	at org.jfree.data.time.SerialDate.createInstance(SerialDate.java:792)
	at org.jfree.data.time.Day.<init>(Day.java:124)
	at org.jfree.data.time.Hour.<init>(Hour.java:129)
	at org.jfree.data.general.DatasetUtilities_ESTest.test183200(DatasetUtilities_ESTest.java:3602)
	at sun.reflect.NativeMethodAccessorImpl.invoke0(Native Method)
	at sun.reflect.NativeMethodAccessorImpl.invoke(NativeMethodAccessorImpl.java:62)
	at sun.reflect.DelegatingMethodAccessorImpl.invoke(DelegatingMethodAccessorImpl.java:43)
	at java.lang.reflect.Method.invoke(Method.java:498)
	at org.junit.runners.model.FrameworkMethod$1.runReflectiveCall(FrameworkMethod.java:47)
	at org.junit.internal.runners.model.ReflectiveCallable.run(ReflectiveCallable.java:12)
	at org.junit.runners.model.FrameworkMethod.invokeExplosively(FrameworkMethod.java:44)
	at org.junit.internal.runners.statements.InvokeMethod.evaluate(InvokeMethod.java:17)
	at org.junit.internal.runners.statements.FailOnTimeout$StatementThread.run(FailOnTimeout.java:74)
--- org.jfree.data.general.DatasetUtilities_ESTest::test03536
java.lang.IndexOutOfBoundsException: Index: 2402, Size: 6
	at java.util.ArrayList.rangeCheck(ArrayList.java:659)
	at java.util.ArrayList.get(ArrayList.java:435)
	at org.jfree.data.KeyedObjects2D.getObject(KeyedObjects2D.java:115)
	at org.jfree.data.category.DefaultCategoryDataset.getValue(DefaultCategoryDataset.java:120)
	at org.jfree.data.general.DatasetUtilities.createPieDatasetForColumn(DatasetUtilities.java:268)
	at org.jfree.data.general.DatasetUtilities_ESTest.test03536(DatasetUtilities_ESTest.java:828)
	at sun.reflect.NativeMethodAccessorImpl.invoke0(Native Method)
	at sun.reflect.NativeMethodAccessorImpl.invoke(NativeMethodAccessorImpl.java:62)
	at sun.reflect.DelegatingMethodAccessorImpl.invoke(DelegatingMethodAccessorImpl.java:43)
	at java.lang.reflect.Method.invoke(Method.java:498)
	at org.junit.runners.model.FrameworkMethod$1.runReflectiveCall(FrameworkMethod.java:47)
	at org.junit.internal.runners.model.ReflectiveCallable.run(ReflectiveCallable.java:12)
	at org.junit.runners.model.FrameworkMethod.invokeExplosively(FrameworkMethod.java:44)
	at org.junit.internal.runners.statements.InvokeMethod.evaluate(InvokeMethod.java:17)
	at org.junit.internal.runners.statements.FailOnTimeout$StatementThread.run(FailOnTimeout.java:74)
--- org.jfree.data.general.DatasetUtilities_ESTest::test05960
org.jfree.data.UnknownKeyException: The key (Thu Jan 01 00:00:00 GMT 1970) is not recognised.
	at org.jfree.data.KeyedObjects.getObject(KeyedObjects.java:175)
	at org.jfree.data.pie.DefaultPieDataset.isSelected(DefaultPieDataset.java:396)
	at org.jfree.data.general.DatasetUtilities_ESTest.test05960(DatasetUtilities_ESTest.java:1293)
	at sun.reflect.NativeMethodAccessorImpl.invoke0(Native Method)
	at sun.reflect.NativeMethodAccessorImpl.invoke(NativeMethodAccessorImpl.java:62)
	at sun.reflect.DelegatingMethodAccessorImpl.invoke(DelegatingMethodAccessorImpl.java:43)
	at java.lang.reflect.Method.invoke(Method.java:498)
	at org.junit.runners.model.FrameworkMethod$1.runReflectiveCall(FrameworkMethod.java:47)
	at org.junit.internal.runners.model.ReflectiveCallable.run(ReflectiveCallable.java:12)
	at org.junit.runners.model.FrameworkMethod.invokeExplosively(FrameworkMethod.java:44)
	at org.junit.internal.runners.statements.InvokeMethod.evaluate(InvokeMethod.java:17)
	at org.junit.internal.runners.statements.FailOnTimeout$StatementThread.run(FailOnTimeout.java:74)
--- org.jfree.data.general.DatasetUtilities_ESTest::test08791
java.lang.ArrayIndexOutOfBoundsException: -531
	at java.util.ArrayList.elementData(ArrayList.java:424)
	at java.util.ArrayList.get(ArrayList.java:437)
	at org.jfree.data.KeyedObjects2D.getObject(KeyedObjects2D.java:113)
	at org.jfree.data.category.DefaultCategoryDataset.getValue(DefaultCategoryDataset.java:120)
	at org.jfree.data.category.CategoryToPieDataset.getValue(CategoryToPieDataset.java:179)
	at org.jfree.data.general.DatasetUtilities.isEmptyOrNull(DatasetUtilities.java:577)
	at org.jfree.data.general.DatasetUtilities_ESTest.test08791(DatasetUtilities_ESTest.java:1733)
	at sun.reflect.NativeMethodAccessorImpl.invoke0(Native Method)
	at sun.reflect.NativeMethodAccessorImpl.invoke(NativeMethodAccessorImpl.java:62)
	at sun.reflect.DelegatingMethodAccessorImpl.invoke(DelegatingMethodAccessorImpl.java:43)
	at java.lang.reflect.Method.invoke(Method.java:498)
	at org.junit.runners.model.FrameworkMethod$1.runReflectiveCall(FrameworkMethod.java:47)
	at org.junit.internal.runners.model.ReflectiveCallable.run(ReflectiveCallable.java:12)
	at org.junit.runners.model.FrameworkMethod.invokeExplosively(FrameworkMethod.java:44)
	at org.junit.internal.runners.statements.InvokeMethod.evaluate(InvokeMethod.java:17)
	at org.junit.internal.runners.statements.FailOnTimeout$StatementThread.run(FailOnTimeout.java:74)
--- org.jfree.data.general.DatasetUtilities_ESTest::test131137
java.lang.NullPointerException
	at org.jfree.data.time.DynamicTimeSeriesCollection.getOldestTime(DynamicTimeSeriesCollection.java:725)
	at org.jfree.data.time.DynamicTimeSeriesCollection.findDomainLimits(DynamicTimeSeriesCollection.java:341)
	at org.jfree.data.time.DynamicTimeSeriesCollection.getDomainBounds(DynamicTimeSeriesCollection.java:890)
	at org.jfree.data.general.DatasetUtilities.findDomainBounds(DatasetUtilities.java:674)
	at org.jfree.data.general.DatasetUtilities.findDomainBounds(DatasetUtilities.java:650)
	at org.jfree.data.general.DatasetUtilities_ESTest.test131137(DatasetUtilities_ESTest.java:2420)
	at sun.reflect.NativeMethodAccessorImpl.invoke0(Native Method)
	at sun.reflect.NativeMethodAccessorImpl.invoke(NativeMethodAccessorImpl.java:62)
	at sun.reflect.DelegatingMethodAccessorImpl.invoke(DelegatingMethodAccessorImpl.java:43)
	at java.lang.reflect.Method.invoke(Method.java:498)
	at org.junit.runners.model.FrameworkMethod$1.runReflectiveCall(FrameworkMethod.java:47)
	at org.junit.internal.runners.model.ReflectiveCallable.run(ReflectiveCallable.java:12)
	at org.junit.runners.model.FrameworkMethod.invokeExplosively(FrameworkMethod.java:44)
	at org.junit.internal.runners.statements.InvokeMethod.evaluate(InvokeMethod.java:17)
	at org.junit.internal.runners.statements.FailOnTimeout$StatementThread.run(FailOnTimeout.java:74)
--- org.jfree.data.general.DatasetUtilities_ESTest::test109115
org.evosuite.runtime.mock.java.lang.MockIllegalArgumentException: The 'month' argument must be in the range 1 to 12.
	at org.jfree.data.time.SpreadsheetDate.<init>(SpreadsheetDate.java:123)
	at org.jfree.data.time.SerialDate.createInstance(SerialDate.java:792)
	at org.jfree.data.time.Day.<init>(Day.java:124)
	at org.jfree.data.time.Minute.<init>(Minute.java:175)
	at org.jfree.data.time.Second.<init>(Second.java:136)
	at org.jfree.data.general.DatasetUtilities_ESTest.test109115(DatasetUtilities_ESTest.java:2112)
	at sun.reflect.NativeMethodAccessorImpl.invoke0(Native Method)
	at sun.reflect.NativeMethodAccessorImpl.invoke(NativeMethodAccessorImpl.java:62)
	at sun.reflect.DelegatingMethodAccessorImpl.invoke(DelegatingMethodAccessorImpl.java:43)
	at java.lang.reflect.Method.invoke(Method.java:498)
	at org.junit.runners.model.FrameworkMethod$1.runReflectiveCall(FrameworkMethod.java:47)
	at org.junit.internal.runners.model.ReflectiveCallable.run(ReflectiveCallable.java:12)
	at org.junit.runners.model.FrameworkMethod.invokeExplosively(FrameworkMethod.java:44)
	at org.junit.internal.runners.statements.InvokeMethod.evaluate(InvokeMethod.java:17)
	at org.junit.internal.runners.statements.FailOnTimeout$StatementThread.run(FailOnTimeout.java:74)
--- org.jfree.data.general.DatasetUtilities_ESTest::test174191
org.evosuite.runtime.mock.java.lang.MockIllegalArgumentException: DefaultIntervalCategoryDataset.getValue(): series index out of range.
	at org.jfree.data.category.DefaultIntervalCategoryDataset.getEndValue(DefaultIntervalCategoryDataset.java:488)
	at org.jfree.data.category.DefaultIntervalCategoryDataset.getValue(DefaultIntervalCategoryDataset.java:397)
	at org.jfree.data.general.DatasetUtilities.createPieDatasetForRow(DatasetUtilities.java:233)
	at org.jfree.data.general.DatasetUtilities_ESTest.test174191(DatasetUtilities_ESTest.java:3273)
	at sun.reflect.NativeMethodAccessorImpl.invoke0(Native Method)
	at sun.reflect.NativeMethodAccessorImpl.invoke(NativeMethodAccessorImpl.java:62)
	at sun.reflect.DelegatingMethodAccessorImpl.invoke(DelegatingMethodAccessorImpl.java:43)
	at java.lang.reflect.Method.invoke(Method.java:498)
	at org.junit.runners.model.FrameworkMethod$1.runReflectiveCall(FrameworkMethod.java:47)
	at org.junit.internal.runners.model.ReflectiveCallable.run(ReflectiveCallable.java:12)
	at org.junit.runners.model.FrameworkMethod.invokeExplosively(FrameworkMethod.java:44)
	at org.junit.internal.runners.statements.InvokeMethod.evaluate(InvokeMethod.java:17)
	at org.junit.internal.runners.statements.FailOnTimeout$StatementThread.run(FailOnTimeout.java:74)
--- org.jfree.data.general.DatasetUtilities_ESTest::test136143
org.evosuite.runtime.mock.java.lang.MockIllegalArgumentException: Null 'dataset' argument.
	at org.jfree.data.general.DatasetUtilities.iterateToFindRangeBounds(DatasetUtilities.java:1400)
	at org.jfree.data.general.DatasetUtilities_ESTest.test136143(DatasetUtilities_ESTest.java:2509)
	at sun.reflect.NativeMethodAccessorImpl.invoke0(Native Method)
	at sun.reflect.NativeMethodAccessorImpl.invoke(NativeMethodAccessorImpl.java:62)
	at sun.reflect.DelegatingMethodAccessorImpl.invoke(DelegatingMethodAccessorImpl.java:43)
	at java.lang.reflect.Method.invoke(Method.java:498)
	at org.junit.runners.model.FrameworkMethod$1.runReflectiveCall(FrameworkMethod.java:47)
	at org.junit.internal.runners.model.ReflectiveCallable.run(ReflectiveCallable.java:12)
	at org.junit.runners.model.FrameworkMethod.invokeExplosively(FrameworkMethod.java:44)
	at org.junit.internal.runners.statements.InvokeMethod.evaluate(InvokeMethod.java:17)
	at org.junit.internal.runners.statements.FailOnTimeout$StatementThread.run(FailOnTimeout.java:74)
--- org.jfree.data.general.DatasetUtilities_ESTest::test01111
org.evosuite.runtime.mock.java.lang.MockIllegalArgumentException: Null 'dataset' argument.
	at org.jfree.data.general.DatasetUtilities.findStackedRangeBounds(DatasetUtilities.java:2081)
	at org.jfree.data.general.DatasetUtilities_ESTest.test01111(DatasetUtilities_ESTest.java:353)
	at sun.reflect.NativeMethodAccessorImpl.invoke0(Native Method)
	at sun.reflect.NativeMethodAccessorImpl.invoke(NativeMethodAccessorImpl.java:62)
	at sun.reflect.DelegatingMethodAccessorImpl.invoke(DelegatingMethodAccessorImpl.java:43)
	at java.lang.reflect.Method.invoke(Method.java:498)
	at org.junit.runners.model.FrameworkMethod$1.runReflectiveCall(FrameworkMethod.java:47)
	at org.junit.internal.runners.model.ReflectiveCallable.run(ReflectiveCallable.java:12)
	at org.junit.runners.model.FrameworkMethod.invokeExplosively(FrameworkMethod.java:44)
	at org.junit.internal.runners.statements.InvokeMethod.evaluate(InvokeMethod.java:17)
	at org.junit.internal.runners.statements.FailOnTimeout$StatementThread.run(FailOnTimeout.java:74)
--- org.jfree.data.general.DatasetUtilities_ESTest::test104108
org.evosuite.runtime.mock.java.lang.MockIllegalArgumentException: Null 'dataset' argument.
	at org.jfree.data.general.DatasetUtilities.findMaximumDomainValue(DatasetUtilities.java:1580)
	at org.jfree.data.general.DatasetUtilities_ESTest.test104108(DatasetUtilities_ESTest.java:1959)
	at sun.reflect.NativeMethodAccessorImpl.invoke0(Native Method)
	at sun.reflect.NativeMethodAccessorImpl.invoke(NativeMethodAccessorImpl.java:62)
	at sun.reflect.DelegatingMethodAccessorImpl.invoke(DelegatingMethodAccessorImpl.java:43)
	at java.lang.reflect.Method.invoke(Method.java:498)
	at org.junit.runners.model.FrameworkMethod$1.runReflectiveCall(FrameworkMethod.java:47)
	at org.junit.internal.runners.model.ReflectiveCallable.run(ReflectiveCallable.java:12)
	at org.junit.runners.model.FrameworkMethod.invokeExplosively(FrameworkMethod.java:44)
	at org.junit.internal.runners.statements.InvokeMethod.evaluate(InvokeMethod.java:17)
	at org.junit.internal.runners.statements.FailOnTimeout$StatementThread.run(FailOnTimeout.java:74)
--- org.jfree.data.general.DatasetUtilities_ESTest::test179196
org.evosuite.runtime.mock.java.lang.MockIllegalArgumentException: Null 'xRange' argument
	at org.jfree.data.general.DatasetUtilities.iterateToFindRangeBounds(DatasetUtilities.java:1407)
	at org.jfree.data.general.DatasetUtilities.findRangeBounds(DatasetUtilities.java:928)
	at org.jfree.data.general.DatasetUtilities_ESTest.test179196(DatasetUtilities_ESTest.java:3480)
	at sun.reflect.NativeMethodAccessorImpl.invoke0(Native Method)
	at sun.reflect.NativeMethodAccessorImpl.invoke(NativeMethodAccessorImpl.java:62)
	at sun.reflect.DelegatingMethodAccessorImpl.invoke(DelegatingMethodAccessorImpl.java:43)
	at java.lang.reflect.Method.invoke(Method.java:498)
	at org.junit.runners.model.FrameworkMethod$1.runReflectiveCall(FrameworkMethod.java:47)
	at org.junit.internal.runners.model.ReflectiveCallable.run(ReflectiveCallable.java:12)
	at org.junit.runners.model.FrameworkMethod.invokeExplosively(FrameworkMethod.java:44)
	at org.junit.internal.runners.statements.InvokeMethod.evaluate(InvokeMethod.java:17)
	at org.junit.internal.runners.statements.FailOnTimeout$StatementThread.run(FailOnTimeout.java:74)
--- org.jfree.data.general.DatasetUtilities_ESTest::test06364
org.evosuite.runtime.mock.java.lang.MockIllegalArgumentException: Null 'dataset' argument.
	at org.jfree.data.general.DatasetUtilities.findRangeBounds(DatasetUtilities.java:919)
	at org.jfree.data.general.DatasetUtilities_ESTest.test06364(DatasetUtilities_ESTest.java:1330)
	at sun.reflect.NativeMethodAccessorImpl.invoke0(Native Method)
	at sun.reflect.NativeMethodAccessorImpl.invoke(NativeMethodAccessorImpl.java:62)
	at sun.reflect.DelegatingMethodAccessorImpl.invoke(DelegatingMethodAccessorImpl.java:43)
	at java.lang.reflect.Method.invoke(Method.java:498)
	at org.junit.runners.model.FrameworkMethod$1.runReflectiveCall(FrameworkMethod.java:47)
	at org.junit.internal.runners.model.ReflectiveCallable.run(ReflectiveCallable.java:12)
	at org.junit.runners.model.FrameworkMethod.invokeExplosively(FrameworkMethod.java:44)
	at org.junit.internal.runners.statements.InvokeMethod.evaluate(InvokeMethod.java:17)
	at org.junit.internal.runners.statements.FailOnTimeout$StatementThread.run(FailOnTimeout.java:74)
--- org.jfree.data.general.DatasetUtilities_ESTest::test05152
java.lang.NullPointerException
	at org.jfree.data.xy.DefaultWindDataset.<init>(DefaultWindDataset.java:132)
	at org.jfree.data.xy.DefaultWindDataset.<init>(DefaultWindDataset.java:101)
	at org.jfree.data.general.DatasetUtilities_ESTest.test05152(DatasetUtilities_ESTest.java:1144)
	at sun.reflect.NativeMethodAccessorImpl.invoke0(Native Method)
	at sun.reflect.NativeMethodAccessorImpl.invoke(NativeMethodAccessorImpl.java:62)
	at sun.reflect.DelegatingMethodAccessorImpl.invoke(DelegatingMethodAccessorImpl.java:43)
	at java.lang.reflect.Method.invoke(Method.java:498)
	at org.junit.runners.model.FrameworkMethod$1.runReflectiveCall(FrameworkMethod.java:47)
	at org.junit.internal.runners.model.ReflectiveCallable.run(ReflectiveCallable.java:12)
	at org.junit.runners.model.FrameworkMethod.invokeExplosively(FrameworkMethod.java:44)
	at org.junit.internal.runners.statements.InvokeMethod.evaluate(InvokeMethod.java:17)
	at org.junit.internal.runners.statements.FailOnTimeout$StatementThread.run(FailOnTimeout.java:74)
--- org.jfree.data.general.DatasetUtilities_ESTest::test147156
org.evosuite.runtime.mock.java.lang.MockIllegalArgumentException: Null 'dataset' argument.
	at org.jfree.data.general.DatasetUtilities.findMaximumStackedRangeValue(DatasetUtilities.java:2030)
	at org.jfree.data.general.DatasetUtilities_ESTest.test147156(DatasetUtilities_ESTest.java:2749)
	at sun.reflect.NativeMethodAccessorImpl.invoke0(Native Method)
	at sun.reflect.NativeMethodAccessorImpl.invoke(NativeMethodAccessorImpl.java:62)
	at sun.reflect.DelegatingMethodAccessorImpl.invoke(DelegatingMethodAccessorImpl.java:43)
	at java.lang.reflect.Method.invoke(Method.java:498)
	at org.junit.runners.model.FrameworkMethod$1.runReflectiveCall(FrameworkMethod.java:47)
	at org.junit.internal.runners.model.ReflectiveCallable.run(ReflectiveCallable.java:12)
	at org.junit.runners.model.FrameworkMethod.invokeExplosively(FrameworkMethod.java:44)
	at org.junit.internal.runners.statements.InvokeMethod.evaluate(InvokeMethod.java:17)
	at org.junit.internal.runners.statements.FailOnTimeout$StatementThread.run(FailOnTimeout.java:74)
--- org.jfree.data.general.DatasetUtilities_ESTest::test09195
org.evosuite.runtime.mock.java.lang.MockIllegalArgumentException: Null 'key' argument.
	at org.jfree.data.KeyedObjects2D.getColumnIndex(KeyedObjects2D.java:192)
	at org.jfree.data.category.DefaultCategoryDataset.getColumnIndex(DefaultCategoryDataset.java:194)
	at org.jfree.data.general.DatasetUtilities.createPieDatasetForColumn(DatasetUtilities.java:249)
	at org.jfree.data.general.DatasetUtilities_ESTest.test09195(DatasetUtilities_ESTest.java:1768)
	at sun.reflect.NativeMethodAccessorImpl.invoke0(Native Method)
	at sun.reflect.NativeMethodAccessorImpl.invoke(NativeMethodAccessorImpl.java:62)
	at sun.reflect.DelegatingMethodAccessorImpl.invoke(DelegatingMethodAccessorImpl.java:43)
	at java.lang.reflect.Method.invoke(Method.java:498)
	at org.junit.runners.model.FrameworkMethod$1.runReflectiveCall(FrameworkMethod.java:47)
	at org.junit.internal.runners.model.ReflectiveCallable.run(ReflectiveCallable.java:12)
	at org.junit.runners.model.FrameworkMethod.invokeExplosively(FrameworkMethod.java:44)
	at org.junit.internal.runners.statements.InvokeMethod.evaluate(InvokeMethod.java:17)
	at org.junit.internal.runners.statements.FailOnTimeout$StatementThread.run(FailOnTimeout.java:74)
--- org.jfree.data.general.DatasetUtilities_ESTest::test125131
org.evosuite.runtime.mock.java.lang.MockIllegalArgumentException: DefaultIntervalCategoryDataset.getValue(): series index out of range.
	at org.jfree.data.category.DefaultIntervalCategoryDataset.getEndValue(DefaultIntervalCategoryDataset.java:488)
	at org.jfree.data.category.DefaultIntervalCategoryDataset.getValue(DefaultIntervalCategoryDataset.java:397)
	at org.jfree.data.general.DatasetUtilities.createPieDatasetForRow(DatasetUtilities.java:233)
	at org.jfree.data.general.DatasetUtilities_ESTest.test125131(DatasetUtilities_ESTest.java:2338)
	at sun.reflect.NativeMethodAccessorImpl.invoke0(Native Method)
	at sun.reflect.NativeMethodAccessorImpl.invoke(NativeMethodAccessorImpl.java:62)
	at sun.reflect.DelegatingMethodAccessorImpl.invoke(DelegatingMethodAccessorImpl.java:43)
	at java.lang.reflect.Method.invoke(Method.java:498)
	at org.junit.runners.model.FrameworkMethod$1.runReflectiveCall(FrameworkMethod.java:47)
	at org.junit.internal.runners.model.ReflectiveCallable.run(ReflectiveCallable.java:12)
	at org.junit.runners.model.FrameworkMethod.invokeExplosively(FrameworkMethod.java:44)
	at org.junit.internal.runners.statements.InvokeMethod.evaluate(InvokeMethod.java:17)
	at org.junit.internal.runners.statements.FailOnTimeout$StatementThread.run(FailOnTimeout.java:74)
--- org.jfree.data.general.DatasetUtilities_ESTest::test142150
org.evosuite.runtime.mock.java.lang.MockIllegalArgumentException: Requires 'start' < 'end'.
	at org.jfree.data.general.DatasetUtilities.sampleFunction2DToSeries(DatasetUtilities.java:542)
	at org.jfree.data.general.DatasetUtilities.sampleFunction2D(DatasetUtilities.java:511)
	at org.jfree.data.general.DatasetUtilities_ESTest.test142150(DatasetUtilities_ESTest.java:2663)
	at sun.reflect.NativeMethodAccessorImpl.invoke0(Native Method)
	at sun.reflect.NativeMethodAccessorImpl.invoke(NativeMethodAccessorImpl.java:62)
	at sun.reflect.DelegatingMethodAccessorImpl.invoke(DelegatingMethodAccessorImpl.java:43)
	at java.lang.reflect.Method.invoke(Method.java:498)
	at org.junit.runners.model.FrameworkMethod$1.runReflectiveCall(FrameworkMethod.java:47)
	at org.junit.internal.runners.model.ReflectiveCallable.run(ReflectiveCallable.java:12)
	at org.junit.runners.model.FrameworkMethod.invokeExplosively(FrameworkMethod.java:44)
	at org.junit.internal.runners.statements.InvokeMethod.evaluate(InvokeMethod.java:17)
	at org.junit.internal.runners.statements.FailOnTimeout$StatementThread.run(FailOnTimeout.java:74)
--- org.jfree.data.general.DatasetUtilities_ESTest::test01818
org.evosuite.runtime.mock.java.lang.MockIllegalArgumentException: Null 'dataset' argument.
	at org.jfree.data.general.DatasetUtilities.iterateToFindDomainBounds(DatasetUtilities.java:1324)
	at org.jfree.data.general.DatasetUtilities_ESTest.test01818(DatasetUtilities_ESTest.java:479)
	at sun.reflect.NativeMethodAccessorImpl.invoke0(Native Method)
	at sun.reflect.NativeMethodAccessorImpl.invoke(NativeMethodAccessorImpl.java:62)
	at sun.reflect.DelegatingMethodAccessorImpl.invoke(DelegatingMethodAccessorImpl.java:43)
	at java.lang.reflect.Method.invoke(Method.java:498)
	at org.junit.runners.model.FrameworkMethod$1.runReflectiveCall(FrameworkMethod.java:47)
	at org.junit.internal.runners.model.ReflectiveCallable.run(ReflectiveCallable.java:12)
	at org.junit.runners.model.FrameworkMethod.invokeExplosively(FrameworkMethod.java:44)
	at org.junit.internal.runners.statements.InvokeMethod.evaluate(InvokeMethod.java:17)
	at org.junit.internal.runners.statements.FailOnTimeout$StatementThread.run(FailOnTimeout.java:74)
--- org.jfree.data.general.DatasetUtilities_ESTest::test05859
java.lang.ArrayIndexOutOfBoundsException: 0
	at org.jfree.data.category.DefaultIntervalCategoryDataset.getEndValue(DefaultIntervalCategoryDataset.java:499)
	at org.jfree.data.category.DefaultIntervalCategoryDataset.getValue(DefaultIntervalCategoryDataset.java:397)
	at org.jfree.data.general.DatasetUtilities.iterateRangeBounds(DatasetUtilities.java:991)
	at org.jfree.data.general.DatasetUtilities.findRangeBounds(DatasetUtilities.java:825)
	at org.jfree.data.general.DatasetUtilities.findRangeBounds(DatasetUtilities.java:802)
	at org.jfree.data.general.DatasetUtilities_ESTest.test05859(DatasetUtilities_ESTest.java:1266)
	at sun.reflect.NativeMethodAccessorImpl.invoke0(Native Method)
	at sun.reflect.NativeMethodAccessorImpl.invoke(NativeMethodAccessorImpl.java:62)
	at sun.reflect.DelegatingMethodAccessorImpl.invoke(DelegatingMethodAccessorImpl.java:43)
	at java.lang.reflect.Method.invoke(Method.java:498)
	at org.junit.runners.model.FrameworkMethod$1.runReflectiveCall(FrameworkMethod.java:47)
	at org.junit.internal.runners.model.ReflectiveCallable.run(ReflectiveCallable.java:12)
	at org.junit.runners.model.FrameworkMethod.invokeExplosively(FrameworkMethod.java:44)
	at org.junit.internal.runners.statements.InvokeMethod.evaluate(InvokeMethod.java:17)
	at org.junit.internal.runners.statements.FailOnTimeout$StatementThread.run(FailOnTimeout.java:74)
--- org.jfree.data.general.DatasetUtilities_ESTest::test175192
org.evosuite.runtime.mock.java.lang.MockIllegalArgumentException: DefaultIntervalCategoryDataset.getValue(): series index out of range.
	at org.jfree.data.category.DefaultIntervalCategoryDataset.getEndValue(DefaultIntervalCategoryDataset.java:488)
	at org.jfree.data.category.DefaultIntervalCategoryDataset.getValue(DefaultIntervalCategoryDataset.java:397)
	at org.jfree.data.general.DatasetUtilities.createPieDatasetForRow(DatasetUtilities.java:233)
	at org.jfree.data.general.DatasetUtilities_ESTest.test175192(DatasetUtilities_ESTest.java:3300)
	at sun.reflect.NativeMethodAccessorImpl.invoke0(Native Method)
	at sun.reflect.NativeMethodAccessorImpl.invoke(NativeMethodAccessorImpl.java:62)
	at sun.reflect.DelegatingMethodAccessorImpl.invoke(DelegatingMethodAccessorImpl.java:43)
	at java.lang.reflect.Method.invoke(Method.java:498)
	at org.junit.runners.model.FrameworkMethod$1.runReflectiveCall(FrameworkMethod.java:47)
	at org.junit.internal.runners.model.ReflectiveCallable.run(ReflectiveCallable.java:12)
	at org.junit.runners.model.FrameworkMethod.invokeExplosively(FrameworkMethod.java:44)
	at org.junit.internal.runners.statements.InvokeMethod.evaluate(InvokeMethod.java:17)
	at org.junit.internal.runners.statements.FailOnTimeout$StatementThread.run(FailOnTimeout.java:74)
--- org.jfree.data.general.DatasetUtilities_ESTest::test03435
org.evosuite.runtime.mock.java.lang.MockIllegalArgumentException: Series index out of bounds
	at org.jfree.data.xy.DefaultXYZDataset.getItemCount(DefaultXYZDataset.java:150)
	at org.jfree.data.general.DatasetUtilities.iterateToFindDomainBounds(DatasetUtilities.java:1360)
	at org.jfree.data.general.DatasetUtilities.findDomainBounds(DatasetUtilities.java:709)
	at org.jfree.data.general.DatasetUtilities_ESTest.test03435(DatasetUtilities_ESTest.java:794)
	at sun.reflect.NativeMethodAccessorImpl.invoke0(Native Method)
	at sun.reflect.NativeMethodAccessorImpl.invoke(NativeMethodAccessorImpl.java:62)
	at sun.reflect.DelegatingMethodAccessorImpl.invoke(DelegatingMethodAccessorImpl.java:43)
	at java.lang.reflect.Method.invoke(Method.java:498)
	at org.junit.runners.model.FrameworkMethod$1.runReflectiveCall(FrameworkMethod.java:47)
	at org.junit.internal.runners.model.ReflectiveCallable.run(ReflectiveCallable.java:12)
	at org.junit.runners.model.FrameworkMethod.invokeExplosively(FrameworkMethod.java:44)
	at org.junit.internal.runners.statements.InvokeMethod.evaluate(InvokeMethod.java:17)
	at org.junit.internal.runners.statements.FailOnTimeout$StatementThread.run(FailOnTimeout.java:74)
--- org.jfree.data.general.DatasetUtilities_ESTest::test04647
org.evosuite.runtime.mock.java.lang.MockIllegalArgumentException: The 'year' argument must be in range 1900 to 9999.
	at org.jfree.data.time.SpreadsheetDate.<init>(SpreadsheetDate.java:113)
	at org.jfree.data.time.SerialDate.createInstance(SerialDate.java:792)
	at org.jfree.data.time.Day.<init>(Day.java:124)
	at org.jfree.data.time.Hour.<init>(Hour.java:129)
	at org.jfree.data.general.DatasetUtilities_ESTest.test04647(DatasetUtilities_ESTest.java:1059)
	at sun.reflect.NativeMethodAccessorImpl.invoke0(Native Method)
	at sun.reflect.NativeMethodAccessorImpl.invoke(NativeMethodAccessorImpl.java:62)
	at sun.reflect.DelegatingMethodAccessorImpl.invoke(DelegatingMethodAccessorImpl.java:43)
	at java.lang.reflect.Method.invoke(Method.java:498)
	at org.junit.runners.model.FrameworkMethod$1.runReflectiveCall(FrameworkMethod.java:47)
	at org.junit.internal.runners.model.ReflectiveCallable.run(ReflectiveCallable.java:12)
	at org.junit.runners.model.FrameworkMethod.invokeExplosively(FrameworkMethod.java:44)
	at org.junit.internal.runners.statements.InvokeMethod.evaluate(InvokeMethod.java:17)
	at org.junit.internal.runners.statements.FailOnTimeout$StatementThread.run(FailOnTimeout.java:74)
--- org.jfree.data.general.DatasetUtilities_ESTest::test120126
java.lang.NullPointerException
	at org.jfree.data.general.DatasetUtilities.createCategoryDataset(DatasetUtilities.java:399)
	at org.jfree.data.general.DatasetUtilities_ESTest.test120126(DatasetUtilities_ESTest.java:2276)
	at sun.reflect.NativeMethodAccessorImpl.invoke0(Native Method)
	at sun.reflect.NativeMethodAccessorImpl.invoke(NativeMethodAccessorImpl.java:62)
	at sun.reflect.DelegatingMethodAccessorImpl.invoke(DelegatingMethodAccessorImpl.java:43)
	at java.lang.reflect.Method.invoke(Method.java:498)
	at org.junit.runners.model.FrameworkMethod$1.runReflectiveCall(FrameworkMethod.java:47)
	at org.junit.internal.runners.model.ReflectiveCallable.run(ReflectiveCallable.java:12)
	at org.junit.runners.model.FrameworkMethod.invokeExplosively(FrameworkMethod.java:44)
	at org.junit.internal.runners.statements.InvokeMethod.evaluate(InvokeMethod.java:17)
	at org.junit.internal.runners.statements.FailOnTimeout$StatementThread.run(FailOnTimeout.java:74)
--- org.jfree.data.general.DatasetUtilities_ESTest::test08690
java.lang.ArrayIndexOutOfBoundsException
--- org.jfree.data.general.DatasetUtilities_ESTest::test114120
org.evosuite.runtime.mock.java.lang.MockIllegalArgumentException: Null 'dataset' argument.
	at org.jfree.data.general.DatasetUtilities.findStackedRangeBounds(DatasetUtilities.java:1880)
	at org.jfree.data.general.DatasetUtilities_ESTest.test114120(DatasetUtilities_ESTest.java:2151)
	at sun.reflect.NativeMethodAccessorImpl.invoke0(Native Method)
	at sun.reflect.NativeMethodAccessorImpl.invoke(NativeMethodAccessorImpl.java:62)
	at sun.reflect.DelegatingMethodAccessorImpl.invoke(DelegatingMethodAccessorImpl.java:43)
	at java.lang.reflect.Method.invoke(Method.java:498)
	at org.junit.runners.model.FrameworkMethod$1.runReflectiveCall(FrameworkMethod.java:47)
	at org.junit.internal.runners.model.ReflectiveCallable.run(ReflectiveCallable.java:12)
	at org.junit.runners.model.FrameworkMethod.invokeExplosively(FrameworkMethod.java:44)
	at org.junit.internal.runners.statements.InvokeMethod.evaluate(InvokeMethod.java:17)
	at org.junit.internal.runners.statements.FailOnTimeout$StatementThread.run(FailOnTimeout.java:74)
--- org.jfree.data.general.DatasetUtilities_ESTest::test0044
java.lang.NullPointerException
	at org.jfree.data.time.DynamicTimeSeriesCollection.getX(DynamicTimeSeriesCollection.java:739)
	at org.jfree.data.xy.AbstractXYDataset.getXValue(AbstractXYDataset.java:77)
	at org.jfree.data.general.DatasetUtilities.iterateToFindDomainBounds(DatasetUtilities.java:1362)
	at org.jfree.data.general.DatasetUtilities.findDomainBounds(DatasetUtilities.java:709)
	at org.jfree.data.general.DatasetUtilities_ESTest.test0044(DatasetUtilities_ESTest.java:222)
	at sun.reflect.NativeMethodAccessorImpl.invoke0(Native Method)
	at sun.reflect.NativeMethodAccessorImpl.invoke(NativeMethodAccessorImpl.java:62)
	at sun.reflect.DelegatingMethodAccessorImpl.invoke(DelegatingMethodAccessorImpl.java:43)
	at java.lang.reflect.Method.invoke(Method.java:498)
	at org.junit.runners.model.FrameworkMethod$1.runReflectiveCall(FrameworkMethod.java:47)
	at org.junit.internal.runners.model.ReflectiveCallable.run(ReflectiveCallable.java:12)
	at org.junit.runners.model.FrameworkMethod.invokeExplosively(FrameworkMethod.java:44)
	at org.junit.internal.runners.statements.InvokeMethod.evaluate(InvokeMethod.java:17)
	at org.junit.internal.runners.statements.FailOnTimeout$StatementThread.run(FailOnTimeout.java:74)
--- org.jfree.data.general.DatasetUtilities_ESTest::test169184
org.evosuite.runtime.mock.java.lang.MockNullPointerException: A connection must be supplied.
	at org.jfree.data.jdbc.JDBCCategoryDataset.<init>(JDBCCategoryDataset.java:139)
	at org.jfree.data.jdbc.JDBCCategoryDataset.<init>(JDBCCategoryDataset.java:155)
	at org.jfree.data.general.DatasetUtilities_ESTest.test169184(DatasetUtilities_ESTest.java:3106)
	at sun.reflect.NativeMethodAccessorImpl.invoke0(Native Method)
	at sun.reflect.NativeMethodAccessorImpl.invoke(NativeMethodAccessorImpl.java:62)
	at sun.reflect.DelegatingMethodAccessorImpl.invoke(DelegatingMethodAccessorImpl.java:43)
	at java.lang.reflect.Method.invoke(Method.java:498)
	at org.junit.runners.model.FrameworkMethod$1.runReflectiveCall(FrameworkMethod.java:47)
	at org.junit.internal.runners.model.ReflectiveCallable.run(ReflectiveCallable.java:12)
	at org.junit.runners.model.FrameworkMethod.invokeExplosively(FrameworkMethod.java:44)
	at org.junit.internal.runners.statements.InvokeMethod.evaluate(InvokeMethod.java:17)
	at org.junit.internal.runners.statements.FailOnTimeout$StatementThread.run(FailOnTimeout.java:74)
--- org.jfree.data.general.DatasetUtilities_ESTest::test164178
org.evosuite.runtime.mock.java.lang.MockIllegalArgumentException: Null 'time' argument.
	at org.jfree.data.time.Day.<init>(Day.java:163)
	at org.jfree.data.general.DatasetUtilities_ESTest.test164178(DatasetUtilities_ESTest.java:3027)
	at sun.reflect.NativeMethodAccessorImpl.invoke0(Native Method)
	at sun.reflect.NativeMethodAccessorImpl.invoke(NativeMethodAccessorImpl.java:62)
	at sun.reflect.DelegatingMethodAccessorImpl.invoke(DelegatingMethodAccessorImpl.java:43)
	at java.lang.reflect.Method.invoke(Method.java:498)
	at org.junit.runners.model.FrameworkMethod$1.runReflectiveCall(FrameworkMethod.java:47)
	at org.junit.internal.runners.model.ReflectiveCallable.run(ReflectiveCallable.java:12)
	at org.junit.runners.model.FrameworkMethod.invokeExplosively(FrameworkMethod.java:44)
	at org.junit.internal.runners.statements.InvokeMethod.evaluate(InvokeMethod.java:17)
	at org.junit.internal.runners.statements.FailOnTimeout$StatementThread.run(FailOnTimeout.java:74)
--- org.jfree.data.general.DatasetUtilities_ESTest::test02222
org.evosuite.runtime.mock.java.lang.MockIllegalArgumentException: Null 'visibleSeriesKeys' argument.
	at org.jfree.data.general.DatasetUtilities.iterateToFindDomainBounds(DatasetUtilities.java:1327)
	at org.jfree.data.general.DatasetUtilities_ESTest.test02222(DatasetUtilities_ESTest.java:531)
	at sun.reflect.NativeMethodAccessorImpl.invoke0(Native Method)
	at sun.reflect.NativeMethodAccessorImpl.invoke(NativeMethodAccessorImpl.java:62)
	at sun.reflect.DelegatingMethodAccessorImpl.invoke(DelegatingMethodAccessorImpl.java:43)
	at java.lang.reflect.Method.invoke(Method.java:498)
	at org.junit.runners.model.FrameworkMethod$1.runReflectiveCall(FrameworkMethod.java:47)
	at org.junit.internal.runners.model.ReflectiveCallable.run(ReflectiveCallable.java:12)
	at org.junit.runners.model.FrameworkMethod.invokeExplosively(FrameworkMethod.java:44)
	at org.junit.internal.runners.statements.InvokeMethod.evaluate(InvokeMethod.java:17)
	at org.junit.internal.runners.statements.FailOnTimeout$StatementThread.run(FailOnTimeout.java:74)
--- org.jfree.data.general.DatasetUtilities_ESTest::test01010
java.lang.ArrayIndexOutOfBoundsException
--- org.jfree.data.general.DatasetUtilities_ESTest::test07477
java.lang.IndexOutOfBoundsException: Index: 0, Size: 0
	at java.util.ArrayList.rangeCheck(ArrayList.java:659)
	at java.util.ArrayList.get(ArrayList.java:435)
	at org.jfree.data.DefaultKeyedValues2D.getValue(DefaultKeyedValues2D.java:145)
	at org.jfree.data.xy.CategoryTableXYDataset.getY(CategoryTableXYDataset.java:235)
	at org.jfree.data.xy.CategoryTableXYDataset.getEndY(CategoryTableXYDataset.java:259)
	at org.jfree.data.general.DatasetUtilities_ESTest.test07477(DatasetUtilities_ESTest.java:1522)
	at sun.reflect.NativeMethodAccessorImpl.invoke0(Native Method)
	at sun.reflect.NativeMethodAccessorImpl.invoke(NativeMethodAccessorImpl.java:62)
	at sun.reflect.DelegatingMethodAccessorImpl.invoke(DelegatingMethodAccessorImpl.java:43)
	at java.lang.reflect.Method.invoke(Method.java:498)
	at org.junit.runners.model.FrameworkMethod$1.runReflectiveCall(FrameworkMethod.java:47)
	at org.junit.internal.runners.model.ReflectiveCallable.run(ReflectiveCallable.java:12)
	at org.junit.runners.model.FrameworkMethod.invokeExplosively(FrameworkMethod.java:44)
	at org.junit.internal.runners.statements.InvokeMethod.evaluate(InvokeMethod.java:17)
	at org.junit.internal.runners.statements.FailOnTimeout$StatementThread.run(FailOnTimeout.java:74)
--- org.jfree.data.general.DatasetUtilities_ESTest::test05051
org.evosuite.runtime.mock.java.lang.MockIllegalArgumentException: Null 'seriesKey' argument.
	at org.jfree.data.general.DatasetUtilities.sampleFunction2DToSeries(DatasetUtilities.java:539)
	at org.jfree.data.general.DatasetUtilities.sampleFunction2D(DatasetUtilities.java:511)
	at org.jfree.data.general.DatasetUtilities_ESTest.test05051(DatasetUtilities_ESTest.java:1115)
	at sun.reflect.NativeMethodAccessorImpl.invoke0(Native Method)
	at sun.reflect.NativeMethodAccessorImpl.invoke(NativeMethodAccessorImpl.java:62)
	at sun.reflect.DelegatingMethodAccessorImpl.invoke(DelegatingMethodAccessorImpl.java:43)
	at java.lang.reflect.Method.invoke(Method.java:498)
	at org.junit.runners.model.FrameworkMethod$1.runReflectiveCall(FrameworkMethod.java:47)
	at org.junit.internal.runners.model.ReflectiveCallable.run(ReflectiveCallable.java:12)
	at org.junit.runners.model.FrameworkMethod.invokeExplosively(FrameworkMethod.java:44)
	at org.junit.internal.runners.statements.InvokeMethod.evaluate(InvokeMethod.java:17)
	at org.junit.internal.runners.statements.FailOnTimeout$StatementThread.run(FailOnTimeout.java:74)
--- org.jfree.data.general.DatasetUtilities_ESTest::test09094
java.lang.NullPointerException
	at org.jfree.data.time.TimeSeriesCollection.getDomainBounds(TimeSeriesCollection.java:688)
	at org.jfree.data.general.DatasetUtilities.findDomainBounds(DatasetUtilities.java:706)
	at org.jfree.data.general.DatasetUtilities_ESTest.test09094(DatasetUtilities_ESTest.java:1758)
	at sun.reflect.NativeMethodAccessorImpl.invoke0(Native Method)
	at sun.reflect.NativeMethodAccessorImpl.invoke(NativeMethodAccessorImpl.java:62)
	at sun.reflect.DelegatingMethodAccessorImpl.invoke(DelegatingMethodAccessorImpl.java:43)
	at java.lang.reflect.Method.invoke(Method.java:498)
	at org.junit.runners.model.FrameworkMethod$1.runReflectiveCall(FrameworkMethod.java:47)
	at org.junit.internal.runners.model.ReflectiveCallable.run(ReflectiveCallable.java:12)
	at org.junit.runners.model.FrameworkMethod.invokeExplosively(FrameworkMethod.java:44)
	at org.junit.internal.runners.statements.InvokeMethod.evaluate(InvokeMethod.java:17)
	at org.junit.internal.runners.statements.FailOnTimeout$StatementThread.run(FailOnTimeout.java:74)
--- org.jfree.data.general.DatasetUtilities_ESTest::test119125
org.evosuite.runtime.mock.java.lang.MockIllegalArgumentException: Duplicate items in 'columnKeys'.
	at org.jfree.data.general.DatasetUtilities.createCategoryDataset(DatasetUtilities.java:437)
	at org.jfree.data.general.DatasetUtilities_ESTest.test119125(DatasetUtilities_ESTest.java:2271)
	at sun.reflect.NativeMethodAccessorImpl.invoke0(Native Method)
	at sun.reflect.NativeMethodAccessorImpl.invoke(NativeMethodAccessorImpl.java:62)
	at sun.reflect.DelegatingMethodAccessorImpl.invoke(DelegatingMethodAccessorImpl.java:43)
	at java.lang.reflect.Method.invoke(Method.java:498)
	at org.junit.runners.model.FrameworkMethod$1.runReflectiveCall(FrameworkMethod.java:47)
	at org.junit.internal.runners.model.ReflectiveCallable.run(ReflectiveCallable.java:12)
	at org.junit.runners.model.FrameworkMethod.invokeExplosively(FrameworkMethod.java:44)
	at org.junit.internal.runners.statements.InvokeMethod.evaluate(InvokeMethod.java:17)
	at org.junit.internal.runners.statements.FailOnTimeout$StatementThread.run(FailOnTimeout.java:74)
--- org.jfree.data.general.DatasetUtilities_ESTest::test01717
java.lang.IndexOutOfBoundsException: Index: 17, Size: 4
	at java.util.ArrayList.rangeCheck(ArrayList.java:659)
	at java.util.ArrayList.get(ArrayList.java:435)
	at org.jfree.data.KeyedObjects2D.getObject(KeyedObjects2D.java:113)
	at org.jfree.data.category.DefaultCategoryDataset.getValue(DefaultCategoryDataset.java:120)
	at org.jfree.data.general.DatasetUtilities.createPieDatasetForRow(DatasetUtilities.java:233)
	at org.jfree.data.general.DatasetUtilities_ESTest.test01717(DatasetUtilities_ESTest.java:465)
	at sun.reflect.NativeMethodAccessorImpl.invoke0(Native Method)
	at sun.reflect.NativeMethodAccessorImpl.invoke(NativeMethodAccessorImpl.java:62)
	at sun.reflect.DelegatingMethodAccessorImpl.invoke(DelegatingMethodAccessorImpl.java:43)
	at java.lang.reflect.Method.invoke(Method.java:498)
	at org.junit.runners.model.FrameworkMethod$1.runReflectiveCall(FrameworkMethod.java:47)
	at org.junit.internal.runners.model.ReflectiveCallable.run(ReflectiveCallable.java:12)
	at org.junit.runners.model.FrameworkMethod.invokeExplosively(FrameworkMethod.java:44)
	at org.junit.internal.runners.statements.InvokeMethod.evaluate(InvokeMethod.java:17)
	at org.junit.internal.runners.statements.FailOnTimeout$StatementThread.run(FailOnTimeout.java:74)
--- org.jfree.data.general.DatasetUtilities_ESTest::test02929
org.evosuite.runtime.mock.java.lang.MockIllegalArgumentException: Null 'visibleSeriesKeys' argument.
	at org.jfree.data.general.DatasetUtilities.iterateToFindRangeBounds(DatasetUtilities.java:1403)
	at org.jfree.data.general.DatasetUtilities.findRangeBounds(DatasetUtilities.java:928)
	at org.jfree.data.general.DatasetUtilities_ESTest.test02929(DatasetUtilities_ESTest.java:689)
	at sun.reflect.NativeMethodAccessorImpl.invoke0(Native Method)
	at sun.reflect.NativeMethodAccessorImpl.invoke(NativeMethodAccessorImpl.java:62)
	at sun.reflect.DelegatingMethodAccessorImpl.invoke(DelegatingMethodAccessorImpl.java:43)
	at java.lang.reflect.Method.invoke(Method.java:498)
	at org.junit.runners.model.FrameworkMethod$1.runReflectiveCall(FrameworkMethod.java:47)
	at org.junit.internal.runners.model.ReflectiveCallable.run(ReflectiveCallable.java:12)
	at org.junit.runners.model.FrameworkMethod.invokeExplosively(FrameworkMethod.java:44)
	at org.junit.internal.runners.statements.InvokeMethod.evaluate(InvokeMethod.java:17)
	at org.junit.internal.runners.statements.FailOnTimeout$StatementThread.run(FailOnTimeout.java:74)
--- org.jfree.data.general.DatasetUtilities_ESTest::test173190
org.evosuite.runtime.mock.java.lang.MockIllegalArgumentException: Null 'rowKeys' argument.
	at org.jfree.data.general.DatasetUtilities.createCategoryDataset(DatasetUtilities.java:428)
	at org.jfree.data.general.DatasetUtilities_ESTest.test173190(DatasetUtilities_ESTest.java:3244)
	at sun.reflect.NativeMethodAccessorImpl.invoke0(Native Method)
	at sun.reflect.NativeMethodAccessorImpl.invoke(NativeMethodAccessorImpl.java:62)
	at sun.reflect.DelegatingMethodAccessorImpl.invoke(DelegatingMethodAccessorImpl.java:43)
	at java.lang.reflect.Method.invoke(Method.java:498)
	at org.junit.runners.model.FrameworkMethod$1.runReflectiveCall(FrameworkMethod.java:47)
	at org.junit.internal.runners.model.ReflectiveCallable.run(ReflectiveCallable.java:12)
	at org.junit.runners.model.FrameworkMethod.invokeExplosively(FrameworkMethod.java:44)
	at org.junit.internal.runners.statements.InvokeMethod.evaluate(InvokeMethod.java:17)
	at org.junit.internal.runners.statements.FailOnTimeout$StatementThread.run(FailOnTimeout.java:74)
--- org.jfree.data.general.DatasetUtilities_ESTest::test04546
org.evosuite.runtime.mock.java.lang.MockIllegalArgumentException: DefaultIntervalCategoryDataset.getValue(): category index out of range.
	at org.jfree.data.category.DefaultIntervalCategoryDataset.getEndValue(DefaultIntervalCategoryDataset.java:494)
	at org.jfree.data.category.DefaultIntervalCategoryDataset.getValue(DefaultIntervalCategoryDataset.java:397)
	at org.jfree.data.general.DatasetUtilities.createPieDatasetForColumn(DatasetUtilities.java:268)
	at org.jfree.data.general.DatasetUtilities.createPieDatasetForColumn(DatasetUtilities.java:250)
	at org.jfree.data.general.DatasetUtilities_ESTest.test04546(DatasetUtilities_ESTest.java:1040)
	at sun.reflect.NativeMethodAccessorImpl.invoke0(Native Method)
	at sun.reflect.NativeMethodAccessorImpl.invoke(NativeMethodAccessorImpl.java:62)
	at sun.reflect.DelegatingMethodAccessorImpl.invoke(DelegatingMethodAccessorImpl.java:43)
	at java.lang.reflect.Method.invoke(Method.java:498)
	at org.junit.runners.model.FrameworkMethod$1.runReflectiveCall(FrameworkMethod.java:47)
	at org.junit.internal.runners.model.ReflectiveCallable.run(ReflectiveCallable.java:12)
	at org.junit.runners.model.FrameworkMethod.invokeExplosively(FrameworkMethod.java:44)
	at org.junit.internal.runners.statements.InvokeMethod.evaluate(InvokeMethod.java:17)
	at org.junit.internal.runners.statements.FailOnTimeout$StatementThread.run(FailOnTimeout.java:74)
--- org.jfree.data.general.DatasetUtilities_ESTest::test06971
org.evosuite.runtime.mock.java.lang.MockIllegalArgumentException: Null 'dataset' argument.
	at org.jfree.data.general.DatasetUtilities.iterateDomainBounds(DatasetUtilities.java:743)
	at org.jfree.data.general.DatasetUtilities.iterateDomainBounds(DatasetUtilities.java:726)
	at org.jfree.data.general.DatasetUtilities_ESTest.test06971(DatasetUtilities_ESTest.java:1417)
	at sun.reflect.NativeMethodAccessorImpl.invoke0(Native Method)
	at sun.reflect.NativeMethodAccessorImpl.invoke(NativeMethodAccessorImpl.java:62)
	at sun.reflect.DelegatingMethodAccessorImpl.invoke(DelegatingMethodAccessorImpl.java:43)
	at java.lang.reflect.Method.invoke(Method.java:498)
	at org.junit.runners.model.FrameworkMethod$1.runReflectiveCall(FrameworkMethod.java:47)
	at org.junit.internal.runners.model.ReflectiveCallable.run(ReflectiveCallable.java:12)
	at org.junit.runners.model.FrameworkMethod.invokeExplosively(FrameworkMethod.java:44)
	at org.junit.internal.runners.statements.InvokeMethod.evaluate(InvokeMethod.java:17)
	at org.junit.internal.runners.statements.FailOnTimeout$StatementThread.run(FailOnTimeout.java:74)
--- org.jfree.data.general.DatasetUtilities_ESTest::test124130
org.evosuite.runtime.mock.java.lang.MockIllegalArgumentException: Requires 'start' < 'end'.
	at org.jfree.data.general.DatasetUtilities.sampleFunction2DToSeries(DatasetUtilities.java:542)
	at org.jfree.data.general.DatasetUtilities.sampleFunction2D(DatasetUtilities.java:511)
	at org.jfree.data.general.DatasetUtilities_ESTest.test124130(DatasetUtilities_ESTest.java:2311)
	at sun.reflect.NativeMethodAccessorImpl.invoke0(Native Method)
	at sun.reflect.NativeMethodAccessorImpl.invoke(NativeMethodAccessorImpl.java:62)
	at sun.reflect.DelegatingMethodAccessorImpl.invoke(DelegatingMethodAccessorImpl.java:43)
	at java.lang.reflect.Method.invoke(Method.java:498)
	at org.junit.runners.model.FrameworkMethod$1.runReflectiveCall(FrameworkMethod.java:47)
	at org.junit.internal.runners.model.ReflectiveCallable.run(ReflectiveCallable.java:12)
	at org.junit.runners.model.FrameworkMethod.invokeExplosively(FrameworkMethod.java:44)
	at org.junit.internal.runners.statements.InvokeMethod.evaluate(InvokeMethod.java:17)
	at org.junit.internal.runners.statements.FailOnTimeout$StatementThread.run(FailOnTimeout.java:74)
--- org.jfree.data.general.DatasetUtilities_ESTest::test162175
org.evosuite.runtime.mock.java.lang.MockIllegalArgumentException: The number of row keys does not match the number of rows in the data array.
	at org.jfree.data.general.DatasetUtilities.createCategoryDataset(DatasetUtilities.java:441)
	at org.jfree.data.general.DatasetUtilities_ESTest.test162175(DatasetUtilities_ESTest.java:2998)
	at sun.reflect.NativeMethodAccessorImpl.invoke0(Native Method)
	at sun.reflect.NativeMethodAccessorImpl.invoke(NativeMethodAccessorImpl.java:62)
	at sun.reflect.DelegatingMethodAccessorImpl.invoke(DelegatingMethodAccessorImpl.java:43)
	at java.lang.reflect.Method.invoke(Method.java:498)
	at org.junit.runners.model.FrameworkMethod$1.runReflectiveCall(FrameworkMethod.java:47)
	at org.junit.internal.runners.model.ReflectiveCallable.run(ReflectiveCallable.java:12)
	at org.junit.runners.model.FrameworkMethod.invokeExplosively(FrameworkMethod.java:44)
	at org.junit.internal.runners.statements.InvokeMethod.evaluate(InvokeMethod.java:17)
	at org.junit.internal.runners.statements.FailOnTimeout$StatementThread.run(FailOnTimeout.java:74)
--- org.jfree.data.general.DatasetUtilities_ESTest::test167182
java.lang.NullPointerException
	at org.jfree.data.category.DefaultIntervalCategoryDataset.getRowCount(DefaultIntervalCategoryDataset.java:709)
	at org.jfree.data.general.DatasetUtilities.findMaximumRangeValue(DatasetUtilities.java:1767)
	at org.jfree.data.general.DatasetUtilities_ESTest.test167182(DatasetUtilities_ESTest.java:3088)
	at sun.reflect.NativeMethodAccessorImpl.invoke0(Native Method)
	at sun.reflect.NativeMethodAccessorImpl.invoke(NativeMethodAccessorImpl.java:62)
	at sun.reflect.DelegatingMethodAccessorImpl.invoke(DelegatingMethodAccessorImpl.java:43)
	at java.lang.reflect.Method.invoke(Method.java:498)
	at org.junit.runners.model.FrameworkMethod$1.runReflectiveCall(FrameworkMethod.java:47)
	at org.junit.internal.runners.model.ReflectiveCallable.run(ReflectiveCallable.java:12)
	at org.junit.runners.model.FrameworkMethod.invokeExplosively(FrameworkMethod.java:44)
	at org.junit.internal.runners.statements.InvokeMethod.evaluate(InvokeMethod.java:17)
	at org.junit.internal.runners.statements.FailOnTimeout$StatementThread.run(FailOnTimeout.java:74)
--- org.jfree.data.general.DatasetUtilities_ESTest::test178195
org.jfree.data.UnknownKeyException: Row key (1960.74534886) not recognised.
	at org.jfree.data.KeyedObjects2D.getObject(KeyedObjects2D.java:230)
	at org.jfree.data.statistics.DefaultStatisticalCategoryDataset.getMeanValue(DefaultStatisticalCategoryDataset.java:198)
	at org.jfree.data.general.DatasetUtilities_ESTest.test178195(DatasetUtilities_ESTest.java:3451)
	at sun.reflect.NativeMethodAccessorImpl.invoke0(Native Method)
	at sun.reflect.NativeMethodAccessorImpl.invoke(NativeMethodAccessorImpl.java:62)
	at sun.reflect.DelegatingMethodAccessorImpl.invoke(DelegatingMethodAccessorImpl.java:43)
	at java.lang.reflect.Method.invoke(Method.java:498)
	at org.junit.runners.model.FrameworkMethod$1.runReflectiveCall(FrameworkMethod.java:47)
	at org.junit.internal.runners.model.ReflectiveCallable.run(ReflectiveCallable.java:12)
	at org.junit.runners.model.FrameworkMethod.invokeExplosively(FrameworkMethod.java:44)
	at org.junit.internal.runners.statements.InvokeMethod.evaluate(InvokeMethod.java:17)
	at org.junit.internal.runners.statements.FailOnTimeout$StatementThread.run(FailOnTimeout.java:74)
--- org.jfree.data.general.DatasetUtilities_ESTest::test03334
java.lang.ArrayIndexOutOfBoundsException: 8
	at org.jfree.data.category.DefaultIntervalCategoryDataset.getEndValue(DefaultIntervalCategoryDataset.java:499)
	at org.jfree.data.category.DefaultIntervalCategoryDataset.getValue(DefaultIntervalCategoryDataset.java:397)
	at org.jfree.data.general.DatasetUtilities.iterateRangeBounds(DatasetUtilities.java:1017)
	at org.jfree.data.general.DatasetUtilities_ESTest.test03334(DatasetUtilities_ESTest.java:782)
	at sun.reflect.NativeMethodAccessorImpl.invoke0(Native Method)
	at sun.reflect.NativeMethodAccessorImpl.invoke(NativeMethodAccessorImpl.java:62)
	at sun.reflect.DelegatingMethodAccessorImpl.invoke(DelegatingMethodAccessorImpl.java:43)
	at java.lang.reflect.Method.invoke(Method.java:498)
	at org.junit.runners.model.FrameworkMethod$1.runReflectiveCall(FrameworkMethod.java:47)
	at org.junit.internal.runners.model.ReflectiveCallable.run(ReflectiveCallable.java:12)
	at org.junit.runners.model.FrameworkMethod.invokeExplosively(FrameworkMethod.java:44)
	at org.junit.internal.runners.statements.InvokeMethod.evaluate(InvokeMethod.java:17)
	at org.junit.internal.runners.statements.FailOnTimeout$StatementThread.run(FailOnTimeout.java:74)
--- org.jfree.data.general.DatasetUtilities_ESTest::test08589
org.evosuite.runtime.mock.java.lang.MockIllegalArgumentException: Null 'base' argument.
	at org.jfree.data.Range.shift(Range.java:309)
	at org.jfree.data.Range.shift(Range.java:292)
	at org.jfree.data.general.DatasetUtilities_ESTest.test08589(DatasetUtilities_ESTest.java:1674)
	at sun.reflect.NativeMethodAccessorImpl.invoke0(Native Method)
	at sun.reflect.NativeMethodAccessorImpl.invoke(NativeMethodAccessorImpl.java:62)
	at sun.reflect.DelegatingMethodAccessorImpl.invoke(DelegatingMethodAccessorImpl.java:43)
	at java.lang.reflect.Method.invoke(Method.java:498)
	at org.junit.runners.model.FrameworkMethod$1.runReflectiveCall(FrameworkMethod.java:47)
	at org.junit.internal.runners.model.ReflectiveCallable.run(ReflectiveCallable.java:12)
	at org.junit.runners.model.FrameworkMethod.invokeExplosively(FrameworkMethod.java:44)
	at org.junit.internal.runners.statements.InvokeMethod.evaluate(InvokeMethod.java:17)
	at org.junit.internal.runners.statements.FailOnTimeout$StatementThread.run(FailOnTimeout.java:74)
--- org.jfree.data.general.DatasetUtilities_ESTest::test07376
org.evosuite.runtime.mock.java.lang.MockIllegalArgumentException: Requires 'start' < 'end'.
	at org.jfree.data.general.DatasetUtilities.sampleFunction2DToSeries(DatasetUtilities.java:542)
	at org.jfree.data.general.DatasetUtilities.sampleFunction2D(DatasetUtilities.java:511)
	at org.jfree.data.general.DatasetUtilities_ESTest.test07376(DatasetUtilities_ESTest.java:1510)
	at sun.reflect.NativeMethodAccessorImpl.invoke0(Native Method)
	at sun.reflect.NativeMethodAccessorImpl.invoke(NativeMethodAccessorImpl.java:62)
	at sun.reflect.DelegatingMethodAccessorImpl.invoke(DelegatingMethodAccessorImpl.java:43)
	at java.lang.reflect.Method.invoke(Method.java:498)
	at org.junit.runners.model.FrameworkMethod$1.runReflectiveCall(FrameworkMethod.java:47)
	at org.junit.internal.runners.model.ReflectiveCallable.run(ReflectiveCallable.java:12)
	at org.junit.runners.model.FrameworkMethod.invokeExplosively(FrameworkMethod.java:44)
	at org.junit.internal.runners.statements.InvokeMethod.evaluate(InvokeMethod.java:17)
	at org.junit.internal.runners.statements.FailOnTimeout$StatementThread.run(FailOnTimeout.java:74)
--- org.jfree.data.general.DatasetUtilities_ESTest::test02121
org.evosuite.runtime.mock.java.lang.MockIllegalArgumentException: Null 'f' argument.
	at org.jfree.data.general.DatasetUtilities.sampleFunction2DToSeries(DatasetUtilities.java:536)
	at org.jfree.data.general.DatasetUtilities_ESTest.test02121(DatasetUtilities_ESTest.java:525)
	at sun.reflect.NativeMethodAccessorImpl.invoke0(Native Method)
	at sun.reflect.NativeMethodAccessorImpl.invoke(NativeMethodAccessorImpl.java:62)
	at sun.reflect.DelegatingMethodAccessorImpl.invoke(DelegatingMethodAccessorImpl.java:43)
	at java.lang.reflect.Method.invoke(Method.java:498)
	at org.junit.runners.model.FrameworkMethod$1.runReflectiveCall(FrameworkMethod.java:47)
	at org.junit.internal.runners.model.ReflectiveCallable.run(ReflectiveCallable.java:12)
	at org.junit.runners.model.FrameworkMethod.invokeExplosively(FrameworkMethod.java:44)
	at org.junit.internal.runners.statements.InvokeMethod.evaluate(InvokeMethod.java:17)
	at org.junit.internal.runners.statements.FailOnTimeout$StatementThread.run(FailOnTimeout.java:74)
--- org.jfree.data.general.DatasetUtilities_ESTest::test06162
org.evosuite.runtime.mock.java.lang.MockIllegalArgumentException: Null 'dataset' argument.
	at org.jfree.data.general.DatasetUtilities.findRangeBounds(DatasetUtilities.java:817)
	at org.jfree.data.general.DatasetUtilities_ESTest.test06162(DatasetUtilities_ESTest.java:1316)
	at sun.reflect.NativeMethodAccessorImpl.invoke0(Native Method)
	at sun.reflect.NativeMethodAccessorImpl.invoke(NativeMethodAccessorImpl.java:62)
	at sun.reflect.DelegatingMethodAccessorImpl.invoke(DelegatingMethodAccessorImpl.java:43)
	at java.lang.reflect.Method.invoke(Method.java:498)
	at org.junit.runners.model.FrameworkMethod$1.runReflectiveCall(FrameworkMethod.java:47)
	at org.junit.internal.runners.model.ReflectiveCallable.run(ReflectiveCallable.java:12)
	at org.junit.runners.model.FrameworkMethod.invokeExplosively(FrameworkMethod.java:44)
	at org.junit.internal.runners.statements.InvokeMethod.evaluate(InvokeMethod.java:17)
	at org.junit.internal.runners.statements.FailOnTimeout$StatementThread.run(FailOnTimeout.java:74)
--- org.jfree.data.general.DatasetUtilities_ESTest::test02828
org.jfree.data.UnknownKeyException: Row key (1960.74534886) not recognised.
	at org.jfree.data.KeyedObjects2D.getObject(KeyedObjects2D.java:230)
	at org.jfree.data.statistics.DefaultStatisticalCategoryDataset.getMeanValue(DefaultStatisticalCategoryDataset.java:198)
	at org.jfree.data.general.DatasetUtilities_ESTest.test02828(DatasetUtilities_ESTest.java:669)
	at sun.reflect.NativeMethodAccessorImpl.invoke0(Native Method)
	at sun.reflect.NativeMethodAccessorImpl.invoke(NativeMethodAccessorImpl.java:62)
	at sun.reflect.DelegatingMethodAccessorImpl.invoke(DelegatingMethodAccessorImpl.java:43)
	at java.lang.reflect.Method.invoke(Method.java:498)
	at org.junit.runners.model.FrameworkMethod$1.runReflectiveCall(FrameworkMethod.java:47)
	at org.junit.internal.runners.model.ReflectiveCallable.run(ReflectiveCallable.java:12)
	at org.junit.runners.model.FrameworkMethod.invokeExplosively(FrameworkMethod.java:44)
	at org.junit.internal.runners.statements.InvokeMethod.evaluate(InvokeMethod.java:17)
	at org.junit.internal.runners.statements.FailOnTimeout$StatementThread.run(FailOnTimeout.java:74)
--- org.jfree.data.general.DatasetUtilities_ESTest::test01616
org.evosuite.runtime.mock.java.lang.MockIllegalArgumentException: DefaultIntervalCategoryDataset.getValue(): series index out of range.
	at org.jfree.data.category.DefaultIntervalCategoryDataset.getEndValue(DefaultIntervalCategoryDataset.java:488)
	at org.jfree.data.category.DefaultIntervalCategoryDataset.getValue(DefaultIntervalCategoryDataset.java:397)
	at org.jfree.data.general.DatasetUtilities.createPieDatasetForRow(DatasetUtilities.java:233)
	at org.jfree.data.general.DatasetUtilities_ESTest.test01616(DatasetUtilities_ESTest.java:434)
	at sun.reflect.NativeMethodAccessorImpl.invoke0(Native Method)
	at sun.reflect.NativeMethodAccessorImpl.invoke(NativeMethodAccessorImpl.java:62)
	at sun.reflect.DelegatingMethodAccessorImpl.invoke(DelegatingMethodAccessorImpl.java:43)
	at java.lang.reflect.Method.invoke(Method.java:498)
	at org.junit.runners.model.FrameworkMethod$1.runReflectiveCall(FrameworkMethod.java:47)
	at org.junit.internal.runners.model.ReflectiveCallable.run(ReflectiveCallable.java:12)
	at org.junit.runners.model.FrameworkMethod.invokeExplosively(FrameworkMethod.java:44)
	at org.junit.internal.runners.statements.InvokeMethod.evaluate(InvokeMethod.java:17)
	at org.junit.internal.runners.statements.FailOnTimeout$StatementThread.run(FailOnTimeout.java:74)
--- org.jfree.data.general.DatasetUtilities_ESTest::test130136
org.evosuite.runtime.mock.java.lang.MockIllegalArgumentException: Null 'dataset' argument.
	at org.jfree.data.general.DatasetUtilities.findMinimumRangeValue(DatasetUtilities.java:1693)
	at org.jfree.data.general.DatasetUtilities_ESTest.test130136(DatasetUtilities_ESTest.java:2410)
	at sun.reflect.NativeMethodAccessorImpl.invoke0(Native Method)
	at sun.reflect.NativeMethodAccessorImpl.invoke(NativeMethodAccessorImpl.java:62)
	at sun.reflect.DelegatingMethodAccessorImpl.invoke(DelegatingMethodAccessorImpl.java:43)
	at java.lang.reflect.Method.invoke(Method.java:498)
	at org.junit.runners.model.FrameworkMethod$1.runReflectiveCall(FrameworkMethod.java:47)
	at org.junit.internal.runners.model.ReflectiveCallable.run(ReflectiveCallable.java:12)
	at org.junit.runners.model.FrameworkMethod.invokeExplosively(FrameworkMethod.java:44)
	at org.junit.internal.runners.statements.InvokeMethod.evaluate(InvokeMethod.java:17)
	at org.junit.internal.runners.statements.FailOnTimeout$StatementThread.run(FailOnTimeout.java:74)
--- org.jfree.data.general.DatasetUtilities_ESTest::test097101
org.evosuite.runtime.mock.java.lang.MockIllegalArgumentException: Null 'dataset' argument.
	at org.jfree.data.general.DatasetUtilities.iterateToFindRangeBounds(DatasetUtilities.java:1053)
	at org.jfree.data.general.DatasetUtilities_ESTest.test097101(DatasetUtilities_ESTest.java:1867)
	at sun.reflect.NativeMethodAccessorImpl.invoke0(Native Method)
	at sun.reflect.NativeMethodAccessorImpl.invoke(NativeMethodAccessorImpl.java:62)
	at sun.reflect.DelegatingMethodAccessorImpl.invoke(DelegatingMethodAccessorImpl.java:43)
	at java.lang.reflect.Method.invoke(Method.java:498)
	at org.junit.runners.model.FrameworkMethod$1.runReflectiveCall(FrameworkMethod.java:47)
	at org.junit.internal.runners.model.ReflectiveCallable.run(ReflectiveCallable.java:12)
	at org.junit.runners.model.FrameworkMethod.invokeExplosively(FrameworkMethod.java:44)
	at org.junit.internal.runners.statements.InvokeMethod.evaluate(InvokeMethod.java:17)
	at org.junit.internal.runners.statements.FailOnTimeout$StatementThread.run(FailOnTimeout.java:74)
--- org.jfree.data.general.DatasetUtilities_ESTest::test152161
org.evosuite.runtime.mock.java.lang.MockIllegalArgumentException: The number of row keys does not match the number of rows in the data array.
	at org.jfree.data.general.DatasetUtilities.createCategoryDataset(DatasetUtilities.java:441)
	at org.jfree.data.general.DatasetUtilities_ESTest.test152161(DatasetUtilities_ESTest.java:2813)
	at sun.reflect.NativeMethodAccessorImpl.invoke0(Native Method)
	at sun.reflect.NativeMethodAccessorImpl.invoke(NativeMethodAccessorImpl.java:62)
	at sun.reflect.DelegatingMethodAccessorImpl.invoke(DelegatingMethodAccessorImpl.java:43)
	at java.lang.reflect.Method.invoke(Method.java:498)
	at org.junit.runners.model.FrameworkMethod$1.runReflectiveCall(FrameworkMethod.java:47)
	at org.junit.internal.runners.model.ReflectiveCallable.run(ReflectiveCallable.java:12)
	at org.junit.runners.model.FrameworkMethod.invokeExplosively(FrameworkMethod.java:44)
	at org.junit.internal.runners.statements.InvokeMethod.evaluate(InvokeMethod.java:17)
	at org.junit.internal.runners.statements.FailOnTimeout$StatementThread.run(FailOnTimeout.java:74)
--- org.jfree.data.general.DatasetUtilities_ESTest::test180197
java.lang.ArrayIndexOutOfBoundsException: 0
	at org.jfree.data.category.DefaultIntervalCategoryDataset.getEndValue(DefaultIntervalCategoryDataset.java:499)
	at org.jfree.data.category.DefaultIntervalCategoryDataset.getValue(DefaultIntervalCategoryDataset.java:397)
	at org.jfree.data.general.DatasetUtilities.findStackedRangeBounds(DatasetUtilities.java:1891)
	at org.jfree.data.general.DatasetUtilities_ESTest.test180197(DatasetUtilities_ESTest.java:3547)
	at sun.reflect.NativeMethodAccessorImpl.invoke0(Native Method)
	at sun.reflect.NativeMethodAccessorImpl.invoke(NativeMethodAccessorImpl.java:62)
	at sun.reflect.DelegatingMethodAccessorImpl.invoke(DelegatingMethodAccessorImpl.java:43)
	at java.lang.reflect.Method.invoke(Method.java:498)
	at org.junit.runners.model.FrameworkMethod$1.runReflectiveCall(FrameworkMethod.java:47)
	at org.junit.internal.runners.model.ReflectiveCallable.run(ReflectiveCallable.java:12)
	at org.junit.runners.model.FrameworkMethod.invokeExplosively(FrameworkMethod.java:44)
	at org.junit.internal.runners.statements.InvokeMethod.evaluate(InvokeMethod.java:17)
	at org.junit.internal.runners.statements.FailOnTimeout$StatementThread.run(FailOnTimeout.java:74)
--- org.jfree.data.general.DatasetUtilities_ESTest::test129135
org.evosuite.runtime.mock.java.lang.MockIllegalArgumentException: Null 'dataset' argument.
	at org.jfree.data.general.DatasetUtilities.findMinimumRangeValue(DatasetUtilities.java:1693)
	at org.jfree.data.general.DatasetUtilities_ESTest.test129135(DatasetUtilities_ESTest.java:2400)
	at sun.reflect.NativeMethodAccessorImpl.invoke0(Native Method)
	at sun.reflect.NativeMethodAccessorImpl.invoke(NativeMethodAccessorImpl.java:62)
	at sun.reflect.DelegatingMethodAccessorImpl.invoke(DelegatingMethodAccessorImpl.java:43)
	at java.lang.reflect.Method.invoke(Method.java:498)
	at org.junit.runners.model.FrameworkMethod$1.runReflectiveCall(FrameworkMethod.java:47)
	at org.junit.internal.runners.model.ReflectiveCallable.run(ReflectiveCallable.java:12)
	at org.junit.runners.model.FrameworkMethod.invokeExplosively(FrameworkMethod.java:44)
	at org.junit.internal.runners.statements.InvokeMethod.evaluate(InvokeMethod.java:17)
	at org.junit.internal.runners.statements.FailOnTimeout$StatementThread.run(FailOnTimeout.java:74)
--- org.jfree.data.general.DatasetUtilities_ESTest::test135142
org.evosuite.runtime.mock.java.lang.MockIllegalArgumentException: Null 'xRange' argument
	at org.jfree.data.general.DatasetUtilities.iterateToFindRangeBounds(DatasetUtilities.java:1407)
	at org.jfree.data.general.DatasetUtilities_ESTest.test135142(DatasetUtilities_ESTest.java:2501)
	at sun.reflect.NativeMethodAccessorImpl.invoke0(Native Method)
	at sun.reflect.NativeMethodAccessorImpl.invoke(NativeMethodAccessorImpl.java:62)
	at sun.reflect.DelegatingMethodAccessorImpl.invoke(DelegatingMethodAccessorImpl.java:43)
	at java.lang.reflect.Method.invoke(Method.java:498)
	at org.junit.runners.model.FrameworkMethod$1.runReflectiveCall(FrameworkMethod.java:47)
	at org.junit.internal.runners.model.ReflectiveCallable.run(ReflectiveCallable.java:12)
	at org.junit.runners.model.FrameworkMethod.invokeExplosively(FrameworkMethod.java:44)
	at org.junit.internal.runners.statements.InvokeMethod.evaluate(InvokeMethod.java:17)
	at org.junit.internal.runners.statements.FailOnTimeout$StatementThread.run(FailOnTimeout.java:74)
--- org.jfree.data.general.DatasetUtilities_ESTest::test06870
org.evosuite.runtime.mock.java.lang.MockIllegalArgumentException: Null 'dataset' argument.
	at org.jfree.data.general.DatasetUtilities.findStackedRangeBounds(DatasetUtilities.java:1880)
	at org.jfree.data.general.DatasetUtilities.findStackedRangeBounds(DatasetUtilities.java:1865)
	at org.jfree.data.general.DatasetUtilities_ESTest.test06870(DatasetUtilities_ESTest.java:1412)
	at sun.reflect.NativeMethodAccessorImpl.invoke0(Native Method)
	at sun.reflect.NativeMethodAccessorImpl.invoke(NativeMethodAccessorImpl.java:62)
	at sun.reflect.DelegatingMethodAccessorImpl.invoke(DelegatingMethodAccessorImpl.java:43)
	at java.lang.reflect.Method.invoke(Method.java:498)
	at org.junit.runners.model.FrameworkMethod$1.runReflectiveCall(FrameworkMethod.java:47)
	at org.junit.internal.runners.model.ReflectiveCallable.run(ReflectiveCallable.java:12)
	at org.junit.runners.model.FrameworkMethod.invokeExplosively(FrameworkMethod.java:44)
	at org.junit.internal.runners.statements.InvokeMethod.evaluate(InvokeMethod.java:17)
	at org.junit.internal.runners.statements.FailOnTimeout$StatementThread.run(FailOnTimeout.java:74)
--- org.jfree.data.general.DatasetUtilities_ESTest::test118124
java.lang.NullPointerException
	at org.jfree.data.general.DatasetUtilities.iterateRangeBounds(DatasetUtilities.java:1240)
	at org.jfree.data.general.DatasetUtilities.iterateRangeBounds(DatasetUtilities.java:1220)
	at org.jfree.data.general.DatasetUtilities_ESTest.test118124(DatasetUtilities_ESTest.java:2200)
	at sun.reflect.NativeMethodAccessorImpl.invoke0(Native Method)
	at sun.reflect.NativeMethodAccessorImpl.invoke(NativeMethodAccessorImpl.java:62)
	at sun.reflect.DelegatingMethodAccessorImpl.invoke(DelegatingMethodAccessorImpl.java:43)
	at java.lang.reflect.Method.invoke(Method.java:498)
	at org.junit.runners.model.FrameworkMethod$1.runReflectiveCall(FrameworkMethod.java:47)
	at org.junit.internal.runners.model.ReflectiveCallable.run(ReflectiveCallable.java:12)
	at org.junit.runners.model.FrameworkMethod.invokeExplosively(FrameworkMethod.java:44)
	at org.junit.internal.runners.statements.InvokeMethod.evaluate(InvokeMethod.java:17)
	at org.junit.internal.runners.statements.FailOnTimeout$StatementThread.run(FailOnTimeout.java:74)
--- org.jfree.data.general.DatasetUtilities_ESTest::test107111
org.jfree.data.UnknownKeyException: Row key (1960.74534886) not recognised.
	at org.jfree.data.KeyedObjects2D.getObject(KeyedObjects2D.java:230)
	at org.jfree.data.statistics.DefaultStatisticalCategoryDataset.getMeanValue(DefaultStatisticalCategoryDataset.java:198)
	at org.jfree.data.general.DatasetUtilities_ESTest.test107111(DatasetUtilities_ESTest.java:2041)
	at sun.reflect.NativeMethodAccessorImpl.invoke0(Native Method)
	at sun.reflect.NativeMethodAccessorImpl.invoke(NativeMethodAccessorImpl.java:62)
	at sun.reflect.DelegatingMethodAccessorImpl.invoke(DelegatingMethodAccessorImpl.java:43)
	at java.lang.reflect.Method.invoke(Method.java:498)
	at org.junit.runners.model.FrameworkMethod$1.runReflectiveCall(FrameworkMethod.java:47)
	at org.junit.internal.runners.model.ReflectiveCallable.run(ReflectiveCallable.java:12)
	at org.junit.runners.model.FrameworkMethod.invokeExplosively(FrameworkMethod.java:44)
	at org.junit.internal.runners.statements.InvokeMethod.evaluate(InvokeMethod.java:17)
	at org.junit.internal.runners.statements.FailOnTimeout$StatementThread.run(FailOnTimeout.java:74)
--- org.jfree.data.general.DatasetUtilities_ESTest::test02020
org.jfree.data.UnknownKeyException: The key (Thu Jan 01 00:00:00 GMT 1970) is not recognised.
	at org.jfree.data.KeyedObjects.getObject(KeyedObjects.java:175)
	at org.jfree.data.pie.DefaultPieDataset.isSelected(DefaultPieDataset.java:396)
	at org.jfree.data.general.DatasetUtilities_ESTest.test02020(DatasetUtilities_ESTest.java:512)
	at sun.reflect.NativeMethodAccessorImpl.invoke0(Native Method)
	at sun.reflect.NativeMethodAccessorImpl.invoke(NativeMethodAccessorImpl.java:62)
	at sun.reflect.DelegatingMethodAccessorImpl.invoke(DelegatingMethodAccessorImpl.java:43)
	at java.lang.reflect.Method.invoke(Method.java:498)
	at org.junit.runners.model.FrameworkMethod$1.runReflectiveCall(FrameworkMethod.java:47)
	at org.junit.internal.runners.model.ReflectiveCallable.run(ReflectiveCallable.java:12)
	at org.junit.runners.model.FrameworkMethod.invokeExplosively(FrameworkMethod.java:44)
	at org.junit.internal.runners.statements.InvokeMethod.evaluate(InvokeMethod.java:17)
	at org.junit.internal.runners.statements.FailOnTimeout$StatementThread.run(FailOnTimeout.java:74)
--- org.jfree.data.general.DatasetUtilities_ESTest::test03232
org.evosuite.runtime.mock.java.lang.MockIllegalArgumentException: The 'year' argument must be in range 1900 to 9999.
	at org.jfree.data.time.SpreadsheetDate.<init>(SpreadsheetDate.java:113)
	at org.jfree.data.time.SerialDate.createInstance(SerialDate.java:792)
	at org.jfree.data.time.Day.<init>(Day.java:124)
	at org.jfree.data.time.Hour.<init>(Hour.java:129)
	at org.jfree.data.general.DatasetUtilities_ESTest.test03232(DatasetUtilities_ESTest.java:731)
	at sun.reflect.NativeMethodAccessorImpl.invoke0(Native Method)
	at sun.reflect.NativeMethodAccessorImpl.invoke(NativeMethodAccessorImpl.java:62)
	at sun.reflect.DelegatingMethodAccessorImpl.invoke(DelegatingMethodAccessorImpl.java:43)
	at java.lang.reflect.Method.invoke(Method.java:498)
	at org.junit.runners.model.FrameworkMethod$1.runReflectiveCall(FrameworkMethod.java:47)
	at org.junit.internal.runners.model.ReflectiveCallable.run(ReflectiveCallable.java:12)
	at org.junit.runners.model.FrameworkMethod.invokeExplosively(FrameworkMethod.java:44)
	at org.junit.internal.runners.statements.InvokeMethod.evaluate(InvokeMethod.java:17)
	at org.junit.internal.runners.statements.FailOnTimeout$StatementThread.run(FailOnTimeout.java:74)
--- org.jfree.data.general.DatasetUtilities_ESTest::test04445
org.jfree.data.UnknownKeyException: Unknown 'series' key.
	at org.jfree.data.category.DefaultIntervalCategoryDataset.getValue(DefaultIntervalCategoryDataset.java:374)
	at org.jfree.data.general.DatasetUtilities_ESTest.test04445(DatasetUtilities_ESTest.java:1012)
	at sun.reflect.NativeMethodAccessorImpl.invoke0(Native Method)
	at sun.reflect.NativeMethodAccessorImpl.invoke(NativeMethodAccessorImpl.java:62)
	at sun.reflect.DelegatingMethodAccessorImpl.invoke(DelegatingMethodAccessorImpl.java:43)
	at java.lang.reflect.Method.invoke(Method.java:498)
	at org.junit.runners.model.FrameworkMethod$1.runReflectiveCall(FrameworkMethod.java:47)
	at org.junit.internal.runners.model.ReflectiveCallable.run(ReflectiveCallable.java:12)
	at org.junit.runners.model.FrameworkMethod.invokeExplosively(FrameworkMethod.java:44)
	at org.junit.internal.runners.statements.InvokeMethod.evaluate(InvokeMethod.java:17)
	at org.junit.internal.runners.statements.FailOnTimeout$StatementThread.run(FailOnTimeout.java:74)
--- org.jfree.data.general.DatasetUtilities_ESTest::test08488
org.evosuite.runtime.mock.java.lang.MockIllegalArgumentException: Null 'visibleSeriesKeys' argument.
	at org.jfree.data.general.DatasetUtilities.iterateToFindDomainBounds(DatasetUtilities.java:1327)
	at org.jfree.data.general.DatasetUtilities.findDomainBounds(DatasetUtilities.java:709)
	at org.jfree.data.general.DatasetUtilities_ESTest.test08488(DatasetUtilities_ESTest.java:1665)
	at sun.reflect.NativeMethodAccessorImpl.invoke0(Native Method)
	at sun.reflect.NativeMethodAccessorImpl.invoke(NativeMethodAccessorImpl.java:62)
	at sun.reflect.DelegatingMethodAccessorImpl.invoke(DelegatingMethodAccessorImpl.java:43)
	at java.lang.reflect.Method.invoke(Method.java:498)
	at org.junit.runners.model.FrameworkMethod$1.runReflectiveCall(FrameworkMethod.java:47)
	at org.junit.internal.runners.model.ReflectiveCallable.run(ReflectiveCallable.java:12)
	at org.junit.runners.model.FrameworkMethod.invokeExplosively(FrameworkMethod.java:44)
	at org.junit.internal.runners.statements.InvokeMethod.evaluate(InvokeMethod.java:17)
	at org.junit.internal.runners.statements.FailOnTimeout$StatementThread.run(FailOnTimeout.java:74)
--- org.jfree.data.general.DatasetUtilities_ESTest::test0099
java.lang.NullPointerException
	at org.jfree.data.general.DatasetUtilities.createPieDatasetForColumn(DatasetUtilities.java:265)
	at org.jfree.data.general.DatasetUtilities_ESTest.test0099(DatasetUtilities_ESTest.java:329)
	at sun.reflect.NativeMethodAccessorImpl.invoke0(Native Method)
	at sun.reflect.NativeMethodAccessorImpl.invoke(NativeMethodAccessorImpl.java:62)
	at sun.reflect.DelegatingMethodAccessorImpl.invoke(DelegatingMethodAccessorImpl.java:43)
	at java.lang.reflect.Method.invoke(Method.java:498)
	at org.junit.runners.model.FrameworkMethod$1.runReflectiveCall(FrameworkMethod.java:47)
	at org.junit.internal.runners.model.ReflectiveCallable.run(ReflectiveCallable.java:12)
	at org.junit.runners.model.FrameworkMethod.invokeExplosively(FrameworkMethod.java:44)
	at org.junit.internal.runners.statements.InvokeMethod.evaluate(InvokeMethod.java:17)
	at org.junit.internal.runners.statements.FailOnTimeout$StatementThread.run(FailOnTimeout.java:74)
--- org.jfree.data.general.DatasetUtilities_ESTest::test02727
java.lang.NullPointerException
	at org.jfree.data.time.DynamicTimeSeriesCollection.getDomainLowerBound(DynamicTimeSeriesCollection.java:863)
	at org.jfree.data.general.DatasetUtilities.findMinimumDomainValue(DatasetUtilities.java:1531)
	at org.jfree.data.general.DatasetUtilities_ESTest.test02727(DatasetUtilities_ESTest.java:607)
	at sun.reflect.NativeMethodAccessorImpl.invoke0(Native Method)
	at sun.reflect.NativeMethodAccessorImpl.invoke(NativeMethodAccessorImpl.java:62)
	at sun.reflect.DelegatingMethodAccessorImpl.invoke(DelegatingMethodAccessorImpl.java:43)
	at java.lang.reflect.Method.invoke(Method.java:498)
	at org.junit.runners.model.FrameworkMethod$1.runReflectiveCall(FrameworkMethod.java:47)
	at org.junit.internal.runners.model.ReflectiveCallable.run(ReflectiveCallable.java:12)
	at org.junit.runners.model.FrameworkMethod.invokeExplosively(FrameworkMethod.java:44)
	at org.junit.internal.runners.statements.InvokeMethod.evaluate(InvokeMethod.java:17)
	at org.junit.internal.runners.statements.FailOnTimeout$StatementThread.run(FailOnTimeout.java:74)
--- org.jfree.data.general.DatasetUtilities_ESTest::test144152
java.lang.IndexOutOfBoundsException: Index: 2, Size: 0
	at java.util.ArrayList.rangeCheck(ArrayList.java:659)
	at java.util.ArrayList.get(ArrayList.java:435)
	at org.jfree.data.xy.DefaultXYDataset.getYValue(DefaultXYDataset.java:217)
	at org.jfree.data.xy.DefaultXYDataset.getY(DefaultXYDataset.java:239)
	at org.jfree.data.general.DatasetUtilities_ESTest.test144152(DatasetUtilities_ESTest.java:2716)
	at sun.reflect.NativeMethodAccessorImpl.invoke0(Native Method)
	at sun.reflect.NativeMethodAccessorImpl.invoke(NativeMethodAccessorImpl.java:62)
	at sun.reflect.DelegatingMethodAccessorImpl.invoke(DelegatingMethodAccessorImpl.java:43)
	at java.lang.reflect.Method.invoke(Method.java:498)
	at org.junit.runners.model.FrameworkMethod$1.runReflectiveCall(FrameworkMethod.java:47)
	at org.junit.internal.runners.model.ReflectiveCallable.run(ReflectiveCallable.java:12)
	at org.junit.runners.model.FrameworkMethod.invokeExplosively(FrameworkMethod.java:44)
	at org.junit.internal.runners.statements.InvokeMethod.evaluate(InvokeMethod.java:17)
	at org.junit.internal.runners.statements.FailOnTimeout$StatementThread.run(FailOnTimeout.java:74)
--- org.jfree.data.general.DatasetUtilities_ESTest::test182199
org.evosuite.runtime.mock.java.lang.MockIllegalArgumentException: Null 'dataset' argument.
	at org.jfree.data.general.DatasetUtilities.findRangeBounds(DatasetUtilities.java:817)
	at org.jfree.data.general.DatasetUtilities_ESTest.test182199(DatasetUtilities_ESTest.java:3583)
	at sun.reflect.NativeMethodAccessorImpl.invoke0(Native Method)
	at sun.reflect.NativeMethodAccessorImpl.invoke(NativeMethodAccessorImpl.java:62)
	at sun.reflect.DelegatingMethodAccessorImpl.invoke(DelegatingMethodAccessorImpl.java:43)
	at java.lang.reflect.Method.invoke(Method.java:498)
	at org.junit.runners.model.FrameworkMethod$1.runReflectiveCall(FrameworkMethod.java:47)
	at org.junit.internal.runners.model.ReflectiveCallable.run(ReflectiveCallable.java:12)
	at org.junit.runners.model.FrameworkMethod.invokeExplosively(FrameworkMethod.java:44)
	at org.junit.internal.runners.statements.InvokeMethod.evaluate(InvokeMethod.java:17)
	at org.junit.internal.runners.statements.FailOnTimeout$StatementThread.run(FailOnTimeout.java:74)
--- org.jfree.data.general.DatasetUtilities_ESTest::test01515
org.evosuite.runtime.mock.java.lang.MockIllegalArgumentException: Null 'hour' argument.
	at org.jfree.data.time.Minute.<init>(Minute.java:117)
	at org.jfree.data.general.DatasetUtilities_ESTest.test01515(DatasetUtilities_ESTest.java:418)
	at sun.reflect.NativeMethodAccessorImpl.invoke0(Native Method)
	at sun.reflect.NativeMethodAccessorImpl.invoke(NativeMethodAccessorImpl.java:62)
	at sun.reflect.DelegatingMethodAccessorImpl.invoke(DelegatingMethodAccessorImpl.java:43)
	at java.lang.reflect.Method.invoke(Method.java:498)
	at org.junit.runners.model.FrameworkMethod$1.runReflectiveCall(FrameworkMethod.java:47)
	at org.junit.internal.runners.model.ReflectiveCallable.run(ReflectiveCallable.java:12)
	at org.junit.runners.model.FrameworkMethod.invokeExplosively(FrameworkMethod.java:44)
	at org.junit.internal.runners.statements.InvokeMethod.evaluate(InvokeMethod.java:17)
	at org.junit.internal.runners.statements.FailOnTimeout$StatementThread.run(FailOnTimeout.java:74)
--- org.jfree.data.general.DatasetUtilities_ESTest::test106110
org.evosuite.runtime.mock.java.lang.MockIllegalArgumentException: Null 'dataset' argument.
	at org.jfree.data.general.DatasetUtilities.findRangeBounds(DatasetUtilities.java:847)
	at org.jfree.data.general.DatasetUtilities_ESTest.test106110(DatasetUtilities_ESTest.java:1977)
	at sun.reflect.NativeMethodAccessorImpl.invoke0(Native Method)
	at sun.reflect.NativeMethodAccessorImpl.invoke(NativeMethodAccessorImpl.java:62)
	at sun.reflect.DelegatingMethodAccessorImpl.invoke(DelegatingMethodAccessorImpl.java:43)
	at java.lang.reflect.Method.invoke(Method.java:498)
	at org.junit.runners.model.FrameworkMethod$1.runReflectiveCall(FrameworkMethod.java:47)
	at org.junit.internal.runners.model.ReflectiveCallable.run(ReflectiveCallable.java:12)
	at org.junit.runners.model.FrameworkMethod.invokeExplosively(FrameworkMethod.java:44)
	at org.junit.internal.runners.statements.InvokeMethod.evaluate(InvokeMethod.java:17)
	at org.junit.internal.runners.statements.FailOnTimeout$StatementThread.run(FailOnTimeout.java:74)
--- org.jfree.data.general.DatasetUtilities_ESTest::test07983
org.evosuite.runtime.mock.java.lang.MockIllegalArgumentException: Null 'dataset' argument.
	at org.jfree.data.general.DatasetUtilities.findDomainBounds(DatasetUtilities.java:667)
	at org.jfree.data.general.DatasetUtilities.findDomainBounds(DatasetUtilities.java:650)
	at org.jfree.data.general.DatasetUtilities_ESTest.test07983(DatasetUtilities_ESTest.java:1598)
	at sun.reflect.NativeMethodAccessorImpl.invoke0(Native Method)
	at sun.reflect.NativeMethodAccessorImpl.invoke(NativeMethodAccessorImpl.java:62)
	at sun.reflect.DelegatingMethodAccessorImpl.invoke(DelegatingMethodAccessorImpl.java:43)
	at java.lang.reflect.Method.invoke(Method.java:498)
	at org.junit.runners.model.FrameworkMethod$1.runReflectiveCall(FrameworkMethod.java:47)
	at org.junit.internal.runners.model.ReflectiveCallable.run(ReflectiveCallable.java:12)
	at org.junit.runners.model.FrameworkMethod.invokeExplosively(FrameworkMethod.java:44)
	at org.junit.internal.runners.statements.InvokeMethod.evaluate(InvokeMethod.java:17)
	at org.junit.internal.runners.statements.FailOnTimeout$StatementThread.run(FailOnTimeout.java:74)
--- org.jfree.data.general.DatasetUtilities_ESTest::test101105
org.evosuite.runtime.mock.java.lang.MockIllegalArgumentException: Null 'dataset' argument.
	at org.jfree.data.general.DatasetUtilities.findRangeBounds(DatasetUtilities.java:887)
	at org.jfree.data.general.DatasetUtilities.findRangeBounds(DatasetUtilities.java:870)
	at org.jfree.data.general.DatasetUtilities_ESTest.test101105(DatasetUtilities_ESTest.java:1901)
	at sun.reflect.NativeMethodAccessorImpl.invoke0(Native Method)
	at sun.reflect.NativeMethodAccessorImpl.invoke(NativeMethodAccessorImpl.java:62)
	at sun.reflect.DelegatingMethodAccessorImpl.invoke(DelegatingMethodAccessorImpl.java:43)
	at java.lang.reflect.Method.invoke(Method.java:498)
	at org.junit.runners.model.FrameworkMethod$1.runReflectiveCall(FrameworkMethod.java:47)
	at org.junit.internal.runners.model.ReflectiveCallable.run(ReflectiveCallable.java:12)
	at org.junit.runners.model.FrameworkMethod.invokeExplosively(FrameworkMethod.java:44)
	at org.junit.internal.runners.statements.InvokeMethod.evaluate(InvokeMethod.java:17)
	at org.junit.internal.runners.statements.FailOnTimeout$StatementThread.run(FailOnTimeout.java:74)
--- org.jfree.data.general.DatasetUtilities_ESTest::test128134
java.lang.NullPointerException
	at org.jfree.data.general.DatasetUtilities.createPieDatasetForRow(DatasetUtilities.java:230)
	at org.jfree.data.general.DatasetUtilities_ESTest.test128134(DatasetUtilities_ESTest.java:2394)
	at sun.reflect.NativeMethodAccessorImpl.invoke0(Native Method)
	at sun.reflect.NativeMethodAccessorImpl.invoke(NativeMethodAccessorImpl.java:62)
	at sun.reflect.DelegatingMethodAccessorImpl.invoke(DelegatingMethodAccessorImpl.java:43)
	at java.lang.reflect.Method.invoke(Method.java:498)
	at org.junit.runners.model.FrameworkMethod$1.runReflectiveCall(FrameworkMethod.java:47)
	at org.junit.internal.runners.model.ReflectiveCallable.run(ReflectiveCallable.java:12)
	at org.junit.runners.model.FrameworkMethod.invokeExplosively(FrameworkMethod.java:44)
	at org.junit.internal.runners.statements.InvokeMethod.evaluate(InvokeMethod.java:17)
	at org.junit.internal.runners.statements.FailOnTimeout$StatementThread.run(FailOnTimeout.java:74)
--- org.jfree.data.general.DatasetUtilities_ESTest::test04344
java.lang.ArrayIndexOutOfBoundsException: 6
	at org.jfree.data.category.DefaultIntervalCategoryDataset.getEndValue(DefaultIntervalCategoryDataset.java:499)
	at org.jfree.data.category.DefaultIntervalCategoryDataset.getValue(DefaultIntervalCategoryDataset.java:397)
	at org.jfree.data.general.DatasetUtilities.iterateRangeBounds(DatasetUtilities.java:991)
	at org.jfree.data.general.DatasetUtilities.iterateRangeBounds(DatasetUtilities.java:963)
	at org.jfree.data.general.DatasetUtilities_ESTest.test04344(DatasetUtilities_ESTest.java:984)
	at sun.reflect.NativeMethodAccessorImpl.invoke0(Native Method)
	at sun.reflect.NativeMethodAccessorImpl.invoke(NativeMethodAccessorImpl.java:62)
	at sun.reflect.DelegatingMethodAccessorImpl.invoke(DelegatingMethodAccessorImpl.java:43)
	at java.lang.reflect.Method.invoke(Method.java:498)
	at org.junit.runners.model.FrameworkMethod$1.runReflectiveCall(FrameworkMethod.java:47)
	at org.junit.internal.runners.model.ReflectiveCallable.run(ReflectiveCallable.java:12)
	at org.junit.runners.model.FrameworkMethod.invokeExplosively(FrameworkMethod.java:44)
	at org.junit.internal.runners.statements.InvokeMethod.evaluate(InvokeMethod.java:17)
	at org.junit.internal.runners.statements.FailOnTimeout$StatementThread.run(FailOnTimeout.java:74)
--- org.jfree.data.general.DatasetUtilities_ESTest::test09599
org.evosuite.runtime.mock.java.lang.MockIllegalArgumentException: Null 'dataset' argument.
	at org.jfree.data.general.DatasetUtilities.findDomainBounds(DatasetUtilities.java:667)
	at org.jfree.data.general.DatasetUtilities.findDomainBounds(DatasetUtilities.java:650)
	at org.jfree.data.general.DatasetUtilities_ESTest.test09599(DatasetUtilities_ESTest.java:1803)
	at sun.reflect.NativeMethodAccessorImpl.invoke0(Native Method)
	at sun.reflect.NativeMethodAccessorImpl.invoke(NativeMethodAccessorImpl.java:62)
	at sun.reflect.DelegatingMethodAccessorImpl.invoke(DelegatingMethodAccessorImpl.java:43)
	at java.lang.reflect.Method.invoke(Method.java:498)
	at org.junit.runners.model.FrameworkMethod$1.runReflectiveCall(FrameworkMethod.java:47)
	at org.junit.internal.runners.model.ReflectiveCallable.run(ReflectiveCallable.java:12)
	at org.junit.runners.model.FrameworkMethod.invokeExplosively(FrameworkMethod.java:44)
	at org.junit.internal.runners.statements.InvokeMethod.evaluate(InvokeMethod.java:17)
	at org.junit.internal.runners.statements.FailOnTimeout$StatementThread.run(FailOnTimeout.java:74)
--- org.jfree.data.general.DatasetUtilities_ESTest::test123129
org.evosuite.runtime.mock.java.lang.MockIllegalArgumentException: Null 'dataset' argument.
	at org.jfree.data.general.DatasetUtilities.findRangeBounds(DatasetUtilities.java:887)
	at org.jfree.data.general.DatasetUtilities_ESTest.test123129(DatasetUtilities_ESTest.java:2297)
	at sun.reflect.NativeMethodAccessorImpl.invoke0(Native Method)
	at sun.reflect.NativeMethodAccessorImpl.invoke(NativeMethodAccessorImpl.java:62)
	at sun.reflect.DelegatingMethodAccessorImpl.invoke(DelegatingMethodAccessorImpl.java:43)
	at java.lang.reflect.Method.invoke(Method.java:498)
	at org.junit.runners.model.FrameworkMethod$1.runReflectiveCall(FrameworkMethod.java:47)
	at org.junit.internal.runners.model.ReflectiveCallable.run(ReflectiveCallable.java:12)
	at org.junit.runners.model.FrameworkMethod.invokeExplosively(FrameworkMethod.java:44)
	at org.junit.internal.runners.statements.InvokeMethod.evaluate(InvokeMethod.java:17)
	at org.junit.internal.runners.statements.FailOnTimeout$StatementThread.run(FailOnTimeout.java:74)
--- org.jfree.data.general.DatasetUtilities_ESTest::test07173
org.evosuite.runtime.mock.java.lang.MockIllegalArgumentException: The number of column keys does not match the number of columns in the data array.
	at org.jfree.data.general.DatasetUtilities.createCategoryDataset(DatasetUtilities.java:450)
	at org.jfree.data.general.DatasetUtilities_ESTest.test07173(DatasetUtilities_ESTest.java:1441)
	at sun.reflect.NativeMethodAccessorImpl.invoke0(Native Method)
	at sun.reflect.NativeMethodAccessorImpl.invoke(NativeMethodAccessorImpl.java:62)
	at sun.reflect.DelegatingMethodAccessorImpl.invoke(DelegatingMethodAccessorImpl.java:43)
	at java.lang.reflect.Method.invoke(Method.java:498)
	at org.junit.runners.model.FrameworkMethod$1.runReflectiveCall(FrameworkMethod.java:47)
	at org.junit.internal.runners.model.ReflectiveCallable.run(ReflectiveCallable.java:12)
	at org.junit.runners.model.FrameworkMethod.invokeExplosively(FrameworkMethod.java:44)
	at org.junit.internal.runners.statements.InvokeMethod.evaluate(InvokeMethod.java:17)
	at org.junit.internal.runners.statements.FailOnTimeout$StatementThread.run(FailOnTimeout.java:74)
--- org.jfree.data.general.DatasetUtilities_ESTest::test117123
org.evosuite.runtime.mock.java.lang.MockIllegalArgumentException: The 'year' argument must be in range 1900 to 9999.
	at org.jfree.data.time.SpreadsheetDate.<init>(SpreadsheetDate.java:113)
	at org.jfree.data.time.SerialDate.createInstance(SerialDate.java:792)
	at org.jfree.data.time.Day.<init>(Day.java:124)
	at org.jfree.data.time.Hour.<init>(Hour.java:129)
	at org.jfree.data.general.DatasetUtilities_ESTest.test117123(DatasetUtilities_ESTest.java:2194)
	at sun.reflect.NativeMethodAccessorImpl.invoke0(Native Method)
	at sun.reflect.NativeMethodAccessorImpl.invoke(NativeMethodAccessorImpl.java:62)
	at sun.reflect.DelegatingMethodAccessorImpl.invoke(DelegatingMethodAccessorImpl.java:43)
	at java.lang.reflect.Method.invoke(Method.java:498)
	at org.junit.runners.model.FrameworkMethod$1.runReflectiveCall(FrameworkMethod.java:47)
	at org.junit.internal.runners.model.ReflectiveCallable.run(ReflectiveCallable.java:12)
	at org.junit.runners.model.FrameworkMethod.invokeExplosively(FrameworkMethod.java:44)
	at org.junit.internal.runners.statements.InvokeMethod.evaluate(InvokeMethod.java:17)
	at org.junit.internal.runners.statements.FailOnTimeout$StatementThread.run(FailOnTimeout.java:74)
--- org.jfree.data.general.DatasetUtilities_ESTest::test03839
org.evosuite.runtime.mock.java.lang.MockIllegalArgumentException: DefaultIntervalCategoryDataset.getValue(): series index out of range.
	at org.jfree.data.category.DefaultIntervalCategoryDataset.getEndValue(DefaultIntervalCategoryDataset.java:488)
	at org.jfree.data.category.DefaultIntervalCategoryDataset.getValue(DefaultIntervalCategoryDataset.java:397)
	at org.jfree.data.general.DatasetUtilities.createPieDatasetForRow(DatasetUtilities.java:233)
	at org.jfree.data.general.DatasetUtilities_ESTest.test03839(DatasetUtilities_ESTest.java:904)
	at sun.reflect.NativeMethodAccessorImpl.invoke0(Native Method)
	at sun.reflect.NativeMethodAccessorImpl.invoke(NativeMethodAccessorImpl.java:62)
	at sun.reflect.DelegatingMethodAccessorImpl.invoke(DelegatingMethodAccessorImpl.java:43)
	at java.lang.reflect.Method.invoke(Method.java:498)
	at org.junit.runners.model.FrameworkMethod$1.runReflectiveCall(FrameworkMethod.java:47)
	at org.junit.internal.runners.model.ReflectiveCallable.run(ReflectiveCallable.java:12)
	at org.junit.runners.model.FrameworkMethod.invokeExplosively(FrameworkMethod.java:44)
	at org.junit.internal.runners.statements.InvokeMethod.evaluate(InvokeMethod.java:17)
	at org.junit.internal.runners.statements.FailOnTimeout$StatementThread.run(FailOnTimeout.java:74)
--- org.jfree.data.general.DatasetUtilities_ESTest::test02626
java.lang.ArrayIndexOutOfBoundsException: 2
	at org.jfree.data.category.DefaultIntervalCategoryDataset.getEndValue(DefaultIntervalCategoryDataset.java:499)
	at org.jfree.data.category.DefaultIntervalCategoryDataset.getValue(DefaultIntervalCategoryDataset.java:397)
	at org.jfree.data.general.DatasetUtilities.iterateRangeBounds(DatasetUtilities.java:1017)
	at org.jfree.data.general.DatasetUtilities.findRangeBounds(DatasetUtilities.java:825)
	at org.jfree.data.general.DatasetUtilities_ESTest.test02626(DatasetUtilities_ESTest.java:600)
	at sun.reflect.NativeMethodAccessorImpl.invoke0(Native Method)
	at sun.reflect.NativeMethodAccessorImpl.invoke(NativeMethodAccessorImpl.java:62)
	at sun.reflect.DelegatingMethodAccessorImpl.invoke(DelegatingMethodAccessorImpl.java:43)
	at java.lang.reflect.Method.invoke(Method.java:498)
	at org.junit.runners.model.FrameworkMethod$1.runReflectiveCall(FrameworkMethod.java:47)
	at org.junit.internal.runners.model.ReflectiveCallable.run(ReflectiveCallable.java:12)
	at org.junit.runners.model.FrameworkMethod.invokeExplosively(FrameworkMethod.java:44)
	at org.junit.internal.runners.statements.InvokeMethod.evaluate(InvokeMethod.java:17)
	at org.junit.internal.runners.statements.FailOnTimeout$StatementThread.run(FailOnTimeout.java:74)
--- org.jfree.data.general.DatasetUtilities_ESTest::test01414
java.lang.ClassCastException: org.jfree.data.statistics.DefaultStatisticalCategoryDataset cannot be cast to java.lang.Comparable
	at org.jfree.data.general.DatasetUtilities.iterateToFindDomainBounds(DatasetUtilities.java:1339)
	at org.jfree.data.general.DatasetUtilities_ESTest.test01414(DatasetUtilities_ESTest.java:405)
	at sun.reflect.NativeMethodAccessorImpl.invoke0(Native Method)
	at sun.reflect.NativeMethodAccessorImpl.invoke(NativeMethodAccessorImpl.java:62)
	at sun.reflect.DelegatingMethodAccessorImpl.invoke(DelegatingMethodAccessorImpl.java:43)
	at java.lang.reflect.Method.invoke(Method.java:498)
	at org.junit.runners.model.FrameworkMethod$1.runReflectiveCall(FrameworkMethod.java:47)
	at org.junit.internal.runners.model.ReflectiveCallable.run(ReflectiveCallable.java:12)
	at org.junit.runners.model.FrameworkMethod.invokeExplosively(FrameworkMethod.java:44)
	at org.junit.internal.runners.statements.InvokeMethod.evaluate(InvokeMethod.java:17)
	at org.junit.internal.runners.statements.FailOnTimeout$StatementThread.run(FailOnTimeout.java:74)
--- org.jfree.data.general.DatasetUtilities_ESTest::test145153
org.evosuite.runtime.mock.java.lang.MockIllegalArgumentException: Null 'dataset' argument.
	at org.jfree.data.general.DatasetUtilities.findMaximumStackedRangeValue(DatasetUtilities.java:2030)
	at org.jfree.data.general.DatasetUtilities_ESTest.test145153(DatasetUtilities_ESTest.java:2722)
	at sun.reflect.NativeMethodAccessorImpl.invoke0(Native Method)
	at sun.reflect.NativeMethodAccessorImpl.invoke(NativeMethodAccessorImpl.java:62)
	at sun.reflect.DelegatingMethodAccessorImpl.invoke(DelegatingMethodAccessorImpl.java:43)
	at java.lang.reflect.Method.invoke(Method.java:498)
	at org.junit.runners.model.FrameworkMethod$1.runReflectiveCall(FrameworkMethod.java:47)
	at org.junit.internal.runners.model.ReflectiveCallable.run(ReflectiveCallable.java:12)
	at org.junit.runners.model.FrameworkMethod.invokeExplosively(FrameworkMethod.java:44)
	at org.junit.internal.runners.statements.InvokeMethod.evaluate(InvokeMethod.java:17)
	at org.junit.internal.runners.statements.FailOnTimeout$StatementThread.run(FailOnTimeout.java:74)
--- org.jfree.data.general.DatasetUtilities_ESTest::test098102
java.lang.NullPointerException
	at org.jfree.data.general.DatasetUtilities.iterateRangeBounds(DatasetUtilities.java:1240)
	at org.jfree.data.general.DatasetUtilities_ESTest.test098102(DatasetUtilities_ESTest.java:1874)
	at sun.reflect.NativeMethodAccessorImpl.invoke0(Native Method)
	at sun.reflect.NativeMethodAccessorImpl.invoke(NativeMethodAccessorImpl.java:62)
	at sun.reflect.DelegatingMethodAccessorImpl.invoke(DelegatingMethodAccessorImpl.java:43)
	at java.lang.reflect.Method.invoke(Method.java:498)
	at org.junit.runners.model.FrameworkMethod$1.runReflectiveCall(FrameworkMethod.java:47)
	at org.junit.internal.runners.model.ReflectiveCallable.run(ReflectiveCallable.java:12)
	at org.junit.runners.model.FrameworkMethod.invokeExplosively(FrameworkMethod.java:44)
	at org.junit.internal.runners.statements.InvokeMethod.evaluate(InvokeMethod.java:17)
	at org.junit.internal.runners.statements.FailOnTimeout$StatementThread.run(FailOnTimeout.java:74)
--- org.jfree.data.general.DatasetUtilities_ESTest::test03940
org.evosuite.runtime.mock.java.lang.MockIllegalArgumentException: Null 'key' argument.
	at org.jfree.data.KeyedObjects2D.getRowIndex(KeyedObjects2D.java:151)
	at org.jfree.data.category.DefaultCategoryDataset.getRowIndex(DefaultCategoryDataset.java:156)
	at org.jfree.data.general.DatasetUtilities.createPieDatasetForRow(DatasetUtilities.java:214)
	at org.jfree.data.general.DatasetUtilities_ESTest.test03940(DatasetUtilities_ESTest.java:917)
	at sun.reflect.NativeMethodAccessorImpl.invoke0(Native Method)
	at sun.reflect.NativeMethodAccessorImpl.invoke(NativeMethodAccessorImpl.java:62)
	at sun.reflect.DelegatingMethodAccessorImpl.invoke(DelegatingMethodAccessorImpl.java:43)
	at java.lang.reflect.Method.invoke(Method.java:498)
	at org.junit.runners.model.FrameworkMethod$1.runReflectiveCall(FrameworkMethod.java:47)
	at org.junit.internal.runners.model.ReflectiveCallable.run(ReflectiveCallable.java:12)
	at org.junit.runners.model.FrameworkMethod.invokeExplosively(FrameworkMethod.java:44)
	at org.junit.internal.runners.statements.InvokeMethod.evaluate(InvokeMethod.java:17)
	at org.junit.internal.runners.statements.FailOnTimeout$StatementThread.run(FailOnTimeout.java:74)
--- org.jfree.data.general.DatasetUtilities_ESTest::test05455
org.evosuite.runtime.mock.java.lang.MockIllegalArgumentException: DefaultIntervalCategoryDataset.getValue(): series index out of range.
	at org.jfree.data.category.DefaultIntervalCategoryDataset.getEndValue(DefaultIntervalCategoryDataset.java:488)
	at org.jfree.data.category.DefaultIntervalCategoryDataset.getValue(DefaultIntervalCategoryDataset.java:397)
	at org.jfree.data.general.DatasetUtilities.createPieDatasetForRow(DatasetUtilities.java:233)
	at org.jfree.data.general.DatasetUtilities_ESTest.test05455(DatasetUtilities_ESTest.java:1205)
	at sun.reflect.NativeMethodAccessorImpl.invoke0(Native Method)
	at sun.reflect.NativeMethodAccessorImpl.invoke(NativeMethodAccessorImpl.java:62)
	at sun.reflect.DelegatingMethodAccessorImpl.invoke(DelegatingMethodAccessorImpl.java:43)
	at java.lang.reflect.Method.invoke(Method.java:498)
	at org.junit.runners.model.FrameworkMethod$1.runReflectiveCall(FrameworkMethod.java:47)
	at org.junit.internal.runners.model.ReflectiveCallable.run(ReflectiveCallable.java:12)
	at org.junit.runners.model.FrameworkMethod.invokeExplosively(FrameworkMethod.java:44)
	at org.junit.internal.runners.statements.InvokeMethod.evaluate(InvokeMethod.java:17)
	at org.junit.internal.runners.statements.FailOnTimeout$StatementThread.run(FailOnTimeout.java:74)
--- org.jfree.data.general.DatasetUtilities_ESTest::test03030
java.lang.ClassCastException: org.jfree.data.xy.DefaultIntervalXYDataset cannot be cast to java.lang.Comparable
	at org.jfree.data.general.DatasetUtilities.iterateToFindDomainBounds(DatasetUtilities.java:1358)
	at org.jfree.data.general.DatasetUtilities.findDomainBounds(DatasetUtilities.java:709)
	at org.jfree.data.general.DatasetUtilities_ESTest.test03030(DatasetUtilities_ESTest.java:699)
	at sun.reflect.NativeMethodAccessorImpl.invoke0(Native Method)
	at sun.reflect.NativeMethodAccessorImpl.invoke(NativeMethodAccessorImpl.java:62)
	at sun.reflect.DelegatingMethodAccessorImpl.invoke(DelegatingMethodAccessorImpl.java:43)
	at java.lang.reflect.Method.invoke(Method.java:498)
	at org.junit.runners.model.FrameworkMethod$1.runReflectiveCall(FrameworkMethod.java:47)
	at org.junit.internal.runners.model.ReflectiveCallable.run(ReflectiveCallable.java:12)
	at org.junit.runners.model.FrameworkMethod.invokeExplosively(FrameworkMethod.java:44)
	at org.junit.internal.runners.statements.InvokeMethod.evaluate(InvokeMethod.java:17)
	at org.junit.internal.runners.statements.FailOnTimeout$StatementThread.run(FailOnTimeout.java:74)
--- org.jfree.data.general.DatasetUtilities_ESTest::test04243
java.lang.NullPointerException
	at org.jfree.data.jdbc.JDBCCategoryDataset.executeQuery(JDBCCategoryDataset.java:214)
	at org.jfree.data.jdbc.JDBCCategoryDataset.executeQuery(JDBCCategoryDataset.java:192)
	at org.jfree.data.jdbc.JDBCCategoryDataset.<init>(JDBCCategoryDataset.java:156)
	at org.jfree.data.general.DatasetUtilities_ESTest.test04243(DatasetUtilities_ESTest.java:959)
	at sun.reflect.NativeMethodAccessorImpl.invoke0(Native Method)
	at sun.reflect.NativeMethodAccessorImpl.invoke(NativeMethodAccessorImpl.java:62)
	at sun.reflect.DelegatingMethodAccessorImpl.invoke(DelegatingMethodAccessorImpl.java:43)
	at java.lang.reflect.Method.invoke(Method.java:498)
	at org.junit.runners.model.FrameworkMethod$1.runReflectiveCall(FrameworkMethod.java:47)
	at org.junit.internal.runners.model.ReflectiveCallable.run(ReflectiveCallable.java:12)
	at org.junit.runners.model.FrameworkMethod.invokeExplosively(FrameworkMethod.java:44)
	at org.junit.internal.runners.statements.InvokeMethod.evaluate(InvokeMethod.java:17)
	at org.junit.internal.runners.statements.FailOnTimeout$StatementThread.run(FailOnTimeout.java:74)
--- org.jfree.data.general.DatasetUtilities_ESTest::test09498
java.lang.NullPointerException
	at org.jfree.data.general.DatasetUtilities.createPieDatasetForColumn(DatasetUtilities.java:249)
	at org.jfree.data.general.DatasetUtilities_ESTest.test09498(DatasetUtilities_ESTest.java:1797)
	at sun.reflect.NativeMethodAccessorImpl.invoke0(Native Method)
	at sun.reflect.NativeMethodAccessorImpl.invoke(NativeMethodAccessorImpl.java:62)
	at sun.reflect.DelegatingMethodAccessorImpl.invoke(DelegatingMethodAccessorImpl.java:43)
	at java.lang.reflect.Method.invoke(Method.java:498)
	at org.junit.runners.model.FrameworkMethod$1.runReflectiveCall(FrameworkMethod.java:47)
	at org.junit.internal.runners.model.ReflectiveCallable.run(ReflectiveCallable.java:12)
	at org.junit.runners.model.FrameworkMethod.invokeExplosively(FrameworkMethod.java:44)
	at org.junit.internal.runners.statements.InvokeMethod.evaluate(InvokeMethod.java:17)
	at org.junit.internal.runners.statements.FailOnTimeout$StatementThread.run(FailOnTimeout.java:74)
--- org.jfree.data.general.DatasetUtilities_ESTest::test08286
java.lang.ArrayIndexOutOfBoundsException: 0
	at org.jfree.data.time.DynamicTimeSeriesCollection.getYValue(DynamicTimeSeriesCollection.java:754)
	at org.jfree.data.time.DynamicTimeSeriesCollection.getY(DynamicTimeSeriesCollection.java:767)
	at org.jfree.data.time.DynamicTimeSeriesCollection.getStartY(DynamicTimeSeriesCollection.java:805)
	at org.jfree.data.general.DatasetUtilities_ESTest.test08286(DatasetUtilities_ESTest.java:1622)
	at sun.reflect.NativeMethodAccessorImpl.invoke0(Native Method)
	at sun.reflect.NativeMethodAccessorImpl.invoke(NativeMethodAccessorImpl.java:62)
	at sun.reflect.DelegatingMethodAccessorImpl.invoke(DelegatingMethodAccessorImpl.java:43)
	at java.lang.reflect.Method.invoke(Method.java:498)
	at org.junit.runners.model.FrameworkMethod$1.runReflectiveCall(FrameworkMethod.java:47)
	at org.junit.internal.runners.model.ReflectiveCallable.run(ReflectiveCallable.java:12)
	at org.junit.runners.model.FrameworkMethod.invokeExplosively(FrameworkMethod.java:44)
	at org.junit.internal.runners.statements.InvokeMethod.evaluate(InvokeMethod.java:17)
	at org.junit.internal.runners.statements.FailOnTimeout$StatementThread.run(FailOnTimeout.java:74)
--- org.jfree.data.general.DatasetUtilities_ESTest::test07072
org.evosuite.runtime.mock.java.lang.MockIllegalArgumentException: Null 'xRange' argument
	at org.jfree.data.general.DatasetUtilities.iterateToFindRangeBounds(DatasetUtilities.java:1407)
	at org.jfree.data.general.DatasetUtilities.findRangeBounds(DatasetUtilities.java:928)
	at org.jfree.data.general.DatasetUtilities_ESTest.test07072(DatasetUtilities_ESTest.java:1426)
	at sun.reflect.NativeMethodAccessorImpl.invoke0(Native Method)
	at sun.reflect.NativeMethodAccessorImpl.invoke(NativeMethodAccessorImpl.java:62)
	at sun.reflect.DelegatingMethodAccessorImpl.invoke(DelegatingMethodAccessorImpl.java:43)
	at java.lang.reflect.Method.invoke(Method.java:498)
	at org.junit.runners.model.FrameworkMethod$1.runReflectiveCall(FrameworkMethod.java:47)
	at org.junit.internal.runners.model.ReflectiveCallable.run(ReflectiveCallable.java:12)
	at org.junit.runners.model.FrameworkMethod.invokeExplosively(FrameworkMethod.java:44)
	at org.junit.internal.runners.statements.InvokeMethod.evaluate(InvokeMethod.java:17)
	at org.junit.internal.runners.statements.FailOnTimeout$StatementThread.run(FailOnTimeout.java:74)
--- org.jfree.data.general.DatasetUtilities_ESTest::test132138
java.lang.NullPointerException
	at org.jfree.data.general.DatasetUtilities.createCategoryDataset(DatasetUtilities.java:371)
	at org.jfree.data.general.DatasetUtilities_ESTest.test132138(DatasetUtilities_ESTest.java:2426)
	at sun.reflect.NativeMethodAccessorImpl.invoke0(Native Method)
	at sun.reflect.NativeMethodAccessorImpl.invoke(NativeMethodAccessorImpl.java:62)
	at sun.reflect.DelegatingMethodAccessorImpl.invoke(DelegatingMethodAccessorImpl.java:43)
	at java.lang.reflect.Method.invoke(Method.java:498)
	at org.junit.runners.model.FrameworkMethod$1.runReflectiveCall(FrameworkMethod.java:47)
	at org.junit.internal.runners.model.ReflectiveCallable.run(ReflectiveCallable.java:12)
	at org.junit.runners.model.FrameworkMethod.invokeExplosively(FrameworkMethod.java:44)
	at org.junit.internal.runners.statements.InvokeMethod.evaluate(InvokeMethod.java:17)
	at org.junit.internal.runners.statements.FailOnTimeout$StatementThread.run(FailOnTimeout.java:74)
--- org.jfree.data.general.DatasetUtilities_ESTest::test01313
java.lang.NullPointerException
	at org.jfree.data.gantt.SlidingGanttCategoryDataset.getRowCount(SlidingGanttCategoryDataset.java:286)
	at org.jfree.data.general.DatasetUtilities.findMinimumRangeValue(DatasetUtilities.java:1649)
	at org.jfree.data.general.DatasetUtilities_ESTest.test01313(DatasetUtilities_ESTest.java:393)
	at sun.reflect.NativeMethodAccessorImpl.invoke0(Native Method)
	at sun.reflect.NativeMethodAccessorImpl.invoke(NativeMethodAccessorImpl.java:62)
	at sun.reflect.DelegatingMethodAccessorImpl.invoke(DelegatingMethodAccessorImpl.java:43)
	at java.lang.reflect.Method.invoke(Method.java:498)
	at org.junit.runners.model.FrameworkMethod$1.runReflectiveCall(FrameworkMethod.java:47)
	at org.junit.internal.runners.model.ReflectiveCallable.run(ReflectiveCallable.java:12)
	at org.junit.runners.model.FrameworkMethod.invokeExplosively(FrameworkMethod.java:44)
	at org.junit.internal.runners.statements.InvokeMethod.evaluate(InvokeMethod.java:17)
	at org.junit.internal.runners.statements.FailOnTimeout$StatementThread.run(FailOnTimeout.java:74)
--- org.jfree.data.general.DatasetUtilities_ESTest::test099103
org.evosuite.runtime.mock.java.lang.MockIllegalArgumentException: Null 'dataset' argument.
	at org.jfree.data.general.DatasetUtilities.iterateDomainBounds(DatasetUtilities.java:743)
	at org.jfree.data.general.DatasetUtilities_ESTest.test099103(DatasetUtilities_ESTest.java:1881)
	at sun.reflect.NativeMethodAccessorImpl.invoke0(Native Method)
	at sun.reflect.NativeMethodAccessorImpl.invoke(NativeMethodAccessorImpl.java:62)
	at sun.reflect.DelegatingMethodAccessorImpl.invoke(DelegatingMethodAccessorImpl.java:43)
	at java.lang.reflect.Method.invoke(Method.java:498)
	at org.junit.runners.model.FrameworkMethod$1.runReflectiveCall(FrameworkMethod.java:47)
	at org.junit.internal.runners.model.ReflectiveCallable.run(ReflectiveCallable.java:12)
	at org.junit.runners.model.FrameworkMethod.invokeExplosively(FrameworkMethod.java:44)
	at org.junit.internal.runners.statements.InvokeMethod.evaluate(InvokeMethod.java:17)
	at org.junit.internal.runners.statements.FailOnTimeout$StatementThread.run(FailOnTimeout.java:74)
--- org.jfree.data.general.DatasetUtilities_ESTest::test111117
org.evosuite.runtime.mock.java.lang.MockIllegalArgumentException: Null 'dataset' argument.
	at org.jfree.data.general.DatasetUtilities.findStackedRangeBounds(DatasetUtilities.java:1880)
	at org.jfree.data.general.DatasetUtilities_ESTest.test111117(DatasetUtilities_ESTest.java:2130)
	at sun.reflect.NativeMethodAccessorImpl.invoke0(Native Method)
	at sun.reflect.NativeMethodAccessorImpl.invoke(NativeMethodAccessorImpl.java:62)
	at sun.reflect.DelegatingMethodAccessorImpl.invoke(DelegatingMethodAccessorImpl.java:43)
	at java.lang.reflect.Method.invoke(Method.java:498)
	at org.junit.runners.model.FrameworkMethod$1.runReflectiveCall(FrameworkMethod.java:47)
	at org.junit.internal.runners.model.ReflectiveCallable.run(ReflectiveCallable.java:12)
	at org.junit.runners.model.FrameworkMethod.invokeExplosively(FrameworkMethod.java:44)
	at org.junit.internal.runners.statements.InvokeMethod.evaluate(InvokeMethod.java:17)
	at org.junit.internal.runners.statements.FailOnTimeout$StatementThread.run(FailOnTimeout.java:74)
--- org.jfree.data.general.DatasetUtilities_ESTest::test154164
java.lang.NullPointerException
	at org.jfree.data.general.DatasetUtilities.createCategoryDataset(DatasetUtilities.java:371)
	at org.jfree.data.general.DatasetUtilities_ESTest.test154164(DatasetUtilities_ESTest.java:2905)
	at sun.reflect.NativeMethodAccessorImpl.invoke0(Native Method)
	at sun.reflect.NativeMethodAccessorImpl.invoke(NativeMethodAccessorImpl.java:62)
	at sun.reflect.DelegatingMethodAccessorImpl.invoke(DelegatingMethodAccessorImpl.java:43)
	at java.lang.reflect.Method.invoke(Method.java:498)
	at org.junit.runners.model.FrameworkMethod$1.runReflectiveCall(FrameworkMethod.java:47)
	at org.junit.internal.runners.model.ReflectiveCallable.run(ReflectiveCallable.java:12)
	at org.junit.runners.model.FrameworkMethod.invokeExplosively(FrameworkMethod.java:44)
	at org.junit.internal.runners.statements.InvokeMethod.evaluate(InvokeMethod.java:17)
	at org.junit.internal.runners.statements.FailOnTimeout$StatementThread.run(FailOnTimeout.java:74)
--- org.jfree.data.general.DatasetUtilities_ESTest::test03738
org.evosuite.runtime.mock.java.lang.MockIllegalArgumentException: DefaultIntervalCategoryDataset.getValue(): series index out of range.
	at org.jfree.data.category.DefaultIntervalCategoryDataset.getEndValue(DefaultIntervalCategoryDataset.java:488)
	at org.jfree.data.category.DefaultIntervalCategoryDataset.getValue(DefaultIntervalCategoryDataset.java:397)
	at org.jfree.data.general.DatasetUtilities.createPieDatasetForRow(DatasetUtilities.java:233)
	at org.jfree.data.general.DatasetUtilities_ESTest.test03738(DatasetUtilities_ESTest.java:878)
	at sun.reflect.NativeMethodAccessorImpl.invoke0(Native Method)
	at sun.reflect.NativeMethodAccessorImpl.invoke(NativeMethodAccessorImpl.java:62)
	at sun.reflect.DelegatingMethodAccessorImpl.invoke(DelegatingMethodAccessorImpl.java:43)
	at java.lang.reflect.Method.invoke(Method.java:498)
	at org.junit.runners.model.FrameworkMethod$1.runReflectiveCall(FrameworkMethod.java:47)
	at org.junit.internal.runners.model.ReflectiveCallable.run(ReflectiveCallable.java:12)
	at org.junit.runners.model.FrameworkMethod.invokeExplosively(FrameworkMethod.java:44)
	at org.junit.internal.runners.statements.InvokeMethod.evaluate(InvokeMethod.java:17)
	at org.junit.internal.runners.statements.FailOnTimeout$StatementThread.run(FailOnTimeout.java:74)
--- org.jfree.data.general.DatasetUtilities_ESTest::test127133
java.lang.IndexOutOfBoundsException: Index: 0, Size: 0
	at java.util.ArrayList.rangeCheck(ArrayList.java:659)
	at java.util.ArrayList.get(ArrayList.java:435)
	at org.jfree.data.xy.XYIntervalSeriesCollection.getYValue(XYIntervalSeriesCollection.java:201)
	at org.jfree.data.xy.XYIntervalSeriesCollection.getY(XYIntervalSeriesCollection.java:242)
	at org.jfree.data.general.DatasetUtilities_ESTest.test127133(DatasetUtilities_ESTest.java:2389)
	at sun.reflect.NativeMethodAccessorImpl.invoke0(Native Method)
	at sun.reflect.NativeMethodAccessorImpl.invoke(NativeMethodAccessorImpl.java:62)
	at sun.reflect.DelegatingMethodAccessorImpl.invoke(DelegatingMethodAccessorImpl.java:43)
	at java.lang.reflect.Method.invoke(Method.java:498)
	at org.junit.runners.model.FrameworkMethod$1.runReflectiveCall(FrameworkMethod.java:47)
	at org.junit.internal.runners.model.ReflectiveCallable.run(ReflectiveCallable.java:12)
	at org.junit.runners.model.FrameworkMethod.invokeExplosively(FrameworkMethod.java:44)
	at org.junit.internal.runners.statements.InvokeMethod.evaluate(InvokeMethod.java:17)
	at org.junit.internal.runners.statements.FailOnTimeout$StatementThread.run(FailOnTimeout.java:74)
--- org.jfree.data.general.DatasetUtilities_ESTest::test02525
org.evosuite.runtime.mock.java.lang.MockIllegalArgumentException: Null 'dataset' argument.
	at org.jfree.data.general.DatasetUtilities.findDomainBounds(DatasetUtilities.java:701)
	at org.jfree.data.general.DatasetUtilities_ESTest.test02525(DatasetUtilities_ESTest.java:556)
	at sun.reflect.NativeMethodAccessorImpl.invoke0(Native Method)
	at sun.reflect.NativeMethodAccessorImpl.invoke(NativeMethodAccessorImpl.java:62)
	at sun.reflect.DelegatingMethodAccessorImpl.invoke(DelegatingMethodAccessorImpl.java:43)
	at java.lang.reflect.Method.invoke(Method.java:498)
	at org.junit.runners.model.FrameworkMethod$1.runReflectiveCall(FrameworkMethod.java:47)
	at org.junit.internal.runners.model.ReflectiveCallable.run(ReflectiveCallable.java:12)
	at org.junit.runners.model.FrameworkMethod.invokeExplosively(FrameworkMethod.java:44)
	at org.junit.internal.runners.statements.InvokeMethod.evaluate(InvokeMethod.java:17)
	at org.junit.internal.runners.statements.FailOnTimeout$StatementThread.run(FailOnTimeout.java:74)
--- org.jfree.data.general.DatasetUtilities_ESTest::test137144
org.evosuite.runtime.mock.java.lang.MockIllegalArgumentException: Null 'zone' argument.
	at org.jfree.data.time.TimeTableXYDataset.<init>(TimeTableXYDataset.java:140)
	at org.jfree.data.time.TimeTableXYDataset.<init>(TimeTableXYDataset.java:129)
	at org.jfree.data.general.DatasetUtilities_ESTest.test137144(DatasetUtilities_ESTest.java:2522)
	at sun.reflect.NativeMethodAccessorImpl.invoke0(Native Method)
	at sun.reflect.NativeMethodAccessorImpl.invoke(NativeMethodAccessorImpl.java:62)
	at sun.reflect.DelegatingMethodAccessorImpl.invoke(DelegatingMethodAccessorImpl.java:43)
	at java.lang.reflect.Method.invoke(Method.java:498)
	at org.junit.runners.model.FrameworkMethod$1.runReflectiveCall(FrameworkMethod.java:47)
	at org.junit.internal.runners.model.ReflectiveCallable.run(ReflectiveCallable.java:12)
	at org.junit.runners.model.FrameworkMethod.invokeExplosively(FrameworkMethod.java:44)
	at org.junit.internal.runners.statements.InvokeMethod.evaluate(InvokeMethod.java:17)
	at org.junit.internal.runners.statements.FailOnTimeout$StatementThread.run(FailOnTimeout.java:74)
--- org.jfree.data.general.DatasetUtilities_ESTest::test04950
org.evosuite.runtime.mock.java.lang.MockIllegalArgumentException: Requires 'start' < 'end'.
	at org.jfree.data.general.DatasetUtilities.sampleFunction2DToSeries(DatasetUtilities.java:542)
	at org.jfree.data.general.DatasetUtilities_ESTest.test04950(DatasetUtilities_ESTest.java:1107)
	at sun.reflect.NativeMethodAccessorImpl.invoke0(Native Method)
	at sun.reflect.NativeMethodAccessorImpl.invoke(NativeMethodAccessorImpl.java:62)
	at sun.reflect.DelegatingMethodAccessorImpl.invoke(DelegatingMethodAccessorImpl.java:43)
	at java.lang.reflect.Method.invoke(Method.java:498)
	at org.junit.runners.model.FrameworkMethod$1.runReflectiveCall(FrameworkMethod.java:47)
	at org.junit.internal.runners.model.ReflectiveCallable.run(ReflectiveCallable.java:12)
	at org.junit.runners.model.FrameworkMethod.invokeExplosively(FrameworkMethod.java:44)
	at org.junit.internal.runners.statements.InvokeMethod.evaluate(InvokeMethod.java:17)
	at org.junit.internal.runners.statements.FailOnTimeout$StatementThread.run(FailOnTimeout.java:74)
--- org.jfree.data.general.DatasetUtilities_ESTest::test105109
org.evosuite.runtime.mock.java.lang.MockIllegalArgumentException: Null 'dataset' argument.
	at org.jfree.data.general.DatasetUtilities.findRangeBounds(DatasetUtilities.java:847)
	at org.jfree.data.general.DatasetUtilities_ESTest.test105109(DatasetUtilities_ESTest.java:1968)
	at sun.reflect.NativeMethodAccessorImpl.invoke0(Native Method)
	at sun.reflect.NativeMethodAccessorImpl.invoke(NativeMethodAccessorImpl.java:62)
	at sun.reflect.DelegatingMethodAccessorImpl.invoke(DelegatingMethodAccessorImpl.java:43)
	at java.lang.reflect.Method.invoke(Method.java:498)
	at org.junit.runners.model.FrameworkMethod$1.runReflectiveCall(FrameworkMethod.java:47)
	at org.junit.internal.runners.model.ReflectiveCallable.run(ReflectiveCallable.java:12)
	at org.junit.runners.model.FrameworkMethod.invokeExplosively(FrameworkMethod.java:44)
	at org.junit.internal.runners.statements.InvokeMethod.evaluate(InvokeMethod.java:17)
	at org.junit.internal.runners.statements.FailOnTimeout$StatementThread.run(FailOnTimeout.java:74)
--- org.jfree.data.general.DatasetUtilities_ESTest::test159172
java.lang.NullPointerException
	at org.jfree.data.general.DatasetUtilities.calculateStackTotal(DatasetUtilities.java:2128)
	at org.jfree.data.general.DatasetUtilities_ESTest.test159172(DatasetUtilities_ESTest.java:2960)
	at sun.reflect.NativeMethodAccessorImpl.invoke0(Native Method)
	at sun.reflect.NativeMethodAccessorImpl.invoke(NativeMethodAccessorImpl.java:62)
	at sun.reflect.DelegatingMethodAccessorImpl.invoke(DelegatingMethodAccessorImpl.java:43)
	at java.lang.reflect.Method.invoke(Method.java:498)
	at org.junit.runners.model.FrameworkMethod$1.runReflectiveCall(FrameworkMethod.java:47)
	at org.junit.internal.runners.model.ReflectiveCallable.run(ReflectiveCallable.java:12)
	at org.junit.runners.model.FrameworkMethod.invokeExplosively(FrameworkMethod.java:44)
	at org.junit.internal.runners.statements.InvokeMethod.evaluate(InvokeMethod.java:17)
	at org.junit.internal.runners.statements.FailOnTimeout$StatementThread.run(FailOnTimeout.java:74)
--- org.jfree.data.general.DatasetUtilities_ESTest::test08993
org.evosuite.runtime.mock.java.lang.MockIllegalArgumentException: Null 'visibleSeriesKeys' argument.
	at org.jfree.data.general.DatasetUtilities.iterateToFindRangeBounds(DatasetUtilities.java:1056)
	at org.jfree.data.general.DatasetUtilities_ESTest.test08993(DatasetUtilities_ESTest.java:1748)
	at sun.reflect.NativeMethodAccessorImpl.invoke0(Native Method)
	at sun.reflect.NativeMethodAccessorImpl.invoke(NativeMethodAccessorImpl.java:62)
	at sun.reflect.DelegatingMethodAccessorImpl.invoke(DelegatingMethodAccessorImpl.java:43)
	at java.lang.reflect.Method.invoke(Method.java:498)
	at org.junit.runners.model.FrameworkMethod$1.runReflectiveCall(FrameworkMethod.java:47)
	at org.junit.internal.runners.model.ReflectiveCallable.run(ReflectiveCallable.java:12)
	at org.junit.runners.model.FrameworkMethod.invokeExplosively(FrameworkMethod.java:44)
	at org.junit.internal.runners.statements.InvokeMethod.evaluate(InvokeMethod.java:17)
	at org.junit.internal.runners.statements.FailOnTimeout$StatementThread.run(FailOnTimeout.java:74)
--- org.jfree.data.general.DatasetUtilities_ESTest::test07781
java.lang.NullPointerException
	at org.jfree.data.jdbc.JDBCCategoryDataset.executeQuery(JDBCCategoryDataset.java:215)
	at org.jfree.data.jdbc.JDBCCategoryDataset.executeQuery(JDBCCategoryDataset.java:192)
	at org.jfree.data.jdbc.JDBCCategoryDataset.<init>(JDBCCategoryDataset.java:156)
	at org.jfree.data.general.DatasetUtilities_ESTest.test07781(DatasetUtilities_ESTest.java:1558)
	at sun.reflect.NativeMethodAccessorImpl.invoke0(Native Method)
	at sun.reflect.NativeMethodAccessorImpl.invoke(NativeMethodAccessorImpl.java:62)
	at sun.reflect.DelegatingMethodAccessorImpl.invoke(DelegatingMethodAccessorImpl.java:43)
	at java.lang.reflect.Method.invoke(Method.java:498)
	at org.junit.runners.model.FrameworkMethod$1.runReflectiveCall(FrameworkMethod.java:47)
	at org.junit.internal.runners.model.ReflectiveCallable.run(ReflectiveCallable.java:12)
	at org.junit.runners.model.FrameworkMethod.invokeExplosively(FrameworkMethod.java:44)
	at org.junit.internal.runners.statements.InvokeMethod.evaluate(InvokeMethod.java:17)
	at org.junit.internal.runners.statements.FailOnTimeout$StatementThread.run(FailOnTimeout.java:74)
--- org.jfree.data.general.DatasetUtilities_ESTest::test148157
java.lang.NullPointerException
	at org.jfree.data.category.SlidingCategoryDataset.getRowCount(SlidingCategoryDataset.java:287)
	at org.jfree.data.general.DatasetUtilities.iterateRangeBounds(DatasetUtilities.java:982)
	at org.jfree.data.general.DatasetUtilities_ESTest.test148157(DatasetUtilities_ESTest.java:2766)
	at sun.reflect.NativeMethodAccessorImpl.invoke0(Native Method)
	at sun.reflect.NativeMethodAccessorImpl.invoke(NativeMethodAccessorImpl.java:62)
	at sun.reflect.DelegatingMethodAccessorImpl.invoke(DelegatingMethodAccessorImpl.java:43)
	at java.lang.reflect.Method.invoke(Method.java:498)
	at org.junit.runners.model.FrameworkMethod$1.runReflectiveCall(FrameworkMethod.java:47)
	at org.junit.internal.runners.model.ReflectiveCallable.run(ReflectiveCallable.java:12)
	at org.junit.runners.model.FrameworkMethod.invokeExplosively(FrameworkMethod.java:44)
	at org.junit.internal.runners.statements.InvokeMethod.evaluate(InvokeMethod.java:17)
	at org.junit.internal.runners.statements.FailOnTimeout$StatementThread.run(FailOnTimeout.java:74)
--- org.jfree.data.general.DatasetUtilities_ESTest::test165179
org.evosuite.runtime.mock.java.lang.MockIllegalArgumentException: The 'year' argument must be in range 1900 to 9999.
	at org.jfree.data.time.SpreadsheetDate.<init>(SpreadsheetDate.java:113)
	at org.jfree.data.time.SerialDate.createInstance(SerialDate.java:792)
	at org.jfree.data.time.Day.<init>(Day.java:173)
	at org.jfree.data.time.Hour.<init>(Hour.java:163)
	at org.jfree.data.general.DatasetUtilities_ESTest.test165179(DatasetUtilities_ESTest.java:3049)
	at sun.reflect.NativeMethodAccessorImpl.invoke0(Native Method)
	at sun.reflect.NativeMethodAccessorImpl.invoke(NativeMethodAccessorImpl.java:62)
	at sun.reflect.DelegatingMethodAccessorImpl.invoke(DelegatingMethodAccessorImpl.java:43)
	at java.lang.reflect.Method.invoke(Method.java:498)
	at org.junit.runners.model.FrameworkMethod$1.runReflectiveCall(FrameworkMethod.java:47)
	at org.junit.internal.runners.model.ReflectiveCallable.run(ReflectiveCallable.java:12)
	at org.junit.runners.model.FrameworkMethod.invokeExplosively(FrameworkMethod.java:44)
	at org.junit.internal.runners.statements.InvokeMethod.evaluate(InvokeMethod.java:17)
	at org.junit.internal.runners.statements.FailOnTimeout$StatementThread.run(FailOnTimeout.java:74)
--- org.jfree.data.general.DatasetUtilities_ESTest::test116122
org.evosuite.runtime.mock.java.lang.MockIllegalArgumentException: Null 'rowKeys' argument.
	at org.jfree.data.general.DatasetUtilities.createCategoryDataset(DatasetUtilities.java:428)
	at org.jfree.data.general.DatasetUtilities_ESTest.test116122(DatasetUtilities_ESTest.java:2175)
	at sun.reflect.NativeMethodAccessorImpl.invoke0(Native Method)
	at sun.reflect.NativeMethodAccessorImpl.invoke(NativeMethodAccessorImpl.java:62)
	at sun.reflect.DelegatingMethodAccessorImpl.invoke(DelegatingMethodAccessorImpl.java:43)
	at java.lang.reflect.Method.invoke(Method.java:498)
	at org.junit.runners.model.FrameworkMethod$1.runReflectiveCall(FrameworkMethod.java:47)
	at org.junit.internal.runners.model.ReflectiveCallable.run(ReflectiveCallable.java:12)
	at org.junit.runners.model.FrameworkMethod.invokeExplosively(FrameworkMethod.java:44)
	at org.junit.internal.runners.statements.InvokeMethod.evaluate(InvokeMethod.java:17)
	at org.junit.internal.runners.statements.FailOnTimeout$StatementThread.run(FailOnTimeout.java:74)
--- org.jfree.data.general.DatasetUtilities_ESTest::test143151
java.lang.NullPointerException
	at org.jfree.data.xy.DefaultWindDataset.<init>(DefaultWindDataset.java:132)
	at org.jfree.data.xy.DefaultWindDataset.<init>(DefaultWindDataset.java:101)
	at org.jfree.data.general.DatasetUtilities_ESTest.test143151(DatasetUtilities_ESTest.java:2690)
	at sun.reflect.NativeMethodAccessorImpl.invoke0(Native Method)
	at sun.reflect.NativeMethodAccessorImpl.invoke(NativeMethodAccessorImpl.java:62)
	at sun.reflect.DelegatingMethodAccessorImpl.invoke(DelegatingMethodAccessorImpl.java:43)
	at java.lang.reflect.Method.invoke(Method.java:498)
	at org.junit.runners.model.FrameworkMethod$1.runReflectiveCall(FrameworkMethod.java:47)
	at org.junit.internal.runners.model.ReflectiveCallable.run(ReflectiveCallable.java:12)
	at org.junit.runners.model.FrameworkMethod.invokeExplosively(FrameworkMethod.java:44)
	at org.junit.internal.runners.statements.InvokeMethod.evaluate(InvokeMethod.java:17)
	at org.junit.internal.runners.statements.FailOnTimeout$StatementThread.run(FailOnTimeout.java:74)
--- org.jfree.data.general.DatasetUtilities_ESTest::test04142
junit.framework.AssertionFailedError
	at org.junit.Assert.fail(Assert.java:86)
	at org.junit.Assert.assertTrue(Assert.java:41)
	at org.junit.Assert.assertTrue(Assert.java:52)
	at org.jfree.data.general.DatasetUtilities_ESTest.test04142(DatasetUtilities_ESTest.java:944)
	at sun.reflect.NativeMethodAccessorImpl.invoke0(Native Method)
	at sun.reflect.NativeMethodAccessorImpl.invoke(NativeMethodAccessorImpl.java:62)
	at sun.reflect.DelegatingMethodAccessorImpl.invoke(DelegatingMethodAccessorImpl.java:43)
	at java.lang.reflect.Method.invoke(Method.java:498)
	at org.junit.runners.model.FrameworkMethod$1.runReflectiveCall(FrameworkMethod.java:47)
	at org.junit.internal.runners.model.ReflectiveCallable.run(ReflectiveCallable.java:12)
	at org.junit.runners.model.FrameworkMethod.invokeExplosively(FrameworkMethod.java:44)
	at org.junit.internal.runners.statements.InvokeMethod.evaluate(InvokeMethod.java:17)
	at org.junit.internal.runners.statements.FailOnTimeout$StatementThread.run(FailOnTimeout.java:74)
--- org.jfree.data.general.DatasetUtilities_ESTest::test100104
java.lang.NullPointerException
	at org.jfree.data.general.DatasetUtilities.iterateRangeBounds(DatasetUtilities.java:1240)
	at org.jfree.data.general.DatasetUtilities_ESTest.test100104(DatasetUtilities_ESTest.java:1896)
	at sun.reflect.NativeMethodAccessorImpl.invoke0(Native Method)
	at sun.reflect.NativeMethodAccessorImpl.invoke(NativeMethodAccessorImpl.java:62)
	at sun.reflect.DelegatingMethodAccessorImpl.invoke(DelegatingMethodAccessorImpl.java:43)
	at java.lang.reflect.Method.invoke(Method.java:498)
	at org.junit.runners.model.FrameworkMethod$1.runReflectiveCall(FrameworkMethod.java:47)
	at org.junit.internal.runners.model.ReflectiveCallable.run(ReflectiveCallable.java:12)
	at org.junit.runners.model.FrameworkMethod.invokeExplosively(FrameworkMethod.java:44)
	at org.junit.internal.runners.statements.InvokeMethod.evaluate(InvokeMethod.java:17)
	at org.junit.internal.runners.statements.FailOnTimeout$StatementThread.run(FailOnTimeout.java:74)
--- org.jfree.data.general.DatasetUtilities_ESTest::test05354
org.evosuite.runtime.mock.java.lang.MockIllegalArgumentException: Null 'rowData' argument.
	at org.jfree.data.general.DatasetUtilities.createCategoryDataset(DatasetUtilities.java:484)
	at org.jfree.data.general.DatasetUtilities_ESTest.test05354(DatasetUtilities_ESTest.java:1176)
	at sun.reflect.NativeMethodAccessorImpl.invoke0(Native Method)
	at sun.reflect.NativeMethodAccessorImpl.invoke(NativeMethodAccessorImpl.java:62)
	at sun.reflect.DelegatingMethodAccessorImpl.invoke(DelegatingMethodAccessorImpl.java:43)
	at java.lang.reflect.Method.invoke(Method.java:498)
	at org.junit.runners.model.FrameworkMethod$1.runReflectiveCall(FrameworkMethod.java:47)
	at org.junit.internal.runners.model.ReflectiveCallable.run(ReflectiveCallable.java:12)
	at org.junit.runners.model.FrameworkMethod.invokeExplosively(FrameworkMethod.java:44)
	at org.junit.internal.runners.statements.InvokeMethod.evaluate(InvokeMethod.java:17)
	at org.junit.internal.runners.statements.FailOnTimeout$StatementThread.run(FailOnTimeout.java:74)
--- org.jfree.data.general.DatasetUtilities_ESTest::test09397
java.lang.NullPointerException
	at org.jfree.data.general.DatasetUtilities.iterateRangeBounds(DatasetUtilities.java:982)
	at org.jfree.data.general.DatasetUtilities.iterateRangeBounds(DatasetUtilities.java:963)
	at org.jfree.data.general.DatasetUtilities_ESTest.test09397(DatasetUtilities_ESTest.java:1784)
	at sun.reflect.NativeMethodAccessorImpl.invoke0(Native Method)
	at sun.reflect.NativeMethodAccessorImpl.invoke(NativeMethodAccessorImpl.java:62)
	at sun.reflect.DelegatingMethodAccessorImpl.invoke(DelegatingMethodAccessorImpl.java:43)
	at java.lang.reflect.Method.invoke(Method.java:498)
	at org.junit.runners.model.FrameworkMethod$1.runReflectiveCall(FrameworkMethod.java:47)
	at org.junit.internal.runners.model.ReflectiveCallable.run(ReflectiveCallable.java:12)
	at org.junit.runners.model.FrameworkMethod.invokeExplosively(FrameworkMethod.java:44)
	at org.junit.internal.runners.statements.InvokeMethod.evaluate(InvokeMethod.java:17)
	at org.junit.internal.runners.statements.FailOnTimeout$StatementThread.run(FailOnTimeout.java:74)
--- org.jfree.data.general.DatasetUtilities_ESTest::test08185
org.evosuite.runtime.mock.java.lang.MockIllegalArgumentException: Null 'dataset' argument.
	at org.jfree.data.general.DatasetUtilities.findMinimumStackedRangeValue(DatasetUtilities.java:1990)
	at org.jfree.data.general.DatasetUtilities_ESTest.test08185(DatasetUtilities_ESTest.java:1610)
	at sun.reflect.NativeMethodAccessorImpl.invoke0(Native Method)
	at sun.reflect.NativeMethodAccessorImpl.invoke(NativeMethodAccessorImpl.java:62)
	at sun.reflect.DelegatingMethodAccessorImpl.invoke(DelegatingMethodAccessorImpl.java:43)
	at java.lang.reflect.Method.invoke(Method.java:498)
	at org.junit.runners.model.FrameworkMethod$1.runReflectiveCall(FrameworkMethod.java:47)
	at org.junit.internal.runners.model.ReflectiveCallable.run(ReflectiveCallable.java:12)
	at org.junit.runners.model.FrameworkMethod.invokeExplosively(FrameworkMethod.java:44)
	at org.junit.internal.runners.statements.InvokeMethod.evaluate(InvokeMethod.java:17)
	at org.junit.internal.runners.statements.FailOnTimeout$StatementThread.run(FailOnTimeout.java:74)
--- org.jfree.data.general.DatasetUtilities_ESTest::test0033
java.lang.NegativeArraySizeException
	at org.jfree.data.xy.MatrixSeries.<init>(MatrixSeries.java:78)
	at org.jfree.data.general.DatasetUtilities_ESTest.test0033(DatasetUtilities_ESTest.java:204)
	at sun.reflect.NativeMethodAccessorImpl.invoke0(Native Method)
	at sun.reflect.NativeMethodAccessorImpl.invoke(NativeMethodAccessorImpl.java:62)
	at sun.reflect.DelegatingMethodAccessorImpl.invoke(DelegatingMethodAccessorImpl.java:43)
	at java.lang.reflect.Method.invoke(Method.java:498)
	at org.junit.runners.model.FrameworkMethod$1.runReflectiveCall(FrameworkMethod.java:47)
	at org.junit.internal.runners.model.ReflectiveCallable.run(ReflectiveCallable.java:12)
	at org.junit.runners.model.FrameworkMethod.invokeExplosively(FrameworkMethod.java:44)
	at org.junit.internal.runners.statements.InvokeMethod.evaluate(InvokeMethod.java:17)
	at org.junit.internal.runners.statements.FailOnTimeout$StatementThread.run(FailOnTimeout.java:74)
--- org.jfree.data.general.DatasetUtilities_ESTest::test02424
org.evosuite.runtime.mock.java.lang.MockIllegalArgumentException: Null 'dataset' argument.
	at org.jfree.data.general.DatasetUtilities.calculatePieDatasetTotal(DatasetUtilities.java:182)
	at org.jfree.data.general.DatasetUtilities_ESTest.test02424(DatasetUtilities_ESTest.java:550)
	at sun.reflect.NativeMethodAccessorImpl.invoke0(Native Method)
	at sun.reflect.NativeMethodAccessorImpl.invoke(NativeMethodAccessorImpl.java:62)
	at sun.reflect.DelegatingMethodAccessorImpl.invoke(DelegatingMethodAccessorImpl.java:43)
	at java.lang.reflect.Method.invoke(Method.java:498)
	at org.junit.runners.model.FrameworkMethod$1.runReflectiveCall(FrameworkMethod.java:47)
	at org.junit.internal.runners.model.ReflectiveCallable.run(ReflectiveCallable.java:12)
	at org.junit.runners.model.FrameworkMethod.invokeExplosively(FrameworkMethod.java:44)
	at org.junit.internal.runners.statements.InvokeMethod.evaluate(InvokeMethod.java:17)
	at org.junit.internal.runners.statements.FailOnTimeout$StatementThread.run(FailOnTimeout.java:74)
--- org.jfree.data.general.DatasetUtilities_ESTest::test01212
org.evosuite.runtime.mock.java.lang.MockIllegalArgumentException: Requires 'samples' > 1
	at org.jfree.data.general.DatasetUtilities.sampleFunction2DToSeries(DatasetUtilities.java:545)
	at org.jfree.data.general.DatasetUtilities_ESTest.test01212(DatasetUtilities_ESTest.java:381)
	at sun.reflect.NativeMethodAccessorImpl.invoke0(Native Method)
	at sun.reflect.NativeMethodAccessorImpl.invoke(NativeMethodAccessorImpl.java:62)
	at sun.reflect.DelegatingMethodAccessorImpl.invoke(DelegatingMethodAccessorImpl.java:43)
	at java.lang.reflect.Method.invoke(Method.java:498)
	at org.junit.runners.model.FrameworkMethod$1.runReflectiveCall(FrameworkMethod.java:47)
	at org.junit.internal.runners.model.ReflectiveCallable.run(ReflectiveCallable.java:12)
	at org.junit.runners.model.FrameworkMethod.invokeExplosively(FrameworkMethod.java:44)
	at org.junit.internal.runners.statements.InvokeMethod.evaluate(InvokeMethod.java:17)
	at org.junit.internal.runners.statements.FailOnTimeout$StatementThread.run(FailOnTimeout.java:74)
--- org.jfree.data.general.DatasetUtilities_ESTest::test04849
java.lang.NullPointerException
	at org.jfree.data.general.DatasetUtilities.iterateRangeBounds(DatasetUtilities.java:1240)
	at org.jfree.data.general.DatasetUtilities.iterateRangeBounds(DatasetUtilities.java:1220)
	at org.jfree.data.general.DatasetUtilities.iterateXYRangeBounds(DatasetUtilities.java:1206)
	at org.jfree.data.general.DatasetUtilities_ESTest.test04849(DatasetUtilities_ESTest.java:1080)
	at sun.reflect.NativeMethodAccessorImpl.invoke0(Native Method)
	at sun.reflect.NativeMethodAccessorImpl.invoke(NativeMethodAccessorImpl.java:62)
	at sun.reflect.DelegatingMethodAccessorImpl.invoke(DelegatingMethodAccessorImpl.java:43)
	at java.lang.reflect.Method.invoke(Method.java:498)
	at org.junit.runners.model.FrameworkMethod$1.runReflectiveCall(FrameworkMethod.java:47)
	at org.junit.internal.runners.model.ReflectiveCallable.run(ReflectiveCallable.java:12)
	at org.junit.runners.model.FrameworkMethod.invokeExplosively(FrameworkMethod.java:44)
	at org.junit.internal.runners.statements.InvokeMethod.evaluate(InvokeMethod.java:17)
	at org.junit.internal.runners.statements.FailOnTimeout$StatementThread.run(FailOnTimeout.java:74)
--- org.jfree.data.general.DatasetUtilities_ESTest::test08892
org.evosuite.runtime.mock.java.lang.MockIllegalArgumentException: Null 'dataset' argument.
	at org.jfree.data.general.DatasetUtilities.findMinimumRangeValue(DatasetUtilities.java:1638)
	at org.jfree.data.general.DatasetUtilities_ESTest.test08892(DatasetUtilities_ESTest.java:1739)
	at sun.reflect.NativeMethodAccessorImpl.invoke0(Native Method)
	at sun.reflect.NativeMethodAccessorImpl.invoke(NativeMethodAccessorImpl.java:62)
	at sun.reflect.DelegatingMethodAccessorImpl.invoke(DelegatingMethodAccessorImpl.java:43)
	at java.lang.reflect.Method.invoke(Method.java:498)
	at org.junit.runners.model.FrameworkMethod$1.runReflectiveCall(FrameworkMethod.java:47)
	at org.junit.internal.runners.model.ReflectiveCallable.run(ReflectiveCallable.java:12)
	at org.junit.runners.model.FrameworkMethod.invokeExplosively(FrameworkMethod.java:44)
	at org.junit.internal.runners.statements.InvokeMethod.evaluate(InvokeMethod.java:17)
	at org.junit.internal.runners.statements.FailOnTimeout$StatementThread.run(FailOnTimeout.java:74)
--- org.jfree.data.general.DatasetUtilities_ESTest::test07680
org.evosuite.runtime.mock.java.lang.MockIllegalArgumentException: Null 'dataset' argument.
	at org.jfree.data.general.DatasetUtilities.calculatePieDatasetTotal(DatasetUtilities.java:182)
	at org.jfree.data.general.DatasetUtilities.createConsolidatedPieDataset(DatasetUtilities.java:311)
	at org.jfree.data.general.DatasetUtilities.createConsolidatedPieDataset(DatasetUtilities.java:288)
	at org.jfree.data.general.DatasetUtilities_ESTest.test07680(DatasetUtilities_ESTest.java:1545)
	at sun.reflect.NativeMethodAccessorImpl.invoke0(Native Method)
	at sun.reflect.NativeMethodAccessorImpl.invoke(NativeMethodAccessorImpl.java:62)
	at sun.reflect.DelegatingMethodAccessorImpl.invoke(DelegatingMethodAccessorImpl.java:43)
	at java.lang.reflect.Method.invoke(Method.java:498)
	at org.junit.runners.model.FrameworkMethod$1.runReflectiveCall(FrameworkMethod.java:47)
	at org.junit.internal.runners.model.ReflectiveCallable.run(ReflectiveCallable.java:12)
	at org.junit.runners.model.FrameworkMethod.invokeExplosively(FrameworkMethod.java:44)
	at org.junit.internal.runners.statements.InvokeMethod.evaluate(InvokeMethod.java:17)
	at org.junit.internal.runners.statements.FailOnTimeout$StatementThread.run(FailOnTimeout.java:74)
--- org.jfree.data.general.DatasetUtilities_ESTest::test0000
org.evosuite.runtime.mock.java.lang.MockIllegalArgumentException: Null 'dataset' argument.
	at org.jfree.data.general.DatasetUtilities.findStackedRangeBounds(DatasetUtilities.java:2081)
	at org.jfree.data.general.DatasetUtilities.findStackedRangeBounds(DatasetUtilities.java:2066)
	at org.jfree.data.general.DatasetUtilities_ESTest.test0000(DatasetUtilities_ESTest.java:141)
	at sun.reflect.NativeMethodAccessorImpl.invoke0(Native Method)
	at sun.reflect.NativeMethodAccessorImpl.invoke(NativeMethodAccessorImpl.java:62)
	at sun.reflect.DelegatingMethodAccessorImpl.invoke(DelegatingMethodAccessorImpl.java:43)
	at java.lang.reflect.Method.invoke(Method.java:498)
	at org.junit.runners.model.FrameworkMethod$1.runReflectiveCall(FrameworkMethod.java:47)
	at org.junit.internal.runners.model.ReflectiveCallable.run(ReflectiveCallable.java:12)
	at org.junit.runners.model.FrameworkMethod.invokeExplosively(FrameworkMethod.java:44)
	at org.junit.internal.runners.statements.InvokeMethod.evaluate(InvokeMethod.java:17)
	at org.junit.internal.runners.statements.FailOnTimeout$StatementThread.run(FailOnTimeout.java:74)
--- org.jfree.data.general.DatasetUtilities_ESTest::test160173
org.evosuite.runtime.mock.java.lang.MockIllegalArgumentException: Null 'dataset' argument.
	at org.jfree.data.general.DatasetUtilities.findMaximumRangeValue(DatasetUtilities.java:1810)
	at org.jfree.data.general.DatasetUtilities_ESTest.test160173(DatasetUtilities_ESTest.java:2965)
	at sun.reflect.NativeMethodAccessorImpl.invoke0(Native Method)
	at sun.reflect.NativeMethodAccessorImpl.invoke(NativeMethodAccessorImpl.java:62)
	at sun.reflect.DelegatingMethodAccessorImpl.invoke(DelegatingMethodAccessorImpl.java:43)
	at java.lang.reflect.Method.invoke(Method.java:498)
	at org.junit.runners.model.FrameworkMethod$1.runReflectiveCall(FrameworkMethod.java:47)
	at org.junit.internal.runners.model.ReflectiveCallable.run(ReflectiveCallable.java:12)
	at org.junit.runners.model.FrameworkMethod.invokeExplosively(FrameworkMethod.java:44)
	at org.junit.internal.runners.statements.InvokeMethod.evaluate(InvokeMethod.java:17)
	at org.junit.internal.runners.statements.FailOnTimeout$StatementThread.run(FailOnTimeout.java:74)
--- org.jfree.data.general.DatasetUtilities_ESTest::test133139
org.evosuite.runtime.mock.java.lang.MockIllegalArgumentException: The 'series' argument is out of bounds (-176).
	at org.jfree.data.time.TimeSeriesCollection.getSeries(TimeSeriesCollection.java:274)
	at org.jfree.data.time.TimeSeriesCollection.getSeriesKey(TimeSeriesCollection.java:311)
	at org.jfree.data.general.DatasetUtilities_ESTest.test133139(DatasetUtilities_ESTest.java:2434)
	at sun.reflect.NativeMethodAccessorImpl.invoke0(Native Method)
	at sun.reflect.NativeMethodAccessorImpl.invoke(NativeMethodAccessorImpl.java:62)
	at sun.reflect.DelegatingMethodAccessorImpl.invoke(DelegatingMethodAccessorImpl.java:43)
	at java.lang.reflect.Method.invoke(Method.java:498)
	at org.junit.runners.model.FrameworkMethod$1.runReflectiveCall(FrameworkMethod.java:47)
	at org.junit.internal.runners.model.ReflectiveCallable.run(ReflectiveCallable.java:12)
	at org.junit.runners.model.FrameworkMethod.invokeExplosively(FrameworkMethod.java:44)
	at org.junit.internal.runners.statements.InvokeMethod.evaluate(InvokeMethod.java:17)
	at org.junit.internal.runners.statements.FailOnTimeout$StatementThread.run(FailOnTimeout.java:74)
--- org.jfree.data.general.DatasetUtilities_ESTest::test110116
org.evosuite.runtime.mock.java.lang.MockIllegalArgumentException: SpreadsheetDate: Serial must be in range 2 to 2958465.
	at org.jfree.data.time.SpreadsheetDate.<init>(SpreadsheetDate.java:152)
	at org.jfree.data.time.SerialDate.createInstance(SerialDate.java:804)
	at org.jfree.data.time.SerialDate.addDays(SerialDate.java:569)
	at org.jfree.data.general.DatasetUtilities_ESTest.test110116(DatasetUtilities_ESTest.java:2124)
	at sun.reflect.NativeMethodAccessorImpl.invoke0(Native Method)
	at sun.reflect.NativeMethodAccessorImpl.invoke(NativeMethodAccessorImpl.java:62)
	at sun.reflect.DelegatingMethodAccessorImpl.invoke(DelegatingMethodAccessorImpl.java:43)
	at java.lang.reflect.Method.invoke(Method.java:498)
	at org.junit.runners.model.FrameworkMethod$1.runReflectiveCall(FrameworkMethod.java:47)
	at org.junit.internal.runners.model.ReflectiveCallable.run(ReflectiveCallable.java:12)
	at org.junit.runners.model.FrameworkMethod.invokeExplosively(FrameworkMethod.java:44)
	at org.junit.internal.runners.statements.InvokeMethod.evaluate(InvokeMethod.java:17)
	at org.junit.internal.runners.statements.FailOnTimeout$StatementThread.run(FailOnTimeout.java:74)
--- org.jfree.data.general.DatasetUtilities_ESTest::test176193
java.lang.NullPointerException
	at org.jfree.data.xy.DefaultWindDataset.<init>(DefaultWindDataset.java:132)
	at org.jfree.data.xy.DefaultWindDataset.<init>(DefaultWindDataset.java:101)
	at org.jfree.data.general.DatasetUtilities_ESTest.test176193(DatasetUtilities_ESTest.java:3321)
	at sun.reflect.NativeMethodAccessorImpl.invoke0(Native Method)
	at sun.reflect.NativeMethodAccessorImpl.invoke(NativeMethodAccessorImpl.java:62)
	at sun.reflect.DelegatingMethodAccessorImpl.invoke(DelegatingMethodAccessorImpl.java:43)
	at java.lang.reflect.Method.invoke(Method.java:498)
	at org.junit.runners.model.FrameworkMethod$1.runReflectiveCall(FrameworkMethod.java:47)
	at org.junit.internal.runners.model.ReflectiveCallable.run(ReflectiveCallable.java:12)
	at org.junit.runners.model.FrameworkMethod.invokeExplosively(FrameworkMethod.java:44)
	at org.junit.internal.runners.statements.InvokeMethod.evaluate(InvokeMethod.java:17)
	at org.junit.internal.runners.statements.FailOnTimeout$StatementThread.run(FailOnTimeout.java:74)
--- org.jfree.data.general.DatasetUtilities_ESTest::test126132
java.lang.ArrayIndexOutOfBoundsException
--- org.jfree.data.general.DatasetUtilities_ESTest::test138145
org.evosuite.runtime.mock.java.lang.MockIllegalArgumentException: Null 'rowKey' argument.
	at org.jfree.data.general.DatasetUtilities.createCategoryDataset(DatasetUtilities.java:481)
	at org.jfree.data.general.DatasetUtilities_ESTest.test138145(DatasetUtilities_ESTest.java:2533)
	at sun.reflect.NativeMethodAccessorImpl.invoke0(Native Method)
	at sun.reflect.NativeMethodAccessorImpl.invoke(NativeMethodAccessorImpl.java:62)
	at sun.reflect.DelegatingMethodAccessorImpl.invoke(DelegatingMethodAccessorImpl.java:43)
	at java.lang.reflect.Method.invoke(Method.java:498)
	at org.junit.runners.model.FrameworkMethod$1.runReflectiveCall(FrameworkMethod.java:47)
	at org.junit.internal.runners.model.ReflectiveCallable.run(ReflectiveCallable.java:12)
	at org.junit.runners.model.FrameworkMethod.invokeExplosively(FrameworkMethod.java:44)
	at org.junit.internal.runners.statements.InvokeMethod.evaluate(InvokeMethod.java:17)
	at org.junit.internal.runners.statements.FailOnTimeout$StatementThread.run(FailOnTimeout.java:74)
--- org.jfree.data.general.DatasetUtilities_ESTest::test05253
org.evosuite.runtime.mock.java.lang.MockIllegalArgumentException: The 'year' argument must be in range 1900 to 9999.
	at org.jfree.data.time.SpreadsheetDate.<init>(SpreadsheetDate.java:113)
	at org.jfree.data.time.SerialDate.createInstance(SerialDate.java:792)
	at org.jfree.data.time.Day.<init>(Day.java:124)
	at org.jfree.data.time.Hour.<init>(Hour.java:129)
	at org.jfree.data.general.DatasetUtilities_ESTest.test05253(DatasetUtilities_ESTest.java:1164)
	at sun.reflect.NativeMethodAccessorImpl.invoke0(Native Method)
	at sun.reflect.NativeMethodAccessorImpl.invoke(NativeMethodAccessorImpl.java:62)
	at sun.reflect.DelegatingMethodAccessorImpl.invoke(DelegatingMethodAccessorImpl.java:43)
	at java.lang.reflect.Method.invoke(Method.java:498)
	at org.junit.runners.model.FrameworkMethod$1.runReflectiveCall(FrameworkMethod.java:47)
	at org.junit.internal.runners.model.ReflectiveCallable.run(ReflectiveCallable.java:12)
	at org.junit.runners.model.FrameworkMethod.invokeExplosively(FrameworkMethod.java:44)
	at org.junit.internal.runners.statements.InvokeMethod.evaluate(InvokeMethod.java:17)
	at org.junit.internal.runners.statements.FailOnTimeout$StatementThread.run(FailOnTimeout.java:74)
--- org.jfree.data.general.DatasetUtilities_ESTest::test06465
org.evosuite.runtime.mock.java.lang.MockIllegalArgumentException: Duplicate items in 'rowKeys'.
	at org.jfree.data.general.DatasetUtilities.createCategoryDataset(DatasetUtilities.java:434)
	at org.jfree.data.general.DatasetUtilities_ESTest.test06465(DatasetUtilities_ESTest.java:1342)
	at sun.reflect.NativeMethodAccessorImpl.invoke0(Native Method)
	at sun.reflect.NativeMethodAccessorImpl.invoke(NativeMethodAccessorImpl.java:62)
	at sun.reflect.DelegatingMethodAccessorImpl.invoke(DelegatingMethodAccessorImpl.java:43)
	at java.lang.reflect.Method.invoke(Method.java:498)
	at org.junit.runners.model.FrameworkMethod$1.runReflectiveCall(FrameworkMethod.java:47)
	at org.junit.internal.runners.model.ReflectiveCallable.run(ReflectiveCallable.java:12)
	at org.junit.runners.model.FrameworkMethod.invokeExplosively(FrameworkMethod.java:44)
	at org.junit.internal.runners.statements.InvokeMethod.evaluate(InvokeMethod.java:17)
	at org.junit.internal.runners.statements.FailOnTimeout$StatementThread.run(FailOnTimeout.java:74)
--- org.jfree.data.general.DatasetUtilities_ESTest::test121127
org.evosuite.runtime.mock.java.lang.MockIllegalArgumentException: Null 'key' argument.
	at org.jfree.data.general.Series.<init>(Series.java:115)
	at org.jfree.data.general.Series.<init>(Series.java:104)
	at org.jfree.data.time.TimePeriodValues.<init>(TimePeriodValues.java:129)
	at org.jfree.data.time.TimePeriodValues.<init>(TimePeriodValues.java:114)
	at org.jfree.data.general.DatasetUtilities_ESTest.test121127(DatasetUtilities_ESTest.java:2286)
	at sun.reflect.NativeMethodAccessorImpl.invoke0(Native Method)
	at sun.reflect.NativeMethodAccessorImpl.invoke(NativeMethodAccessorImpl.java:62)
	at sun.reflect.DelegatingMethodAccessorImpl.invoke(DelegatingMethodAccessorImpl.java:43)
	at java.lang.reflect.Method.invoke(Method.java:498)
	at org.junit.runners.model.FrameworkMethod$1.runReflectiveCall(FrameworkMethod.java:47)
	at org.junit.internal.runners.model.ReflectiveCallable.run(ReflectiveCallable.java:12)
	at org.junit.runners.model.FrameworkMethod.invokeExplosively(FrameworkMethod.java:44)
	at org.junit.internal.runners.statements.InvokeMethod.evaluate(InvokeMethod.java:17)
	at org.junit.internal.runners.statements.FailOnTimeout$StatementThread.run(FailOnTimeout.java:74)
--- org.jfree.data.general.DatasetUtilities_ESTest::test04041
org.evosuite.runtime.mock.java.lang.MockIllegalArgumentException: Null 'dataset' argument.
	at org.jfree.data.general.DatasetUtilities.findCumulativeRangeBounds(DatasetUtilities.java:2150)
	at org.jfree.data.general.DatasetUtilities_ESTest.test04041(DatasetUtilities_ESTest.java:923)
	at sun.reflect.NativeMethodAccessorImpl.invoke0(Native Method)
	at sun.reflect.NativeMethodAccessorImpl.invoke(NativeMethodAccessorImpl.java:62)
	at sun.reflect.DelegatingMethodAccessorImpl.invoke(DelegatingMethodAccessorImpl.java:43)
	at java.lang.reflect.Method.invoke(Method.java:498)
	at org.junit.runners.model.FrameworkMethod$1.runReflectiveCall(FrameworkMethod.java:47)
	at org.junit.internal.runners.model.ReflectiveCallable.run(ReflectiveCallable.java:12)
	at org.junit.runners.model.FrameworkMethod.invokeExplosively(FrameworkMethod.java:44)
	at org.junit.internal.runners.statements.InvokeMethod.evaluate(InvokeMethod.java:17)
	at org.junit.internal.runners.statements.FailOnTimeout$StatementThread.run(FailOnTimeout.java:74)
--- org.jfree.data.general.DatasetUtilities_ESTest::test09296
org.evosuite.runtime.mock.java.lang.MockIllegalArgumentException: Null 'dataset' argument.
	at org.jfree.data.general.DatasetUtilities.findDomainBounds(DatasetUtilities.java:667)
	at org.jfree.data.general.DatasetUtilities_ESTest.test09296(DatasetUtilities_ESTest.java:1778)
	at sun.reflect.NativeMethodAccessorImpl.invoke0(Native Method)
	at sun.reflect.NativeMethodAccessorImpl.invoke(NativeMethodAccessorImpl.java:62)
	at sun.reflect.DelegatingMethodAccessorImpl.invoke(DelegatingMethodAccessorImpl.java:43)
	at java.lang.reflect.Method.invoke(Method.java:498)
	at org.junit.runners.model.FrameworkMethod$1.runReflectiveCall(FrameworkMethod.java:47)
	at org.junit.internal.runners.model.ReflectiveCallable.run(ReflectiveCallable.java:12)
	at org.junit.runners.model.FrameworkMethod.invokeExplosively(FrameworkMethod.java:44)
	at org.junit.internal.runners.statements.InvokeMethod.evaluate(InvokeMethod.java:17)
	at org.junit.internal.runners.statements.FailOnTimeout$StatementThread.run(FailOnTimeout.java:74)
--- org.jfree.data.general.DatasetUtilities_ESTest::test08084
org.evosuite.runtime.mock.java.lang.MockIllegalArgumentException: Null 'dataset' argument.
	at org.jfree.data.general.DatasetUtilities.findMinimumDomainValue(DatasetUtilities.java:1525)
	at org.jfree.data.general.DatasetUtilities_ESTest.test08084(DatasetUtilities_ESTest.java:1604)
	at sun.reflect.NativeMethodAccessorImpl.invoke0(Native Method)
	at sun.reflect.NativeMethodAccessorImpl.invoke(NativeMethodAccessorImpl.java:62)
	at sun.reflect.DelegatingMethodAccessorImpl.invoke(DelegatingMethodAccessorImpl.java:43)
	at java.lang.reflect.Method.invoke(Method.java:498)
	at org.junit.runners.model.FrameworkMethod$1.runReflectiveCall(FrameworkMethod.java:47)
	at org.junit.internal.runners.model.ReflectiveCallable.run(ReflectiveCallable.java:12)
	at org.junit.runners.model.FrameworkMethod.invokeExplosively(FrameworkMethod.java:44)
	at org.junit.internal.runners.statements.InvokeMethod.evaluate(InvokeMethod.java:17)
	at org.junit.internal.runners.statements.FailOnTimeout$StatementThread.run(FailOnTimeout.java:74)
--- org.jfree.data.general.DatasetUtilities_ESTest::test115121
org.evosuite.runtime.mock.java.lang.MockIllegalArgumentException: Null 'dataset' argument.
	at org.jfree.data.general.DatasetUtilities.findMaximumRangeValue(DatasetUtilities.java:1754)
	at org.jfree.data.general.DatasetUtilities_ESTest.test115121(DatasetUtilities_ESTest.java:2157)
	at sun.reflect.NativeMethodAccessorImpl.invoke0(Native Method)
	at sun.reflect.NativeMethodAccessorImpl.invoke(NativeMethodAccessorImpl.java:62)
	at sun.reflect.DelegatingMethodAccessorImpl.invoke(DelegatingMethodAccessorImpl.java:43)
	at java.lang.reflect.Method.invoke(Method.java:498)
	at org.junit.runners.model.FrameworkMethod$1.runReflectiveCall(FrameworkMethod.java:47)
	at org.junit.internal.runners.model.ReflectiveCallable.run(ReflectiveCallable.java:12)
	at org.junit.runners.model.FrameworkMethod.invokeExplosively(FrameworkMethod.java:44)
	at org.junit.internal.runners.statements.InvokeMethod.evaluate(InvokeMethod.java:17)
	at org.junit.internal.runners.statements.FailOnTimeout$StatementThread.run(FailOnTimeout.java:74)
--- org.jfree.data.general.DatasetUtilities_ESTest::test171188
org.evosuite.runtime.mock.java.lang.MockNullPointerException: A connection must be supplied.
	at org.jfree.data.jdbc.JDBCCategoryDataset.<init>(JDBCCategoryDataset.java:139)
	at org.jfree.data.jdbc.JDBCCategoryDataset.<init>(JDBCCategoryDataset.java:155)
	at org.jfree.data.general.DatasetUtilities_ESTest.test171188(DatasetUtilities_ESTest.java:3149)
	at sun.reflect.NativeMethodAccessorImpl.invoke0(Native Method)
	at sun.reflect.NativeMethodAccessorImpl.invoke(NativeMethodAccessorImpl.java:62)
	at sun.reflect.DelegatingMethodAccessorImpl.invoke(DelegatingMethodAccessorImpl.java:43)
	at java.lang.reflect.Method.invoke(Method.java:498)
	at org.junit.runners.model.FrameworkMethod$1.runReflectiveCall(FrameworkMethod.java:47)
	at org.junit.internal.runners.model.ReflectiveCallable.run(ReflectiveCallable.java:12)
	at org.junit.runners.model.FrameworkMethod.invokeExplosively(FrameworkMethod.java:44)
	at org.junit.internal.runners.statements.InvokeMethod.evaluate(InvokeMethod.java:17)
	at org.junit.internal.runners.statements.FailOnTimeout$StatementThread.run(FailOnTimeout.java:74)
--- org.jfree.data.general.DatasetUtilities_ESTest::test0011
java.lang.NullPointerException
	at org.jfree.data.gantt.SlidingGanttCategoryDataset.lastCategoryIndex(SlidingGanttCategoryDataset.java:163)
	at org.jfree.data.gantt.SlidingGanttCategoryDataset.getColumnCount(SlidingGanttCategoryDataset.java:271)
	at org.jfree.data.category.CategoryToPieDataset.getItemCount(CategoryToPieDataset.java:152)
	at org.jfree.data.general.DatasetUtilities.createCategoryDataset(DatasetUtilities.java:487)
	at org.jfree.data.general.DatasetUtilities_ESTest.test0011(DatasetUtilities_ESTest.java:174)
	at sun.reflect.NativeMethodAccessorImpl.invoke0(Native Method)
	at sun.reflect.NativeMethodAccessorImpl.invoke(NativeMethodAccessorImpl.java:62)
	at sun.reflect.DelegatingMethodAccessorImpl.invoke(DelegatingMethodAccessorImpl.java:43)
	at java.lang.reflect.Method.invoke(Method.java:498)
	at org.junit.runners.model.FrameworkMethod$1.runReflectiveCall(FrameworkMethod.java:47)
	at org.junit.internal.runners.model.ReflectiveCallable.run(ReflectiveCallable.java:12)
	at org.junit.runners.model.FrameworkMethod.invokeExplosively(FrameworkMethod.java:44)
	at org.junit.internal.runners.statements.InvokeMethod.evaluate(InvokeMethod.java:17)
	at org.junit.internal.runners.statements.FailOnTimeout$StatementThread.run(FailOnTimeout.java:74)
