--- org.apache.commons.lang3.builder.HashCodeBuilder_ESTest::test6066
org.evosuite.runtime.mock.java.lang.MockIllegalArgumentException: HashCodeBuilder requires an odd multiplier
	at org.apache.commons.lang3.builder.HashCodeBuilder.<init>(HashCodeBuilder.java:598)
	at org.apache.commons.lang3.builder.HashCodeBuilder.reflectionHashCode(HashCodeBuilder.java:355)
	at org.apache.commons.lang3.builder.HashCodeBuilder.reflectionHashCode(HashCodeBuilder.java:234)
	at org.apache.commons.lang3.builder.HashCodeBuilder_ESTest.test6066(HashCodeBuilder_ESTest.java:503)
	at sun.reflect.NativeMethodAccessorImpl.invoke0(Native Method)
	at sun.reflect.NativeMethodAccessorImpl.invoke(NativeMethodAccessorImpl.java:62)
	at sun.reflect.DelegatingMethodAccessorImpl.invoke(DelegatingMethodAccessorImpl.java:43)
	at java.lang.reflect.Method.invoke(Method.java:498)
	at org.junit.runners.model.FrameworkMethod$1.runReflectiveCall(FrameworkMethod.java:47)
	at org.junit.internal.runners.model.ReflectiveCallable.run(ReflectiveCallable.java:12)
	at org.junit.runners.model.FrameworkMethod.invokeExplosively(FrameworkMethod.java:44)
	at org.junit.internal.runners.statements.InvokeMethod.evaluate(InvokeMethod.java:17)
	at org.junit.internal.runners.statements.FailOnTimeout$StatementThread.run(FailOnTimeout.java:74)
--- org.apache.commons.lang3.builder.HashCodeBuilder_ESTest::test3036
org.evosuite.runtime.mock.java.lang.MockIllegalArgumentException: The object to build a hash code for must not be null
	at org.apache.commons.lang3.builder.HashCodeBuilder.reflectionHashCode(HashCodeBuilder.java:353)
	at org.apache.commons.lang3.builder.HashCodeBuilder.reflectionHashCode(HashCodeBuilder.java:432)
	at org.apache.commons.lang3.builder.HashCodeBuilder_ESTest.test3036(HashCodeBuilder_ESTest.java:289)
	at sun.reflect.NativeMethodAccessorImpl.invoke0(Native Method)
	at sun.reflect.NativeMethodAccessorImpl.invoke(NativeMethodAccessorImpl.java:62)
	at sun.reflect.DelegatingMethodAccessorImpl.invoke(DelegatingMethodAccessorImpl.java:43)
	at java.lang.reflect.Method.invoke(Method.java:498)
	at org.junit.runners.model.FrameworkMethod$1.runReflectiveCall(FrameworkMethod.java:47)
	at org.junit.internal.runners.model.ReflectiveCallable.run(ReflectiveCallable.java:12)
	at org.junit.runners.model.FrameworkMethod.invokeExplosively(FrameworkMethod.java:44)
	at org.junit.internal.runners.statements.InvokeMethod.evaluate(InvokeMethod.java:17)
	at org.junit.internal.runners.statements.FailOnTimeout$StatementThread.run(FailOnTimeout.java:74)
--- org.apache.commons.lang3.builder.HashCodeBuilder_ESTest::test6268
org.evosuite.runtime.mock.java.lang.MockIllegalArgumentException: The object to build a hash code for must not be null
	at org.apache.commons.lang3.builder.HashCodeBuilder.reflectionHashCode(HashCodeBuilder.java:353)
	at org.apache.commons.lang3.builder.HashCodeBuilder.reflectionHashCode(HashCodeBuilder.java:396)
	at org.apache.commons.lang3.builder.HashCodeBuilder_ESTest.test6268(HashCodeBuilder_ESTest.java:514)
	at sun.reflect.NativeMethodAccessorImpl.invoke0(Native Method)
	at sun.reflect.NativeMethodAccessorImpl.invoke(NativeMethodAccessorImpl.java:62)
	at sun.reflect.DelegatingMethodAccessorImpl.invoke(DelegatingMethodAccessorImpl.java:43)
	at java.lang.reflect.Method.invoke(Method.java:498)
	at org.junit.runners.model.FrameworkMethod$1.runReflectiveCall(FrameworkMethod.java:47)
	at org.junit.internal.runners.model.ReflectiveCallable.run(ReflectiveCallable.java:12)
	at org.junit.runners.model.FrameworkMethod.invokeExplosively(FrameworkMethod.java:44)
	at org.junit.internal.runners.statements.InvokeMethod.evaluate(InvokeMethod.java:17)
	at org.junit.internal.runners.statements.FailOnTimeout$StatementThread.run(FailOnTimeout.java:74)
--- org.apache.commons.lang3.builder.HashCodeBuilder_ESTest::test3238
org.evosuite.runtime.mock.java.lang.MockIllegalArgumentException: HashCodeBuilder requires an odd initial value
	at org.apache.commons.lang3.builder.HashCodeBuilder.<init>(HashCodeBuilder.java:592)
	at org.apache.commons.lang3.builder.HashCodeBuilder.reflectionHashCode(HashCodeBuilder.java:355)
	at org.apache.commons.lang3.builder.HashCodeBuilder.reflectionHashCode(HashCodeBuilder.java:300)
	at org.apache.commons.lang3.builder.HashCodeBuilder_ESTest.test3238(HashCodeBuilder_ESTest.java:302)
	at sun.reflect.NativeMethodAccessorImpl.invoke0(Native Method)
	at sun.reflect.NativeMethodAccessorImpl.invoke(NativeMethodAccessorImpl.java:62)
	at sun.reflect.DelegatingMethodAccessorImpl.invoke(DelegatingMethodAccessorImpl.java:43)
	at java.lang.reflect.Method.invoke(Method.java:498)
	at org.junit.runners.model.FrameworkMethod$1.runReflectiveCall(FrameworkMethod.java:47)
	at org.junit.internal.runners.model.ReflectiveCallable.run(ReflectiveCallable.java:12)
	at org.junit.runners.model.FrameworkMethod.invokeExplosively(FrameworkMethod.java:44)
	at org.junit.internal.runners.statements.InvokeMethod.evaluate(InvokeMethod.java:17)
	at org.junit.internal.runners.statements.FailOnTimeout$StatementThread.run(FailOnTimeout.java:74)
--- org.apache.commons.lang3.builder.HashCodeBuilder_ESTest::test6875
org.evosuite.runtime.mock.java.lang.MockIllegalArgumentException: The object to build a hash code for must not be null
	at org.apache.commons.lang3.builder.HashCodeBuilder.reflectionHashCode(HashCodeBuilder.java:353)
	at org.apache.commons.lang3.builder.HashCodeBuilder.reflectionHashCode(HashCodeBuilder.java:432)
	at org.apache.commons.lang3.builder.HashCodeBuilder_ESTest.test6875(HashCodeBuilder_ESTest.java:560)
	at sun.reflect.NativeMethodAccessorImpl.invoke0(Native Method)
	at sun.reflect.NativeMethodAccessorImpl.invoke(NativeMethodAccessorImpl.java:62)
	at sun.reflect.DelegatingMethodAccessorImpl.invoke(DelegatingMethodAccessorImpl.java:43)
	at java.lang.reflect.Method.invoke(Method.java:498)
	at org.junit.runners.model.FrameworkMethod$1.runReflectiveCall(FrameworkMethod.java:47)
	at org.junit.internal.runners.model.ReflectiveCallable.run(ReflectiveCallable.java:12)
	at org.junit.runners.model.FrameworkMethod.invokeExplosively(FrameworkMethod.java:44)
	at org.junit.internal.runners.statements.InvokeMethod.evaluate(InvokeMethod.java:17)
	at org.junit.internal.runners.statements.FailOnTimeout$StatementThread.run(FailOnTimeout.java:74)
--- org.apache.commons.lang3.builder.HashCodeBuilder_ESTest::test3642
org.evosuite.runtime.mock.java.lang.MockIllegalArgumentException: HashCodeBuilder requires a non zero multiplier
	at org.apache.commons.lang3.builder.HashCodeBuilder.<init>(HashCodeBuilder.java:595)
	at org.apache.commons.lang3.builder.HashCodeBuilder_ESTest.test3642(HashCodeBuilder_ESTest.java:329)
	at sun.reflect.NativeMethodAccessorImpl.invoke0(Native Method)
	at sun.reflect.NativeMethodAccessorImpl.invoke(NativeMethodAccessorImpl.java:62)
	at sun.reflect.DelegatingMethodAccessorImpl.invoke(DelegatingMethodAccessorImpl.java:43)
	at java.lang.reflect.Method.invoke(Method.java:498)
	at org.junit.runners.model.FrameworkMethod$1.runReflectiveCall(FrameworkMethod.java:47)
	at org.junit.internal.runners.model.ReflectiveCallable.run(ReflectiveCallable.java:12)
	at org.junit.runners.model.FrameworkMethod.invokeExplosively(FrameworkMethod.java:44)
	at org.junit.internal.runners.statements.InvokeMethod.evaluate(InvokeMethod.java:17)
	at org.junit.internal.runners.statements.FailOnTimeout$StatementThread.run(FailOnTimeout.java:74)
--- org.apache.commons.lang3.builder.HashCodeBuilder_ESTest::test6167
org.evosuite.runtime.mock.java.lang.MockIllegalArgumentException: HashCodeBuilder requires a non zero initial value
	at org.apache.commons.lang3.builder.HashCodeBuilder.<init>(HashCodeBuilder.java:589)
	at org.apache.commons.lang3.builder.HashCodeBuilder_ESTest.test6167(HashCodeBuilder_ESTest.java:509)
	at sun.reflect.NativeMethodAccessorImpl.invoke0(Native Method)
	at sun.reflect.NativeMethodAccessorImpl.invoke(NativeMethodAccessorImpl.java:62)
	at sun.reflect.DelegatingMethodAccessorImpl.invoke(DelegatingMethodAccessorImpl.java:43)
	at java.lang.reflect.Method.invoke(Method.java:498)
	at org.junit.runners.model.FrameworkMethod$1.runReflectiveCall(FrameworkMethod.java:47)
	at org.junit.internal.runners.model.ReflectiveCallable.run(ReflectiveCallable.java:12)
	at org.junit.runners.model.FrameworkMethod.invokeExplosively(FrameworkMethod.java:44)
	at org.junit.internal.runners.statements.InvokeMethod.evaluate(InvokeMethod.java:17)
	at org.junit.internal.runners.statements.FailOnTimeout$StatementThread.run(FailOnTimeout.java:74)
--- org.apache.commons.lang3.builder.HashCodeBuilder_ESTest::test3137
org.evosuite.runtime.mock.java.lang.MockIllegalArgumentException: The object to build a hash code for must not be null
	at org.apache.commons.lang3.builder.HashCodeBuilder.reflectionHashCode(HashCodeBuilder.java:353)
	at org.apache.commons.lang3.builder.HashCodeBuilder.reflectionHashCode(HashCodeBuilder.java:506)
	at org.apache.commons.lang3.builder.HashCodeBuilder.reflectionHashCode(HashCodeBuilder.java:468)
	at org.apache.commons.lang3.builder.HashCodeBuilder_ESTest.test3137(HashCodeBuilder_ESTest.java:295)
	at sun.reflect.NativeMethodAccessorImpl.invoke0(Native Method)
	at sun.reflect.NativeMethodAccessorImpl.invoke(NativeMethodAccessorImpl.java:62)
	at sun.reflect.DelegatingMethodAccessorImpl.invoke(DelegatingMethodAccessorImpl.java:43)
	at java.lang.reflect.Method.invoke(Method.java:498)
	at org.junit.runners.model.FrameworkMethod$1.runReflectiveCall(FrameworkMethod.java:47)
	at org.junit.internal.runners.model.ReflectiveCallable.run(ReflectiveCallable.java:12)
	at org.junit.runners.model.FrameworkMethod.invokeExplosively(FrameworkMethod.java:44)
	at org.junit.internal.runners.statements.InvokeMethod.evaluate(InvokeMethod.java:17)
	at org.junit.internal.runners.statements.FailOnTimeout$StatementThread.run(FailOnTimeout.java:74)
--- org.apache.commons.lang3.builder.HashCodeBuilder_ESTest::test3541
org.evosuite.runtime.mock.java.lang.MockIllegalArgumentException: HashCodeBuilder requires an odd multiplier
	at org.apache.commons.lang3.builder.HashCodeBuilder.<init>(HashCodeBuilder.java:598)
	at org.apache.commons.lang3.builder.HashCodeBuilder_ESTest.test3541(HashCodeBuilder_ESTest.java:323)
	at sun.reflect.NativeMethodAccessorImpl.invoke0(Native Method)
	at sun.reflect.NativeMethodAccessorImpl.invoke(NativeMethodAccessorImpl.java:62)
	at sun.reflect.DelegatingMethodAccessorImpl.invoke(DelegatingMethodAccessorImpl.java:43)
	at java.lang.reflect.Method.invoke(Method.java:498)
	at org.junit.runners.model.FrameworkMethod$1.runReflectiveCall(FrameworkMethod.java:47)
	at org.junit.internal.runners.model.ReflectiveCallable.run(ReflectiveCallable.java:12)
	at org.junit.runners.model.FrameworkMethod.invokeExplosively(FrameworkMethod.java:44)
	at org.junit.internal.runners.statements.InvokeMethod.evaluate(InvokeMethod.java:17)
	at org.junit.internal.runners.statements.FailOnTimeout$StatementThread.run(FailOnTimeout.java:74)
--- org.apache.commons.lang3.builder.HashCodeBuilder_ESTest::test6774
org.evosuite.runtime.mock.java.lang.MockIllegalArgumentException: HashCodeBuilder requires an odd initial value
	at org.apache.commons.lang3.builder.HashCodeBuilder.<init>(HashCodeBuilder.java:592)
	at org.apache.commons.lang3.builder.HashCodeBuilder.reflectionHashCode(HashCodeBuilder.java:355)
	at org.apache.commons.lang3.builder.HashCodeBuilder.reflectionHashCode(HashCodeBuilder.java:278)
	at org.apache.commons.lang3.builder.HashCodeBuilder_ESTest.test6774(HashCodeBuilder_ESTest.java:554)
	at sun.reflect.NativeMethodAccessorImpl.invoke0(Native Method)
	at sun.reflect.NativeMethodAccessorImpl.invoke(NativeMethodAccessorImpl.java:62)
	at sun.reflect.DelegatingMethodAccessorImpl.invoke(DelegatingMethodAccessorImpl.java:43)
	at java.lang.reflect.Method.invoke(Method.java:498)
	at org.junit.runners.model.FrameworkMethod$1.runReflectiveCall(FrameworkMethod.java:47)
	at org.junit.internal.runners.model.ReflectiveCallable.run(ReflectiveCallable.java:12)
	at org.junit.runners.model.FrameworkMethod.invokeExplosively(FrameworkMethod.java:44)
	at org.junit.internal.runners.statements.InvokeMethod.evaluate(InvokeMethod.java:17)
	at org.junit.internal.runners.statements.FailOnTimeout$StatementThread.run(FailOnTimeout.java:74)
--- org.apache.commons.lang3.builder.HashCodeBuilder_ESTest::test3743
org.evosuite.runtime.mock.java.lang.MockIllegalArgumentException: HashCodeBuilder requires an odd initial value
	at org.apache.commons.lang3.builder.HashCodeBuilder.<init>(HashCodeBuilder.java:592)
	at org.apache.commons.lang3.builder.HashCodeBuilder_ESTest.test3743(HashCodeBuilder_ESTest.java:335)
	at sun.reflect.NativeMethodAccessorImpl.invoke0(Native Method)
	at sun.reflect.NativeMethodAccessorImpl.invoke(NativeMethodAccessorImpl.java:62)
	at sun.reflect.DelegatingMethodAccessorImpl.invoke(DelegatingMethodAccessorImpl.java:43)
	at java.lang.reflect.Method.invoke(Method.java:498)
	at org.junit.runners.model.FrameworkMethod$1.runReflectiveCall(FrameworkMethod.java:47)
	at org.junit.internal.runners.model.ReflectiveCallable.run(ReflectiveCallable.java:12)
	at org.junit.runners.model.FrameworkMethod.invokeExplosively(FrameworkMethod.java:44)
	at org.junit.internal.runners.statements.InvokeMethod.evaluate(InvokeMethod.java:17)
	at org.junit.internal.runners.statements.FailOnTimeout$StatementThread.run(FailOnTimeout.java:74)
--- org.apache.commons.lang3.builder.HashCodeBuilder_ESTest::test3945
org.evosuite.runtime.mock.java.lang.MockIllegalArgumentException: The object to build a hash code for must not be null
	at org.apache.commons.lang3.builder.HashCodeBuilder.reflectionHashCode(HashCodeBuilder.java:353)
	at org.apache.commons.lang3.builder.HashCodeBuilder_ESTest.test3945(HashCodeBuilder_ESTest.java:348)
	at sun.reflect.NativeMethodAccessorImpl.invoke0(Native Method)
	at sun.reflect.NativeMethodAccessorImpl.invoke(NativeMethodAccessorImpl.java:62)
	at sun.reflect.DelegatingMethodAccessorImpl.invoke(DelegatingMethodAccessorImpl.java:43)
	at java.lang.reflect.Method.invoke(Method.java:498)
	at org.junit.runners.model.FrameworkMethod$1.runReflectiveCall(FrameworkMethod.java:47)
	at org.junit.internal.runners.model.ReflectiveCallable.run(ReflectiveCallable.java:12)
	at org.junit.runners.model.FrameworkMethod.invokeExplosively(FrameworkMethod.java:44)
	at org.junit.internal.runners.statements.InvokeMethod.evaluate(InvokeMethod.java:17)
	at org.junit.internal.runners.statements.FailOnTimeout$StatementThread.run(FailOnTimeout.java:74)
--- org.apache.commons.lang3.builder.HashCodeBuilder_ESTest::test2935
org.evosuite.runtime.mock.java.lang.MockIllegalArgumentException: The object to build a hash code for must not be null
	at org.apache.commons.lang3.builder.HashCodeBuilder.reflectionHashCode(HashCodeBuilder.java:353)
	at org.apache.commons.lang3.builder.HashCodeBuilder.reflectionHashCode(HashCodeBuilder.java:506)
	at org.apache.commons.lang3.builder.HashCodeBuilder_ESTest.test2935(HashCodeBuilder_ESTest.java:284)
	at sun.reflect.NativeMethodAccessorImpl.invoke0(Native Method)
	at sun.reflect.NativeMethodAccessorImpl.invoke(NativeMethodAccessorImpl.java:62)
	at sun.reflect.DelegatingMethodAccessorImpl.invoke(DelegatingMethodAccessorImpl.java:43)
	at java.lang.reflect.Method.invoke(Method.java:498)
	at org.junit.runners.model.FrameworkMethod$1.runReflectiveCall(FrameworkMethod.java:47)
	at org.junit.internal.runners.model.ReflectiveCallable.run(ReflectiveCallable.java:12)
	at org.junit.runners.model.FrameworkMethod.invokeExplosively(FrameworkMethod.java:44)
	at org.junit.internal.runners.statements.InvokeMethod.evaluate(InvokeMethod.java:17)
	at org.junit.internal.runners.statements.FailOnTimeout$StatementThread.run(FailOnTimeout.java:74)
