--- com.fasterxml.jackson.core.json.async.NonBlockingJsonParser_ESTest::test434486
com.fasterxml.jackson.core.io.JsonEOFException: Unexpected end-of-input: was expecting rest of token (internal state: 0)
 at [Source: UNKNOWN; line: 1, column: 1]
	at com.fasterxml.jackson.core.base.ParserMinimalBase._reportInvalidEOF(ParserMinimalBase.java:664)
	at com.fasterxml.jackson.core.json.async.NonBlockingJsonParser._finishTokenWithEOF(NonBlockingJsonParser.java:411)
	at com.fasterxml.jackson.core.json.async.NonBlockingJsonParser_ESTest.test434486(NonBlockingJsonParser_ESTest.java:39234)
	at sun.reflect.NativeMethodAccessorImpl.invoke0(Native Method)
	at sun.reflect.NativeMethodAccessorImpl.invoke(NativeMethodAccessorImpl.java:62)
	at sun.reflect.DelegatingMethodAccessorImpl.invoke(DelegatingMethodAccessorImpl.java:43)
	at java.lang.reflect.Method.invoke(Method.java:498)
	at org.junit.runners.model.FrameworkMethod$1.runReflectiveCall(FrameworkMethod.java:47)
	at org.junit.internal.runners.model.ReflectiveCallable.run(ReflectiveCallable.java:12)
	at org.junit.runners.model.FrameworkMethod.invokeExplosively(FrameworkMethod.java:44)
	at org.junit.internal.runners.statements.InvokeMethod.evaluate(InvokeMethod.java:17)
	at org.junit.internal.runners.statements.FailOnTimeout$StatementThread.run(FailOnTimeout.java:74)
--- com.fasterxml.jackson.core.json.async.NonBlockingJsonParser_ESTest::test121483
com.fasterxml.jackson.core.JsonParseException: Unrecognized token '': was expecting 'null', 'true' or 'false'
 at [Source: UNKNOWN; line: 1, column: 1]
	at com.fasterxml.jackson.core.JsonParser._constructError(JsonParser.java:1833)
	at com.fasterxml.jackson.core.base.ParserMinimalBase._reportError(ParserMinimalBase.java:722)
	at com.fasterxml.jackson.core.json.async.NonBlockingJsonParser._reportErrorToken(NonBlockingJsonParser.java:1265)
	at com.fasterxml.jackson.core.json.async.NonBlockingJsonParser._finishErrorTokenWithEOF(NonBlockingJsonParser.java:1259)
	at com.fasterxml.jackson.core.json.async.NonBlockingJsonParser._finishKeywordTokenWithEOF(NonBlockingJsonParser.java:1192)
	at com.fasterxml.jackson.core.json.async.NonBlockingJsonParser_ESTest.test121483(NonBlockingJsonParser_ESTest.java:13469)
	at sun.reflect.NativeMethodAccessorImpl.invoke0(Native Method)
	at sun.reflect.NativeMethodAccessorImpl.invoke(NativeMethodAccessorImpl.java:62)
	at sun.reflect.DelegatingMethodAccessorImpl.invoke(DelegatingMethodAccessorImpl.java:43)
	at java.lang.reflect.Method.invoke(Method.java:498)
	at org.junit.runners.model.FrameworkMethod$1.runReflectiveCall(FrameworkMethod.java:47)
	at org.junit.internal.runners.model.ReflectiveCallable.run(ReflectiveCallable.java:12)
	at org.junit.runners.model.FrameworkMethod.invokeExplosively(FrameworkMethod.java:44)
	at org.junit.internal.runners.statements.InvokeMethod.evaluate(InvokeMethod.java:17)
	at org.junit.internal.runners.statements.FailOnTimeout$StatementThread.run(FailOnTimeout.java:74)
--- com.fasterxml.jackson.core.json.async.NonBlockingJsonParser_ESTest::test242505
java.lang.NullPointerException
	at com.fasterxml.jackson.core.util.TextBuffer.expandCurrentSegment(TextBuffer.java:732)
	at com.fasterxml.jackson.core.json.async.NonBlockingJsonParser._startFloat(NonBlockingJsonParser.java:1637)
	at com.fasterxml.jackson.core.json.async.NonBlockingJsonParser_ESTest.test242505(NonBlockingJsonParser_ESTest.java:22073)
	at sun.reflect.NativeMethodAccessorImpl.invoke0(Native Method)
	at sun.reflect.NativeMethodAccessorImpl.invoke(NativeMethodAccessorImpl.java:62)
	at sun.reflect.DelegatingMethodAccessorImpl.invoke(DelegatingMethodAccessorImpl.java:43)
	at java.lang.reflect.Method.invoke(Method.java:498)
	at org.junit.runners.model.FrameworkMethod$1.runReflectiveCall(FrameworkMethod.java:47)
	at org.junit.internal.runners.model.ReflectiveCallable.run(ReflectiveCallable.java:12)
	at org.junit.runners.model.FrameworkMethod.invokeExplosively(FrameworkMethod.java:44)
	at org.junit.internal.runners.statements.InvokeMethod.evaluate(InvokeMethod.java:17)
	at org.junit.internal.runners.statements.FailOnTimeout$StatementThread.run(FailOnTimeout.java:74)
--- com.fasterxml.jackson.core.json.async.NonBlockingJsonParser_ESTest::test475036
com.fasterxml.jackson.core.JsonParseException: Unrecognized token 'f': was expecting 'null', 'true' or 'false'
 at [Source: UNKNOWN; line: 1, column: 1]
	at com.fasterxml.jackson.core.JsonParser._constructError(JsonParser.java:1833)
	at com.fasterxml.jackson.core.base.ParserMinimalBase._reportError(ParserMinimalBase.java:722)
	at com.fasterxml.jackson.core.json.async.NonBlockingJsonParser._reportErrorToken(NonBlockingJsonParser.java:1265)
	at com.fasterxml.jackson.core.json.async.NonBlockingJsonParser._finishErrorTokenWithEOF(NonBlockingJsonParser.java:1259)
	at com.fasterxml.jackson.core.json.async.NonBlockingJsonParser._finishKeywordTokenWithEOF(NonBlockingJsonParser.java:1192)
	at com.fasterxml.jackson.core.json.async.NonBlockingJsonParser._finishTokenWithEOF(NonBlockingJsonParser.java:364)
	at com.fasterxml.jackson.core.json.async.NonBlockingJsonParser_ESTest.test475036(NonBlockingJsonParser_ESTest.java:44104)
	at sun.reflect.NativeMethodAccessorImpl.invoke0(Native Method)
	at sun.reflect.NativeMethodAccessorImpl.invoke(NativeMethodAccessorImpl.java:62)
	at sun.reflect.DelegatingMethodAccessorImpl.invoke(DelegatingMethodAccessorImpl.java:43)
	at java.lang.reflect.Method.invoke(Method.java:498)
	at org.junit.runners.model.FrameworkMethod$1.runReflectiveCall(FrameworkMethod.java:47)
	at org.junit.internal.runners.model.ReflectiveCallable.run(ReflectiveCallable.java:12)
	at org.junit.runners.model.FrameworkMethod.invokeExplosively(FrameworkMethod.java:44)
	at org.junit.internal.runners.statements.InvokeMethod.evaluate(InvokeMethod.java:17)
	at org.junit.internal.runners.statements.FailOnTimeout$StatementThread.run(FailOnTimeout.java:74)
--- com.fasterxml.jackson.core.json.async.NonBlockingJsonParser_ESTest::test283025
java.lang.ArrayIndexOutOfBoundsException: -3150
	at com.fasterxml.jackson.core.json.async.NonBlockingJsonParser._finishNumberLeadingZeroes(NonBlockingJsonParser.java:1466)
	at com.fasterxml.jackson.core.json.async.NonBlockingJsonParser_ESTest.test283025(NonBlockingJsonParser_ESTest.java:26877)
	at sun.reflect.NativeMethodAccessorImpl.invoke0(Native Method)
	at sun.reflect.NativeMethodAccessorImpl.invoke(NativeMethodAccessorImpl.java:62)
	at sun.reflect.DelegatingMethodAccessorImpl.invoke(DelegatingMethodAccessorImpl.java:43)
	at java.lang.reflect.Method.invoke(Method.java:498)
	at org.junit.runners.model.FrameworkMethod$1.runReflectiveCall(FrameworkMethod.java:47)
	at org.junit.internal.runners.model.ReflectiveCallable.run(ReflectiveCallable.java:12)
	at org.junit.runners.model.FrameworkMethod.invokeExplosively(FrameworkMethod.java:44)
	at org.junit.internal.runners.statements.InvokeMethod.evaluate(InvokeMethod.java:17)
	at org.junit.internal.runners.statements.FailOnTimeout$StatementThread.run(FailOnTimeout.java:74)
--- com.fasterxml.jackson.core.json.async.NonBlockingJsonParser_ESTest::test333507
java.lang.ArrayIndexOutOfBoundsException: -1
	at com.fasterxml.jackson.core.json.async.NonBlockingJsonParser._startNegativeNumber(NonBlockingJsonParser.java:1333)
	at com.fasterxml.jackson.core.json.async.NonBlockingJsonParser_ESTest.test333507(NonBlockingJsonParser_ESTest.java:30895)
	at sun.reflect.NativeMethodAccessorImpl.invoke0(Native Method)
	at sun.reflect.NativeMethodAccessorImpl.invoke(NativeMethodAccessorImpl.java:62)
	at sun.reflect.DelegatingMethodAccessorImpl.invoke(DelegatingMethodAccessorImpl.java:43)
	at java.lang.reflect.Method.invoke(Method.java:498)
	at org.junit.runners.model.FrameworkMethod$1.runReflectiveCall(FrameworkMethod.java:47)
	at org.junit.internal.runners.model.ReflectiveCallable.run(ReflectiveCallable.java:12)
	at org.junit.runners.model.FrameworkMethod.invokeExplosively(FrameworkMethod.java:44)
	at org.junit.internal.runners.statements.InvokeMethod.evaluate(InvokeMethod.java:17)
	at org.junit.internal.runners.statements.FailOnTimeout$StatementThread.run(FailOnTimeout.java:74)
--- com.fasterxml.jackson.core.json.async.NonBlockingJsonParser_ESTest::test141627
java.lang.ArrayIndexOutOfBoundsException: 0
	at com.fasterxml.jackson.core.json.async.NonBlockingJsonParser._finishFloatFraction(NonBlockingJsonParser.java:1696)
	at com.fasterxml.jackson.core.json.async.NonBlockingJsonParser_ESTest.test141627(NonBlockingJsonParser_ESTest.java:14592)
	at sun.reflect.NativeMethodAccessorImpl.invoke0(Native Method)
	at sun.reflect.NativeMethodAccessorImpl.invoke(NativeMethodAccessorImpl.java:62)
	at sun.reflect.DelegatingMethodAccessorImpl.invoke(DelegatingMethodAccessorImpl.java:43)
	at java.lang.reflect.Method.invoke(Method.java:498)
	at org.junit.runners.model.FrameworkMethod$1.runReflectiveCall(FrameworkMethod.java:47)
	at org.junit.internal.runners.model.ReflectiveCallable.run(ReflectiveCallable.java:12)
	at org.junit.runners.model.FrameworkMethod.invokeExplosively(FrameworkMethod.java:44)
	at org.junit.internal.runners.statements.InvokeMethod.evaluate(InvokeMethod.java:17)
	at org.junit.internal.runners.statements.FailOnTimeout$StatementThread.run(FailOnTimeout.java:74)
--- com.fasterxml.jackson.core.json.async.NonBlockingJsonParser_ESTest::test495276
com.fasterxml.jackson.core.io.JsonEOFException: Unexpected end-of-input: was expecting rest of token (internal state: 8)
 at [Source: UNKNOWN; line: 1, column: 1]
	at com.fasterxml.jackson.core.base.ParserMinimalBase._reportInvalidEOF(ParserMinimalBase.java:664)
	at com.fasterxml.jackson.core.json.async.NonBlockingJsonParser._finishTokenWithEOF(NonBlockingJsonParser.java:411)
	at com.fasterxml.jackson.core.json.async.NonBlockingJsonParser_ESTest.test495276(NonBlockingJsonParser_ESTest.java:46170)
	at sun.reflect.NativeMethodAccessorImpl.invoke0(Native Method)
	at sun.reflect.NativeMethodAccessorImpl.invoke(NativeMethodAccessorImpl.java:62)
	at sun.reflect.DelegatingMethodAccessorImpl.invoke(DelegatingMethodAccessorImpl.java:43)
	at java.lang.reflect.Method.invoke(Method.java:498)
	at org.junit.runners.model.FrameworkMethod$1.runReflectiveCall(FrameworkMethod.java:47)
	at org.junit.internal.runners.model.ReflectiveCallable.run(ReflectiveCallable.java:12)
	at org.junit.runners.model.FrameworkMethod.invokeExplosively(FrameworkMethod.java:44)
	at org.junit.internal.runners.statements.InvokeMethod.evaluate(InvokeMethod.java:17)
	at org.junit.internal.runners.statements.FailOnTimeout$StatementThread.run(FailOnTimeout.java:74)
--- com.fasterxml.jackson.core.json.async.NonBlockingJsonParser_ESTest::test091171
java.lang.ArrayIndexOutOfBoundsException: 6
	at com.fasterxml.jackson.core.json.async.NonBlockingJsonParserBase._nonStdToken(NonBlockingJsonParserBase.java:856)
	at com.fasterxml.jackson.core.json.async.NonBlockingJsonParser._finishNonStdTokenWithEOF(NonBlockingJsonParser.java:1227)
	at com.fasterxml.jackson.core.json.async.NonBlockingJsonParser_ESTest.test091171(NonBlockingJsonParser_ESTest.java:10841)
	at sun.reflect.NativeMethodAccessorImpl.invoke0(Native Method)
	at sun.reflect.NativeMethodAccessorImpl.invoke(NativeMethodAccessorImpl.java:62)
	at sun.reflect.DelegatingMethodAccessorImpl.invoke(DelegatingMethodAccessorImpl.java:43)
	at java.lang.reflect.Method.invoke(Method.java:498)
	at org.junit.runners.model.FrameworkMethod$1.runReflectiveCall(FrameworkMethod.java:47)
	at org.junit.internal.runners.model.ReflectiveCallable.run(ReflectiveCallable.java:12)
	at org.junit.runners.model.FrameworkMethod.invokeExplosively(FrameworkMethod.java:44)
	at org.junit.internal.runners.statements.InvokeMethod.evaluate(InvokeMethod.java:17)
	at org.junit.internal.runners.statements.FailOnTimeout$StatementThread.run(FailOnTimeout.java:74)
--- com.fasterxml.jackson.core.json.async.NonBlockingJsonParser_ESTest::test04631
com.fasterxml.jackson.core.io.JsonEOFException: Unexpected end-of-input in null
 at [Source: UNKNOWN; line: 1, column: 1]
	at com.fasterxml.jackson.core.base.ParserMinimalBase._reportInvalidEOF(ParserMinimalBase.java:664)
	at com.fasterxml.jackson.core.base.ParserMinimalBase._reportInvalidEOF(ParserMinimalBase.java:641)
	at com.fasterxml.jackson.core.base.ParserMinimalBase._reportUnexpectedChar(ParserMinimalBase.java:631)
	at com.fasterxml.jackson.core.json.async.NonBlockingJsonParser._startUnexpectedValue(NonBlockingJsonParser.java:922)
	at com.fasterxml.jackson.core.json.async.NonBlockingJsonParser_ESTest.test04631(NonBlockingJsonParser_ESTest.java:6012)
	at sun.reflect.NativeMethodAccessorImpl.invoke0(Native Method)
	at sun.reflect.NativeMethodAccessorImpl.invoke(NativeMethodAccessorImpl.java:62)
	at sun.reflect.DelegatingMethodAccessorImpl.invoke(DelegatingMethodAccessorImpl.java:43)
	at java.lang.reflect.Method.invoke(Method.java:498)
	at org.junit.runners.model.FrameworkMethod$1.runReflectiveCall(FrameworkMethod.java:47)
	at org.junit.internal.runners.model.ReflectiveCallable.run(ReflectiveCallable.java:12)
	at org.junit.runners.model.FrameworkMethod.invokeExplosively(FrameworkMethod.java:44)
	at org.junit.internal.runners.statements.InvokeMethod.evaluate(InvokeMethod.java:17)
	at org.junit.internal.runners.statements.FailOnTimeout$StatementThread.run(FailOnTimeout.java:74)
--- com.fasterxml.jackson.core.json.async.NonBlockingJsonParser_ESTest::test384020
java.lang.ArrayIndexOutOfBoundsException: -3150
	at com.fasterxml.jackson.core.json.async.NonBlockingJsonParser._finishNonStdToken(NonBlockingJsonParser.java:1207)
	at com.fasterxml.jackson.core.json.async.NonBlockingJsonParser_ESTest.test384020(NonBlockingJsonParser_ESTest.java:35290)
	at sun.reflect.NativeMethodAccessorImpl.invoke0(Native Method)
	at sun.reflect.NativeMethodAccessorImpl.invoke(NativeMethodAccessorImpl.java:62)
	at sun.reflect.DelegatingMethodAccessorImpl.invoke(DelegatingMethodAccessorImpl.java:43)
	at java.lang.reflect.Method.invoke(Method.java:498)
	at org.junit.runners.model.FrameworkMethod$1.runReflectiveCall(FrameworkMethod.java:47)
	at org.junit.internal.runners.model.ReflectiveCallable.run(ReflectiveCallable.java:12)
	at org.junit.runners.model.FrameworkMethod.invokeExplosively(FrameworkMethod.java:44)
	at org.junit.internal.runners.statements.InvokeMethod.evaluate(InvokeMethod.java:17)
	at org.junit.internal.runners.statements.FailOnTimeout$StatementThread.run(FailOnTimeout.java:74)
--- com.fasterxml.jackson.core.json.async.NonBlockingJsonParser_ESTest::test616861
java.lang.ArrayIndexOutOfBoundsException: -3150
	at com.fasterxml.jackson.core.json.async.NonBlockingJsonParser._startTrueToken(NonBlockingJsonParser.java:1124)
	at com.fasterxml.jackson.core.json.async.NonBlockingJsonParser_ESTest.test616861(NonBlockingJsonParser_ESTest.java:60296)
	at sun.reflect.NativeMethodAccessorImpl.invoke0(Native Method)
	at sun.reflect.NativeMethodAccessorImpl.invoke(NativeMethodAccessorImpl.java:62)
	at sun.reflect.DelegatingMethodAccessorImpl.invoke(DelegatingMethodAccessorImpl.java:43)
	at java.lang.reflect.Method.invoke(Method.java:498)
	at org.junit.runners.model.FrameworkMethod$1.runReflectiveCall(FrameworkMethod.java:47)
	at org.junit.internal.runners.model.ReflectiveCallable.run(ReflectiveCallable.java:12)
	at org.junit.runners.model.FrameworkMethod.invokeExplosively(FrameworkMethod.java:44)
	at org.junit.internal.runners.statements.InvokeMethod.evaluate(InvokeMethod.java:17)
	at org.junit.internal.runners.statements.FailOnTimeout$StatementThread.run(FailOnTimeout.java:74)
--- com.fasterxml.jackson.core.json.async.NonBlockingJsonParser_ESTest::test192103
java.lang.ArrayIndexOutOfBoundsException: -1
	at com.fasterxml.jackson.core.json.async.NonBlockingJsonParser._startString(NonBlockingJsonParser.java:2379)
	at com.fasterxml.jackson.core.json.async.NonBlockingJsonParser_ESTest.test192103(NonBlockingJsonParser_ESTest.java:18813)
	at sun.reflect.NativeMethodAccessorImpl.invoke0(Native Method)
	at sun.reflect.NativeMethodAccessorImpl.invoke(NativeMethodAccessorImpl.java:62)
	at sun.reflect.DelegatingMethodAccessorImpl.invoke(DelegatingMethodAccessorImpl.java:43)
	at java.lang.reflect.Method.invoke(Method.java:498)
	at org.junit.runners.model.FrameworkMethod$1.runReflectiveCall(FrameworkMethod.java:47)
	at org.junit.internal.runners.model.ReflectiveCallable.run(ReflectiveCallable.java:12)
	at org.junit.runners.model.FrameworkMethod.invokeExplosively(FrameworkMethod.java:44)
	at org.junit.internal.runners.statements.InvokeMethod.evaluate(InvokeMethod.java:17)
	at org.junit.internal.runners.statements.FailOnTimeout$StatementThread.run(FailOnTimeout.java:74)
--- com.fasterxml.jackson.core.json.async.NonBlockingJsonParser_ESTest::test343629
java.lang.ArrayIndexOutOfBoundsException: -1
	at com.fasterxml.jackson.core.json.async.NonBlockingJsonParser._startPositiveNumber(NonBlockingJsonParser.java:1290)
	at com.fasterxml.jackson.core.json.async.NonBlockingJsonParser_ESTest.test343629(NonBlockingJsonParser_ESTest.java:31997)
	at sun.reflect.NativeMethodAccessorImpl.invoke0(Native Method)
	at sun.reflect.NativeMethodAccessorImpl.invoke(NativeMethodAccessorImpl.java:62)
	at sun.reflect.DelegatingMethodAccessorImpl.invoke(DelegatingMethodAccessorImpl.java:43)
	at java.lang.reflect.Method.invoke(Method.java:498)
	at org.junit.runners.model.FrameworkMethod$1.runReflectiveCall(FrameworkMethod.java:47)
	at org.junit.internal.runners.model.ReflectiveCallable.run(ReflectiveCallable.java:12)
	at org.junit.runners.model.FrameworkMethod.invokeExplosively(FrameworkMethod.java:44)
	at org.junit.internal.runners.statements.InvokeMethod.evaluate(InvokeMethod.java:17)
	at org.junit.internal.runners.statements.FailOnTimeout$StatementThread.run(FailOnTimeout.java:74)
--- com.fasterxml.jackson.core.json.async.NonBlockingJsonParser_ESTest::test151699
com.fasterxml.jackson.core.JsonParseException: Unrecognized token '': was expecting 'null', 'true' or 'false'
 at [Source: UNKNOWN; line: 1, column: 1]
	at com.fasterxml.jackson.core.JsonParser._constructError(JsonParser.java:1833)
	at com.fasterxml.jackson.core.base.ParserMinimalBase._reportError(ParserMinimalBase.java:722)
	at com.fasterxml.jackson.core.json.async.NonBlockingJsonParser._reportErrorToken(NonBlockingJsonParser.java:1265)
	at com.fasterxml.jackson.core.json.async.NonBlockingJsonParser._finishErrorTokenWithEOF(NonBlockingJsonParser.java:1259)
	at com.fasterxml.jackson.core.json.async.NonBlockingJsonParser_ESTest.test151699(NonBlockingJsonParser_ESTest.java:15153)
	at sun.reflect.NativeMethodAccessorImpl.invoke0(Native Method)
	at sun.reflect.NativeMethodAccessorImpl.invoke(NativeMethodAccessorImpl.java:62)
	at sun.reflect.DelegatingMethodAccessorImpl.invoke(DelegatingMethodAccessorImpl.java:43)
	at java.lang.reflect.Method.invoke(Method.java:498)
	at org.junit.runners.model.FrameworkMethod$1.runReflectiveCall(FrameworkMethod.java:47)
	at org.junit.internal.runners.model.ReflectiveCallable.run(ReflectiveCallable.java:12)
	at org.junit.runners.model.FrameworkMethod.invokeExplosively(FrameworkMethod.java:44)
	at org.junit.internal.runners.statements.InvokeMethod.evaluate(InvokeMethod.java:17)
	at org.junit.internal.runners.statements.FailOnTimeout$StatementThread.run(FailOnTimeout.java:74)
--- com.fasterxml.jackson.core.json.async.NonBlockingJsonParser_ESTest::test03578
java.lang.IndexOutOfBoundsException
	at java.io.ByteArrayOutputStream.write(ByteArrayOutputStream.java:151)
	at com.fasterxml.jackson.core.json.async.NonBlockingJsonParser.releaseBuffered(NonBlockingJsonParser.java:141)
	at com.fasterxml.jackson.core.json.async.NonBlockingJsonParser_ESTest.test03578(NonBlockingJsonParser_ESTest.java:5644)
	at sun.reflect.NativeMethodAccessorImpl.invoke0(Native Method)
	at sun.reflect.NativeMethodAccessorImpl.invoke(NativeMethodAccessorImpl.java:62)
	at sun.reflect.DelegatingMethodAccessorImpl.invoke(DelegatingMethodAccessorImpl.java:43)
	at java.lang.reflect.Method.invoke(Method.java:498)
	at org.junit.runners.model.FrameworkMethod$1.runReflectiveCall(FrameworkMethod.java:47)
	at org.junit.internal.runners.model.ReflectiveCallable.run(ReflectiveCallable.java:12)
	at org.junit.runners.model.FrameworkMethod.invokeExplosively(FrameworkMethod.java:44)
	at org.junit.internal.runners.statements.InvokeMethod.evaluate(InvokeMethod.java:17)
	at org.junit.internal.runners.statements.FailOnTimeout$StatementThread.run(FailOnTimeout.java:74)
--- com.fasterxml.jackson.core.json.async.NonBlockingJsonParser_ESTest::test071027
java.lang.ArrayIndexOutOfBoundsException: -1
	at com.fasterxml.jackson.core.json.async.NonBlockingJsonParser._finishNumberIntegralPart(NonBlockingJsonParser.java:1572)
	at com.fasterxml.jackson.core.json.async.NonBlockingJsonParser._finishNumberMinus(NonBlockingJsonParser.java:1454)
	at com.fasterxml.jackson.core.json.async.NonBlockingJsonParser_ESTest.test071027(NonBlockingJsonParser_ESTest.java:9719)
	at sun.reflect.NativeMethodAccessorImpl.invoke0(Native Method)
	at sun.reflect.NativeMethodAccessorImpl.invoke(NativeMethodAccessorImpl.java:62)
	at sun.reflect.DelegatingMethodAccessorImpl.invoke(DelegatingMethodAccessorImpl.java:43)
	at java.lang.reflect.Method.invoke(Method.java:498)
	at org.junit.runners.model.FrameworkMethod$1.runReflectiveCall(FrameworkMethod.java:47)
	at org.junit.internal.runners.model.ReflectiveCallable.run(ReflectiveCallable.java:12)
	at org.junit.runners.model.FrameworkMethod.invokeExplosively(FrameworkMethod.java:44)
	at org.junit.internal.runners.statements.InvokeMethod.evaluate(InvokeMethod.java:17)
	at org.junit.internal.runners.statements.FailOnTimeout$StatementThread.run(FailOnTimeout.java:74)
--- com.fasterxml.jackson.core.json.async.NonBlockingJsonParser_ESTest::test222361
com.fasterxml.jackson.core.JsonParseException: Unexpected character ((CTRL-CHAR, code 3)) in numeric value: Exponent indicator not followed by a digit
 at [Source: UNKNOWN; line: 1, column: 1]
	at com.fasterxml.jackson.core.JsonParser._constructError(JsonParser.java:1833)
	at com.fasterxml.jackson.core.base.ParserMinimalBase._reportError(ParserMinimalBase.java:712)
	at com.fasterxml.jackson.core.base.ParserMinimalBase.reportUnexpectedNumberChar(ParserMinimalBase.java:541)
	at com.fasterxml.jackson.core.json.async.NonBlockingJsonParser._finishFloatExponent(NonBlockingJsonParser.java:1772)
	at com.fasterxml.jackson.core.json.async.NonBlockingJsonParser_ESTest.test222361(NonBlockingJsonParser_ESTest.java:20950)
	at sun.reflect.NativeMethodAccessorImpl.invoke0(Native Method)
	at sun.reflect.NativeMethodAccessorImpl.invoke(NativeMethodAccessorImpl.java:62)
	at sun.reflect.DelegatingMethodAccessorImpl.invoke(DelegatingMethodAccessorImpl.java:43)
	at java.lang.reflect.Method.invoke(Method.java:498)
	at org.junit.runners.model.FrameworkMethod$1.runReflectiveCall(FrameworkMethod.java:47)
	at org.junit.internal.runners.model.ReflectiveCallable.run(ReflectiveCallable.java:12)
	at org.junit.runners.model.FrameworkMethod.invokeExplosively(FrameworkMethod.java:44)
	at org.junit.internal.runners.statements.InvokeMethod.evaluate(InvokeMethod.java:17)
	at org.junit.internal.runners.statements.FailOnTimeout$StatementThread.run(FailOnTimeout.java:74)
--- com.fasterxml.jackson.core.json.async.NonBlockingJsonParser_ESTest::test101291
java.lang.StringIndexOutOfBoundsException: String index out of range: -1
	at java.lang.String.getChars(String.java:824)
	at com.fasterxml.jackson.core.util.TextBuffer.append(TextBuffer.java:612)
	at com.fasterxml.jackson.core.util.TextBuffer.resetWithCopy(TextBuffer.java:250)
	at com.fasterxml.jackson.core.json.async.NonBlockingJsonParser._finishKeywordTokenWithEOF(NonBlockingJsonParser.java:1191)
	at com.fasterxml.jackson.core.json.async.NonBlockingJsonParser_ESTest.test101291(NonBlockingJsonParser_ESTest.java:11874)
	at sun.reflect.NativeMethodAccessorImpl.invoke0(Native Method)
	at sun.reflect.NativeMethodAccessorImpl.invoke(NativeMethodAccessorImpl.java:62)
	at sun.reflect.DelegatingMethodAccessorImpl.invoke(DelegatingMethodAccessorImpl.java:43)
	at java.lang.reflect.Method.invoke(Method.java:498)
	at org.junit.runners.model.FrameworkMethod$1.runReflectiveCall(FrameworkMethod.java:47)
	at org.junit.internal.runners.model.ReflectiveCallable.run(ReflectiveCallable.java:12)
	at org.junit.runners.model.FrameworkMethod.invokeExplosively(FrameworkMethod.java:44)
	at org.junit.internal.runners.statements.InvokeMethod.evaluate(InvokeMethod.java:17)
	at org.junit.internal.runners.statements.FailOnTimeout$StatementThread.run(FailOnTimeout.java:74)
--- com.fasterxml.jackson.core.json.async.NonBlockingJsonParser_ESTest::test637058
com.fasterxml.jackson.core.JsonParseException: Input end (14) may not be before start (38)
 at [Source: UNKNOWN; line: 1, column: 1]
	at com.fasterxml.jackson.core.JsonParser._constructError(JsonParser.java:1833)
	at com.fasterxml.jackson.core.base.ParserMinimalBase._reportError(ParserMinimalBase.java:722)
	at com.fasterxml.jackson.core.json.async.NonBlockingJsonParser.feedInput(NonBlockingJsonParser.java:95)
	at com.fasterxml.jackson.core.json.async.NonBlockingJsonParser_ESTest.test637058(NonBlockingJsonParser_ESTest.java:61990)
	at sun.reflect.NativeMethodAccessorImpl.invoke0(Native Method)
	at sun.reflect.NativeMethodAccessorImpl.invoke(NativeMethodAccessorImpl.java:62)
	at sun.reflect.DelegatingMethodAccessorImpl.invoke(DelegatingMethodAccessorImpl.java:43)
	at java.lang.reflect.Method.invoke(Method.java:498)
	at org.junit.runners.model.FrameworkMethod$1.runReflectiveCall(FrameworkMethod.java:47)
	at org.junit.internal.runners.model.ReflectiveCallable.run(ReflectiveCallable.java:12)
	at org.junit.runners.model.FrameworkMethod.invokeExplosively(FrameworkMethod.java:44)
	at org.junit.internal.runners.statements.InvokeMethod.evaluate(InvokeMethod.java:17)
	at org.junit.internal.runners.statements.FailOnTimeout$StatementThread.run(FailOnTimeout.java:74)
--- com.fasterxml.jackson.core.json.async.NonBlockingJsonParser_ESTest::test181981
java.lang.ArrayIndexOutOfBoundsException: -3150
	at com.fasterxml.jackson.core.json.async.NonBlockingJsonParser._finishRegularString(NonBlockingJsonParser.java:2426)
	at com.fasterxml.jackson.core.json.async.NonBlockingJsonParser._finishToken(NonBlockingJsonParser.java:282)
	at com.fasterxml.jackson.core.json.async.NonBlockingJsonParser_ESTest.test181981(NonBlockingJsonParser_ESTest.java:17711)
	at sun.reflect.NativeMethodAccessorImpl.invoke0(Native Method)
	at sun.reflect.NativeMethodAccessorImpl.invoke(NativeMethodAccessorImpl.java:62)
	at sun.reflect.DelegatingMethodAccessorImpl.invoke(DelegatingMethodAccessorImpl.java:43)
	at java.lang.reflect.Method.invoke(Method.java:498)
	at org.junit.runners.model.FrameworkMethod$1.runReflectiveCall(FrameworkMethod.java:47)
	at org.junit.internal.runners.model.ReflectiveCallable.run(ReflectiveCallable.java:12)
	at org.junit.runners.model.FrameworkMethod.invokeExplosively(FrameworkMethod.java:44)
	at org.junit.internal.runners.statements.InvokeMethod.evaluate(InvokeMethod.java:17)
	at org.junit.internal.runners.statements.FailOnTimeout$StatementThread.run(FailOnTimeout.java:74)
--- com.fasterxml.jackson.core.json.async.NonBlockingJsonParser_ESTest::test485156
com.fasterxml.jackson.core.JsonParseException: Unrecognized token 't': was expecting 'null', 'true' or 'false'
 at [Source: UNKNOWN; line: 1, column: 1]
	at com.fasterxml.jackson.core.JsonParser._constructError(JsonParser.java:1833)
	at com.fasterxml.jackson.core.base.ParserMinimalBase._reportError(ParserMinimalBase.java:722)
	at com.fasterxml.jackson.core.json.async.NonBlockingJsonParser._reportErrorToken(NonBlockingJsonParser.java:1265)
	at com.fasterxml.jackson.core.json.async.NonBlockingJsonParser._finishErrorTokenWithEOF(NonBlockingJsonParser.java:1259)
	at com.fasterxml.jackson.core.json.async.NonBlockingJsonParser._finishKeywordTokenWithEOF(NonBlockingJsonParser.java:1192)
	at com.fasterxml.jackson.core.json.async.NonBlockingJsonParser._finishTokenWithEOF(NonBlockingJsonParser.java:362)
	at com.fasterxml.jackson.core.json.async.NonBlockingJsonParser_ESTest.test485156(NonBlockingJsonParser_ESTest.java:45137)
	at sun.reflect.NativeMethodAccessorImpl.invoke0(Native Method)
	at sun.reflect.NativeMethodAccessorImpl.invoke(NativeMethodAccessorImpl.java:62)
	at sun.reflect.DelegatingMethodAccessorImpl.invoke(DelegatingMethodAccessorImpl.java:43)
	at java.lang.reflect.Method.invoke(Method.java:498)
	at org.junit.runners.model.FrameworkMethod$1.runReflectiveCall(FrameworkMethod.java:47)
	at org.junit.internal.runners.model.ReflectiveCallable.run(ReflectiveCallable.java:12)
	at org.junit.runners.model.FrameworkMethod.invokeExplosively(FrameworkMethod.java:44)
	at org.junit.internal.runners.statements.InvokeMethod.evaluate(InvokeMethod.java:17)
	at org.junit.internal.runners.statements.FailOnTimeout$StatementThread.run(FailOnTimeout.java:74)
--- com.fasterxml.jackson.core.json.async.NonBlockingJsonParser_ESTest::test444606
com.fasterxml.jackson.core.io.JsonEOFException: Unexpected end-of-input: was expecting rest of token (internal state: 45)
 at [Source: UNKNOWN; line: 1, column: 1]
	at com.fasterxml.jackson.core.base.ParserMinimalBase._reportInvalidEOF(ParserMinimalBase.java:664)
	at com.fasterxml.jackson.core.json.async.NonBlockingJsonParser._finishTokenWithEOF(NonBlockingJsonParser.java:411)
	at com.fasterxml.jackson.core.json.async.NonBlockingJsonParser_ESTest.test444606(NonBlockingJsonParser_ESTest.java:40267)
	at sun.reflect.NativeMethodAccessorImpl.invoke0(Native Method)
	at sun.reflect.NativeMethodAccessorImpl.invoke(NativeMethodAccessorImpl.java:62)
	at sun.reflect.DelegatingMethodAccessorImpl.invoke(DelegatingMethodAccessorImpl.java:43)
	at java.lang.reflect.Method.invoke(Method.java:498)
	at org.junit.runners.model.FrameworkMethod$1.runReflectiveCall(FrameworkMethod.java:47)
	at org.junit.internal.runners.model.ReflectiveCallable.run(ReflectiveCallable.java:12)
	at org.junit.runners.model.FrameworkMethod.invokeExplosively(FrameworkMethod.java:44)
	at org.junit.internal.runners.statements.InvokeMethod.evaluate(InvokeMethod.java:17)
	at org.junit.internal.runners.statements.FailOnTimeout$StatementThread.run(FailOnTimeout.java:74)
--- com.fasterxml.jackson.core.json.async.NonBlockingJsonParser_ESTest::test303169
com.fasterxml.jackson.core.JsonParseException: Unexpected character ((CTRL-CHAR, code 2)) in numeric value: expected digit (0-9) to follow minus sign, for valid numeric value
 at [Source: UNKNOWN; line: 1, column: 1]
	at com.fasterxml.jackson.core.JsonParser._constructError(JsonParser.java:1833)
	at com.fasterxml.jackson.core.base.ParserMinimalBase._reportError(ParserMinimalBase.java:712)
	at com.fasterxml.jackson.core.base.ParserMinimalBase.reportUnexpectedNumberChar(ParserMinimalBase.java:541)
	at com.fasterxml.jackson.core.json.async.NonBlockingJsonParser._finishNumberMinus(NonBlockingJsonParser.java:1443)
	at com.fasterxml.jackson.core.json.async.NonBlockingJsonParser_ESTest.test303169(NonBlockingJsonParser_ESTest.java:27999)
	at sun.reflect.NativeMethodAccessorImpl.invoke0(Native Method)
	at sun.reflect.NativeMethodAccessorImpl.invoke(NativeMethodAccessorImpl.java:62)
	at sun.reflect.DelegatingMethodAccessorImpl.invoke(DelegatingMethodAccessorImpl.java:43)
	at java.lang.reflect.Method.invoke(Method.java:498)
	at org.junit.runners.model.FrameworkMethod$1.runReflectiveCall(FrameworkMethod.java:47)
	at org.junit.internal.runners.model.ReflectiveCallable.run(ReflectiveCallable.java:12)
	at org.junit.runners.model.FrameworkMethod.invokeExplosively(FrameworkMethod.java:44)
	at org.junit.internal.runners.statements.InvokeMethod.evaluate(InvokeMethod.java:17)
	at org.junit.internal.runners.statements.FailOnTimeout$StatementThread.run(FailOnTimeout.java:74)
--- com.fasterxml.jackson.core.json.async.NonBlockingJsonParser_ESTest::test06905
java.lang.NullPointerException
	at com.fasterxml.jackson.core.json.async.NonBlockingJsonParser._finishRegularString(NonBlockingJsonParser.java:2420)
	at com.fasterxml.jackson.core.json.async.NonBlockingJsonParser._finishToken(NonBlockingJsonParser.java:282)
	at com.fasterxml.jackson.core.json.async.NonBlockingJsonParser_ESTest.test06905(NonBlockingJsonParser_ESTest.java:8617)
	at sun.reflect.NativeMethodAccessorImpl.invoke0(Native Method)
	at sun.reflect.NativeMethodAccessorImpl.invoke(NativeMethodAccessorImpl.java:62)
	at sun.reflect.DelegatingMethodAccessorImpl.invoke(DelegatingMethodAccessorImpl.java:43)
	at java.lang.reflect.Method.invoke(Method.java:498)
	at org.junit.runners.model.FrameworkMethod$1.runReflectiveCall(FrameworkMethod.java:47)
	at org.junit.internal.runners.model.ReflectiveCallable.run(ReflectiveCallable.java:12)
	at org.junit.runners.model.FrameworkMethod.invokeExplosively(FrameworkMethod.java:44)
	at org.junit.internal.runners.statements.InvokeMethod.evaluate(InvokeMethod.java:17)
	at org.junit.internal.runners.statements.FailOnTimeout$StatementThread.run(FailOnTimeout.java:74)
--- com.fasterxml.jackson.core.json.async.NonBlockingJsonParser_ESTest::test697775
org.evosuite.runtime.mock.java.lang.MockRuntimeException: Internal error: this code path should never get executed
	at com.fasterxml.jackson.core.util.VersionUtil.throwInternal(VersionUtil.java:163)
	at com.fasterxml.jackson.core.json.async.NonBlockingJsonParser._decodeEscaped(NonBlockingJsonParser.java:150)
	at com.fasterxml.jackson.core.json.async.NonBlockingJsonParser_ESTest.test697775(NonBlockingJsonParser_ESTest.java)
	at sun.reflect.NativeMethodAccessorImpl.invoke0(Native Method)
	at sun.reflect.NativeMethodAccessorImpl.invoke(NativeMethodAccessorImpl.java:62)
	at sun.reflect.DelegatingMethodAccessorImpl.invoke(DelegatingMethodAccessorImpl.java:43)
	at java.lang.reflect.Method.invoke(Method.java:498)
	at org.junit.runners.model.FrameworkMethod$1.runReflectiveCall(FrameworkMethod.java:47)
	at org.junit.internal.runners.model.ReflectiveCallable.run(ReflectiveCallable.java:12)
	at org.junit.runners.model.FrameworkMethod.invokeExplosively(FrameworkMethod.java:44)
	at org.junit.internal.runners.statements.InvokeMethod.evaluate(InvokeMethod.java:17)
	at org.junit.internal.runners.statements.FailOnTimeout$StatementThread.run(FailOnTimeout.java:74)
--- com.fasterxml.jackson.core.json.async.NonBlockingJsonParser_ESTest::test373906
com.fasterxml.jackson.core.JsonParseException: Non-standard token 'NaN': enable JsonParser.Feature.ALLOW_NON_NUMERIC_NUMBERS to allow
 at [Source: UNKNOWN; line: 1, column: 1]
	at com.fasterxml.jackson.core.JsonParser._constructError(JsonParser.java:1833)
	at com.fasterxml.jackson.core.base.ParserMinimalBase._reportError(ParserMinimalBase.java:717)
	at com.fasterxml.jackson.core.json.async.NonBlockingJsonParserBase._valueNonStdNumberComplete(NonBlockingJsonParserBase.java:845)
	at com.fasterxml.jackson.core.json.async.NonBlockingJsonParser._finishNonStdTokenWithEOF(NonBlockingJsonParser.java:1229)
	at com.fasterxml.jackson.core.json.async.NonBlockingJsonParser_ESTest.test373906(NonBlockingJsonParser_ESTest.java:34275)
	at sun.reflect.NativeMethodAccessorImpl.invoke0(Native Method)
	at sun.reflect.NativeMethodAccessorImpl.invoke(NativeMethodAccessorImpl.java:62)
	at sun.reflect.DelegatingMethodAccessorImpl.invoke(DelegatingMethodAccessorImpl.java:43)
	at java.lang.reflect.Method.invoke(Method.java:498)
	at org.junit.runners.model.FrameworkMethod$1.runReflectiveCall(FrameworkMethod.java:47)
	at org.junit.internal.runners.model.ReflectiveCallable.run(ReflectiveCallable.java:12)
	at org.junit.runners.model.FrameworkMethod.invokeExplosively(FrameworkMethod.java:44)
	at org.junit.internal.runners.statements.InvokeMethod.evaluate(InvokeMethod.java:17)
	at org.junit.internal.runners.statements.FailOnTimeout$StatementThread.run(FailOnTimeout.java:74)
--- com.fasterxml.jackson.core.json.async.NonBlockingJsonParser_ESTest::test05703
com.fasterxml.jackson.core.JsonParseException: Unrecognized token '': was expecting 'null', 'true' or 'false'
 at [Source: UNKNOWN; line: 1, column: 1]
	at com.fasterxml.jackson.core.JsonParser._constructError(JsonParser.java:1833)
	at com.fasterxml.jackson.core.base.ParserMinimalBase._reportError(ParserMinimalBase.java:722)
	at com.fasterxml.jackson.core.json.async.NonBlockingJsonParser._reportErrorToken(NonBlockingJsonParser.java:1265)
	at com.fasterxml.jackson.core.json.async.NonBlockingJsonParser_ESTest.test05703(NonBlockingJsonParser_ESTest.java:6573)
	at sun.reflect.NativeMethodAccessorImpl.invoke0(Native Method)
	at sun.reflect.NativeMethodAccessorImpl.invoke(NativeMethodAccessorImpl.java:62)
	at sun.reflect.DelegatingMethodAccessorImpl.invoke(DelegatingMethodAccessorImpl.java:43)
	at java.lang.reflect.Method.invoke(Method.java:498)
	at org.junit.runners.model.FrameworkMethod$1.runReflectiveCall(FrameworkMethod.java:47)
	at org.junit.internal.runners.model.ReflectiveCallable.run(ReflectiveCallable.java:12)
	at org.junit.runners.model.FrameworkMethod.invokeExplosively(FrameworkMethod.java:44)
	at org.junit.internal.runners.statements.InvokeMethod.evaluate(InvokeMethod.java:17)
	at org.junit.internal.runners.statements.FailOnTimeout$StatementThread.run(FailOnTimeout.java:74)
--- com.fasterxml.jackson.core.json.async.NonBlockingJsonParser_ESTest::test252619
java.lang.ArrayIndexOutOfBoundsException: -3150
	at com.fasterxml.jackson.core.json.async.NonBlockingJsonParser._finishNumberIntegralPart(NonBlockingJsonParser.java:1572)
	at com.fasterxml.jackson.core.json.async.NonBlockingJsonParser_ESTest.test252619(NonBlockingJsonParser_ESTest.java:23089)
	at sun.reflect.NativeMethodAccessorImpl.invoke0(Native Method)
	at sun.reflect.NativeMethodAccessorImpl.invoke(NativeMethodAccessorImpl.java:62)
	at sun.reflect.DelegatingMethodAccessorImpl.invoke(DelegatingMethodAccessorImpl.java:43)
	at java.lang.reflect.Method.invoke(Method.java:498)
	at org.junit.runners.model.FrameworkMethod$1.runReflectiveCall(FrameworkMethod.java:47)
	at org.junit.internal.runners.model.ReflectiveCallable.run(ReflectiveCallable.java:12)
	at org.junit.runners.model.FrameworkMethod.invokeExplosively(FrameworkMethod.java:44)
	at org.junit.internal.runners.statements.InvokeMethod.evaluate(InvokeMethod.java:17)
	at org.junit.internal.runners.statements.FailOnTimeout$StatementThread.run(FailOnTimeout.java:74)
--- com.fasterxml.jackson.core.json.async.NonBlockingJsonParser_ESTest::test293097
com.fasterxml.jackson.core.JsonParseException: Unexpected character ('à³¯' (code 3311 / 0xcef)) in numeric value: expected digit (0-9) to follow minus sign, for valid numeric value
 at [Source: UNKNOWN; line: 1, column: 1]
	at com.fasterxml.jackson.core.JsonParser._constructError(JsonParser.java:1833)
	at com.fasterxml.jackson.core.base.ParserMinimalBase._reportError(ParserMinimalBase.java:712)
	at com.fasterxml.jackson.core.base.ParserMinimalBase.reportUnexpectedNumberChar(ParserMinimalBase.java:541)
	at com.fasterxml.jackson.core.json.async.NonBlockingJsonParser._finishNumberMinus(NonBlockingJsonParser.java:1448)
	at com.fasterxml.jackson.core.json.async.NonBlockingJsonParser_ESTest.test293097(NonBlockingJsonParser_ESTest.java:27438)
	at sun.reflect.NativeMethodAccessorImpl.invoke0(Native Method)
	at sun.reflect.NativeMethodAccessorImpl.invoke(NativeMethodAccessorImpl.java:62)
	at sun.reflect.DelegatingMethodAccessorImpl.invoke(DelegatingMethodAccessorImpl.java:43)
	at java.lang.reflect.Method.invoke(Method.java:498)
	at org.junit.runners.model.FrameworkMethod$1.runReflectiveCall(FrameworkMethod.java:47)
	at org.junit.internal.runners.model.ReflectiveCallable.run(ReflectiveCallable.java:12)
	at org.junit.runners.model.FrameworkMethod.invokeExplosively(FrameworkMethod.java:44)
	at org.junit.internal.runners.statements.InvokeMethod.evaluate(InvokeMethod.java:17)
	at org.junit.internal.runners.statements.FailOnTimeout$StatementThread.run(FailOnTimeout.java:74)
--- com.fasterxml.jackson.core.json.async.NonBlockingJsonParser_ESTest::test131555
java.lang.NullPointerException
	at com.fasterxml.jackson.core.json.async.NonBlockingJsonParser._finishKeywordToken(NonBlockingJsonParser.java:1160)
	at com.fasterxml.jackson.core.json.async.NonBlockingJsonParser_ESTest.test131555(NonBlockingJsonParser_ESTest.java:14031)
	at sun.reflect.NativeMethodAccessorImpl.invoke0(Native Method)
	at sun.reflect.NativeMethodAccessorImpl.invoke(NativeMethodAccessorImpl.java:62)
	at sun.reflect.DelegatingMethodAccessorImpl.invoke(DelegatingMethodAccessorImpl.java:43)
	at java.lang.reflect.Method.invoke(Method.java:498)
	at org.junit.runners.model.FrameworkMethod$1.runReflectiveCall(FrameworkMethod.java:47)
	at org.junit.internal.runners.model.ReflectiveCallable.run(ReflectiveCallable.java:12)
	at org.junit.runners.model.FrameworkMethod.invokeExplosively(FrameworkMethod.java:44)
	at org.junit.internal.runners.statements.InvokeMethod.evaluate(InvokeMethod.java:17)
	at org.junit.internal.runners.statements.FailOnTimeout$StatementThread.run(FailOnTimeout.java:74)
--- com.fasterxml.jackson.core.json.async.NonBlockingJsonParser_ESTest::test202217
java.lang.ArrayIndexOutOfBoundsException: -3150
	at com.fasterxml.jackson.core.json.async.NonBlockingJsonParser._decodeSplitEscaped(NonBlockingJsonParser.java:2304)
	at com.fasterxml.jackson.core.json.async.NonBlockingJsonParser._finishFieldWithEscape(NonBlockingJsonParser.java:2248)
	at com.fasterxml.jackson.core.json.async.NonBlockingJsonParser_ESTest.test202217(NonBlockingJsonParser_ESTest.java:19828)
	at sun.reflect.NativeMethodAccessorImpl.invoke0(Native Method)
	at sun.reflect.NativeMethodAccessorImpl.invoke(NativeMethodAccessorImpl.java:62)
	at sun.reflect.DelegatingMethodAccessorImpl.invoke(DelegatingMethodAccessorImpl.java:43)
	at java.lang.reflect.Method.invoke(Method.java:498)
	at org.junit.runners.model.FrameworkMethod$1.runReflectiveCall(FrameworkMethod.java:47)
	at org.junit.internal.runners.model.ReflectiveCallable.run(ReflectiveCallable.java:12)
	at org.junit.runners.model.FrameworkMethod.invokeExplosively(FrameworkMethod.java:44)
	at org.junit.internal.runners.statements.InvokeMethod.evaluate(InvokeMethod.java:17)
	at org.junit.internal.runners.statements.FailOnTimeout$StatementThread.run(FailOnTimeout.java:74)
--- com.fasterxml.jackson.core.json.async.NonBlockingJsonParser_ESTest::test707895
com.fasterxml.jackson.core.JsonParseException: Unrecognized token 'Inf': was expecting 'null', 'true' or 'false'
 at [Source: UNKNOWN; line: 1, column: 1]
	at com.fasterxml.jackson.core.JsonParser._constructError(JsonParser.java:1833)
	at com.fasterxml.jackson.core.base.ParserMinimalBase._reportError(ParserMinimalBase.java:722)
	at com.fasterxml.jackson.core.json.async.NonBlockingJsonParser._reportErrorToken(NonBlockingJsonParser.java:1265)
	at com.fasterxml.jackson.core.json.async.NonBlockingJsonParser._finishErrorTokenWithEOF(NonBlockingJsonParser.java:1259)
	at com.fasterxml.jackson.core.json.async.NonBlockingJsonParser._finishNonStdTokenWithEOF(NonBlockingJsonParser.java:1232)
	at com.fasterxml.jackson.core.json.async.NonBlockingJsonParser._finishTokenWithEOF(NonBlockingJsonParser.java:366)
	at com.fasterxml.jackson.core.json.async.NonBlockingJsonParser_ESTest.test707895(NonBlockingJsonParser_ESTest.java)
	at sun.reflect.NativeMethodAccessorImpl.invoke0(Native Method)
	at sun.reflect.NativeMethodAccessorImpl.invoke(NativeMethodAccessorImpl.java:62)
	at sun.reflect.DelegatingMethodAccessorImpl.invoke(DelegatingMethodAccessorImpl.java:43)
	at java.lang.reflect.Method.invoke(Method.java:498)
	at org.junit.runners.model.FrameworkMethod$1.runReflectiveCall(FrameworkMethod.java:47)
	at org.junit.internal.runners.model.ReflectiveCallable.run(ReflectiveCallable.java:12)
	at org.junit.runners.model.FrameworkMethod.invokeExplosively(FrameworkMethod.java:44)
	at org.junit.internal.runners.statements.InvokeMethod.evaluate(InvokeMethod.java:17)
	at org.junit.internal.runners.statements.FailOnTimeout$StatementThread.run(FailOnTimeout.java:74)
--- com.fasterxml.jackson.core.json.async.NonBlockingJsonParser_ESTest::test272911
java.lang.ArrayIndexOutOfBoundsException: -1
	at com.fasterxml.jackson.core.json.async.NonBlockingJsonParser._finishNumberLeadingNegZeroes(NonBlockingJsonParser.java:1517)
	at com.fasterxml.jackson.core.json.async.NonBlockingJsonParser_ESTest.test272911(NonBlockingJsonParser_ESTest.java:25862)
	at sun.reflect.NativeMethodAccessorImpl.invoke0(Native Method)
	at sun.reflect.NativeMethodAccessorImpl.invoke(NativeMethodAccessorImpl.java:62)
	at sun.reflect.DelegatingMethodAccessorImpl.invoke(DelegatingMethodAccessorImpl.java:43)
	at java.lang.reflect.Method.invoke(Method.java:498)
	at org.junit.runners.model.FrameworkMethod$1.runReflectiveCall(FrameworkMethod.java:47)
	at org.junit.internal.runners.model.ReflectiveCallable.run(ReflectiveCallable.java:12)
	at org.junit.runners.model.FrameworkMethod.invokeExplosively(FrameworkMethod.java:44)
	at org.junit.internal.runners.statements.InvokeMethod.evaluate(InvokeMethod.java:17)
	at org.junit.internal.runners.statements.FailOnTimeout$StatementThread.run(FailOnTimeout.java:74)
--- com.fasterxml.jackson.core.json.async.NonBlockingJsonParser_ESTest::test323402
java.lang.ArrayIndexOutOfBoundsException: -3150
	at com.fasterxml.jackson.core.json.async.NonBlockingJsonParser._startNumberLeadingZero(NonBlockingJsonParser.java:1404)
	at com.fasterxml.jackson.core.json.async.NonBlockingJsonParser_ESTest.test323402(NonBlockingJsonParser_ESTest.java:30037)
	at sun.reflect.NativeMethodAccessorImpl.invoke0(Native Method)
	at sun.reflect.NativeMethodAccessorImpl.invoke(NativeMethodAccessorImpl.java:62)
	at sun.reflect.DelegatingMethodAccessorImpl.invoke(DelegatingMethodAccessorImpl.java:43)
	at java.lang.reflect.Method.invoke(Method.java:498)
	at org.junit.runners.model.FrameworkMethod$1.runReflectiveCall(FrameworkMethod.java:47)
	at org.junit.internal.runners.model.ReflectiveCallable.run(ReflectiveCallable.java:12)
	at org.junit.runners.model.FrameworkMethod.invokeExplosively(FrameworkMethod.java:44)
	at org.junit.internal.runners.statements.InvokeMethod.evaluate(InvokeMethod.java:17)
	at org.junit.internal.runners.statements.FailOnTimeout$StatementThread.run(FailOnTimeout.java:74)
--- com.fasterxml.jackson.core.json.async.NonBlockingJsonParser_ESTest::test081099
java.lang.StringIndexOutOfBoundsException: String index out of range: 662
	at java.lang.String.getChars(String.java:821)
	at com.fasterxml.jackson.core.util.TextBuffer.append(TextBuffer.java:612)
	at com.fasterxml.jackson.core.util.TextBuffer.resetWithCopy(TextBuffer.java:250)
	at com.fasterxml.jackson.core.json.async.NonBlockingJsonParser._finishNonStdTokenWithEOF(NonBlockingJsonParser.java:1231)
	at com.fasterxml.jackson.core.json.async.NonBlockingJsonParser_ESTest.test081099(NonBlockingJsonParser_ESTest.java:10280)
	at sun.reflect.NativeMethodAccessorImpl.invoke0(Native Method)
	at sun.reflect.NativeMethodAccessorImpl.invoke(NativeMethodAccessorImpl.java:62)
	at sun.reflect.DelegatingMethodAccessorImpl.invoke(DelegatingMethodAccessorImpl.java:43)
	at java.lang.reflect.Method.invoke(Method.java:498)
	at org.junit.runners.model.FrameworkMethod$1.runReflectiveCall(FrameworkMethod.java:47)
	at org.junit.internal.runners.model.ReflectiveCallable.run(ReflectiveCallable.java:12)
	at org.junit.runners.model.FrameworkMethod.invokeExplosively(FrameworkMethod.java:44)
	at org.junit.internal.runners.statements.InvokeMethod.evaluate(InvokeMethod.java:17)
	at org.junit.internal.runners.statements.FailOnTimeout$StatementThread.run(FailOnTimeout.java:74)
--- com.fasterxml.jackson.core.json.async.NonBlockingJsonParser_ESTest::test353743
java.lang.ArrayIndexOutOfBoundsException: -3150
	at com.fasterxml.jackson.core.json.async.NonBlockingJsonParser._finishErrorToken(NonBlockingJsonParser.java:1238)
	at com.fasterxml.jackson.core.json.async.NonBlockingJsonParser_ESTest.test353743(NonBlockingJsonParser_ESTest.java:33012)
	at sun.reflect.NativeMethodAccessorImpl.invoke0(Native Method)
	at sun.reflect.NativeMethodAccessorImpl.invoke(NativeMethodAccessorImpl.java:62)
	at sun.reflect.DelegatingMethodAccessorImpl.invoke(DelegatingMethodAccessorImpl.java:43)
	at java.lang.reflect.Method.invoke(Method.java:498)
	at org.junit.runners.model.FrameworkMethod$1.runReflectiveCall(FrameworkMethod.java:47)
	at org.junit.internal.runners.model.ReflectiveCallable.run(ReflectiveCallable.java:12)
	at org.junit.runners.model.FrameworkMethod.invokeExplosively(FrameworkMethod.java:44)
	at org.junit.internal.runners.statements.InvokeMethod.evaluate(InvokeMethod.java:17)
	at org.junit.internal.runners.statements.FailOnTimeout$StatementThread.run(FailOnTimeout.java:74)
--- com.fasterxml.jackson.core.json.async.NonBlockingJsonParser_ESTest::test535874
java.lang.ArrayIndexOutOfBoundsException: 0
	at com.fasterxml.jackson.core.json.async.NonBlockingJsonParser._finishToken(NonBlockingJsonParser.java:266)
	at com.fasterxml.jackson.core.json.async.NonBlockingJsonParser_ESTest.test535874(NonBlockingJsonParser_ESTest.java:51654)
	at sun.reflect.NativeMethodAccessorImpl.invoke0(Native Method)
	at sun.reflect.NativeMethodAccessorImpl.invoke(NativeMethodAccessorImpl.java:62)
	at sun.reflect.DelegatingMethodAccessorImpl.invoke(DelegatingMethodAccessorImpl.java:43)
	at java.lang.reflect.Method.invoke(Method.java:498)
	at org.junit.runners.model.FrameworkMethod$1.runReflectiveCall(FrameworkMethod.java:47)
	at org.junit.internal.runners.model.ReflectiveCallable.run(ReflectiveCallable.java:12)
	at org.junit.runners.model.FrameworkMethod.invokeExplosively(FrameworkMethod.java:44)
	at org.junit.internal.runners.statements.InvokeMethod.evaluate(InvokeMethod.java:17)
	at org.junit.internal.runners.statements.FailOnTimeout$StatementThread.run(FailOnTimeout.java:74)
--- com.fasterxml.jackson.core.json.async.NonBlockingJsonParser_ESTest::test576357
org.evosuite.runtime.mock.java.lang.MockRuntimeException: Internal error: this code path should never get executed
	at com.fasterxml.jackson.core.util.VersionUtil.throwInternal(VersionUtil.java:163)
	at com.fasterxml.jackson.core.json.async.NonBlockingJsonParser._finishToken(NonBlockingJsonParser.java:338)
	at com.fasterxml.jackson.core.json.async.NonBlockingJsonParser_ESTest.test576357(NonBlockingJsonParser_ESTest.java:55758)
	at sun.reflect.NativeMethodAccessorImpl.invoke0(Native Method)
	at sun.reflect.NativeMethodAccessorImpl.invoke(NativeMethodAccessorImpl.java:62)
	at sun.reflect.DelegatingMethodAccessorImpl.invoke(DelegatingMethodAccessorImpl.java:43)
	at java.lang.reflect.Method.invoke(Method.java:498)
	at org.junit.runners.model.FrameworkMethod$1.runReflectiveCall(FrameworkMethod.java:47)
	at org.junit.internal.runners.model.ReflectiveCallable.run(ReflectiveCallable.java:12)
	at org.junit.runners.model.FrameworkMethod.invokeExplosively(FrameworkMethod.java:44)
	at org.junit.internal.runners.statements.InvokeMethod.evaluate(InvokeMethod.java:17)
	at org.junit.internal.runners.statements.FailOnTimeout$StatementThread.run(FailOnTimeout.java:74)
--- com.fasterxml.jackson.core.json.async.NonBlockingJsonParser_ESTest::test626983
com.fasterxml.jackson.core.JsonParseException: Still have 1 undecoded bytes, should not call 'feedInput'
 at [Source: UNKNOWN; line: 1, column: 0]
	at com.fasterxml.jackson.core.JsonParser._constructError(JsonParser.java:1833)
	at com.fasterxml.jackson.core.base.ParserMinimalBase._reportError(ParserMinimalBase.java:717)
	at com.fasterxml.jackson.core.json.async.NonBlockingJsonParser.feedInput(NonBlockingJsonParser.java:92)
	at com.fasterxml.jackson.core.json.async.NonBlockingJsonParser_ESTest.test626983(NonBlockingJsonParser_ESTest.java:61399)
	at sun.reflect.NativeMethodAccessorImpl.invoke0(Native Method)
	at sun.reflect.NativeMethodAccessorImpl.invoke(NativeMethodAccessorImpl.java:62)
	at sun.reflect.DelegatingMethodAccessorImpl.invoke(DelegatingMethodAccessorImpl.java:43)
	at java.lang.reflect.Method.invoke(Method.java:498)
	at org.junit.runners.model.FrameworkMethod$1.runReflectiveCall(FrameworkMethod.java:47)
	at org.junit.internal.runners.model.ReflectiveCallable.run(ReflectiveCallable.java:12)
	at org.junit.runners.model.FrameworkMethod.invokeExplosively(FrameworkMethod.java:44)
	at org.junit.internal.runners.statements.InvokeMethod.evaluate(InvokeMethod.java:17)
	at org.junit.internal.runners.statements.FailOnTimeout$StatementThread.run(FailOnTimeout.java:74)
--- com.fasterxml.jackson.core.json.async.NonBlockingJsonParser_ESTest::test212289
java.lang.NullPointerException
	at com.fasterxml.jackson.core.json.async.NonBlockingJsonParser._finishFloatExponent(NonBlockingJsonParser.java:1758)
	at com.fasterxml.jackson.core.json.async.NonBlockingJsonParser_ESTest.test212289(NonBlockingJsonParser_ESTest.java:20389)
	at sun.reflect.NativeMethodAccessorImpl.invoke0(Native Method)
	at sun.reflect.NativeMethodAccessorImpl.invoke(NativeMethodAccessorImpl.java:62)
	at sun.reflect.DelegatingMethodAccessorImpl.invoke(DelegatingMethodAccessorImpl.java:43)
	at java.lang.reflect.Method.invoke(Method.java:498)
	at org.junit.runners.model.FrameworkMethod$1.runReflectiveCall(FrameworkMethod.java:47)
	at org.junit.internal.runners.model.ReflectiveCallable.run(ReflectiveCallable.java:12)
	at org.junit.runners.model.FrameworkMethod.invokeExplosively(FrameworkMethod.java:44)
	at org.junit.internal.runners.statements.InvokeMethod.evaluate(InvokeMethod.java:17)
	at org.junit.internal.runners.statements.FailOnTimeout$StatementThread.run(FailOnTimeout.java:74)
--- com.fasterxml.jackson.core.json.async.NonBlockingJsonParser_ESTest::test596630
java.lang.ArrayIndexOutOfBoundsException: -1
	at com.fasterxml.jackson.core.json.async.NonBlockingJsonParser.nextToken(NonBlockingJsonParser.java:190)
	at com.fasterxml.jackson.core.json.async.NonBlockingJsonParser_ESTest.test596630(NonBlockingJsonParser_ESTest.java:58236)
	at sun.reflect.NativeMethodAccessorImpl.invoke0(Native Method)
	at sun.reflect.NativeMethodAccessorImpl.invoke(NativeMethodAccessorImpl.java:62)
	at sun.reflect.DelegatingMethodAccessorImpl.invoke(DelegatingMethodAccessorImpl.java:43)
	at java.lang.reflect.Method.invoke(Method.java:498)
	at org.junit.runners.model.FrameworkMethod$1.runReflectiveCall(FrameworkMethod.java:47)
	at org.junit.internal.runners.model.ReflectiveCallable.run(ReflectiveCallable.java:12)
	at org.junit.runners.model.FrameworkMethod.invokeExplosively(FrameworkMethod.java:44)
	at org.junit.internal.runners.statements.InvokeMethod.evaluate(InvokeMethod.java:17)
	at org.junit.internal.runners.statements.FailOnTimeout$StatementThread.run(FailOnTimeout.java:74)
--- com.fasterxml.jackson.core.json.async.NonBlockingJsonParser_ESTest::test404223
java.lang.ArrayIndexOutOfBoundsException: 34
	at com.fasterxml.jackson.core.json.async.NonBlockingJsonParser._startNullToken(NonBlockingJsonParser.java:1143)
	at com.fasterxml.jackson.core.json.async.NonBlockingJsonParser_ESTest.test404223(NonBlockingJsonParser_ESTest.java:37089)
	at sun.reflect.NativeMethodAccessorImpl.invoke0(Native Method)
	at sun.reflect.NativeMethodAccessorImpl.invoke(NativeMethodAccessorImpl.java:62)
	at sun.reflect.DelegatingMethodAccessorImpl.invoke(DelegatingMethodAccessorImpl.java:43)
	at java.lang.reflect.Method.invoke(Method.java:498)
	at org.junit.runners.model.FrameworkMethod$1.runReflectiveCall(FrameworkMethod.java:47)
	at org.junit.internal.runners.model.ReflectiveCallable.run(ReflectiveCallable.java:12)
	at org.junit.runners.model.FrameworkMethod.invokeExplosively(FrameworkMethod.java:44)
	at org.junit.internal.runners.statements.InvokeMethod.evaluate(InvokeMethod.java:17)
	at org.junit.internal.runners.statements.FailOnTimeout$StatementThread.run(FailOnTimeout.java:74)
--- com.fasterxml.jackson.core.json.async.NonBlockingJsonParser_ESTest::test424414
com.fasterxml.jackson.core.JsonParseException: Unexpected character ((CTRL-CHAR, code 0)): expected a valid value (number, String, array, object, 'true', 'false' or 'null')
 at [Source: UNKNOWN; line: 1, column: 1]
	at com.fasterxml.jackson.core.JsonParser._constructError(JsonParser.java:1833)
	at com.fasterxml.jackson.core.base.ParserMinimalBase._reportError(ParserMinimalBase.java:712)
	at com.fasterxml.jackson.core.base.ParserMinimalBase._reportUnexpectedChar(ParserMinimalBase.java:637)
	at com.fasterxml.jackson.core.json.async.NonBlockingJsonParser._startUnexpectedValue(NonBlockingJsonParser.java:922)
	at com.fasterxml.jackson.core.json.async.NonBlockingJsonParser_ESTest.test424414(NonBlockingJsonParser_ESTest.java:38673)
	at sun.reflect.NativeMethodAccessorImpl.invoke0(Native Method)
	at sun.reflect.NativeMethodAccessorImpl.invoke(NativeMethodAccessorImpl.java:62)
	at sun.reflect.DelegatingMethodAccessorImpl.invoke(DelegatingMethodAccessorImpl.java:43)
	at java.lang.reflect.Method.invoke(Method.java:498)
	at org.junit.runners.model.FrameworkMethod$1.runReflectiveCall(FrameworkMethod.java:47)
	at org.junit.internal.runners.model.ReflectiveCallable.run(ReflectiveCallable.java:12)
	at org.junit.runners.model.FrameworkMethod.invokeExplosively(FrameworkMethod.java:44)
	at org.junit.internal.runners.statements.InvokeMethod.evaluate(InvokeMethod.java:17)
	at org.junit.internal.runners.statements.FailOnTimeout$StatementThread.run(FailOnTimeout.java:74)
--- com.fasterxml.jackson.core.json.async.NonBlockingJsonParser_ESTest::test111411
java.lang.NullPointerException
	at com.fasterxml.jackson.core.json.async.NonBlockingJsonParser._finishKeywordTokenWithEOF(NonBlockingJsonParser.java:1188)
	at com.fasterxml.jackson.core.json.async.NonBlockingJsonParser_ESTest.test111411(NonBlockingJsonParser_ESTest.java:12907)
	at sun.reflect.NativeMethodAccessorImpl.invoke0(Native Method)
	at sun.reflect.NativeMethodAccessorImpl.invoke(NativeMethodAccessorImpl.java:62)
	at sun.reflect.DelegatingMethodAccessorImpl.invoke(DelegatingMethodAccessorImpl.java:43)
	at java.lang.reflect.Method.invoke(Method.java:498)
	at org.junit.runners.model.FrameworkMethod$1.runReflectiveCall(FrameworkMethod.java:47)
	at org.junit.internal.runners.model.ReflectiveCallable.run(ReflectiveCallable.java:12)
	at org.junit.runners.model.FrameworkMethod.invokeExplosively(FrameworkMethod.java:44)
	at org.junit.internal.runners.statements.InvokeMethod.evaluate(InvokeMethod.java:17)
	at org.junit.internal.runners.statements.FailOnTimeout$StatementThread.run(FailOnTimeout.java:74)
--- com.fasterxml.jackson.core.json.async.NonBlockingJsonParser_ESTest::test161700
java.lang.NullPointerException
	at com.fasterxml.jackson.core.base.ParserBase.<init>(ParserBase.java:235)
	at com.fasterxml.jackson.core.json.async.NonBlockingJsonParserBase.<init>(NonBlockingJsonParserBase.java:252)
	at com.fasterxml.jackson.core.json.async.NonBlockingJsonParser.<init>(NonBlockingJsonParser.java:68)
	at com.fasterxml.jackson.core.json.async.NonBlockingJsonParser_ESTest.test161700(NonBlockingJsonParser_ESTest.java:15159)
	at sun.reflect.NativeMethodAccessorImpl.invoke0(Native Method)
	at sun.reflect.NativeMethodAccessorImpl.invoke(NativeMethodAccessorImpl.java:62)
	at sun.reflect.DelegatingMethodAccessorImpl.invoke(DelegatingMethodAccessorImpl.java:43)
	at java.lang.reflect.Method.invoke(Method.java:498)
	at org.junit.runners.model.FrameworkMethod$1.runReflectiveCall(FrameworkMethod.java:47)
	at org.junit.internal.runners.model.ReflectiveCallable.run(ReflectiveCallable.java:12)
	at org.junit.runners.model.FrameworkMethod.invokeExplosively(FrameworkMethod.java:44)
	at org.junit.internal.runners.statements.InvokeMethod.evaluate(InvokeMethod.java:17)
	at org.junit.internal.runners.statements.FailOnTimeout$StatementThread.run(FailOnTimeout.java:74)
--- com.fasterxml.jackson.core.json.async.NonBlockingJsonParser_ESTest::test394142
java.lang.ArrayIndexOutOfBoundsException: -1
	at com.fasterxml.jackson.core.json.async.NonBlockingJsonParser._finishKeywordToken(NonBlockingJsonParser.java:1167)
	at com.fasterxml.jackson.core.json.async.NonBlockingJsonParser._startTrueToken(NonBlockingJsonParser.java:1135)
	at com.fasterxml.jackson.core.json.async.NonBlockingJsonParser_ESTest.test394142(NonBlockingJsonParser_ESTest.java:36392)
	at sun.reflect.NativeMethodAccessorImpl.invoke0(Native Method)
	at sun.reflect.NativeMethodAccessorImpl.invoke(NativeMethodAccessorImpl.java:62)
	at sun.reflect.DelegatingMethodAccessorImpl.invoke(DelegatingMethodAccessorImpl.java:43)
	at java.lang.reflect.Method.invoke(Method.java:498)
	at org.junit.runners.model.FrameworkMethod$1.runReflectiveCall(FrameworkMethod.java:47)
	at org.junit.internal.runners.model.ReflectiveCallable.run(ReflectiveCallable.java:12)
	at org.junit.runners.model.FrameworkMethod.invokeExplosively(FrameworkMethod.java:44)
	at org.junit.internal.runners.statements.InvokeMethod.evaluate(InvokeMethod.java:17)
	at org.junit.internal.runners.statements.FailOnTimeout$StatementThread.run(FailOnTimeout.java:74)
--- com.fasterxml.jackson.core.json.async.NonBlockingJsonParser_ESTest::test232433
com.fasterxml.jackson.core.JsonParseException: Unexpected character ('Ã¹' (code 249)) in numeric value: Exponent indicator not followed by a digit
 at [Source: (com.fasterxml.jackson.core.util.BufferRecycler); line: 1, column: 1]
	at com.fasterxml.jackson.core.JsonParser._constructError(JsonParser.java:1833)
	at com.fasterxml.jackson.core.base.ParserMinimalBase._reportError(ParserMinimalBase.java:712)
	at com.fasterxml.jackson.core.base.ParserMinimalBase.reportUnexpectedNumberChar(ParserMinimalBase.java:541)
	at com.fasterxml.jackson.core.json.async.NonBlockingJsonParser._finishFloatExponent(NonBlockingJsonParser.java:1772)
	at com.fasterxml.jackson.core.json.async.NonBlockingJsonParser_ESTest.test232433(NonBlockingJsonParser_ESTest.java:21511)
	at sun.reflect.NativeMethodAccessorImpl.invoke0(Native Method)
	at sun.reflect.NativeMethodAccessorImpl.invoke(NativeMethodAccessorImpl.java:62)
	at sun.reflect.DelegatingMethodAccessorImpl.invoke(DelegatingMethodAccessorImpl.java:43)
	at java.lang.reflect.Method.invoke(Method.java:498)
	at org.junit.runners.model.FrameworkMethod$1.runReflectiveCall(FrameworkMethod.java:47)
	at org.junit.internal.runners.model.ReflectiveCallable.run(ReflectiveCallable.java:12)
	at org.junit.runners.model.FrameworkMethod.invokeExplosively(FrameworkMethod.java:44)
	at org.junit.internal.runners.statements.InvokeMethod.evaluate(InvokeMethod.java:17)
	at org.junit.internal.runners.statements.FailOnTimeout$StatementThread.run(FailOnTimeout.java:74)
