--- org.jsoup.select.Selector_ESTest::test044
org.evosuite.runtime.mock.java.lang.MockIllegalStateException: Unknown combinator: ,
	at org.jsoup.select.Selector.combinator(Selector.java:151)
	at org.jsoup.select.Selector.select(Selector.java:109)
	at org.jsoup.select.Selector.select(Selector.java:84)
	at org.jsoup.select.Selector.select(Selector.java:99)
	at org.jsoup.select.Selector_ESTest.test044(Selector_ESTest.java:71)
	at sun.reflect.NativeMethodAccessorImpl.invoke0(Native Method)
	at sun.reflect.NativeMethodAccessorImpl.invoke(NativeMethodAccessorImpl.java:62)
	at sun.reflect.DelegatingMethodAccessorImpl.invoke(DelegatingMethodAccessorImpl.java:43)
	at java.lang.reflect.Method.invoke(Method.java:498)
	at org.junit.runners.model.FrameworkMethod$1.runReflectiveCall(FrameworkMethod.java:47)
	at org.junit.internal.runners.model.ReflectiveCallable.run(ReflectiveCallable.java:12)
	at org.junit.runners.model.FrameworkMethod.invokeExplosively(FrameworkMethod.java:44)
	at org.junit.internal.runners.statements.InvokeMethod.evaluate(InvokeMethod.java:17)
	at org.junit.internal.runners.statements.FailOnTimeout$StatementThread.run(FailOnTimeout.java:74)
--- org.jsoup.select.Selector_ESTest::test2020
org.evosuite.runtime.mock.java.lang.MockIllegalArgumentException: Index must be numeric
	at org.jsoup.helper.Validate.isTrue(Validate.java:45)
	at org.jsoup.select.Selector.consumeIndex(Selector.java:277)
	at org.jsoup.select.Selector.indexEquals(Selector.java:272)
	at org.jsoup.select.Selector.findElements(Selector.java:172)
	at org.jsoup.select.Selector.select(Selector.java:113)
	at org.jsoup.select.Selector.select(Selector.java:84)
	at org.jsoup.select.Selector_ESTest.test2020(Selector_ESTest.java:188)
	at sun.reflect.NativeMethodAccessorImpl.invoke0(Native Method)
	at sun.reflect.NativeMethodAccessorImpl.invoke(NativeMethodAccessorImpl.java:62)
	at sun.reflect.DelegatingMethodAccessorImpl.invoke(DelegatingMethodAccessorImpl.java:43)
	at java.lang.reflect.Method.invoke(Method.java:498)
	at org.junit.runners.model.FrameworkMethod$1.runReflectiveCall(FrameworkMethod.java:47)
	at org.junit.internal.runners.model.ReflectiveCallable.run(ReflectiveCallable.java:12)
	at org.junit.runners.model.FrameworkMethod.invokeExplosively(FrameworkMethod.java:44)
	at org.junit.internal.runners.statements.InvokeMethod.evaluate(InvokeMethod.java:17)
	at org.junit.internal.runners.statements.FailOnTimeout$StatementThread.run(FailOnTimeout.java:74)
--- org.jsoup.select.Selector_ESTest::test011
org.jsoup.select.Selector$SelectorParseException: Could not parse query 'k3o:.uD}B': unexpected token at ':.uD}B'
	at org.jsoup.select.Selector.findElements(Selector.java:186)
	at org.jsoup.select.Selector.select(Selector.java:130)
	at org.jsoup.select.Selector.select(Selector.java:84)
	at org.jsoup.select.Selector_ESTest.test011(Selector_ESTest.java:42)
	at sun.reflect.NativeMethodAccessorImpl.invoke0(Native Method)
	at sun.reflect.NativeMethodAccessorImpl.invoke(NativeMethodAccessorImpl.java:62)
	at sun.reflect.DelegatingMethodAccessorImpl.invoke(DelegatingMethodAccessorImpl.java:43)
	at java.lang.reflect.Method.invoke(Method.java:498)
	at org.junit.runners.model.FrameworkMethod$1.runReflectiveCall(FrameworkMethod.java:47)
	at org.junit.internal.runners.model.ReflectiveCallable.run(ReflectiveCallable.java:12)
	at org.junit.runners.model.FrameworkMethod.invokeExplosively(FrameworkMethod.java:44)
	at org.junit.internal.runners.statements.InvokeMethod.evaluate(InvokeMethod.java:17)
	at org.junit.internal.runners.statements.FailOnTimeout$StatementThread.run(FailOnTimeout.java:74)
--- org.jsoup.select.Selector_ESTest::test055
org.evosuite.runtime.mock.java.lang.MockIllegalArgumentException: String must not be empty
	at org.jsoup.helper.Validate.notEmpty(Validate.java:73)
	at org.jsoup.select.Selector.select(Selector.java:94)
	at org.jsoup.select.Selector_ESTest.test055(Selector_ESTest.java:78)
	at sun.reflect.NativeMethodAccessorImpl.invoke0(Native Method)
	at sun.reflect.NativeMethodAccessorImpl.invoke(NativeMethodAccessorImpl.java:62)
	at sun.reflect.DelegatingMethodAccessorImpl.invoke(DelegatingMethodAccessorImpl.java:43)
	at java.lang.reflect.Method.invoke(Method.java:498)
	at org.junit.runners.model.FrameworkMethod$1.runReflectiveCall(FrameworkMethod.java:47)
	at org.junit.internal.runners.model.ReflectiveCallable.run(ReflectiveCallable.java:12)
	at org.junit.runners.model.FrameworkMethod.invokeExplosively(FrameworkMethod.java:44)
	at org.junit.internal.runners.statements.InvokeMethod.evaluate(InvokeMethod.java:17)
	at org.junit.internal.runners.statements.FailOnTimeout$StatementThread.run(FailOnTimeout.java:74)
--- org.jsoup.select.Selector_ESTest::test1616
org.evosuite.runtime.mock.java.lang.MockIllegalArgumentException: Index must be numeric
	at org.jsoup.helper.Validate.isTrue(Validate.java:45)
	at org.jsoup.select.Selector.consumeIndex(Selector.java:277)
	at org.jsoup.select.Selector.indexGreaterThan(Selector.java:268)
	at org.jsoup.select.Selector.findElements(Selector.java:170)
	at org.jsoup.select.Selector.select(Selector.java:113)
	at org.jsoup.select.Selector.select(Selector.java:84)
	at org.jsoup.select.Selector_ESTest.test1616(Selector_ESTest.java:160)
	at sun.reflect.NativeMethodAccessorImpl.invoke0(Native Method)
	at sun.reflect.NativeMethodAccessorImpl.invoke(NativeMethodAccessorImpl.java:62)
	at sun.reflect.DelegatingMethodAccessorImpl.invoke(DelegatingMethodAccessorImpl.java:43)
	at java.lang.reflect.Method.invoke(Method.java:498)
	at org.junit.runners.model.FrameworkMethod$1.runReflectiveCall(FrameworkMethod.java:47)
	at org.junit.internal.runners.model.ReflectiveCallable.run(ReflectiveCallable.java:12)
	at org.junit.runners.model.FrameworkMethod.invokeExplosively(FrameworkMethod.java:44)
	at org.junit.internal.runners.statements.InvokeMethod.evaluate(InvokeMethod.java:17)
	at org.junit.internal.runners.statements.FailOnTimeout$StatementThread.run(FailOnTimeout.java:74)
--- org.jsoup.select.Selector_ESTest::test1717
org.evosuite.runtime.mock.java.lang.MockIllegalArgumentException: Index must be numeric
	at org.jsoup.helper.Validate.isTrue(Validate.java:45)
	at org.jsoup.select.Selector.consumeIndex(Selector.java:277)
	at org.jsoup.select.Selector.indexLessThan(Selector.java:264)
	at org.jsoup.select.Selector.findElements(Selector.java:168)
	at org.jsoup.select.Selector.select(Selector.java:113)
	at org.jsoup.select.Selector.select(Selector.java:84)
	at org.jsoup.select.Selector_ESTest.test1717(Selector_ESTest.java:166)
	at sun.reflect.NativeMethodAccessorImpl.invoke0(Native Method)
	at sun.reflect.NativeMethodAccessorImpl.invoke(NativeMethodAccessorImpl.java:62)
	at sun.reflect.DelegatingMethodAccessorImpl.invoke(DelegatingMethodAccessorImpl.java:43)
	at java.lang.reflect.Method.invoke(Method.java:498)
	at org.junit.runners.model.FrameworkMethod$1.runReflectiveCall(FrameworkMethod.java:47)
	at org.junit.internal.runners.model.ReflectiveCallable.run(ReflectiveCallable.java:12)
	at org.junit.runners.model.FrameworkMethod.invokeExplosively(FrameworkMethod.java:44)
	at org.junit.internal.runners.statements.InvokeMethod.evaluate(InvokeMethod.java:17)
	at org.junit.internal.runners.statements.FailOnTimeout$StatementThread.run(FailOnTimeout.java:74)
--- org.jsoup.select.Selector_ESTest::test1515
org.evosuite.runtime.mock.java.lang.MockIllegalStateException: Unknown combinator: ,
	at org.jsoup.select.Selector.combinator(Selector.java:151)
	at org.jsoup.select.Selector.select(Selector.java:109)
	at org.jsoup.select.Selector.select(Selector.java:84)
	at org.jsoup.select.Selector_ESTest.test1515(Selector_ESTest.java:154)
	at sun.reflect.NativeMethodAccessorImpl.invoke0(Native Method)
	at sun.reflect.NativeMethodAccessorImpl.invoke(NativeMethodAccessorImpl.java:62)
	at sun.reflect.DelegatingMethodAccessorImpl.invoke(DelegatingMethodAccessorImpl.java:43)
	at java.lang.reflect.Method.invoke(Method.java:498)
	at org.junit.runners.model.FrameworkMethod$1.runReflectiveCall(FrameworkMethod.java:47)
	at org.junit.internal.runners.model.ReflectiveCallable.run(ReflectiveCallable.java:12)
	at org.junit.runners.model.FrameworkMethod.invokeExplosively(FrameworkMethod.java:44)
	at org.junit.internal.runners.statements.InvokeMethod.evaluate(InvokeMethod.java:17)
	at org.junit.internal.runners.statements.FailOnTimeout$StatementThread.run(FailOnTimeout.java:74)
--- org.jsoup.select.Selector_ESTest::test1212
junit.framework.AssertionFailedError: expected:<1> but was:<0>
	at org.junit.Assert.fail(Assert.java:88)
	at org.junit.Assert.failNotEquals(Assert.java:743)
	at org.junit.Assert.assertEquals(Assert.java:118)
	at org.junit.Assert.assertEquals(Assert.java:555)
	at org.junit.Assert.assertEquals(Assert.java:542)
	at org.jsoup.select.Selector_ESTest.test1212(Selector_ESTest.java:128)
	at sun.reflect.NativeMethodAccessorImpl.invoke0(Native Method)
	at sun.reflect.NativeMethodAccessorImpl.invoke(NativeMethodAccessorImpl.java:62)
	at sun.reflect.DelegatingMethodAccessorImpl.invoke(DelegatingMethodAccessorImpl.java:43)
	at java.lang.reflect.Method.invoke(Method.java:498)
	at org.junit.runners.model.FrameworkMethod$1.runReflectiveCall(FrameworkMethod.java:47)
	at org.junit.internal.runners.model.ReflectiveCallable.run(ReflectiveCallable.java:12)
	at org.junit.runners.model.FrameworkMethod.invokeExplosively(FrameworkMethod.java:44)
	at org.junit.internal.runners.statements.InvokeMethod.evaluate(InvokeMethod.java:17)
	at org.junit.internal.runners.statements.FailOnTimeout$StatementThread.run(FailOnTimeout.java:74)
--- org.jsoup.select.Selector_ESTest::test1010
org.evosuite.runtime.mock.java.lang.MockIllegalArgumentException: :matches(regex) query must not be empty
	at org.jsoup.helper.Validate.notEmpty(Validate.java:83)
	at org.jsoup.select.Selector.matches(Selector.java:303)
	at org.jsoup.select.Selector.findElements(Selector.java:182)
	at org.jsoup.select.Selector.select(Selector.java:113)
	at org.jsoup.select.Selector.select(Selector.java:84)
	at org.jsoup.select.Selector_ESTest.test1010(Selector_ESTest.java:112)
	at sun.reflect.NativeMethodAccessorImpl.invoke0(Native Method)
	at sun.reflect.NativeMethodAccessorImpl.invoke(NativeMethodAccessorImpl.java:62)
	at sun.reflect.DelegatingMethodAccessorImpl.invoke(DelegatingMethodAccessorImpl.java:43)
	at java.lang.reflect.Method.invoke(Method.java:498)
	at org.junit.runners.model.FrameworkMethod$1.runReflectiveCall(FrameworkMethod.java:47)
	at org.junit.internal.runners.model.ReflectiveCallable.run(ReflectiveCallable.java:12)
	at org.junit.runners.model.FrameworkMethod.invokeExplosively(FrameworkMethod.java:44)
	at org.junit.internal.runners.statements.InvokeMethod.evaluate(InvokeMethod.java:17)
	at org.junit.internal.runners.statements.FailOnTimeout$StatementThread.run(FailOnTimeout.java:74)
--- org.jsoup.select.Selector_ESTest::test2121
org.jsoup.select.Selector$SelectorParseException: Could not parse query 'org.jsoup.select.Selector$SelectorParseException': unexpected token at '$SelectorParseException'
	at org.jsoup.select.Selector.findElements(Selector.java:186)
	at org.jsoup.select.Selector.select(Selector.java:130)
	at org.jsoup.select.Selector.select(Selector.java:84)
	at org.jsoup.select.Selector.select(Selector.java:99)
	at org.jsoup.select.Selector_ESTest.test2121(Selector_ESTest.java:199)
	at sun.reflect.NativeMethodAccessorImpl.invoke0(Native Method)
	at sun.reflect.NativeMethodAccessorImpl.invoke(NativeMethodAccessorImpl.java:62)
	at sun.reflect.DelegatingMethodAccessorImpl.invoke(DelegatingMethodAccessorImpl.java:43)
	at java.lang.reflect.Method.invoke(Method.java:498)
	at org.junit.runners.model.FrameworkMethod$1.runReflectiveCall(FrameworkMethod.java:47)
	at org.junit.internal.runners.model.ReflectiveCallable.run(ReflectiveCallable.java:12)
	at org.junit.runners.model.FrameworkMethod.invokeExplosively(FrameworkMethod.java:44)
	at org.junit.internal.runners.statements.InvokeMethod.evaluate(InvokeMethod.java:17)
	at org.junit.internal.runners.statements.FailOnTimeout$StatementThread.run(FailOnTimeout.java:74)
