--- com.google.javascript.jscomp.AbstractCommandLineRunner_ESTest::test1818
org.evosuite.runtime.mock.java.lang.MockIllegalStateException
	at com.google.common.base.Preconditions.checkState(Preconditions.java:129)
	at com.google.javascript.jscomp.AbstractCommandLineRunner.parseModuleWrappers(AbstractCommandLineRunner.java:501)
	at com.google.javascript.jscomp.AbstractCommandLineRunner_ESTest.test1818(AbstractCommandLineRunner_ESTest.java:201)
	at sun.reflect.NativeMethodAccessorImpl.invoke0(Native Method)
	at sun.reflect.NativeMethodAccessorImpl.invoke(NativeMethodAccessorImpl.java:62)
	at sun.reflect.DelegatingMethodAccessorImpl.invoke(DelegatingMethodAccessorImpl.java:43)
	at java.lang.reflect.Method.invoke(Method.java:498)
	at org.junit.runners.model.FrameworkMethod$1.runReflectiveCall(FrameworkMethod.java:47)
	at org.junit.internal.runners.model.ReflectiveCallable.run(ReflectiveCallable.java:12)
	at org.junit.runners.model.FrameworkMethod.invokeExplosively(FrameworkMethod.java:44)
	at org.junit.internal.runners.statements.InvokeMethod.evaluate(InvokeMethod.java:17)
	at org.junit.internal.runners.statements.FailOnTimeout$StatementThread.run(FailOnTimeout.java:74)
--- com.google.javascript.jscomp.AbstractCommandLineRunner_ESTest::test1919
java.lang.NullPointerException
	at com.google.javascript.jscomp.AbstractCommandLineRunner.shouldGenerateMapPerModule(AbstractCommandLineRunner.java:798)
	at com.google.javascript.jscomp.AbstractCommandLineRunner.processResults(AbstractCommandLineRunner.java:690)
	at com.google.javascript.jscomp.AbstractCommandLineRunner_ESTest.test1919(AbstractCommandLineRunner_ESTest.java:214)
	at sun.reflect.NativeMethodAccessorImpl.invoke0(Native Method)
	at sun.reflect.NativeMethodAccessorImpl.invoke(NativeMethodAccessorImpl.java:62)
	at sun.reflect.DelegatingMethodAccessorImpl.invoke(DelegatingMethodAccessorImpl.java:43)
	at java.lang.reflect.Method.invoke(Method.java:498)
	at org.junit.runners.model.FrameworkMethod$1.runReflectiveCall(FrameworkMethod.java:47)
	at org.junit.internal.runners.model.ReflectiveCallable.run(ReflectiveCallable.java:12)
	at org.junit.runners.model.FrameworkMethod.invokeExplosively(FrameworkMethod.java:44)
	at org.junit.internal.runners.statements.InvokeMethod.evaluate(InvokeMethod.java:17)
	at org.junit.internal.runners.statements.FailOnTimeout$StatementThread.run(FailOnTimeout.java:74)
--- com.google.javascript.jscomp.AbstractCommandLineRunner_ESTest::test022
com.google.javascript.jscomp.AbstractCommandLineRunner$FlagUsageException: Expected 2-4 colon-delimited parts in module spec: java.class
	at com.google.javascript.jscomp.AbstractCommandLineRunner.createJsModules(AbstractCommandLineRunner.java:413)
	at com.google.javascript.jscomp.AbstractCommandLineRunner_ESTest.test022(AbstractCommandLineRunner_ESTest.java:64)
	at sun.reflect.NativeMethodAccessorImpl.invoke0(Native Method)
	at sun.reflect.NativeMethodAccessorImpl.invoke(NativeMethodAccessorImpl.java:62)
	at sun.reflect.DelegatingMethodAccessorImpl.invoke(DelegatingMethodAccessorImpl.java:43)
	at java.lang.reflect.Method.invoke(Method.java:498)
	at org.junit.runners.model.FrameworkMethod$1.runReflectiveCall(FrameworkMethod.java:47)
	at org.junit.internal.runners.model.ReflectiveCallable.run(ReflectiveCallable.java:12)
	at org.junit.runners.model.FrameworkMethod.invokeExplosively(FrameworkMethod.java:44)
	at org.junit.internal.runners.statements.InvokeMethod.evaluate(InvokeMethod.java:17)
	at org.junit.internal.runners.statements.FailOnTimeout$StatementThread.run(FailOnTimeout.java:74)
--- com.google.javascript.jscomp.AbstractCommandLineRunner_ESTest::test088
java.lang.NullPointerException
	at com.google.javascript.jscomp.AbstractCommandLineRunner.run(AbstractCommandLineRunner.java:292)
	at com.google.javascript.jscomp.AbstractCommandLineRunner_ESTest.test088(AbstractCommandLineRunner_ESTest.java:114)
	at sun.reflect.NativeMethodAccessorImpl.invoke0(Native Method)
	at sun.reflect.NativeMethodAccessorImpl.invoke(NativeMethodAccessorImpl.java:62)
	at sun.reflect.DelegatingMethodAccessorImpl.invoke(DelegatingMethodAccessorImpl.java:43)
	at java.lang.reflect.Method.invoke(Method.java:498)
	at org.junit.runners.model.FrameworkMethod$1.runReflectiveCall(FrameworkMethod.java:47)
	at org.junit.internal.runners.model.ReflectiveCallable.run(ReflectiveCallable.java:12)
	at org.junit.runners.model.FrameworkMethod.invokeExplosively(FrameworkMethod.java:44)
	at org.junit.internal.runners.statements.InvokeMethod.evaluate(InvokeMethod.java:17)
	at org.junit.internal.runners.statements.FailOnTimeout$StatementThread.run(FailOnTimeout.java:74)
--- com.google.javascript.jscomp.AbstractCommandLineRunner_ESTest::test3030
org.evosuite.runtime.mock.java.lang.MockRuntimeException: --define flag syntax invalid: 
	at com.google.javascript.jscomp.AbstractCommandLineRunner.createDefineOrTweakReplacements(AbstractCommandLineRunner.java:1095)
	at com.google.javascript.jscomp.AbstractCommandLineRunner_ESTest.test3030(AbstractCommandLineRunner_ESTest.java:311)
	at sun.reflect.NativeMethodAccessorImpl.invoke0(Native Method)
	at sun.reflect.NativeMethodAccessorImpl.invoke(NativeMethodAccessorImpl.java:62)
	at sun.reflect.DelegatingMethodAccessorImpl.invoke(DelegatingMethodAccessorImpl.java:43)
	at java.lang.reflect.Method.invoke(Method.java:498)
	at org.junit.runners.model.FrameworkMethod$1.runReflectiveCall(FrameworkMethod.java:47)
	at org.junit.internal.runners.model.ReflectiveCallable.run(ReflectiveCallable.java:12)
	at org.junit.runners.model.FrameworkMethod.invokeExplosively(FrameworkMethod.java:44)
	at org.junit.internal.runners.statements.InvokeMethod.evaluate(InvokeMethod.java:17)
	at org.junit.internal.runners.statements.FailOnTimeout$StatementThread.run(FailOnTimeout.java:74)
--- com.google.javascript.jscomp.AbstractCommandLineRunner_ESTest::test2020
com.google.javascript.jscomp.AbstractCommandLineRunner$FlagUsageException: Unknown module: 'XhKqF;P['
	at com.google.javascript.jscomp.AbstractCommandLineRunner.parseModuleWrappers(AbstractCommandLineRunner.java:523)
	at com.google.javascript.jscomp.AbstractCommandLineRunner_ESTest.test2020(AbstractCommandLineRunner_ESTest.java:223)
	at sun.reflect.NativeMethodAccessorImpl.invoke0(Native Method)
	at sun.reflect.NativeMethodAccessorImpl.invoke(NativeMethodAccessorImpl.java:62)
	at sun.reflect.DelegatingMethodAccessorImpl.invoke(DelegatingMethodAccessorImpl.java:43)
	at java.lang.reflect.Method.invoke(Method.java:498)
	at org.junit.runners.model.FrameworkMethod$1.runReflectiveCall(FrameworkMethod.java:47)
	at org.junit.internal.runners.model.ReflectiveCallable.run(ReflectiveCallable.java:12)
	at org.junit.runners.model.FrameworkMethod.invokeExplosively(FrameworkMethod.java:44)
	at org.junit.internal.runners.statements.InvokeMethod.evaluate(InvokeMethod.java:17)
	at org.junit.internal.runners.statements.FailOnTimeout$StatementThread.run(FailOnTimeout.java:74)
--- com.google.javascript.jscomp.AbstractCommandLineRunner_ESTest::test3131
org.evosuite.runtime.mock.java.lang.MockRuntimeException: --tweak flag syntax invalid: 7m=$i4^t
	at com.google.javascript.jscomp.AbstractCommandLineRunner.createDefineOrTweakReplacements(AbstractCommandLineRunner.java:1092)
	at com.google.javascript.jscomp.AbstractCommandLineRunner_ESTest.test3131(AbstractCommandLineRunner_ESTest.java:319)
	at sun.reflect.NativeMethodAccessorImpl.invoke0(Native Method)
	at sun.reflect.NativeMethodAccessorImpl.invoke(NativeMethodAccessorImpl.java:62)
	at sun.reflect.DelegatingMethodAccessorImpl.invoke(DelegatingMethodAccessorImpl.java:43)
	at java.lang.reflect.Method.invoke(Method.java:498)
	at org.junit.runners.model.FrameworkMethod$1.runReflectiveCall(FrameworkMethod.java:47)
	at org.junit.internal.runners.model.ReflectiveCallable.run(ReflectiveCallable.java:12)
	at org.junit.runners.model.FrameworkMethod.invokeExplosively(FrameworkMethod.java:44)
	at org.junit.internal.runners.statements.InvokeMethod.evaluate(InvokeMethod.java:17)
	at org.junit.internal.runners.statements.FailOnTimeout$StatementThread.run(FailOnTimeout.java:74)
--- com.google.javascript.jscomp.AbstractCommandLineRunner_ESTest::test2121
com.google.javascript.jscomp.AbstractCommandLineRunner$FlagUsageException: Expected module wrapper to have <name>:<wrapper> format: java.class
	at com.google.javascript.jscomp.AbstractCommandLineRunner.parseModuleWrappers(AbstractCommandLineRunner.java:516)
	at com.google.javascript.jscomp.AbstractCommandLineRunner_ESTest.test2121(AbstractCommandLineRunner_ESTest.java:230)
	at sun.reflect.NativeMethodAccessorImpl.invoke0(Native Method)
	at sun.reflect.NativeMethodAccessorImpl.invoke(NativeMethodAccessorImpl.java:62)
	at sun.reflect.DelegatingMethodAccessorImpl.invoke(DelegatingMethodAccessorImpl.java:43)
	at java.lang.reflect.Method.invoke(Method.java:498)
	at org.junit.runners.model.FrameworkMethod$1.runReflectiveCall(FrameworkMethod.java:47)
	at org.junit.internal.runners.model.ReflectiveCallable.run(ReflectiveCallable.java:12)
	at org.junit.runners.model.FrameworkMethod.invokeExplosively(FrameworkMethod.java:44)
	at org.junit.internal.runners.statements.InvokeMethod.evaluate(InvokeMethod.java:17)
	at org.junit.internal.runners.statements.FailOnTimeout$StatementThread.run(FailOnTimeout.java:74)
--- com.google.javascript.jscomp.AbstractCommandLineRunner_ESTest::test2222
java.lang.NullPointerException
	at com.google.javascript.jscomp.AbstractCommandLineRunner.writeOutput(AbstractCommandLineRunner.java:567)
	at com.google.javascript.jscomp.AbstractCommandLineRunner_ESTest.test2222(AbstractCommandLineRunner_ESTest.java:236)
	at sun.reflect.NativeMethodAccessorImpl.invoke0(Native Method)
	at sun.reflect.NativeMethodAccessorImpl.invoke(NativeMethodAccessorImpl.java:62)
	at sun.reflect.DelegatingMethodAccessorImpl.invoke(DelegatingMethodAccessorImpl.java:43)
	at java.lang.reflect.Method.invoke(Method.java:498)
	at org.junit.runners.model.FrameworkMethod$1.runReflectiveCall(FrameworkMethod.java:47)
	at org.junit.internal.runners.model.ReflectiveCallable.run(ReflectiveCallable.java:12)
	at org.junit.runners.model.FrameworkMethod.invokeExplosively(FrameworkMethod.java:44)
	at org.junit.internal.runners.statements.InvokeMethod.evaluate(InvokeMethod.java:17)
	at org.junit.internal.runners.statements.FailOnTimeout$StatementThread.run(FailOnTimeout.java:74)
--- com.google.javascript.jscomp.AbstractCommandLineRunner_ESTest::test1111
com.google.javascript.jscomp.AbstractCommandLineRunner$FlagUsageException: Can't specify stdin.
	at com.google.javascript.jscomp.AbstractCommandLineRunner.createInputs(AbstractCommandLineRunner.java:338)
	at com.google.javascript.jscomp.AbstractCommandLineRunner_ESTest.test1111(AbstractCommandLineRunner_ESTest.java:143)
	at sun.reflect.NativeMethodAccessorImpl.invoke0(Native Method)
	at sun.reflect.NativeMethodAccessorImpl.invoke(NativeMethodAccessorImpl.java:62)
	at sun.reflect.DelegatingMethodAccessorImpl.invoke(DelegatingMethodAccessorImpl.java:43)
	at java.lang.reflect.Method.invoke(Method.java:498)
	at org.junit.runners.model.FrameworkMethod$1.runReflectiveCall(FrameworkMethod.java:47)
	at org.junit.internal.runners.model.ReflectiveCallable.run(ReflectiveCallable.java:12)
	at org.junit.runners.model.FrameworkMethod.invokeExplosively(FrameworkMethod.java:44)
	at org.junit.internal.runners.statements.InvokeMethod.evaluate(InvokeMethod.java:17)
	at org.junit.internal.runners.statements.FailOnTimeout$StatementThread.run(FailOnTimeout.java:74)
--- com.google.javascript.jscomp.AbstractCommandLineRunner_ESTest::test3434
org.evosuite.runtime.mock.java.lang.MockRuntimeException: --define flag syntax invalid: Z:c_lk|)=
	at com.google.javascript.jscomp.AbstractCommandLineRunner.createDefineOrTweakReplacements(AbstractCommandLineRunner.java:1095)
	at com.google.javascript.jscomp.AbstractCommandLineRunner_ESTest.test3434(AbstractCommandLineRunner_ESTest.java:343)
	at sun.reflect.NativeMethodAccessorImpl.invoke0(Native Method)
	at sun.reflect.NativeMethodAccessorImpl.invoke(NativeMethodAccessorImpl.java:62)
	at sun.reflect.DelegatingMethodAccessorImpl.invoke(DelegatingMethodAccessorImpl.java:43)
	at java.lang.reflect.Method.invoke(Method.java:498)
	at org.junit.runners.model.FrameworkMethod$1.runReflectiveCall(FrameworkMethod.java:47)
	at org.junit.internal.runners.model.ReflectiveCallable.run(ReflectiveCallable.java:12)
	at org.junit.runners.model.FrameworkMethod.invokeExplosively(FrameworkMethod.java:44)
	at org.junit.internal.runners.statements.InvokeMethod.evaluate(InvokeMethod.java:17)
	at org.junit.internal.runners.statements.FailOnTimeout$StatementThread.run(FailOnTimeout.java:74)
--- com.google.javascript.jscomp.AbstractCommandLineRunner_ESTest::test1313
org.evosuite.runtime.mock.java.lang.MockIllegalStateException
	at com.google.common.base.Preconditions.checkState(Preconditions.java:129)
	at com.google.javascript.jscomp.AbstractCommandLineRunner.createJsModules(AbstractCommandLineRunner.java:400)
	at com.google.javascript.jscomp.AbstractCommandLineRunner_ESTest.test1313(AbstractCommandLineRunner_ESTest.java:162)
	at sun.reflect.NativeMethodAccessorImpl.invoke0(Native Method)
	at sun.reflect.NativeMethodAccessorImpl.invoke(NativeMethodAccessorImpl.java:62)
	at sun.reflect.DelegatingMethodAccessorImpl.invoke(DelegatingMethodAccessorImpl.java:43)
	at java.lang.reflect.Method.invoke(Method.java:498)
	at org.junit.runners.model.FrameworkMethod$1.runReflectiveCall(FrameworkMethod.java:47)
	at org.junit.internal.runners.model.ReflectiveCallable.run(ReflectiveCallable.java:12)
	at org.junit.runners.model.FrameworkMethod.invokeExplosively(FrameworkMethod.java:44)
	at org.junit.internal.runners.statements.InvokeMethod.evaluate(InvokeMethod.java:17)
	at org.junit.internal.runners.statements.FailOnTimeout$StatementThread.run(FailOnTimeout.java:74)
--- com.google.javascript.jscomp.AbstractCommandLineRunner_ESTest::test1414
org.evosuite.runtime.mock.java.lang.MockIllegalStateException
	at com.google.common.base.Preconditions.checkState(Preconditions.java:129)
	at com.google.javascript.jscomp.AbstractCommandLineRunner.createJsModules(AbstractCommandLineRunner.java:401)
	at com.google.javascript.jscomp.AbstractCommandLineRunner_ESTest.test1414(AbstractCommandLineRunner_ESTest.java:170)
	at sun.reflect.NativeMethodAccessorImpl.invoke0(Native Method)
	at sun.reflect.NativeMethodAccessorImpl.invoke(NativeMethodAccessorImpl.java:62)
	at sun.reflect.DelegatingMethodAccessorImpl.invoke(DelegatingMethodAccessorImpl.java:43)
	at java.lang.reflect.Method.invoke(Method.java:498)
	at org.junit.runners.model.FrameworkMethod$1.runReflectiveCall(FrameworkMethod.java:47)
	at org.junit.internal.runners.model.ReflectiveCallable.run(ReflectiveCallable.java:12)
	at org.junit.runners.model.FrameworkMethod.invokeExplosively(FrameworkMethod.java:44)
	at org.junit.internal.runners.statements.InvokeMethod.evaluate(InvokeMethod.java:17)
	at org.junit.internal.runners.statements.FailOnTimeout$StatementThread.run(FailOnTimeout.java:74)
--- com.google.javascript.jscomp.AbstractCommandLineRunner_ESTest::test2626
java.lang.NullPointerException
	at com.google.javascript.jscomp.AbstractCommandLineRunner.run(AbstractCommandLineRunner.java:292)
	at com.google.javascript.jscomp.AbstractCommandLineRunner_ESTest.test2626(AbstractCommandLineRunner_ESTest.java:282)
	at sun.reflect.NativeMethodAccessorImpl.invoke0(Native Method)
	at sun.reflect.NativeMethodAccessorImpl.invoke(NativeMethodAccessorImpl.java:62)
	at sun.reflect.DelegatingMethodAccessorImpl.invoke(DelegatingMethodAccessorImpl.java:43)
	at java.lang.reflect.Method.invoke(Method.java:498)
	at org.junit.runners.model.FrameworkMethod$1.runReflectiveCall(FrameworkMethod.java:47)
	at org.junit.internal.runners.model.ReflectiveCallable.run(ReflectiveCallable.java:12)
	at org.junit.runners.model.FrameworkMethod.invokeExplosively(FrameworkMethod.java:44)
	at org.junit.internal.runners.statements.InvokeMethod.evaluate(InvokeMethod.java:17)
	at org.junit.internal.runners.statements.FailOnTimeout$StatementThread.run(FailOnTimeout.java:74)
--- com.google.javascript.jscomp.AbstractCommandLineRunner_ESTest::test1515
org.evosuite.runtime.mock.java.lang.MockIllegalStateException
	at com.google.common.base.Preconditions.checkState(Preconditions.java:129)
	at com.google.javascript.jscomp.AbstractCommandLineRunner.createJsModules(AbstractCommandLineRunner.java:402)
	at com.google.javascript.jscomp.AbstractCommandLineRunner_ESTest.test1515(AbstractCommandLineRunner_ESTest.java:179)
	at sun.reflect.NativeMethodAccessorImpl.invoke0(Native Method)
	at sun.reflect.NativeMethodAccessorImpl.invoke(NativeMethodAccessorImpl.java:62)
	at sun.reflect.DelegatingMethodAccessorImpl.invoke(DelegatingMethodAccessorImpl.java:43)
	at java.lang.reflect.Method.invoke(Method.java:498)
	at org.junit.runners.model.FrameworkMethod$1.runReflectiveCall(FrameworkMethod.java:47)
	at org.junit.internal.runners.model.ReflectiveCallable.run(ReflectiveCallable.java:12)
	at org.junit.runners.model.FrameworkMethod.invokeExplosively(FrameworkMethod.java:44)
	at org.junit.internal.runners.statements.InvokeMethod.evaluate(InvokeMethod.java:17)
	at org.junit.internal.runners.statements.FailOnTimeout$StatementThread.run(FailOnTimeout.java:74)
--- com.google.javascript.jscomp.AbstractCommandLineRunner_ESTest::test1616
com.google.javascript.jscomp.AbstractCommandLineRunner$FlagUsageException: Invalid js file count 'c_lk|)=' for module: Z
	at com.google.javascript.jscomp.AbstractCommandLineRunner.createJsModules(AbstractCommandLineRunner.java:435)
	at com.google.javascript.jscomp.AbstractCommandLineRunner_ESTest.test1616(AbstractCommandLineRunner_ESTest.java:188)
	at sun.reflect.NativeMethodAccessorImpl.invoke0(Native Method)
	at sun.reflect.NativeMethodAccessorImpl.invoke(NativeMethodAccessorImpl.java:62)
	at sun.reflect.DelegatingMethodAccessorImpl.invoke(DelegatingMethodAccessorImpl.java:43)
	at java.lang.reflect.Method.invoke(Method.java:498)
	at org.junit.runners.model.FrameworkMethod$1.runReflectiveCall(FrameworkMethod.java:47)
	at org.junit.internal.runners.model.ReflectiveCallable.run(ReflectiveCallable.java:12)
	at org.junit.runners.model.FrameworkMethod.invokeExplosively(FrameworkMethod.java:44)
	at org.junit.internal.runners.statements.InvokeMethod.evaluate(InvokeMethod.java:17)
	at org.junit.internal.runners.statements.FailOnTimeout$StatementThread.run(FailOnTimeout.java:74)
--- com.google.javascript.jscomp.AbstractCommandLineRunner_ESTest::test1717
com.google.javascript.jscomp.AbstractCommandLineRunner$FlagUsageException: Invalid module name: '>'
	at com.google.javascript.jscomp.AbstractCommandLineRunner.checkModuleName(AbstractCommandLineRunner.java:486)
	at com.google.javascript.jscomp.AbstractCommandLineRunner_ESTest.test1717(AbstractCommandLineRunner_ESTest.java:195)
	at sun.reflect.NativeMethodAccessorImpl.invoke0(Native Method)
	at sun.reflect.NativeMethodAccessorImpl.invoke(NativeMethodAccessorImpl.java:62)
	at sun.reflect.DelegatingMethodAccessorImpl.invoke(DelegatingMethodAccessorImpl.java:43)
	at java.lang.reflect.Method.invoke(Method.java:498)
	at org.junit.runners.model.FrameworkMethod$1.runReflectiveCall(FrameworkMethod.java:47)
	at org.junit.internal.runners.model.ReflectiveCallable.run(ReflectiveCallable.java:12)
	at org.junit.runners.model.FrameworkMethod.invokeExplosively(FrameworkMethod.java:44)
	at org.junit.internal.runners.statements.InvokeMethod.evaluate(InvokeMethod.java:17)
	at org.junit.internal.runners.statements.FailOnTimeout$StatementThread.run(FailOnTimeout.java:74)
