--- org.apache.commons.lang3.StringUtils_ESTest::test395437
org.evosuite.runtime.mock.java.lang.MockIllegalArgumentException: Minimum abbreviation width with offset is 7
	at org.apache.commons.lang3.StringUtils.abbreviate(StringUtils.java:5554)
	at org.apache.commons.lang3.StringUtils_ESTest.test395437(StringUtils_ESTest.java:2312)
	at sun.reflect.NativeMethodAccessorImpl.invoke0(Native Method)
	at sun.reflect.NativeMethodAccessorImpl.invoke(NativeMethodAccessorImpl.java:62)
	at sun.reflect.DelegatingMethodAccessorImpl.invoke(DelegatingMethodAccessorImpl.java:43)
	at java.lang.reflect.Method.invoke(Method.java:498)
	at org.junit.runners.model.FrameworkMethod$1.runReflectiveCall(FrameworkMethod.java:47)
	at org.junit.internal.runners.model.ReflectiveCallable.run(ReflectiveCallable.java:12)
	at org.junit.runners.model.FrameworkMethod.invokeExplosively(FrameworkMethod.java:44)
	at org.junit.internal.runners.statements.InvokeMethod.evaluate(InvokeMethod.java:17)
	at org.junit.internal.runners.statements.FailOnTimeout$StatementThread.run(FailOnTimeout.java:74)
--- org.apache.commons.lang3.StringUtils_ESTest::test278308
org.evosuite.runtime.mock.java.lang.MockIllegalStateException: TimeToLive of -1 is less than 0: r
	at org.apache.commons.lang3.StringUtils.replaceEach(StringUtils.java:3870)
	at org.apache.commons.lang3.StringUtils.replaceEach(StringUtils.java:3983)
	at org.apache.commons.lang3.StringUtils.replaceEach(StringUtils.java:3983)
	at org.apache.commons.lang3.StringUtils.replaceEach(StringUtils.java:3983)
	at org.apache.commons.lang3.StringUtils.replaceEach(StringUtils.java:3983)
	at org.apache.commons.lang3.StringUtils.replaceEachRepeatedly(StringUtils.java:3804)
	at org.apache.commons.lang3.StringUtils_ESTest.test278308(StringUtils_ESTest.java:1656)
	at sun.reflect.NativeMethodAccessorImpl.invoke0(Native Method)
	at sun.reflect.NativeMethodAccessorImpl.invoke(NativeMethodAccessorImpl.java:62)
	at sun.reflect.DelegatingMethodAccessorImpl.invoke(DelegatingMethodAccessorImpl.java:43)
	at java.lang.reflect.Method.invoke(Method.java:498)
	at org.junit.runners.model.FrameworkMethod$1.runReflectiveCall(FrameworkMethod.java:47)
	at org.junit.internal.runners.model.ReflectiveCallable.run(ReflectiveCallable.java:12)
	at org.junit.runners.model.FrameworkMethod.invokeExplosively(FrameworkMethod.java:44)
	at org.junit.internal.runners.statements.InvokeMethod.evaluate(InvokeMethod.java:17)
	at org.junit.internal.runners.statements.FailOnTimeout$StatementThread.run(FailOnTimeout.java:74)
--- org.apache.commons.lang3.StringUtils_ESTest::test279309
org.evosuite.runtime.mock.java.lang.MockIllegalStateException: TimeToLive of -1 is less than 0: illegalaccessexception occurred during 1.6 bhyurl*irbn5ode
	at org.apache.commons.lang3.StringUtils.replaceEach(StringUtils.java:3870)
	at org.apache.commons.lang3.StringUtils.replaceEach(StringUtils.java:3983)
	at org.apache.commons.lang3.StringUtils.replaceEach(StringUtils.java:3983)
	at org.apache.commons.lang3.StringUtils.replaceEach(StringUtils.java:3983)
	at org.apache.commons.lang3.StringUtils.replaceEach(StringUtils.java:3983)
	at org.apache.commons.lang3.StringUtils.replaceEach(StringUtils.java:3983)
	at org.apache.commons.lang3.StringUtils.replaceEach(StringUtils.java:3983)
	at org.apache.commons.lang3.StringUtils.replaceEachRepeatedly(StringUtils.java:3804)
	at org.apache.commons.lang3.StringUtils_ESTest.test279309(StringUtils_ESTest.java:1662)
	at sun.reflect.NativeMethodAccessorImpl.invoke0(Native Method)
	at sun.reflect.NativeMethodAccessorImpl.invoke(NativeMethodAccessorImpl.java:62)
	at sun.reflect.DelegatingMethodAccessorImpl.invoke(DelegatingMethodAccessorImpl.java:43)
	at java.lang.reflect.Method.invoke(Method.java:498)
	at org.junit.runners.model.FrameworkMethod$1.runReflectiveCall(FrameworkMethod.java:47)
	at org.junit.internal.runners.model.ReflectiveCallable.run(ReflectiveCallable.java:12)
	at org.junit.runners.model.FrameworkMethod.invokeExplosively(FrameworkMethod.java:44)
	at org.junit.internal.runners.statements.InvokeMethod.evaluate(InvokeMethod.java:17)
	at org.junit.internal.runners.statements.FailOnTimeout$StatementThread.run(FailOnTimeout.java:74)
--- org.apache.commons.lang3.StringUtils_ESTest::test392434
org.evosuite.runtime.mock.java.lang.MockIllegalArgumentException: Minimum abbreviation width is 4
	at org.apache.commons.lang3.StringUtils.abbreviate(StringUtils.java:5538)
	at org.apache.commons.lang3.StringUtils.abbreviate(StringUtils.java:5495)
	at org.apache.commons.lang3.StringUtils_ESTest.test392434(StringUtils_ESTest.java:2297)
	at sun.reflect.NativeMethodAccessorImpl.invoke0(Native Method)
	at sun.reflect.NativeMethodAccessorImpl.invoke(NativeMethodAccessorImpl.java:62)
	at sun.reflect.DelegatingMethodAccessorImpl.invoke(DelegatingMethodAccessorImpl.java:43)
	at java.lang.reflect.Method.invoke(Method.java:498)
	at org.junit.runners.model.FrameworkMethod$1.runReflectiveCall(FrameworkMethod.java:47)
	at org.junit.internal.runners.model.ReflectiveCallable.run(ReflectiveCallable.java:12)
	at org.junit.runners.model.FrameworkMethod.invokeExplosively(FrameworkMethod.java:44)
	at org.junit.internal.runners.statements.InvokeMethod.evaluate(InvokeMethod.java:17)
	at org.junit.internal.runners.statements.FailOnTimeout$StatementThread.run(FailOnTimeout.java:74)
--- org.apache.commons.lang3.StringUtils_ESTest::test274304
org.evosuite.runtime.mock.java.lang.MockIllegalArgumentException: Search and Replace array lengths don't match: 2 vs 1
	at org.apache.commons.lang3.StringUtils.replaceEach(StringUtils.java:3878)
	at org.apache.commons.lang3.StringUtils.replaceEachRepeatedly(StringUtils.java:3804)
	at org.apache.commons.lang3.StringUtils_ESTest.test274304(StringUtils_ESTest.java:1623)
	at sun.reflect.NativeMethodAccessorImpl.invoke0(Native Method)
	at sun.reflect.NativeMethodAccessorImpl.invoke(NativeMethodAccessorImpl.java:62)
	at sun.reflect.DelegatingMethodAccessorImpl.invoke(DelegatingMethodAccessorImpl.java:43)
	at java.lang.reflect.Method.invoke(Method.java:498)
	at org.junit.runners.model.FrameworkMethod$1.runReflectiveCall(FrameworkMethod.java:47)
	at org.junit.internal.runners.model.ReflectiveCallable.run(ReflectiveCallable.java:12)
	at org.junit.runners.model.FrameworkMethod.invokeExplosively(FrameworkMethod.java:44)
	at org.junit.internal.runners.statements.InvokeMethod.evaluate(InvokeMethod.java:17)
	at org.junit.internal.runners.statements.FailOnTimeout$StatementThread.run(FailOnTimeout.java:74)
--- org.apache.commons.lang3.StringUtils_ESTest::test421467
org.evosuite.runtime.mock.java.lang.MockIllegalArgumentException: Strings must not be null
	at org.apache.commons.lang3.StringUtils.getLevenshteinDistance(StringUtils.java:5875)
	at org.apache.commons.lang3.StringUtils_ESTest.test421467(StringUtils_ESTest.java:2477)
	at sun.reflect.NativeMethodAccessorImpl.invoke0(Native Method)
	at sun.reflect.NativeMethodAccessorImpl.invoke(NativeMethodAccessorImpl.java:62)
	at sun.reflect.DelegatingMethodAccessorImpl.invoke(DelegatingMethodAccessorImpl.java:43)
	at java.lang.reflect.Method.invoke(Method.java:498)
	at org.junit.runners.model.FrameworkMethod$1.runReflectiveCall(FrameworkMethod.java:47)
	at org.junit.internal.runners.model.ReflectiveCallable.run(ReflectiveCallable.java:12)
	at org.junit.runners.model.FrameworkMethod.invokeExplosively(FrameworkMethod.java:44)
	at org.junit.internal.runners.statements.InvokeMethod.evaluate(InvokeMethod.java:17)
	at org.junit.internal.runners.statements.FailOnTimeout$StatementThread.run(FailOnTimeout.java:74)
--- org.apache.commons.lang3.StringUtils_ESTest::test419465
org.evosuite.runtime.mock.java.lang.MockIllegalArgumentException: Strings must not be null
	at org.apache.commons.lang3.StringUtils.getLevenshteinDistance(StringUtils.java:5875)
	at org.apache.commons.lang3.StringUtils_ESTest.test419465(StringUtils_ESTest.java:2467)
	at sun.reflect.NativeMethodAccessorImpl.invoke0(Native Method)
	at sun.reflect.NativeMethodAccessorImpl.invoke(NativeMethodAccessorImpl.java:62)
	at sun.reflect.DelegatingMethodAccessorImpl.invoke(DelegatingMethodAccessorImpl.java:43)
	at java.lang.reflect.Method.invoke(Method.java:498)
	at org.junit.runners.model.FrameworkMethod$1.runReflectiveCall(FrameworkMethod.java:47)
	at org.junit.internal.runners.model.ReflectiveCallable.run(ReflectiveCallable.java:12)
	at org.junit.runners.model.FrameworkMethod.invokeExplosively(FrameworkMethod.java:44)
	at org.junit.internal.runners.statements.InvokeMethod.evaluate(InvokeMethod.java:17)
	at org.junit.internal.runners.statements.FailOnTimeout$StatementThread.run(FailOnTimeout.java:74)
--- org.apache.commons.lang3.StringUtils_ESTest::test268298
org.evosuite.runtime.mock.java.lang.MockIllegalStateException: TimeToLive of -1 is less than 0: vR 
	at org.apache.commons.lang3.StringUtils.replaceEach(StringUtils.java:3870)
	at org.apache.commons.lang3.StringUtils.replaceEach(StringUtils.java:3983)
	at org.apache.commons.lang3.StringUtils.replaceEach(StringUtils.java:3983)
	at org.apache.commons.lang3.StringUtils.replaceEach(StringUtils.java:3983)
	at org.apache.commons.lang3.StringUtils.replaceEachRepeatedly(StringUtils.java:3804)
	at org.apache.commons.lang3.StringUtils_ESTest.test268298(StringUtils_ESTest.java:1587)
	at sun.reflect.NativeMethodAccessorImpl.invoke0(Native Method)
	at sun.reflect.NativeMethodAccessorImpl.invoke(NativeMethodAccessorImpl.java:62)
	at sun.reflect.DelegatingMethodAccessorImpl.invoke(DelegatingMethodAccessorImpl.java:43)
	at java.lang.reflect.Method.invoke(Method.java:498)
	at org.junit.runners.model.FrameworkMethod$1.runReflectiveCall(FrameworkMethod.java:47)
	at org.junit.internal.runners.model.ReflectiveCallable.run(ReflectiveCallable.java:12)
	at org.junit.runners.model.FrameworkMethod.invokeExplosively(FrameworkMethod.java:44)
	at org.junit.internal.runners.statements.InvokeMethod.evaluate(InvokeMethod.java:17)
	at org.junit.internal.runners.statements.FailOnTimeout$StatementThread.run(FailOnTimeout.java:74)
