--- org.apache.commons.math.linear.SingularValueDecompositionImpl_ESTest::test087
org.apache.commons.math.MathRuntimeException$4: invalid row dimension 0 (must be positive)
	at org.apache.commons.math.MathRuntimeException.createIllegalArgumentException(MathRuntimeException.java:305)
	at org.apache.commons.math.linear.AbstractRealMatrix.<init>(AbstractRealMatrix.java:57)
	at org.apache.commons.math.linear.Array2DRowRealMatrix.<init>(Array2DRowRealMatrix.java:96)
	at org.apache.commons.math.linear.MatrixUtils.createRealMatrix(MatrixUtils.java:61)
	at org.apache.commons.math.linear.MatrixUtils.createRealDiagonalMatrix(MatrixUtils.java:202)
	at org.apache.commons.math.linear.SingularValueDecompositionImpl.getS(SingularValueDecompositionImpl.java:220)
	at org.apache.commons.math.linear.SingularValueDecompositionImpl_ESTest.test087(SingularValueDecompositionImpl_ESTest.java:102)
	at sun.reflect.NativeMethodAccessorImpl.invoke0(Native Method)
	at sun.reflect.NativeMethodAccessorImpl.invoke(NativeMethodAccessorImpl.java:62)
	at sun.reflect.DelegatingMethodAccessorImpl.invoke(DelegatingMethodAccessorImpl.java:43)
	at java.lang.reflect.Method.invoke(Method.java:498)
	at org.junit.runners.model.FrameworkMethod$1.runReflectiveCall(FrameworkMethod.java:47)
	at org.junit.internal.runners.model.ReflectiveCallable.run(ReflectiveCallable.java:12)
	at org.junit.runners.model.FrameworkMethod.invokeExplosively(FrameworkMethod.java:44)
	at org.junit.internal.runners.statements.InvokeMethod.evaluate(InvokeMethod.java:17)
	at org.junit.internal.runners.statements.FailOnTimeout$StatementThread.run(FailOnTimeout.java:74)
--- org.apache.commons.math.linear.SingularValueDecompositionImpl_ESTest::test2017
java.lang.ArrayIndexOutOfBoundsException
	at java.lang.System.arraycopy(Native Method)
	at org.apache.commons.math.linear.Array2DRowRealMatrix.copyOut(Array2DRowRealMatrix.java:620)
	at org.apache.commons.math.linear.Array2DRowRealMatrix.getData(Array2DRowRealMatrix.java:317)
	at org.apache.commons.math.linear.BiDiagonalTransformer.<init>(BiDiagonalTransformer.java:65)
	at org.apache.commons.math.linear.SingularValueDecompositionImpl.<init>(SingularValueDecompositionImpl.java:120)
	at org.apache.commons.math.linear.SingularValueDecompositionImpl.<init>(SingularValueDecompositionImpl.java:98)
	at org.apache.commons.math.linear.SingularValueDecompositionImpl_ESTest.test2017(SingularValueDecompositionImpl_ESTest.java:189)
	at sun.reflect.NativeMethodAccessorImpl.invoke0(Native Method)
	at sun.reflect.NativeMethodAccessorImpl.invoke(NativeMethodAccessorImpl.java:62)
	at sun.reflect.DelegatingMethodAccessorImpl.invoke(DelegatingMethodAccessorImpl.java:43)
	at java.lang.reflect.Method.invoke(Method.java:498)
	at org.junit.runners.model.FrameworkMethod$1.runReflectiveCall(FrameworkMethod.java:47)
	at org.junit.internal.runners.model.ReflectiveCallable.run(ReflectiveCallable.java:12)
	at org.junit.runners.model.FrameworkMethod.invokeExplosively(FrameworkMethod.java:44)
	at org.junit.internal.runners.statements.InvokeMethod.evaluate(InvokeMethod.java:17)
	at org.junit.internal.runners.statements.FailOnTimeout$StatementThread.run(FailOnTimeout.java:74)
--- org.apache.commons.math.linear.SingularValueDecompositionImpl_ESTest::test3546
junit.framework.AssertionFailedError: expected:<Array2DRowRealMatrix{{14181.556575493352,-0.0,-0.0,-0.0,-0.0,14181.556575493352,-0.0,-0.0,-0.0,-0.0},{-0.0,0.0,0.0,0.0,0.0,-0.0,0.0,0.0,0.0,0.0},{-0.0,0.0,0.0,0.0,0.0,-0.0,0.0,0.0,0.0,0.0},{-0.0,0.0,0.0,0.0,0.0,-0.0,0.0,0.0,0.0,0.0},{-0.0,0.0,0.0,0.0,0.0,-0.0,0.0,0.0,0.0,0.0},{14181.556575493352,-0.0,-0.0,-0.0,-0.0,14181.556575493352,-0.0,-0.0,-0.0,-0.0},{-0.0,0.0,0.0,0.0,0.0,-0.0,0.0,0.0,0.0,0.0},{-0.0,0.0,0.0,0.0,0.0,-0.0,0.0,0.0,0.0,0.0},{-0.0,0.0,0.0,0.0,0.0,-0.0,0.0,0.0,0.0,0.0},{-0.0,0.0,0.0,0.0,0.0,-0.0,0.0,0.0,0.0,0.0}}> but was:<Array2DRowRealMatrix{{-0.3535533905932738,0.0,0.0,0.0,0.0,-0.35355339059327373,0.0,0.0,0.0,0.0}}>
	at org.junit.Assert.fail(Assert.java:88)
	at org.junit.Assert.failNotEquals(Assert.java:743)
	at org.junit.Assert.assertEquals(Assert.java:118)
	at org.junit.Assert.assertEquals(Assert.java:144)
	at org.apache.commons.math.linear.SingularValueDecompositionImpl_ESTest.test3546(SingularValueDecompositionImpl_ESTest.java:537)
	at sun.reflect.NativeMethodAccessorImpl.invoke0(Native Method)
	at sun.reflect.NativeMethodAccessorImpl.invoke(NativeMethodAccessorImpl.java:62)
	at sun.reflect.DelegatingMethodAccessorImpl.invoke(DelegatingMethodAccessorImpl.java:43)
	at java.lang.reflect.Method.invoke(Method.java:498)
	at org.junit.runners.model.FrameworkMethod$1.runReflectiveCall(FrameworkMethod.java:47)
	at org.junit.internal.runners.model.ReflectiveCallable.run(ReflectiveCallable.java:12)
	at org.junit.runners.model.FrameworkMethod.invokeExplosively(FrameworkMethod.java:44)
	at org.junit.internal.runners.statements.InvokeMethod.evaluate(InvokeMethod.java:17)
	at org.junit.internal.runners.statements.FailOnTimeout$StatementThread.run(FailOnTimeout.java:74)
--- org.apache.commons.math.linear.SingularValueDecompositionImpl_ESTest::test098
java.lang.ArrayIndexOutOfBoundsException: 0
	at org.apache.commons.math.linear.SingularValueDecompositionImpl.getRank(SingularValueDecompositionImpl.java:338)
	at org.apache.commons.math.linear.SingularValueDecompositionImpl_ESTest.test098(SingularValueDecompositionImpl_ESTest.java:109)
	at sun.reflect.NativeMethodAccessorImpl.invoke0(Native Method)
	at sun.reflect.NativeMethodAccessorImpl.invoke(NativeMethodAccessorImpl.java:62)
	at sun.reflect.DelegatingMethodAccessorImpl.invoke(DelegatingMethodAccessorImpl.java:43)
	at java.lang.reflect.Method.invoke(Method.java:498)
	at org.junit.runners.model.FrameworkMethod$1.runReflectiveCall(FrameworkMethod.java:47)
	at org.junit.internal.runners.model.ReflectiveCallable.run(ReflectiveCallable.java:12)
	at org.junit.runners.model.FrameworkMethod.invokeExplosively(FrameworkMethod.java:44)
	at org.junit.internal.runners.statements.InvokeMethod.evaluate(InvokeMethod.java:17)
	at org.junit.internal.runners.statements.FailOnTimeout$StatementThread.run(FailOnTimeout.java:74)
--- org.apache.commons.math.linear.SingularValueDecompositionImpl_ESTest::test1916
java.lang.NegativeArraySizeException
	at org.apache.commons.math.linear.BiDiagonalTransformer.<init>(BiDiagonalTransformer.java:67)
	at org.apache.commons.math.linear.SingularValueDecompositionImpl.<init>(SingularValueDecompositionImpl.java:120)
	at org.apache.commons.math.linear.SingularValueDecompositionImpl.<init>(SingularValueDecompositionImpl.java:98)
	at org.apache.commons.math.linear.SingularValueDecompositionImpl_ESTest.test1916(SingularValueDecompositionImpl_ESTest.java:178)
	at sun.reflect.NativeMethodAccessorImpl.invoke0(Native Method)
	at sun.reflect.NativeMethodAccessorImpl.invoke(NativeMethodAccessorImpl.java:62)
	at sun.reflect.DelegatingMethodAccessorImpl.invoke(DelegatingMethodAccessorImpl.java:43)
	at java.lang.reflect.Method.invoke(Method.java:498)
	at org.junit.runners.model.FrameworkMethod$1.runReflectiveCall(FrameworkMethod.java:47)
	at org.junit.internal.runners.model.ReflectiveCallable.run(ReflectiveCallable.java:12)
	at org.junit.runners.model.FrameworkMethod.invokeExplosively(FrameworkMethod.java:44)
	at org.junit.internal.runners.statements.InvokeMethod.evaluate(InvokeMethod.java:17)
	at org.junit.internal.runners.statements.FailOnTimeout$StatementThread.run(FailOnTimeout.java:74)
--- org.apache.commons.math.linear.SingularValueDecompositionImpl_ESTest::test056
org.apache.commons.math.linear.MatrixIndexException: column index -1 out of allowed range [0, 0]
	at org.apache.commons.math.linear.MatrixUtils.checkColumnIndex(MatrixUtils.java:545)
	at org.apache.commons.math.linear.MatrixUtils.checkSubMatrixIndex(MatrixUtils.java:572)
	at org.apache.commons.math.linear.AbstractRealMatrix.getSubMatrix(AbstractRealMatrix.java:264)
	at org.apache.commons.math.linear.SingularValueDecompositionImpl.getU(SingularValueDecompositionImpl.java:188)
	at org.apache.commons.math.linear.SingularValueDecompositionImpl.getUT(SingularValueDecompositionImpl.java:205)
	at org.apache.commons.math.linear.SingularValueDecompositionImpl_ESTest.test056(SingularValueDecompositionImpl_ESTest.java:93)
	at sun.reflect.NativeMethodAccessorImpl.invoke0(Native Method)
	at sun.reflect.NativeMethodAccessorImpl.invoke(NativeMethodAccessorImpl.java:62)
	at sun.reflect.DelegatingMethodAccessorImpl.invoke(DelegatingMethodAccessorImpl.java:43)
	at java.lang.reflect.Method.invoke(Method.java:498)
	at org.junit.runners.model.FrameworkMethod$1.runReflectiveCall(FrameworkMethod.java:47)
	at org.junit.internal.runners.model.ReflectiveCallable.run(ReflectiveCallable.java:12)
	at org.junit.runners.model.FrameworkMethod.invokeExplosively(FrameworkMethod.java:44)
	at org.junit.internal.runners.statements.InvokeMethod.evaluate(InvokeMethod.java:17)
	at org.junit.internal.runners.statements.FailOnTimeout$StatementThread.run(FailOnTimeout.java:74)
--- org.apache.commons.math.linear.SingularValueDecompositionImpl_ESTest::test1714
org.apache.commons.math.linear.InvalidMatrixException: 
	at org.apache.commons.math.linear.EigenDecompositionImpl.processGeneralBlock(EigenDecompositionImpl.java:890)
	at org.apache.commons.math.linear.EigenDecompositionImpl.findEigenvalues(EigenDecompositionImpl.java:658)
	at org.apache.commons.math.linear.EigenDecompositionImpl.decompose(EigenDecompositionImpl.java:246)
	at org.apache.commons.math.linear.EigenDecompositionImpl.<init>(EigenDecompositionImpl.java:205)
	at org.apache.commons.math.linear.SingularValueDecompositionImpl.<init>(SingularValueDecompositionImpl.java:137)
	at org.apache.commons.math.linear.SingularValueDecompositionImpl.<init>(SingularValueDecompositionImpl.java:98)
	at org.apache.commons.math.linear.SingularValueDecompositionImpl_ESTest.test1714(SingularValueDecompositionImpl_ESTest.java:165)
	at sun.reflect.NativeMethodAccessorImpl.invoke0(Native Method)
	at sun.reflect.NativeMethodAccessorImpl.invoke(NativeMethodAccessorImpl.java:62)
	at sun.reflect.DelegatingMethodAccessorImpl.invoke(DelegatingMethodAccessorImpl.java:43)
	at java.lang.reflect.Method.invoke(Method.java:498)
	at org.junit.runners.model.FrameworkMethod$1.runReflectiveCall(FrameworkMethod.java:47)
	at org.junit.internal.runners.model.ReflectiveCallable.run(ReflectiveCallable.java:12)
	at org.junit.runners.model.FrameworkMethod.invokeExplosively(FrameworkMethod.java:44)
	at org.junit.internal.runners.statements.InvokeMethod.evaluate(InvokeMethod.java:17)
	at org.junit.internal.runners.statements.FailOnTimeout$StatementThread.run(FailOnTimeout.java:74)
Caused by: org.apache.commons.math.MaxIterationsExceededException: Maximal number of iterations (90) exceeded
	... 16 more
--- org.apache.commons.math.linear.SingularValueDecompositionImpl_ESTest::test1513
java.lang.ArrayIndexOutOfBoundsException
	at java.lang.System.arraycopy(Native Method)
	at org.apache.commons.math.linear.Array2DRowRealMatrix.copyOut(Array2DRowRealMatrix.java:620)
	at org.apache.commons.math.linear.Array2DRowRealMatrix.getData(Array2DRowRealMatrix.java:317)
	at org.apache.commons.math.linear.BiDiagonalTransformer.<init>(BiDiagonalTransformer.java:65)
	at org.apache.commons.math.linear.SingularValueDecompositionImpl.<init>(SingularValueDecompositionImpl.java:120)
	at org.apache.commons.math.linear.SingularValueDecompositionImpl_ESTest.test1513(SingularValueDecompositionImpl_ESTest.java:154)
	at sun.reflect.NativeMethodAccessorImpl.invoke0(Native Method)
	at sun.reflect.NativeMethodAccessorImpl.invoke(NativeMethodAccessorImpl.java:62)
	at sun.reflect.DelegatingMethodAccessorImpl.invoke(DelegatingMethodAccessorImpl.java:43)
	at java.lang.reflect.Method.invoke(Method.java:498)
	at org.junit.runners.model.FrameworkMethod$1.runReflectiveCall(FrameworkMethod.java:47)
	at org.junit.internal.runners.model.ReflectiveCallable.run(ReflectiveCallable.java:12)
	at org.junit.runners.model.FrameworkMethod.invokeExplosively(FrameworkMethod.java:44)
	at org.junit.internal.runners.statements.InvokeMethod.evaluate(InvokeMethod.java:17)
	at org.junit.internal.runners.statements.FailOnTimeout$StatementThread.run(FailOnTimeout.java:74)
--- org.apache.commons.math.linear.SingularValueDecompositionImpl_ESTest::test2526
org.apache.commons.math.linear.MatrixIndexException: column index -1 out of allowed range [0, 0]
	at org.apache.commons.math.linear.MatrixUtils.checkColumnIndex(MatrixUtils.java:545)
	at org.apache.commons.math.linear.MatrixUtils.checkSubMatrixIndex(MatrixUtils.java:572)
	at org.apache.commons.math.linear.AbstractRealMatrix.getSubMatrix(AbstractRealMatrix.java:264)
	at org.apache.commons.math.linear.SingularValueDecompositionImpl.getV(SingularValueDecompositionImpl.java:241)
	at org.apache.commons.math.linear.SingularValueDecompositionImpl_ESTest.test2526(SingularValueDecompositionImpl_ESTest.java:294)
	at sun.reflect.NativeMethodAccessorImpl.invoke0(Native Method)
	at sun.reflect.NativeMethodAccessorImpl.invoke(NativeMethodAccessorImpl.java:62)
	at sun.reflect.DelegatingMethodAccessorImpl.invoke(DelegatingMethodAccessorImpl.java:43)
	at java.lang.reflect.Method.invoke(Method.java:498)
	at org.junit.runners.model.FrameworkMethod$1.runReflectiveCall(FrameworkMethod.java:47)
	at org.junit.internal.runners.model.ReflectiveCallable.run(ReflectiveCallable.java:12)
	at org.junit.runners.model.FrameworkMethod.invokeExplosively(FrameworkMethod.java:44)
	at org.junit.internal.runners.statements.InvokeMethod.evaluate(InvokeMethod.java:17)
	at org.junit.internal.runners.statements.FailOnTimeout$StatementThread.run(FailOnTimeout.java:74)
--- org.apache.commons.math.linear.SingularValueDecompositionImpl_ESTest::test1311
java.lang.NullPointerException
	at org.apache.commons.math.linear.SingularValueDecompositionImpl.<init>(SingularValueDecompositionImpl.java:111)
	at org.apache.commons.math.linear.SingularValueDecompositionImpl_ESTest.test1311(SingularValueDecompositionImpl_ESTest.java:136)
	at sun.reflect.NativeMethodAccessorImpl.invoke0(Native Method)
	at sun.reflect.NativeMethodAccessorImpl.invoke(NativeMethodAccessorImpl.java:62)
	at sun.reflect.DelegatingMethodAccessorImpl.invoke(DelegatingMethodAccessorImpl.java:43)
	at java.lang.reflect.Method.invoke(Method.java:498)
	at org.junit.runners.model.FrameworkMethod$1.runReflectiveCall(FrameworkMethod.java:47)
	at org.junit.internal.runners.model.ReflectiveCallable.run(ReflectiveCallable.java:12)
	at org.junit.runners.model.FrameworkMethod.invokeExplosively(FrameworkMethod.java:44)
	at org.junit.internal.runners.statements.InvokeMethod.evaluate(InvokeMethod.java:17)
	at org.junit.internal.runners.statements.FailOnTimeout$StatementThread.run(FailOnTimeout.java:74)
--- org.apache.commons.math.linear.SingularValueDecompositionImpl_ESTest::test2322
junit.framework.AssertionFailedError: expected:<0> but was:<1>
	at org.junit.Assert.fail(Assert.java:88)
	at org.junit.Assert.failNotEquals(Assert.java:743)
	at org.junit.Assert.assertEquals(Assert.java:118)
	at org.junit.Assert.assertEquals(Assert.java:555)
	at org.junit.Assert.assertEquals(Assert.java:542)
	at org.apache.commons.math.linear.SingularValueDecompositionImpl_ESTest.test2322(SingularValueDecompositionImpl_ESTest.java:243)
	at sun.reflect.NativeMethodAccessorImpl.invoke0(Native Method)
	at sun.reflect.NativeMethodAccessorImpl.invoke(NativeMethodAccessorImpl.java:62)
	at sun.reflect.DelegatingMethodAccessorImpl.invoke(DelegatingMethodAccessorImpl.java:43)
	at java.lang.reflect.Method.invoke(Method.java:498)
	at org.junit.runners.model.FrameworkMethod$1.runReflectiveCall(FrameworkMethod.java:47)
	at org.junit.internal.runners.model.ReflectiveCallable.run(ReflectiveCallable.java:12)
	at org.junit.runners.model.FrameworkMethod.invokeExplosively(FrameworkMethod.java:44)
	at org.junit.internal.runners.statements.InvokeMethod.evaluate(InvokeMethod.java:17)
	at org.junit.internal.runners.statements.FailOnTimeout$StatementThread.run(FailOnTimeout.java:74)
--- org.apache.commons.math.linear.SingularValueDecompositionImpl_ESTest::test2321
junit.framework.AssertionFailedError: expected:<0> but was:<1>
	at org.junit.Assert.fail(Assert.java:88)
	at org.junit.Assert.failNotEquals(Assert.java:743)
	at org.junit.Assert.assertEquals(Assert.java:118)
	at org.junit.Assert.assertEquals(Assert.java:555)
	at org.junit.Assert.assertEquals(Assert.java:542)
	at org.apache.commons.math.linear.SingularValueDecompositionImpl_ESTest.test2321(SingularValueDecompositionImpl_ESTest.java:230)
	at sun.reflect.NativeMethodAccessorImpl.invoke0(Native Method)
	at sun.reflect.NativeMethodAccessorImpl.invoke(NativeMethodAccessorImpl.java:62)
	at sun.reflect.DelegatingMethodAccessorImpl.invoke(DelegatingMethodAccessorImpl.java:43)
	at java.lang.reflect.Method.invoke(Method.java:498)
	at org.junit.runners.model.FrameworkMethod$1.runReflectiveCall(FrameworkMethod.java:47)
	at org.junit.internal.runners.model.ReflectiveCallable.run(ReflectiveCallable.java:12)
	at org.junit.runners.model.FrameworkMethod.invokeExplosively(FrameworkMethod.java:44)
	at org.junit.internal.runners.statements.InvokeMethod.evaluate(InvokeMethod.java:17)
	at org.junit.internal.runners.statements.FailOnTimeout$StatementThread.run(FailOnTimeout.java:74)
--- org.apache.commons.math.linear.SingularValueDecompositionImpl_ESTest::test3134
junit.framework.AssertionFailedError: expected:<0> but was:<3>
	at org.junit.Assert.fail(Assert.java:88)
	at org.junit.Assert.failNotEquals(Assert.java:743)
	at org.junit.Assert.assertEquals(Assert.java:118)
	at org.junit.Assert.assertEquals(Assert.java:555)
	at org.junit.Assert.assertEquals(Assert.java:542)
	at org.apache.commons.math.linear.SingularValueDecompositionImpl_ESTest.test3134(SingularValueDecompositionImpl_ESTest.java:383)
	at sun.reflect.NativeMethodAccessorImpl.invoke0(Native Method)
	at sun.reflect.NativeMethodAccessorImpl.invoke(NativeMethodAccessorImpl.java:62)
	at sun.reflect.DelegatingMethodAccessorImpl.invoke(DelegatingMethodAccessorImpl.java:43)
	at java.lang.reflect.Method.invoke(Method.java:498)
	at org.junit.runners.model.FrameworkMethod$1.runReflectiveCall(FrameworkMethod.java:47)
	at org.junit.internal.runners.model.ReflectiveCallable.run(ReflectiveCallable.java:12)
	at org.junit.runners.model.FrameworkMethod.invokeExplosively(FrameworkMethod.java:44)
	at org.junit.internal.runners.statements.InvokeMethod.evaluate(InvokeMethod.java:17)
	at org.junit.internal.runners.statements.FailOnTimeout$StatementThread.run(FailOnTimeout.java:74)
--- org.apache.commons.math.linear.SingularValueDecompositionImpl_ESTest::test022
org.apache.commons.math.linear.MatrixIndexException: row index -1 out of allowed range [0, 0]
	at org.apache.commons.math.linear.MatrixUtils.checkRowIndex(MatrixUtils.java:531)
	at org.apache.commons.math.linear.MatrixUtils.checkSubMatrixIndex(MatrixUtils.java:565)
	at org.apache.commons.math.linear.AbstractRealMatrix.getSubMatrix(AbstractRealMatrix.java:264)
	at org.apache.commons.math.linear.SingularValueDecompositionImpl.getU(SingularValueDecompositionImpl.java:161)
	at org.apache.commons.math.linear.SingularValueDecompositionImpl.getUT(SingularValueDecompositionImpl.java:205)
	at org.apache.commons.math.linear.SingularValueDecompositionImpl.getSolver(SingularValueDecompositionImpl.java:351)
	at org.apache.commons.math.linear.SingularValueDecompositionImpl_ESTest.test022(SingularValueDecompositionImpl_ESTest.java:56)
	at sun.reflect.NativeMethodAccessorImpl.invoke0(Native Method)
	at sun.reflect.NativeMethodAccessorImpl.invoke(NativeMethodAccessorImpl.java:62)
	at sun.reflect.DelegatingMethodAccessorImpl.invoke(DelegatingMethodAccessorImpl.java:43)
	at java.lang.reflect.Method.invoke(Method.java:498)
	at org.junit.runners.model.FrameworkMethod$1.runReflectiveCall(FrameworkMethod.java:47)
	at org.junit.internal.runners.model.ReflectiveCallable.run(ReflectiveCallable.java:12)
	at org.junit.runners.model.FrameworkMethod.invokeExplosively(FrameworkMethod.java:44)
	at org.junit.internal.runners.statements.InvokeMethod.evaluate(InvokeMethod.java:17)
	at org.junit.internal.runners.statements.FailOnTimeout$StatementThread.run(FailOnTimeout.java:74)
--- org.apache.commons.math.linear.SingularValueDecompositionImpl_ESTest::test3849
java.lang.ArrayIndexOutOfBoundsException: 0
	at org.apache.commons.math.linear.SingularValueDecompositionImpl.getConditionNumber(SingularValueDecompositionImpl.java:331)
	at org.apache.commons.math.linear.SingularValueDecompositionImpl_ESTest.test3849(SingularValueDecompositionImpl_ESTest.java:563)
	at sun.reflect.NativeMethodAccessorImpl.invoke0(Native Method)
	at sun.reflect.NativeMethodAccessorImpl.invoke(NativeMethodAccessorImpl.java:62)
	at sun.reflect.DelegatingMethodAccessorImpl.invoke(DelegatingMethodAccessorImpl.java:43)
	at java.lang.reflect.Method.invoke(Method.java:498)
	at org.junit.runners.model.FrameworkMethod$1.runReflectiveCall(FrameworkMethod.java:47)
	at org.junit.internal.runners.model.ReflectiveCallable.run(ReflectiveCallable.java:12)
	at org.junit.runners.model.FrameworkMethod.invokeExplosively(FrameworkMethod.java:44)
	at org.junit.internal.runners.statements.InvokeMethod.evaluate(InvokeMethod.java:17)
	at org.junit.internal.runners.statements.FailOnTimeout$StatementThread.run(FailOnTimeout.java:74)
--- org.apache.commons.math.linear.SingularValueDecompositionImpl_ESTest::test2118
junit.framework.AssertionFailedError: expected:<0> but was:<1>
	at org.junit.Assert.fail(Assert.java:88)
	at org.junit.Assert.failNotEquals(Assert.java:743)
	at org.junit.Assert.assertEquals(Assert.java:118)
	at org.junit.Assert.assertEquals(Assert.java:555)
	at org.junit.Assert.assertEquals(Assert.java:542)
	at org.apache.commons.math.linear.SingularValueDecompositionImpl_ESTest.test2118(SingularValueDecompositionImpl_ESTest.java:200)
	at sun.reflect.NativeMethodAccessorImpl.invoke0(Native Method)
	at sun.reflect.NativeMethodAccessorImpl.invoke(NativeMethodAccessorImpl.java:62)
	at sun.reflect.DelegatingMethodAccessorImpl.invoke(DelegatingMethodAccessorImpl.java:43)
	at java.lang.reflect.Method.invoke(Method.java:498)
	at org.junit.runners.model.FrameworkMethod$1.runReflectiveCall(FrameworkMethod.java:47)
	at org.junit.internal.runners.model.ReflectiveCallable.run(ReflectiveCallable.java:12)
	at org.junit.runners.model.FrameworkMethod.invokeExplosively(FrameworkMethod.java:44)
	at org.junit.internal.runners.statements.InvokeMethod.evaluate(InvokeMethod.java:17)
	at org.junit.internal.runners.statements.FailOnTimeout$StatementThread.run(FailOnTimeout.java:74)
--- org.apache.commons.math.linear.SingularValueDecompositionImpl_ESTest::test3647
java.lang.ArrayIndexOutOfBoundsException: 0
	at org.apache.commons.math.linear.SingularValueDecompositionImpl.getNorm(SingularValueDecompositionImpl.java:325)
	at org.apache.commons.math.linear.SingularValueDecompositionImpl_ESTest.test3647(SingularValueDecompositionImpl_ESTest.java:545)
	at sun.reflect.NativeMethodAccessorImpl.invoke0(Native Method)
	at sun.reflect.NativeMethodAccessorImpl.invoke(NativeMethodAccessorImpl.java:62)
	at sun.reflect.DelegatingMethodAccessorImpl.invoke(DelegatingMethodAccessorImpl.java:43)
	at java.lang.reflect.Method.invoke(Method.java:498)
	at org.junit.runners.model.FrameworkMethod$1.runReflectiveCall(FrameworkMethod.java:47)
	at org.junit.internal.runners.model.ReflectiveCallable.run(ReflectiveCallable.java:12)
	at org.junit.runners.model.FrameworkMethod.invokeExplosively(FrameworkMethod.java:44)
	at org.junit.internal.runners.statements.InvokeMethod.evaluate(InvokeMethod.java:17)
	at org.junit.internal.runners.statements.FailOnTimeout$StatementThread.run(FailOnTimeout.java:74)
--- org.apache.commons.math.linear.SingularValueDecompositionImpl_ESTest::test3442
junit.framework.AssertionFailedError: expected:<0> but was:<1>
	at org.junit.Assert.fail(Assert.java:88)
	at org.junit.Assert.failNotEquals(Assert.java:743)
	at org.junit.Assert.assertEquals(Assert.java:118)
	at org.junit.Assert.assertEquals(Assert.java:555)
	at org.junit.Assert.assertEquals(Assert.java:542)
	at org.apache.commons.math.linear.SingularValueDecompositionImpl_ESTest.test3442(SingularValueDecompositionImpl_ESTest.java:489)
	at sun.reflect.NativeMethodAccessorImpl.invoke0(Native Method)
	at sun.reflect.NativeMethodAccessorImpl.invoke(NativeMethodAccessorImpl.java:62)
	at sun.reflect.DelegatingMethodAccessorImpl.invoke(DelegatingMethodAccessorImpl.java:43)
	at java.lang.reflect.Method.invoke(Method.java:498)
	at org.junit.runners.model.FrameworkMethod$1.runReflectiveCall(FrameworkMethod.java:47)
	at org.junit.internal.runners.model.ReflectiveCallable.run(ReflectiveCallable.java:12)
	at org.junit.runners.model.FrameworkMethod.invokeExplosively(FrameworkMethod.java:44)
	at org.junit.internal.runners.statements.InvokeMethod.evaluate(InvokeMethod.java:17)
	at org.junit.internal.runners.statements.FailOnTimeout$StatementThread.run(FailOnTimeout.java:74)
--- org.apache.commons.math.linear.SingularValueDecompositionImpl_ESTest::test3032
java.lang.ArrayIndexOutOfBoundsException: 0
	at org.apache.commons.math.linear.SingularValueDecompositionImpl.getCovariance(SingularValueDecompositionImpl.java:303)
	at org.apache.commons.math.linear.SingularValueDecompositionImpl_ESTest.test3032(SingularValueDecompositionImpl_ESTest.java:358)
	at sun.reflect.NativeMethodAccessorImpl.invoke0(Native Method)
	at sun.reflect.NativeMethodAccessorImpl.invoke(NativeMethodAccessorImpl.java:62)
	at sun.reflect.DelegatingMethodAccessorImpl.invoke(DelegatingMethodAccessorImpl.java:43)
	at java.lang.reflect.Method.invoke(Method.java:498)
	at org.junit.runners.model.FrameworkMethod$1.runReflectiveCall(FrameworkMethod.java:47)
	at org.junit.internal.runners.model.ReflectiveCallable.run(ReflectiveCallable.java:12)
	at org.junit.runners.model.FrameworkMethod.invokeExplosively(FrameworkMethod.java:44)
	at org.junit.internal.runners.statements.InvokeMethod.evaluate(InvokeMethod.java:17)
	at org.junit.internal.runners.statements.FailOnTimeout$StatementThread.run(FailOnTimeout.java:74)
--- org.apache.commons.math.linear.SingularValueDecompositionImpl_ESTest::test109
org.apache.commons.math.MathRuntimeException$4: cutoff singular value is âˆž, should be at most 4,091.306
	at org.apache.commons.math.MathRuntimeException.createIllegalArgumentException(MathRuntimeException.java:305)
	at org.apache.commons.math.linear.SingularValueDecompositionImpl.getCovariance(SingularValueDecompositionImpl.java:303)
	at org.apache.commons.math.linear.SingularValueDecompositionImpl_ESTest.test109(SingularValueDecompositionImpl_ESTest.java:118)
	at sun.reflect.NativeMethodAccessorImpl.invoke0(Native Method)
	at sun.reflect.NativeMethodAccessorImpl.invoke(NativeMethodAccessorImpl.java:62)
	at sun.reflect.DelegatingMethodAccessorImpl.invoke(DelegatingMethodAccessorImpl.java:43)
	at java.lang.reflect.Method.invoke(Method.java:498)
	at org.junit.runners.model.FrameworkMethod$1.runReflectiveCall(FrameworkMethod.java:47)
	at org.junit.internal.runners.model.ReflectiveCallable.run(ReflectiveCallable.java:12)
	at org.junit.runners.model.FrameworkMethod.invokeExplosively(FrameworkMethod.java:44)
	at org.junit.internal.runners.statements.InvokeMethod.evaluate(InvokeMethod.java:17)
	at org.junit.internal.runners.statements.FailOnTimeout$StatementThread.run(FailOnTimeout.java:74)
--- org.apache.commons.math.linear.SingularValueDecompositionImpl_ESTest::test1815
java.lang.NullPointerException
	at org.apache.commons.math.linear.SingularValueDecompositionImpl.<init>(SingularValueDecompositionImpl.java:98)
	at org.apache.commons.math.linear.SingularValueDecompositionImpl_ESTest.test1815(SingularValueDecompositionImpl_ESTest.java:171)
	at sun.reflect.NativeMethodAccessorImpl.invoke0(Native Method)
	at sun.reflect.NativeMethodAccessorImpl.invoke(NativeMethodAccessorImpl.java:62)
	at sun.reflect.DelegatingMethodAccessorImpl.invoke(DelegatingMethodAccessorImpl.java:43)
	at java.lang.reflect.Method.invoke(Method.java:498)
	at org.junit.runners.model.FrameworkMethod$1.runReflectiveCall(FrameworkMethod.java:47)
	at org.junit.internal.runners.model.ReflectiveCallable.run(ReflectiveCallable.java:12)
	at org.junit.runners.model.FrameworkMethod.invokeExplosively(FrameworkMethod.java:44)
	at org.junit.internal.runners.statements.InvokeMethod.evaluate(InvokeMethod.java:17)
	at org.junit.internal.runners.statements.FailOnTimeout$StatementThread.run(FailOnTimeout.java:74)
--- org.apache.commons.math.linear.SingularValueDecompositionImpl_ESTest::test2627
org.apache.commons.math.linear.MatrixIndexException: column index -1 out of allowed range [0, 0]
	at org.apache.commons.math.linear.MatrixUtils.checkColumnIndex(MatrixUtils.java:545)
	at org.apache.commons.math.linear.MatrixUtils.checkSubMatrixIndex(MatrixUtils.java:572)
	at org.apache.commons.math.linear.AbstractRealMatrix.getSubMatrix(AbstractRealMatrix.java:264)
	at org.apache.commons.math.linear.SingularValueDecompositionImpl.getU(SingularValueDecompositionImpl.java:188)
	at org.apache.commons.math.linear.SingularValueDecompositionImpl_ESTest.test2627(SingularValueDecompositionImpl_ESTest.java:303)
	at sun.reflect.NativeMethodAccessorImpl.invoke0(Native Method)
	at sun.reflect.NativeMethodAccessorImpl.invoke(NativeMethodAccessorImpl.java:62)
	at sun.reflect.DelegatingMethodAccessorImpl.invoke(DelegatingMethodAccessorImpl.java:43)
	at java.lang.reflect.Method.invoke(Method.java:498)
	at org.junit.runners.model.FrameworkMethod$1.runReflectiveCall(FrameworkMethod.java:47)
	at org.junit.internal.runners.model.ReflectiveCallable.run(ReflectiveCallable.java:12)
	at org.junit.runners.model.FrameworkMethod.invokeExplosively(FrameworkMethod.java:44)
	at org.junit.internal.runners.statements.InvokeMethod.evaluate(InvokeMethod.java:17)
	at org.junit.internal.runners.statements.FailOnTimeout$StatementThread.run(FailOnTimeout.java:74)
--- org.apache.commons.math.linear.SingularValueDecompositionImpl_ESTest::test1412
java.lang.NegativeArraySizeException
	at org.apache.commons.math.linear.BiDiagonalTransformer.<init>(BiDiagonalTransformer.java:67)
	at org.apache.commons.math.linear.SingularValueDecompositionImpl.<init>(SingularValueDecompositionImpl.java:120)
	at org.apache.commons.math.linear.SingularValueDecompositionImpl_ESTest.test1412(SingularValueDecompositionImpl_ESTest.java:143)
	at sun.reflect.NativeMethodAccessorImpl.invoke0(Native Method)
	at sun.reflect.NativeMethodAccessorImpl.invoke(NativeMethodAccessorImpl.java:62)
	at sun.reflect.DelegatingMethodAccessorImpl.invoke(DelegatingMethodAccessorImpl.java:43)
	at java.lang.reflect.Method.invoke(Method.java:498)
	at org.junit.runners.model.FrameworkMethod$1.runReflectiveCall(FrameworkMethod.java:47)
	at org.junit.internal.runners.model.ReflectiveCallable.run(ReflectiveCallable.java:12)
	at org.junit.runners.model.FrameworkMethod.invokeExplosively(FrameworkMethod.java:44)
	at org.junit.internal.runners.statements.InvokeMethod.evaluate(InvokeMethod.java:17)
	at org.junit.internal.runners.statements.FailOnTimeout$StatementThread.run(FailOnTimeout.java:74)
--- org.apache.commons.math.linear.SingularValueDecompositionImpl_ESTest::test2425
junit.framework.AssertionFailedError: expected:<1> but was:<2>
	at org.junit.Assert.fail(Assert.java:88)
	at org.junit.Assert.failNotEquals(Assert.java:743)
	at org.junit.Assert.assertEquals(Assert.java:118)
	at org.junit.Assert.assertEquals(Assert.java:555)
	at org.junit.Assert.assertEquals(Assert.java:542)
	at org.apache.commons.math.linear.SingularValueDecompositionImpl_ESTest.test2425(SingularValueDecompositionImpl_ESTest.java:286)
	at sun.reflect.NativeMethodAccessorImpl.invoke0(Native Method)
	at sun.reflect.NativeMethodAccessorImpl.invoke(NativeMethodAccessorImpl.java:62)
	at sun.reflect.DelegatingMethodAccessorImpl.invoke(DelegatingMethodAccessorImpl.java:43)
	at java.lang.reflect.Method.invoke(Method.java:498)
	at org.junit.runners.model.FrameworkMethod$1.runReflectiveCall(FrameworkMethod.java:47)
	at org.junit.internal.runners.model.ReflectiveCallable.run(ReflectiveCallable.java:12)
	at org.junit.runners.model.FrameworkMethod.invokeExplosively(FrameworkMethod.java:44)
	at org.junit.internal.runners.statements.InvokeMethod.evaluate(InvokeMethod.java:17)
	at org.junit.internal.runners.statements.FailOnTimeout$StatementThread.run(FailOnTimeout.java:74)
--- org.apache.commons.math.linear.SingularValueDecompositionImpl_ESTest::test3236
junit.framework.AssertionFailedError
	at org.junit.Assert.fail(Assert.java:86)
	at org.junit.Assert.assertTrue(Assert.java:41)
	at org.junit.Assert.assertTrue(Assert.java:52)
	at org.apache.commons.math.linear.SingularValueDecompositionImpl_ESTest.test3236(SingularValueDecompositionImpl_ESTest.java:415)
	at sun.reflect.NativeMethodAccessorImpl.invoke0(Native Method)
	at sun.reflect.NativeMethodAccessorImpl.invoke(NativeMethodAccessorImpl.java:62)
	at sun.reflect.DelegatingMethodAccessorImpl.invoke(DelegatingMethodAccessorImpl.java:43)
	at java.lang.reflect.Method.invoke(Method.java:498)
	at org.junit.runners.model.FrameworkMethod$1.runReflectiveCall(FrameworkMethod.java:47)
	at org.junit.internal.runners.model.ReflectiveCallable.run(ReflectiveCallable.java:12)
	at org.junit.runners.model.FrameworkMethod.invokeExplosively(FrameworkMethod.java:44)
	at org.junit.internal.runners.statements.InvokeMethod.evaluate(InvokeMethod.java:17)
	at org.junit.internal.runners.statements.FailOnTimeout$StatementThread.run(FailOnTimeout.java:74)
--- org.apache.commons.math.linear.SingularValueDecompositionImpl_ESTest::test1210
org.apache.commons.math.linear.InvalidMatrixException: 
	at org.apache.commons.math.linear.EigenDecompositionImpl.processGeneralBlock(EigenDecompositionImpl.java:890)
	at org.apache.commons.math.linear.EigenDecompositionImpl.findEigenvalues(EigenDecompositionImpl.java:658)
	at org.apache.commons.math.linear.EigenDecompositionImpl.decompose(EigenDecompositionImpl.java:246)
	at org.apache.commons.math.linear.EigenDecompositionImpl.<init>(EigenDecompositionImpl.java:205)
	at org.apache.commons.math.linear.SingularValueDecompositionImpl.<init>(SingularValueDecompositionImpl.java:137)
	at org.apache.commons.math.linear.SingularValueDecompositionImpl_ESTest.test1210(SingularValueDecompositionImpl_ESTest.java:130)
	at sun.reflect.NativeMethodAccessorImpl.invoke0(Native Method)
	at sun.reflect.NativeMethodAccessorImpl.invoke(NativeMethodAccessorImpl.java:62)
	at sun.reflect.DelegatingMethodAccessorImpl.invoke(DelegatingMethodAccessorImpl.java:43)
	at java.lang.reflect.Method.invoke(Method.java:498)
	at org.junit.runners.model.FrameworkMethod$1.runReflectiveCall(FrameworkMethod.java:47)
	at org.junit.internal.runners.model.ReflectiveCallable.run(ReflectiveCallable.java:12)
	at org.junit.runners.model.FrameworkMethod.invokeExplosively(FrameworkMethod.java:44)
	at org.junit.internal.runners.statements.InvokeMethod.evaluate(InvokeMethod.java:17)
	at org.junit.internal.runners.statements.FailOnTimeout$StatementThread.run(FailOnTimeout.java:74)
Caused by: org.apache.commons.math.MaxIterationsExceededException: Maximal number of iterations (120) exceeded
	... 15 more
--- org.apache.commons.math.linear.SingularValueDecompositionImpl_ESTest::test3235
junit.framework.AssertionFailedError: expected:<0> but was:<2>
	at org.junit.Assert.fail(Assert.java:88)
	at org.junit.Assert.failNotEquals(Assert.java:743)
	at org.junit.Assert.assertEquals(Assert.java:118)
	at org.junit.Assert.assertEquals(Assert.java:555)
	at org.junit.Assert.assertEquals(Assert.java:542)
	at org.apache.commons.math.linear.SingularValueDecompositionImpl_ESTest.test3235(SingularValueDecompositionImpl_ESTest.java:399)
	at sun.reflect.NativeMethodAccessorImpl.invoke0(Native Method)
	at sun.reflect.NativeMethodAccessorImpl.invoke(NativeMethodAccessorImpl.java:62)
	at sun.reflect.DelegatingMethodAccessorImpl.invoke(DelegatingMethodAccessorImpl.java:43)
	at java.lang.reflect.Method.invoke(Method.java:498)
	at org.junit.runners.model.FrameworkMethod$1.runReflectiveCall(FrameworkMethod.java:47)
	at org.junit.internal.runners.model.ReflectiveCallable.run(ReflectiveCallable.java:12)
	at org.junit.runners.model.FrameworkMethod.invokeExplosively(FrameworkMethod.java:44)
	at org.junit.internal.runners.statements.InvokeMethod.evaluate(InvokeMethod.java:17)
	at org.junit.internal.runners.statements.FailOnTimeout$StatementThread.run(FailOnTimeout.java:74)
--- org.apache.commons.math.linear.SingularValueDecompositionImpl_ESTest::test2220
org.apache.commons.math.linear.MatrixIndexException: column index -1 out of allowed range [0, 0]
	at org.apache.commons.math.linear.MatrixUtils.checkColumnIndex(MatrixUtils.java:545)
	at org.apache.commons.math.linear.MatrixUtils.checkSubMatrixIndex(MatrixUtils.java:572)
	at org.apache.commons.math.linear.AbstractRealMatrix.getSubMatrix(AbstractRealMatrix.java:264)
	at org.apache.commons.math.linear.SingularValueDecompositionImpl.getV(SingularValueDecompositionImpl.java:241)
	at org.apache.commons.math.linear.SingularValueDecompositionImpl.getVT(SingularValueDecompositionImpl.java:284)
	at org.apache.commons.math.linear.SingularValueDecompositionImpl_ESTest.test2220(SingularValueDecompositionImpl_ESTest.java:218)
	at sun.reflect.NativeMethodAccessorImpl.invoke0(Native Method)
	at sun.reflect.NativeMethodAccessorImpl.invoke(NativeMethodAccessorImpl.java:62)
	at sun.reflect.DelegatingMethodAccessorImpl.invoke(DelegatingMethodAccessorImpl.java:43)
	at java.lang.reflect.Method.invoke(Method.java:498)
	at org.junit.runners.model.FrameworkMethod$1.runReflectiveCall(FrameworkMethod.java:47)
	at org.junit.internal.runners.model.ReflectiveCallable.run(ReflectiveCallable.java:12)
	at org.junit.runners.model.FrameworkMethod.invokeExplosively(FrameworkMethod.java:44)
	at org.junit.internal.runners.statements.InvokeMethod.evaluate(InvokeMethod.java:17)
	at org.junit.internal.runners.statements.FailOnTimeout$StatementThread.run(FailOnTimeout.java:74)
