--- org.apache.commons.lang3.RandomStringUtils_ESTest::test2414
org.evosuite.runtime.mock.java.lang.MockIllegalArgumentException: Requested random string length -4002 is less than 0.
	at org.apache.commons.lang3.RandomStringUtils.random(RandomStringUtils.java:228)
	at org.apache.commons.lang3.RandomStringUtils.random(RandomStringUtils.java:332)
	at org.apache.commons.lang3.RandomStringUtils_ESTest.test2414(RandomStringUtils_ESTest.java:172)
	at sun.reflect.NativeMethodAccessorImpl.invoke0(Native Method)
	at sun.reflect.NativeMethodAccessorImpl.invoke(NativeMethodAccessorImpl.java:62)
	at sun.reflect.DelegatingMethodAccessorImpl.invoke(DelegatingMethodAccessorImpl.java:43)
	at java.lang.reflect.Method.invoke(Method.java:498)
	at org.junit.runners.model.FrameworkMethod$1.runReflectiveCall(FrameworkMethod.java:47)
	at org.junit.internal.runners.model.ReflectiveCallable.run(ReflectiveCallable.java:12)
	at org.junit.runners.model.FrameworkMethod.invokeExplosively(FrameworkMethod.java:44)
	at org.junit.internal.runners.statements.InvokeMethod.evaluate(InvokeMethod.java:17)
	at org.junit.internal.runners.statements.FailOnTimeout$StatementThread.run(FailOnTimeout.java:74)
--- org.apache.commons.lang3.RandomStringUtils_ESTest::test3921
org.evosuite.runtime.mock.java.lang.MockIllegalArgumentException: Parameter end (1) must be greater than start (1)
	at org.apache.commons.lang3.RandomStringUtils.random(RandomStringUtils.java:247)
	at org.apache.commons.lang3.RandomStringUtils_ESTest.test3921(RandomStringUtils_ESTest.java:226)
	at sun.reflect.NativeMethodAccessorImpl.invoke0(Native Method)
	at sun.reflect.NativeMethodAccessorImpl.invoke(NativeMethodAccessorImpl.java:62)
	at sun.reflect.DelegatingMethodAccessorImpl.invoke(DelegatingMethodAccessorImpl.java:43)
	at java.lang.reflect.Method.invoke(Method.java:498)
	at org.junit.runners.model.FrameworkMethod$1.runReflectiveCall(FrameworkMethod.java:47)
	at org.junit.internal.runners.model.ReflectiveCallable.run(ReflectiveCallable.java:12)
	at org.junit.runners.model.FrameworkMethod.invokeExplosively(FrameworkMethod.java:44)
	at org.junit.internal.runners.statements.InvokeMethod.evaluate(InvokeMethod.java:17)
	at org.junit.internal.runners.statements.FailOnTimeout$StatementThread.run(FailOnTimeout.java:74)
--- org.apache.commons.lang3.RandomStringUtils_ESTest::test3117
org.evosuite.runtime.mock.java.lang.MockIllegalArgumentException: Requested random string length -1134 is less than 0.
	at org.apache.commons.lang3.RandomStringUtils.random(RandomStringUtils.java:228)
	at org.apache.commons.lang3.RandomStringUtils.random(RandomStringUtils.java:163)
	at org.apache.commons.lang3.RandomStringUtils.random(RandomStringUtils.java:143)
	at org.apache.commons.lang3.RandomStringUtils.randomAlphanumeric(RandomStringUtils.java:111)
	at org.apache.commons.lang3.RandomStringUtils_ESTest.test3117(RandomStringUtils_ESTest.java:200)
	at sun.reflect.NativeMethodAccessorImpl.invoke0(Native Method)
	at sun.reflect.NativeMethodAccessorImpl.invoke(NativeMethodAccessorImpl.java:62)
	at sun.reflect.DelegatingMethodAccessorImpl.invoke(DelegatingMethodAccessorImpl.java:43)
	at java.lang.reflect.Method.invoke(Method.java:498)
	at org.junit.runners.model.FrameworkMethod$1.runReflectiveCall(FrameworkMethod.java:47)
	at org.junit.internal.runners.model.ReflectiveCallable.run(ReflectiveCallable.java:12)
	at org.junit.runners.model.FrameworkMethod.invokeExplosively(FrameworkMethod.java:44)
	at org.junit.internal.runners.statements.InvokeMethod.evaluate(InvokeMethod.java:17)
	at org.junit.internal.runners.statements.FailOnTimeout$StatementThread.run(FailOnTimeout.java:74)
--- org.apache.commons.lang3.RandomStringUtils_ESTest::test2313
org.evosuite.runtime.mock.java.lang.MockIllegalArgumentException: Requested random string length -1 is less than 0.
	at org.apache.commons.lang3.RandomStringUtils.random(RandomStringUtils.java:228)
	at org.apache.commons.lang3.RandomStringUtils.random(RandomStringUtils.java:163)
	at org.apache.commons.lang3.RandomStringUtils.random(RandomStringUtils.java:143)
	at org.apache.commons.lang3.RandomStringUtils.random(RandomStringUtils.java:69)
	at org.apache.commons.lang3.RandomStringUtils_ESTest.test2313(RandomStringUtils_ESTest.java:157)
	at sun.reflect.NativeMethodAccessorImpl.invoke0(Native Method)
	at sun.reflect.NativeMethodAccessorImpl.invoke(NativeMethodAccessorImpl.java:62)
	at sun.reflect.DelegatingMethodAccessorImpl.invoke(DelegatingMethodAccessorImpl.java:43)
	at java.lang.reflect.Method.invoke(Method.java:498)
	at org.junit.runners.model.FrameworkMethod$1.runReflectiveCall(FrameworkMethod.java:47)
	at org.junit.internal.runners.model.ReflectiveCallable.run(ReflectiveCallable.java:12)
	at org.junit.runners.model.FrameworkMethod.invokeExplosively(FrameworkMethod.java:44)
	at org.junit.internal.runners.statements.InvokeMethod.evaluate(InvokeMethod.java:17)
	at org.junit.internal.runners.statements.FailOnTimeout$StatementThread.run(FailOnTimeout.java:74)
--- org.apache.commons.lang3.RandomStringUtils_ESTest::test3820
org.evosuite.runtime.mock.java.lang.MockIllegalArgumentException: Requested random string length -738 is less than 0.
	at org.apache.commons.lang3.RandomStringUtils.random(RandomStringUtils.java:228)
	at org.apache.commons.lang3.RandomStringUtils.random(RandomStringUtils.java:163)
	at org.apache.commons.lang3.RandomStringUtils_ESTest.test3820(RandomStringUtils_ESTest.java:218)
	at sun.reflect.NativeMethodAccessorImpl.invoke0(Native Method)
	at sun.reflect.NativeMethodAccessorImpl.invoke(NativeMethodAccessorImpl.java:62)
	at sun.reflect.DelegatingMethodAccessorImpl.invoke(DelegatingMethodAccessorImpl.java:43)
	at java.lang.reflect.Method.invoke(Method.java:498)
	at org.junit.runners.model.FrameworkMethod$1.runReflectiveCall(FrameworkMethod.java:47)
	at org.junit.internal.runners.model.ReflectiveCallable.run(ReflectiveCallable.java:12)
	at org.junit.runners.model.FrameworkMethod.invokeExplosively(FrameworkMethod.java:44)
	at org.junit.internal.runners.statements.InvokeMethod.evaluate(InvokeMethod.java:17)
	at org.junit.internal.runners.statements.FailOnTimeout$StatementThread.run(FailOnTimeout.java:74)
--- org.apache.commons.lang3.RandomStringUtils_ESTest::test3016
org.evosuite.runtime.mock.java.lang.MockIllegalArgumentException: Parameter end (254) must be greater than start (713)
	at org.apache.commons.lang3.RandomStringUtils.random(RandomStringUtils.java:247)
	at org.apache.commons.lang3.RandomStringUtils_ESTest.test3016(RandomStringUtils_ESTest.java:194)
	at sun.reflect.NativeMethodAccessorImpl.invoke0(Native Method)
	at sun.reflect.NativeMethodAccessorImpl.invoke(NativeMethodAccessorImpl.java:62)
	at sun.reflect.DelegatingMethodAccessorImpl.invoke(DelegatingMethodAccessorImpl.java:43)
	at java.lang.reflect.Method.invoke(Method.java:498)
	at org.junit.runners.model.FrameworkMethod$1.runReflectiveCall(FrameworkMethod.java:47)
	at org.junit.internal.runners.model.ReflectiveCallable.run(ReflectiveCallable.java:12)
	at org.junit.runners.model.FrameworkMethod.invokeExplosively(FrameworkMethod.java:44)
	at org.junit.internal.runners.statements.InvokeMethod.evaluate(InvokeMethod.java:17)
	at org.junit.internal.runners.statements.FailOnTimeout$StatementThread.run(FailOnTimeout.java:74)
--- org.apache.commons.lang3.RandomStringUtils_ESTest::test2212
org.evosuite.runtime.mock.java.lang.MockIllegalArgumentException: Requested random string length -938 is less than 0.
	at org.apache.commons.lang3.RandomStringUtils.random(RandomStringUtils.java:228)
	at org.apache.commons.lang3.RandomStringUtils.random(RandomStringUtils.java:163)
	at org.apache.commons.lang3.RandomStringUtils_ESTest.test2212(RandomStringUtils_ESTest.java:151)
	at sun.reflect.NativeMethodAccessorImpl.invoke0(Native Method)
	at sun.reflect.NativeMethodAccessorImpl.invoke(NativeMethodAccessorImpl.java:62)
	at sun.reflect.DelegatingMethodAccessorImpl.invoke(DelegatingMethodAccessorImpl.java:43)
	at java.lang.reflect.Method.invoke(Method.java:498)
	at org.junit.runners.model.FrameworkMethod$1.runReflectiveCall(FrameworkMethod.java:47)
	at org.junit.internal.runners.model.ReflectiveCallable.run(ReflectiveCallable.java:12)
	at org.junit.runners.model.FrameworkMethod.invokeExplosively(FrameworkMethod.java:44)
	at org.junit.internal.runners.statements.InvokeMethod.evaluate(InvokeMethod.java:17)
	at org.junit.internal.runners.statements.FailOnTimeout$StatementThread.run(FailOnTimeout.java:74)
--- org.apache.commons.lang3.RandomStringUtils_ESTest::test2011
org.evosuite.runtime.mock.java.lang.MockIllegalArgumentException: The chars array must not be empty
	at org.apache.commons.lang3.RandomStringUtils.random(RandomStringUtils.java:231)
	at org.apache.commons.lang3.RandomStringUtils.random(RandomStringUtils.java:332)
	at org.apache.commons.lang3.RandomStringUtils.random(RandomStringUtils.java:313)
	at org.apache.commons.lang3.RandomStringUtils_ESTest.test2011(RandomStringUtils_ESTest.java:145)
	at sun.reflect.NativeMethodAccessorImpl.invoke0(Native Method)
	at sun.reflect.NativeMethodAccessorImpl.invoke(NativeMethodAccessorImpl.java:62)
	at sun.reflect.DelegatingMethodAccessorImpl.invoke(DelegatingMethodAccessorImpl.java:43)
	at java.lang.reflect.Method.invoke(Method.java:498)
	at org.junit.runners.model.FrameworkMethod$1.runReflectiveCall(FrameworkMethod.java:47)
	at org.junit.internal.runners.model.ReflectiveCallable.run(ReflectiveCallable.java:12)
	at org.junit.runners.model.FrameworkMethod.invokeExplosively(FrameworkMethod.java:44)
	at org.junit.internal.runners.statements.InvokeMethod.evaluate(InvokeMethod.java:17)
	at org.junit.internal.runners.statements.FailOnTimeout$StatementThread.run(FailOnTimeout.java:74)
--- org.apache.commons.lang3.RandomStringUtils_ESTest::test4423
org.evosuite.runtime.mock.java.lang.MockIllegalArgumentException: Requested random string length -3004 is less than 0.
	at org.apache.commons.lang3.RandomStringUtils.random(RandomStringUtils.java:228)
	at org.apache.commons.lang3.RandomStringUtils.random(RandomStringUtils.java:163)
	at org.apache.commons.lang3.RandomStringUtils.random(RandomStringUtils.java:143)
	at org.apache.commons.lang3.RandomStringUtils.randomNumeric(RandomStringUtils.java:125)
	at org.apache.commons.lang3.RandomStringUtils_ESTest.test4423(RandomStringUtils_ESTest.java:240)
	at sun.reflect.NativeMethodAccessorImpl.invoke0(Native Method)
	at sun.reflect.NativeMethodAccessorImpl.invoke(NativeMethodAccessorImpl.java:62)
	at sun.reflect.DelegatingMethodAccessorImpl.invoke(DelegatingMethodAccessorImpl.java:43)
	at java.lang.reflect.Method.invoke(Method.java:498)
	at org.junit.runners.model.FrameworkMethod$1.runReflectiveCall(FrameworkMethod.java:47)
	at org.junit.internal.runners.model.ReflectiveCallable.run(ReflectiveCallable.java:12)
	at org.junit.runners.model.FrameworkMethod.invokeExplosively(FrameworkMethod.java:44)
	at org.junit.internal.runners.statements.InvokeMethod.evaluate(InvokeMethod.java:17)
	at org.junit.internal.runners.statements.FailOnTimeout$StatementThread.run(FailOnTimeout.java:74)
--- org.apache.commons.lang3.RandomStringUtils_ESTest::test020
java.lang.NullPointerException
	at org.apache.commons.lang3.RandomStringUtils.random(RandomStringUtils.java:259)
	at org.apache.commons.lang3.RandomStringUtils_ESTest.test020(RandomStringUtils_ESTest.java:37)
	at sun.reflect.NativeMethodAccessorImpl.invoke0(Native Method)
	at sun.reflect.NativeMethodAccessorImpl.invoke(NativeMethodAccessorImpl.java:62)
	at sun.reflect.DelegatingMethodAccessorImpl.invoke(DelegatingMethodAccessorImpl.java:43)
	at java.lang.reflect.Method.invoke(Method.java:498)
	at org.junit.runners.model.FrameworkMethod$1.runReflectiveCall(FrameworkMethod.java:47)
	at org.junit.internal.runners.model.ReflectiveCallable.run(ReflectiveCallable.java:12)
	at org.junit.runners.model.FrameworkMethod.invokeExplosively(FrameworkMethod.java:44)
	at org.junit.internal.runners.statements.InvokeMethod.evaluate(InvokeMethod.java:17)
	at org.junit.internal.runners.statements.FailOnTimeout$StatementThread.run(FailOnTimeout.java:74)
--- org.apache.commons.lang3.RandomStringUtils_ESTest::test031
org.evosuite.runtime.mock.java.lang.MockIllegalArgumentException: Parameter end (-943) must be greater than start (1)
	at org.apache.commons.lang3.RandomStringUtils.random(RandomStringUtils.java:247)
	at org.apache.commons.lang3.RandomStringUtils.random(RandomStringUtils.java:187)
	at org.apache.commons.lang3.RandomStringUtils_ESTest.test031(RandomStringUtils_ESTest.java:53)
	at sun.reflect.NativeMethodAccessorImpl.invoke0(Native Method)
	at sun.reflect.NativeMethodAccessorImpl.invoke(NativeMethodAccessorImpl.java:62)
	at sun.reflect.DelegatingMethodAccessorImpl.invoke(DelegatingMethodAccessorImpl.java:43)
	at java.lang.reflect.Method.invoke(Method.java:498)
	at org.junit.runners.model.FrameworkMethod$1.runReflectiveCall(FrameworkMethod.java:47)
	at org.junit.internal.runners.model.ReflectiveCallable.run(ReflectiveCallable.java:12)
	at org.junit.runners.model.FrameworkMethod.invokeExplosively(FrameworkMethod.java:44)
	at org.junit.internal.runners.statements.InvokeMethod.evaluate(InvokeMethod.java:17)
	at org.junit.internal.runners.statements.FailOnTimeout$StatementThread.run(FailOnTimeout.java:74)
--- org.apache.commons.lang3.RandomStringUtils_ESTest::test042
java.lang.NullPointerException
	at org.apache.commons.lang3.RandomStringUtils.random(RandomStringUtils.java:259)
	at org.apache.commons.lang3.RandomStringUtils_ESTest.test042(RandomStringUtils_ESTest.java:70)
	at sun.reflect.NativeMethodAccessorImpl.invoke0(Native Method)
	at sun.reflect.NativeMethodAccessorImpl.invoke(NativeMethodAccessorImpl.java:62)
	at sun.reflect.DelegatingMethodAccessorImpl.invoke(DelegatingMethodAccessorImpl.java:43)
	at java.lang.reflect.Method.invoke(Method.java:498)
	at org.junit.runners.model.FrameworkMethod$1.runReflectiveCall(FrameworkMethod.java:47)
	at org.junit.internal.runners.model.ReflectiveCallable.run(ReflectiveCallable.java:12)
	at org.junit.runners.model.FrameworkMethod.invokeExplosively(FrameworkMethod.java:44)
	at org.junit.internal.runners.statements.InvokeMethod.evaluate(InvokeMethod.java:17)
	at org.junit.internal.runners.statements.FailOnTimeout$StatementThread.run(FailOnTimeout.java:74)
--- org.apache.commons.lang3.RandomStringUtils_ESTest::test053
org.evosuite.runtime.mock.java.lang.MockIllegalArgumentException: Parameter end (1059) must be greater than start (1059)
	at org.apache.commons.lang3.RandomStringUtils.random(RandomStringUtils.java:247)
	at org.apache.commons.lang3.RandomStringUtils.random(RandomStringUtils.java:163)
	at org.apache.commons.lang3.RandomStringUtils_ESTest.test053(RandomStringUtils_ESTest.java:77)
	at sun.reflect.NativeMethodAccessorImpl.invoke0(Native Method)
	at sun.reflect.NativeMethodAccessorImpl.invoke(NativeMethodAccessorImpl.java:62)
	at sun.reflect.DelegatingMethodAccessorImpl.invoke(DelegatingMethodAccessorImpl.java:43)
	at java.lang.reflect.Method.invoke(Method.java:498)
	at org.junit.runners.model.FrameworkMethod$1.runReflectiveCall(FrameworkMethod.java:47)
	at org.junit.internal.runners.model.ReflectiveCallable.run(ReflectiveCallable.java:12)
	at org.junit.runners.model.FrameworkMethod.invokeExplosively(FrameworkMethod.java:44)
	at org.junit.internal.runners.statements.InvokeMethod.evaluate(InvokeMethod.java:17)
	at org.junit.internal.runners.statements.FailOnTimeout$StatementThread.run(FailOnTimeout.java:74)
--- org.apache.commons.lang3.RandomStringUtils_ESTest::test064
org.evosuite.runtime.mock.java.lang.MockIllegalArgumentException: Requested random string length -4759 is less than 0.
	at org.apache.commons.lang3.RandomStringUtils.random(RandomStringUtils.java:228)
	at org.apache.commons.lang3.RandomStringUtils_ESTest.test064(RandomStringUtils_ESTest.java:90)
	at sun.reflect.NativeMethodAccessorImpl.invoke0(Native Method)
	at sun.reflect.NativeMethodAccessorImpl.invoke(NativeMethodAccessorImpl.java:62)
	at sun.reflect.DelegatingMethodAccessorImpl.invoke(DelegatingMethodAccessorImpl.java:43)
	at java.lang.reflect.Method.invoke(Method.java:498)
	at org.junit.runners.model.FrameworkMethod$1.runReflectiveCall(FrameworkMethod.java:47)
	at org.junit.internal.runners.model.ReflectiveCallable.run(ReflectiveCallable.java:12)
	at org.junit.runners.model.FrameworkMethod.invokeExplosively(FrameworkMethod.java:44)
	at org.junit.internal.runners.statements.InvokeMethod.evaluate(InvokeMethod.java:17)
	at org.junit.internal.runners.statements.FailOnTimeout$StatementThread.run(FailOnTimeout.java:74)
--- org.apache.commons.lang3.RandomStringUtils_ESTest::test3519
org.evosuite.runtime.mock.java.lang.MockIllegalArgumentException: Requested random string length -417 is less than 0.
	at org.apache.commons.lang3.RandomStringUtils.random(RandomStringUtils.java:228)
	at org.apache.commons.lang3.RandomStringUtils.random(RandomStringUtils.java:163)
	at org.apache.commons.lang3.RandomStringUtils.random(RandomStringUtils.java:143)
	at org.apache.commons.lang3.RandomStringUtils.randomAlphabetic(RandomStringUtils.java:97)
	at org.apache.commons.lang3.RandomStringUtils_ESTest.test3519(RandomStringUtils_ESTest.java:212)
	at sun.reflect.NativeMethodAccessorImpl.invoke0(Native Method)
	at sun.reflect.NativeMethodAccessorImpl.invoke(NativeMethodAccessorImpl.java:62)
	at sun.reflect.DelegatingMethodAccessorImpl.invoke(DelegatingMethodAccessorImpl.java:43)
	at java.lang.reflect.Method.invoke(Method.java:498)
	at org.junit.runners.model.FrameworkMethod$1.runReflectiveCall(FrameworkMethod.java:47)
	at org.junit.internal.runners.model.ReflectiveCallable.run(ReflectiveCallable.java:12)
	at org.junit.runners.model.FrameworkMethod.invokeExplosively(FrameworkMethod.java:44)
	at org.junit.internal.runners.statements.InvokeMethod.evaluate(InvokeMethod.java:17)
	at org.junit.internal.runners.statements.FailOnTimeout$StatementThread.run(FailOnTimeout.java:74)
--- org.apache.commons.lang3.RandomStringUtils_ESTest::test2715
org.evosuite.runtime.mock.java.lang.MockIllegalArgumentException: Requested random string length -1207 is less than 0.
	at org.apache.commons.lang3.RandomStringUtils.random(RandomStringUtils.java:228)
	at org.apache.commons.lang3.RandomStringUtils.random(RandomStringUtils.java:163)
	at org.apache.commons.lang3.RandomStringUtils.randomAscii(RandomStringUtils.java:83)
	at org.apache.commons.lang3.RandomStringUtils_ESTest.test2715(RandomStringUtils_ESTest.java:180)
	at sun.reflect.NativeMethodAccessorImpl.invoke0(Native Method)
	at sun.reflect.NativeMethodAccessorImpl.invoke(NativeMethodAccessorImpl.java:62)
	at sun.reflect.DelegatingMethodAccessorImpl.invoke(DelegatingMethodAccessorImpl.java:43)
	at java.lang.reflect.Method.invoke(Method.java:498)
	at org.junit.runners.model.FrameworkMethod$1.runReflectiveCall(FrameworkMethod.java:47)
	at org.junit.internal.runners.model.ReflectiveCallable.run(ReflectiveCallable.java:12)
	at org.junit.runners.model.FrameworkMethod.invokeExplosively(FrameworkMethod.java:44)
	at org.junit.internal.runners.statements.InvokeMethod.evaluate(InvokeMethod.java:17)
	at org.junit.internal.runners.statements.FailOnTimeout$StatementThread.run(FailOnTimeout.java:74)
--- org.apache.commons.lang3.RandomStringUtils_ESTest::test3318
org.evosuite.runtime.mock.java.lang.MockIllegalArgumentException: Requested random string length -563 is less than 0.
	at org.apache.commons.lang3.RandomStringUtils.random(RandomStringUtils.java:228)
	at org.apache.commons.lang3.RandomStringUtils.random(RandomStringUtils.java:163)
	at org.apache.commons.lang3.RandomStringUtils.random(RandomStringUtils.java:143)
	at org.apache.commons.lang3.RandomStringUtils_ESTest.test3318(RandomStringUtils_ESTest.java:207)
	at sun.reflect.NativeMethodAccessorImpl.invoke0(Native Method)
	at sun.reflect.NativeMethodAccessorImpl.invoke(NativeMethodAccessorImpl.java:62)
	at sun.reflect.DelegatingMethodAccessorImpl.invoke(DelegatingMethodAccessorImpl.java:43)
	at java.lang.reflect.Method.invoke(Method.java:498)
	at org.junit.runners.model.FrameworkMethod$1.runReflectiveCall(FrameworkMethod.java:47)
	at org.junit.internal.runners.model.ReflectiveCallable.run(ReflectiveCallable.java:12)
	at org.junit.runners.model.FrameworkMethod.invokeExplosively(FrameworkMethod.java:44)
	at org.junit.internal.runners.statements.InvokeMethod.evaluate(InvokeMethod.java:17)
	at org.junit.internal.runners.statements.FailOnTimeout$StatementThread.run(FailOnTimeout.java:74)
--- org.apache.commons.lang3.RandomStringUtils_ESTest::test085
org.evosuite.runtime.mock.java.lang.MockIllegalArgumentException: Parameter end (57343) must be greater than start (57343)
	at org.apache.commons.lang3.RandomStringUtils.random(RandomStringUtils.java:247)
	at org.apache.commons.lang3.RandomStringUtils_ESTest.test085(RandomStringUtils_ESTest.java:96)
	at sun.reflect.NativeMethodAccessorImpl.invoke0(Native Method)
	at sun.reflect.NativeMethodAccessorImpl.invoke(NativeMethodAccessorImpl.java:62)
	at sun.reflect.DelegatingMethodAccessorImpl.invoke(DelegatingMethodAccessorImpl.java:43)
	at java.lang.reflect.Method.invoke(Method.java:498)
	at org.junit.runners.model.FrameworkMethod$1.runReflectiveCall(FrameworkMethod.java:47)
	at org.junit.internal.runners.model.ReflectiveCallable.run(ReflectiveCallable.java:12)
	at org.junit.runners.model.FrameworkMethod.invokeExplosively(FrameworkMethod.java:44)
	at org.junit.internal.runners.statements.InvokeMethod.evaluate(InvokeMethod.java:17)
	at org.junit.internal.runners.statements.FailOnTimeout$StatementThread.run(FailOnTimeout.java:74)
--- org.apache.commons.lang3.RandomStringUtils_ESTest::test1910
org.evosuite.runtime.mock.java.lang.MockIllegalArgumentException: Requested random string length -2237 is less than 0.
	at org.apache.commons.lang3.RandomStringUtils.random(RandomStringUtils.java:228)
	at org.apache.commons.lang3.RandomStringUtils.random(RandomStringUtils.java:187)
	at org.apache.commons.lang3.RandomStringUtils_ESTest.test1910(RandomStringUtils_ESTest.java:138)
	at sun.reflect.NativeMethodAccessorImpl.invoke0(Native Method)
	at sun.reflect.NativeMethodAccessorImpl.invoke(NativeMethodAccessorImpl.java:62)
	at sun.reflect.DelegatingMethodAccessorImpl.invoke(DelegatingMethodAccessorImpl.java:43)
	at java.lang.reflect.Method.invoke(Method.java:498)
	at org.junit.runners.model.FrameworkMethod$1.runReflectiveCall(FrameworkMethod.java:47)
	at org.junit.internal.runners.model.ReflectiveCallable.run(ReflectiveCallable.java:12)
	at org.junit.runners.model.FrameworkMethod.invokeExplosively(FrameworkMethod.java:44)
	at org.junit.internal.runners.statements.InvokeMethod.evaluate(InvokeMethod.java:17)
	at org.junit.internal.runners.statements.FailOnTimeout$StatementThread.run(FailOnTimeout.java:74)
--- org.apache.commons.lang3.RandomStringUtils_ESTest::test178
org.evosuite.runtime.mock.java.lang.MockIllegalArgumentException: The chars array must not be empty
	at org.apache.commons.lang3.RandomStringUtils.random(RandomStringUtils.java:231)
	at org.apache.commons.lang3.RandomStringUtils.random(RandomStringUtils.java:332)
	at org.apache.commons.lang3.RandomStringUtils.random(RandomStringUtils.java:313)
	at org.apache.commons.lang3.RandomStringUtils_ESTest.test178(RandomStringUtils_ESTest.java:115)
	at sun.reflect.NativeMethodAccessorImpl.invoke0(Native Method)
	at sun.reflect.NativeMethodAccessorImpl.invoke(NativeMethodAccessorImpl.java:62)
	at sun.reflect.DelegatingMethodAccessorImpl.invoke(DelegatingMethodAccessorImpl.java:43)
	at java.lang.reflect.Method.invoke(Method.java:498)
	at org.junit.runners.model.FrameworkMethod$1.runReflectiveCall(FrameworkMethod.java:47)
	at org.junit.internal.runners.model.ReflectiveCallable.run(ReflectiveCallable.java:12)
	at org.junit.runners.model.FrameworkMethod.invokeExplosively(FrameworkMethod.java:44)
	at org.junit.internal.runners.statements.InvokeMethod.evaluate(InvokeMethod.java:17)
	at org.junit.internal.runners.statements.FailOnTimeout$StatementThread.run(FailOnTimeout.java:74)
--- org.apache.commons.lang3.RandomStringUtils_ESTest::test189
org.evosuite.runtime.mock.java.lang.MockIllegalArgumentException: Parameter end (1) must be greater than start (1)
	at org.apache.commons.lang3.RandomStringUtils.random(RandomStringUtils.java:247)
	at org.apache.commons.lang3.RandomStringUtils.random(RandomStringUtils.java:187)
	at org.apache.commons.lang3.RandomStringUtils_ESTest.test189(RandomStringUtils_ESTest.java:125)
	at sun.reflect.NativeMethodAccessorImpl.invoke0(Native Method)
	at sun.reflect.NativeMethodAccessorImpl.invoke(NativeMethodAccessorImpl.java:62)
	at sun.reflect.DelegatingMethodAccessorImpl.invoke(DelegatingMethodAccessorImpl.java:43)
	at java.lang.reflect.Method.invoke(Method.java:498)
	at org.junit.runners.model.FrameworkMethod$1.runReflectiveCall(FrameworkMethod.java:47)
	at org.junit.internal.runners.model.ReflectiveCallable.run(ReflectiveCallable.java:12)
	at org.junit.runners.model.FrameworkMethod.invokeExplosively(FrameworkMethod.java:44)
	at org.junit.internal.runners.statements.InvokeMethod.evaluate(InvokeMethod.java:17)
	at org.junit.internal.runners.statements.FailOnTimeout$StatementThread.run(FailOnTimeout.java:74)
--- org.apache.commons.lang3.RandomStringUtils_ESTest::test146
org.evosuite.runtime.mock.java.lang.MockIllegalArgumentException: Requested random string length -2531 is less than 0.
	at org.apache.commons.lang3.RandomStringUtils.random(RandomStringUtils.java:228)
	at org.apache.commons.lang3.RandomStringUtils.random(RandomStringUtils.java:163)
	at org.apache.commons.lang3.RandomStringUtils.random(RandomStringUtils.java:143)
	at org.apache.commons.lang3.RandomStringUtils.randomNumeric(RandomStringUtils.java:125)
	at org.apache.commons.lang3.RandomStringUtils_ESTest.test146(RandomStringUtils_ESTest.java:102)
	at sun.reflect.NativeMethodAccessorImpl.invoke0(Native Method)
	at sun.reflect.NativeMethodAccessorImpl.invoke(NativeMethodAccessorImpl.java:62)
	at sun.reflect.DelegatingMethodAccessorImpl.invoke(DelegatingMethodAccessorImpl.java:43)
	at java.lang.reflect.Method.invoke(Method.java:498)
	at org.junit.runners.model.FrameworkMethod$1.runReflectiveCall(FrameworkMethod.java:47)
	at org.junit.internal.runners.model.ReflectiveCallable.run(ReflectiveCallable.java:12)
	at org.junit.runners.model.FrameworkMethod.invokeExplosively(FrameworkMethod.java:44)
	at org.junit.internal.runners.statements.InvokeMethod.evaluate(InvokeMethod.java:17)
	at org.junit.internal.runners.statements.FailOnTimeout$StatementThread.run(FailOnTimeout.java:74)
--- org.apache.commons.lang3.RandomStringUtils_ESTest::test157
org.evosuite.runtime.mock.java.lang.MockIllegalArgumentException: Parameter end (0) must be greater than start (1935)
	at org.apache.commons.lang3.RandomStringUtils.random(RandomStringUtils.java:247)
	at org.apache.commons.lang3.RandomStringUtils.random(RandomStringUtils.java:187)
	at org.apache.commons.lang3.RandomStringUtils_ESTest.test157(RandomStringUtils_ESTest.java:109)
	at sun.reflect.NativeMethodAccessorImpl.invoke0(Native Method)
	at sun.reflect.NativeMethodAccessorImpl.invoke(NativeMethodAccessorImpl.java:62)
	at sun.reflect.DelegatingMethodAccessorImpl.invoke(DelegatingMethodAccessorImpl.java:43)
	at java.lang.reflect.Method.invoke(Method.java:498)
	at org.junit.runners.model.FrameworkMethod$1.runReflectiveCall(FrameworkMethod.java:47)
	at org.junit.internal.runners.model.ReflectiveCallable.run(ReflectiveCallable.java:12)
	at org.junit.runners.model.FrameworkMethod.invokeExplosively(FrameworkMethod.java:44)
	at org.junit.internal.runners.statements.InvokeMethod.evaluate(InvokeMethod.java:17)
	at org.junit.internal.runners.statements.FailOnTimeout$StatementThread.run(FailOnTimeout.java:74)
--- org.apache.commons.lang3.RandomStringUtils_ESTest::test4122
org.evosuite.runtime.mock.java.lang.MockIllegalArgumentException: Requested random string length -1333 is less than 0.
	at org.apache.commons.lang3.RandomStringUtils.random(RandomStringUtils.java:228)
	at org.apache.commons.lang3.RandomStringUtils.random(RandomStringUtils.java:311)
	at org.apache.commons.lang3.RandomStringUtils_ESTest.test4122(RandomStringUtils_ESTest.java:231)
	at sun.reflect.NativeMethodAccessorImpl.invoke0(Native Method)
	at sun.reflect.NativeMethodAccessorImpl.invoke(NativeMethodAccessorImpl.java:62)
	at sun.reflect.DelegatingMethodAccessorImpl.invoke(DelegatingMethodAccessorImpl.java:43)
	at java.lang.reflect.Method.invoke(Method.java:498)
	at org.junit.runners.model.FrameworkMethod$1.runReflectiveCall(FrameworkMethod.java:47)
	at org.junit.internal.runners.model.ReflectiveCallable.run(ReflectiveCallable.java:12)
	at org.junit.runners.model.FrameworkMethod.invokeExplosively(FrameworkMethod.java:44)
	at org.junit.internal.runners.statements.InvokeMethod.evaluate(InvokeMethod.java:17)
	at org.junit.internal.runners.statements.FailOnTimeout$StatementThread.run(FailOnTimeout.java:74)
