--- com.fasterxml.jackson.databind.type.TypeFactory_ESTest::test5054
java.lang.NullPointerException
	at com.fasterxml.jackson.databind.type.TypeBindings$TypeParamStash.paramsFor2(TypeBindings.java:422)
	at com.fasterxml.jackson.databind.type.TypeBindings.create(TypeBindings.java:135)
	at com.fasterxml.jackson.databind.type.TypeBindings.create(TypeBindings.java:97)
	at com.fasterxml.jackson.databind.type.TypeFactory.constructMapType(TypeFactory.java:739)
	at com.fasterxml.jackson.databind.type.TypeFactory.constructMapType(TypeFactory.java:729)
	at com.fasterxml.jackson.databind.type.TypeFactory_ESTest.test5054(TypeFactory_ESTest.java:500)
	at sun.reflect.NativeMethodAccessorImpl.invoke0(Native Method)
	at sun.reflect.NativeMethodAccessorImpl.invoke(NativeMethodAccessorImpl.java:62)
	at sun.reflect.DelegatingMethodAccessorImpl.invoke(DelegatingMethodAccessorImpl.java:43)
	at java.lang.reflect.Method.invoke(Method.java:498)
	at org.junit.runners.model.FrameworkMethod$1.runReflectiveCall(FrameworkMethod.java:47)
	at org.junit.internal.runners.model.ReflectiveCallable.run(ReflectiveCallable.java:12)
	at org.junit.runners.model.FrameworkMethod.invokeExplosively(FrameworkMethod.java:44)
	at org.junit.internal.runners.statements.InvokeMethod.evaluate(InvokeMethod.java:17)
	at org.junit.internal.runners.statements.FailOnTimeout$StatementThread.run(FailOnTimeout.java:74)
--- com.fasterxml.jackson.databind.type.TypeFactory_ESTest::test4044
org.evosuite.runtime.mock.java.lang.MockIllegalArgumentException: Class com.fasterxml.jackson.databind.type.MapType not a super-type of [simple type, class java.lang.Object]
	at com.fasterxml.jackson.databind.type.TypeFactory.constructGeneralizedType(TypeFactory.java:491)
	at com.fasterxml.jackson.databind.type.TypeFactory_ESTest.test4044(TypeFactory_ESTest.java:417)
	at sun.reflect.NativeMethodAccessorImpl.invoke0(Native Method)
	at sun.reflect.NativeMethodAccessorImpl.invoke(NativeMethodAccessorImpl.java:62)
	at sun.reflect.DelegatingMethodAccessorImpl.invoke(DelegatingMethodAccessorImpl.java:43)
	at java.lang.reflect.Method.invoke(Method.java:498)
	at org.junit.runners.model.FrameworkMethod$1.runReflectiveCall(FrameworkMethod.java:47)
	at org.junit.internal.runners.model.ReflectiveCallable.run(ReflectiveCallable.java:12)
	at org.junit.runners.model.FrameworkMethod.invokeExplosively(FrameworkMethod.java:44)
	at org.junit.internal.runners.statements.InvokeMethod.evaluate(InvokeMethod.java:17)
	at org.junit.internal.runners.statements.FailOnTimeout$StatementThread.run(FailOnTimeout.java:74)
--- com.fasterxml.jackson.databind.type.TypeFactory_ESTest::test6064
java.lang.NullPointerException
	at com.fasterxml.jackson.databind.type.TypeFactory._findWellKnownSimple(TypeFactory.java:1086)
	at com.fasterxml.jackson.databind.type.TypeFactory._fromClass(TypeFactory.java:1165)
	at com.fasterxml.jackson.databind.type.TypeFactory._fromParamType(TypeFactory.java:1348)
	at com.fasterxml.jackson.databind.type.TypeFactory_ESTest.test6064(TypeFactory_ESTest.java:612)
	at sun.reflect.NativeMethodAccessorImpl.invoke0(Native Method)
	at sun.reflect.NativeMethodAccessorImpl.invoke(NativeMethodAccessorImpl.java:62)
	at sun.reflect.DelegatingMethodAccessorImpl.invoke(DelegatingMethodAccessorImpl.java:43)
	at java.lang.reflect.Method.invoke(Method.java:498)
	at org.junit.runners.model.FrameworkMethod$1.runReflectiveCall(FrameworkMethod.java:47)
	at org.junit.internal.runners.model.ReflectiveCallable.run(ReflectiveCallable.java:12)
	at org.junit.runners.model.FrameworkMethod.invokeExplosively(FrameworkMethod.java:44)
	at org.junit.internal.runners.statements.InvokeMethod.evaluate(InvokeMethod.java:17)
	at org.junit.internal.runners.statements.FailOnTimeout$StatementThread.run(FailOnTimeout.java:74)
--- com.fasterxml.jackson.databind.type.TypeFactory_ESTest::test1214
java.lang.NullPointerException
	at com.fasterxml.jackson.databind.type.TypeFactory.constructType(TypeFactory.java:598)
	at com.fasterxml.jackson.databind.type.TypeFactory_ESTest.test1214(TypeFactory_ESTest.java:188)
	at sun.reflect.NativeMethodAccessorImpl.invoke0(Native Method)
	at sun.reflect.NativeMethodAccessorImpl.invoke(NativeMethodAccessorImpl.java:62)
	at sun.reflect.DelegatingMethodAccessorImpl.invoke(DelegatingMethodAccessorImpl.java:43)
	at java.lang.reflect.Method.invoke(Method.java:498)
	at org.junit.runners.model.FrameworkMethod$1.runReflectiveCall(FrameworkMethod.java:47)
	at org.junit.internal.runners.model.ReflectiveCallable.run(ReflectiveCallable.java:12)
	at org.junit.runners.model.FrameworkMethod.invokeExplosively(FrameworkMethod.java:44)
	at org.junit.internal.runners.statements.InvokeMethod.evaluate(InvokeMethod.java:17)
	at org.junit.internal.runners.statements.FailOnTimeout$StatementThread.run(FailOnTimeout.java:74)
--- com.fasterxml.jackson.databind.type.TypeFactory_ESTest::test5256
java.lang.NullPointerException
	at com.fasterxml.jackson.databind.type.TypeFactory._findWellKnownSimple(TypeFactory.java:1086)
	at com.fasterxml.jackson.databind.type.TypeFactory._fromClass(TypeFactory.java:1165)
	at com.fasterxml.jackson.databind.type.TypeFactory.constructParametricType(TypeFactory.java:850)
	at com.fasterxml.jackson.databind.type.TypeFactory.constructParametrizedType(TypeFactory.java:902)
	at com.fasterxml.jackson.databind.type.TypeFactory_ESTest.test5256(TypeFactory_ESTest.java:515)
	at sun.reflect.NativeMethodAccessorImpl.invoke0(Native Method)
	at sun.reflect.NativeMethodAccessorImpl.invoke(NativeMethodAccessorImpl.java:62)
	at sun.reflect.DelegatingMethodAccessorImpl.invoke(DelegatingMethodAccessorImpl.java:43)
	at java.lang.reflect.Method.invoke(Method.java:498)
	at org.junit.runners.model.FrameworkMethod$1.runReflectiveCall(FrameworkMethod.java:47)
	at org.junit.internal.runners.model.ReflectiveCallable.run(ReflectiveCallable.java:12)
	at org.junit.runners.model.FrameworkMethod.invokeExplosively(FrameworkMethod.java:44)
	at org.junit.internal.runners.statements.InvokeMethod.evaluate(InvokeMethod.java:17)
	at org.junit.internal.runners.statements.FailOnTimeout$StatementThread.run(FailOnTimeout.java:74)
--- com.fasterxml.jackson.databind.type.TypeFactory_ESTest::test5660
org.evosuite.runtime.mock.java.lang.MockIllegalStateException: TypeModifier null (of type com.fasterxml.jackson.databind.type.TypeModifier$MockitoMock$1534510660) return null for type [simple type, class int]
	at com.fasterxml.jackson.databind.type.TypeFactory._fromAny(TypeFactory.java:1148)
	at com.fasterxml.jackson.databind.type.TypeFactory._fromParamType(TypeFactory.java:1344)
	at com.fasterxml.jackson.databind.type.TypeFactory._fromAny(TypeFactory.java:1119)
	at com.fasterxml.jackson.databind.type.TypeFactory._resolveSuperClass(TypeFactory.java:1249)
	at com.fasterxml.jackson.databind.type.TypeFactory._fromClass(TypeFactory.java:1212)
	at com.fasterxml.jackson.databind.type.TypeFactory.constructCollectionType(TypeFactory.java:672)
	at com.fasterxml.jackson.databind.type.TypeFactory_ESTest.test5660(TypeFactory_ESTest.java:575)
	at sun.reflect.NativeMethodAccessorImpl.invoke0(Native Method)
	at sun.reflect.NativeMethodAccessorImpl.invoke(NativeMethodAccessorImpl.java:62)
	at sun.reflect.DelegatingMethodAccessorImpl.invoke(DelegatingMethodAccessorImpl.java:43)
	at java.lang.reflect.Method.invoke(Method.java:498)
	at org.junit.runners.model.FrameworkMethod$1.runReflectiveCall(FrameworkMethod.java:47)
	at org.junit.internal.runners.model.ReflectiveCallable.run(ReflectiveCallable.java:12)
	at org.junit.runners.model.FrameworkMethod.invokeExplosively(FrameworkMethod.java:44)
	at org.junit.internal.runners.statements.InvokeMethod.evaluate(InvokeMethod.java:17)
	at org.junit.internal.runners.statements.FailOnTimeout$StatementThread.run(FailOnTimeout.java:74)
--- com.fasterxml.jackson.databind.type.TypeFactory_ESTest::test1820
java.lang.ClassNotFoundException: OX&oWF~ /2Wj(P
	at com.fasterxml.jackson.databind.type.TypeFactory.findClass(TypeFactory.java:273)
	at com.fasterxml.jackson.databind.type.TypeFactory_ESTest.test1820(TypeFactory_ESTest.java:231)
	at sun.reflect.NativeMethodAccessorImpl.invoke0(Native Method)
	at sun.reflect.NativeMethodAccessorImpl.invoke(NativeMethodAccessorImpl.java:62)
	at sun.reflect.DelegatingMethodAccessorImpl.invoke(DelegatingMethodAccessorImpl.java:43)
	at java.lang.reflect.Method.invoke(Method.java:498)
	at org.junit.runners.model.FrameworkMethod$1.runReflectiveCall(FrameworkMethod.java:47)
	at org.junit.internal.runners.model.ReflectiveCallable.run(ReflectiveCallable.java:12)
	at org.junit.runners.model.FrameworkMethod.invokeExplosively(FrameworkMethod.java:44)
	at org.junit.internal.runners.statements.InvokeMethod.evaluate(InvokeMethod.java:17)
	at org.junit.internal.runners.statements.FailOnTimeout$StatementThread.run(FailOnTimeout.java:74)
Caused by: java.lang.ClassNotFoundException: OX&oWF~ /2Wj(P
	at java.lang.Class.forName0(Native Method)
	at java.lang.Class.forName(Class.java:348)
	at com.fasterxml.jackson.databind.type.TypeFactory.classForName(TypeFactory.java:278)
	at com.fasterxml.jackson.databind.type.TypeFactory.findClass(TypeFactory.java:258)
	... 10 more
--- com.fasterxml.jackson.databind.type.TypeFactory_ESTest::test5155
org.evosuite.runtime.mock.java.lang.MockIllegalArgumentException: Can not create TypeBindings for class java.util.Properties with 2 type parameters: class expects 0
	at com.fasterxml.jackson.databind.type.TypeBindings.create(TypeBindings.java:138)
	at com.fasterxml.jackson.databind.type.TypeBindings.create(TypeBindings.java:97)
	at com.fasterxml.jackson.databind.type.TypeFactory.constructMapType(TypeFactory.java:739)
	at com.fasterxml.jackson.databind.type.TypeFactory.constructMapType(TypeFactory.java:729)
	at com.fasterxml.jackson.databind.type.TypeFactory_ESTest.test5155(TypeFactory_ESTest.java:507)
	at sun.reflect.NativeMethodAccessorImpl.invoke0(Native Method)
	at sun.reflect.NativeMethodAccessorImpl.invoke(NativeMethodAccessorImpl.java:62)
	at sun.reflect.DelegatingMethodAccessorImpl.invoke(DelegatingMethodAccessorImpl.java:43)
	at java.lang.reflect.Method.invoke(Method.java:498)
	at org.junit.runners.model.FrameworkMethod$1.runReflectiveCall(FrameworkMethod.java:47)
	at org.junit.internal.runners.model.ReflectiveCallable.run(ReflectiveCallable.java:12)
	at org.junit.runners.model.FrameworkMethod.invokeExplosively(FrameworkMethod.java:44)
	at org.junit.internal.runners.statements.InvokeMethod.evaluate(InvokeMethod.java:17)
	at org.junit.internal.runners.statements.FailOnTimeout$StatementThread.run(FailOnTimeout.java:74)
--- com.fasterxml.jackson.databind.type.TypeFactory_ESTest::test1517
java.lang.ClassNotFoundException: OX&oWF~ /2Wj(P
	at com.fasterxml.jackson.databind.type.TypeFactory.findClass(TypeFactory.java:273)
	at com.fasterxml.jackson.databind.type.TypeFactory_ESTest.test1517(TypeFactory_ESTest.java:210)
	at sun.reflect.NativeMethodAccessorImpl.invoke0(Native Method)
	at sun.reflect.NativeMethodAccessorImpl.invoke(NativeMethodAccessorImpl.java:62)
	at sun.reflect.DelegatingMethodAccessorImpl.invoke(DelegatingMethodAccessorImpl.java:43)
	at java.lang.reflect.Method.invoke(Method.java:498)
	at org.junit.runners.model.FrameworkMethod$1.runReflectiveCall(FrameworkMethod.java:47)
	at org.junit.internal.runners.model.ReflectiveCallable.run(ReflectiveCallable.java:12)
	at org.junit.runners.model.FrameworkMethod.invokeExplosively(FrameworkMethod.java:44)
	at org.junit.internal.runners.statements.InvokeMethod.evaluate(InvokeMethod.java:17)
	at org.junit.internal.runners.statements.FailOnTimeout$StatementThread.run(FailOnTimeout.java:74)
Caused by: java.lang.ClassNotFoundException: OX&oWF~ /2Wj(P
	at java.lang.Class.forName0(Native Method)
	at java.lang.Class.forName(Class.java:348)
	at com.fasterxml.jackson.databind.type.TypeFactory.classForName(TypeFactory.java:278)
	at com.fasterxml.jackson.databind.type.TypeFactory.findClass(TypeFactory.java:258)
	... 10 more
--- com.fasterxml.jackson.databind.type.TypeFactory_ESTest::test3539
org.evosuite.runtime.mock.java.lang.MockIllegalArgumentException: Class com.fasterxml.jackson.databind.type.MapLikeType not subtype of [simple type, class int]
	at com.fasterxml.jackson.databind.type.TypeFactory.constructSpecializedType(TypeFactory.java:329)
	at com.fasterxml.jackson.databind.type.TypeFactory_ESTest.test3539(TypeFactory_ESTest.java:372)
	at sun.reflect.NativeMethodAccessorImpl.invoke0(Native Method)
	at sun.reflect.NativeMethodAccessorImpl.invoke(NativeMethodAccessorImpl.java:62)
	at sun.reflect.DelegatingMethodAccessorImpl.invoke(DelegatingMethodAccessorImpl.java:43)
	at java.lang.reflect.Method.invoke(Method.java:498)
	at org.junit.runners.model.FrameworkMethod$1.runReflectiveCall(FrameworkMethod.java:47)
	at org.junit.internal.runners.model.ReflectiveCallable.run(ReflectiveCallable.java:12)
	at org.junit.runners.model.FrameworkMethod.invokeExplosively(FrameworkMethod.java:44)
	at org.junit.internal.runners.statements.InvokeMethod.evaluate(InvokeMethod.java:17)
	at org.junit.internal.runners.statements.FailOnTimeout$StatementThread.run(FailOnTimeout.java:74)
--- com.fasterxml.jackson.databind.type.TypeFactory_ESTest::test1315
org.evosuite.runtime.mock.java.lang.MockIllegalArgumentException: Can not create TypeBindings for class java.util.Properties with 2 type parameters: class expects 0
	at com.fasterxml.jackson.databind.type.TypeBindings.create(TypeBindings.java:138)
	at com.fasterxml.jackson.databind.type.TypeBindings.create(TypeBindings.java:97)
	at com.fasterxml.jackson.databind.type.TypeFactory.constructMapType(TypeFactory.java:739)
	at com.fasterxml.jackson.databind.type.TypeFactory.constructRawMapType(TypeFactory.java:954)
	at com.fasterxml.jackson.databind.type.TypeFactory_ESTest.test1315(TypeFactory_ESTest.java:195)
	at sun.reflect.NativeMethodAccessorImpl.invoke0(Native Method)
	at sun.reflect.NativeMethodAccessorImpl.invoke(NativeMethodAccessorImpl.java:62)
	at sun.reflect.DelegatingMethodAccessorImpl.invoke(DelegatingMethodAccessorImpl.java:43)
	at java.lang.reflect.Method.invoke(Method.java:498)
	at org.junit.runners.model.FrameworkMethod$1.runReflectiveCall(FrameworkMethod.java:47)
	at org.junit.internal.runners.model.ReflectiveCallable.run(ReflectiveCallable.java:12)
	at org.junit.runners.model.FrameworkMethod.invokeExplosively(FrameworkMethod.java:44)
	at org.junit.internal.runners.statements.InvokeMethod.evaluate(InvokeMethod.java:17)
	at org.junit.internal.runners.statements.FailOnTimeout$StatementThread.run(FailOnTimeout.java:74)
--- com.fasterxml.jackson.databind.type.TypeFactory_ESTest::test1719
java.lang.NullPointerException
	at com.fasterxml.jackson.databind.type.ReferenceType.<init>(ReferenceType.java:23)
	at com.fasterxml.jackson.databind.type.ReferenceType.construct(ReferenceType.java:61)
	at com.fasterxml.jackson.databind.type.TypeFactory.constructReferenceType(TypeFactory.java:802)
	at com.fasterxml.jackson.databind.type.TypeFactory_ESTest.test1719(TypeFactory_ESTest.java:225)
	at sun.reflect.NativeMethodAccessorImpl.invoke0(Native Method)
	at sun.reflect.NativeMethodAccessorImpl.invoke(NativeMethodAccessorImpl.java:62)
	at sun.reflect.DelegatingMethodAccessorImpl.invoke(DelegatingMethodAccessorImpl.java:43)
	at java.lang.reflect.Method.invoke(Method.java:498)
	at org.junit.runners.model.FrameworkMethod$1.runReflectiveCall(FrameworkMethod.java:47)
	at org.junit.internal.runners.model.ReflectiveCallable.run(ReflectiveCallable.java:12)
	at org.junit.runners.model.FrameworkMethod.invokeExplosively(FrameworkMethod.java:44)
	at org.junit.internal.runners.statements.InvokeMethod.evaluate(InvokeMethod.java:17)
	at org.junit.internal.runners.statements.FailOnTimeout$StatementThread.run(FailOnTimeout.java:74)
--- com.fasterxml.jackson.databind.type.TypeFactory_ESTest::test5761
org.evosuite.runtime.mock.java.lang.MockIllegalStateException: TypeModifier null (of type com.fasterxml.jackson.databind.type.TypeModifier$MockitoMock$1534510660) return null for type [simple type, class java.lang.Object]
	at com.fasterxml.jackson.databind.type.TypeFactory._fromAny(TypeFactory.java:1148)
	at com.fasterxml.jackson.databind.type.TypeFactory._resolveSuperClass(TypeFactory.java:1249)
	at com.fasterxml.jackson.databind.type.TypeFactory._fromClass(TypeFactory.java:1212)
	at com.fasterxml.jackson.databind.type.TypeFactory._fromAny(TypeFactory.java:1115)
	at com.fasterxml.jackson.databind.type.TypeFactory._resolveSuperClass(TypeFactory.java:1249)
	at com.fasterxml.jackson.databind.type.TypeFactory._fromClass(TypeFactory.java:1212)
	at com.fasterxml.jackson.databind.type.TypeFactory._fromAny(TypeFactory.java:1115)
	at com.fasterxml.jackson.databind.type.TypeFactory._resolveSuperClass(TypeFactory.java:1249)
	at com.fasterxml.jackson.databind.type.TypeFactory._fromClass(TypeFactory.java:1212)
	at com.fasterxml.jackson.databind.type.TypeFactory._fromAny(TypeFactory.java:1115)
	at com.fasterxml.jackson.databind.type.TypeFactory._resolveSuperClass(TypeFactory.java:1249)
	at com.fasterxml.jackson.databind.type.TypeFactory._fromClass(TypeFactory.java:1212)
	at com.fasterxml.jackson.databind.type.TypeFactory.constructMapLikeType(TypeFactory.java:766)
	at com.fasterxml.jackson.databind.type.TypeFactory.constructRawMapLikeType(TypeFactory.java:969)
	at com.fasterxml.jackson.databind.type.TypeFactory_ESTest.test5761(TypeFactory_ESTest.java:586)
	at sun.reflect.NativeMethodAccessorImpl.invoke0(Native Method)
	at sun.reflect.NativeMethodAccessorImpl.invoke(NativeMethodAccessorImpl.java:62)
	at sun.reflect.DelegatingMethodAccessorImpl.invoke(DelegatingMethodAccessorImpl.java:43)
	at java.lang.reflect.Method.invoke(Method.java:498)
	at org.junit.runners.model.FrameworkMethod$1.runReflectiveCall(FrameworkMethod.java:47)
	at org.junit.internal.runners.model.ReflectiveCallable.run(ReflectiveCallable.java:12)
	at org.junit.runners.model.FrameworkMethod.invokeExplosively(FrameworkMethod.java:44)
	at org.junit.internal.runners.statements.InvokeMethod.evaluate(InvokeMethod.java:17)
	at org.junit.internal.runners.statements.FailOnTimeout$StatementThread.run(FailOnTimeout.java:74)
--- com.fasterxml.jackson.databind.type.TypeFactory_ESTest::test4953
org.evosuite.runtime.mock.java.lang.MockIllegalArgumentException: Unrecognized Type: [null]
	at com.fasterxml.jackson.databind.type.TypeFactory._fromAny(TypeFactory.java:1135)
	at com.fasterxml.jackson.databind.type.TypeFactory.constructType(TypeFactory.java:636)
	at com.fasterxml.jackson.databind.type.TypeFactory_ESTest.test4953(TypeFactory_ESTest.java:493)
	at sun.reflect.NativeMethodAccessorImpl.invoke0(Native Method)
	at sun.reflect.NativeMethodAccessorImpl.invoke(NativeMethodAccessorImpl.java:62)
	at sun.reflect.DelegatingMethodAccessorImpl.invoke(DelegatingMethodAccessorImpl.java:43)
	at java.lang.reflect.Method.invoke(Method.java:498)
	at org.junit.runners.model.FrameworkMethod$1.runReflectiveCall(FrameworkMethod.java:47)
	at org.junit.internal.runners.model.ReflectiveCallable.run(ReflectiveCallable.java:12)
	at org.junit.runners.model.FrameworkMethod.invokeExplosively(FrameworkMethod.java:44)
	at org.junit.internal.runners.statements.InvokeMethod.evaluate(InvokeMethod.java:17)
	at org.junit.internal.runners.statements.FailOnTimeout$StatementThread.run(FailOnTimeout.java:74)
--- com.fasterxml.jackson.databind.type.TypeFactory_ESTest::test4751
org.evosuite.runtime.mock.java.lang.MockIllegalArgumentException: Unrecognized Type: [null]
	at com.fasterxml.jackson.databind.type.TypeFactory._fromAny(TypeFactory.java:1135)
	at com.fasterxml.jackson.databind.type.TypeFactory.constructType(TypeFactory.java:626)
	at com.fasterxml.jackson.databind.type.TypeFactory_ESTest.test4751(TypeFactory_ESTest.java:479)
	at sun.reflect.NativeMethodAccessorImpl.invoke0(Native Method)
	at sun.reflect.NativeMethodAccessorImpl.invoke(NativeMethodAccessorImpl.java:62)
	at sun.reflect.DelegatingMethodAccessorImpl.invoke(DelegatingMethodAccessorImpl.java:43)
	at java.lang.reflect.Method.invoke(Method.java:498)
	at org.junit.runners.model.FrameworkMethod$1.runReflectiveCall(FrameworkMethod.java:47)
	at org.junit.internal.runners.model.ReflectiveCallable.run(ReflectiveCallable.java:12)
	at org.junit.runners.model.FrameworkMethod.invokeExplosively(FrameworkMethod.java:44)
	at org.junit.internal.runners.statements.InvokeMethod.evaluate(InvokeMethod.java:17)
	at org.junit.internal.runners.statements.FailOnTimeout$StatementThread.run(FailOnTimeout.java:74)
--- com.fasterxml.jackson.databind.type.TypeFactory_ESTest::test3741
org.evosuite.runtime.mock.java.lang.MockIllegalArgumentException: Internal error: class java.lang.Object not included as super-type for [map-like type; class com.fasterxml.jackson.databind.MapperFeature, [simple type, class java.lang.Object] -> [simple type, class java.lang.Object]]
	at com.fasterxml.jackson.databind.type.TypeFactory.constructGeneralizedType(TypeFactory.java:495)
	at com.fasterxml.jackson.databind.type.TypeFactory_ESTest.test3741(TypeFactory_ESTest.java:390)
	at sun.reflect.NativeMethodAccessorImpl.invoke0(Native Method)
	at sun.reflect.NativeMethodAccessorImpl.invoke(NativeMethodAccessorImpl.java:62)
	at sun.reflect.DelegatingMethodAccessorImpl.invoke(DelegatingMethodAccessorImpl.java:43)
	at java.lang.reflect.Method.invoke(Method.java:498)
	at org.junit.runners.model.FrameworkMethod$1.runReflectiveCall(FrameworkMethod.java:47)
	at org.junit.internal.runners.model.ReflectiveCallable.run(ReflectiveCallable.java:12)
	at org.junit.runners.model.FrameworkMethod.invokeExplosively(FrameworkMethod.java:44)
	at org.junit.internal.runners.statements.InvokeMethod.evaluate(InvokeMethod.java:17)
	at org.junit.internal.runners.statements.FailOnTimeout$StatementThread.run(FailOnTimeout.java:74)
--- com.fasterxml.jackson.databind.type.TypeFactory_ESTest::test1921
java.lang.NullPointerException
	at com.fasterxml.jackson.databind.type.ArrayType.construct(ArrayType.java:47)
	at com.fasterxml.jackson.databind.type.ArrayType.construct(ArrayType.java:41)
	at com.fasterxml.jackson.databind.type.TypeFactory.constructArrayType(TypeFactory.java:662)
	at com.fasterxml.jackson.databind.type.TypeFactory_ESTest.test1921(TypeFactory_ESTest.java:237)
	at sun.reflect.NativeMethodAccessorImpl.invoke0(Native Method)
	at sun.reflect.NativeMethodAccessorImpl.invoke(NativeMethodAccessorImpl.java:62)
	at sun.reflect.DelegatingMethodAccessorImpl.invoke(DelegatingMethodAccessorImpl.java:43)
	at java.lang.reflect.Method.invoke(Method.java:498)
	at org.junit.runners.model.FrameworkMethod$1.runReflectiveCall(FrameworkMethod.java:47)
	at org.junit.internal.runners.model.ReflectiveCallable.run(ReflectiveCallable.java:12)
	at org.junit.runners.model.FrameworkMethod.invokeExplosively(FrameworkMethod.java:44)
	at org.junit.internal.runners.statements.InvokeMethod.evaluate(InvokeMethod.java:17)
	at org.junit.internal.runners.statements.FailOnTimeout$StatementThread.run(FailOnTimeout.java:74)
