--- com.google.javascript.jscomp.PeepholeSubstituteAlternateSyntax_ESTest::test3030
junit.framework.AssertionFailedError
	at org.junit.Assert.fail(Assert.java:86)
	at org.junit.Assert.assertTrue(Assert.java:41)
	at org.junit.Assert.assertTrue(Assert.java:52)
	at com.google.javascript.jscomp.PeepholeSubstituteAlternateSyntax_ESTest.test3030(PeepholeSubstituteAlternateSyntax_ESTest.java:273)
	at sun.reflect.NativeMethodAccessorImpl.invoke0(Native Method)
	at sun.reflect.NativeMethodAccessorImpl.invoke(NativeMethodAccessorImpl.java:62)
	at sun.reflect.DelegatingMethodAccessorImpl.invoke(DelegatingMethodAccessorImpl.java:43)
	at java.lang.reflect.Method.invoke(Method.java:498)
	at org.junit.runners.model.FrameworkMethod$1.runReflectiveCall(FrameworkMethod.java:47)
	at org.junit.internal.runners.model.ReflectiveCallable.run(ReflectiveCallable.java:12)
	at org.junit.runners.model.FrameworkMethod.invokeExplosively(FrameworkMethod.java:44)
	at org.junit.internal.runners.statements.InvokeMethod.evaluate(InvokeMethod.java:17)
	at org.junit.internal.runners.statements.FailOnTimeout$StatementThread.run(FailOnTimeout.java:74)
--- com.google.javascript.jscomp.PeepholeSubstituteAlternateSyntax_ESTest::test4042
junit.framework.AssertionFailedError
	at org.junit.Assert.fail(Assert.java:86)
	at org.junit.Assert.assertTrue(Assert.java:41)
	at org.junit.Assert.assertTrue(Assert.java:52)
	at com.google.javascript.jscomp.PeepholeSubstituteAlternateSyntax_ESTest.test4042(PeepholeSubstituteAlternateSyntax_ESTest.java:377)
	at sun.reflect.NativeMethodAccessorImpl.invoke0(Native Method)
	at sun.reflect.NativeMethodAccessorImpl.invoke(NativeMethodAccessorImpl.java:62)
	at sun.reflect.DelegatingMethodAccessorImpl.invoke(DelegatingMethodAccessorImpl.java:43)
	at java.lang.reflect.Method.invoke(Method.java:498)
	at org.junit.runners.model.FrameworkMethod$1.runReflectiveCall(FrameworkMethod.java:47)
	at org.junit.internal.runners.model.ReflectiveCallable.run(ReflectiveCallable.java:12)
	at org.junit.runners.model.FrameworkMethod.invokeExplosively(FrameworkMethod.java:44)
	at org.junit.internal.runners.statements.InvokeMethod.evaluate(InvokeMethod.java:17)
	at org.junit.internal.runners.statements.FailOnTimeout$StatementThread.run(FailOnTimeout.java:74)
--- com.google.javascript.jscomp.PeepholeSubstituteAlternateSyntax_ESTest::test011
java.lang.NullPointerException
	at com.google.javascript.jscomp.ControlFlowAnalysis.getExceptionHandler(ControlFlowAnalysis.java:973)
	at com.google.javascript.jscomp.PeepholeSubstituteAlternateSyntax.getExceptionHandler(PeepholeSubstituteAlternateSyntax.java:592)
	at com.google.javascript.jscomp.PeepholeSubstituteAlternateSyntax.areMatchingExits(PeepholeSubstituteAlternateSyntax.java:577)
	at com.google.javascript.jscomp.PeepholeSubstituteAlternateSyntax_ESTest.test011(PeepholeSubstituteAlternateSyntax_ESTest.java:33)
	at sun.reflect.NativeMethodAccessorImpl.invoke0(Native Method)
	at sun.reflect.NativeMethodAccessorImpl.invoke(NativeMethodAccessorImpl.java:62)
	at sun.reflect.DelegatingMethodAccessorImpl.invoke(DelegatingMethodAccessorImpl.java:43)
	at java.lang.reflect.Method.invoke(Method.java:498)
	at org.junit.runners.model.FrameworkMethod$1.runReflectiveCall(FrameworkMethod.java:47)
	at org.junit.internal.runners.model.ReflectiveCallable.run(ReflectiveCallable.java:12)
	at org.junit.runners.model.FrameworkMethod.invokeExplosively(FrameworkMethod.java:44)
	at org.junit.internal.runners.statements.InvokeMethod.evaluate(InvokeMethod.java:17)
	at org.junit.internal.runners.statements.FailOnTimeout$StatementThread.run(FailOnTimeout.java:74)
--- com.google.javascript.jscomp.PeepholeSubstituteAlternateSyntax_ESTest::test033
org.evosuite.runtime.mock.java.lang.MockNullPointerException
	at com.google.common.base.Preconditions.checkNotNull(Preconditions.java:191)
	at com.google.javascript.jscomp.AbstractPeepholeOptimization.reportCodeChange(AbstractPeepholeOptimization.java:62)
	at com.google.javascript.jscomp.PeepholeSubstituteAlternateSyntax.maybeReplaceChildWithNumber(PeepholeSubstituteAlternateSyntax.java:1321)
	at com.google.javascript.jscomp.PeepholeSubstituteAlternateSyntax.tryMinimizeCondition(PeepholeSubstituteAlternateSyntax.java:1304)
	at com.google.javascript.jscomp.PeepholeSubstituteAlternateSyntax.optimizeSubtree(PeepholeSubstituteAlternateSyntax.java:106)
	at com.google.javascript.jscomp.PeepholeSubstituteAlternateSyntax_ESTest.test033(PeepholeSubstituteAlternateSyntax_ESTest.java:48)
	at sun.reflect.NativeMethodAccessorImpl.invoke0(Native Method)
	at sun.reflect.NativeMethodAccessorImpl.invoke(NativeMethodAccessorImpl.java:62)
	at sun.reflect.DelegatingMethodAccessorImpl.invoke(DelegatingMethodAccessorImpl.java:43)
	at java.lang.reflect.Method.invoke(Method.java:498)
	at org.junit.runners.model.FrameworkMethod$1.runReflectiveCall(FrameworkMethod.java:47)
	at org.junit.internal.runners.model.ReflectiveCallable.run(ReflectiveCallable.java:12)
	at org.junit.runners.model.FrameworkMethod.invokeExplosively(FrameworkMethod.java:44)
	at org.junit.internal.runners.statements.InvokeMethod.evaluate(InvokeMethod.java:17)
	at org.junit.internal.runners.statements.FailOnTimeout$StatementThread.run(FailOnTimeout.java:74)
--- com.google.javascript.jscomp.PeepholeSubstituteAlternateSyntax_ESTest::test055
junit.framework.AssertionFailedError
	at org.junit.Assert.fail(Assert.java:86)
	at org.junit.Assert.assertTrue(Assert.java:41)
	at org.junit.Assert.assertTrue(Assert.java:52)
	at com.google.javascript.jscomp.PeepholeSubstituteAlternateSyntax_ESTest.test055(PeepholeSubstituteAlternateSyntax_ESTest.java:64)
	at sun.reflect.NativeMethodAccessorImpl.invoke0(Native Method)
	at sun.reflect.NativeMethodAccessorImpl.invoke(NativeMethodAccessorImpl.java:62)
	at sun.reflect.DelegatingMethodAccessorImpl.invoke(DelegatingMethodAccessorImpl.java:43)
	at java.lang.reflect.Method.invoke(Method.java:498)
	at org.junit.runners.model.FrameworkMethod$1.runReflectiveCall(FrameworkMethod.java:47)
	at org.junit.internal.runners.model.ReflectiveCallable.run(ReflectiveCallable.java:12)
	at org.junit.runners.model.FrameworkMethod.invokeExplosively(FrameworkMethod.java:44)
	at org.junit.internal.runners.statements.InvokeMethod.evaluate(InvokeMethod.java:17)
	at org.junit.internal.runners.statements.FailOnTimeout$StatementThread.run(FailOnTimeout.java:74)
--- com.google.javascript.jscomp.PeepholeSubstituteAlternateSyntax_ESTest::test077
junit.framework.AssertionFailedError
	at org.junit.Assert.fail(Assert.java:86)
	at org.junit.Assert.assertTrue(Assert.java:41)
	at org.junit.Assert.assertTrue(Assert.java:52)
	at com.google.javascript.jscomp.PeepholeSubstituteAlternateSyntax_ESTest.test077(PeepholeSubstituteAlternateSyntax_ESTest.java:80)
	at sun.reflect.NativeMethodAccessorImpl.invoke0(Native Method)
	at sun.reflect.NativeMethodAccessorImpl.invoke(NativeMethodAccessorImpl.java:62)
	at sun.reflect.DelegatingMethodAccessorImpl.invoke(DelegatingMethodAccessorImpl.java:43)
	at java.lang.reflect.Method.invoke(Method.java:498)
	at org.junit.runners.model.FrameworkMethod$1.runReflectiveCall(FrameworkMethod.java:47)
	at org.junit.internal.runners.model.ReflectiveCallable.run(ReflectiveCallable.java:12)
	at org.junit.runners.model.FrameworkMethod.invokeExplosively(FrameworkMethod.java:44)
	at org.junit.internal.runners.statements.InvokeMethod.evaluate(InvokeMethod.java:17)
	at org.junit.internal.runners.statements.FailOnTimeout$StatementThread.run(FailOnTimeout.java:74)
--- com.google.javascript.jscomp.PeepholeSubstituteAlternateSyntax_ESTest::test099
java.lang.NullPointerException
	at com.google.javascript.jscomp.PeepholeSubstituteAlternateSyntax.tryMinimizeIf(PeepholeSubstituteAlternateSyntax.java:650)
	at com.google.javascript.jscomp.PeepholeSubstituteAlternateSyntax.optimizeSubtree(PeepholeSubstituteAlternateSyntax.java:111)
	at com.google.javascript.jscomp.PeepholeSubstituteAlternateSyntax_ESTest.test099(PeepholeSubstituteAlternateSyntax_ESTest.java:97)
	at sun.reflect.NativeMethodAccessorImpl.invoke0(Native Method)
	at sun.reflect.NativeMethodAccessorImpl.invoke(NativeMethodAccessorImpl.java:62)
	at sun.reflect.DelegatingMethodAccessorImpl.invoke(DelegatingMethodAccessorImpl.java:43)
	at java.lang.reflect.Method.invoke(Method.java:498)
	at org.junit.runners.model.FrameworkMethod$1.runReflectiveCall(FrameworkMethod.java:47)
	at org.junit.internal.runners.model.ReflectiveCallable.run(ReflectiveCallable.java:12)
	at org.junit.runners.model.FrameworkMethod.invokeExplosively(FrameworkMethod.java:44)
	at org.junit.internal.runners.statements.InvokeMethod.evaluate(InvokeMethod.java:17)
	at org.junit.internal.runners.statements.FailOnTimeout$StatementThread.run(FailOnTimeout.java:74)
--- com.google.javascript.jscomp.PeepholeSubstituteAlternateSyntax_ESTest::test1616
org.evosuite.runtime.mock.java.lang.MockIllegalArgumentException: malformed 'for' statement FOR 115
	at com.google.javascript.jscomp.NodeUtil.getConditionExpression(NodeUtil.java:1734)
	at com.google.javascript.jscomp.PeepholeSubstituteAlternateSyntax.optimizeSubtree(PeepholeSubstituteAlternateSyntax.java:129)
	at com.google.javascript.jscomp.PeepholeSubstituteAlternateSyntax_ESTest.test1616(PeepholeSubstituteAlternateSyntax_ESTest.java:155)
	at sun.reflect.NativeMethodAccessorImpl.invoke0(Native Method)
	at sun.reflect.NativeMethodAccessorImpl.invoke(NativeMethodAccessorImpl.java:62)
	at sun.reflect.DelegatingMethodAccessorImpl.invoke(DelegatingMethodAccessorImpl.java:43)
	at java.lang.reflect.Method.invoke(Method.java:498)
	at org.junit.runners.model.FrameworkMethod$1.runReflectiveCall(FrameworkMethod.java:47)
	at org.junit.internal.runners.model.ReflectiveCallable.run(ReflectiveCallable.java:12)
	at org.junit.runners.model.FrameworkMethod.invokeExplosively(FrameworkMethod.java:44)
	at org.junit.internal.runners.statements.InvokeMethod.evaluate(InvokeMethod.java:17)
	at org.junit.internal.runners.statements.FailOnTimeout$StatementThread.run(FailOnTimeout.java:74)
--- com.google.javascript.jscomp.PeepholeSubstituteAlternateSyntax_ESTest::test3739
java.lang.NullPointerException
	at com.google.javascript.jscomp.PeepholeSubstituteAlternateSyntax.tryMinimizeCondition(PeepholeSubstituteAlternateSyntax.java:1252)
	at com.google.javascript.jscomp.PeepholeSubstituteAlternateSyntax.optimizeSubtree(PeepholeSubstituteAlternateSyntax.java:118)
	at com.google.javascript.jscomp.PeepholeSubstituteAlternateSyntax_ESTest.test3739(PeepholeSubstituteAlternateSyntax_ESTest.java:353)
	at sun.reflect.NativeMethodAccessorImpl.invoke0(Native Method)
	at sun.reflect.NativeMethodAccessorImpl.invoke(NativeMethodAccessorImpl.java:62)
	at sun.reflect.DelegatingMethodAccessorImpl.invoke(DelegatingMethodAccessorImpl.java:43)
	at java.lang.reflect.Method.invoke(Method.java:498)
	at org.junit.runners.model.FrameworkMethod$1.runReflectiveCall(FrameworkMethod.java:47)
	at org.junit.internal.runners.model.ReflectiveCallable.run(ReflectiveCallable.java:12)
	at org.junit.runners.model.FrameworkMethod.invokeExplosively(FrameworkMethod.java:44)
	at org.junit.internal.runners.statements.InvokeMethod.evaluate(InvokeMethod.java:17)
	at org.junit.internal.runners.statements.FailOnTimeout$StatementThread.run(FailOnTimeout.java:74)
--- com.google.javascript.jscomp.PeepholeSubstituteAlternateSyntax_ESTest::test1717
org.evosuite.runtime.mock.java.lang.MockIllegalArgumentException: malformed 'for' statement FOR 52
	at com.google.javascript.jscomp.NodeUtil.getConditionExpression(NodeUtil.java:1734)
	at com.google.javascript.jscomp.PeepholeSubstituteAlternateSyntax.optimizeSubtree(PeepholeSubstituteAlternateSyntax.java:129)
	at com.google.javascript.jscomp.PeepholeSubstituteAlternateSyntax_ESTest.test1717(PeepholeSubstituteAlternateSyntax_ESTest.java:163)
	at sun.reflect.NativeMethodAccessorImpl.invoke0(Native Method)
	at sun.reflect.NativeMethodAccessorImpl.invoke(NativeMethodAccessorImpl.java:62)
	at sun.reflect.DelegatingMethodAccessorImpl.invoke(DelegatingMethodAccessorImpl.java:43)
	at java.lang.reflect.Method.invoke(Method.java:498)
	at org.junit.runners.model.FrameworkMethod$1.runReflectiveCall(FrameworkMethod.java:47)
	at org.junit.internal.runners.model.ReflectiveCallable.run(ReflectiveCallable.java:12)
	at org.junit.runners.model.FrameworkMethod.invokeExplosively(FrameworkMethod.java:44)
	at org.junit.internal.runners.statements.InvokeMethod.evaluate(InvokeMethod.java:17)
	at org.junit.internal.runners.statements.FailOnTimeout$StatementThread.run(FailOnTimeout.java:74)
--- com.google.javascript.jscomp.PeepholeSubstituteAlternateSyntax_ESTest::test1414
junit.framework.AssertionFailedError
	at org.junit.Assert.fail(Assert.java:86)
	at org.junit.Assert.assertTrue(Assert.java:41)
	at org.junit.Assert.assertTrue(Assert.java:52)
	at com.google.javascript.jscomp.PeepholeSubstituteAlternateSyntax_ESTest.test1414(PeepholeSubstituteAlternateSyntax_ESTest.java:138)
	at sun.reflect.NativeMethodAccessorImpl.invoke0(Native Method)
	at sun.reflect.NativeMethodAccessorImpl.invoke(NativeMethodAccessorImpl.java:62)
	at sun.reflect.DelegatingMethodAccessorImpl.invoke(DelegatingMethodAccessorImpl.java:43)
	at java.lang.reflect.Method.invoke(Method.java:498)
	at org.junit.runners.model.FrameworkMethod$1.runReflectiveCall(FrameworkMethod.java:47)
	at org.junit.internal.runners.model.ReflectiveCallable.run(ReflectiveCallable.java:12)
	at org.junit.runners.model.FrameworkMethod.invokeExplosively(FrameworkMethod.java:44)
	at org.junit.internal.runners.statements.InvokeMethod.evaluate(InvokeMethod.java:17)
	at org.junit.internal.runners.statements.FailOnTimeout$StatementThread.run(FailOnTimeout.java:74)
--- com.google.javascript.jscomp.PeepholeSubstituteAlternateSyntax_ESTest::test2526
junit.framework.AssertionFailedError
	at org.junit.Assert.fail(Assert.java:86)
	at org.junit.Assert.assertTrue(Assert.java:41)
	at org.junit.Assert.assertTrue(Assert.java:52)
	at com.google.javascript.jscomp.PeepholeSubstituteAlternateSyntax_ESTest.test2526(PeepholeSubstituteAlternateSyntax_ESTest.java:241)
	at sun.reflect.NativeMethodAccessorImpl.invoke0(Native Method)
	at sun.reflect.NativeMethodAccessorImpl.invoke(NativeMethodAccessorImpl.java:62)
	at sun.reflect.DelegatingMethodAccessorImpl.invoke(DelegatingMethodAccessorImpl.java:43)
	at java.lang.reflect.Method.invoke(Method.java:498)
	at org.junit.runners.model.FrameworkMethod$1.runReflectiveCall(FrameworkMethod.java:47)
	at org.junit.internal.runners.model.ReflectiveCallable.run(ReflectiveCallable.java:12)
	at org.junit.runners.model.FrameworkMethod.invokeExplosively(FrameworkMethod.java:44)
	at org.junit.internal.runners.statements.InvokeMethod.evaluate(InvokeMethod.java:17)
	at org.junit.internal.runners.statements.FailOnTimeout$StatementThread.run(FailOnTimeout.java:74)
--- com.google.javascript.jscomp.PeepholeSubstituteAlternateSyntax_ESTest::test1515
java.lang.NullPointerException
	at com.google.javascript.jscomp.Compiler.getCodingConvention(Compiler.java:2005)
	at com.google.javascript.jscomp.AbstractPeepholeOptimization.getCodingConvention(AbstractPeepholeOptimization.java:147)
	at com.google.javascript.jscomp.PeepholeSubstituteAlternateSyntax.tryFoldImmediateCallToBoundFunction(PeepholeSubstituteAlternateSyntax.java:240)
	at com.google.javascript.jscomp.PeepholeSubstituteAlternateSyntax.optimizeSubtree(PeepholeSubstituteAlternateSyntax.java:149)
	at com.google.javascript.jscomp.PeepholeSubstituteAlternateSyntax_ESTest.test1515(PeepholeSubstituteAlternateSyntax_ESTest.java:148)
	at sun.reflect.NativeMethodAccessorImpl.invoke0(Native Method)
	at sun.reflect.NativeMethodAccessorImpl.invoke(NativeMethodAccessorImpl.java:62)
	at sun.reflect.DelegatingMethodAccessorImpl.invoke(DelegatingMethodAccessorImpl.java:43)
	at java.lang.reflect.Method.invoke(Method.java:498)
	at org.junit.runners.model.FrameworkMethod$1.runReflectiveCall(FrameworkMethod.java:47)
	at org.junit.internal.runners.model.ReflectiveCallable.run(ReflectiveCallable.java:12)
	at org.junit.runners.model.FrameworkMethod.invokeExplosively(FrameworkMethod.java:44)
	at org.junit.internal.runners.statements.InvokeMethod.evaluate(InvokeMethod.java:17)
	at org.junit.internal.runners.statements.FailOnTimeout$StatementThread.run(FailOnTimeout.java:74)
--- com.google.javascript.jscomp.PeepholeSubstituteAlternateSyntax_ESTest::test3638
java.lang.NullPointerException
	at com.google.javascript.jscomp.PeepholeSubstituteAlternateSyntax.tryMinimizeCondition(PeepholeSubstituteAlternateSyntax.java:1135)
	at com.google.javascript.jscomp.PeepholeSubstituteAlternateSyntax.optimizeSubtree(PeepholeSubstituteAlternateSyntax.java:106)
	at com.google.javascript.jscomp.PeepholeSubstituteAlternateSyntax_ESTest.test3638(PeepholeSubstituteAlternateSyntax_ESTest.java:345)
	at sun.reflect.NativeMethodAccessorImpl.invoke0(Native Method)
	at sun.reflect.NativeMethodAccessorImpl.invoke(NativeMethodAccessorImpl.java:62)
	at sun.reflect.DelegatingMethodAccessorImpl.invoke(DelegatingMethodAccessorImpl.java:43)
	at java.lang.reflect.Method.invoke(Method.java:498)
	at org.junit.runners.model.FrameworkMethod$1.runReflectiveCall(FrameworkMethod.java:47)
	at org.junit.internal.runners.model.ReflectiveCallable.run(ReflectiveCallable.java:12)
	at org.junit.runners.model.FrameworkMethod.invokeExplosively(FrameworkMethod.java:44)
	at org.junit.internal.runners.statements.InvokeMethod.evaluate(InvokeMethod.java:17)
	at org.junit.internal.runners.statements.FailOnTimeout$StatementThread.run(FailOnTimeout.java:74)
--- com.google.javascript.jscomp.PeepholeSubstituteAlternateSyntax_ESTest::test1212
java.lang.NullPointerException
	at com.google.javascript.jscomp.PeepholeSubstituteAlternateSyntax.tryMinimizeCondition(PeepholeSubstituteAlternateSyntax.java:1130)
	at com.google.javascript.jscomp.PeepholeSubstituteAlternateSyntax.optimizeSubtree(PeepholeSubstituteAlternateSyntax.java:114)
	at com.google.javascript.jscomp.PeepholeSubstituteAlternateSyntax_ESTest.test1212(PeepholeSubstituteAlternateSyntax_ESTest.java:118)
	at sun.reflect.NativeMethodAccessorImpl.invoke0(Native Method)
	at sun.reflect.NativeMethodAccessorImpl.invoke(NativeMethodAccessorImpl.java:62)
	at sun.reflect.DelegatingMethodAccessorImpl.invoke(DelegatingMethodAccessorImpl.java:43)
	at java.lang.reflect.Method.invoke(Method.java:498)
	at org.junit.runners.model.FrameworkMethod$1.runReflectiveCall(FrameworkMethod.java:47)
	at org.junit.internal.runners.model.ReflectiveCallable.run(ReflectiveCallable.java:12)
	at org.junit.runners.model.FrameworkMethod.invokeExplosively(FrameworkMethod.java:44)
	at org.junit.internal.runners.statements.InvokeMethod.evaluate(InvokeMethod.java:17)
	at org.junit.internal.runners.statements.FailOnTimeout$StatementThread.run(FailOnTimeout.java:74)
--- com.google.javascript.jscomp.PeepholeSubstituteAlternateSyntax_ESTest::test2324
java.lang.NullPointerException
	at com.google.javascript.jscomp.ControlFlowAnalysis.isBreakStructure(ControlFlowAnalysis.java:937)
	at com.google.javascript.jscomp.ControlFlowAnalysis.isBreakTarget(ControlFlowAnalysis.java:878)
	at com.google.javascript.jscomp.PeepholeSubstituteAlternateSyntax.tryReplaceExitWithBreak(PeepholeSubstituteAlternateSyntax.java:460)
	at com.google.javascript.jscomp.PeepholeSubstituteAlternateSyntax.optimizeSubtree(PeepholeSubstituteAlternateSyntax.java:87)
	at com.google.javascript.jscomp.PeepholeSubstituteAlternateSyntax_ESTest.test2324(PeepholeSubstituteAlternateSyntax_ESTest.java:226)
	at sun.reflect.NativeMethodAccessorImpl.invoke0(Native Method)
	at sun.reflect.NativeMethodAccessorImpl.invoke(NativeMethodAccessorImpl.java:62)
	at sun.reflect.DelegatingMethodAccessorImpl.invoke(DelegatingMethodAccessorImpl.java:43)
	at java.lang.reflect.Method.invoke(Method.java:498)
	at org.junit.runners.model.FrameworkMethod$1.runReflectiveCall(FrameworkMethod.java:47)
	at org.junit.internal.runners.model.ReflectiveCallable.run(ReflectiveCallable.java:12)
	at org.junit.runners.model.FrameworkMethod.invokeExplosively(FrameworkMethod.java:44)
	at org.junit.internal.runners.statements.InvokeMethod.evaluate(InvokeMethod.java:17)
	at org.junit.internal.runners.statements.FailOnTimeout$StatementThread.run(FailOnTimeout.java:74)
--- com.google.javascript.jscomp.PeepholeSubstituteAlternateSyntax_ESTest::test3435
junit.framework.AssertionFailedError: expected:<0> but was:<40>
	at org.junit.Assert.fail(Assert.java:88)
	at org.junit.Assert.failNotEquals(Assert.java:743)
	at org.junit.Assert.assertEquals(Assert.java:118)
	at org.junit.Assert.assertEquals(Assert.java:555)
	at org.junit.Assert.assertEquals(Assert.java:542)
	at com.google.javascript.jscomp.PeepholeSubstituteAlternateSyntax_ESTest.test3435(PeepholeSubstituteAlternateSyntax_ESTest.java:318)
	at sun.reflect.NativeMethodAccessorImpl.invoke0(Native Method)
	at sun.reflect.NativeMethodAccessorImpl.invoke(NativeMethodAccessorImpl.java:62)
	at sun.reflect.DelegatingMethodAccessorImpl.invoke(DelegatingMethodAccessorImpl.java:43)
	at java.lang.reflect.Method.invoke(Method.java:498)
	at org.junit.runners.model.FrameworkMethod$1.runReflectiveCall(FrameworkMethod.java:47)
	at org.junit.internal.runners.model.ReflectiveCallable.run(ReflectiveCallable.java:12)
	at org.junit.runners.model.FrameworkMethod.invokeExplosively(FrameworkMethod.java:44)
	at org.junit.internal.runners.statements.InvokeMethod.evaluate(InvokeMethod.java:17)
	at org.junit.internal.runners.statements.FailOnTimeout$StatementThread.run(FailOnTimeout.java:74)
--- com.google.javascript.jscomp.PeepholeSubstituteAlternateSyntax_ESTest::test1313
java.lang.NullPointerException
	at com.google.javascript.jscomp.ControlFlowAnalysis.isBreakStructure(ControlFlowAnalysis.java:937)
	at com.google.javascript.jscomp.ControlFlowAnalysis.isBreakTarget(ControlFlowAnalysis.java:878)
	at com.google.javascript.jscomp.PeepholeSubstituteAlternateSyntax.tryReplaceExitWithBreak(PeepholeSubstituteAlternateSyntax.java:460)
	at com.google.javascript.jscomp.PeepholeSubstituteAlternateSyntax.optimizeSubtree(PeepholeSubstituteAlternateSyntax.java:87)
	at com.google.javascript.jscomp.PeepholeSubstituteAlternateSyntax_ESTest.test1313(PeepholeSubstituteAlternateSyntax_ESTest.java:127)
	at sun.reflect.NativeMethodAccessorImpl.invoke0(Native Method)
	at sun.reflect.NativeMethodAccessorImpl.invoke(NativeMethodAccessorImpl.java:62)
	at sun.reflect.DelegatingMethodAccessorImpl.invoke(DelegatingMethodAccessorImpl.java:43)
	at java.lang.reflect.Method.invoke(Method.java:498)
	at org.junit.runners.model.FrameworkMethod$1.runReflectiveCall(FrameworkMethod.java:47)
	at org.junit.internal.runners.model.ReflectiveCallable.run(ReflectiveCallable.java:12)
	at org.junit.runners.model.FrameworkMethod.invokeExplosively(FrameworkMethod.java:44)
	at org.junit.internal.runners.statements.InvokeMethod.evaluate(InvokeMethod.java:17)
	at org.junit.internal.runners.statements.FailOnTimeout$StatementThread.run(FailOnTimeout.java:74)
--- com.google.javascript.jscomp.PeepholeSubstituteAlternateSyntax_ESTest::test1010
java.lang.NullPointerException
	at com.google.javascript.jscomp.PeepholeSubstituteAlternateSyntax.tryMinimizeCondition(PeepholeSubstituteAlternateSyntax.java:1130)
	at com.google.javascript.jscomp.PeepholeSubstituteAlternateSyntax.optimizeSubtree(PeepholeSubstituteAlternateSyntax.java:123)
	at com.google.javascript.jscomp.PeepholeSubstituteAlternateSyntax_ESTest.test1010(PeepholeSubstituteAlternateSyntax_ESTest.java:104)
	at sun.reflect.NativeMethodAccessorImpl.invoke0(Native Method)
	at sun.reflect.NativeMethodAccessorImpl.invoke(NativeMethodAccessorImpl.java:62)
	at sun.reflect.DelegatingMethodAccessorImpl.invoke(DelegatingMethodAccessorImpl.java:43)
	at java.lang.reflect.Method.invoke(Method.java:498)
	at org.junit.runners.model.FrameworkMethod$1.runReflectiveCall(FrameworkMethod.java:47)
	at org.junit.internal.runners.model.ReflectiveCallable.run(ReflectiveCallable.java:12)
	at org.junit.runners.model.FrameworkMethod.invokeExplosively(FrameworkMethod.java:44)
	at org.junit.internal.runners.statements.InvokeMethod.evaluate(InvokeMethod.java:17)
	at org.junit.internal.runners.statements.FailOnTimeout$StatementThread.run(FailOnTimeout.java:74)
--- com.google.javascript.jscomp.PeepholeSubstituteAlternateSyntax_ESTest::test2122
junit.framework.AssertionFailedError: expected:<0> but was:<125>
	at org.junit.Assert.fail(Assert.java:88)
	at org.junit.Assert.failNotEquals(Assert.java:743)
	at org.junit.Assert.assertEquals(Assert.java:118)
	at org.junit.Assert.assertEquals(Assert.java:555)
	at org.junit.Assert.assertEquals(Assert.java:542)
	at com.google.javascript.jscomp.PeepholeSubstituteAlternateSyntax_ESTest.test2122(PeepholeSubstituteAlternateSyntax_ESTest.java:207)
	at sun.reflect.NativeMethodAccessorImpl.invoke0(Native Method)
	at sun.reflect.NativeMethodAccessorImpl.invoke(NativeMethodAccessorImpl.java:62)
	at sun.reflect.DelegatingMethodAccessorImpl.invoke(DelegatingMethodAccessorImpl.java:43)
	at java.lang.reflect.Method.invoke(Method.java:498)
	at org.junit.runners.model.FrameworkMethod$1.runReflectiveCall(FrameworkMethod.java:47)
	at org.junit.internal.runners.model.ReflectiveCallable.run(ReflectiveCallable.java:12)
	at org.junit.runners.model.FrameworkMethod.invokeExplosively(FrameworkMethod.java:44)
	at org.junit.internal.runners.statements.InvokeMethod.evaluate(InvokeMethod.java:17)
	at org.junit.internal.runners.statements.FailOnTimeout$StatementThread.run(FailOnTimeout.java:74)
--- com.google.javascript.jscomp.PeepholeSubstituteAlternateSyntax_ESTest::test3232
java.lang.NullPointerException
	at com.google.javascript.jscomp.PeepholeSubstituteAlternateSyntax.tryMinimizeNot(PeepholeSubstituteAlternateSyntax.java:625)
	at com.google.javascript.jscomp.PeepholeSubstituteAlternateSyntax.optimizeSubtree(PeepholeSubstituteAlternateSyntax.java:107)
	at com.google.javascript.jscomp.PeepholeSubstituteAlternateSyntax_ESTest.test3232(PeepholeSubstituteAlternateSyntax_ESTest.java:291)
	at sun.reflect.NativeMethodAccessorImpl.invoke0(Native Method)
	at sun.reflect.NativeMethodAccessorImpl.invoke(NativeMethodAccessorImpl.java:62)
	at sun.reflect.DelegatingMethodAccessorImpl.invoke(DelegatingMethodAccessorImpl.java:43)
	at java.lang.reflect.Method.invoke(Method.java:498)
	at org.junit.runners.model.FrameworkMethod$1.runReflectiveCall(FrameworkMethod.java:47)
	at org.junit.internal.runners.model.ReflectiveCallable.run(ReflectiveCallable.java:12)
	at org.junit.runners.model.FrameworkMethod.invokeExplosively(FrameworkMethod.java:44)
	at org.junit.internal.runners.statements.InvokeMethod.evaluate(InvokeMethod.java:17)
	at org.junit.internal.runners.statements.FailOnTimeout$StatementThread.run(FailOnTimeout.java:74)
--- com.google.javascript.jscomp.PeepholeSubstituteAlternateSyntax_ESTest::test1111
java.lang.NullPointerException
	at com.google.javascript.jscomp.PeepholeSubstituteAlternateSyntax.tryMinimizeCondition(PeepholeSubstituteAlternateSyntax.java:1130)
	at com.google.javascript.jscomp.PeepholeSubstituteAlternateSyntax.optimizeSubtree(PeepholeSubstituteAlternateSyntax.java:123)
	at com.google.javascript.jscomp.PeepholeSubstituteAlternateSyntax_ESTest.test1111(PeepholeSubstituteAlternateSyntax_ESTest.java:111)
	at sun.reflect.NativeMethodAccessorImpl.invoke0(Native Method)
	at sun.reflect.NativeMethodAccessorImpl.invoke(NativeMethodAccessorImpl.java:62)
	at sun.reflect.DelegatingMethodAccessorImpl.invoke(DelegatingMethodAccessorImpl.java:43)
	at java.lang.reflect.Method.invoke(Method.java:498)
	at org.junit.runners.model.FrameworkMethod$1.runReflectiveCall(FrameworkMethod.java:47)
	at org.junit.internal.runners.model.ReflectiveCallable.run(ReflectiveCallable.java:12)
	at org.junit.runners.model.FrameworkMethod.invokeExplosively(FrameworkMethod.java:44)
	at org.junit.internal.runners.statements.InvokeMethod.evaluate(InvokeMethod.java:17)
	at org.junit.internal.runners.statements.FailOnTimeout$StatementThread.run(FailOnTimeout.java:74)
--- com.google.javascript.jscomp.PeepholeSubstituteAlternateSyntax_ESTest::test2223
junit.framework.AssertionFailedError
	at org.junit.Assert.fail(Assert.java:86)
	at org.junit.Assert.assertTrue(Assert.java:41)
	at org.junit.Assert.assertTrue(Assert.java:52)
	at com.google.javascript.jscomp.PeepholeSubstituteAlternateSyntax_ESTest.test2223(PeepholeSubstituteAlternateSyntax_ESTest.java:218)
	at sun.reflect.NativeMethodAccessorImpl.invoke0(Native Method)
	at sun.reflect.NativeMethodAccessorImpl.invoke(NativeMethodAccessorImpl.java:62)
	at sun.reflect.DelegatingMethodAccessorImpl.invoke(DelegatingMethodAccessorImpl.java:43)
	at java.lang.reflect.Method.invoke(Method.java:498)
	at org.junit.runners.model.FrameworkMethod$1.runReflectiveCall(FrameworkMethod.java:47)
	at org.junit.internal.runners.model.ReflectiveCallable.run(ReflectiveCallable.java:12)
	at org.junit.runners.model.FrameworkMethod.invokeExplosively(FrameworkMethod.java:44)
	at org.junit.internal.runners.statements.InvokeMethod.evaluate(InvokeMethod.java:17)
	at org.junit.internal.runners.statements.FailOnTimeout$StatementThread.run(FailOnTimeout.java:74)
--- com.google.javascript.jscomp.PeepholeSubstituteAlternateSyntax_ESTest::test3333
java.lang.NullPointerException
	at com.google.javascript.jscomp.PeepholeSubstituteAlternateSyntax.tryMinimizeNot(PeepholeSubstituteAlternateSyntax.java:625)
	at com.google.javascript.jscomp.PeepholeSubstituteAlternateSyntax.optimizeSubtree(PeepholeSubstituteAlternateSyntax.java:107)
	at com.google.javascript.jscomp.PeepholeSubstituteAlternateSyntax_ESTest.test3333(PeepholeSubstituteAlternateSyntax_ESTest.java:300)
	at sun.reflect.NativeMethodAccessorImpl.invoke0(Native Method)
	at sun.reflect.NativeMethodAccessorImpl.invoke(NativeMethodAccessorImpl.java:62)
	at sun.reflect.DelegatingMethodAccessorImpl.invoke(DelegatingMethodAccessorImpl.java:43)
	at java.lang.reflect.Method.invoke(Method.java:498)
	at org.junit.runners.model.FrameworkMethod$1.runReflectiveCall(FrameworkMethod.java:47)
	at org.junit.internal.runners.model.ReflectiveCallable.run(ReflectiveCallable.java:12)
	at org.junit.runners.model.FrameworkMethod.invokeExplosively(FrameworkMethod.java:44)
	at org.junit.internal.runners.statements.InvokeMethod.evaluate(InvokeMethod.java:17)
	at org.junit.internal.runners.statements.FailOnTimeout$StatementThread.run(FailOnTimeout.java:74)
--- com.google.javascript.jscomp.PeepholeSubstituteAlternateSyntax_ESTest::test1818
org.evosuite.runtime.mock.java.lang.MockIllegalArgumentException: malformed 'for' statement FOR 115
	at com.google.javascript.jscomp.NodeUtil.getConditionExpression(NodeUtil.java:1734)
	at com.google.javascript.jscomp.PeepholeSubstituteAlternateSyntax.optimizeSubtree(PeepholeSubstituteAlternateSyntax.java:129)
	at com.google.javascript.jscomp.PeepholeSubstituteAlternateSyntax_ESTest.test1818(PeepholeSubstituteAlternateSyntax_ESTest.java:171)
	at sun.reflect.NativeMethodAccessorImpl.invoke0(Native Method)
	at sun.reflect.NativeMethodAccessorImpl.invoke(NativeMethodAccessorImpl.java:62)
	at sun.reflect.DelegatingMethodAccessorImpl.invoke(DelegatingMethodAccessorImpl.java:43)
	at java.lang.reflect.Method.invoke(Method.java:498)
	at org.junit.runners.model.FrameworkMethod$1.runReflectiveCall(FrameworkMethod.java:47)
	at org.junit.internal.runners.model.ReflectiveCallable.run(ReflectiveCallable.java:12)
	at org.junit.runners.model.FrameworkMethod.invokeExplosively(FrameworkMethod.java:44)
	at org.junit.internal.runners.statements.InvokeMethod.evaluate(InvokeMethod.java:17)
	at org.junit.internal.runners.statements.FailOnTimeout$StatementThread.run(FailOnTimeout.java:74)
--- com.google.javascript.jscomp.PeepholeSubstituteAlternateSyntax_ESTest::test2929
org.evosuite.runtime.mock.java.lang.MockIllegalStateException
	at com.google.common.base.Preconditions.checkState(Preconditions.java:133)
	at com.google.javascript.jscomp.PeepholeSubstituteAlternateSyntax.isExceptionPossible(PeepholeSubstituteAlternateSyntax.java:584)
	at com.google.javascript.jscomp.PeepholeSubstituteAlternateSyntax.areMatchingExits(PeepholeSubstituteAlternateSyntax.java:577)
	at com.google.javascript.jscomp.PeepholeSubstituteAlternateSyntax_ESTest.test2929(PeepholeSubstituteAlternateSyntax_ESTest.java:265)
	at sun.reflect.NativeMethodAccessorImpl.invoke0(Native Method)
	at sun.reflect.NativeMethodAccessorImpl.invoke(NativeMethodAccessorImpl.java:62)
	at sun.reflect.DelegatingMethodAccessorImpl.invoke(DelegatingMethodAccessorImpl.java:43)
	at java.lang.reflect.Method.invoke(Method.java:498)
	at org.junit.runners.model.FrameworkMethod$1.runReflectiveCall(FrameworkMethod.java:47)
	at org.junit.internal.runners.model.ReflectiveCallable.run(ReflectiveCallable.java:12)
	at org.junit.runners.model.FrameworkMethod.invokeExplosively(FrameworkMethod.java:44)
	at org.junit.internal.runners.statements.InvokeMethod.evaluate(InvokeMethod.java:17)
	at org.junit.internal.runners.statements.FailOnTimeout$StatementThread.run(FailOnTimeout.java:74)
--- com.google.javascript.jscomp.PeepholeSubstituteAlternateSyntax_ESTest::test1919
java.lang.NullPointerException
	at com.google.javascript.jscomp.Compiler.getCodingConvention(Compiler.java:2005)
	at com.google.javascript.jscomp.AbstractPeepholeOptimization.getCodingConvention(AbstractPeepholeOptimization.java:147)
	at com.google.javascript.jscomp.PeepholeSubstituteAlternateSyntax.tryFoldImmediateCallToBoundFunction(PeepholeSubstituteAlternateSyntax.java:240)
	at com.google.javascript.jscomp.PeepholeSubstituteAlternateSyntax.optimizeSubtree(PeepholeSubstituteAlternateSyntax.java:149)
	at com.google.javascript.jscomp.PeepholeSubstituteAlternateSyntax_ESTest.test1919(PeepholeSubstituteAlternateSyntax_ESTest.java:180)
	at sun.reflect.NativeMethodAccessorImpl.invoke0(Native Method)
	at sun.reflect.NativeMethodAccessorImpl.invoke(NativeMethodAccessorImpl.java:62)
	at sun.reflect.DelegatingMethodAccessorImpl.invoke(DelegatingMethodAccessorImpl.java:43)
	at java.lang.reflect.Method.invoke(Method.java:498)
	at org.junit.runners.model.FrameworkMethod$1.runReflectiveCall(FrameworkMethod.java:47)
	at org.junit.internal.runners.model.ReflectiveCallable.run(ReflectiveCallable.java:12)
	at org.junit.runners.model.FrameworkMethod.invokeExplosively(FrameworkMethod.java:44)
	at org.junit.internal.runners.statements.InvokeMethod.evaluate(InvokeMethod.java:17)
	at org.junit.internal.runners.statements.FailOnTimeout$StatementThread.run(FailOnTimeout.java:74)
--- com.google.javascript.jscomp.PeepholeSubstituteAlternateSyntax_ESTest::test022
org.evosuite.runtime.mock.java.lang.MockIllegalStateException
	at com.google.common.base.Preconditions.checkState(Preconditions.java:133)
	at com.google.javascript.rhino.Node.detachFromParent(Node.java:1612)
	at com.google.javascript.jscomp.PeepholeSubstituteAlternateSyntax.tryRemoveRedundantExit(PeepholeSubstituteAlternateSyntax.java:542)
	at com.google.javascript.jscomp.PeepholeSubstituteAlternateSyntax.optimizeSubtree(PeepholeSubstituteAlternateSyntax.java:83)
	at com.google.javascript.jscomp.PeepholeSubstituteAlternateSyntax_ESTest.test022(PeepholeSubstituteAlternateSyntax_ESTest.java:40)
	at sun.reflect.NativeMethodAccessorImpl.invoke0(Native Method)
	at sun.reflect.NativeMethodAccessorImpl.invoke(NativeMethodAccessorImpl.java:62)
	at sun.reflect.DelegatingMethodAccessorImpl.invoke(DelegatingMethodAccessorImpl.java:43)
	at java.lang.reflect.Method.invoke(Method.java:498)
	at org.junit.runners.model.FrameworkMethod$1.runReflectiveCall(FrameworkMethod.java:47)
	at org.junit.internal.runners.model.ReflectiveCallable.run(ReflectiveCallable.java:12)
	at org.junit.runners.model.FrameworkMethod.invokeExplosively(FrameworkMethod.java:44)
	at org.junit.internal.runners.statements.InvokeMethod.evaluate(InvokeMethod.java:17)
	at org.junit.internal.runners.statements.FailOnTimeout$StatementThread.run(FailOnTimeout.java:74)
--- com.google.javascript.jscomp.PeepholeSubstituteAlternateSyntax_ESTest::test044
java.lang.NullPointerException
	at com.google.javascript.jscomp.PeepholeSubstituteAlternateSyntax.reduceTrueFalse(PeepholeSubstituteAlternateSyntax.java:1516)
	at com.google.javascript.jscomp.PeepholeSubstituteAlternateSyntax.optimizeSubtree(PeepholeSubstituteAlternateSyntax.java:135)
	at com.google.javascript.jscomp.PeepholeSubstituteAlternateSyntax_ESTest.test044(PeepholeSubstituteAlternateSyntax_ESTest.java:55)
	at sun.reflect.NativeMethodAccessorImpl.invoke0(Native Method)
	at sun.reflect.NativeMethodAccessorImpl.invoke(NativeMethodAccessorImpl.java:62)
	at sun.reflect.DelegatingMethodAccessorImpl.invoke(DelegatingMethodAccessorImpl.java:43)
	at java.lang.reflect.Method.invoke(Method.java:498)
	at org.junit.runners.model.FrameworkMethod$1.runReflectiveCall(FrameworkMethod.java:47)
	at org.junit.internal.runners.model.ReflectiveCallable.run(ReflectiveCallable.java:12)
	at org.junit.runners.model.FrameworkMethod.invokeExplosively(FrameworkMethod.java:44)
	at org.junit.internal.runners.statements.InvokeMethod.evaluate(InvokeMethod.java:17)
	at org.junit.internal.runners.statements.FailOnTimeout$StatementThread.run(FailOnTimeout.java:74)
--- com.google.javascript.jscomp.PeepholeSubstituteAlternateSyntax_ESTest::test066
java.lang.NullPointerException
	at com.google.javascript.jscomp.ControlFlowAnalysis.isBreakStructure(ControlFlowAnalysis.java:937)
	at com.google.javascript.jscomp.ControlFlowAnalysis.isBreakTarget(ControlFlowAnalysis.java:878)
	at com.google.javascript.jscomp.PeepholeSubstituteAlternateSyntax.tryReplaceExitWithBreak(PeepholeSubstituteAlternateSyntax.java:460)
	at com.google.javascript.jscomp.PeepholeSubstituteAlternateSyntax.optimizeSubtree(PeepholeSubstituteAlternateSyntax.java:99)
	at com.google.javascript.jscomp.PeepholeSubstituteAlternateSyntax_ESTest.test066(PeepholeSubstituteAlternateSyntax_ESTest.java:71)
	at sun.reflect.NativeMethodAccessorImpl.invoke0(Native Method)
	at sun.reflect.NativeMethodAccessorImpl.invoke(NativeMethodAccessorImpl.java:62)
	at sun.reflect.DelegatingMethodAccessorImpl.invoke(DelegatingMethodAccessorImpl.java:43)
	at java.lang.reflect.Method.invoke(Method.java:498)
	at org.junit.runners.model.FrameworkMethod$1.runReflectiveCall(FrameworkMethod.java:47)
	at org.junit.internal.runners.model.ReflectiveCallable.run(ReflectiveCallable.java:12)
	at org.junit.runners.model.FrameworkMethod.invokeExplosively(FrameworkMethod.java:44)
	at org.junit.internal.runners.statements.InvokeMethod.evaluate(InvokeMethod.java:17)
	at org.junit.internal.runners.statements.FailOnTimeout$StatementThread.run(FailOnTimeout.java:74)
--- com.google.javascript.jscomp.PeepholeSubstituteAlternateSyntax_ESTest::test088
junit.framework.AssertionFailedError
	at org.junit.Assert.fail(Assert.java:86)
	at org.junit.Assert.assertTrue(Assert.java:41)
	at org.junit.Assert.assertTrue(Assert.java:52)
	at com.google.javascript.jscomp.PeepholeSubstituteAlternateSyntax_ESTest.test088(PeepholeSubstituteAlternateSyntax_ESTest.java:89)
	at sun.reflect.NativeMethodAccessorImpl.invoke0(Native Method)
	at sun.reflect.NativeMethodAccessorImpl.invoke(NativeMethodAccessorImpl.java:62)
	at sun.reflect.DelegatingMethodAccessorImpl.invoke(DelegatingMethodAccessorImpl.java:43)
	at java.lang.reflect.Method.invoke(Method.java:498)
	at org.junit.runners.model.FrameworkMethod$1.runReflectiveCall(FrameworkMethod.java:47)
	at org.junit.internal.runners.model.ReflectiveCallable.run(ReflectiveCallable.java:12)
	at org.junit.runners.model.FrameworkMethod.invokeExplosively(FrameworkMethod.java:44)
	at org.junit.internal.runners.statements.InvokeMethod.evaluate(InvokeMethod.java:17)
	at org.junit.internal.runners.statements.FailOnTimeout$StatementThread.run(FailOnTimeout.java:74)
--- com.google.javascript.jscomp.PeepholeSubstituteAlternateSyntax_ESTest::test3840
java.lang.NullPointerException
	at com.google.javascript.jscomp.PeepholeSubstituteAlternateSyntax.reduceTrueFalse(PeepholeSubstituteAlternateSyntax.java:1516)
	at com.google.javascript.jscomp.PeepholeSubstituteAlternateSyntax.optimizeSubtree(PeepholeSubstituteAlternateSyntax.java:135)
	at com.google.javascript.jscomp.PeepholeSubstituteAlternateSyntax_ESTest.test3840(PeepholeSubstituteAlternateSyntax_ESTest.java:360)
	at sun.reflect.NativeMethodAccessorImpl.invoke0(Native Method)
	at sun.reflect.NativeMethodAccessorImpl.invoke(NativeMethodAccessorImpl.java:62)
	at sun.reflect.DelegatingMethodAccessorImpl.invoke(DelegatingMethodAccessorImpl.java:43)
	at java.lang.reflect.Method.invoke(Method.java:498)
	at org.junit.runners.model.FrameworkMethod$1.runReflectiveCall(FrameworkMethod.java:47)
	at org.junit.internal.runners.model.ReflectiveCallable.run(ReflectiveCallable.java:12)
	at org.junit.runners.model.FrameworkMethod.invokeExplosively(FrameworkMethod.java:44)
	at org.junit.internal.runners.statements.InvokeMethod.evaluate(InvokeMethod.java:17)
	at org.junit.internal.runners.statements.FailOnTimeout$StatementThread.run(FailOnTimeout.java:74)
