--- org.apache.commons.math.analysis.solvers.UnivariateRealSolverUtils_ESTest::test1717
org.apache.commons.math.MathRuntimeException$4: invalid bracketing parameters:  lower bound=770.902,  initial=-1, upper bound=0.5
	at org.apache.commons.math.MathRuntimeException.createIllegalArgumentException(MathRuntimeException.java:282)
	at org.apache.commons.math.analysis.solvers.UnivariateRealSolverUtils.bracket(UnivariateRealSolverUtils.java:178)
	at org.apache.commons.math.analysis.solvers.UnivariateRealSolverUtils_ESTest.test1717(UnivariateRealSolverUtils_ESTest.java:175)
	at sun.reflect.NativeMethodAccessorImpl.invoke0(Native Method)
	at sun.reflect.NativeMethodAccessorImpl.invoke(NativeMethodAccessorImpl.java:62)
	at sun.reflect.DelegatingMethodAccessorImpl.invoke(DelegatingMethodAccessorImpl.java:43)
	at java.lang.reflect.Method.invoke(Method.java:498)
	at org.junit.runners.model.FrameworkMethod$1.runReflectiveCall(FrameworkMethod.java:47)
	at org.junit.internal.runners.model.ReflectiveCallable.run(ReflectiveCallable.java:12)
	at org.junit.runners.model.FrameworkMethod.invokeExplosively(FrameworkMethod.java:44)
	at org.junit.internal.runners.statements.InvokeMethod.evaluate(InvokeMethod.java:17)
	at org.junit.internal.runners.statements.FailOnTimeout$StatementThread.run(FailOnTimeout.java:74)
--- org.apache.commons.math.analysis.solvers.UnivariateRealSolverUtils_ESTest::test011
org.apache.commons.math.FunctionEvaluationException: Abscissa 0 is duplicated at both indices 1 and 1
	at org.apache.commons.math.analysis.polynomials.PolynomialFunctionLagrangeForm.value(PolynomialFunctionLagrangeForm.java:88)
	at org.apache.commons.math.analysis.solvers.UnivariateRealSolverUtils.bracket(UnivariateRealSolverUtils.java:191)
	at org.apache.commons.math.analysis.solvers.UnivariateRealSolverUtils.bracket(UnivariateRealSolverUtils.java:127)
	at org.apache.commons.math.analysis.solvers.UnivariateRealSolverUtils_ESTest.test011(UnivariateRealSolverUtils_ESTest.java:32)
	at sun.reflect.NativeMethodAccessorImpl.invoke0(Native Method)
	at sun.reflect.NativeMethodAccessorImpl.invoke(NativeMethodAccessorImpl.java:62)
	at sun.reflect.DelegatingMethodAccessorImpl.invoke(DelegatingMethodAccessorImpl.java:43)
	at java.lang.reflect.Method.invoke(Method.java:498)
	at org.junit.runners.model.FrameworkMethod$1.runReflectiveCall(FrameworkMethod.java:47)
	at org.junit.internal.runners.model.ReflectiveCallable.run(ReflectiveCallable.java:12)
	at org.junit.runners.model.FrameworkMethod.invokeExplosively(FrameworkMethod.java:44)
	at org.junit.internal.runners.statements.InvokeMethod.evaluate(InvokeMethod.java:17)
	at org.junit.internal.runners.statements.FailOnTimeout$StatementThread.run(FailOnTimeout.java:74)
Caused by: org.apache.commons.math.DuplicateSampleAbscissaException: Abscissa 0 is duplicated at both indices 1 and 1
	at org.apache.commons.math.analysis.polynomials.PolynomialFunctionLagrangeForm.evaluate(PolynomialFunctionLagrangeForm.java:192)
	at org.apache.commons.math.analysis.polynomials.PolynomialFunctionLagrangeForm.value(PolynomialFunctionLagrangeForm.java:86)
	... 12 more
--- org.apache.commons.math.analysis.solvers.UnivariateRealSolverUtils_ESTest::test1616
org.apache.commons.math.ConvergenceException: number of iterations=1,746, maximum iterations=2,565, initial=-1,454, lower bound=-1,454, upper bound=291.997, final a value=-1,454, final b value=291.997, f(a)=-1,454, f(b)=-1,454
	at org.apache.commons.math.analysis.solvers.UnivariateRealSolverUtils.bracket(UnivariateRealSolverUtils.java:199)
	at org.apache.commons.math.analysis.solvers.UnivariateRealSolverUtils_ESTest.test1616(UnivariateRealSolverUtils_ESTest.java:168)
	at sun.reflect.NativeMethodAccessorImpl.invoke0(Native Method)
	at sun.reflect.NativeMethodAccessorImpl.invoke(NativeMethodAccessorImpl.java:62)
	at sun.reflect.DelegatingMethodAccessorImpl.invoke(DelegatingMethodAccessorImpl.java:43)
	at java.lang.reflect.Method.invoke(Method.java:498)
	at org.junit.runners.model.FrameworkMethod$1.runReflectiveCall(FrameworkMethod.java:47)
	at org.junit.internal.runners.model.ReflectiveCallable.run(ReflectiveCallable.java:12)
	at org.junit.runners.model.FrameworkMethod.invokeExplosively(FrameworkMethod.java:44)
	at org.junit.internal.runners.statements.InvokeMethod.evaluate(InvokeMethod.java:17)
	at org.junit.internal.runners.statements.FailOnTimeout$StatementThread.run(FailOnTimeout.java:74)
--- org.apache.commons.math.analysis.solvers.UnivariateRealSolverUtils_ESTest::test2626
org.apache.commons.math.FunctionEvaluationException: Abscissa 0 is duplicated at both indices 1 and 1
	at org.apache.commons.math.analysis.polynomials.PolynomialFunctionLagrangeForm.value(PolynomialFunctionLagrangeForm.java:88)
	at org.apache.commons.math.analysis.solvers.BrentSolver.solve(BrentSolver.java:163)
	at org.apache.commons.math.analysis.solvers.UnivariateRealSolverUtils.solve(UnivariateRealSolverUtils.java:80)
	at org.apache.commons.math.analysis.solvers.UnivariateRealSolverUtils_ESTest.test2626(UnivariateRealSolverUtils_ESTest.java:240)
	at sun.reflect.NativeMethodAccessorImpl.invoke0(Native Method)
	at sun.reflect.NativeMethodAccessorImpl.invoke(NativeMethodAccessorImpl.java:62)
	at sun.reflect.DelegatingMethodAccessorImpl.invoke(DelegatingMethodAccessorImpl.java:43)
	at java.lang.reflect.Method.invoke(Method.java:498)
	at org.junit.runners.model.FrameworkMethod$1.runReflectiveCall(FrameworkMethod.java:47)
	at org.junit.internal.runners.model.ReflectiveCallable.run(ReflectiveCallable.java:12)
	at org.junit.runners.model.FrameworkMethod.invokeExplosively(FrameworkMethod.java:44)
	at org.junit.internal.runners.statements.InvokeMethod.evaluate(InvokeMethod.java:17)
	at org.junit.internal.runners.statements.FailOnTimeout$StatementThread.run(FailOnTimeout.java:74)
Caused by: org.apache.commons.math.DuplicateSampleAbscissaException: Abscissa 0 is duplicated at both indices 1 and 1
	at org.apache.commons.math.analysis.polynomials.PolynomialFunctionLagrangeForm.evaluate(PolynomialFunctionLagrangeForm.java:192)
	at org.apache.commons.math.analysis.polynomials.PolynomialFunctionLagrangeForm.value(PolynomialFunctionLagrangeForm.java:86)
	... 12 more
--- org.apache.commons.math.analysis.solvers.UnivariateRealSolverUtils_ESTest::test2525
org.apache.commons.math.MathRuntimeException$4: bad value for maximum iterations number: -35
	at org.apache.commons.math.MathRuntimeException.createIllegalArgumentException(MathRuntimeException.java:282)
	at org.apache.commons.math.analysis.solvers.UnivariateRealSolverUtils.bracket(UnivariateRealSolverUtils.java:174)
	at org.apache.commons.math.analysis.solvers.UnivariateRealSolverUtils_ESTest.test2525(UnivariateRealSolverUtils_ESTest.java:233)
	at sun.reflect.NativeMethodAccessorImpl.invoke0(Native Method)
	at sun.reflect.NativeMethodAccessorImpl.invoke(NativeMethodAccessorImpl.java:62)
	at sun.reflect.DelegatingMethodAccessorImpl.invoke(DelegatingMethodAccessorImpl.java:43)
	at java.lang.reflect.Method.invoke(Method.java:498)
	at org.junit.runners.model.FrameworkMethod$1.runReflectiveCall(FrameworkMethod.java:47)
	at org.junit.internal.runners.model.ReflectiveCallable.run(ReflectiveCallable.java:12)
	at org.junit.runners.model.FrameworkMethod.invokeExplosively(FrameworkMethod.java:44)
	at org.junit.internal.runners.statements.InvokeMethod.evaluate(InvokeMethod.java:17)
	at org.junit.internal.runners.statements.FailOnTimeout$StatementThread.run(FailOnTimeout.java:74)
--- org.apache.commons.math.analysis.solvers.UnivariateRealSolverUtils_ESTest::test2424
org.apache.commons.math.MathRuntimeException$4: invalid bracketing parameters:  lower bound=-1,094.061,  initial=839.716, upper bound=-4,005.449
	at org.apache.commons.math.MathRuntimeException.createIllegalArgumentException(MathRuntimeException.java:282)
	at org.apache.commons.math.analysis.solvers.UnivariateRealSolverUtils.bracket(UnivariateRealSolverUtils.java:178)
	at org.apache.commons.math.analysis.solvers.UnivariateRealSolverUtils_ESTest.test2424(UnivariateRealSolverUtils_ESTest.java:226)
	at sun.reflect.NativeMethodAccessorImpl.invoke0(Native Method)
	at sun.reflect.NativeMethodAccessorImpl.invoke(NativeMethodAccessorImpl.java:62)
	at sun.reflect.DelegatingMethodAccessorImpl.invoke(DelegatingMethodAccessorImpl.java:43)
	at java.lang.reflect.Method.invoke(Method.java:498)
	at org.junit.runners.model.FrameworkMethod$1.runReflectiveCall(FrameworkMethod.java:47)
	at org.junit.internal.runners.model.ReflectiveCallable.run(ReflectiveCallable.java:12)
	at org.junit.runners.model.FrameworkMethod.invokeExplosively(FrameworkMethod.java:44)
	at org.junit.internal.runners.statements.InvokeMethod.evaluate(InvokeMethod.java:17)
	at org.junit.internal.runners.statements.FailOnTimeout$StatementThread.run(FailOnTimeout.java:74)
--- org.apache.commons.math.analysis.solvers.UnivariateRealSolverUtils_ESTest::test1313
org.apache.commons.math.FunctionEvaluationException: Abscissa 0 is duplicated at both indices 1 and 1
	at org.apache.commons.math.analysis.polynomials.PolynomialFunctionLagrangeForm.value(PolynomialFunctionLagrangeForm.java:88)
	at org.apache.commons.math.analysis.solvers.BrentSolver.solve(BrentSolver.java:163)
	at org.apache.commons.math.analysis.solvers.UnivariateRealSolverUtils.solve(UnivariateRealSolverUtils.java:54)
	at org.apache.commons.math.analysis.solvers.UnivariateRealSolverUtils_ESTest.test1313(UnivariateRealSolverUtils_ESTest.java:142)
	at sun.reflect.NativeMethodAccessorImpl.invoke0(Native Method)
	at sun.reflect.NativeMethodAccessorImpl.invoke(NativeMethodAccessorImpl.java:62)
	at sun.reflect.DelegatingMethodAccessorImpl.invoke(DelegatingMethodAccessorImpl.java:43)
	at java.lang.reflect.Method.invoke(Method.java:498)
	at org.junit.runners.model.FrameworkMethod$1.runReflectiveCall(FrameworkMethod.java:47)
	at org.junit.internal.runners.model.ReflectiveCallable.run(ReflectiveCallable.java:12)
	at org.junit.runners.model.FrameworkMethod.invokeExplosively(FrameworkMethod.java:44)
	at org.junit.internal.runners.statements.InvokeMethod.evaluate(InvokeMethod.java:17)
	at org.junit.internal.runners.statements.FailOnTimeout$StatementThread.run(FailOnTimeout.java:74)
Caused by: org.apache.commons.math.DuplicateSampleAbscissaException: Abscissa 0 is duplicated at both indices 1 and 1
	at org.apache.commons.math.analysis.polynomials.PolynomialFunctionLagrangeForm.evaluate(PolynomialFunctionLagrangeForm.java:192)
	at org.apache.commons.math.analysis.polynomials.PolynomialFunctionLagrangeForm.value(PolynomialFunctionLagrangeForm.java:86)
	... 12 more
--- org.apache.commons.math.analysis.solvers.UnivariateRealSolverUtils_ESTest::test2323
org.apache.commons.math.MathRuntimeException$4: invalid bracketing parameters:  lower bound=0,  initial=0, upper bound=0
	at org.apache.commons.math.MathRuntimeException.createIllegalArgumentException(MathRuntimeException.java:282)
	at org.apache.commons.math.analysis.solvers.UnivariateRealSolverUtils.bracket(UnivariateRealSolverUtils.java:178)
	at org.apache.commons.math.analysis.solvers.UnivariateRealSolverUtils.bracket(UnivariateRealSolverUtils.java:127)
	at org.apache.commons.math.analysis.solvers.UnivariateRealSolverUtils_ESTest.test2323(UnivariateRealSolverUtils_ESTest.java:219)
	at sun.reflect.NativeMethodAccessorImpl.invoke0(Native Method)
	at sun.reflect.NativeMethodAccessorImpl.invoke(NativeMethodAccessorImpl.java:62)
	at sun.reflect.DelegatingMethodAccessorImpl.invoke(DelegatingMethodAccessorImpl.java:43)
	at java.lang.reflect.Method.invoke(Method.java:498)
	at org.junit.runners.model.FrameworkMethod$1.runReflectiveCall(FrameworkMethod.java:47)
	at org.junit.internal.runners.model.ReflectiveCallable.run(ReflectiveCallable.java:12)
	at org.junit.runners.model.FrameworkMethod.invokeExplosively(FrameworkMethod.java:44)
	at org.junit.internal.runners.statements.InvokeMethod.evaluate(InvokeMethod.java:17)
	at org.junit.internal.runners.statements.FailOnTimeout$StatementThread.run(FailOnTimeout.java:74)
--- org.apache.commons.math.analysis.solvers.UnivariateRealSolverUtils_ESTest::test1212
org.apache.commons.math.ArgumentOutsideDomainException: Argument -2,054.524 outside domain [0 ; 1,161.553]
	at org.apache.commons.math.analysis.polynomials.PolynomialSplineFunction.value(PolynomialSplineFunction.java:137)
	at org.apache.commons.math.analysis.solvers.BrentSolver.solve(BrentSolver.java:163)
	at org.apache.commons.math.analysis.solvers.UnivariateRealSolverUtils.solve(UnivariateRealSolverUtils.java:80)
	at org.apache.commons.math.analysis.solvers.UnivariateRealSolverUtils_ESTest.test1212(UnivariateRealSolverUtils_ESTest.java:135)
	at sun.reflect.NativeMethodAccessorImpl.invoke0(Native Method)
	at sun.reflect.NativeMethodAccessorImpl.invoke(NativeMethodAccessorImpl.java:62)
	at sun.reflect.DelegatingMethodAccessorImpl.invoke(DelegatingMethodAccessorImpl.java:43)
	at java.lang.reflect.Method.invoke(Method.java:498)
	at org.junit.runners.model.FrameworkMethod$1.runReflectiveCall(FrameworkMethod.java:47)
	at org.junit.internal.runners.model.ReflectiveCallable.run(ReflectiveCallable.java:12)
	at org.junit.runners.model.FrameworkMethod.invokeExplosively(FrameworkMethod.java:44)
	at org.junit.internal.runners.statements.InvokeMethod.evaluate(InvokeMethod.java:17)
	at org.junit.internal.runners.statements.FailOnTimeout$StatementThread.run(FailOnTimeout.java:74)
--- org.apache.commons.math.analysis.solvers.UnivariateRealSolverUtils_ESTest::test2121
org.apache.commons.math.ConvergenceException: number of iterations=9, maximum iterations=9, initial=-445.13, lower bound=-453.13, upper bound=1,541.176, final a value=-453.13, final b value=-436.13, f(a)=-77,405,843,488,326.89, f(b)=-66,427,260,504,085.83
	at org.apache.commons.math.analysis.solvers.UnivariateRealSolverUtils.bracket(UnivariateRealSolverUtils.java:199)
	at org.apache.commons.math.analysis.solvers.UnivariateRealSolverUtils_ESTest.test2121(UnivariateRealSolverUtils_ESTest.java:205)
	at sun.reflect.NativeMethodAccessorImpl.invoke0(Native Method)
	at sun.reflect.NativeMethodAccessorImpl.invoke(NativeMethodAccessorImpl.java:62)
	at sun.reflect.DelegatingMethodAccessorImpl.invoke(DelegatingMethodAccessorImpl.java:43)
	at java.lang.reflect.Method.invoke(Method.java:498)
	at org.junit.runners.model.FrameworkMethod$1.runReflectiveCall(FrameworkMethod.java:47)
	at org.junit.internal.runners.model.ReflectiveCallable.run(ReflectiveCallable.java:12)
	at org.junit.runners.model.FrameworkMethod.invokeExplosively(FrameworkMethod.java:44)
	at org.junit.internal.runners.statements.InvokeMethod.evaluate(InvokeMethod.java:17)
	at org.junit.internal.runners.statements.FailOnTimeout$StatementThread.run(FailOnTimeout.java:74)
--- org.apache.commons.math.analysis.solvers.UnivariateRealSolverUtils_ESTest::test022
org.apache.commons.math.MathRuntimeException$4: bad value for maximum iterations number: 0
	at org.apache.commons.math.MathRuntimeException.createIllegalArgumentException(MathRuntimeException.java:282)
	at org.apache.commons.math.analysis.solvers.UnivariateRealSolverUtils.bracket(UnivariateRealSolverUtils.java:174)
	at org.apache.commons.math.analysis.solvers.UnivariateRealSolverUtils_ESTest.test022(UnivariateRealSolverUtils_ESTest.java:39)
	at sun.reflect.NativeMethodAccessorImpl.invoke0(Native Method)
	at sun.reflect.NativeMethodAccessorImpl.invoke(NativeMethodAccessorImpl.java:62)
	at sun.reflect.DelegatingMethodAccessorImpl.invoke(DelegatingMethodAccessorImpl.java:43)
	at java.lang.reflect.Method.invoke(Method.java:498)
	at org.junit.runners.model.FrameworkMethod$1.runReflectiveCall(FrameworkMethod.java:47)
	at org.junit.internal.runners.model.ReflectiveCallable.run(ReflectiveCallable.java:12)
	at org.junit.runners.model.FrameworkMethod.invokeExplosively(FrameworkMethod.java:44)
	at org.junit.internal.runners.statements.InvokeMethod.evaluate(InvokeMethod.java:17)
	at org.junit.internal.runners.statements.FailOnTimeout$StatementThread.run(FailOnTimeout.java:74)
--- org.apache.commons.math.analysis.solvers.UnivariateRealSolverUtils_ESTest::test1919
org.apache.commons.math.MathRuntimeException$4: function is null
	at org.apache.commons.math.MathRuntimeException.createIllegalArgumentException(MathRuntimeException.java:282)
	at org.apache.commons.math.analysis.solvers.UnivariateRealSolverUtils.bracket(UnivariateRealSolverUtils.java:171)
	at org.apache.commons.math.analysis.solvers.UnivariateRealSolverUtils_ESTest.test1919(UnivariateRealSolverUtils_ESTest.java:187)
	at sun.reflect.NativeMethodAccessorImpl.invoke0(Native Method)
	at sun.reflect.NativeMethodAccessorImpl.invoke(NativeMethodAccessorImpl.java:62)
	at sun.reflect.DelegatingMethodAccessorImpl.invoke(DelegatingMethodAccessorImpl.java:43)
	at java.lang.reflect.Method.invoke(Method.java:498)
	at org.junit.runners.model.FrameworkMethod$1.runReflectiveCall(FrameworkMethod.java:47)
	at org.junit.internal.runners.model.ReflectiveCallable.run(ReflectiveCallable.java:12)
	at org.junit.runners.model.FrameworkMethod.invokeExplosively(FrameworkMethod.java:44)
	at org.junit.internal.runners.statements.InvokeMethod.evaluate(InvokeMethod.java:17)
	at org.junit.internal.runners.statements.FailOnTimeout$StatementThread.run(FailOnTimeout.java:74)
--- org.apache.commons.math.analysis.solvers.UnivariateRealSolverUtils_ESTest::test1818
org.apache.commons.math.MathRuntimeException$4: invalid bracketing parameters:  lower bound=2,262.6,  initial=ï¿½, upper bound=1,302.548
	at org.apache.commons.math.MathRuntimeException.createIllegalArgumentException(MathRuntimeException.java:282)
	at org.apache.commons.math.analysis.solvers.UnivariateRealSolverUtils.bracket(UnivariateRealSolverUtils.java:178)
	at org.apache.commons.math.analysis.solvers.UnivariateRealSolverUtils_ESTest.test1818(UnivariateRealSolverUtils_ESTest.java:182)
	at sun.reflect.NativeMethodAccessorImpl.invoke0(Native Method)
	at sun.reflect.NativeMethodAccessorImpl.invoke(NativeMethodAccessorImpl.java:62)
	at sun.reflect.DelegatingMethodAccessorImpl.invoke(DelegatingMethodAccessorImpl.java:43)
	at java.lang.reflect.Method.invoke(Method.java:498)
	at org.junit.runners.model.FrameworkMethod$1.runReflectiveCall(FrameworkMethod.java:47)
	at org.junit.internal.runners.model.ReflectiveCallable.run(ReflectiveCallable.java:12)
	at org.junit.runners.model.FrameworkMethod.invokeExplosively(FrameworkMethod.java:44)
	at org.junit.internal.runners.statements.InvokeMethod.evaluate(InvokeMethod.java:17)
	at org.junit.internal.runners.statements.FailOnTimeout$StatementThread.run(FailOnTimeout.java:74)
