--- org.apache.commons.math.distribution.NormalDistributionImpl_ESTest::test2043
org.apache.commons.math.MathException: -2,606.33 is larger than, or equal to, the maximum (-2,606.33): endpoints do not specify an interval: [-2,606.33, -2,606.33]
	at org.apache.commons.math.distribution.AbstractContinuousDistribution.inverseCumulativeProbability(AbstractContinuousDistribution.java:122)
	at org.apache.commons.math.distribution.NormalDistributionImpl.inverseCumulativeProbability(NormalDistributionImpl.java:167)
	at org.apache.commons.math.distribution.NormalDistributionImpl_ESTest.test2043(NormalDistributionImpl_ESTest.java:304)
	at sun.reflect.NativeMethodAccessorImpl.invoke0(Native Method)
	at sun.reflect.NativeMethodAccessorImpl.invoke(NativeMethodAccessorImpl.java:62)
	at sun.reflect.DelegatingMethodAccessorImpl.invoke(DelegatingMethodAccessorImpl.java:43)
	at java.lang.reflect.Method.invoke(Method.java:498)
	at org.junit.runners.model.FrameworkMethod$1.runReflectiveCall(FrameworkMethod.java:47)
	at org.junit.internal.runners.model.ReflectiveCallable.run(ReflectiveCallable.java:12)
	at org.junit.runners.model.FrameworkMethod.invokeExplosively(FrameworkMethod.java:44)
	at org.junit.internal.runners.statements.InvokeMethod.evaluate(InvokeMethod.java:17)
	at org.junit.internal.runners.statements.FailOnTimeout$StatementThread.run(FailOnTimeout.java:74)
Caused by: org.apache.commons.math.exception.NumberIsTooLargeException: -2,606.33 is larger than, or equal to, the maximum (-2,606.33): endpoints do not specify an interval: [-2,606.33, -2,606.33]
	at org.apache.commons.math.analysis.solvers.UnivariateRealSolverUtils.verifyInterval(UnivariateRealSolverUtils.java:252)
	at org.apache.commons.math.analysis.solvers.UnivariateRealSolverUtils.verifySequence(UnivariateRealSolverUtils.java:270)
	at org.apache.commons.math.analysis.solvers.UnivariateRealSolverUtils.bracket(UnivariateRealSolverUtils.java:169)
	at org.apache.commons.math.analysis.solvers.UnivariateRealSolverUtils.bracket(UnivariateRealSolverUtils.java:124)
	at org.apache.commons.math.distribution.AbstractContinuousDistribution.inverseCumulativeProbability(AbstractContinuousDistribution.java:106)
	... 11 more
--- org.apache.commons.math.distribution.NormalDistributionImpl_ESTest::test2447
org.apache.commons.math.exception.NotStrictlyPositiveException: -36.04 is smaller than, or equal to, the minimum (0): standard deviation (-36.04)
	at org.apache.commons.math.distribution.NormalDistributionImpl.<init>(NormalDistributionImpl.java:75)
	at org.apache.commons.math.distribution.NormalDistributionImpl.<init>(NormalDistributionImpl.java:60)
	at org.apache.commons.math.distribution.NormalDistributionImpl_ESTest.test2447(NormalDistributionImpl_ESTest.java:329)
	at sun.reflect.NativeMethodAccessorImpl.invoke0(Native Method)
	at sun.reflect.NativeMethodAccessorImpl.invoke(NativeMethodAccessorImpl.java:62)
	at sun.reflect.DelegatingMethodAccessorImpl.invoke(DelegatingMethodAccessorImpl.java:43)
	at java.lang.reflect.Method.invoke(Method.java:498)
	at org.junit.runners.model.FrameworkMethod$1.runReflectiveCall(FrameworkMethod.java:47)
	at org.junit.internal.runners.model.ReflectiveCallable.run(ReflectiveCallable.java:12)
	at org.junit.runners.model.FrameworkMethod.invokeExplosively(FrameworkMethod.java:44)
	at org.junit.internal.runners.statements.InvokeMethod.evaluate(InvokeMethod.java:17)
	at org.junit.internal.runners.statements.FailOnTimeout$StatementThread.run(FailOnTimeout.java:74)
--- org.apache.commons.math.distribution.NormalDistributionImpl_ESTest::test2245
org.apache.commons.math.exception.OutOfRangeException: -1,914.577 out of [0, 1] range
	at org.apache.commons.math.distribution.AbstractContinuousDistribution.inverseCumulativeProbability(AbstractContinuousDistribution.java:78)
	at org.apache.commons.math.distribution.NormalDistributionImpl.inverseCumulativeProbability(NormalDistributionImpl.java:167)
	at org.apache.commons.math.distribution.NormalDistributionImpl_ESTest.test2245(NormalDistributionImpl_ESTest.java:317)
	at sun.reflect.NativeMethodAccessorImpl.invoke0(Native Method)
	at sun.reflect.NativeMethodAccessorImpl.invoke(NativeMethodAccessorImpl.java:62)
	at sun.reflect.DelegatingMethodAccessorImpl.invoke(DelegatingMethodAccessorImpl.java:43)
	at java.lang.reflect.Method.invoke(Method.java:498)
	at org.junit.runners.model.FrameworkMethod$1.runReflectiveCall(FrameworkMethod.java:47)
	at org.junit.internal.runners.model.ReflectiveCallable.run(ReflectiveCallable.java:12)
	at org.junit.runners.model.FrameworkMethod.invokeExplosively(FrameworkMethod.java:44)
	at org.junit.internal.runners.statements.InvokeMethod.evaluate(InvokeMethod.java:17)
	at org.junit.internal.runners.statements.FailOnTimeout$StatementThread.run(FailOnTimeout.java:74)
--- org.apache.commons.math.distribution.NormalDistributionImpl_ESTest::test3058
org.apache.commons.math.MathException: ∞ is larger than, or equal to, the maximum (179,769,313,486,231,570,000,000,000,000,000,000,000,000,000,000,000,000,000,000,000,000,000,000,000,000,000,000,000,000,000,000,000,000,000,000,000,000,000,000,000,000,000,000,000,000,000,000,000,000,000,000,000,000,000,000,000,000,000,000,000,000,000,000,000,000,000,000,000,000,000,000,000,000,000,000,000,000,000,000,000,000,000,000,000,000,000,000,000,000,000,000,000,000,000,000,000,000,000,000,000,000,000): endpoints do not specify an interval: [∞, 179,769,313,486,231,570,000,000,000,000,000,000,000,000,000,000,000,000,000,000,000,000,000,000,000,000,000,000,000,000,000,000,000,000,000,000,000,000,000,000,000,000,000,000,000,000,000,000,000,000,000,000,000,000,000,000,000,000,000,000,000,000,000,000,000,000,000,000,000,000,000,000,000,000,000,000,000,000,000,000,000,000,000,000,000,000,000,000,000,000,000,000,000,000,000,000,000,000,000,000,000,000,000]
	at org.apache.commons.math.distribution.AbstractContinuousDistribution.inverseCumulativeProbability(AbstractContinuousDistribution.java:122)
	at org.apache.commons.math.distribution.NormalDistributionImpl.inverseCumulativeProbability(NormalDistributionImpl.java:167)
	at org.apache.commons.math.distribution.NormalDistributionImpl_ESTest.test3058(NormalDistributionImpl_ESTest.java:400)
	at sun.reflect.NativeMethodAccessorImpl.invoke0(Native Method)
	at sun.reflect.NativeMethodAccessorImpl.invoke(NativeMethodAccessorImpl.java:62)
	at sun.reflect.DelegatingMethodAccessorImpl.invoke(DelegatingMethodAccessorImpl.java:43)
	at java.lang.reflect.Method.invoke(Method.java:498)
	at org.junit.runners.model.FrameworkMethod$1.runReflectiveCall(FrameworkMethod.java:47)
	at org.junit.internal.runners.model.ReflectiveCallable.run(ReflectiveCallable.java:12)
	at org.junit.runners.model.FrameworkMethod.invokeExplosively(FrameworkMethod.java:44)
	at org.junit.internal.runners.statements.InvokeMethod.evaluate(InvokeMethod.java:17)
	at org.junit.internal.runners.statements.FailOnTimeout$StatementThread.run(FailOnTimeout.java:74)
Caused by: org.apache.commons.math.exception.NumberIsTooLargeException: ∞ is larger than, or equal to, the maximum (179,769,313,486,231,570,000,000,000,000,000,000,000,000,000,000,000,000,000,000,000,000,000,000,000,000,000,000,000,000,000,000,000,000,000,000,000,000,000,000,000,000,000,000,000,000,000,000,000,000,000,000,000,000,000,000,000,000,000,000,000,000,000,000,000,000,000,000,000,000,000,000,000,000,000,000,000,000,000,000,000,000,000,000,000,000,000,000,000,000,000,000,000,000,000,000,000,000,000,000,000,000,000): endpoints do not specify an interval: [∞, 179,769,313,486,231,570,000,000,000,000,000,000,000,000,000,000,000,000,000,000,000,000,000,000,000,000,000,000,000,000,000,000,000,000,000,000,000,000,000,000,000,000,000,000,000,000,000,000,000,000,000,000,000,000,000,000,000,000,000,000,000,000,000,000,000,000,000,000,000,000,000,000,000,000,000,000,000,000,000,000,000,000,000,000,000,000,000,000,000,000,000,000,000,000,000,000,000,000,000,000,000,000,000]
	at org.apache.commons.math.analysis.solvers.UnivariateRealSolverUtils.verifyInterval(UnivariateRealSolverUtils.java:252)
	at org.apache.commons.math.analysis.solvers.UnivariateRealSolverUtils.verifySequence(UnivariateRealSolverUtils.java:270)
	at org.apache.commons.math.analysis.solvers.UnivariateRealSolverUtils.bracket(UnivariateRealSolverUtils.java:169)
	at org.apache.commons.math.analysis.solvers.UnivariateRealSolverUtils.bracket(UnivariateRealSolverUtils.java:124)
	at org.apache.commons.math.distribution.AbstractContinuousDistribution.inverseCumulativeProbability(AbstractContinuousDistribution.java:106)
	... 11 more
--- org.apache.commons.math.distribution.NormalDistributionImpl_ESTest::test2957
org.apache.commons.math.exception.NotStrictlyPositiveException: -1,507.86 is smaller than, or equal to, the minimum (0): standard deviation (-1,507.86)
	at org.apache.commons.math.distribution.NormalDistributionImpl.<init>(NormalDistributionImpl.java:75)
	at org.apache.commons.math.distribution.NormalDistributionImpl_ESTest.test2957(NormalDistributionImpl_ESTest.java:394)
	at sun.reflect.NativeMethodAccessorImpl.invoke0(Native Method)
	at sun.reflect.NativeMethodAccessorImpl.invoke(NativeMethodAccessorImpl.java:62)
	at sun.reflect.DelegatingMethodAccessorImpl.invoke(DelegatingMethodAccessorImpl.java:43)
	at java.lang.reflect.Method.invoke(Method.java:498)
	at org.junit.runners.model.FrameworkMethod$1.runReflectiveCall(FrameworkMethod.java:47)
	at org.junit.internal.runners.model.ReflectiveCallable.run(ReflectiveCallable.java:12)
	at org.junit.runners.model.FrameworkMethod.invokeExplosively(FrameworkMethod.java:44)
	at org.junit.internal.runners.statements.InvokeMethod.evaluate(InvokeMethod.java:17)
	at org.junit.internal.runners.statements.FailOnTimeout$StatementThread.run(FailOnTimeout.java:74)
--- org.apache.commons.math.distribution.NormalDistributionImpl_ESTest::test024
org.apache.commons.math.exception.OutOfRangeException: 901.97 out of [0, 1] range
	at org.apache.commons.math.distribution.AbstractContinuousDistribution.inverseCumulativeProbability(AbstractContinuousDistribution.java:78)
	at org.apache.commons.math.distribution.NormalDistributionImpl.inverseCumulativeProbability(NormalDistributionImpl.java:167)
	at org.apache.commons.math.distribution.NormalDistributionImpl_ESTest.test024(NormalDistributionImpl_ESTest.java:48)
	at sun.reflect.NativeMethodAccessorImpl.invoke0(Native Method)
	at sun.reflect.NativeMethodAccessorImpl.invoke(NativeMethodAccessorImpl.java:62)
	at sun.reflect.DelegatingMethodAccessorImpl.invoke(DelegatingMethodAccessorImpl.java:43)
	at java.lang.reflect.Method.invoke(Method.java:498)
	at org.junit.runners.model.FrameworkMethod$1.runReflectiveCall(FrameworkMethod.java:47)
	at org.junit.internal.runners.model.ReflectiveCallable.run(ReflectiveCallable.java:12)
	at org.junit.runners.model.FrameworkMethod.invokeExplosively(FrameworkMethod.java:44)
	at org.junit.internal.runners.statements.InvokeMethod.evaluate(InvokeMethod.java:17)
	at org.junit.internal.runners.statements.FailOnTimeout$StatementThread.run(FailOnTimeout.java:74)
