--- org.apache.commons.lang3.text.ExtendedMessageFormat_ESTest::test2020
java.lang.StringIndexOutOfBoundsException: String index out of range: 10
	at java.lang.String.charAt(String.java:658)
	at org.apache.commons.lang3.text.ExtendedMessageFormat.readArgumentIndex(ExtendedMessageFormat.java:309)
	at org.apache.commons.lang3.text.ExtendedMessageFormat.applyPattern(ExtendedMessageFormat.java:167)
	at org.apache.commons.lang3.text.ExtendedMessageFormat.<init>(ExtendedMessageFormat.java:128)
	at org.apache.commons.lang3.text.ExtendedMessageFormat_ESTest.test2020(ExtendedMessageFormat_ESTest.java:168)
	at sun.reflect.NativeMethodAccessorImpl.invoke0(Native Method)
	at sun.reflect.NativeMethodAccessorImpl.invoke(NativeMethodAccessorImpl.java:62)
	at sun.reflect.DelegatingMethodAccessorImpl.invoke(DelegatingMethodAccessorImpl.java:43)
	at java.lang.reflect.Method.invoke(Method.java:498)
	at org.junit.runners.model.FrameworkMethod$1.runReflectiveCall(FrameworkMethod.java:47)
	at org.junit.internal.runners.model.ReflectiveCallable.run(ReflectiveCallable.java:12)
	at org.junit.runners.model.FrameworkMethod.invokeExplosively(FrameworkMethod.java:44)
	at org.junit.internal.runners.statements.InvokeMethod.evaluate(InvokeMethod.java:17)
	at org.junit.internal.runners.statements.FailOnTimeout$StatementThread.run(FailOnTimeout.java:74)
--- org.apache.commons.lang3.text.ExtendedMessageFormat_ESTest::test1313
java.lang.NullPointerException
	at java.text.MessageFormat.applyPattern(MessageFormat.java:436)
	at org.apache.commons.lang3.text.ExtendedMessageFormat.applyPattern(ExtendedMessageFormat.java:147)
	at org.apache.commons.lang3.text.ExtendedMessageFormat.<init>(ExtendedMessageFormat.java:128)
	at org.apache.commons.lang3.text.ExtendedMessageFormat.<init>(ExtendedMessageFormat.java:102)
	at org.apache.commons.lang3.text.ExtendedMessageFormat.<init>(ExtendedMessageFormat.java:91)
	at org.apache.commons.lang3.text.ExtendedMessageFormat_ESTest.test1313(ExtendedMessageFormat_ESTest.java:114)
	at sun.reflect.NativeMethodAccessorImpl.invoke0(Native Method)
	at sun.reflect.NativeMethodAccessorImpl.invoke(NativeMethodAccessorImpl.java:62)
	at sun.reflect.DelegatingMethodAccessorImpl.invoke(DelegatingMethodAccessorImpl.java:43)
	at java.lang.reflect.Method.invoke(Method.java:498)
	at org.junit.runners.model.FrameworkMethod$1.runReflectiveCall(FrameworkMethod.java:47)
	at org.junit.internal.runners.model.ReflectiveCallable.run(ReflectiveCallable.java:12)
	at org.junit.runners.model.FrameworkMethod.invokeExplosively(FrameworkMethod.java:44)
	at org.junit.internal.runners.statements.InvokeMethod.evaluate(InvokeMethod.java:17)
	at org.junit.internal.runners.statements.FailOnTimeout$StatementThread.run(FailOnTimeout.java:74)
--- org.apache.commons.lang3.text.ExtendedMessageFormat_ESTest::test2424
java.lang.UnsupportedOperationException
	at org.apache.commons.lang3.text.ExtendedMessageFormat.setFormats(ExtendedMessageFormat.java:243)
	at org.apache.commons.lang3.text.ExtendedMessageFormat_ESTest.test2424(ExtendedMessageFormat_ESTest.java:196)
	at sun.reflect.NativeMethodAccessorImpl.invoke0(Native Method)
	at sun.reflect.NativeMethodAccessorImpl.invoke(NativeMethodAccessorImpl.java:62)
	at sun.reflect.DelegatingMethodAccessorImpl.invoke(DelegatingMethodAccessorImpl.java:43)
	at java.lang.reflect.Method.invoke(Method.java:498)
	at org.junit.runners.model.FrameworkMethod$1.runReflectiveCall(FrameworkMethod.java:47)
	at org.junit.internal.runners.model.ReflectiveCallable.run(ReflectiveCallable.java:12)
	at org.junit.runners.model.FrameworkMethod.invokeExplosively(FrameworkMethod.java:44)
	at org.junit.internal.runners.statements.InvokeMethod.evaluate(InvokeMethod.java:17)
	at org.junit.internal.runners.statements.FailOnTimeout$StatementThread.run(FailOnTimeout.java:74)
--- org.apache.commons.lang3.text.ExtendedMessageFormat_ESTest::test1212
java.lang.IllegalArgumentException: Unmatched braces in the pattern.
	at java.text.MessageFormat.applyPattern(MessageFormat.java:508)
	at org.apache.commons.lang3.text.ExtendedMessageFormat.applyPattern(ExtendedMessageFormat.java:147)
	at org.apache.commons.lang3.text.ExtendedMessageFormat.<init>(ExtendedMessageFormat.java:128)
	at org.apache.commons.lang3.text.ExtendedMessageFormat.<init>(ExtendedMessageFormat.java:102)
	at org.apache.commons.lang3.text.ExtendedMessageFormat_ESTest.test1212(ExtendedMessageFormat_ESTest.java:108)
	at sun.reflect.NativeMethodAccessorImpl.invoke0(Native Method)
	at sun.reflect.NativeMethodAccessorImpl.invoke(NativeMethodAccessorImpl.java:62)
	at sun.reflect.DelegatingMethodAccessorImpl.invoke(DelegatingMethodAccessorImpl.java:43)
	at java.lang.reflect.Method.invoke(Method.java:498)
	at org.junit.runners.model.FrameworkMethod$1.runReflectiveCall(FrameworkMethod.java:47)
	at org.junit.internal.runners.model.ReflectiveCallable.run(ReflectiveCallable.java:12)
	at org.junit.runners.model.FrameworkMethod.invokeExplosively(FrameworkMethod.java:44)
	at org.junit.internal.runners.statements.InvokeMethod.evaluate(InvokeMethod.java:17)
	at org.junit.internal.runners.statements.FailOnTimeout$StatementThread.run(FailOnTimeout.java:74)
--- org.apache.commons.lang3.text.ExtendedMessageFormat_ESTest::test2323
java.lang.UnsupportedOperationException
	at org.apache.commons.lang3.text.ExtendedMessageFormat.setFormatByArgumentIndex(ExtendedMessageFormat.java:232)
	at org.apache.commons.lang3.text.ExtendedMessageFormat_ESTest.test2323(ExtendedMessageFormat_ESTest.java:188)
	at sun.reflect.NativeMethodAccessorImpl.invoke0(Native Method)
	at sun.reflect.NativeMethodAccessorImpl.invoke(NativeMethodAccessorImpl.java:62)
	at sun.reflect.DelegatingMethodAccessorImpl.invoke(DelegatingMethodAccessorImpl.java:43)
	at java.lang.reflect.Method.invoke(Method.java:498)
	at org.junit.runners.model.FrameworkMethod$1.runReflectiveCall(FrameworkMethod.java:47)
	at org.junit.internal.runners.model.ReflectiveCallable.run(ReflectiveCallable.java:12)
	at org.junit.runners.model.FrameworkMethod.invokeExplosively(FrameworkMethod.java:44)
	at org.junit.internal.runners.statements.InvokeMethod.evaluate(InvokeMethod.java:17)
	at org.junit.internal.runners.statements.FailOnTimeout$StatementThread.run(FailOnTimeout.java:74)
--- org.apache.commons.lang3.text.ExtendedMessageFormat_ESTest::test1111
java.lang.NullPointerException
	at java.text.MessageFormat.applyPattern(MessageFormat.java:436)
	at org.apache.commons.lang3.text.ExtendedMessageFormat.applyPattern(ExtendedMessageFormat.java:147)
	at org.apache.commons.lang3.text.ExtendedMessageFormat.<init>(ExtendedMessageFormat.java:128)
	at org.apache.commons.lang3.text.ExtendedMessageFormat.<init>(ExtendedMessageFormat.java:102)
	at org.apache.commons.lang3.text.ExtendedMessageFormat_ESTest.test1111(ExtendedMessageFormat_ESTest.java:102)
	at sun.reflect.NativeMethodAccessorImpl.invoke0(Native Method)
	at sun.reflect.NativeMethodAccessorImpl.invoke(NativeMethodAccessorImpl.java:62)
	at sun.reflect.DelegatingMethodAccessorImpl.invoke(DelegatingMethodAccessorImpl.java:43)
	at java.lang.reflect.Method.invoke(Method.java:498)
	at org.junit.runners.model.FrameworkMethod$1.runReflectiveCall(FrameworkMethod.java:47)
	at org.junit.internal.runners.model.ReflectiveCallable.run(ReflectiveCallable.java:12)
	at org.junit.runners.model.FrameworkMethod.invokeExplosively(FrameworkMethod.java:44)
	at org.junit.internal.runners.statements.InvokeMethod.evaluate(InvokeMethod.java:17)
	at org.junit.internal.runners.statements.FailOnTimeout$StatementThread.run(FailOnTimeout.java:74)
--- org.apache.commons.lang3.text.ExtendedMessageFormat_ESTest::test2222
org.evosuite.runtime.mock.java.lang.MockIllegalArgumentException: Invalid format argument index at position 17: O
	at org.apache.commons.lang3.text.ExtendedMessageFormat.readArgumentIndex(ExtendedMessageFormat.java:327)
	at org.apache.commons.lang3.text.ExtendedMessageFormat.applyPattern(ExtendedMessageFormat.java:167)
	at org.apache.commons.lang3.text.ExtendedMessageFormat_ESTest.test2222(ExtendedMessageFormat_ESTest.java:182)
	at sun.reflect.NativeMethodAccessorImpl.invoke0(Native Method)
	at sun.reflect.NativeMethodAccessorImpl.invoke(NativeMethodAccessorImpl.java:62)
	at sun.reflect.DelegatingMethodAccessorImpl.invoke(DelegatingMethodAccessorImpl.java:43)
	at java.lang.reflect.Method.invoke(Method.java:498)
	at org.junit.runners.model.FrameworkMethod$1.runReflectiveCall(FrameworkMethod.java:47)
	at org.junit.internal.runners.model.ReflectiveCallable.run(ReflectiveCallable.java:12)
	at org.junit.runners.model.FrameworkMethod.invokeExplosively(FrameworkMethod.java:44)
	at org.junit.internal.runners.statements.InvokeMethod.evaluate(InvokeMethod.java:17)
	at org.junit.internal.runners.statements.FailOnTimeout$StatementThread.run(FailOnTimeout.java:74)
--- org.apache.commons.lang3.text.ExtendedMessageFormat_ESTest::test1010
java.lang.ArrayIndexOutOfBoundsException: 16
	at org.apache.commons.lang3.text.StrMatcher$CharSetMatcher.isMatch(StrMatcher.java:300)
	at org.apache.commons.lang3.text.StrMatcher.isMatch(StrMatcher.java:267)
	at org.apache.commons.lang3.text.ExtendedMessageFormat.seekNonWs(ExtendedMessageFormat.java:421)
	at org.apache.commons.lang3.text.ExtendedMessageFormat.readArgumentIndex(ExtendedMessageFormat.java:302)
	at org.apache.commons.lang3.text.ExtendedMessageFormat.applyPattern(ExtendedMessageFormat.java:167)
	at org.apache.commons.lang3.text.ExtendedMessageFormat.<init>(ExtendedMessageFormat.java:128)
	at org.apache.commons.lang3.text.ExtendedMessageFormat_ESTest.test1010(ExtendedMessageFormat_ESTest.java:95)
	at sun.reflect.NativeMethodAccessorImpl.invoke0(Native Method)
	at sun.reflect.NativeMethodAccessorImpl.invoke(NativeMethodAccessorImpl.java:62)
	at sun.reflect.DelegatingMethodAccessorImpl.invoke(DelegatingMethodAccessorImpl.java:43)
	at java.lang.reflect.Method.invoke(Method.java:498)
	at org.junit.runners.model.FrameworkMethod$1.runReflectiveCall(FrameworkMethod.java:47)
	at org.junit.internal.runners.model.ReflectiveCallable.run(ReflectiveCallable.java:12)
	at org.junit.runners.model.FrameworkMethod.invokeExplosively(FrameworkMethod.java:44)
	at org.junit.internal.runners.statements.InvokeMethod.evaluate(InvokeMethod.java:17)
	at org.junit.internal.runners.statements.FailOnTimeout$StatementThread.run(FailOnTimeout.java:74)
--- org.apache.commons.lang3.text.ExtendedMessageFormat_ESTest::test2121
org.evosuite.runtime.mock.java.lang.MockIllegalArgumentException: Unterminated format element at position 9
	at org.apache.commons.lang3.text.ExtendedMessageFormat.readArgumentIndex(ExtendedMessageFormat.java:331)
	at org.apache.commons.lang3.text.ExtendedMessageFormat.applyPattern(ExtendedMessageFormat.java:167)
	at org.apache.commons.lang3.text.ExtendedMessageFormat.<init>(ExtendedMessageFormat.java:128)
	at org.apache.commons.lang3.text.ExtendedMessageFormat.<init>(ExtendedMessageFormat.java:113)
	at org.apache.commons.lang3.text.ExtendedMessageFormat_ESTest.test2121(ExtendedMessageFormat_ESTest.java:175)
	at sun.reflect.NativeMethodAccessorImpl.invoke0(Native Method)
	at sun.reflect.NativeMethodAccessorImpl.invoke(NativeMethodAccessorImpl.java:62)
	at sun.reflect.DelegatingMethodAccessorImpl.invoke(DelegatingMethodAccessorImpl.java:43)
	at java.lang.reflect.Method.invoke(Method.java:498)
	at org.junit.runners.model.FrameworkMethod$1.runReflectiveCall(FrameworkMethod.java:47)
	at org.junit.internal.runners.model.ReflectiveCallable.run(ReflectiveCallable.java:12)
	at org.junit.runners.model.FrameworkMethod.invokeExplosively(FrameworkMethod.java:44)
	at org.junit.internal.runners.statements.InvokeMethod.evaluate(InvokeMethod.java:17)
	at org.junit.internal.runners.statements.FailOnTimeout$StatementThread.run(FailOnTimeout.java:74)
--- org.apache.commons.lang3.text.ExtendedMessageFormat_ESTest::test1717
java.lang.ArrayIndexOutOfBoundsException: 15
	at org.apache.commons.lang3.text.StrMatcher$CharSetMatcher.isMatch(StrMatcher.java:300)
	at org.apache.commons.lang3.text.StrMatcher.isMatch(StrMatcher.java:267)
	at org.apache.commons.lang3.text.ExtendedMessageFormat.seekNonWs(ExtendedMessageFormat.java:421)
	at org.apache.commons.lang3.text.ExtendedMessageFormat.readArgumentIndex(ExtendedMessageFormat.java:302)
	at org.apache.commons.lang3.text.ExtendedMessageFormat.applyPattern(ExtendedMessageFormat.java:167)
	at org.apache.commons.lang3.text.ExtendedMessageFormat_ESTest.test1717(ExtendedMessageFormat_ESTest.java:143)
	at sun.reflect.NativeMethodAccessorImpl.invoke0(Native Method)
	at sun.reflect.NativeMethodAccessorImpl.invoke(NativeMethodAccessorImpl.java:62)
	at sun.reflect.DelegatingMethodAccessorImpl.invoke(DelegatingMethodAccessorImpl.java:43)
	at java.lang.reflect.Method.invoke(Method.java:498)
	at org.junit.runners.model.FrameworkMethod$1.runReflectiveCall(FrameworkMethod.java:47)
	at org.junit.internal.runners.model.ReflectiveCallable.run(ReflectiveCallable.java:12)
	at org.junit.runners.model.FrameworkMethod.invokeExplosively(FrameworkMethod.java:44)
	at org.junit.internal.runners.statements.InvokeMethod.evaluate(InvokeMethod.java:17)
	at org.junit.internal.runners.statements.FailOnTimeout$StatementThread.run(FailOnTimeout.java:74)
--- org.apache.commons.lang3.text.ExtendedMessageFormat_ESTest::test011
org.evosuite.runtime.mock.java.lang.MockIllegalArgumentException: Invalid format argument index at position 13: +
	at org.apache.commons.lang3.text.ExtendedMessageFormat.readArgumentIndex(ExtendedMessageFormat.java:327)
	at org.apache.commons.lang3.text.ExtendedMessageFormat.applyPattern(ExtendedMessageFormat.java:167)
	at org.apache.commons.lang3.text.ExtendedMessageFormat.<init>(ExtendedMessageFormat.java:128)
	at org.apache.commons.lang3.text.ExtendedMessageFormat.<init>(ExtendedMessageFormat.java:113)
	at org.apache.commons.lang3.text.ExtendedMessageFormat_ESTest.test011(ExtendedMessageFormat_ESTest.java:35)
	at sun.reflect.NativeMethodAccessorImpl.invoke0(Native Method)
	at sun.reflect.NativeMethodAccessorImpl.invoke(NativeMethodAccessorImpl.java:62)
	at sun.reflect.DelegatingMethodAccessorImpl.invoke(DelegatingMethodAccessorImpl.java:43)
	at java.lang.reflect.Method.invoke(Method.java:498)
	at org.junit.runners.model.FrameworkMethod$1.runReflectiveCall(FrameworkMethod.java:47)
	at org.junit.internal.runners.model.ReflectiveCallable.run(ReflectiveCallable.java:12)
	at org.junit.runners.model.FrameworkMethod.invokeExplosively(FrameworkMethod.java:44)
	at org.junit.internal.runners.statements.InvokeMethod.evaluate(InvokeMethod.java:17)
	at org.junit.internal.runners.statements.FailOnTimeout$StatementThread.run(FailOnTimeout.java:74)
--- org.apache.commons.lang3.text.ExtendedMessageFormat_ESTest::test033
java.lang.NullPointerException
	at org.apache.commons.lang3.text.ExtendedMessageFormat.applyPattern(ExtendedMessageFormat.java:153)
	at org.apache.commons.lang3.text.ExtendedMessageFormat_ESTest.test033(ExtendedMessageFormat_ESTest.java:48)
	at sun.reflect.NativeMethodAccessorImpl.invoke0(Native Method)
	at sun.reflect.NativeMethodAccessorImpl.invoke(NativeMethodAccessorImpl.java:62)
	at sun.reflect.DelegatingMethodAccessorImpl.invoke(DelegatingMethodAccessorImpl.java:43)
	at java.lang.reflect.Method.invoke(Method.java:498)
	at org.junit.runners.model.FrameworkMethod$1.runReflectiveCall(FrameworkMethod.java:47)
	at org.junit.internal.runners.model.ReflectiveCallable.run(ReflectiveCallable.java:12)
	at org.junit.runners.model.FrameworkMethod.invokeExplosively(FrameworkMethod.java:44)
	at org.junit.internal.runners.statements.InvokeMethod.evaluate(InvokeMethod.java:17)
	at org.junit.internal.runners.statements.FailOnTimeout$StatementThread.run(FailOnTimeout.java:74)
--- org.apache.commons.lang3.text.ExtendedMessageFormat_ESTest::test055
java.lang.NullPointerException
	at java.text.MessageFormat.applyPattern(MessageFormat.java:436)
	at org.apache.commons.lang3.text.ExtendedMessageFormat.applyPattern(ExtendedMessageFormat.java:147)
	at org.apache.commons.lang3.text.ExtendedMessageFormat.<init>(ExtendedMessageFormat.java:128)
	at org.apache.commons.lang3.text.ExtendedMessageFormat.<init>(ExtendedMessageFormat.java:113)
	at org.apache.commons.lang3.text.ExtendedMessageFormat_ESTest.test055(ExtendedMessageFormat_ESTest.java:60)
	at sun.reflect.NativeMethodAccessorImpl.invoke0(Native Method)
	at sun.reflect.NativeMethodAccessorImpl.invoke(NativeMethodAccessorImpl.java:62)
	at sun.reflect.DelegatingMethodAccessorImpl.invoke(DelegatingMethodAccessorImpl.java:43)
	at java.lang.reflect.Method.invoke(Method.java:498)
	at org.junit.runners.model.FrameworkMethod$1.runReflectiveCall(FrameworkMethod.java:47)
	at org.junit.internal.runners.model.ReflectiveCallable.run(ReflectiveCallable.java:12)
	at org.junit.runners.model.FrameworkMethod.invokeExplosively(FrameworkMethod.java:44)
	at org.junit.internal.runners.statements.InvokeMethod.evaluate(InvokeMethod.java:17)
	at org.junit.internal.runners.statements.FailOnTimeout$StatementThread.run(FailOnTimeout.java:74)
--- org.apache.commons.lang3.text.ExtendedMessageFormat_ESTest::test077
java.lang.ArrayIndexOutOfBoundsException: 19
	at org.apache.commons.lang3.text.StrMatcher$CharSetMatcher.isMatch(StrMatcher.java:300)
	at org.apache.commons.lang3.text.StrMatcher.isMatch(StrMatcher.java:267)
	at org.apache.commons.lang3.text.ExtendedMessageFormat.seekNonWs(ExtendedMessageFormat.java:421)
	at org.apache.commons.lang3.text.ExtendedMessageFormat.readArgumentIndex(ExtendedMessageFormat.java:302)
	at org.apache.commons.lang3.text.ExtendedMessageFormat.applyPattern(ExtendedMessageFormat.java:167)
	at org.apache.commons.lang3.text.ExtendedMessageFormat.<init>(ExtendedMessageFormat.java:128)
	at org.apache.commons.lang3.text.ExtendedMessageFormat.<init>(ExtendedMessageFormat.java:113)
	at org.apache.commons.lang3.text.ExtendedMessageFormat_ESTest.test077(ExtendedMessageFormat_ESTest.java:73)
	at sun.reflect.NativeMethodAccessorImpl.invoke0(Native Method)
	at sun.reflect.NativeMethodAccessorImpl.invoke(NativeMethodAccessorImpl.java:62)
	at sun.reflect.DelegatingMethodAccessorImpl.invoke(DelegatingMethodAccessorImpl.java:43)
	at java.lang.reflect.Method.invoke(Method.java:498)
	at org.junit.runners.model.FrameworkMethod$1.runReflectiveCall(FrameworkMethod.java:47)
	at org.junit.internal.runners.model.ReflectiveCallable.run(ReflectiveCallable.java:12)
	at org.junit.runners.model.FrameworkMethod.invokeExplosively(FrameworkMethod.java:44)
	at org.junit.internal.runners.statements.InvokeMethod.evaluate(InvokeMethod.java:17)
	at org.junit.internal.runners.statements.FailOnTimeout$StatementThread.run(FailOnTimeout.java:74)
--- org.apache.commons.lang3.text.ExtendedMessageFormat_ESTest::test099
java.lang.IllegalArgumentException: can't parse argument number: 
	at java.text.MessageFormat.makeFormat(MessageFormat.java:1429)
	at java.text.MessageFormat.applyPattern(MessageFormat.java:479)
	at org.apache.commons.lang3.text.ExtendedMessageFormat.applyPattern(ExtendedMessageFormat.java:147)
	at org.apache.commons.lang3.text.ExtendedMessageFormat.<init>(ExtendedMessageFormat.java:128)
	at org.apache.commons.lang3.text.ExtendedMessageFormat_ESTest.test099(ExtendedMessageFormat_ESTest.java:87)
	at sun.reflect.NativeMethodAccessorImpl.invoke0(Native Method)
	at sun.reflect.NativeMethodAccessorImpl.invoke(NativeMethodAccessorImpl.java:62)
	at sun.reflect.DelegatingMethodAccessorImpl.invoke(DelegatingMethodAccessorImpl.java:43)
	at java.lang.reflect.Method.invoke(Method.java:498)
	at org.junit.runners.model.FrameworkMethod$1.runReflectiveCall(FrameworkMethod.java:47)
	at org.junit.internal.runners.model.ReflectiveCallable.run(ReflectiveCallable.java:12)
	at org.junit.runners.model.FrameworkMethod.invokeExplosively(FrameworkMethod.java:44)
	at org.junit.internal.runners.statements.InvokeMethod.evaluate(InvokeMethod.java:17)
	at org.junit.internal.runners.statements.FailOnTimeout$StatementThread.run(FailOnTimeout.java:74)
Caused by: java.lang.NumberFormatException: For input string: ""
	at java.lang.NumberFormatException.forInputString(NumberFormatException.java:65)
	at java.lang.Integer.parseInt(Integer.java:592)
	at java.lang.Integer.parseInt(Integer.java:615)
	at java.text.MessageFormat.makeFormat(MessageFormat.java:1427)
	... 13 more
--- org.apache.commons.lang3.text.ExtendedMessageFormat_ESTest::test1515
java.lang.StringIndexOutOfBoundsException: String index out of range: 10
	at java.lang.String.charAt(String.java:658)
	at org.apache.commons.lang3.text.ExtendedMessageFormat.readArgumentIndex(ExtendedMessageFormat.java:309)
	at org.apache.commons.lang3.text.ExtendedMessageFormat.applyPattern(ExtendedMessageFormat.java:167)
	at org.apache.commons.lang3.text.ExtendedMessageFormat.<init>(ExtendedMessageFormat.java:128)
	at org.apache.commons.lang3.text.ExtendedMessageFormat.<init>(ExtendedMessageFormat.java:113)
	at org.apache.commons.lang3.text.ExtendedMessageFormat_ESTest.test1515(ExtendedMessageFormat_ESTest.java:127)
	at sun.reflect.NativeMethodAccessorImpl.invoke0(Native Method)
	at sun.reflect.NativeMethodAccessorImpl.invoke(NativeMethodAccessorImpl.java:62)
	at sun.reflect.DelegatingMethodAccessorImpl.invoke(DelegatingMethodAccessorImpl.java:43)
	at java.lang.reflect.Method.invoke(Method.java:498)
	at org.junit.runners.model.FrameworkMethod$1.runReflectiveCall(FrameworkMethod.java:47)
	at org.junit.internal.runners.model.ReflectiveCallable.run(ReflectiveCallable.java:12)
	at org.junit.runners.model.FrameworkMethod.invokeExplosively(FrameworkMethod.java:44)
	at org.junit.internal.runners.statements.InvokeMethod.evaluate(InvokeMethod.java:17)
	at org.junit.internal.runners.statements.FailOnTimeout$StatementThread.run(FailOnTimeout.java:74)
--- org.apache.commons.lang3.text.ExtendedMessageFormat_ESTest::test2626
java.lang.UnsupportedOperationException
	at org.apache.commons.lang3.text.ExtendedMessageFormat.setFormat(ExtendedMessageFormat.java:220)
	at org.apache.commons.lang3.text.ExtendedMessageFormat_ESTest.test2626(ExtendedMessageFormat_ESTest.java:210)
	at sun.reflect.NativeMethodAccessorImpl.invoke0(Native Method)
	at sun.reflect.NativeMethodAccessorImpl.invoke(NativeMethodAccessorImpl.java:62)
	at sun.reflect.DelegatingMethodAccessorImpl.invoke(DelegatingMethodAccessorImpl.java:43)
	at java.lang.reflect.Method.invoke(Method.java:498)
	at org.junit.runners.model.FrameworkMethod$1.runReflectiveCall(FrameworkMethod.java:47)
	at org.junit.internal.runners.model.ReflectiveCallable.run(ReflectiveCallable.java:12)
	at org.junit.runners.model.FrameworkMethod.invokeExplosively(FrameworkMethod.java:44)
	at org.junit.internal.runners.statements.InvokeMethod.evaluate(InvokeMethod.java:17)
	at org.junit.internal.runners.statements.FailOnTimeout$StatementThread.run(FailOnTimeout.java:74)
--- org.apache.commons.lang3.text.ExtendedMessageFormat_ESTest::test1414
java.lang.IllegalArgumentException: Unmatched braces in the pattern.
	at java.text.MessageFormat.applyPattern(MessageFormat.java:508)
	at org.apache.commons.lang3.text.ExtendedMessageFormat.applyPattern(ExtendedMessageFormat.java:147)
	at org.apache.commons.lang3.text.ExtendedMessageFormat.<init>(ExtendedMessageFormat.java:128)
	at org.apache.commons.lang3.text.ExtendedMessageFormat.<init>(ExtendedMessageFormat.java:102)
	at org.apache.commons.lang3.text.ExtendedMessageFormat.<init>(ExtendedMessageFormat.java:91)
	at org.apache.commons.lang3.text.ExtendedMessageFormat_ESTest.test1414(ExtendedMessageFormat_ESTest.java:120)
	at sun.reflect.NativeMethodAccessorImpl.invoke0(Native Method)
	at sun.reflect.NativeMethodAccessorImpl.invoke(NativeMethodAccessorImpl.java:62)
	at sun.reflect.DelegatingMethodAccessorImpl.invoke(DelegatingMethodAccessorImpl.java:43)
	at java.lang.reflect.Method.invoke(Method.java:498)
	at org.junit.runners.model.FrameworkMethod$1.runReflectiveCall(FrameworkMethod.java:47)
	at org.junit.internal.runners.model.ReflectiveCallable.run(ReflectiveCallable.java:12)
	at org.junit.runners.model.FrameworkMethod.invokeExplosively(FrameworkMethod.java:44)
	at org.junit.internal.runners.statements.InvokeMethod.evaluate(InvokeMethod.java:17)
	at org.junit.internal.runners.statements.FailOnTimeout$StatementThread.run(FailOnTimeout.java:74)
--- org.apache.commons.lang3.text.ExtendedMessageFormat_ESTest::test2525
java.lang.UnsupportedOperationException
	at org.apache.commons.lang3.text.ExtendedMessageFormat.setFormatsByArgumentIndex(ExtendedMessageFormat.java:254)
	at org.apache.commons.lang3.text.ExtendedMessageFormat_ESTest.test2525(ExtendedMessageFormat_ESTest.java:203)
	at sun.reflect.NativeMethodAccessorImpl.invoke0(Native Method)
	at sun.reflect.NativeMethodAccessorImpl.invoke(NativeMethodAccessorImpl.java:62)
	at sun.reflect.DelegatingMethodAccessorImpl.invoke(DelegatingMethodAccessorImpl.java:43)
	at java.lang.reflect.Method.invoke(Method.java:498)
	at org.junit.runners.model.FrameworkMethod$1.runReflectiveCall(FrameworkMethod.java:47)
	at org.junit.internal.runners.model.ReflectiveCallable.run(ReflectiveCallable.java:12)
	at org.junit.runners.model.FrameworkMethod.invokeExplosively(FrameworkMethod.java:44)
	at org.junit.internal.runners.statements.InvokeMethod.evaluate(InvokeMethod.java:17)
	at org.junit.internal.runners.statements.FailOnTimeout$StatementThread.run(FailOnTimeout.java:74)
--- org.apache.commons.lang3.text.ExtendedMessageFormat_ESTest::test1919
org.evosuite.runtime.mock.java.lang.MockIllegalArgumentException: Invalid format argument index at position 3: ,
	at org.apache.commons.lang3.text.ExtendedMessageFormat.readArgumentIndex(ExtendedMessageFormat.java:327)
	at org.apache.commons.lang3.text.ExtendedMessageFormat.applyPattern(ExtendedMessageFormat.java:167)
	at org.apache.commons.lang3.text.ExtendedMessageFormat.<init>(ExtendedMessageFormat.java:128)
	at org.apache.commons.lang3.text.ExtendedMessageFormat_ESTest.test1919(ExtendedMessageFormat_ESTest.java:160)
	at sun.reflect.NativeMethodAccessorImpl.invoke0(Native Method)
	at sun.reflect.NativeMethodAccessorImpl.invoke(NativeMethodAccessorImpl.java:62)
	at sun.reflect.DelegatingMethodAccessorImpl.invoke(DelegatingMethodAccessorImpl.java:43)
	at java.lang.reflect.Method.invoke(Method.java:498)
	at org.junit.runners.model.FrameworkMethod$1.runReflectiveCall(FrameworkMethod.java:47)
	at org.junit.internal.runners.model.ReflectiveCallable.run(ReflectiveCallable.java:12)
	at org.junit.runners.model.FrameworkMethod.invokeExplosively(FrameworkMethod.java:44)
	at org.junit.internal.runners.statements.InvokeMethod.evaluate(InvokeMethod.java:17)
	at org.junit.internal.runners.statements.FailOnTimeout$StatementThread.run(FailOnTimeout.java:74)
--- org.apache.commons.lang3.text.ExtendedMessageFormat_ESTest::test000
org.evosuite.runtime.mock.java.lang.MockIllegalArgumentException: Invalid format argument index at position 8: 
	at org.apache.commons.lang3.text.ExtendedMessageFormat.readArgumentIndex(ExtendedMessageFormat.java:327)
	at org.apache.commons.lang3.text.ExtendedMessageFormat.applyPattern(ExtendedMessageFormat.java:167)
	at org.apache.commons.lang3.text.ExtendedMessageFormat.<init>(ExtendedMessageFormat.java:128)
	at org.apache.commons.lang3.text.ExtendedMessageFormat.<init>(ExtendedMessageFormat.java:113)
	at org.apache.commons.lang3.text.ExtendedMessageFormat_ESTest.test000(ExtendedMessageFormat_ESTest.java:28)
	at sun.reflect.NativeMethodAccessorImpl.invoke0(Native Method)
	at sun.reflect.NativeMethodAccessorImpl.invoke(NativeMethodAccessorImpl.java:62)
	at sun.reflect.DelegatingMethodAccessorImpl.invoke(DelegatingMethodAccessorImpl.java:43)
	at java.lang.reflect.Method.invoke(Method.java:498)
	at org.junit.runners.model.FrameworkMethod$1.runReflectiveCall(FrameworkMethod.java:47)
	at org.junit.internal.runners.model.ReflectiveCallable.run(ReflectiveCallable.java:12)
	at org.junit.runners.model.FrameworkMethod.invokeExplosively(FrameworkMethod.java:44)
	at org.junit.internal.runners.statements.InvokeMethod.evaluate(InvokeMethod.java:17)
	at org.junit.internal.runners.statements.FailOnTimeout$StatementThread.run(FailOnTimeout.java:74)
--- org.apache.commons.lang3.text.ExtendedMessageFormat_ESTest::test044
java.lang.IllegalArgumentException: Unmatched braces in the pattern.
	at java.text.MessageFormat.applyPattern(MessageFormat.java:508)
	at org.apache.commons.lang3.text.ExtendedMessageFormat.applyPattern(ExtendedMessageFormat.java:147)
	at org.apache.commons.lang3.text.ExtendedMessageFormat_ESTest.test044(ExtendedMessageFormat_ESTest.java:54)
	at sun.reflect.NativeMethodAccessorImpl.invoke0(Native Method)
	at sun.reflect.NativeMethodAccessorImpl.invoke(NativeMethodAccessorImpl.java:62)
	at sun.reflect.DelegatingMethodAccessorImpl.invoke(DelegatingMethodAccessorImpl.java:43)
	at java.lang.reflect.Method.invoke(Method.java:498)
	at org.junit.runners.model.FrameworkMethod$1.runReflectiveCall(FrameworkMethod.java:47)
	at org.junit.internal.runners.model.ReflectiveCallable.run(ReflectiveCallable.java:12)
	at org.junit.runners.model.FrameworkMethod.invokeExplosively(FrameworkMethod.java:44)
	at org.junit.internal.runners.statements.InvokeMethod.evaluate(InvokeMethod.java:17)
	at org.junit.internal.runners.statements.FailOnTimeout$StatementThread.run(FailOnTimeout.java:74)
--- org.apache.commons.lang3.text.ExtendedMessageFormat_ESTest::test066
java.lang.IllegalArgumentException: Unmatched braces in the pattern.
	at java.text.MessageFormat.applyPattern(MessageFormat.java:508)
	at org.apache.commons.lang3.text.ExtendedMessageFormat.applyPattern(ExtendedMessageFormat.java:147)
	at org.apache.commons.lang3.text.ExtendedMessageFormat.<init>(ExtendedMessageFormat.java:128)
	at org.apache.commons.lang3.text.ExtendedMessageFormat.<init>(ExtendedMessageFormat.java:113)
	at org.apache.commons.lang3.text.ExtendedMessageFormat_ESTest.test066(ExtendedMessageFormat_ESTest.java:66)
	at sun.reflect.NativeMethodAccessorImpl.invoke0(Native Method)
	at sun.reflect.NativeMethodAccessorImpl.invoke(NativeMethodAccessorImpl.java:62)
	at sun.reflect.DelegatingMethodAccessorImpl.invoke(DelegatingMethodAccessorImpl.java:43)
	at java.lang.reflect.Method.invoke(Method.java:498)
	at org.junit.runners.model.FrameworkMethod$1.runReflectiveCall(FrameworkMethod.java:47)
	at org.junit.internal.runners.model.ReflectiveCallable.run(ReflectiveCallable.java:12)
	at org.junit.runners.model.FrameworkMethod.invokeExplosively(FrameworkMethod.java:44)
	at org.junit.internal.runners.statements.InvokeMethod.evaluate(InvokeMethod.java:17)
	at org.junit.internal.runners.statements.FailOnTimeout$StatementThread.run(FailOnTimeout.java:74)
--- org.apache.commons.lang3.text.ExtendedMessageFormat_ESTest::test088
java.lang.NullPointerException
	at java.text.MessageFormat.applyPattern(MessageFormat.java:436)
	at org.apache.commons.lang3.text.ExtendedMessageFormat.applyPattern(ExtendedMessageFormat.java:147)
	at org.apache.commons.lang3.text.ExtendedMessageFormat.<init>(ExtendedMessageFormat.java:128)
	at org.apache.commons.lang3.text.ExtendedMessageFormat_ESTest.test088(ExtendedMessageFormat_ESTest.java:80)
	at sun.reflect.NativeMethodAccessorImpl.invoke0(Native Method)
	at sun.reflect.NativeMethodAccessorImpl.invoke(NativeMethodAccessorImpl.java:62)
	at sun.reflect.DelegatingMethodAccessorImpl.invoke(DelegatingMethodAccessorImpl.java:43)
	at java.lang.reflect.Method.invoke(Method.java:498)
	at org.junit.runners.model.FrameworkMethod$1.runReflectiveCall(FrameworkMethod.java:47)
	at org.junit.internal.runners.model.ReflectiveCallable.run(ReflectiveCallable.java:12)
	at org.junit.runners.model.FrameworkMethod.invokeExplosively(FrameworkMethod.java:44)
	at org.junit.internal.runners.statements.InvokeMethod.evaluate(InvokeMethod.java:17)
	at org.junit.internal.runners.statements.FailOnTimeout$StatementThread.run(FailOnTimeout.java:74)
