--- com.fasterxml.jackson.databind.type.TypeBindings_ESTest::test1210
java.lang.NullPointerException
	at com.fasterxml.jackson.databind.type.TypeBindings.<init>(TypeBindings.java:60)
	at com.fasterxml.jackson.databind.type.TypeBindings.createIfNeeded(TypeBindings.java:190)
	at com.fasterxml.jackson.databind.type.TypeBindings_ESTest.test1210(TypeBindings_ESTest.java:120)
	at sun.reflect.NativeMethodAccessorImpl.invoke0(Native Method)
	at sun.reflect.NativeMethodAccessorImpl.invoke(NativeMethodAccessorImpl.java:62)
	at sun.reflect.DelegatingMethodAccessorImpl.invoke(DelegatingMethodAccessorImpl.java:43)
	at java.lang.reflect.Method.invoke(Method.java:498)
	at org.junit.runners.model.FrameworkMethod$1.runReflectiveCall(FrameworkMethod.java:47)
	at org.junit.internal.runners.model.ReflectiveCallable.run(ReflectiveCallable.java:12)
	at org.junit.runners.model.FrameworkMethod.invokeExplosively(FrameworkMethod.java:44)
	at org.junit.internal.runners.statements.InvokeMethod.evaluate(InvokeMethod.java:17)
	at org.junit.internal.runners.statements.FailOnTimeout$StatementThread.run(FailOnTimeout.java:74)
--- com.fasterxml.jackson.databind.type.TypeBindings_ESTest::test1412
org.evosuite.runtime.mock.java.lang.MockIllegalArgumentException: Can not create TypeBindings for class java.util.Vector with 0 type parameters: class expects 1
	at com.fasterxml.jackson.databind.type.TypeBindings.createIfNeeded(TypeBindings.java:186)
	at com.fasterxml.jackson.databind.type.TypeBindings_ESTest.test1412(TypeBindings_ESTest.java:133)
	at sun.reflect.NativeMethodAccessorImpl.invoke0(Native Method)
	at sun.reflect.NativeMethodAccessorImpl.invoke(NativeMethodAccessorImpl.java:62)
	at sun.reflect.DelegatingMethodAccessorImpl.invoke(DelegatingMethodAccessorImpl.java:43)
	at java.lang.reflect.Method.invoke(Method.java:498)
	at org.junit.runners.model.FrameworkMethod$1.runReflectiveCall(FrameworkMethod.java:47)
	at org.junit.internal.runners.model.ReflectiveCallable.run(ReflectiveCallable.java:12)
	at org.junit.runners.model.FrameworkMethod.invokeExplosively(FrameworkMethod.java:44)
	at org.junit.internal.runners.statements.InvokeMethod.evaluate(InvokeMethod.java:17)
	at org.junit.internal.runners.statements.FailOnTimeout$StatementThread.run(FailOnTimeout.java:74)
--- com.fasterxml.jackson.databind.type.TypeBindings_ESTest::test1513
org.evosuite.runtime.mock.java.lang.MockIllegalArgumentException: Can not create TypeBindings for class java.util.Map with 1 type parameter: class expects 2
	at com.fasterxml.jackson.databind.type.TypeBindings.createIfNeeded(TypeBindings.java:186)
	at com.fasterxml.jackson.databind.type.TypeBindings_ESTest.test1513(TypeBindings_ESTest.java:140)
	at sun.reflect.NativeMethodAccessorImpl.invoke0(Native Method)
	at sun.reflect.NativeMethodAccessorImpl.invoke(NativeMethodAccessorImpl.java:62)
	at sun.reflect.DelegatingMethodAccessorImpl.invoke(DelegatingMethodAccessorImpl.java:43)
	at java.lang.reflect.Method.invoke(Method.java:498)
	at org.junit.runners.model.FrameworkMethod$1.runReflectiveCall(FrameworkMethod.java:47)
	at org.junit.internal.runners.model.ReflectiveCallable.run(ReflectiveCallable.java:12)
	at org.junit.runners.model.FrameworkMethod.invokeExplosively(FrameworkMethod.java:44)
	at org.junit.internal.runners.statements.InvokeMethod.evaluate(InvokeMethod.java:17)
	at org.junit.internal.runners.statements.FailOnTimeout$StatementThread.run(FailOnTimeout.java:74)
--- com.fasterxml.jackson.databind.type.TypeBindings_ESTest::test097
org.evosuite.runtime.mock.java.lang.MockIllegalArgumentException: Can not create TypeBindings for class com.fasterxml.jackson.databind.type.CollectionType with 1 type parameter: class expects 0
	at com.fasterxml.jackson.databind.type.TypeBindings.create(TypeBindings.java:125)
	at com.fasterxml.jackson.databind.type.TypeBindings.create(TypeBindings.java:95)
	at com.fasterxml.jackson.databind.type.TypeBindings_ESTest.test097(TypeBindings_ESTest.java:100)
	at sun.reflect.NativeMethodAccessorImpl.invoke0(Native Method)
	at sun.reflect.NativeMethodAccessorImpl.invoke(NativeMethodAccessorImpl.java:62)
	at sun.reflect.DelegatingMethodAccessorImpl.invoke(DelegatingMethodAccessorImpl.java:43)
	at java.lang.reflect.Method.invoke(Method.java:498)
	at org.junit.runners.model.FrameworkMethod$1.runReflectiveCall(FrameworkMethod.java:47)
	at org.junit.internal.runners.model.ReflectiveCallable.run(ReflectiveCallable.java:12)
	at org.junit.runners.model.FrameworkMethod.invokeExplosively(FrameworkMethod.java:44)
	at org.junit.internal.runners.statements.InvokeMethod.evaluate(InvokeMethod.java:17)
	at org.junit.internal.runners.statements.FailOnTimeout$StatementThread.run(FailOnTimeout.java:74)
--- com.fasterxml.jackson.databind.type.TypeBindings_ESTest::test108
org.evosuite.runtime.mock.java.lang.MockIllegalArgumentException: Can not create TypeBindings for class java.util.Vector with 2 type parameters: class expects 1
	at com.fasterxml.jackson.databind.type.TypeBindings.create(TypeBindings.java:138)
	at com.fasterxml.jackson.databind.type.TypeBindings.create(TypeBindings.java:97)
	at com.fasterxml.jackson.databind.type.TypeBindings_ESTest.test108(TypeBindings_ESTest.java:107)
	at sun.reflect.NativeMethodAccessorImpl.invoke0(Native Method)
	at sun.reflect.NativeMethodAccessorImpl.invoke(NativeMethodAccessorImpl.java:62)
	at sun.reflect.DelegatingMethodAccessorImpl.invoke(DelegatingMethodAccessorImpl.java:43)
	at java.lang.reflect.Method.invoke(Method.java:498)
	at org.junit.runners.model.FrameworkMethod$1.runReflectiveCall(FrameworkMethod.java:47)
	at org.junit.internal.runners.model.ReflectiveCallable.run(ReflectiveCallable.java:12)
	at org.junit.runners.model.FrameworkMethod.invokeExplosively(FrameworkMethod.java:44)
	at org.junit.internal.runners.statements.InvokeMethod.evaluate(InvokeMethod.java:17)
	at org.junit.internal.runners.statements.FailOnTimeout$StatementThread.run(FailOnTimeout.java:74)
--- com.fasterxml.jackson.databind.type.TypeBindings_ESTest::test064
org.evosuite.runtime.mock.java.lang.MockIllegalArgumentException: Can not create TypeBindings for class java.util.Vector with 0 type parameters: class expects 1
	at com.fasterxml.jackson.databind.type.TypeBindings.create(TypeBindings.java:112)
	at com.fasterxml.jackson.databind.type.TypeBindings.create(TypeBindings.java:86)
	at com.fasterxml.jackson.databind.type.TypeBindings_ESTest.test064(TypeBindings_ESTest.java:77)
	at sun.reflect.NativeMethodAccessorImpl.invoke0(Native Method)
	at sun.reflect.NativeMethodAccessorImpl.invoke(NativeMethodAccessorImpl.java:62)
	at sun.reflect.DelegatingMethodAccessorImpl.invoke(DelegatingMethodAccessorImpl.java:43)
	at java.lang.reflect.Method.invoke(Method.java:498)
	at org.junit.runners.model.FrameworkMethod$1.runReflectiveCall(FrameworkMethod.java:47)
	at org.junit.internal.runners.model.ReflectiveCallable.run(ReflectiveCallable.java:12)
	at org.junit.runners.model.FrameworkMethod.invokeExplosively(FrameworkMethod.java:44)
	at org.junit.internal.runners.statements.InvokeMethod.evaluate(InvokeMethod.java:17)
	at org.junit.internal.runners.statements.FailOnTimeout$StatementThread.run(FailOnTimeout.java:74)
--- com.fasterxml.jackson.databind.type.TypeBindings_ESTest::test086
org.evosuite.runtime.mock.java.lang.MockIllegalArgumentException: Can not create TypeBindings for class java.util.Vector with 0 type parameters: class expects 1
	at com.fasterxml.jackson.databind.type.TypeBindings.create(TypeBindings.java:112)
	at com.fasterxml.jackson.databind.type.TypeBindings_ESTest.test086(TypeBindings_ESTest.java:93)
	at sun.reflect.NativeMethodAccessorImpl.invoke0(Native Method)
	at sun.reflect.NativeMethodAccessorImpl.invoke(NativeMethodAccessorImpl.java:62)
	at sun.reflect.DelegatingMethodAccessorImpl.invoke(DelegatingMethodAccessorImpl.java:43)
	at java.lang.reflect.Method.invoke(Method.java:498)
	at org.junit.runners.model.FrameworkMethod$1.runReflectiveCall(FrameworkMethod.java:47)
	at org.junit.internal.runners.model.ReflectiveCallable.run(ReflectiveCallable.java:12)
	at org.junit.runners.model.FrameworkMethod.invokeExplosively(FrameworkMethod.java:44)
	at org.junit.internal.runners.statements.InvokeMethod.evaluate(InvokeMethod.java:17)
	at org.junit.internal.runners.statements.FailOnTimeout$StatementThread.run(FailOnTimeout.java:74)
--- com.fasterxml.jackson.databind.type.TypeBindings_ESTest::test119
org.evosuite.runtime.mock.java.lang.MockIllegalArgumentException: Can not create TypeBindings for class java.util.Map with 1 type parameter: class expects 2
	at com.fasterxml.jackson.databind.type.TypeBindings.createIfNeeded(TypeBindings.java:158)
	at com.fasterxml.jackson.databind.type.TypeBindings_ESTest.test119(TypeBindings_ESTest.java:113)
	at sun.reflect.NativeMethodAccessorImpl.invoke0(Native Method)
	at sun.reflect.NativeMethodAccessorImpl.invoke(NativeMethodAccessorImpl.java:62)
	at sun.reflect.DelegatingMethodAccessorImpl.invoke(DelegatingMethodAccessorImpl.java:43)
	at java.lang.reflect.Method.invoke(Method.java:498)
	at org.junit.runners.model.FrameworkMethod$1.runReflectiveCall(FrameworkMethod.java:47)
	at org.junit.internal.runners.model.ReflectiveCallable.run(ReflectiveCallable.java:12)
	at org.junit.runners.model.FrameworkMethod.invokeExplosively(FrameworkMethod.java:44)
	at org.junit.internal.runners.statements.InvokeMethod.evaluate(InvokeMethod.java:17)
	at org.junit.internal.runners.statements.FailOnTimeout$StatementThread.run(FailOnTimeout.java:74)
