--- org.apache.commons.math.estimation.AbstractEstimator_ESTest::test2224
java.lang.NullPointerException
	at java.util.Arrays.fill(Arrays.java:3057)
	at org.apache.commons.math.estimation.AbstractEstimator.updateJacobian(AbstractEstimator.java:74)
	at org.apache.commons.math.estimation.AbstractEstimator_ESTest.test2224(AbstractEstimator_ESTest.java:304)
	at sun.reflect.NativeMethodAccessorImpl.invoke0(Native Method)
	at sun.reflect.NativeMethodAccessorImpl.invoke(NativeMethodAccessorImpl.java:62)
	at sun.reflect.DelegatingMethodAccessorImpl.invoke(DelegatingMethodAccessorImpl.java:43)
	at java.lang.reflect.Method.invoke(Method.java:498)
	at org.junit.runners.model.FrameworkMethod$1.runReflectiveCall(FrameworkMethod.java:47)
	at org.junit.internal.runners.model.ReflectiveCallable.run(ReflectiveCallable.java:12)
	at org.junit.runners.model.FrameworkMethod.invokeExplosively(FrameworkMethod.java:44)
	at org.junit.internal.runners.statements.InvokeMethod.evaluate(InvokeMethod.java:17)
	at org.junit.internal.runners.statements.FailOnTimeout$StatementThread.run(FailOnTimeout.java:74)
--- org.apache.commons.math.estimation.AbstractEstimator_ESTest::test3335
org.apache.commons.math.estimation.EstimationException: unable to compute covariances: singular problem
	at org.apache.commons.math.estimation.AbstractEstimator.getCovariances(AbstractEstimator.java:184)
	at org.apache.commons.math.estimation.AbstractEstimator.guessParametersErrors(AbstractEstimator.java:209)
	at org.apache.commons.math.estimation.AbstractEstimator_ESTest.test3335(AbstractEstimator_ESTest.java:407)
	at sun.reflect.NativeMethodAccessorImpl.invoke0(Native Method)
	at sun.reflect.NativeMethodAccessorImpl.invoke(NativeMethodAccessorImpl.java:62)
	at sun.reflect.DelegatingMethodAccessorImpl.invoke(DelegatingMethodAccessorImpl.java:43)
	at java.lang.reflect.Method.invoke(Method.java:498)
	at org.junit.runners.model.FrameworkMethod$1.runReflectiveCall(FrameworkMethod.java:47)
	at org.junit.internal.runners.model.ReflectiveCallable.run(ReflectiveCallable.java:12)
	at org.junit.runners.model.FrameworkMethod.invokeExplosively(FrameworkMethod.java:44)
	at org.junit.internal.runners.statements.InvokeMethod.evaluate(InvokeMethod.java:17)
	at org.junit.internal.runners.statements.FailOnTimeout$StatementThread.run(FailOnTimeout.java:74)
--- org.apache.commons.math.estimation.AbstractEstimator_ESTest::test2325
java.lang.NullPointerException
	at org.apache.commons.math.estimation.AbstractEstimator.initializeEstimate(AbstractEstimator.java:230)
	at org.apache.commons.math.estimation.AbstractEstimator_ESTest.test2325(AbstractEstimator_ESTest.java:310)
	at sun.reflect.NativeMethodAccessorImpl.invoke0(Native Method)
	at sun.reflect.NativeMethodAccessorImpl.invoke(NativeMethodAccessorImpl.java:62)
	at sun.reflect.DelegatingMethodAccessorImpl.invoke(DelegatingMethodAccessorImpl.java:43)
	at java.lang.reflect.Method.invoke(Method.java:498)
	at org.junit.runners.model.FrameworkMethod$1.runReflectiveCall(FrameworkMethod.java:47)
	at org.junit.internal.runners.model.ReflectiveCallable.run(ReflectiveCallable.java:12)
	at org.junit.runners.model.FrameworkMethod.invokeExplosively(FrameworkMethod.java:44)
	at org.junit.internal.runners.statements.InvokeMethod.evaluate(InvokeMethod.java:17)
	at org.junit.internal.runners.statements.FailOnTimeout$StatementThread.run(FailOnTimeout.java:74)
--- org.apache.commons.math.estimation.AbstractEstimator_ESTest::test3436
java.lang.ArrayIndexOutOfBoundsException: 1
	at org.apache.commons.math.estimation.AbstractEstimator.getCovariances(AbstractEstimator.java:173)
	at org.apache.commons.math.estimation.AbstractEstimator.guessParametersErrors(AbstractEstimator.java:209)
	at org.apache.commons.math.estimation.AbstractEstimator_ESTest.test3436(AbstractEstimator_ESTest.java:426)
	at sun.reflect.NativeMethodAccessorImpl.invoke0(Native Method)
	at sun.reflect.NativeMethodAccessorImpl.invoke(NativeMethodAccessorImpl.java:62)
	at sun.reflect.DelegatingMethodAccessorImpl.invoke(DelegatingMethodAccessorImpl.java:43)
	at java.lang.reflect.Method.invoke(Method.java:498)
	at org.junit.runners.model.FrameworkMethod$1.runReflectiveCall(FrameworkMethod.java:47)
	at org.junit.internal.runners.model.ReflectiveCallable.run(ReflectiveCallable.java:12)
	at org.junit.runners.model.FrameworkMethod.invokeExplosively(FrameworkMethod.java:44)
	at org.junit.internal.runners.statements.InvokeMethod.evaluate(InvokeMethod.java:17)
	at org.junit.internal.runners.statements.FailOnTimeout$StatementThread.run(FailOnTimeout.java:74)
--- org.apache.commons.math.estimation.AbstractEstimator_ESTest::test1214
org.evosuite.runtime.mock.java.lang.MockIllegalArgumentException: Matrix must have at least one row.
	at org.apache.commons.math.linear.RealMatrixImpl.setSubMatrix(RealMatrixImpl.java:396)
	at org.apache.commons.math.linear.RealMatrixImpl.copyIn(RealMatrixImpl.java:1020)
	at org.apache.commons.math.linear.RealMatrixImpl.<init>(RealMatrixImpl.java:109)
	at org.apache.commons.math.estimation.AbstractEstimator.getCovariances(AbstractEstimator.java:182)
	at org.apache.commons.math.estimation.AbstractEstimator.guessParametersErrors(AbstractEstimator.java:209)
	at org.apache.commons.math.estimation.AbstractEstimator_ESTest.test1214(AbstractEstimator_ESTest.java:209)
	at sun.reflect.NativeMethodAccessorImpl.invoke0(Native Method)
	at sun.reflect.NativeMethodAccessorImpl.invoke(NativeMethodAccessorImpl.java:62)
	at sun.reflect.DelegatingMethodAccessorImpl.invoke(DelegatingMethodAccessorImpl.java:43)
	at java.lang.reflect.Method.invoke(Method.java:498)
	at org.junit.runners.model.FrameworkMethod$1.runReflectiveCall(FrameworkMethod.java:47)
	at org.junit.internal.runners.model.ReflectiveCallable.run(ReflectiveCallable.java:12)
	at org.junit.runners.model.FrameworkMethod.invokeExplosively(FrameworkMethod.java:44)
	at org.junit.internal.runners.statements.InvokeMethod.evaluate(InvokeMethod.java:17)
	at org.junit.internal.runners.statements.FailOnTimeout$StatementThread.run(FailOnTimeout.java:74)
--- org.apache.commons.math.estimation.AbstractEstimator_ESTest::test2022
java.lang.NullPointerException
	at org.apache.commons.math.estimation.AbstractEstimator.updateResidualsAndCost(AbstractEstimator.java:106)
	at org.apache.commons.math.estimation.AbstractEstimator_ESTest.test2022(AbstractEstimator_ESTest.java:289)
	at sun.reflect.NativeMethodAccessorImpl.invoke0(Native Method)
	at sun.reflect.NativeMethodAccessorImpl.invoke(NativeMethodAccessorImpl.java:62)
	at sun.reflect.DelegatingMethodAccessorImpl.invoke(DelegatingMethodAccessorImpl.java:43)
	at java.lang.reflect.Method.invoke(Method.java:498)
	at org.junit.runners.model.FrameworkMethod$1.runReflectiveCall(FrameworkMethod.java:47)
	at org.junit.internal.runners.model.ReflectiveCallable.run(ReflectiveCallable.java:12)
	at org.junit.runners.model.FrameworkMethod.invokeExplosively(FrameworkMethod.java:44)
	at org.junit.internal.runners.statements.InvokeMethod.evaluate(InvokeMethod.java:17)
	at org.junit.internal.runners.statements.FailOnTimeout$StatementThread.run(FailOnTimeout.java:74)
--- org.apache.commons.math.estimation.AbstractEstimator_ESTest::test3133
java.lang.NullPointerException
	at org.apache.commons.math.estimation.AbstractEstimator.initializeEstimate(AbstractEstimator.java:230)
	at org.apache.commons.math.estimation.GaussNewtonEstimator.estimate(GaussNewtonEstimator.java:105)
	at org.apache.commons.math.estimation.AbstractEstimator_ESTest.test3133(AbstractEstimator_ESTest.java:381)
	at sun.reflect.NativeMethodAccessorImpl.invoke0(Native Method)
	at sun.reflect.NativeMethodAccessorImpl.invoke(NativeMethodAccessorImpl.java:62)
	at sun.reflect.DelegatingMethodAccessorImpl.invoke(DelegatingMethodAccessorImpl.java:43)
	at java.lang.reflect.Method.invoke(Method.java:498)
	at org.junit.runners.model.FrameworkMethod$1.runReflectiveCall(FrameworkMethod.java:47)
	at org.junit.internal.runners.model.ReflectiveCallable.run(ReflectiveCallable.java:12)
	at org.junit.runners.model.FrameworkMethod.invokeExplosively(FrameworkMethod.java:44)
	at org.junit.internal.runners.statements.InvokeMethod.evaluate(InvokeMethod.java:17)
	at org.junit.internal.runners.statements.FailOnTimeout$StatementThread.run(FailOnTimeout.java:74)
--- org.apache.commons.math.estimation.AbstractEstimator_ESTest::test2123
java.lang.ArrayIndexOutOfBoundsException: 0
	at org.apache.commons.math.estimation.AbstractEstimator.updateResidualsAndCost(AbstractEstimator.java:106)
	at org.apache.commons.math.estimation.AbstractEstimator_ESTest.test2123(AbstractEstimator_ESTest.java:298)
	at sun.reflect.NativeMethodAccessorImpl.invoke0(Native Method)
	at sun.reflect.NativeMethodAccessorImpl.invoke(NativeMethodAccessorImpl.java:62)
	at sun.reflect.DelegatingMethodAccessorImpl.invoke(DelegatingMethodAccessorImpl.java:43)
	at java.lang.reflect.Method.invoke(Method.java:498)
	at org.junit.runners.model.FrameworkMethod$1.runReflectiveCall(FrameworkMethod.java:47)
	at org.junit.internal.runners.model.ReflectiveCallable.run(ReflectiveCallable.java:12)
	at org.junit.runners.model.FrameworkMethod.invokeExplosively(FrameworkMethod.java:44)
	at org.junit.internal.runners.statements.InvokeMethod.evaluate(InvokeMethod.java:17)
	at org.junit.internal.runners.statements.FailOnTimeout$StatementThread.run(FailOnTimeout.java:74)
--- org.apache.commons.math.estimation.AbstractEstimator_ESTest::test3234
org.evosuite.runtime.mock.java.lang.MockIllegalArgumentException: row and column dimensions must be postive
	at org.apache.commons.math.linear.RealMatrixImpl.<init>(RealMatrixImpl.java:90)
	at org.apache.commons.math.estimation.GaussNewtonEstimator.estimate(GaussNewtonEstimator.java:109)
	at org.apache.commons.math.estimation.AbstractEstimator_ESTest.test3234(AbstractEstimator_ESTest.java:388)
	at sun.reflect.NativeMethodAccessorImpl.invoke0(Native Method)
	at sun.reflect.NativeMethodAccessorImpl.invoke(NativeMethodAccessorImpl.java:62)
	at sun.reflect.DelegatingMethodAccessorImpl.invoke(DelegatingMethodAccessorImpl.java:43)
	at java.lang.reflect.Method.invoke(Method.java:498)
	at org.junit.runners.model.FrameworkMethod$1.runReflectiveCall(FrameworkMethod.java:47)
	at org.junit.internal.runners.model.ReflectiveCallable.run(ReflectiveCallable.java:12)
	at org.junit.runners.model.FrameworkMethod.invokeExplosively(FrameworkMethod.java:44)
	at org.junit.internal.runners.statements.InvokeMethod.evaluate(InvokeMethod.java:17)
	at org.junit.internal.runners.statements.FailOnTimeout$StatementThread.run(FailOnTimeout.java:74)
--- org.apache.commons.math.estimation.AbstractEstimator_ESTest::test1012
org.evosuite.runtime.mock.java.lang.MockIllegalArgumentException: Matrix must have at least one row.
	at org.apache.commons.math.linear.RealMatrixImpl.setSubMatrix(RealMatrixImpl.java:396)
	at org.apache.commons.math.linear.RealMatrixImpl.copyIn(RealMatrixImpl.java:1020)
	at org.apache.commons.math.linear.RealMatrixImpl.<init>(RealMatrixImpl.java:109)
	at org.apache.commons.math.estimation.AbstractEstimator.getCovariances(AbstractEstimator.java:182)
	at org.apache.commons.math.estimation.AbstractEstimator.guessParametersErrors(AbstractEstimator.java:209)
	at org.apache.commons.math.estimation.AbstractEstimator_ESTest.test1012(AbstractEstimator_ESTest.java:180)
	at sun.reflect.NativeMethodAccessorImpl.invoke0(Native Method)
	at sun.reflect.NativeMethodAccessorImpl.invoke(NativeMethodAccessorImpl.java:62)
	at sun.reflect.DelegatingMethodAccessorImpl.invoke(DelegatingMethodAccessorImpl.java:43)
	at java.lang.reflect.Method.invoke(Method.java:498)
	at org.junit.runners.model.FrameworkMethod$1.runReflectiveCall(FrameworkMethod.java:47)
	at org.junit.internal.runners.model.ReflectiveCallable.run(ReflectiveCallable.java:12)
	at org.junit.runners.model.FrameworkMethod.invokeExplosively(FrameworkMethod.java:44)
	at org.junit.internal.runners.statements.InvokeMethod.evaluate(InvokeMethod.java:17)
	at org.junit.internal.runners.statements.FailOnTimeout$StatementThread.run(FailOnTimeout.java:74)
--- org.apache.commons.math.estimation.AbstractEstimator_ESTest::test2628
java.lang.NullPointerException
	at java.util.Arrays.fill(Arrays.java:3057)
	at org.apache.commons.math.estimation.AbstractEstimator.updateJacobian(AbstractEstimator.java:74)
	at org.apache.commons.math.estimation.AbstractEstimator.getCovariances(AbstractEstimator.java:162)
	at org.apache.commons.math.estimation.AbstractEstimator_ESTest.test2628(AbstractEstimator_ESTest.java:336)
	at sun.reflect.NativeMethodAccessorImpl.invoke0(Native Method)
	at sun.reflect.NativeMethodAccessorImpl.invoke(NativeMethodAccessorImpl.java:62)
	at sun.reflect.DelegatingMethodAccessorImpl.invoke(DelegatingMethodAccessorImpl.java:43)
	at java.lang.reflect.Method.invoke(Method.java:498)
	at org.junit.runners.model.FrameworkMethod$1.runReflectiveCall(FrameworkMethod.java:47)
	at org.junit.internal.runners.model.ReflectiveCallable.run(ReflectiveCallable.java:12)
	at org.junit.runners.model.FrameworkMethod.invokeExplosively(FrameworkMethod.java:44)
	at org.junit.internal.runners.statements.InvokeMethod.evaluate(InvokeMethod.java:17)
	at org.junit.internal.runners.statements.FailOnTimeout$StatementThread.run(FailOnTimeout.java:74)
--- org.apache.commons.math.estimation.AbstractEstimator_ESTest::test011
org.apache.commons.math.estimation.EstimationException: no degrees of freedom (0 measurements, 1 parameters)
	at org.apache.commons.math.estimation.AbstractEstimator.guessParametersErrors(AbstractEstimator.java:204)
	at org.apache.commons.math.estimation.AbstractEstimator_ESTest.test011(AbstractEstimator_ESTest.java:55)
	at sun.reflect.NativeMethodAccessorImpl.invoke0(Native Method)
	at sun.reflect.NativeMethodAccessorImpl.invoke(NativeMethodAccessorImpl.java:62)
	at sun.reflect.DelegatingMethodAccessorImpl.invoke(DelegatingMethodAccessorImpl.java:43)
	at java.lang.reflect.Method.invoke(Method.java:498)
	at org.junit.runners.model.FrameworkMethod$1.runReflectiveCall(FrameworkMethod.java:47)
	at org.junit.internal.runners.model.ReflectiveCallable.run(ReflectiveCallable.java:12)
	at org.junit.runners.model.FrameworkMethod.invokeExplosively(FrameworkMethod.java:44)
	at org.junit.internal.runners.statements.InvokeMethod.evaluate(InvokeMethod.java:17)
	at org.junit.internal.runners.statements.FailOnTimeout$StatementThread.run(FailOnTimeout.java:74)
--- org.apache.commons.math.estimation.AbstractEstimator_ESTest::test033
org.apache.commons.math.estimation.EstimationException: no degrees of freedom (0 measurements, 1 parameters)
	at org.apache.commons.math.estimation.AbstractEstimator.guessParametersErrors(AbstractEstimator.java:204)
	at org.apache.commons.math.estimation.AbstractEstimator_ESTest.test033(AbstractEstimator_ESTest.java:71)
	at sun.reflect.NativeMethodAccessorImpl.invoke0(Native Method)
	at sun.reflect.NativeMethodAccessorImpl.invoke(NativeMethodAccessorImpl.java:62)
	at sun.reflect.DelegatingMethodAccessorImpl.invoke(DelegatingMethodAccessorImpl.java:43)
	at java.lang.reflect.Method.invoke(Method.java:498)
	at org.junit.runners.model.FrameworkMethod$1.runReflectiveCall(FrameworkMethod.java:47)
	at org.junit.internal.runners.model.ReflectiveCallable.run(ReflectiveCallable.java:12)
	at org.junit.runners.model.FrameworkMethod.invokeExplosively(FrameworkMethod.java:44)
	at org.junit.internal.runners.statements.InvokeMethod.evaluate(InvokeMethod.java:17)
	at org.junit.internal.runners.statements.FailOnTimeout$StatementThread.run(FailOnTimeout.java:74)
--- org.apache.commons.math.estimation.AbstractEstimator_ESTest::test2729
org.evosuite.runtime.mock.java.lang.MockIllegalArgumentException: Matrix must have at least one row.
	at org.apache.commons.math.linear.RealMatrixImpl.setSubMatrix(RealMatrixImpl.java:396)
	at org.apache.commons.math.linear.RealMatrixImpl.copyIn(RealMatrixImpl.java:1020)
	at org.apache.commons.math.linear.RealMatrixImpl.<init>(RealMatrixImpl.java:109)
	at org.apache.commons.math.estimation.AbstractEstimator.getCovariances(AbstractEstimator.java:182)
	at org.apache.commons.math.estimation.AbstractEstimator_ESTest.test2729(AbstractEstimator_ESTest.java:344)
	at sun.reflect.NativeMethodAccessorImpl.invoke0(Native Method)
	at sun.reflect.NativeMethodAccessorImpl.invoke(NativeMethodAccessorImpl.java:62)
	at sun.reflect.DelegatingMethodAccessorImpl.invoke(DelegatingMethodAccessorImpl.java:43)
	at java.lang.reflect.Method.invoke(Method.java:498)
	at org.junit.runners.model.FrameworkMethod$1.runReflectiveCall(FrameworkMethod.java:47)
	at org.junit.internal.runners.model.ReflectiveCallable.run(ReflectiveCallable.java:12)
	at org.junit.runners.model.FrameworkMethod.invokeExplosively(FrameworkMethod.java:44)
	at org.junit.internal.runners.statements.InvokeMethod.evaluate(InvokeMethod.java:17)
	at org.junit.internal.runners.statements.FailOnTimeout$StatementThread.run(FailOnTimeout.java:74)
--- org.apache.commons.math.estimation.AbstractEstimator_ESTest::test2426
java.lang.NullPointerException
	at java.util.Arrays.fill(Arrays.java:3057)
	at org.apache.commons.math.estimation.AbstractEstimator.updateJacobian(AbstractEstimator.java:74)
	at org.apache.commons.math.estimation.AbstractEstimator.getCovariances(AbstractEstimator.java:162)
	at org.apache.commons.math.estimation.AbstractEstimator.guessParametersErrors(AbstractEstimator.java:209)
	at org.apache.commons.math.estimation.AbstractEstimator_ESTest.test2426(AbstractEstimator_ESTest.java:321)
	at sun.reflect.NativeMethodAccessorImpl.invoke0(Native Method)
	at sun.reflect.NativeMethodAccessorImpl.invoke(NativeMethodAccessorImpl.java:62)
	at sun.reflect.DelegatingMethodAccessorImpl.invoke(DelegatingMethodAccessorImpl.java:43)
	at java.lang.reflect.Method.invoke(Method.java:498)
	at org.junit.runners.model.FrameworkMethod$1.runReflectiveCall(FrameworkMethod.java:47)
	at org.junit.internal.runners.model.ReflectiveCallable.run(ReflectiveCallable.java:12)
	at org.junit.runners.model.FrameworkMethod.invokeExplosively(FrameworkMethod.java:44)
	at org.junit.internal.runners.statements.InvokeMethod.evaluate(InvokeMethod.java:17)
	at org.junit.internal.runners.statements.FailOnTimeout$StatementThread.run(FailOnTimeout.java:74)
--- org.apache.commons.math.estimation.AbstractEstimator_ESTest::test2527
java.lang.NullPointerException
	at org.apache.commons.math.estimation.AbstractEstimator.getRMS(AbstractEstimator.java:130)
	at org.apache.commons.math.estimation.AbstractEstimator_ESTest.test2527(AbstractEstimator_ESTest.java:329)
	at sun.reflect.NativeMethodAccessorImpl.invoke0(Native Method)
	at sun.reflect.NativeMethodAccessorImpl.invoke(NativeMethodAccessorImpl.java:62)
	at sun.reflect.DelegatingMethodAccessorImpl.invoke(DelegatingMethodAccessorImpl.java:43)
	at java.lang.reflect.Method.invoke(Method.java:498)
	at org.junit.runners.model.FrameworkMethod$1.runReflectiveCall(FrameworkMethod.java:47)
	at org.junit.internal.runners.model.ReflectiveCallable.run(ReflectiveCallable.java:12)
	at org.junit.runners.model.FrameworkMethod.invokeExplosively(FrameworkMethod.java:44)
	at org.junit.internal.runners.statements.InvokeMethod.evaluate(InvokeMethod.java:17)
	at org.junit.internal.runners.statements.FailOnTimeout$StatementThread.run(FailOnTimeout.java:74)
--- org.apache.commons.math.estimation.AbstractEstimator_ESTest::test3638
org.apache.commons.math.estimation.EstimationException: maximal number of evaluations exceeded (-817)
	at org.apache.commons.math.estimation.AbstractEstimator.updateResidualsAndCost(AbstractEstimator.java:100)
	at org.apache.commons.math.estimation.AbstractEstimator_ESTest.test3638(AbstractEstimator_ESTest.java:439)
	at sun.reflect.NativeMethodAccessorImpl.invoke0(Native Method)
	at sun.reflect.NativeMethodAccessorImpl.invoke(NativeMethodAccessorImpl.java:62)
	at sun.reflect.DelegatingMethodAccessorImpl.invoke(DelegatingMethodAccessorImpl.java:43)
	at java.lang.reflect.Method.invoke(Method.java:498)
	at org.junit.runners.model.FrameworkMethod$1.runReflectiveCall(FrameworkMethod.java:47)
	at org.junit.internal.runners.model.ReflectiveCallable.run(ReflectiveCallable.java:12)
	at org.junit.runners.model.FrameworkMethod.invokeExplosively(FrameworkMethod.java:44)
	at org.junit.internal.runners.statements.InvokeMethod.evaluate(InvokeMethod.java:17)
	at org.junit.internal.runners.statements.FailOnTimeout$StatementThread.run(FailOnTimeout.java:74)
--- org.apache.commons.math.estimation.AbstractEstimator_ESTest::test3032
org.apache.commons.math.estimation.EstimationException: unable to perform Q.R decomposition on the 1x1 jacobian matrix
	at org.apache.commons.math.estimation.LevenbergMarquardtEstimator.qrDecomposition(LevenbergMarquardtEstimator.java:765)
	at org.apache.commons.math.estimation.LevenbergMarquardtEstimator.estimate(LevenbergMarquardtEstimator.java:232)
	at org.apache.commons.math.estimation.AbstractEstimator_ESTest.test3032(AbstractEstimator_ESTest.java:375)
	at sun.reflect.NativeMethodAccessorImpl.invoke0(Native Method)
	at sun.reflect.NativeMethodAccessorImpl.invoke(NativeMethodAccessorImpl.java:62)
	at sun.reflect.DelegatingMethodAccessorImpl.invoke(DelegatingMethodAccessorImpl.java:43)
	at java.lang.reflect.Method.invoke(Method.java:498)
	at org.junit.runners.model.FrameworkMethod$1.runReflectiveCall(FrameworkMethod.java:47)
	at org.junit.internal.runners.model.ReflectiveCallable.run(ReflectiveCallable.java:12)
	at org.junit.runners.model.FrameworkMethod.invokeExplosively(FrameworkMethod.java:44)
	at org.junit.internal.runners.statements.InvokeMethod.evaluate(InvokeMethod.java:17)
	at org.junit.internal.runners.statements.FailOnTimeout$StatementThread.run(FailOnTimeout.java:74)
--- org.apache.commons.math.estimation.AbstractEstimator_ESTest::test2830
java.lang.ArrayIndexOutOfBoundsException: 0
	at org.apache.commons.math.estimation.AbstractEstimator.getCovariances(AbstractEstimator.java:173)
	at org.apache.commons.math.estimation.AbstractEstimator_ESTest.test2830(AbstractEstimator_ESTest.java:355)
	at sun.reflect.NativeMethodAccessorImpl.invoke0(Native Method)
	at sun.reflect.NativeMethodAccessorImpl.invoke(NativeMethodAccessorImpl.java:62)
	at sun.reflect.DelegatingMethodAccessorImpl.invoke(DelegatingMethodAccessorImpl.java:43)
	at java.lang.reflect.Method.invoke(Method.java:498)
	at org.junit.runners.model.FrameworkMethod$1.runReflectiveCall(FrameworkMethod.java:47)
	at org.junit.internal.runners.model.ReflectiveCallable.run(ReflectiveCallable.java:12)
	at org.junit.runners.model.FrameworkMethod.invokeExplosively(FrameworkMethod.java:44)
	at org.junit.internal.runners.statements.InvokeMethod.evaluate(InvokeMethod.java:17)
	at org.junit.internal.runners.statements.FailOnTimeout$StatementThread.run(FailOnTimeout.java:74)
--- org.apache.commons.math.estimation.AbstractEstimator_ESTest::test2931
java.lang.NullPointerException
	at org.apache.commons.math.estimation.AbstractEstimator.getChiSquare(AbstractEstimator.java:142)
	at org.apache.commons.math.estimation.AbstractEstimator_ESTest.test2931(AbstractEstimator_ESTest.java:361)
	at sun.reflect.NativeMethodAccessorImpl.invoke0(Native Method)
	at sun.reflect.NativeMethodAccessorImpl.invoke(NativeMethodAccessorImpl.java:62)
	at sun.reflect.DelegatingMethodAccessorImpl.invoke(DelegatingMethodAccessorImpl.java:43)
	at java.lang.reflect.Method.invoke(Method.java:498)
	at org.junit.runners.model.FrameworkMethod$1.runReflectiveCall(FrameworkMethod.java:47)
	at org.junit.internal.runners.model.ReflectiveCallable.run(ReflectiveCallable.java:12)
	at org.junit.runners.model.FrameworkMethod.invokeExplosively(FrameworkMethod.java:44)
	at org.junit.internal.runners.statements.InvokeMethod.evaluate(InvokeMethod.java:17)
	at org.junit.internal.runners.statements.FailOnTimeout$StatementThread.run(FailOnTimeout.java:74)
--- org.apache.commons.math.estimation.AbstractEstimator_ESTest::test022
org.apache.commons.math.estimation.EstimationException: no degrees of freedom (0 measurements, 0 parameters)
	at org.apache.commons.math.estimation.AbstractEstimator.guessParametersErrors(AbstractEstimator.java:204)
	at org.apache.commons.math.estimation.AbstractEstimator_ESTest.test022(AbstractEstimator_ESTest.java:63)
	at sun.reflect.NativeMethodAccessorImpl.invoke0(Native Method)
	at sun.reflect.NativeMethodAccessorImpl.invoke(NativeMethodAccessorImpl.java:62)
	at sun.reflect.DelegatingMethodAccessorImpl.invoke(DelegatingMethodAccessorImpl.java:43)
	at java.lang.reflect.Method.invoke(Method.java:498)
	at org.junit.runners.model.FrameworkMethod$1.runReflectiveCall(FrameworkMethod.java:47)
	at org.junit.internal.runners.model.ReflectiveCallable.run(ReflectiveCallable.java:12)
	at org.junit.runners.model.FrameworkMethod.invokeExplosively(FrameworkMethod.java:44)
	at org.junit.internal.runners.statements.InvokeMethod.evaluate(InvokeMethod.java:17)
	at org.junit.internal.runners.statements.FailOnTimeout$StatementThread.run(FailOnTimeout.java:74)
--- org.apache.commons.math.estimation.AbstractEstimator_ESTest::test044
org.apache.commons.math.estimation.EstimationException: unable to compute covariances: singular problem
	at org.apache.commons.math.estimation.AbstractEstimator.getCovariances(AbstractEstimator.java:184)
	at org.apache.commons.math.estimation.AbstractEstimator_ESTest.test044(AbstractEstimator_ESTest.java:87)
	at sun.reflect.NativeMethodAccessorImpl.invoke0(Native Method)
	at sun.reflect.NativeMethodAccessorImpl.invoke(NativeMethodAccessorImpl.java:62)
	at sun.reflect.DelegatingMethodAccessorImpl.invoke(DelegatingMethodAccessorImpl.java:43)
	at java.lang.reflect.Method.invoke(Method.java:498)
	at org.junit.runners.model.FrameworkMethod$1.runReflectiveCall(FrameworkMethod.java:47)
	at org.junit.internal.runners.model.ReflectiveCallable.run(ReflectiveCallable.java:12)
	at org.junit.runners.model.FrameworkMethod.invokeExplosively(FrameworkMethod.java:44)
	at org.junit.internal.runners.statements.InvokeMethod.evaluate(InvokeMethod.java:17)
	at org.junit.internal.runners.statements.FailOnTimeout$StatementThread.run(FailOnTimeout.java:74)
