--- com.fasterxml.jackson.databind.module.SimpleAbstractTypeResolver_ESTest::test23
org.evosuite.runtime.mock.java.lang.MockIllegalArgumentException: Can not add mapping from class to itself
	at com.fasterxml.jackson.databind.module.SimpleAbstractTypeResolver.addMapping(SimpleAbstractTypeResolver.java:56)
	at com.fasterxml.jackson.databind.module.SimpleAbstractTypeResolver_ESTest.test23(SimpleAbstractTypeResolver_ESTest.java:61)
	at sun.reflect.NativeMethodAccessorImpl.invoke0(Native Method)
	at sun.reflect.NativeMethodAccessorImpl.invoke(NativeMethodAccessorImpl.java:62)
	at sun.reflect.DelegatingMethodAccessorImpl.invoke(DelegatingMethodAccessorImpl.java:43)
	at java.lang.reflect.Method.invoke(Method.java:498)
	at org.junit.runners.model.FrameworkMethod$1.runReflectiveCall(FrameworkMethod.java:47)
	at org.junit.internal.runners.model.ReflectiveCallable.run(ReflectiveCallable.java:12)
	at org.junit.runners.model.FrameworkMethod.invokeExplosively(FrameworkMethod.java:44)
	at org.junit.internal.runners.statements.InvokeMethod.evaluate(InvokeMethod.java:17)
	at org.junit.internal.runners.statements.FailOnTimeout$StatementThread.run(FailOnTimeout.java:74)
--- com.fasterxml.jackson.databind.module.SimpleAbstractTypeResolver_ESTest::test34
org.evosuite.runtime.mock.java.lang.MockIllegalArgumentException: Can not add mapping from class java.lang.Object to int, as latter is not a subtype of former
	at com.fasterxml.jackson.databind.module.SimpleAbstractTypeResolver.addMapping(SimpleAbstractTypeResolver.java:59)
	at com.fasterxml.jackson.databind.module.SimpleAbstractTypeResolver_ESTest.test34(SimpleAbstractTypeResolver_ESTest.java:69)
	at sun.reflect.NativeMethodAccessorImpl.invoke0(Native Method)
	at sun.reflect.NativeMethodAccessorImpl.invoke(NativeMethodAccessorImpl.java:62)
	at sun.reflect.DelegatingMethodAccessorImpl.invoke(DelegatingMethodAccessorImpl.java:43)
	at java.lang.reflect.Method.invoke(Method.java:498)
	at org.junit.runners.model.FrameworkMethod$1.runReflectiveCall(FrameworkMethod.java:47)
	at org.junit.internal.runners.model.ReflectiveCallable.run(ReflectiveCallable.java:12)
	at org.junit.runners.model.FrameworkMethod.invokeExplosively(FrameworkMethod.java:44)
	at org.junit.internal.runners.statements.InvokeMethod.evaluate(InvokeMethod.java:17)
	at org.junit.internal.runners.statements.FailOnTimeout$StatementThread.run(FailOnTimeout.java:74)
--- com.fasterxml.jackson.databind.module.SimpleAbstractTypeResolver_ESTest::test45
org.evosuite.runtime.mock.java.lang.MockIllegalArgumentException: Can not add mapping from class java.lang.Object since it is not abstract
	at com.fasterxml.jackson.databind.module.SimpleAbstractTypeResolver.addMapping(SimpleAbstractTypeResolver.java:63)
	at com.fasterxml.jackson.databind.module.SimpleAbstractTypeResolver_ESTest.test45(SimpleAbstractTypeResolver_ESTest.java:77)
	at sun.reflect.NativeMethodAccessorImpl.invoke0(Native Method)
	at sun.reflect.NativeMethodAccessorImpl.invoke(NativeMethodAccessorImpl.java:62)
	at sun.reflect.DelegatingMethodAccessorImpl.invoke(DelegatingMethodAccessorImpl.java:43)
	at java.lang.reflect.Method.invoke(Method.java:498)
	at org.junit.runners.model.FrameworkMethod$1.runReflectiveCall(FrameworkMethod.java:47)
	at org.junit.internal.runners.model.ReflectiveCallable.run(ReflectiveCallable.java:12)
	at org.junit.runners.model.FrameworkMethod.invokeExplosively(FrameworkMethod.java:44)
	at org.junit.internal.runners.statements.InvokeMethod.evaluate(InvokeMethod.java:17)
	at org.junit.internal.runners.statements.FailOnTimeout$StatementThread.run(FailOnTimeout.java:74)
