--- org.apache.commons.compress.archivers.zip.X5455_ExtendedTimestamp_ESTest::test5858
java.lang.NullPointerException
	at org.apache.commons.compress.archivers.zip.X5455_ExtendedTimestamp.parseFromLocalFileData(X5455_ExtendedTimestamp.java:226)
	at org.apache.commons.compress.archivers.zip.X5455_ExtendedTimestamp.parseFromCentralDirectoryData(X5455_ExtendedTimestamp.java:253)
	at org.apache.commons.compress.archivers.zip.X5455_ExtendedTimestamp_ESTest.test5858(X5455_ExtendedTimestamp_ESTest.java:958)
	at sun.reflect.NativeMethodAccessorImpl.invoke0(Native Method)
	at sun.reflect.NativeMethodAccessorImpl.invoke(NativeMethodAccessorImpl.java:62)
	at sun.reflect.DelegatingMethodAccessorImpl.invoke(DelegatingMethodAccessorImpl.java:43)
	at java.lang.reflect.Method.invoke(Method.java:498)
	at org.junit.runners.model.FrameworkMethod$1.runReflectiveCall(FrameworkMethod.java:47)
	at org.junit.internal.runners.model.ReflectiveCallable.run(ReflectiveCallable.java:12)
	at org.junit.runners.model.FrameworkMethod.invokeExplosively(FrameworkMethod.java:44)
	at org.junit.internal.runners.statements.InvokeMethod.evaluate(InvokeMethod.java:17)
	at org.junit.internal.runners.statements.FailOnTimeout$StatementThread.run(FailOnTimeout.java:74)
--- org.apache.commons.compress.archivers.zip.X5455_ExtendedTimestamp_ESTest::test1616
org.evosuite.runtime.mock.java.lang.MockIllegalArgumentException: Can only convert non-negative integers between [0,255] to byte: [-94]
	at org.apache.commons.compress.archivers.zip.ZipUtil.unsignedIntToSignedByte(ZipUtil.java:188)
	at org.apache.commons.compress.archivers.zip.X5455_ExtendedTimestamp.toString(X5455_ExtendedTimestamp.java:547)
	at org.apache.commons.compress.archivers.zip.X5455_ExtendedTimestamp_ESTest.test1616(X5455_ExtendedTimestamp_ESTest.java:303)
	at sun.reflect.NativeMethodAccessorImpl.invoke0(Native Method)
	at sun.reflect.NativeMethodAccessorImpl.invoke(NativeMethodAccessorImpl.java:62)
	at sun.reflect.DelegatingMethodAccessorImpl.invoke(DelegatingMethodAccessorImpl.java:43)
	at java.lang.reflect.Method.invoke(Method.java:498)
	at org.junit.runners.model.FrameworkMethod$1.runReflectiveCall(FrameworkMethod.java:47)
	at org.junit.internal.runners.model.ReflectiveCallable.run(ReflectiveCallable.java:12)
	at org.junit.runners.model.FrameworkMethod.invokeExplosively(FrameworkMethod.java:44)
	at org.junit.internal.runners.statements.InvokeMethod.evaluate(InvokeMethod.java:17)
	at org.junit.internal.runners.statements.FailOnTimeout$StatementThread.run(FailOnTimeout.java:74)
--- org.apache.commons.compress.archivers.zip.X5455_ExtendedTimestamp_ESTest::test3838
java.lang.ArrayIndexOutOfBoundsException: -1
	at org.apache.commons.compress.archivers.zip.X5455_ExtendedTimestamp.parseFromLocalFileData(X5455_ExtendedTimestamp.java:226)
	at org.apache.commons.compress.archivers.zip.X5455_ExtendedTimestamp.parseFromCentralDirectoryData(X5455_ExtendedTimestamp.java:253)
	at org.apache.commons.compress.archivers.zip.X5455_ExtendedTimestamp_ESTest.test3838(X5455_ExtendedTimestamp_ESTest.java:578)
	at sun.reflect.NativeMethodAccessorImpl.invoke0(Native Method)
	at sun.reflect.NativeMethodAccessorImpl.invoke(NativeMethodAccessorImpl.java:62)
	at sun.reflect.DelegatingMethodAccessorImpl.invoke(DelegatingMethodAccessorImpl.java:43)
	at java.lang.reflect.Method.invoke(Method.java:498)
	at org.junit.runners.model.FrameworkMethod$1.runReflectiveCall(FrameworkMethod.java:47)
	at org.junit.internal.runners.model.ReflectiveCallable.run(ReflectiveCallable.java:12)
	at org.junit.runners.model.FrameworkMethod.invokeExplosively(FrameworkMethod.java:44)
	at org.junit.internal.runners.statements.InvokeMethod.evaluate(InvokeMethod.java:17)
	at org.junit.internal.runners.statements.FailOnTimeout$StatementThread.run(FailOnTimeout.java:74)
--- org.apache.commons.compress.archivers.zip.X5455_ExtendedTimestamp_ESTest::test1010
java.lang.ArrayIndexOutOfBoundsException: 741
	at org.apache.commons.compress.utils.ByteUtils.toLittleEndian(ByteUtils.java:168)
	at org.apache.commons.compress.archivers.zip.ZipLong.putLong(ZipLong.java:152)
	at org.apache.commons.compress.archivers.zip.ZipLong.putLong(ZipLong.java:156)
	at org.apache.commons.compress.archivers.zip.X5455_ExtendedTimestamp_ESTest.test1010(X5455_ExtendedTimestamp_ESTest.java:234)
	at sun.reflect.NativeMethodAccessorImpl.invoke0(Native Method)
	at sun.reflect.NativeMethodAccessorImpl.invoke(NativeMethodAccessorImpl.java:62)
	at sun.reflect.DelegatingMethodAccessorImpl.invoke(DelegatingMethodAccessorImpl.java:43)
	at java.lang.reflect.Method.invoke(Method.java:498)
	at org.junit.runners.model.FrameworkMethod$1.runReflectiveCall(FrameworkMethod.java:47)
	at org.junit.internal.runners.model.ReflectiveCallable.run(ReflectiveCallable.java:12)
	at org.junit.runners.model.FrameworkMethod.invokeExplosively(FrameworkMethod.java:44)
	at org.junit.internal.runners.statements.InvokeMethod.evaluate(InvokeMethod.java:17)
	at org.junit.internal.runners.statements.FailOnTimeout$StatementThread.run(FailOnTimeout.java:74)
--- org.apache.commons.compress.archivers.zip.X5455_ExtendedTimestamp_ESTest::test2222
java.lang.ArrayIndexOutOfBoundsException: -1
	at org.apache.commons.compress.utils.ByteUtils.toLittleEndian(ByteUtils.java:168)
	at org.apache.commons.compress.archivers.zip.ZipLong.putLong(ZipLong.java:152)
	at org.apache.commons.compress.archivers.zip.X5455_ExtendedTimestamp_ESTest.test2222(X5455_ExtendedTimestamp_ESTest.java:375)
	at sun.reflect.NativeMethodAccessorImpl.invoke0(Native Method)
	at sun.reflect.NativeMethodAccessorImpl.invoke(NativeMethodAccessorImpl.java:62)
	at sun.reflect.DelegatingMethodAccessorImpl.invoke(DelegatingMethodAccessorImpl.java:43)
	at java.lang.reflect.Method.invoke(Method.java:498)
	at org.junit.runners.model.FrameworkMethod$1.runReflectiveCall(FrameworkMethod.java:47)
	at org.junit.internal.runners.model.ReflectiveCallable.run(ReflectiveCallable.java:12)
	at org.junit.runners.model.FrameworkMethod.invokeExplosively(FrameworkMethod.java:44)
	at org.junit.internal.runners.statements.InvokeMethod.evaluate(InvokeMethod.java:17)
	at org.junit.internal.runners.statements.FailOnTimeout$StatementThread.run(FailOnTimeout.java:74)
--- org.apache.commons.compress.archivers.zip.X5455_ExtendedTimestamp_ESTest::test5656
java.lang.ArrayIndexOutOfBoundsException: 1
	at org.apache.commons.compress.utils.ByteUtils.fromLittleEndian(ByteUtils.java:83)
	at org.apache.commons.compress.archivers.zip.ZipLong.getValue(ZipLong.java:166)
	at org.apache.commons.compress.archivers.zip.ZipLong.<init>(ZipLong.java:106)
	at org.apache.commons.compress.archivers.zip.X5455_ExtendedTimestamp.parseFromLocalFileData(X5455_ExtendedTimestamp.java:235)
	at org.apache.commons.compress.archivers.zip.X5455_ExtendedTimestamp_ESTest.test5656(X5455_ExtendedTimestamp_ESTest.java:912)
	at sun.reflect.NativeMethodAccessorImpl.invoke0(Native Method)
	at sun.reflect.NativeMethodAccessorImpl.invoke(NativeMethodAccessorImpl.java:62)
	at sun.reflect.DelegatingMethodAccessorImpl.invoke(DelegatingMethodAccessorImpl.java:43)
	at java.lang.reflect.Method.invoke(Method.java:498)
	at org.junit.runners.model.FrameworkMethod$1.runReflectiveCall(FrameworkMethod.java:47)
	at org.junit.internal.runners.model.ReflectiveCallable.run(ReflectiveCallable.java:12)
	at org.junit.runners.model.FrameworkMethod.invokeExplosively(FrameworkMethod.java:44)
	at org.junit.internal.runners.statements.InvokeMethod.evaluate(InvokeMethod.java:17)
	at org.junit.internal.runners.statements.FailOnTimeout$StatementThread.run(FailOnTimeout.java:74)
--- org.apache.commons.compress.archivers.zip.X5455_ExtendedTimestamp_ESTest::test4040
java.lang.ArrayIndexOutOfBoundsException: 6
	at org.apache.commons.compress.utils.ByteUtils.fromLittleEndian(ByteUtils.java:83)
	at org.apache.commons.compress.archivers.zip.ZipLong.getValue(ZipLong.java:166)
	at org.apache.commons.compress.archivers.zip.ZipLong.<init>(ZipLong.java:106)
	at org.apache.commons.compress.archivers.zip.X5455_ExtendedTimestamp.parseFromLocalFileData(X5455_ExtendedTimestamp.java:228)
	at org.apache.commons.compress.archivers.zip.X5455_ExtendedTimestamp.parseFromCentralDirectoryData(X5455_ExtendedTimestamp.java:253)
	at org.apache.commons.compress.archivers.zip.X5455_ExtendedTimestamp_ESTest.test4040(X5455_ExtendedTimestamp_ESTest.java:620)
	at sun.reflect.NativeMethodAccessorImpl.invoke0(Native Method)
	at sun.reflect.NativeMethodAccessorImpl.invoke(NativeMethodAccessorImpl.java:62)
	at sun.reflect.DelegatingMethodAccessorImpl.invoke(DelegatingMethodAccessorImpl.java:43)
	at java.lang.reflect.Method.invoke(Method.java:498)
	at org.junit.runners.model.FrameworkMethod$1.runReflectiveCall(FrameworkMethod.java:47)
	at org.junit.internal.runners.model.ReflectiveCallable.run(ReflectiveCallable.java:12)
	at org.junit.runners.model.FrameworkMethod.invokeExplosively(FrameworkMethod.java:44)
	at org.junit.internal.runners.statements.InvokeMethod.evaluate(InvokeMethod.java:17)
	at org.junit.internal.runners.statements.FailOnTimeout$StatementThread.run(FailOnTimeout.java:74)
--- org.apache.commons.compress.archivers.zip.X5455_ExtendedTimestamp_ESTest::test4242
org.evosuite.runtime.mock.java.lang.MockIllegalArgumentException: X5455 timestamps must fit in a signed 32 bit integer: 31591216862
	at org.apache.commons.compress.archivers.zip.X5455_ExtendedTimestamp.unixTimeToZipLong(X5455_ExtendedTimestamp.java:531)
	at org.apache.commons.compress.archivers.zip.X5455_ExtendedTimestamp.dateToZipLong(X5455_ExtendedTimestamp.java:525)
	at org.apache.commons.compress.archivers.zip.X5455_ExtendedTimestamp.setModifyJavaTime(X5455_ExtendedTimestamp.java:480)
	at org.apache.commons.compress.archivers.zip.X5455_ExtendedTimestamp_ESTest.test4242(X5455_ExtendedTimestamp_ESTest.java:642)
	at sun.reflect.NativeMethodAccessorImpl.invoke0(Native Method)
	at sun.reflect.NativeMethodAccessorImpl.invoke(NativeMethodAccessorImpl.java:62)
	at sun.reflect.DelegatingMethodAccessorImpl.invoke(DelegatingMethodAccessorImpl.java:43)
	at java.lang.reflect.Method.invoke(Method.java:498)
	at org.junit.runners.model.FrameworkMethod$1.runReflectiveCall(FrameworkMethod.java:47)
	at org.junit.internal.runners.model.ReflectiveCallable.run(ReflectiveCallable.java:12)
	at org.junit.runners.model.FrameworkMethod.invokeExplosively(FrameworkMethod.java:44)
	at org.junit.internal.runners.statements.InvokeMethod.evaluate(InvokeMethod.java:17)
	at org.junit.internal.runners.statements.FailOnTimeout$StatementThread.run(FailOnTimeout.java:74)
--- org.apache.commons.compress.archivers.zip.X5455_ExtendedTimestamp_ESTest::test000
java.lang.ArrayIndexOutOfBoundsException: 1219
	at org.apache.commons.compress.archivers.zip.X5455_ExtendedTimestamp.parseFromLocalFileData(X5455_ExtendedTimestamp.java:226)
	at org.apache.commons.compress.archivers.zip.X5455_ExtendedTimestamp.parseFromCentralDirectoryData(X5455_ExtendedTimestamp.java:253)
	at org.apache.commons.compress.archivers.zip.X5455_ExtendedTimestamp_ESTest.test000(X5455_ExtendedTimestamp_ESTest.java:61)
	at sun.reflect.NativeMethodAccessorImpl.invoke0(Native Method)
	at sun.reflect.NativeMethodAccessorImpl.invoke(NativeMethodAccessorImpl.java:62)
	at sun.reflect.DelegatingMethodAccessorImpl.invoke(DelegatingMethodAccessorImpl.java:43)
	at java.lang.reflect.Method.invoke(Method.java:498)
	at org.junit.runners.model.FrameworkMethod$1.runReflectiveCall(FrameworkMethod.java:47)
	at org.junit.internal.runners.model.ReflectiveCallable.run(ReflectiveCallable.java:12)
	at org.junit.runners.model.FrameworkMethod.invokeExplosively(FrameworkMethod.java:44)
	at org.junit.internal.runners.statements.InvokeMethod.evaluate(InvokeMethod.java:17)
	at org.junit.internal.runners.statements.FailOnTimeout$StatementThread.run(FailOnTimeout.java:74)
--- org.apache.commons.compress.archivers.zip.X5455_ExtendedTimestamp_ESTest::test088
java.lang.ArrayIndexOutOfBoundsException: 22
	at org.apache.commons.compress.archivers.zip.X5455_ExtendedTimestamp.parseFromLocalFileData(X5455_ExtendedTimestamp.java:226)
	at org.apache.commons.compress.archivers.zip.X5455_ExtendedTimestamp_ESTest.test088(X5455_ExtendedTimestamp_ESTest.java:203)
	at sun.reflect.NativeMethodAccessorImpl.invoke0(Native Method)
	at sun.reflect.NativeMethodAccessorImpl.invoke(NativeMethodAccessorImpl.java:62)
	at sun.reflect.DelegatingMethodAccessorImpl.invoke(DelegatingMethodAccessorImpl.java:43)
	at java.lang.reflect.Method.invoke(Method.java:498)
	at org.junit.runners.model.FrameworkMethod$1.runReflectiveCall(FrameworkMethod.java:47)
	at org.junit.internal.runners.model.ReflectiveCallable.run(ReflectiveCallable.java:12)
	at org.junit.runners.model.FrameworkMethod.invokeExplosively(FrameworkMethod.java:44)
	at org.junit.internal.runners.statements.InvokeMethod.evaluate(InvokeMethod.java:17)
	at org.junit.internal.runners.statements.FailOnTimeout$StatementThread.run(FailOnTimeout.java:74)
--- org.apache.commons.compress.archivers.zip.X5455_ExtendedTimestamp_ESTest::test5959
java.lang.ArrayIndexOutOfBoundsException: -1
	at org.apache.commons.compress.utils.ByteUtils.toLittleEndian(ByteUtils.java:168)
	at org.apache.commons.compress.archivers.zip.ZipLong.putLong(ZipLong.java:152)
	at org.apache.commons.compress.archivers.zip.X5455_ExtendedTimestamp_ESTest.test5959(X5455_ExtendedTimestamp_ESTest.java:987)
	at sun.reflect.NativeMethodAccessorImpl.invoke0(Native Method)
	at sun.reflect.NativeMethodAccessorImpl.invoke(NativeMethodAccessorImpl.java:62)
	at sun.reflect.DelegatingMethodAccessorImpl.invoke(DelegatingMethodAccessorImpl.java:43)
	at java.lang.reflect.Method.invoke(Method.java:498)
	at org.junit.runners.model.FrameworkMethod$1.runReflectiveCall(FrameworkMethod.java:47)
	at org.junit.internal.runners.model.ReflectiveCallable.run(ReflectiveCallable.java:12)
	at org.junit.runners.model.FrameworkMethod.invokeExplosively(FrameworkMethod.java:44)
	at org.junit.internal.runners.statements.InvokeMethod.evaluate(InvokeMethod.java:17)
	at org.junit.internal.runners.statements.FailOnTimeout$StatementThread.run(FailOnTimeout.java:74)
--- org.apache.commons.compress.archivers.zip.X5455_ExtendedTimestamp_ESTest::test4747
java.lang.ArrayIndexOutOfBoundsException: 4
	at org.apache.commons.compress.archivers.zip.X5455_ExtendedTimestamp.parseFromLocalFileData(X5455_ExtendedTimestamp.java:226)
	at org.apache.commons.compress.archivers.zip.X5455_ExtendedTimestamp.parseFromCentralDirectoryData(X5455_ExtendedTimestamp.java:253)
	at org.apache.commons.compress.archivers.zip.X5455_ExtendedTimestamp_ESTest.test4747(X5455_ExtendedTimestamp_ESTest.java:724)
	at sun.reflect.NativeMethodAccessorImpl.invoke0(Native Method)
	at sun.reflect.NativeMethodAccessorImpl.invoke(NativeMethodAccessorImpl.java:62)
	at sun.reflect.DelegatingMethodAccessorImpl.invoke(DelegatingMethodAccessorImpl.java:43)
	at java.lang.reflect.Method.invoke(Method.java:498)
	at org.junit.runners.model.FrameworkMethod$1.runReflectiveCall(FrameworkMethod.java:47)
	at org.junit.internal.runners.model.ReflectiveCallable.run(ReflectiveCallable.java:12)
	at org.junit.runners.model.FrameworkMethod.invokeExplosively(FrameworkMethod.java:44)
	at org.junit.internal.runners.statements.InvokeMethod.evaluate(InvokeMethod.java:17)
	at org.junit.internal.runners.statements.FailOnTimeout$StatementThread.run(FailOnTimeout.java:74)
--- org.apache.commons.compress.archivers.zip.X5455_ExtendedTimestamp_ESTest::test011
java.lang.ArrayIndexOutOfBoundsException: 259
	at org.apache.commons.compress.archivers.zip.X5455_ExtendedTimestamp.parseFromLocalFileData(X5455_ExtendedTimestamp.java:226)
	at org.apache.commons.compress.archivers.zip.X5455_ExtendedTimestamp.parseFromCentralDirectoryData(X5455_ExtendedTimestamp.java:253)
	at org.apache.commons.compress.archivers.zip.X5455_ExtendedTimestamp_ESTest.test011(X5455_ExtendedTimestamp_ESTest.java:80)
	at sun.reflect.NativeMethodAccessorImpl.invoke0(Native Method)
	at sun.reflect.NativeMethodAccessorImpl.invoke(NativeMethodAccessorImpl.java:62)
	at sun.reflect.DelegatingMethodAccessorImpl.invoke(DelegatingMethodAccessorImpl.java:43)
	at java.lang.reflect.Method.invoke(Method.java:498)
	at org.junit.runners.model.FrameworkMethod$1.runReflectiveCall(FrameworkMethod.java:47)
	at org.junit.internal.runners.model.ReflectiveCallable.run(ReflectiveCallable.java:12)
	at org.junit.runners.model.FrameworkMethod.invokeExplosively(FrameworkMethod.java:44)
	at org.junit.internal.runners.statements.InvokeMethod.evaluate(InvokeMethod.java:17)
	at org.junit.internal.runners.statements.FailOnTimeout$StatementThread.run(FailOnTimeout.java:74)
--- org.apache.commons.compress.archivers.zip.X5455_ExtendedTimestamp_ESTest::test055
java.lang.ArrayIndexOutOfBoundsException: 1185
	at org.apache.commons.compress.utils.ByteUtils.fromLittleEndian(ByteUtils.java:83)
	at org.apache.commons.compress.archivers.zip.ZipLong.getValue(ZipLong.java:166)
	at org.apache.commons.compress.archivers.zip.ZipLong.<init>(ZipLong.java:106)
	at org.apache.commons.compress.archivers.zip.X5455_ExtendedTimestamp_ESTest.test055(X5455_ExtendedTimestamp_ESTest.java:152)
	at sun.reflect.NativeMethodAccessorImpl.invoke0(Native Method)
	at sun.reflect.NativeMethodAccessorImpl.invoke(NativeMethodAccessorImpl.java:62)
	at sun.reflect.DelegatingMethodAccessorImpl.invoke(DelegatingMethodAccessorImpl.java:43)
	at java.lang.reflect.Method.invoke(Method.java:498)
	at org.junit.runners.model.FrameworkMethod$1.runReflectiveCall(FrameworkMethod.java:47)
	at org.junit.internal.runners.model.ReflectiveCallable.run(ReflectiveCallable.java:12)
	at org.junit.runners.model.FrameworkMethod.invokeExplosively(FrameworkMethod.java:44)
	at org.junit.internal.runners.statements.InvokeMethod.evaluate(InvokeMethod.java:17)
	at org.junit.internal.runners.statements.FailOnTimeout$StatementThread.run(FailOnTimeout.java:74)
--- org.apache.commons.compress.archivers.zip.X5455_ExtendedTimestamp_ESTest::test099
java.lang.NullPointerException
	at org.apache.commons.compress.archivers.zip.X5455_ExtendedTimestamp.getLocalFileDataData(X5455_ExtendedTimestamp.java:179)
	at org.apache.commons.compress.archivers.zip.X5455_ExtendedTimestamp.getCentralDirectoryData(X5455_ExtendedTimestamp.java:204)
	at org.apache.commons.compress.archivers.zip.X5455_ExtendedTimestamp_ESTest.test099(X5455_ExtendedTimestamp_ESTest.java:219)
	at sun.reflect.NativeMethodAccessorImpl.invoke0(Native Method)
	at sun.reflect.NativeMethodAccessorImpl.invoke(NativeMethodAccessorImpl.java:62)
	at sun.reflect.DelegatingMethodAccessorImpl.invoke(DelegatingMethodAccessorImpl.java:43)
	at java.lang.reflect.Method.invoke(Method.java:498)
	at org.junit.runners.model.FrameworkMethod$1.runReflectiveCall(FrameworkMethod.java:47)
	at org.junit.internal.runners.model.ReflectiveCallable.run(ReflectiveCallable.java:12)
	at org.junit.runners.model.FrameworkMethod.invokeExplosively(FrameworkMethod.java:44)
	at org.junit.internal.runners.statements.InvokeMethod.evaluate(InvokeMethod.java:17)
	at org.junit.internal.runners.statements.FailOnTimeout$StatementThread.run(FailOnTimeout.java:74)
--- org.apache.commons.compress.archivers.zip.X5455_ExtendedTimestamp_ESTest::test2727
java.lang.NullPointerException
	at org.apache.commons.compress.archivers.zip.X5455_ExtendedTimestamp.getLocalFileDataData(X5455_ExtendedTimestamp.java:179)
	at org.apache.commons.compress.archivers.zip.X5455_ExtendedTimestamp.getCentralDirectoryData(X5455_ExtendedTimestamp.java:204)
	at org.apache.commons.compress.archivers.zip.X5455_ExtendedTimestamp_ESTest.test2727(X5455_ExtendedTimestamp_ESTest.java:439)
	at sun.reflect.NativeMethodAccessorImpl.invoke0(Native Method)
	at sun.reflect.NativeMethodAccessorImpl.invoke(NativeMethodAccessorImpl.java:62)
	at sun.reflect.DelegatingMethodAccessorImpl.invoke(DelegatingMethodAccessorImpl.java:43)
	at java.lang.reflect.Method.invoke(Method.java:498)
	at org.junit.runners.model.FrameworkMethod$1.runReflectiveCall(FrameworkMethod.java:47)
	at org.junit.internal.runners.model.ReflectiveCallable.run(ReflectiveCallable.java:12)
	at org.junit.runners.model.FrameworkMethod.invokeExplosively(FrameworkMethod.java:44)
	at org.junit.internal.runners.statements.InvokeMethod.evaluate(InvokeMethod.java:17)
	at org.junit.internal.runners.statements.FailOnTimeout$StatementThread.run(FailOnTimeout.java:74)
--- org.apache.commons.compress.archivers.zip.X5455_ExtendedTimestamp_ESTest::test3939
java.lang.ArrayIndexOutOfBoundsException: 721
	at org.apache.commons.compress.archivers.zip.X5455_ExtendedTimestamp.parseFromLocalFileData(X5455_ExtendedTimestamp.java:226)
	at org.apache.commons.compress.archivers.zip.X5455_ExtendedTimestamp.parseFromCentralDirectoryData(X5455_ExtendedTimestamp.java:253)
	at org.apache.commons.compress.archivers.zip.X5455_ExtendedTimestamp_ESTest.test3939(X5455_ExtendedTimestamp_ESTest.java:607)
	at sun.reflect.NativeMethodAccessorImpl.invoke0(Native Method)
	at sun.reflect.NativeMethodAccessorImpl.invoke(NativeMethodAccessorImpl.java:62)
	at sun.reflect.DelegatingMethodAccessorImpl.invoke(DelegatingMethodAccessorImpl.java:43)
	at java.lang.reflect.Method.invoke(Method.java:498)
	at org.junit.runners.model.FrameworkMethod$1.runReflectiveCall(FrameworkMethod.java:47)
	at org.junit.internal.runners.model.ReflectiveCallable.run(ReflectiveCallable.java:12)
	at org.junit.runners.model.FrameworkMethod.invokeExplosively(FrameworkMethod.java:44)
	at org.junit.internal.runners.statements.InvokeMethod.evaluate(InvokeMethod.java:17)
	at org.junit.internal.runners.statements.FailOnTimeout$StatementThread.run(FailOnTimeout.java:74)
--- org.apache.commons.compress.archivers.zip.X5455_ExtendedTimestamp_ESTest::test2121
java.lang.ArrayIndexOutOfBoundsException: 1
	at org.apache.commons.compress.archivers.zip.X5455_ExtendedTimestamp.parseFromLocalFileData(X5455_ExtendedTimestamp.java:226)
	at org.apache.commons.compress.archivers.zip.X5455_ExtendedTimestamp.parseFromCentralDirectoryData(X5455_ExtendedTimestamp.java:253)
	at org.apache.commons.compress.archivers.zip.X5455_ExtendedTimestamp_ESTest.test2121(X5455_ExtendedTimestamp_ESTest.java:359)
	at sun.reflect.NativeMethodAccessorImpl.invoke0(Native Method)
	at sun.reflect.NativeMethodAccessorImpl.invoke(NativeMethodAccessorImpl.java:62)
	at sun.reflect.DelegatingMethodAccessorImpl.invoke(DelegatingMethodAccessorImpl.java:43)
	at java.lang.reflect.Method.invoke(Method.java:498)
	at org.junit.runners.model.FrameworkMethod$1.runReflectiveCall(FrameworkMethod.java:47)
	at org.junit.internal.runners.model.ReflectiveCallable.run(ReflectiveCallable.java:12)
	at org.junit.runners.model.FrameworkMethod.invokeExplosively(FrameworkMethod.java:44)
	at org.junit.internal.runners.statements.InvokeMethod.evaluate(InvokeMethod.java:17)
	at org.junit.internal.runners.statements.FailOnTimeout$StatementThread.run(FailOnTimeout.java:74)
--- org.apache.commons.compress.archivers.zip.X5455_ExtendedTimestamp_ESTest::test2323
java.lang.NullPointerException
	at org.apache.commons.compress.archivers.zip.X5455_ExtendedTimestamp.parseFromLocalFileData(X5455_ExtendedTimestamp.java:226)
	at org.apache.commons.compress.archivers.zip.X5455_ExtendedTimestamp.parseFromCentralDirectoryData(X5455_ExtendedTimestamp.java:253)
	at org.apache.commons.compress.archivers.zip.X5455_ExtendedTimestamp_ESTest.test2323(X5455_ExtendedTimestamp_ESTest.java:407)
	at sun.reflect.NativeMethodAccessorImpl.invoke0(Native Method)
	at sun.reflect.NativeMethodAccessorImpl.invoke(NativeMethodAccessorImpl.java:62)
	at sun.reflect.DelegatingMethodAccessorImpl.invoke(DelegatingMethodAccessorImpl.java:43)
	at java.lang.reflect.Method.invoke(Method.java:498)
	at org.junit.runners.model.FrameworkMethod$1.runReflectiveCall(FrameworkMethod.java:47)
	at org.junit.internal.runners.model.ReflectiveCallable.run(ReflectiveCallable.java:12)
	at org.junit.runners.model.FrameworkMethod.invokeExplosively(FrameworkMethod.java:44)
	at org.junit.internal.runners.statements.InvokeMethod.evaluate(InvokeMethod.java:17)
	at org.junit.internal.runners.statements.FailOnTimeout$StatementThread.run(FailOnTimeout.java:74)
--- org.apache.commons.compress.archivers.zip.X5455_ExtendedTimestamp_ESTest::test4545
org.evosuite.runtime.mock.java.lang.MockIllegalArgumentException: X5455 timestamps must fit in a signed 32 bit integer: 52795238425
	at org.apache.commons.compress.archivers.zip.X5455_ExtendedTimestamp.unixTimeToZipLong(X5455_ExtendedTimestamp.java:531)
	at org.apache.commons.compress.archivers.zip.X5455_ExtendedTimestamp.dateToZipLong(X5455_ExtendedTimestamp.java:525)
	at org.apache.commons.compress.archivers.zip.X5455_ExtendedTimestamp.setAccessJavaTime(X5455_ExtendedTimestamp.java:495)
	at org.apache.commons.compress.archivers.zip.X5455_ExtendedTimestamp_ESTest.test4545(X5455_ExtendedTimestamp_ESTest.java:686)
	at sun.reflect.NativeMethodAccessorImpl.invoke0(Native Method)
	at sun.reflect.NativeMethodAccessorImpl.invoke(NativeMethodAccessorImpl.java:62)
	at sun.reflect.DelegatingMethodAccessorImpl.invoke(DelegatingMethodAccessorImpl.java:43)
	at java.lang.reflect.Method.invoke(Method.java:498)
	at org.junit.runners.model.FrameworkMethod$1.runReflectiveCall(FrameworkMethod.java:47)
	at org.junit.internal.runners.model.ReflectiveCallable.run(ReflectiveCallable.java:12)
	at org.junit.runners.model.FrameworkMethod.invokeExplosively(FrameworkMethod.java:44)
	at org.junit.internal.runners.statements.InvokeMethod.evaluate(InvokeMethod.java:17)
	at org.junit.internal.runners.statements.FailOnTimeout$StatementThread.run(FailOnTimeout.java:74)
--- org.apache.commons.compress.archivers.zip.X5455_ExtendedTimestamp_ESTest::test6161
java.lang.NullPointerException
	at org.apache.commons.compress.archivers.zip.X5455_ExtendedTimestamp.getLocalFileDataData(X5455_ExtendedTimestamp.java:179)
	at org.apache.commons.compress.archivers.zip.X5455_ExtendedTimestamp_ESTest.test6161(X5455_ExtendedTimestamp_ESTest.java:1020)
	at sun.reflect.NativeMethodAccessorImpl.invoke0(Native Method)
	at sun.reflect.NativeMethodAccessorImpl.invoke(NativeMethodAccessorImpl.java:62)
	at sun.reflect.DelegatingMethodAccessorImpl.invoke(DelegatingMethodAccessorImpl.java:43)
	at java.lang.reflect.Method.invoke(Method.java:498)
	at org.junit.runners.model.FrameworkMethod$1.runReflectiveCall(FrameworkMethod.java:47)
	at org.junit.internal.runners.model.ReflectiveCallable.run(ReflectiveCallable.java:12)
	at org.junit.runners.model.FrameworkMethod.invokeExplosively(FrameworkMethod.java:44)
	at org.junit.internal.runners.statements.InvokeMethod.evaluate(InvokeMethod.java:17)
	at org.junit.internal.runners.statements.FailOnTimeout$StatementThread.run(FailOnTimeout.java:74)
--- org.apache.commons.compress.archivers.zip.X5455_ExtendedTimestamp_ESTest::test5353
java.lang.NullPointerException
	at org.apache.commons.compress.archivers.zip.X5455_ExtendedTimestamp.parseFromLocalFileData(X5455_ExtendedTimestamp.java:226)
	at org.apache.commons.compress.archivers.zip.X5455_ExtendedTimestamp_ESTest.test5353(X5455_ExtendedTimestamp_ESTest.java:845)
	at sun.reflect.NativeMethodAccessorImpl.invoke0(Native Method)
	at sun.reflect.NativeMethodAccessorImpl.invoke(NativeMethodAccessorImpl.java:62)
	at sun.reflect.DelegatingMethodAccessorImpl.invoke(DelegatingMethodAccessorImpl.java:43)
	at java.lang.reflect.Method.invoke(Method.java:498)
	at org.junit.runners.model.FrameworkMethod$1.runReflectiveCall(FrameworkMethod.java:47)
	at org.junit.internal.runners.model.ReflectiveCallable.run(ReflectiveCallable.java:12)
	at org.junit.runners.model.FrameworkMethod.invokeExplosively(FrameworkMethod.java:44)
	at org.junit.internal.runners.statements.InvokeMethod.evaluate(InvokeMethod.java:17)
	at org.junit.internal.runners.statements.FailOnTimeout$StatementThread.run(FailOnTimeout.java:74)
