--- org.jfree.data.general.DatasetUtilities_ESTest::test115114
org.evosuite.runtime.mock.java.lang.MockIllegalArgumentException: Null 'dataset' argument.
	at org.jfree.data.general.DatasetUtilities.findMaximumRangeValue(DatasetUtilities.java:1754)
	at org.jfree.data.general.DatasetUtilities_ESTest.test115114(DatasetUtilities_ESTest.java:2106)
	at sun.reflect.NativeMethodAccessorImpl.invoke0(Native Method)
	at sun.reflect.NativeMethodAccessorImpl.invoke(NativeMethodAccessorImpl.java:62)
	at sun.reflect.DelegatingMethodAccessorImpl.invoke(DelegatingMethodAccessorImpl.java:43)
	at java.lang.reflect.Method.invoke(Method.java:498)
	at org.junit.runners.model.FrameworkMethod$1.runReflectiveCall(FrameworkMethod.java:47)
	at org.junit.internal.runners.model.ReflectiveCallable.run(ReflectiveCallable.java:12)
	at org.junit.runners.model.FrameworkMethod.invokeExplosively(FrameworkMethod.java:44)
	at org.junit.internal.runners.statements.InvokeMethod.evaluate(InvokeMethod.java:17)
	at org.junit.internal.runners.statements.FailOnTimeout$StatementThread.run(FailOnTimeout.java:74)
--- org.jfree.data.general.DatasetUtilities_ESTest::test164169
org.evosuite.runtime.mock.java.lang.MockIllegalArgumentException: Null 'time' argument.
	at org.jfree.data.time.Day.<init>(Day.java:163)
	at org.jfree.data.general.DatasetUtilities_ESTest.test164169(DatasetUtilities_ESTest.java:3005)
	at sun.reflect.NativeMethodAccessorImpl.invoke0(Native Method)
	at sun.reflect.NativeMethodAccessorImpl.invoke(NativeMethodAccessorImpl.java:62)
	at sun.reflect.DelegatingMethodAccessorImpl.invoke(DelegatingMethodAccessorImpl.java:43)
	at java.lang.reflect.Method.invoke(Method.java:498)
	at org.junit.runners.model.FrameworkMethod$1.runReflectiveCall(FrameworkMethod.java:47)
	at org.junit.internal.runners.model.ReflectiveCallable.run(ReflectiveCallable.java:12)
	at org.junit.runners.model.FrameworkMethod.invokeExplosively(FrameworkMethod.java:44)
	at org.junit.internal.runners.statements.InvokeMethod.evaluate(InvokeMethod.java:17)
	at org.junit.internal.runners.statements.FailOnTimeout$StatementThread.run(FailOnTimeout.java:74)
--- org.jfree.data.general.DatasetUtilities_ESTest::test110109
org.evosuite.runtime.mock.java.lang.MockIllegalArgumentException: SpreadsheetDate: Serial must be in range 2 to 2958465.
	at org.jfree.data.time.SpreadsheetDate.<init>(SpreadsheetDate.java:152)
	at org.jfree.data.time.SerialDate.createInstance(SerialDate.java:804)
	at org.jfree.data.time.SerialDate.addDays(SerialDate.java:569)
	at org.jfree.data.general.DatasetUtilities_ESTest.test110109(DatasetUtilities_ESTest.java:2073)
	at sun.reflect.NativeMethodAccessorImpl.invoke0(Native Method)
	at sun.reflect.NativeMethodAccessorImpl.invoke(NativeMethodAccessorImpl.java:62)
	at sun.reflect.DelegatingMethodAccessorImpl.invoke(DelegatingMethodAccessorImpl.java:43)
	at java.lang.reflect.Method.invoke(Method.java:498)
	at org.junit.runners.model.FrameworkMethod$1.runReflectiveCall(FrameworkMethod.java:47)
	at org.junit.internal.runners.model.ReflectiveCallable.run(ReflectiveCallable.java:12)
	at org.junit.runners.model.FrameworkMethod.invokeExplosively(FrameworkMethod.java:44)
	at org.junit.internal.runners.statements.InvokeMethod.evaluate(InvokeMethod.java:17)
	at org.junit.internal.runners.statements.FailOnTimeout$StatementThread.run(FailOnTimeout.java:74)
--- org.jfree.data.general.DatasetUtilities_ESTest::test01914
org.evosuite.runtime.mock.java.lang.MockIllegalArgumentException: Null 'dataset' argument.
	at org.jfree.data.general.DatasetUtilities.findRangeBounds(DatasetUtilities.java:817)
	at org.jfree.data.general.DatasetUtilities.findRangeBounds(DatasetUtilities.java:802)
	at org.jfree.data.general.DatasetUtilities_ESTest.test01914(DatasetUtilities_ESTest.java:366)
	at sun.reflect.NativeMethodAccessorImpl.invoke0(Native Method)
	at sun.reflect.NativeMethodAccessorImpl.invoke(NativeMethodAccessorImpl.java:62)
	at sun.reflect.DelegatingMethodAccessorImpl.invoke(DelegatingMethodAccessorImpl.java:43)
	at java.lang.reflect.Method.invoke(Method.java:498)
	at org.junit.runners.model.FrameworkMethod$1.runReflectiveCall(FrameworkMethod.java:47)
	at org.junit.internal.runners.model.ReflectiveCallable.run(ReflectiveCallable.java:12)
	at org.junit.runners.model.FrameworkMethod.invokeExplosively(FrameworkMethod.java:44)
	at org.junit.internal.runners.statements.InvokeMethod.evaluate(InvokeMethod.java:17)
	at org.junit.internal.runners.statements.FailOnTimeout$StatementThread.run(FailOnTimeout.java:74)
--- org.jfree.data.general.DatasetUtilities_ESTest::test169175
org.evosuite.runtime.mock.java.lang.MockNullPointerException: A connection must be supplied.
	at org.jfree.data.jdbc.JDBCCategoryDataset.<init>(JDBCCategoryDataset.java:139)
	at org.jfree.data.jdbc.JDBCCategoryDataset.<init>(JDBCCategoryDataset.java:155)
	at org.jfree.data.general.DatasetUtilities_ESTest.test169175(DatasetUtilities_ESTest.java:3084)
	at sun.reflect.NativeMethodAccessorImpl.invoke0(Native Method)
	at sun.reflect.NativeMethodAccessorImpl.invoke(NativeMethodAccessorImpl.java:62)
	at sun.reflect.DelegatingMethodAccessorImpl.invoke(DelegatingMethodAccessorImpl.java:43)
	at java.lang.reflect.Method.invoke(Method.java:498)
	at org.junit.runners.model.FrameworkMethod$1.runReflectiveCall(FrameworkMethod.java:47)
	at org.junit.internal.runners.model.ReflectiveCallable.run(ReflectiveCallable.java:12)
	at org.junit.runners.model.FrameworkMethod.invokeExplosively(FrameworkMethod.java:44)
	at org.junit.internal.runners.statements.InvokeMethod.evaluate(InvokeMethod.java:17)
	at org.junit.internal.runners.statements.FailOnTimeout$StatementThread.run(FailOnTimeout.java:74)
--- org.jfree.data.general.DatasetUtilities_ESTest::test02721
java.lang.NullPointerException
	at org.jfree.data.time.DynamicTimeSeriesCollection.getDomainLowerBound(DynamicTimeSeriesCollection.java:863)
	at org.jfree.data.general.DatasetUtilities.findMinimumDomainValue(DatasetUtilities.java:1531)
	at org.jfree.data.general.DatasetUtilities_ESTest.test02721(DatasetUtilities_ESTest.java:475)
	at sun.reflect.NativeMethodAccessorImpl.invoke0(Native Method)
	at sun.reflect.NativeMethodAccessorImpl.invoke(NativeMethodAccessorImpl.java:62)
	at sun.reflect.DelegatingMethodAccessorImpl.invoke(DelegatingMethodAccessorImpl.java:43)
	at java.lang.reflect.Method.invoke(Method.java:498)
	at org.junit.runners.model.FrameworkMethod$1.runReflectiveCall(FrameworkMethod.java:47)
	at org.junit.internal.runners.model.ReflectiveCallable.run(ReflectiveCallable.java:12)
	at org.junit.runners.model.FrameworkMethod.invokeExplosively(FrameworkMethod.java:44)
	at org.junit.internal.runners.statements.InvokeMethod.evaluate(InvokeMethod.java:17)
	at org.junit.internal.runners.statements.FailOnTimeout$StatementThread.run(FailOnTimeout.java:74)
--- org.jfree.data.general.DatasetUtilities_ESTest::test03934
org.evosuite.runtime.mock.java.lang.MockIllegalArgumentException: Null 'key' argument.
	at org.jfree.data.KeyedObjects2D.getRowIndex(KeyedObjects2D.java:151)
	at org.jfree.data.category.DefaultCategoryDataset.getRowIndex(DefaultCategoryDataset.java:156)
	at org.jfree.data.general.DatasetUtilities.createPieDatasetForRow(DatasetUtilities.java:214)
	at org.jfree.data.general.DatasetUtilities_ESTest.test03934(DatasetUtilities_ESTest.java:785)
	at sun.reflect.NativeMethodAccessorImpl.invoke0(Native Method)
	at sun.reflect.NativeMethodAccessorImpl.invoke(NativeMethodAccessorImpl.java:62)
	at sun.reflect.DelegatingMethodAccessorImpl.invoke(DelegatingMethodAccessorImpl.java:43)
	at java.lang.reflect.Method.invoke(Method.java:498)
	at org.junit.runners.model.FrameworkMethod$1.runReflectiveCall(FrameworkMethod.java:47)
	at org.junit.internal.runners.model.ReflectiveCallable.run(ReflectiveCallable.java:12)
	at org.junit.runners.model.FrameworkMethod.invokeExplosively(FrameworkMethod.java:44)
	at org.junit.internal.runners.statements.InvokeMethod.evaluate(InvokeMethod.java:17)
	at org.junit.internal.runners.statements.FailOnTimeout$StatementThread.run(FailOnTimeout.java:74)
--- org.jfree.data.general.DatasetUtilities_ESTest::test01510
org.evosuite.runtime.mock.java.lang.MockIllegalArgumentException: Null 'hour' argument.
	at org.jfree.data.time.Minute.<init>(Minute.java:117)
	at org.jfree.data.general.DatasetUtilities_ESTest.test01510(DatasetUtilities_ESTest.java:300)
	at sun.reflect.NativeMethodAccessorImpl.invoke0(Native Method)
	at sun.reflect.NativeMethodAccessorImpl.invoke(NativeMethodAccessorImpl.java:62)
	at sun.reflect.DelegatingMethodAccessorImpl.invoke(DelegatingMethodAccessorImpl.java:43)
	at java.lang.reflect.Method.invoke(Method.java:498)
	at org.junit.runners.model.FrameworkMethod$1.runReflectiveCall(FrameworkMethod.java:47)
	at org.junit.internal.runners.model.ReflectiveCallable.run(ReflectiveCallable.java:12)
	at org.junit.runners.model.FrameworkMethod.invokeExplosively(FrameworkMethod.java:44)
	at org.junit.internal.runners.statements.InvokeMethod.evaluate(InvokeMethod.java:17)
	at org.junit.internal.runners.statements.FailOnTimeout$StatementThread.run(FailOnTimeout.java:74)
--- org.jfree.data.general.DatasetUtilities_ESTest::test05954
org.jfree.data.UnknownKeyException: The key (Thu Jan 01 00:00:00 GMT 1970) is not recognised.
	at org.jfree.data.KeyedObjects.getObject(KeyedObjects.java:175)
	at org.jfree.data.pie.DefaultPieDataset.isSelected(DefaultPieDataset.java:396)
	at org.jfree.data.general.DatasetUtilities_ESTest.test05954(DatasetUtilities_ESTest.java:1161)
	at sun.reflect.NativeMethodAccessorImpl.invoke0(Native Method)
	at sun.reflect.NativeMethodAccessorImpl.invoke(NativeMethodAccessorImpl.java:62)
	at sun.reflect.DelegatingMethodAccessorImpl.invoke(DelegatingMethodAccessorImpl.java:43)
	at java.lang.reflect.Method.invoke(Method.java:498)
	at org.junit.runners.model.FrameworkMethod$1.runReflectiveCall(FrameworkMethod.java:47)
	at org.junit.internal.runners.model.ReflectiveCallable.run(ReflectiveCallable.java:12)
	at org.junit.runners.model.FrameworkMethod.invokeExplosively(FrameworkMethod.java:44)
	at org.junit.internal.runners.statements.InvokeMethod.evaluate(InvokeMethod.java:17)
	at org.junit.internal.runners.statements.FailOnTimeout$StatementThread.run(FailOnTimeout.java:74)
--- org.jfree.data.general.DatasetUtilities_ESTest::test136136
org.evosuite.runtime.mock.java.lang.MockIllegalArgumentException: Null 'dataset' argument.
	at org.jfree.data.general.DatasetUtilities.iterateToFindRangeBounds(DatasetUtilities.java:1400)
	at org.jfree.data.general.DatasetUtilities_ESTest.test136136(DatasetUtilities_ESTest.java:2515)
	at sun.reflect.NativeMethodAccessorImpl.invoke0(Native Method)
	at sun.reflect.NativeMethodAccessorImpl.invoke(NativeMethodAccessorImpl.java:62)
	at sun.reflect.DelegatingMethodAccessorImpl.invoke(DelegatingMethodAccessorImpl.java:43)
	at java.lang.reflect.Method.invoke(Method.java:498)
	at org.junit.runners.model.FrameworkMethod$1.runReflectiveCall(FrameworkMethod.java:47)
	at org.junit.internal.runners.model.ReflectiveCallable.run(ReflectiveCallable.java:12)
	at org.junit.runners.model.FrameworkMethod.invokeExplosively(FrameworkMethod.java:44)
	at org.junit.internal.runners.statements.InvokeMethod.evaluate(InvokeMethod.java:17)
	at org.junit.internal.runners.statements.FailOnTimeout$StatementThread.run(FailOnTimeout.java:74)
--- org.jfree.data.general.DatasetUtilities_ESTest::test07977
org.evosuite.runtime.mock.java.lang.MockIllegalArgumentException: Null 'dataset' argument.
	at org.jfree.data.general.DatasetUtilities.findDomainBounds(DatasetUtilities.java:667)
	at org.jfree.data.general.DatasetUtilities.findDomainBounds(DatasetUtilities.java:650)
	at org.jfree.data.general.DatasetUtilities_ESTest.test07977(DatasetUtilities_ESTest.java:1538)
	at sun.reflect.NativeMethodAccessorImpl.invoke0(Native Method)
	at sun.reflect.NativeMethodAccessorImpl.invoke(NativeMethodAccessorImpl.java:62)
	at sun.reflect.DelegatingMethodAccessorImpl.invoke(DelegatingMethodAccessorImpl.java:43)
	at java.lang.reflect.Method.invoke(Method.java:498)
	at org.junit.runners.model.FrameworkMethod$1.runReflectiveCall(FrameworkMethod.java:47)
	at org.junit.internal.runners.model.ReflectiveCallable.run(ReflectiveCallable.java:12)
	at org.junit.runners.model.FrameworkMethod.invokeExplosively(FrameworkMethod.java:44)
	at org.junit.internal.runners.statements.InvokeMethod.evaluate(InvokeMethod.java:17)
	at org.junit.internal.runners.statements.FailOnTimeout$StatementThread.run(FailOnTimeout.java:74)
--- org.jfree.data.general.DatasetUtilities_ESTest::test03024
java.lang.ClassCastException: org.jfree.data.xy.DefaultIntervalXYDataset cannot be cast to java.lang.Comparable
	at org.jfree.data.general.DatasetUtilities.iterateToFindDomainBounds(DatasetUtilities.java:1358)
	at org.jfree.data.general.DatasetUtilities.findDomainBounds(DatasetUtilities.java:709)
	at org.jfree.data.general.DatasetUtilities_ESTest.test03024(DatasetUtilities_ESTest.java:567)
	at sun.reflect.NativeMethodAccessorImpl.invoke0(Native Method)
	at sun.reflect.NativeMethodAccessorImpl.invoke(NativeMethodAccessorImpl.java:62)
	at sun.reflect.DelegatingMethodAccessorImpl.invoke(DelegatingMethodAccessorImpl.java:43)
	at java.lang.reflect.Method.invoke(Method.java:498)
	at org.junit.runners.model.FrameworkMethod$1.runReflectiveCall(FrameworkMethod.java:47)
	at org.junit.internal.runners.model.ReflectiveCallable.run(ReflectiveCallable.java:12)
	at org.junit.runners.model.FrameworkMethod.invokeExplosively(FrameworkMethod.java:44)
	at org.junit.internal.runners.statements.InvokeMethod.evaluate(InvokeMethod.java:17)
	at org.junit.internal.runners.statements.FailOnTimeout$StatementThread.run(FailOnTimeout.java:74)
--- org.jfree.data.general.DatasetUtilities_ESTest::test126125
java.lang.ArrayIndexOutOfBoundsException: -1
	at java.util.ArrayList.elementData(ArrayList.java:424)
	at java.util.ArrayList.get(ArrayList.java:437)
	at org.jfree.data.KeyedObjects2D.getObject(KeyedObjects2D.java:113)
	at org.jfree.data.category.DefaultCategoryDataset.getValue(DefaultCategoryDataset.java:120)
	at org.jfree.data.general.DatasetUtilities.createPieDatasetForRow(DatasetUtilities.java:233)
	at org.jfree.data.general.DatasetUtilities.createPieDatasetForRow(DatasetUtilities.java:215)
	at org.jfree.data.general.DatasetUtilities_ESTest.test126125(DatasetUtilities_ESTest.java:2329)
	at sun.reflect.NativeMethodAccessorImpl.invoke0(Native Method)
	at sun.reflect.NativeMethodAccessorImpl.invoke(NativeMethodAccessorImpl.java:62)
	at sun.reflect.DelegatingMethodAccessorImpl.invoke(DelegatingMethodAccessorImpl.java:43)
	at java.lang.reflect.Method.invoke(Method.java:498)
	at org.junit.runners.model.FrameworkMethod$1.runReflectiveCall(FrameworkMethod.java:47)
	at org.junit.internal.runners.model.ReflectiveCallable.run(ReflectiveCallable.java:12)
	at org.junit.runners.model.FrameworkMethod.invokeExplosively(FrameworkMethod.java:44)
	at org.junit.internal.runners.statements.InvokeMethod.evaluate(InvokeMethod.java:17)
	at org.junit.internal.runners.statements.FailOnTimeout$StatementThread.run(FailOnTimeout.java:74)
--- org.jfree.data.general.DatasetUtilities_ESTest::test0105
java.lang.ArrayIndexOutOfBoundsException: -1
	at java.util.ArrayList.elementData(ArrayList.java:424)
	at java.util.ArrayList.get(ArrayList.java:437)
	at org.jfree.data.KeyedObjects2D.getObject(KeyedObjects2D.java:115)
	at org.jfree.data.category.DefaultCategoryDataset.getValue(DefaultCategoryDataset.java:120)
	at org.jfree.data.general.DatasetUtilities.createPieDatasetForColumn(DatasetUtilities.java:268)
	at org.jfree.data.general.DatasetUtilities.createPieDatasetForColumn(DatasetUtilities.java:250)
	at org.jfree.data.general.DatasetUtilities_ESTest.test0105(DatasetUtilities_ESTest.java:229)
	at sun.reflect.NativeMethodAccessorImpl.invoke0(Native Method)
	at sun.reflect.NativeMethodAccessorImpl.invoke(NativeMethodAccessorImpl.java:62)
	at sun.reflect.DelegatingMethodAccessorImpl.invoke(DelegatingMethodAccessorImpl.java:43)
	at java.lang.reflect.Method.invoke(Method.java:498)
	at org.junit.runners.model.FrameworkMethod$1.runReflectiveCall(FrameworkMethod.java:47)
	at org.junit.internal.runners.model.ReflectiveCallable.run(ReflectiveCallable.java:12)
	at org.junit.runners.model.FrameworkMethod.invokeExplosively(FrameworkMethod.java:44)
	at org.junit.internal.runners.statements.InvokeMethod.evaluate(InvokeMethod.java:17)
	at org.junit.internal.runners.statements.FailOnTimeout$StatementThread.run(FailOnTimeout.java:74)
--- org.jfree.data.general.DatasetUtilities_ESTest::test109108
org.evosuite.runtime.mock.java.lang.MockIllegalArgumentException: The 'month' argument must be in the range 1 to 12.
	at org.jfree.data.time.SpreadsheetDate.<init>(SpreadsheetDate.java:123)
	at org.jfree.data.time.SerialDate.createInstance(SerialDate.java:792)
	at org.jfree.data.time.Day.<init>(Day.java:124)
	at org.jfree.data.time.Minute.<init>(Minute.java:175)
	at org.jfree.data.time.Second.<init>(Second.java:136)
	at org.jfree.data.general.DatasetUtilities_ESTest.test109108(DatasetUtilities_ESTest.java:2061)
	at sun.reflect.NativeMethodAccessorImpl.invoke0(Native Method)
	at sun.reflect.NativeMethodAccessorImpl.invoke(NativeMethodAccessorImpl.java:62)
	at sun.reflect.DelegatingMethodAccessorImpl.invoke(DelegatingMethodAccessorImpl.java:43)
	at java.lang.reflect.Method.invoke(Method.java:498)
	at org.junit.runners.model.FrameworkMethod$1.runReflectiveCall(FrameworkMethod.java:47)
	at org.junit.internal.runners.model.ReflectiveCallable.run(ReflectiveCallable.java:12)
	at org.junit.runners.model.FrameworkMethod.invokeExplosively(FrameworkMethod.java:44)
	at org.junit.internal.runners.statements.InvokeMethod.evaluate(InvokeMethod.java:17)
	at org.junit.internal.runners.statements.FailOnTimeout$StatementThread.run(FailOnTimeout.java:74)
--- org.jfree.data.general.DatasetUtilities_ESTest::test05045
org.evosuite.runtime.mock.java.lang.MockIllegalArgumentException: Null 'seriesKey' argument.
	at org.jfree.data.general.DatasetUtilities.sampleFunction2DToSeries(DatasetUtilities.java:539)
	at org.jfree.data.general.DatasetUtilities.sampleFunction2D(DatasetUtilities.java:511)
	at org.jfree.data.general.DatasetUtilities_ESTest.test05045(DatasetUtilities_ESTest.java:983)
	at sun.reflect.NativeMethodAccessorImpl.invoke0(Native Method)
	at sun.reflect.NativeMethodAccessorImpl.invoke(NativeMethodAccessorImpl.java:62)
	at sun.reflect.DelegatingMethodAccessorImpl.invoke(DelegatingMethodAccessorImpl.java:43)
	at java.lang.reflect.Method.invoke(Method.java:498)
	at org.junit.runners.model.FrameworkMethod$1.runReflectiveCall(FrameworkMethod.java:47)
	at org.junit.internal.runners.model.ReflectiveCallable.run(ReflectiveCallable.java:12)
	at org.junit.runners.model.FrameworkMethod.invokeExplosively(FrameworkMethod.java:44)
	at org.junit.internal.runners.statements.InvokeMethod.evaluate(InvokeMethod.java:17)
	at org.junit.internal.runners.statements.FailOnTimeout$StatementThread.run(FailOnTimeout.java:74)
--- org.jfree.data.general.DatasetUtilities_ESTest::test179186
org.evosuite.runtime.mock.java.lang.MockIllegalArgumentException: Null 'xRange' argument
	at org.jfree.data.general.DatasetUtilities.iterateToFindRangeBounds(DatasetUtilities.java:1407)
	at org.jfree.data.general.DatasetUtilities.findRangeBounds(DatasetUtilities.java:928)
	at org.jfree.data.general.DatasetUtilities_ESTest.test179186(DatasetUtilities_ESTest.java:3438)
	at sun.reflect.NativeMethodAccessorImpl.invoke0(Native Method)
	at sun.reflect.NativeMethodAccessorImpl.invoke(NativeMethodAccessorImpl.java:62)
	at sun.reflect.DelegatingMethodAccessorImpl.invoke(DelegatingMethodAccessorImpl.java:43)
	at java.lang.reflect.Method.invoke(Method.java:498)
	at org.junit.runners.model.FrameworkMethod$1.runReflectiveCall(FrameworkMethod.java:47)
	at org.junit.internal.runners.model.ReflectiveCallable.run(ReflectiveCallable.java:12)
	at org.junit.runners.model.FrameworkMethod.invokeExplosively(FrameworkMethod.java:44)
	at org.junit.internal.runners.statements.InvokeMethod.evaluate(InvokeMethod.java:17)
	at org.junit.internal.runners.statements.FailOnTimeout$StatementThread.run(FailOnTimeout.java:74)
--- org.jfree.data.general.DatasetUtilities_ESTest::test07066
org.evosuite.runtime.mock.java.lang.MockIllegalArgumentException: Null 'xRange' argument
	at org.jfree.data.general.DatasetUtilities.iterateToFindRangeBounds(DatasetUtilities.java:1407)
	at org.jfree.data.general.DatasetUtilities.findRangeBounds(DatasetUtilities.java:928)
	at org.jfree.data.general.DatasetUtilities_ESTest.test07066(DatasetUtilities_ESTest.java:1294)
	at sun.reflect.NativeMethodAccessorImpl.invoke0(Native Method)
	at sun.reflect.NativeMethodAccessorImpl.invoke(NativeMethodAccessorImpl.java:62)
	at sun.reflect.DelegatingMethodAccessorImpl.invoke(DelegatingMethodAccessorImpl.java:43)
	at java.lang.reflect.Method.invoke(Method.java:498)
	at org.junit.runners.model.FrameworkMethod$1.runReflectiveCall(FrameworkMethod.java:47)
	at org.junit.internal.runners.model.ReflectiveCallable.run(ReflectiveCallable.java:12)
	at org.junit.runners.model.FrameworkMethod.invokeExplosively(FrameworkMethod.java:44)
	at org.junit.internal.runners.statements.InvokeMethod.evaluate(InvokeMethod.java:17)
	at org.junit.internal.runners.statements.FailOnTimeout$StatementThread.run(FailOnTimeout.java:74)
--- org.jfree.data.general.DatasetUtilities_ESTest::test09087
java.lang.NullPointerException
	at org.jfree.data.time.TimeSeriesCollection.getDomainBounds(TimeSeriesCollection.java:688)
	at org.jfree.data.general.DatasetUtilities.findDomainBounds(DatasetUtilities.java:706)
	at org.jfree.data.general.DatasetUtilities_ESTest.test09087(DatasetUtilities_ESTest.java:1687)
	at sun.reflect.NativeMethodAccessorImpl.invoke0(Native Method)
	at sun.reflect.NativeMethodAccessorImpl.invoke(NativeMethodAccessorImpl.java:62)
	at sun.reflect.DelegatingMethodAccessorImpl.invoke(DelegatingMethodAccessorImpl.java:43)
	at java.lang.reflect.Method.invoke(Method.java:498)
	at org.junit.runners.model.FrameworkMethod$1.runReflectiveCall(FrameworkMethod.java:47)
	at org.junit.internal.runners.model.ReflectiveCallable.run(ReflectiveCallable.java:12)
	at org.junit.runners.model.FrameworkMethod.invokeExplosively(FrameworkMethod.java:44)
	at org.junit.internal.runners.statements.InvokeMethod.evaluate(InvokeMethod.java:17)
	at org.junit.internal.runners.statements.FailOnTimeout$StatementThread.run(FailOnTimeout.java:74)
--- org.jfree.data.general.DatasetUtilities_ESTest::test147147
org.evosuite.runtime.mock.java.lang.MockIllegalArgumentException: Null 'dataset' argument.
	at org.jfree.data.general.DatasetUtilities.findMaximumStackedRangeValue(DatasetUtilities.java:2030)
	at org.jfree.data.general.DatasetUtilities_ESTest.test147147(DatasetUtilities_ESTest.java:2727)
	at sun.reflect.NativeMethodAccessorImpl.invoke0(Native Method)
	at sun.reflect.NativeMethodAccessorImpl.invoke(NativeMethodAccessorImpl.java:62)
	at sun.reflect.DelegatingMethodAccessorImpl.invoke(DelegatingMethodAccessorImpl.java:43)
	at java.lang.reflect.Method.invoke(Method.java:498)
	at org.junit.runners.model.FrameworkMethod$1.runReflectiveCall(FrameworkMethod.java:47)
	at org.junit.internal.runners.model.ReflectiveCallable.run(ReflectiveCallable.java:12)
	at org.junit.runners.model.FrameworkMethod.invokeExplosively(FrameworkMethod.java:44)
	at org.junit.internal.runners.statements.InvokeMethod.evaluate(InvokeMethod.java:17)
	at org.junit.internal.runners.statements.FailOnTimeout$StatementThread.run(FailOnTimeout.java:74)
--- org.jfree.data.general.DatasetUtilities_ESTest::test180187
java.lang.ArrayIndexOutOfBoundsException: 0
	at org.jfree.data.category.DefaultIntervalCategoryDataset.getEndValue(DefaultIntervalCategoryDataset.java:499)
	at org.jfree.data.category.DefaultIntervalCategoryDataset.getValue(DefaultIntervalCategoryDataset.java:397)
	at org.jfree.data.general.DatasetUtilities.findStackedRangeBounds(DatasetUtilities.java:1891)
	at org.jfree.data.general.DatasetUtilities_ESTest.test180187(DatasetUtilities_ESTest.java:3505)
	at sun.reflect.NativeMethodAccessorImpl.invoke0(Native Method)
	at sun.reflect.NativeMethodAccessorImpl.invoke(NativeMethodAccessorImpl.java:62)
	at sun.reflect.DelegatingMethodAccessorImpl.invoke(DelegatingMethodAccessorImpl.java:43)
	at java.lang.reflect.Method.invoke(Method.java:498)
	at org.junit.runners.model.FrameworkMethod$1.runReflectiveCall(FrameworkMethod.java:47)
	at org.junit.internal.runners.model.ReflectiveCallable.run(ReflectiveCallable.java:12)
	at org.junit.runners.model.FrameworkMethod.invokeExplosively(FrameworkMethod.java:44)
	at org.junit.internal.runners.statements.InvokeMethod.evaluate(InvokeMethod.java:17)
	at org.junit.internal.runners.statements.FailOnTimeout$StatementThread.run(FailOnTimeout.java:74)
--- org.jfree.data.general.DatasetUtilities_ESTest::test131130
java.lang.NullPointerException
	at org.jfree.data.time.DynamicTimeSeriesCollection.getOldestTime(DynamicTimeSeriesCollection.java:725)
	at org.jfree.data.time.DynamicTimeSeriesCollection.findDomainLimits(DynamicTimeSeriesCollection.java:341)
	at org.jfree.data.time.DynamicTimeSeriesCollection.getDomainBounds(DynamicTimeSeriesCollection.java:890)
	at org.jfree.data.general.DatasetUtilities.findDomainBounds(DatasetUtilities.java:674)
	at org.jfree.data.general.DatasetUtilities.findDomainBounds(DatasetUtilities.java:650)
	at org.jfree.data.general.DatasetUtilities_ESTest.test131130(DatasetUtilities_ESTest.java:2369)
	at sun.reflect.NativeMethodAccessorImpl.invoke0(Native Method)
	at sun.reflect.NativeMethodAccessorImpl.invoke(NativeMethodAccessorImpl.java:62)
	at sun.reflect.DelegatingMethodAccessorImpl.invoke(DelegatingMethodAccessorImpl.java:43)
	at java.lang.reflect.Method.invoke(Method.java:498)
	at org.junit.runners.model.FrameworkMethod$1.runReflectiveCall(FrameworkMethod.java:47)
	at org.junit.internal.runners.model.ReflectiveCallable.run(ReflectiveCallable.java:12)
	at org.junit.runners.model.FrameworkMethod.invokeExplosively(FrameworkMethod.java:44)
	at org.junit.internal.runners.statements.InvokeMethod.evaluate(InvokeMethod.java:17)
	at org.junit.internal.runners.statements.FailOnTimeout$StatementThread.run(FailOnTimeout.java:74)
--- org.jfree.data.general.DatasetUtilities_ESTest::test104101
org.evosuite.runtime.mock.java.lang.MockIllegalArgumentException: Null 'dataset' argument.
	at org.jfree.data.general.DatasetUtilities.findMaximumDomainValue(DatasetUtilities.java:1580)
	at org.jfree.data.general.DatasetUtilities_ESTest.test104101(DatasetUtilities_ESTest.java:1888)
	at sun.reflect.NativeMethodAccessorImpl.invoke0(Native Method)
	at sun.reflect.NativeMethodAccessorImpl.invoke(NativeMethodAccessorImpl.java:62)
	at sun.reflect.DelegatingMethodAccessorImpl.invoke(DelegatingMethodAccessorImpl.java:43)
	at java.lang.reflect.Method.invoke(Method.java:498)
	at org.junit.runners.model.FrameworkMethod$1.runReflectiveCall(FrameworkMethod.java:47)
	at org.junit.internal.runners.model.ReflectiveCallable.run(ReflectiveCallable.java:12)
	at org.junit.runners.model.FrameworkMethod.invokeExplosively(FrameworkMethod.java:44)
	at org.junit.internal.runners.statements.InvokeMethod.evaluate(InvokeMethod.java:17)
	at org.junit.internal.runners.statements.FailOnTimeout$StatementThread.run(FailOnTimeout.java:74)
--- org.jfree.data.general.DatasetUtilities_ESTest::test04338
java.lang.ArrayIndexOutOfBoundsException: 6
	at org.jfree.data.category.DefaultIntervalCategoryDataset.getEndValue(DefaultIntervalCategoryDataset.java:499)
	at org.jfree.data.category.DefaultIntervalCategoryDataset.getValue(DefaultIntervalCategoryDataset.java:397)
	at org.jfree.data.general.DatasetUtilities.iterateRangeBounds(DatasetUtilities.java:991)
	at org.jfree.data.general.DatasetUtilities.iterateRangeBounds(DatasetUtilities.java:963)
	at org.jfree.data.general.DatasetUtilities_ESTest.test04338(DatasetUtilities_ESTest.java:852)
	at sun.reflect.NativeMethodAccessorImpl.invoke0(Native Method)
	at sun.reflect.NativeMethodAccessorImpl.invoke(NativeMethodAccessorImpl.java:62)
	at sun.reflect.DelegatingMethodAccessorImpl.invoke(DelegatingMethodAccessorImpl.java:43)
	at java.lang.reflect.Method.invoke(Method.java:498)
	at org.junit.runners.model.FrameworkMethod$1.runReflectiveCall(FrameworkMethod.java:47)
	at org.junit.internal.runners.model.ReflectiveCallable.run(ReflectiveCallable.java:12)
	at org.junit.runners.model.FrameworkMethod.invokeExplosively(FrameworkMethod.java:44)
	at org.junit.internal.runners.statements.InvokeMethod.evaluate(InvokeMethod.java:17)
	at org.junit.internal.runners.statements.FailOnTimeout$StatementThread.run(FailOnTimeout.java:74)
--- org.jfree.data.general.DatasetUtilities_ESTest::test03530
java.lang.IndexOutOfBoundsException: Index: 2402, Size: 6
	at java.util.ArrayList.rangeCheck(ArrayList.java:659)
	at java.util.ArrayList.get(ArrayList.java:435)
	at org.jfree.data.KeyedObjects2D.getObject(KeyedObjects2D.java:115)
	at org.jfree.data.category.DefaultCategoryDataset.getValue(DefaultCategoryDataset.java:120)
	at org.jfree.data.general.DatasetUtilities.createPieDatasetForColumn(DatasetUtilities.java:268)
	at org.jfree.data.general.DatasetUtilities_ESTest.test03530(DatasetUtilities_ESTest.java:696)
	at sun.reflect.NativeMethodAccessorImpl.invoke0(Native Method)
	at sun.reflect.NativeMethodAccessorImpl.invoke(NativeMethodAccessorImpl.java:62)
	at sun.reflect.DelegatingMethodAccessorImpl.invoke(DelegatingMethodAccessorImpl.java:43)
	at java.lang.reflect.Method.invoke(Method.java:498)
	at org.junit.runners.model.FrameworkMethod$1.runReflectiveCall(FrameworkMethod.java:47)
	at org.junit.internal.runners.model.ReflectiveCallable.run(ReflectiveCallable.java:12)
	at org.junit.runners.model.FrameworkMethod.invokeExplosively(FrameworkMethod.java:44)
	at org.junit.internal.runners.statements.InvokeMethod.evaluate(InvokeMethod.java:17)
	at org.junit.internal.runners.statements.FailOnTimeout$StatementThread.run(FailOnTimeout.java:74)
--- org.jfree.data.general.DatasetUtilities_ESTest::test09996
org.evosuite.runtime.mock.java.lang.MockIllegalArgumentException: Null 'dataset' argument.
	at org.jfree.data.general.DatasetUtilities.iterateDomainBounds(DatasetUtilities.java:743)
	at org.jfree.data.general.DatasetUtilities_ESTest.test09996(DatasetUtilities_ESTest.java:1810)
	at sun.reflect.NativeMethodAccessorImpl.invoke0(Native Method)
	at sun.reflect.NativeMethodAccessorImpl.invoke(NativeMethodAccessorImpl.java:62)
	at sun.reflect.DelegatingMethodAccessorImpl.invoke(DelegatingMethodAccessorImpl.java:43)
	at java.lang.reflect.Method.invoke(Method.java:498)
	at org.junit.runners.model.FrameworkMethod$1.runReflectiveCall(FrameworkMethod.java:47)
	at org.junit.internal.runners.model.ReflectiveCallable.run(ReflectiveCallable.java:12)
	at org.junit.runners.model.FrameworkMethod.invokeExplosively(FrameworkMethod.java:44)
	at org.junit.internal.runners.statements.InvokeMethod.evaluate(InvokeMethod.java:17)
	at org.junit.internal.runners.statements.FailOnTimeout$StatementThread.run(FailOnTimeout.java:74)
--- org.jfree.data.general.DatasetUtilities_ESTest::test0116
org.evosuite.runtime.mock.java.lang.MockIllegalArgumentException: Null 'dataset' argument.
	at org.jfree.data.general.DatasetUtilities.findStackedRangeBounds(DatasetUtilities.java:2081)
	at org.jfree.data.general.DatasetUtilities_ESTest.test0116(DatasetUtilities_ESTest.java:235)
	at sun.reflect.NativeMethodAccessorImpl.invoke0(Native Method)
	at sun.reflect.NativeMethodAccessorImpl.invoke(NativeMethodAccessorImpl.java:62)
	at sun.reflect.DelegatingMethodAccessorImpl.invoke(DelegatingMethodAccessorImpl.java:43)
	at java.lang.reflect.Method.invoke(Method.java:498)
	at org.junit.runners.model.FrameworkMethod$1.runReflectiveCall(FrameworkMethod.java:47)
	at org.junit.internal.runners.model.ReflectiveCallable.run(ReflectiveCallable.java:12)
	at org.junit.runners.model.FrameworkMethod.invokeExplosively(FrameworkMethod.java:44)
	at org.junit.internal.runners.statements.InvokeMethod.evaluate(InvokeMethod.java:17)
	at org.junit.internal.runners.statements.FailOnTimeout$StatementThread.run(FailOnTimeout.java:74)
--- org.jfree.data.general.DatasetUtilities_ESTest::test08784
java.lang.ArrayIndexOutOfBoundsException: -531
	at java.util.ArrayList.elementData(ArrayList.java:424)
	at java.util.ArrayList.get(ArrayList.java:437)
	at org.jfree.data.KeyedObjects2D.getObject(KeyedObjects2D.java:113)
	at org.jfree.data.category.DefaultCategoryDataset.getValue(DefaultCategoryDataset.java:120)
	at org.jfree.data.category.CategoryToPieDataset.getValue(CategoryToPieDataset.java:179)
	at org.jfree.data.general.DatasetUtilities.isEmptyOrNull(DatasetUtilities.java:577)
	at org.jfree.data.general.DatasetUtilities_ESTest.test08784(DatasetUtilities_ESTest.java:1662)
	at sun.reflect.NativeMethodAccessorImpl.invoke0(Native Method)
	at sun.reflect.NativeMethodAccessorImpl.invoke(NativeMethodAccessorImpl.java:62)
	at sun.reflect.DelegatingMethodAccessorImpl.invoke(DelegatingMethodAccessorImpl.java:43)
	at java.lang.reflect.Method.invoke(Method.java:498)
	at org.junit.runners.model.FrameworkMethod$1.runReflectiveCall(FrameworkMethod.java:47)
	at org.junit.internal.runners.model.ReflectiveCallable.run(ReflectiveCallable.java:12)
	at org.junit.runners.model.FrameworkMethod.invokeExplosively(FrameworkMethod.java:44)
	at org.junit.internal.runners.statements.InvokeMethod.evaluate(InvokeMethod.java:17)
	at org.junit.internal.runners.statements.FailOnTimeout$StatementThread.run(FailOnTimeout.java:74)
--- org.jfree.data.general.DatasetUtilities_ESTest::test142141
org.evosuite.runtime.mock.java.lang.MockIllegalArgumentException: Requires 'start' < 'end'.
	at org.jfree.data.general.DatasetUtilities.sampleFunction2DToSeries(DatasetUtilities.java:542)
	at org.jfree.data.general.DatasetUtilities.sampleFunction2D(DatasetUtilities.java:511)
	at org.jfree.data.general.DatasetUtilities_ESTest.test142141(DatasetUtilities_ESTest.java:2641)
	at sun.reflect.NativeMethodAccessorImpl.invoke0(Native Method)
	at sun.reflect.NativeMethodAccessorImpl.invoke(NativeMethodAccessorImpl.java:62)
	at sun.reflect.DelegatingMethodAccessorImpl.invoke(DelegatingMethodAccessorImpl.java:43)
	at java.lang.reflect.Method.invoke(Method.java:498)
	at org.junit.runners.model.FrameworkMethod$1.runReflectiveCall(FrameworkMethod.java:47)
	at org.junit.internal.runners.model.ReflectiveCallable.run(ReflectiveCallable.java:12)
	at org.junit.runners.model.FrameworkMethod.invokeExplosively(FrameworkMethod.java:44)
	at org.junit.internal.runners.statements.InvokeMethod.evaluate(InvokeMethod.java:17)
	at org.junit.internal.runners.statements.FailOnTimeout$StatementThread.run(FailOnTimeout.java:74)
--- org.jfree.data.general.DatasetUtilities_ESTest::test09592
org.evosuite.runtime.mock.java.lang.MockIllegalArgumentException: Null 'dataset' argument.
	at org.jfree.data.general.DatasetUtilities.findDomainBounds(DatasetUtilities.java:667)
	at org.jfree.data.general.DatasetUtilities.findDomainBounds(DatasetUtilities.java:650)
	at org.jfree.data.general.DatasetUtilities_ESTest.test09592(DatasetUtilities_ESTest.java:1732)
	at sun.reflect.NativeMethodAccessorImpl.invoke0(Native Method)
	at sun.reflect.NativeMethodAccessorImpl.invoke(NativeMethodAccessorImpl.java:62)
	at sun.reflect.DelegatingMethodAccessorImpl.invoke(DelegatingMethodAccessorImpl.java:43)
	at java.lang.reflect.Method.invoke(Method.java:498)
	at org.junit.runners.model.FrameworkMethod$1.runReflectiveCall(FrameworkMethod.java:47)
	at org.junit.internal.runners.model.ReflectiveCallable.run(ReflectiveCallable.java:12)
	at org.junit.runners.model.FrameworkMethod.invokeExplosively(FrameworkMethod.java:44)
	at org.junit.internal.runners.statements.InvokeMethod.evaluate(InvokeMethod.java:17)
	at org.junit.internal.runners.statements.FailOnTimeout$StatementThread.run(FailOnTimeout.java:74)
--- org.jfree.data.general.DatasetUtilities_ESTest::test123122
org.evosuite.runtime.mock.java.lang.MockIllegalArgumentException: Null 'dataset' argument.
	at org.jfree.data.general.DatasetUtilities.findRangeBounds(DatasetUtilities.java:887)
	at org.jfree.data.general.DatasetUtilities_ESTest.test123122(DatasetUtilities_ESTest.java:2246)
	at sun.reflect.NativeMethodAccessorImpl.invoke0(Native Method)
	at sun.reflect.NativeMethodAccessorImpl.invoke(NativeMethodAccessorImpl.java:62)
	at sun.reflect.DelegatingMethodAccessorImpl.invoke(DelegatingMethodAccessorImpl.java:43)
	at java.lang.reflect.Method.invoke(Method.java:498)
	at org.junit.runners.model.FrameworkMethod$1.runReflectiveCall(FrameworkMethod.java:47)
	at org.junit.internal.runners.model.ReflectiveCallable.run(ReflectiveCallable.java:12)
	at org.junit.runners.model.FrameworkMethod.invokeExplosively(FrameworkMethod.java:44)
	at org.junit.internal.runners.statements.InvokeMethod.evaluate(InvokeMethod.java:17)
	at org.junit.internal.runners.statements.FailOnTimeout$StatementThread.run(FailOnTimeout.java:74)
--- org.jfree.data.general.DatasetUtilities_ESTest::test162166
org.evosuite.runtime.mock.java.lang.MockIllegalArgumentException: The number of row keys does not match the number of rows in the data array.
	at org.jfree.data.general.DatasetUtilities.createCategoryDataset(DatasetUtilities.java:441)
	at org.jfree.data.general.DatasetUtilities_ESTest.test162166(DatasetUtilities_ESTest.java:2976)
	at sun.reflect.NativeMethodAccessorImpl.invoke0(Native Method)
	at sun.reflect.NativeMethodAccessorImpl.invoke(NativeMethodAccessorImpl.java:62)
	at sun.reflect.DelegatingMethodAccessorImpl.invoke(DelegatingMethodAccessorImpl.java:43)
	at java.lang.reflect.Method.invoke(Method.java:498)
	at org.junit.runners.model.FrameworkMethod$1.runReflectiveCall(FrameworkMethod.java:47)
	at org.junit.internal.runners.model.ReflectiveCallable.run(ReflectiveCallable.java:12)
	at org.junit.runners.model.FrameworkMethod.invokeExplosively(FrameworkMethod.java:44)
	at org.junit.internal.runners.statements.InvokeMethod.evaluate(InvokeMethod.java:17)
	at org.junit.internal.runners.statements.FailOnTimeout$StatementThread.run(FailOnTimeout.java:74)
--- org.jfree.data.general.DatasetUtilities_ESTest::test117116
org.evosuite.runtime.mock.java.lang.MockIllegalArgumentException: The 'year' argument must be in range 1900 to 9999.
	at org.jfree.data.time.SpreadsheetDate.<init>(SpreadsheetDate.java:113)
	at org.jfree.data.time.SerialDate.createInstance(SerialDate.java:792)
	at org.jfree.data.time.Day.<init>(Day.java:124)
	at org.jfree.data.time.Hour.<init>(Hour.java:129)
	at org.jfree.data.general.DatasetUtilities_ESTest.test117116(DatasetUtilities_ESTest.java:2143)
	at sun.reflect.NativeMethodAccessorImpl.invoke0(Native Method)
	at sun.reflect.NativeMethodAccessorImpl.invoke(NativeMethodAccessorImpl.java:62)
	at sun.reflect.DelegatingMethodAccessorImpl.invoke(DelegatingMethodAccessorImpl.java:43)
	at java.lang.reflect.Method.invoke(Method.java:498)
	at org.junit.runners.model.FrameworkMethod$1.runReflectiveCall(FrameworkMethod.java:47)
	at org.junit.internal.runners.model.ReflectiveCallable.run(ReflectiveCallable.java:12)
	at org.junit.runners.model.FrameworkMethod.invokeExplosively(FrameworkMethod.java:44)
	at org.junit.internal.runners.statements.InvokeMethod.evaluate(InvokeMethod.java:17)
	at org.junit.internal.runners.statements.FailOnTimeout$StatementThread.run(FailOnTimeout.java:74)
--- org.jfree.data.general.DatasetUtilities_ESTest::test167173
java.lang.NullPointerException
	at org.jfree.data.category.DefaultIntervalCategoryDataset.getRowCount(DefaultIntervalCategoryDataset.java:709)
	at org.jfree.data.general.DatasetUtilities.findMaximumRangeValue(DatasetUtilities.java:1767)
	at org.jfree.data.general.DatasetUtilities_ESTest.test167173(DatasetUtilities_ESTest.java:3066)
	at sun.reflect.NativeMethodAccessorImpl.invoke0(Native Method)
	at sun.reflect.NativeMethodAccessorImpl.invoke(NativeMethodAccessorImpl.java:62)
	at sun.reflect.DelegatingMethodAccessorImpl.invoke(DelegatingMethodAccessorImpl.java:43)
	at java.lang.reflect.Method.invoke(Method.java:498)
	at org.junit.runners.model.FrameworkMethod$1.runReflectiveCall(FrameworkMethod.java:47)
	at org.junit.internal.runners.model.ReflectiveCallable.run(ReflectiveCallable.java:12)
	at org.junit.runners.model.FrameworkMethod.invokeExplosively(FrameworkMethod.java:44)
	at org.junit.internal.runners.statements.InvokeMethod.evaluate(InvokeMethod.java:17)
	at org.junit.internal.runners.statements.FailOnTimeout$StatementThread.run(FailOnTimeout.java:74)
--- org.jfree.data.general.DatasetUtilities_ESTest::test178185
org.jfree.data.UnknownKeyException: Row key (1960.74534886) not recognised.
	at org.jfree.data.KeyedObjects2D.getObject(KeyedObjects2D.java:230)
	at org.jfree.data.statistics.DefaultStatisticalCategoryDataset.getMeanValue(DefaultStatisticalCategoryDataset.java:198)
	at org.jfree.data.general.DatasetUtilities_ESTest.test178185(DatasetUtilities_ESTest.java:3409)
	at sun.reflect.NativeMethodAccessorImpl.invoke0(Native Method)
	at sun.reflect.NativeMethodAccessorImpl.invoke(NativeMethodAccessorImpl.java:62)
	at sun.reflect.DelegatingMethodAccessorImpl.invoke(DelegatingMethodAccessorImpl.java:43)
	at java.lang.reflect.Method.invoke(Method.java:498)
	at org.junit.runners.model.FrameworkMethod$1.runReflectiveCall(FrameworkMethod.java:47)
	at org.junit.internal.runners.model.ReflectiveCallable.run(ReflectiveCallable.java:12)
	at org.junit.runners.model.FrameworkMethod.invokeExplosively(FrameworkMethod.java:44)
	at org.junit.internal.runners.statements.InvokeMethod.evaluate(InvokeMethod.java:17)
	at org.junit.internal.runners.statements.FailOnTimeout$StatementThread.run(FailOnTimeout.java:74)
--- org.jfree.data.general.DatasetUtilities_ESTest::test02620
java.lang.ArrayIndexOutOfBoundsException: 2
	at org.jfree.data.category.DefaultIntervalCategoryDataset.getEndValue(DefaultIntervalCategoryDataset.java:499)
	at org.jfree.data.category.DefaultIntervalCategoryDataset.getValue(DefaultIntervalCategoryDataset.java:397)
	at org.jfree.data.general.DatasetUtilities.iterateRangeBounds(DatasetUtilities.java:1017)
	at org.jfree.data.general.DatasetUtilities.findRangeBounds(DatasetUtilities.java:825)
	at org.jfree.data.general.DatasetUtilities_ESTest.test02620(DatasetUtilities_ESTest.java:468)
	at sun.reflect.NativeMethodAccessorImpl.invoke0(Native Method)
	at sun.reflect.NativeMethodAccessorImpl.invoke(NativeMethodAccessorImpl.java:62)
	at sun.reflect.DelegatingMethodAccessorImpl.invoke(DelegatingMethodAccessorImpl.java:43)
	at java.lang.reflect.Method.invoke(Method.java:498)
	at org.junit.runners.model.FrameworkMethod$1.runReflectiveCall(FrameworkMethod.java:47)
	at org.junit.internal.runners.model.ReflectiveCallable.run(ReflectiveCallable.java:12)
	at org.junit.runners.model.FrameworkMethod.invokeExplosively(FrameworkMethod.java:44)
	at org.junit.internal.runners.statements.InvokeMethod.evaluate(InvokeMethod.java:17)
	at org.junit.internal.runners.statements.FailOnTimeout$StatementThread.run(FailOnTimeout.java:74)
--- org.jfree.data.general.DatasetUtilities_ESTest::test01813
org.evosuite.runtime.mock.java.lang.MockIllegalArgumentException: Null 'dataset' argument.
	at org.jfree.data.general.DatasetUtilities.iterateToFindDomainBounds(DatasetUtilities.java:1324)
	at org.jfree.data.general.DatasetUtilities_ESTest.test01813(DatasetUtilities_ESTest.java:361)
	at sun.reflect.NativeMethodAccessorImpl.invoke0(Native Method)
	at sun.reflect.NativeMethodAccessorImpl.invoke(NativeMethodAccessorImpl.java:62)
	at sun.reflect.DelegatingMethodAccessorImpl.invoke(DelegatingMethodAccessorImpl.java:43)
	at java.lang.reflect.Method.invoke(Method.java:498)
	at org.junit.runners.model.FrameworkMethod$1.runReflectiveCall(FrameworkMethod.java:47)
	at org.junit.internal.runners.model.ReflectiveCallable.run(ReflectiveCallable.java:12)
	at org.junit.runners.model.FrameworkMethod.invokeExplosively(FrameworkMethod.java:44)
	at org.junit.internal.runners.statements.InvokeMethod.evaluate(InvokeMethod.java:17)
	at org.junit.internal.runners.statements.FailOnTimeout$StatementThread.run(FailOnTimeout.java:74)
--- org.jfree.data.general.DatasetUtilities_ESTest::test03833
org.evosuite.runtime.mock.java.lang.MockIllegalArgumentException: DefaultIntervalCategoryDataset.getValue(): series index out of range.
	at org.jfree.data.category.DefaultIntervalCategoryDataset.getEndValue(DefaultIntervalCategoryDataset.java:488)
	at org.jfree.data.category.DefaultIntervalCategoryDataset.getValue(DefaultIntervalCategoryDataset.java:397)
	at org.jfree.data.general.DatasetUtilities.createPieDatasetForRow(DatasetUtilities.java:233)
	at org.jfree.data.general.DatasetUtilities_ESTest.test03833(DatasetUtilities_ESTest.java:772)
	at sun.reflect.NativeMethodAccessorImpl.invoke0(Native Method)
	at sun.reflect.NativeMethodAccessorImpl.invoke(NativeMethodAccessorImpl.java:62)
	at sun.reflect.DelegatingMethodAccessorImpl.invoke(DelegatingMethodAccessorImpl.java:43)
	at java.lang.reflect.Method.invoke(Method.java:498)
	at org.junit.runners.model.FrameworkMethod$1.runReflectiveCall(FrameworkMethod.java:47)
	at org.junit.internal.runners.model.ReflectiveCallable.run(ReflectiveCallable.java:12)
	at org.junit.runners.model.FrameworkMethod.invokeExplosively(FrameworkMethod.java:44)
	at org.junit.internal.runners.statements.InvokeMethod.evaluate(InvokeMethod.java:17)
	at org.junit.internal.runners.statements.FailOnTimeout$StatementThread.run(FailOnTimeout.java:74)
--- org.jfree.data.general.DatasetUtilities_ESTest::test128127
java.lang.NullPointerException
	at org.jfree.data.general.DatasetUtilities.createPieDatasetForRow(DatasetUtilities.java:230)
	at org.jfree.data.general.DatasetUtilities_ESTest.test128127(DatasetUtilities_ESTest.java:2343)
	at sun.reflect.NativeMethodAccessorImpl.invoke0(Native Method)
	at sun.reflect.NativeMethodAccessorImpl.invoke(NativeMethodAccessorImpl.java:62)
	at sun.reflect.DelegatingMethodAccessorImpl.invoke(DelegatingMethodAccessorImpl.java:43)
	at java.lang.reflect.Method.invoke(Method.java:498)
	at org.junit.runners.model.FrameworkMethod$1.runReflectiveCall(FrameworkMethod.java:47)
	at org.junit.internal.runners.model.ReflectiveCallable.run(ReflectiveCallable.java:12)
	at org.junit.runners.model.FrameworkMethod.invokeExplosively(FrameworkMethod.java:44)
	at org.junit.internal.runners.statements.InvokeMethod.evaluate(InvokeMethod.java:17)
	at org.junit.internal.runners.statements.FailOnTimeout$StatementThread.run(FailOnTimeout.java:74)
--- org.jfree.data.general.DatasetUtilities_ESTest::test04136
junit.framework.AssertionFailedError
	at org.junit.Assert.fail(Assert.java:86)
	at org.junit.Assert.assertTrue(Assert.java:41)
	at org.junit.Assert.assertTrue(Assert.java:52)
	at org.jfree.data.general.DatasetUtilities_ESTest.test04136(DatasetUtilities_ESTest.java:812)
	at sun.reflect.NativeMethodAccessorImpl.invoke0(Native Method)
	at sun.reflect.NativeMethodAccessorImpl.invoke(NativeMethodAccessorImpl.java:62)
	at sun.reflect.DelegatingMethodAccessorImpl.invoke(DelegatingMethodAccessorImpl.java:43)
	at java.lang.reflect.Method.invoke(Method.java:498)
	at org.junit.runners.model.FrameworkMethod$1.runReflectiveCall(FrameworkMethod.java:47)
	at org.junit.internal.runners.model.ReflectiveCallable.run(ReflectiveCallable.java:12)
	at org.junit.runners.model.FrameworkMethod.invokeExplosively(FrameworkMethod.java:44)
	at org.junit.internal.runners.statements.InvokeMethod.evaluate(InvokeMethod.java:17)
	at org.junit.internal.runners.statements.FailOnTimeout$StatementThread.run(FailOnTimeout.java:74)
--- org.jfree.data.general.DatasetUtilities_ESTest::test06156
org.evosuite.runtime.mock.java.lang.MockIllegalArgumentException: Null 'dataset' argument.
	at org.jfree.data.general.DatasetUtilities.findRangeBounds(DatasetUtilities.java:817)
	at org.jfree.data.general.DatasetUtilities_ESTest.test06156(DatasetUtilities_ESTest.java:1184)
	at sun.reflect.NativeMethodAccessorImpl.invoke0(Native Method)
	at sun.reflect.NativeMethodAccessorImpl.invoke(NativeMethodAccessorImpl.java:62)
	at sun.reflect.DelegatingMethodAccessorImpl.invoke(DelegatingMethodAccessorImpl.java:43)
	at java.lang.reflect.Method.invoke(Method.java:498)
	at org.junit.runners.model.FrameworkMethod$1.runReflectiveCall(FrameworkMethod.java:47)
	at org.junit.internal.runners.model.ReflectiveCallable.run(ReflectiveCallable.java:12)
	at org.junit.runners.model.FrameworkMethod.invokeExplosively(FrameworkMethod.java:44)
	at org.junit.internal.runners.statements.InvokeMethod.evaluate(InvokeMethod.java:17)
	at org.junit.internal.runners.statements.FailOnTimeout$StatementThread.run(FailOnTimeout.java:74)
--- org.jfree.data.general.DatasetUtilities_ESTest::test08179
org.evosuite.runtime.mock.java.lang.MockIllegalArgumentException: Null 'dataset' argument.
	at org.jfree.data.general.DatasetUtilities.findMinimumStackedRangeValue(DatasetUtilities.java:1990)
	at org.jfree.data.general.DatasetUtilities_ESTest.test08179(DatasetUtilities_ESTest.java:1550)
	at sun.reflect.NativeMethodAccessorImpl.invoke0(Native Method)
	at sun.reflect.NativeMethodAccessorImpl.invoke(NativeMethodAccessorImpl.java:62)
	at sun.reflect.DelegatingMethodAccessorImpl.invoke(DelegatingMethodAccessorImpl.java:43)
	at java.lang.reflect.Method.invoke(Method.java:498)
	at org.junit.runners.model.FrameworkMethod$1.runReflectiveCall(FrameworkMethod.java:47)
	at org.junit.internal.runners.model.ReflectiveCallable.run(ReflectiveCallable.java:12)
	at org.junit.runners.model.FrameworkMethod.invokeExplosively(FrameworkMethod.java:44)
	at org.junit.internal.runners.statements.InvokeMethod.evaluate(InvokeMethod.java:17)
	at org.junit.internal.runners.statements.FailOnTimeout$StatementThread.run(FailOnTimeout.java:74)
--- org.jfree.data.general.DatasetUtilities_ESTest::test0043
java.lang.NullPointerException
	at org.jfree.data.time.DynamicTimeSeriesCollection.getX(DynamicTimeSeriesCollection.java:739)
	at org.jfree.data.xy.AbstractXYDataset.getXValue(AbstractXYDataset.java:77)
	at org.jfree.data.general.DatasetUtilities.iterateToFindDomainBounds(DatasetUtilities.java:1362)
	at org.jfree.data.general.DatasetUtilities.findDomainBounds(DatasetUtilities.java:709)
	at org.jfree.data.general.DatasetUtilities_ESTest.test0043(DatasetUtilities_ESTest.java:204)
	at sun.reflect.NativeMethodAccessorImpl.invoke0(Native Method)
	at sun.reflect.NativeMethodAccessorImpl.invoke(NativeMethodAccessorImpl.java:62)
	at sun.reflect.DelegatingMethodAccessorImpl.invoke(DelegatingMethodAccessorImpl.java:43)
	at java.lang.reflect.Method.invoke(Method.java:498)
	at org.junit.runners.model.FrameworkMethod$1.runReflectiveCall(FrameworkMethod.java:47)
	at org.junit.internal.runners.model.ReflectiveCallable.run(ReflectiveCallable.java:12)
	at org.junit.runners.model.FrameworkMethod.invokeExplosively(FrameworkMethod.java:44)
	at org.junit.internal.runners.statements.InvokeMethod.evaluate(InvokeMethod.java:17)
	at org.junit.internal.runners.statements.FailOnTimeout$StatementThread.run(FailOnTimeout.java:74)
--- org.jfree.data.general.DatasetUtilities_ESTest::test145144
org.evosuite.runtime.mock.java.lang.MockIllegalArgumentException: Null 'dataset' argument.
	at org.jfree.data.general.DatasetUtilities.findMaximumStackedRangeValue(DatasetUtilities.java:2030)
	at org.jfree.data.general.DatasetUtilities_ESTest.test145144(DatasetUtilities_ESTest.java:2700)
	at sun.reflect.NativeMethodAccessorImpl.invoke0(Native Method)
	at sun.reflect.NativeMethodAccessorImpl.invoke(NativeMethodAccessorImpl.java:62)
	at sun.reflect.DelegatingMethodAccessorImpl.invoke(DelegatingMethodAccessorImpl.java:43)
	at java.lang.reflect.Method.invoke(Method.java:498)
	at org.junit.runners.model.FrameworkMethod$1.runReflectiveCall(FrameworkMethod.java:47)
	at org.junit.internal.runners.model.ReflectiveCallable.run(ReflectiveCallable.java:12)
	at org.junit.runners.model.FrameworkMethod.invokeExplosively(FrameworkMethod.java:44)
	at org.junit.internal.runners.statements.InvokeMethod.evaluate(InvokeMethod.java:17)
	at org.junit.internal.runners.statements.FailOnTimeout$StatementThread.run(FailOnTimeout.java:74)
--- org.jfree.data.general.DatasetUtilities_ESTest::test114113
org.evosuite.runtime.mock.java.lang.MockIllegalArgumentException: Null 'dataset' argument.
	at org.jfree.data.general.DatasetUtilities.findStackedRangeBounds(DatasetUtilities.java:1880)
	at org.jfree.data.general.DatasetUtilities_ESTest.test114113(DatasetUtilities_ESTest.java:2100)
	at sun.reflect.NativeMethodAccessorImpl.invoke0(Native Method)
	at sun.reflect.NativeMethodAccessorImpl.invoke(NativeMethodAccessorImpl.java:62)
	at sun.reflect.DelegatingMethodAccessorImpl.invoke(DelegatingMethodAccessorImpl.java:43)
	at java.lang.reflect.Method.invoke(Method.java:498)
	at org.junit.runners.model.FrameworkMethod$1.runReflectiveCall(FrameworkMethod.java:47)
	at org.junit.internal.runners.model.ReflectiveCallable.run(ReflectiveCallable.java:12)
	at org.junit.runners.model.FrameworkMethod.invokeExplosively(FrameworkMethod.java:44)
	at org.junit.internal.runners.statements.InvokeMethod.evaluate(InvokeMethod.java:17)
	at org.junit.internal.runners.statements.FailOnTimeout$StatementThread.run(FailOnTimeout.java:74)
--- org.jfree.data.general.DatasetUtilities_ESTest::test175182
org.evosuite.runtime.mock.java.lang.MockIllegalArgumentException: DefaultIntervalCategoryDataset.getValue(): series index out of range.
	at org.jfree.data.category.DefaultIntervalCategoryDataset.getEndValue(DefaultIntervalCategoryDataset.java:488)
	at org.jfree.data.category.DefaultIntervalCategoryDataset.getValue(DefaultIntervalCategoryDataset.java:397)
	at org.jfree.data.general.DatasetUtilities.createPieDatasetForRow(DatasetUtilities.java:233)
	at org.jfree.data.general.DatasetUtilities_ESTest.test175182(DatasetUtilities_ESTest.java:3258)
	at sun.reflect.NativeMethodAccessorImpl.invoke0(Native Method)
	at sun.reflect.NativeMethodAccessorImpl.invoke(NativeMethodAccessorImpl.java:62)
	at sun.reflect.DelegatingMethodAccessorImpl.invoke(DelegatingMethodAccessorImpl.java:43)
	at java.lang.reflect.Method.invoke(Method.java:498)
	at org.junit.runners.model.FrameworkMethod$1.runReflectiveCall(FrameworkMethod.java:47)
	at org.junit.internal.runners.model.ReflectiveCallable.run(ReflectiveCallable.java:12)
	at org.junit.runners.model.FrameworkMethod.invokeExplosively(FrameworkMethod.java:44)
	at org.junit.internal.runners.statements.InvokeMethod.evaluate(InvokeMethod.java:17)
	at org.junit.internal.runners.statements.FailOnTimeout$StatementThread.run(FailOnTimeout.java:74)
--- org.jfree.data.general.DatasetUtilities_ESTest::test106103
org.evosuite.runtime.mock.java.lang.MockIllegalArgumentException: Null 'dataset' argument.
	at org.jfree.data.general.DatasetUtilities.findRangeBounds(DatasetUtilities.java:847)
	at org.jfree.data.general.DatasetUtilities_ESTest.test106103(DatasetUtilities_ESTest.java:1906)
	at sun.reflect.NativeMethodAccessorImpl.invoke0(Native Method)
	at sun.reflect.NativeMethodAccessorImpl.invoke(NativeMethodAccessorImpl.java:62)
	at sun.reflect.DelegatingMethodAccessorImpl.invoke(DelegatingMethodAccessorImpl.java:43)
	at java.lang.reflect.Method.invoke(Method.java:498)
	at org.junit.runners.model.FrameworkMethod$1.runReflectiveCall(FrameworkMethod.java:47)
	at org.junit.internal.runners.model.ReflectiveCallable.run(ReflectiveCallable.java:12)
	at org.junit.runners.model.FrameworkMethod.invokeExplosively(FrameworkMethod.java:44)
	at org.junit.internal.runners.statements.InvokeMethod.evaluate(InvokeMethod.java:17)
	at org.junit.internal.runners.statements.FailOnTimeout$StatementThread.run(FailOnTimeout.java:74)
--- org.jfree.data.general.DatasetUtilities_ESTest::test03429
org.evosuite.runtime.mock.java.lang.MockIllegalArgumentException: Series index out of bounds
	at org.jfree.data.xy.DefaultXYZDataset.getItemCount(DefaultXYZDataset.java:150)
	at org.jfree.data.general.DatasetUtilities.iterateToFindDomainBounds(DatasetUtilities.java:1360)
	at org.jfree.data.general.DatasetUtilities.findDomainBounds(DatasetUtilities.java:709)
	at org.jfree.data.general.DatasetUtilities_ESTest.test03429(DatasetUtilities_ESTest.java:662)
	at sun.reflect.NativeMethodAccessorImpl.invoke0(Native Method)
	at sun.reflect.NativeMethodAccessorImpl.invoke(NativeMethodAccessorImpl.java:62)
	at sun.reflect.DelegatingMethodAccessorImpl.invoke(DelegatingMethodAccessorImpl.java:43)
	at java.lang.reflect.Method.invoke(Method.java:498)
	at org.junit.runners.model.FrameworkMethod$1.runReflectiveCall(FrameworkMethod.java:47)
	at org.junit.internal.runners.model.ReflectiveCallable.run(ReflectiveCallable.java:12)
	at org.junit.runners.model.FrameworkMethod.invokeExplosively(FrameworkMethod.java:44)
	at org.junit.internal.runners.statements.InvokeMethod.evaluate(InvokeMethod.java:17)
	at org.junit.internal.runners.statements.FailOnTimeout$StatementThread.run(FailOnTimeout.java:74)
--- org.jfree.data.general.DatasetUtilities_ESTest::test182189
org.evosuite.runtime.mock.java.lang.MockIllegalArgumentException: Null 'dataset' argument.
	at org.jfree.data.general.DatasetUtilities.findRangeBounds(DatasetUtilities.java:817)
	at org.jfree.data.general.DatasetUtilities_ESTest.test182189(DatasetUtilities_ESTest.java:3541)
	at sun.reflect.NativeMethodAccessorImpl.invoke0(Native Method)
	at sun.reflect.NativeMethodAccessorImpl.invoke(NativeMethodAccessorImpl.java:62)
	at sun.reflect.DelegatingMethodAccessorImpl.invoke(DelegatingMethodAccessorImpl.java:43)
	at java.lang.reflect.Method.invoke(Method.java:498)
	at org.junit.runners.model.FrameworkMethod$1.runReflectiveCall(FrameworkMethod.java:47)
	at org.junit.internal.runners.model.ReflectiveCallable.run(ReflectiveCallable.java:12)
	at org.junit.runners.model.FrameworkMethod.invokeExplosively(FrameworkMethod.java:44)
	at org.junit.internal.runners.statements.InvokeMethod.evaluate(InvokeMethod.java:17)
	at org.junit.internal.runners.statements.FailOnTimeout$StatementThread.run(FailOnTimeout.java:74)
--- org.jfree.data.general.DatasetUtilities_ESTest::test04237
java.lang.NullPointerException
	at org.jfree.data.jdbc.JDBCCategoryDataset.executeQuery(JDBCCategoryDataset.java:214)
	at org.jfree.data.jdbc.JDBCCategoryDataset.executeQuery(JDBCCategoryDataset.java:192)
	at org.jfree.data.jdbc.JDBCCategoryDataset.<init>(JDBCCategoryDataset.java:156)
	at org.jfree.data.general.DatasetUtilities_ESTest.test04237(DatasetUtilities_ESTest.java:827)
	at sun.reflect.NativeMethodAccessorImpl.invoke0(Native Method)
	at sun.reflect.NativeMethodAccessorImpl.invoke(NativeMethodAccessorImpl.java:62)
	at sun.reflect.DelegatingMethodAccessorImpl.invoke(DelegatingMethodAccessorImpl.java:43)
	at java.lang.reflect.Method.invoke(Method.java:498)
	at org.junit.runners.model.FrameworkMethod$1.runReflectiveCall(FrameworkMethod.java:47)
	at org.junit.internal.runners.model.ReflectiveCallable.run(ReflectiveCallable.java:12)
	at org.junit.runners.model.FrameworkMethod.invokeExplosively(FrameworkMethod.java:44)
	at org.junit.internal.runners.statements.InvokeMethod.evaluate(InvokeMethod.java:17)
	at org.junit.internal.runners.statements.FailOnTimeout$StatementThread.run(FailOnTimeout.java:74)
--- org.jfree.data.general.DatasetUtilities_ESTest::test137137
org.evosuite.runtime.mock.java.lang.MockIllegalArgumentException: Null 'zone' argument.
	at org.jfree.data.time.TimeTableXYDataset.<init>(TimeTableXYDataset.java:140)
	at org.jfree.data.time.TimeTableXYDataset.<init>(TimeTableXYDataset.java:129)
	at org.jfree.data.general.DatasetUtilities_ESTest.test137137(DatasetUtilities_ESTest.java:2528)
	at sun.reflect.NativeMethodAccessorImpl.invoke0(Native Method)
	at sun.reflect.NativeMethodAccessorImpl.invoke(NativeMethodAccessorImpl.java:62)
	at sun.reflect.DelegatingMethodAccessorImpl.invoke(DelegatingMethodAccessorImpl.java:43)
	at java.lang.reflect.Method.invoke(Method.java:498)
	at org.junit.runners.model.FrameworkMethod$1.runReflectiveCall(FrameworkMethod.java:47)
	at org.junit.internal.runners.model.ReflectiveCallable.run(ReflectiveCallable.java:12)
	at org.junit.runners.model.FrameworkMethod.invokeExplosively(FrameworkMethod.java:44)
	at org.junit.internal.runners.statements.InvokeMethod.evaluate(InvokeMethod.java:17)
	at org.junit.internal.runners.statements.FailOnTimeout$StatementThread.run(FailOnTimeout.java:74)
--- org.jfree.data.general.DatasetUtilities_ESTest::test02217
org.evosuite.runtime.mock.java.lang.MockIllegalArgumentException: Null 'visibleSeriesKeys' argument.
	at org.jfree.data.general.DatasetUtilities.iterateToFindDomainBounds(DatasetUtilities.java:1327)
	at org.jfree.data.general.DatasetUtilities_ESTest.test02217(DatasetUtilities_ESTest.java:413)
	at sun.reflect.NativeMethodAccessorImpl.invoke0(Native Method)
	at sun.reflect.NativeMethodAccessorImpl.invoke(NativeMethodAccessorImpl.java:62)
	at sun.reflect.DelegatingMethodAccessorImpl.invoke(DelegatingMethodAccessorImpl.java:43)
	at java.lang.reflect.Method.invoke(Method.java:498)
	at org.junit.runners.model.FrameworkMethod$1.runReflectiveCall(FrameworkMethod.java:47)
	at org.junit.internal.runners.model.ReflectiveCallable.run(ReflectiveCallable.java:12)
	at org.junit.runners.model.FrameworkMethod.invokeExplosively(FrameworkMethod.java:44)
	at org.junit.internal.runners.statements.InvokeMethod.evaluate(InvokeMethod.java:17)
	at org.junit.internal.runners.statements.FailOnTimeout$StatementThread.run(FailOnTimeout.java:74)
--- org.jfree.data.general.DatasetUtilities_ESTest::test05449
org.evosuite.runtime.mock.java.lang.MockIllegalArgumentException: DefaultIntervalCategoryDataset.getValue(): series index out of range.
	at org.jfree.data.category.DefaultIntervalCategoryDataset.getEndValue(DefaultIntervalCategoryDataset.java:488)
	at org.jfree.data.category.DefaultIntervalCategoryDataset.getValue(DefaultIntervalCategoryDataset.java:397)
	at org.jfree.data.general.DatasetUtilities.createPieDatasetForRow(DatasetUtilities.java:233)
	at org.jfree.data.general.DatasetUtilities_ESTest.test05449(DatasetUtilities_ESTest.java:1073)
	at sun.reflect.NativeMethodAccessorImpl.invoke0(Native Method)
	at sun.reflect.NativeMethodAccessorImpl.invoke(NativeMethodAccessorImpl.java:62)
	at sun.reflect.DelegatingMethodAccessorImpl.invoke(DelegatingMethodAccessorImpl.java:43)
	at java.lang.reflect.Method.invoke(Method.java:498)
	at org.junit.runners.model.FrameworkMethod$1.runReflectiveCall(FrameworkMethod.java:47)
	at org.junit.internal.runners.model.ReflectiveCallable.run(ReflectiveCallable.java:12)
	at org.junit.runners.model.FrameworkMethod.invokeExplosively(FrameworkMethod.java:44)
	at org.junit.internal.runners.statements.InvokeMethod.evaluate(InvokeMethod.java:17)
	at org.junit.internal.runners.statements.FailOnTimeout$StatementThread.run(FailOnTimeout.java:74)
--- org.jfree.data.general.DatasetUtilities_ESTest::test04641
org.evosuite.runtime.mock.java.lang.MockIllegalArgumentException: The 'year' argument must be in range 1900 to 9999.
	at org.jfree.data.time.SpreadsheetDate.<init>(SpreadsheetDate.java:113)
	at org.jfree.data.time.SerialDate.createInstance(SerialDate.java:792)
	at org.jfree.data.time.Day.<init>(Day.java:124)
	at org.jfree.data.time.Hour.<init>(Hour.java:129)
	at org.jfree.data.general.DatasetUtilities_ESTest.test04641(DatasetUtilities_ESTest.java:927)
	at sun.reflect.NativeMethodAccessorImpl.invoke0(Native Method)
	at sun.reflect.NativeMethodAccessorImpl.invoke(NativeMethodAccessorImpl.java:62)
	at sun.reflect.DelegatingMethodAccessorImpl.invoke(DelegatingMethodAccessorImpl.java:43)
	at java.lang.reflect.Method.invoke(Method.java:498)
	at org.junit.runners.model.FrameworkMethod$1.runReflectiveCall(FrameworkMethod.java:47)
	at org.junit.internal.runners.model.ReflectiveCallable.run(ReflectiveCallable.java:12)
	at org.junit.runners.model.FrameworkMethod.invokeExplosively(FrameworkMethod.java:44)
	at org.junit.internal.runners.statements.InvokeMethod.evaluate(InvokeMethod.java:17)
	at org.junit.internal.runners.statements.FailOnTimeout$StatementThread.run(FailOnTimeout.java:74)
--- org.jfree.data.general.DatasetUtilities_ESTest::test120119
java.lang.NullPointerException
	at org.jfree.data.general.DatasetUtilities.createCategoryDataset(DatasetUtilities.java:399)
	at org.jfree.data.general.DatasetUtilities_ESTest.test120119(DatasetUtilities_ESTest.java:2225)
	at sun.reflect.NativeMethodAccessorImpl.invoke0(Native Method)
	at sun.reflect.NativeMethodAccessorImpl.invoke(NativeMethodAccessorImpl.java:62)
	at sun.reflect.DelegatingMethodAccessorImpl.invoke(DelegatingMethodAccessorImpl.java:43)
	at java.lang.reflect.Method.invoke(Method.java:498)
	at org.junit.runners.model.FrameworkMethod$1.runReflectiveCall(FrameworkMethod.java:47)
	at org.junit.internal.runners.model.ReflectiveCallable.run(ReflectiveCallable.java:12)
	at org.junit.runners.model.FrameworkMethod.invokeExplosively(FrameworkMethod.java:44)
	at org.junit.internal.runners.statements.InvokeMethod.evaluate(InvokeMethod.java:17)
	at org.junit.internal.runners.statements.FailOnTimeout$StatementThread.run(FailOnTimeout.java:74)
--- org.jfree.data.general.DatasetUtilities_ESTest::test05853
java.lang.ArrayIndexOutOfBoundsException: 0
	at org.jfree.data.category.DefaultIntervalCategoryDataset.getEndValue(DefaultIntervalCategoryDataset.java:499)
	at org.jfree.data.category.DefaultIntervalCategoryDataset.getValue(DefaultIntervalCategoryDataset.java:397)
	at org.jfree.data.general.DatasetUtilities.iterateRangeBounds(DatasetUtilities.java:991)
	at org.jfree.data.general.DatasetUtilities.findRangeBounds(DatasetUtilities.java:825)
	at org.jfree.data.general.DatasetUtilities.findRangeBounds(DatasetUtilities.java:802)
	at org.jfree.data.general.DatasetUtilities_ESTest.test05853(DatasetUtilities_ESTest.java:1134)
	at sun.reflect.NativeMethodAccessorImpl.invoke0(Native Method)
	at sun.reflect.NativeMethodAccessorImpl.invoke(NativeMethodAccessorImpl.java:62)
	at sun.reflect.DelegatingMethodAccessorImpl.invoke(DelegatingMethodAccessorImpl.java:43)
	at java.lang.reflect.Method.invoke(Method.java:498)
	at org.junit.runners.model.FrameworkMethod$1.runReflectiveCall(FrameworkMethod.java:47)
	at org.junit.internal.runners.model.ReflectiveCallable.run(ReflectiveCallable.java:12)
	at org.junit.runners.model.FrameworkMethod.invokeExplosively(FrameworkMethod.java:44)
	at org.junit.internal.runners.statements.InvokeMethod.evaluate(InvokeMethod.java:17)
	at org.junit.internal.runners.statements.FailOnTimeout$StatementThread.run(FailOnTimeout.java:74)
--- org.jfree.data.general.DatasetUtilities_ESTest::test09895
java.lang.NullPointerException
	at org.jfree.data.general.DatasetUtilities.iterateRangeBounds(DatasetUtilities.java:1240)
	at org.jfree.data.general.DatasetUtilities_ESTest.test09895(DatasetUtilities_ESTest.java:1803)
	at sun.reflect.NativeMethodAccessorImpl.invoke0(Native Method)
	at sun.reflect.NativeMethodAccessorImpl.invoke(NativeMethodAccessorImpl.java:62)
	at sun.reflect.DelegatingMethodAccessorImpl.invoke(DelegatingMethodAccessorImpl.java:43)
	at java.lang.reflect.Method.invoke(Method.java:498)
	at org.junit.runners.model.FrameworkMethod$1.runReflectiveCall(FrameworkMethod.java:47)
	at org.junit.internal.runners.model.ReflectiveCallable.run(ReflectiveCallable.java:12)
	at org.junit.runners.model.FrameworkMethod.invokeExplosively(FrameworkMethod.java:44)
	at org.junit.internal.runners.statements.InvokeMethod.evaluate(InvokeMethod.java:17)
	at org.junit.internal.runners.statements.FailOnTimeout$StatementThread.run(FailOnTimeout.java:74)
--- org.jfree.data.general.DatasetUtilities_ESTest::test08683
java.lang.ArrayIndexOutOfBoundsException
--- org.jfree.data.general.DatasetUtilities_ESTest::test07471
java.lang.IndexOutOfBoundsException: Index: 0, Size: 0
	at java.util.ArrayList.rangeCheck(ArrayList.java:659)
	at java.util.ArrayList.get(ArrayList.java:435)
	at org.jfree.data.DefaultKeyedValues2D.getValue(DefaultKeyedValues2D.java:145)
	at org.jfree.data.xy.CategoryTableXYDataset.getY(CategoryTableXYDataset.java:235)
	at org.jfree.data.xy.CategoryTableXYDataset.getEndY(CategoryTableXYDataset.java:259)
	at org.jfree.data.general.DatasetUtilities_ESTest.test07471(DatasetUtilities_ESTest.java:1447)
	at sun.reflect.NativeMethodAccessorImpl.invoke0(Native Method)
	at sun.reflect.NativeMethodAccessorImpl.invoke(NativeMethodAccessorImpl.java:62)
	at sun.reflect.DelegatingMethodAccessorImpl.invoke(DelegatingMethodAccessorImpl.java:43)
	at java.lang.reflect.Method.invoke(Method.java:498)
	at org.junit.runners.model.FrameworkMethod$1.runReflectiveCall(FrameworkMethod.java:47)
	at org.junit.internal.runners.model.ReflectiveCallable.run(ReflectiveCallable.java:12)
	at org.junit.runners.model.FrameworkMethod.invokeExplosively(FrameworkMethod.java:44)
	at org.junit.internal.runners.statements.InvokeMethod.evaluate(InvokeMethod.java:17)
	at org.junit.internal.runners.statements.FailOnTimeout$StatementThread.run(FailOnTimeout.java:74)
--- org.jfree.data.general.DatasetUtilities_ESTest::test09491
java.lang.NullPointerException
	at org.jfree.data.general.DatasetUtilities.createPieDatasetForColumn(DatasetUtilities.java:249)
	at org.jfree.data.general.DatasetUtilities_ESTest.test09491(DatasetUtilities_ESTest.java:1726)
	at sun.reflect.NativeMethodAccessorImpl.invoke0(Native Method)
	at sun.reflect.NativeMethodAccessorImpl.invoke(NativeMethodAccessorImpl.java:62)
	at sun.reflect.DelegatingMethodAccessorImpl.invoke(DelegatingMethodAccessorImpl.java:43)
	at java.lang.reflect.Method.invoke(Method.java:498)
	at org.junit.runners.model.FrameworkMethod$1.runReflectiveCall(FrameworkMethod.java:47)
	at org.junit.internal.runners.model.ReflectiveCallable.run(ReflectiveCallable.java:12)
	at org.junit.runners.model.FrameworkMethod.invokeExplosively(FrameworkMethod.java:44)
	at org.junit.internal.runners.statements.InvokeMethod.evaluate(InvokeMethod.java:17)
	at org.junit.internal.runners.statements.FailOnTimeout$StatementThread.run(FailOnTimeout.java:74)
--- org.jfree.data.general.DatasetUtilities_ESTest::test148148
java.lang.NullPointerException
	at org.jfree.data.category.SlidingCategoryDataset.getRowCount(SlidingCategoryDataset.java:287)
	at org.jfree.data.general.DatasetUtilities.iterateRangeBounds(DatasetUtilities.java:982)
	at org.jfree.data.general.DatasetUtilities_ESTest.test148148(DatasetUtilities_ESTest.java:2744)
	at sun.reflect.NativeMethodAccessorImpl.invoke0(Native Method)
	at sun.reflect.NativeMethodAccessorImpl.invoke(NativeMethodAccessorImpl.java:62)
	at sun.reflect.DelegatingMethodAccessorImpl.invoke(DelegatingMethodAccessorImpl.java:43)
	at java.lang.reflect.Method.invoke(Method.java:498)
	at org.junit.runners.model.FrameworkMethod$1.runReflectiveCall(FrameworkMethod.java:47)
	at org.junit.internal.runners.model.ReflectiveCallable.run(ReflectiveCallable.java:12)
	at org.junit.runners.model.FrameworkMethod.invokeExplosively(FrameworkMethod.java:44)
	at org.junit.internal.runners.statements.InvokeMethod.evaluate(InvokeMethod.java:17)
	at org.junit.internal.runners.statements.FailOnTimeout$StatementThread.run(FailOnTimeout.java:74)
--- org.jfree.data.general.DatasetUtilities_ESTest::test08280
java.lang.ArrayIndexOutOfBoundsException: 0
	at org.jfree.data.time.DynamicTimeSeriesCollection.getYValue(DynamicTimeSeriesCollection.java:754)
	at org.jfree.data.time.DynamicTimeSeriesCollection.getY(DynamicTimeSeriesCollection.java:767)
	at org.jfree.data.time.DynamicTimeSeriesCollection.getStartY(DynamicTimeSeriesCollection.java:805)
	at org.jfree.data.general.DatasetUtilities_ESTest.test08280(DatasetUtilities_ESTest.java:1562)
	at sun.reflect.NativeMethodAccessorImpl.invoke0(Native Method)
	at sun.reflect.NativeMethodAccessorImpl.invoke(NativeMethodAccessorImpl.java:62)
	at sun.reflect.DelegatingMethodAccessorImpl.invoke(DelegatingMethodAccessorImpl.java:43)
	at java.lang.reflect.Method.invoke(Method.java:498)
	at org.junit.runners.model.FrameworkMethod$1.runReflectiveCall(FrameworkMethod.java:47)
	at org.junit.internal.runners.model.ReflectiveCallable.run(ReflectiveCallable.java:12)
	at org.junit.runners.model.FrameworkMethod.invokeExplosively(FrameworkMethod.java:44)
	at org.junit.internal.runners.statements.InvokeMethod.evaluate(InvokeMethod.java:17)
	at org.junit.internal.runners.statements.FailOnTimeout$StatementThread.run(FailOnTimeout.java:74)
--- org.jfree.data.general.DatasetUtilities_ESTest::test125124
org.evosuite.runtime.mock.java.lang.MockIllegalArgumentException: DefaultIntervalCategoryDataset.getValue(): series index out of range.
	at org.jfree.data.category.DefaultIntervalCategoryDataset.getEndValue(DefaultIntervalCategoryDataset.java:488)
	at org.jfree.data.category.DefaultIntervalCategoryDataset.getValue(DefaultIntervalCategoryDataset.java:397)
	at org.jfree.data.general.DatasetUtilities.createPieDatasetForRow(DatasetUtilities.java:233)
	at org.jfree.data.general.DatasetUtilities_ESTest.test125124(DatasetUtilities_ESTest.java:2287)
	at sun.reflect.NativeMethodAccessorImpl.invoke0(Native Method)
	at sun.reflect.NativeMethodAccessorImpl.invoke(NativeMethodAccessorImpl.java:62)
	at sun.reflect.DelegatingMethodAccessorImpl.invoke(DelegatingMethodAccessorImpl.java:43)
	at java.lang.reflect.Method.invoke(Method.java:498)
	at org.junit.runners.model.FrameworkMethod$1.runReflectiveCall(FrameworkMethod.java:47)
	at org.junit.internal.runners.model.ReflectiveCallable.run(ReflectiveCallable.java:12)
	at org.junit.runners.model.FrameworkMethod.invokeExplosively(FrameworkMethod.java:44)
	at org.junit.internal.runners.statements.InvokeMethod.evaluate(InvokeMethod.java:17)
	at org.junit.internal.runners.statements.FailOnTimeout$StatementThread.run(FailOnTimeout.java:74)
--- org.jfree.data.general.DatasetUtilities_ESTest::test111110
org.evosuite.runtime.mock.java.lang.MockIllegalArgumentException: Null 'dataset' argument.
	at org.jfree.data.general.DatasetUtilities.findStackedRangeBounds(DatasetUtilities.java:1880)
	at org.jfree.data.general.DatasetUtilities_ESTest.test111110(DatasetUtilities_ESTest.java:2079)
	at sun.reflect.NativeMethodAccessorImpl.invoke0(Native Method)
	at sun.reflect.NativeMethodAccessorImpl.invoke(NativeMethodAccessorImpl.java:62)
	at sun.reflect.DelegatingMethodAccessorImpl.invoke(DelegatingMethodAccessorImpl.java:43)
	at java.lang.reflect.Method.invoke(Method.java:498)
	at org.junit.runners.model.FrameworkMethod$1.runReflectiveCall(FrameworkMethod.java:47)
	at org.junit.internal.runners.model.ReflectiveCallable.run(ReflectiveCallable.java:12)
	at org.junit.runners.model.FrameworkMethod.invokeExplosively(FrameworkMethod.java:44)
	at org.junit.internal.runners.statements.InvokeMethod.evaluate(InvokeMethod.java:17)
	at org.junit.internal.runners.statements.FailOnTimeout$StatementThread.run(FailOnTimeout.java:74)
--- org.jfree.data.general.DatasetUtilities_ESTest::test160164
org.evosuite.runtime.mock.java.lang.MockIllegalArgumentException: Null 'dataset' argument.
	at org.jfree.data.general.DatasetUtilities.findMaximumRangeValue(DatasetUtilities.java:1810)
	at org.jfree.data.general.DatasetUtilities_ESTest.test160164(DatasetUtilities_ESTest.java:2943)
	at sun.reflect.NativeMethodAccessorImpl.invoke0(Native Method)
	at sun.reflect.NativeMethodAccessorImpl.invoke(NativeMethodAccessorImpl.java:62)
	at sun.reflect.DelegatingMethodAccessorImpl.invoke(DelegatingMethodAccessorImpl.java:43)
	at java.lang.reflect.Method.invoke(Method.java:498)
	at org.junit.runners.model.FrameworkMethod$1.runReflectiveCall(FrameworkMethod.java:47)
	at org.junit.internal.runners.model.ReflectiveCallable.run(ReflectiveCallable.java:12)
	at org.junit.runners.model.FrameworkMethod.invokeExplosively(FrameworkMethod.java:44)
	at org.junit.internal.runners.statements.InvokeMethod.evaluate(InvokeMethod.java:17)
	at org.junit.internal.runners.statements.FailOnTimeout$StatementThread.run(FailOnTimeout.java:74)
--- org.jfree.data.general.DatasetUtilities_ESTest::test119118
org.evosuite.runtime.mock.java.lang.MockIllegalArgumentException: Duplicate items in 'columnKeys'.
	at org.jfree.data.general.DatasetUtilities.createCategoryDataset(DatasetUtilities.java:437)
	at org.jfree.data.general.DatasetUtilities_ESTest.test119118(DatasetUtilities_ESTest.java:2220)
	at sun.reflect.NativeMethodAccessorImpl.invoke0(Native Method)
	at sun.reflect.NativeMethodAccessorImpl.invoke(NativeMethodAccessorImpl.java:62)
	at sun.reflect.DelegatingMethodAccessorImpl.invoke(DelegatingMethodAccessorImpl.java:43)
	at java.lang.reflect.Method.invoke(Method.java:498)
	at org.junit.runners.model.FrameworkMethod$1.runReflectiveCall(FrameworkMethod.java:47)
	at org.junit.internal.runners.model.ReflectiveCallable.run(ReflectiveCallable.java:12)
	at org.junit.runners.model.FrameworkMethod.invokeExplosively(FrameworkMethod.java:44)
	at org.junit.internal.runners.statements.InvokeMethod.evaluate(InvokeMethod.java:17)
	at org.junit.internal.runners.statements.FailOnTimeout$StatementThread.run(FailOnTimeout.java:74)
--- org.jfree.data.general.DatasetUtilities_ESTest::test165170
org.evosuite.runtime.mock.java.lang.MockIllegalArgumentException: The 'year' argument must be in range 1900 to 9999.
	at org.jfree.data.time.SpreadsheetDate.<init>(SpreadsheetDate.java:113)
	at org.jfree.data.time.SerialDate.createInstance(SerialDate.java:792)
	at org.jfree.data.time.Day.<init>(Day.java:173)
	at org.jfree.data.time.Hour.<init>(Hour.java:163)
	at org.jfree.data.general.DatasetUtilities_ESTest.test165170(DatasetUtilities_ESTest.java:3027)
	at sun.reflect.NativeMethodAccessorImpl.invoke0(Native Method)
	at sun.reflect.NativeMethodAccessorImpl.invoke(NativeMethodAccessorImpl.java:62)
	at sun.reflect.DelegatingMethodAccessorImpl.invoke(DelegatingMethodAccessorImpl.java:43)
	at java.lang.reflect.Method.invoke(Method.java:498)
	at org.junit.runners.model.FrameworkMethod$1.runReflectiveCall(FrameworkMethod.java:47)
	at org.junit.internal.runners.model.ReflectiveCallable.run(ReflectiveCallable.java:12)
	at org.junit.runners.model.FrameworkMethod.invokeExplosively(FrameworkMethod.java:44)
	at org.junit.internal.runners.statements.InvokeMethod.evaluate(InvokeMethod.java:17)
	at org.junit.internal.runners.statements.FailOnTimeout$StatementThread.run(FailOnTimeout.java:74)
--- org.jfree.data.general.DatasetUtilities_ESTest::test176183
java.lang.NullPointerException
	at org.jfree.data.xy.DefaultWindDataset.<init>(DefaultWindDataset.java:132)
	at org.jfree.data.xy.DefaultWindDataset.<init>(DefaultWindDataset.java:101)
	at org.jfree.data.general.DatasetUtilities_ESTest.test176183(DatasetUtilities_ESTest.java:3279)
	at sun.reflect.NativeMethodAccessorImpl.invoke0(Native Method)
	at sun.reflect.NativeMethodAccessorImpl.invoke(NativeMethodAccessorImpl.java:62)
	at sun.reflect.DelegatingMethodAccessorImpl.invoke(DelegatingMethodAccessorImpl.java:43)
	at java.lang.reflect.Method.invoke(Method.java:498)
	at org.junit.runners.model.FrameworkMethod$1.runReflectiveCall(FrameworkMethod.java:47)
	at org.junit.internal.runners.model.ReflectiveCallable.run(ReflectiveCallable.java:12)
	at org.junit.runners.model.FrameworkMethod.invokeExplosively(FrameworkMethod.java:44)
	at org.junit.internal.runners.statements.InvokeMethod.evaluate(InvokeMethod.java:17)
	at org.junit.internal.runners.statements.FailOnTimeout$StatementThread.run(FailOnTimeout.java:74)
--- org.jfree.data.general.DatasetUtilities_ESTest::test02923
org.evosuite.runtime.mock.java.lang.MockIllegalArgumentException: Null 'visibleSeriesKeys' argument.
	at org.jfree.data.general.DatasetUtilities.iterateToFindRangeBounds(DatasetUtilities.java:1403)
	at org.jfree.data.general.DatasetUtilities.findRangeBounds(DatasetUtilities.java:928)
	at org.jfree.data.general.DatasetUtilities_ESTest.test02923(DatasetUtilities_ESTest.java:557)
	at sun.reflect.NativeMethodAccessorImpl.invoke0(Native Method)
	at sun.reflect.NativeMethodAccessorImpl.invoke(NativeMethodAccessorImpl.java:62)
	at sun.reflect.DelegatingMethodAccessorImpl.invoke(DelegatingMethodAccessorImpl.java:43)
	at java.lang.reflect.Method.invoke(Method.java:498)
	at org.junit.runners.model.FrameworkMethod$1.runReflectiveCall(FrameworkMethod.java:47)
	at org.junit.internal.runners.model.ReflectiveCallable.run(ReflectiveCallable.java:12)
	at org.junit.runners.model.FrameworkMethod.invokeExplosively(FrameworkMethod.java:44)
	at org.junit.internal.runners.statements.InvokeMethod.evaluate(InvokeMethod.java:17)
	at org.junit.internal.runners.statements.FailOnTimeout$StatementThread.run(FailOnTimeout.java:74)
--- org.jfree.data.general.DatasetUtilities_ESTest::test03732
org.evosuite.runtime.mock.java.lang.MockIllegalArgumentException: DefaultIntervalCategoryDataset.getValue(): series index out of range.
	at org.jfree.data.category.DefaultIntervalCategoryDataset.getEndValue(DefaultIntervalCategoryDataset.java:488)
	at org.jfree.data.category.DefaultIntervalCategoryDataset.getValue(DefaultIntervalCategoryDataset.java:397)
	at org.jfree.data.general.DatasetUtilities.createPieDatasetForRow(DatasetUtilities.java:233)
	at org.jfree.data.general.DatasetUtilities_ESTest.test03732(DatasetUtilities_ESTest.java:746)
	at sun.reflect.NativeMethodAccessorImpl.invoke0(Native Method)
	at sun.reflect.NativeMethodAccessorImpl.invoke(NativeMethodAccessorImpl.java:62)
	at sun.reflect.DelegatingMethodAccessorImpl.invoke(DelegatingMethodAccessorImpl.java:43)
	at java.lang.reflect.Method.invoke(Method.java:498)
	at org.junit.runners.model.FrameworkMethod$1.runReflectiveCall(FrameworkMethod.java:47)
	at org.junit.internal.runners.model.ReflectiveCallable.run(ReflectiveCallable.java:12)
	at org.junit.runners.model.FrameworkMethod.invokeExplosively(FrameworkMethod.java:44)
	at org.junit.internal.runners.statements.InvokeMethod.evaluate(InvokeMethod.java:17)
	at org.junit.internal.runners.statements.FailOnTimeout$StatementThread.run(FailOnTimeout.java:74)
--- org.jfree.data.general.DatasetUtilities_ESTest::test06965
org.evosuite.runtime.mock.java.lang.MockIllegalArgumentException: Null 'dataset' argument.
	at org.jfree.data.general.DatasetUtilities.iterateDomainBounds(DatasetUtilities.java:743)
	at org.jfree.data.general.DatasetUtilities.iterateDomainBounds(DatasetUtilities.java:726)
	at org.jfree.data.general.DatasetUtilities_ESTest.test06965(DatasetUtilities_ESTest.java:1285)
	at sun.reflect.NativeMethodAccessorImpl.invoke0(Native Method)
	at sun.reflect.NativeMethodAccessorImpl.invoke(NativeMethodAccessorImpl.java:62)
	at sun.reflect.DelegatingMethodAccessorImpl.invoke(DelegatingMethodAccessorImpl.java:43)
	at java.lang.reflect.Method.invoke(Method.java:498)
	at org.junit.runners.model.FrameworkMethod$1.runReflectiveCall(FrameworkMethod.java:47)
	at org.junit.internal.runners.model.ReflectiveCallable.run(ReflectiveCallable.java:12)
	at org.junit.runners.model.FrameworkMethod.invokeExplosively(FrameworkMethod.java:44)
	at org.junit.internal.runners.statements.InvokeMethod.evaluate(InvokeMethod.java:17)
	at org.junit.internal.runners.statements.FailOnTimeout$StatementThread.run(FailOnTimeout.java:74)
--- org.jfree.data.general.DatasetUtilities_ESTest::test132131
java.lang.NullPointerException
	at org.jfree.data.general.DatasetUtilities.createCategoryDataset(DatasetUtilities.java:371)
	at org.jfree.data.general.DatasetUtilities_ESTest.test132131(DatasetUtilities_ESTest.java:2375)
	at sun.reflect.NativeMethodAccessorImpl.invoke0(Native Method)
	at sun.reflect.NativeMethodAccessorImpl.invoke(NativeMethodAccessorImpl.java:62)
	at sun.reflect.DelegatingMethodAccessorImpl.invoke(DelegatingMethodAccessorImpl.java:43)
	at java.lang.reflect.Method.invoke(Method.java:498)
	at org.junit.runners.model.FrameworkMethod$1.runReflectiveCall(FrameworkMethod.java:47)
	at org.junit.internal.runners.model.ReflectiveCallable.run(ReflectiveCallable.java:12)
	at org.junit.runners.model.FrameworkMethod.invokeExplosively(FrameworkMethod.java:44)
	at org.junit.internal.runners.statements.InvokeMethod.evaluate(InvokeMethod.java:17)
	at org.junit.internal.runners.statements.FailOnTimeout$StatementThread.run(FailOnTimeout.java:74)
--- org.jfree.data.general.DatasetUtilities_ESTest::test105102
org.evosuite.runtime.mock.java.lang.MockIllegalArgumentException: Null 'dataset' argument.
	at org.jfree.data.general.DatasetUtilities.findRangeBounds(DatasetUtilities.java:847)
	at org.jfree.data.general.DatasetUtilities_ESTest.test105102(DatasetUtilities_ESTest.java:1897)
	at sun.reflect.NativeMethodAccessorImpl.invoke0(Native Method)
	at sun.reflect.NativeMethodAccessorImpl.invoke(NativeMethodAccessorImpl.java:62)
	at sun.reflect.DelegatingMethodAccessorImpl.invoke(DelegatingMethodAccessorImpl.java:43)
	at java.lang.reflect.Method.invoke(Method.java:498)
	at org.junit.runners.model.FrameworkMethod$1.runReflectiveCall(FrameworkMethod.java:47)
	at org.junit.internal.runners.model.ReflectiveCallable.run(ReflectiveCallable.java:12)
	at org.junit.runners.model.FrameworkMethod.invokeExplosively(FrameworkMethod.java:44)
	at org.junit.internal.runners.statements.InvokeMethod.evaluate(InvokeMethod.java:17)
	at org.junit.internal.runners.statements.FailOnTimeout$StatementThread.run(FailOnTimeout.java:74)
--- org.jfree.data.general.DatasetUtilities_ESTest::test04944
org.evosuite.runtime.mock.java.lang.MockIllegalArgumentException: Requires 'start' < 'end'.
	at org.jfree.data.general.DatasetUtilities.sampleFunction2DToSeries(DatasetUtilities.java:542)
	at org.jfree.data.general.DatasetUtilities_ESTest.test04944(DatasetUtilities_ESTest.java:975)
	at sun.reflect.NativeMethodAccessorImpl.invoke0(Native Method)
	at sun.reflect.NativeMethodAccessorImpl.invoke(NativeMethodAccessorImpl.java:62)
	at sun.reflect.DelegatingMethodAccessorImpl.invoke(DelegatingMethodAccessorImpl.java:43)
	at java.lang.reflect.Method.invoke(Method.java:498)
	at org.junit.runners.model.FrameworkMethod$1.runReflectiveCall(FrameworkMethod.java:47)
	at org.junit.internal.runners.model.ReflectiveCallable.run(ReflectiveCallable.java:12)
	at org.junit.runners.model.FrameworkMethod.invokeExplosively(FrameworkMethod.java:44)
	at org.junit.internal.runners.statements.InvokeMethod.evaluate(InvokeMethod.java:17)
	at org.junit.internal.runners.statements.FailOnTimeout$StatementThread.run(FailOnTimeout.java:74)
--- org.jfree.data.general.DatasetUtilities_ESTest::test01712
java.lang.IndexOutOfBoundsException: Index: 17, Size: 4
	at java.util.ArrayList.rangeCheck(ArrayList.java:659)
	at java.util.ArrayList.get(ArrayList.java:435)
	at org.jfree.data.KeyedObjects2D.getObject(KeyedObjects2D.java:113)
	at org.jfree.data.category.DefaultCategoryDataset.getValue(DefaultCategoryDataset.java:120)
	at org.jfree.data.general.DatasetUtilities.createPieDatasetForRow(DatasetUtilities.java:233)
	at org.jfree.data.general.DatasetUtilities_ESTest.test01712(DatasetUtilities_ESTest.java:347)
	at sun.reflect.NativeMethodAccessorImpl.invoke0(Native Method)
	at sun.reflect.NativeMethodAccessorImpl.invoke(NativeMethodAccessorImpl.java:62)
	at sun.reflect.DelegatingMethodAccessorImpl.invoke(DelegatingMethodAccessorImpl.java:43)
	at java.lang.reflect.Method.invoke(Method.java:498)
	at org.junit.runners.model.FrameworkMethod$1.runReflectiveCall(FrameworkMethod.java:47)
	at org.junit.internal.runners.model.ReflectiveCallable.run(ReflectiveCallable.java:12)
	at org.junit.runners.model.FrameworkMethod.invokeExplosively(FrameworkMethod.java:44)
	at org.junit.internal.runners.statements.InvokeMethod.evaluate(InvokeMethod.java:17)
	at org.junit.internal.runners.statements.FailOnTimeout$StatementThread.run(FailOnTimeout.java:74)
--- org.jfree.data.general.DatasetUtilities_ESTest::test04035
org.evosuite.runtime.mock.java.lang.MockIllegalArgumentException: Null 'dataset' argument.
	at org.jfree.data.general.DatasetUtilities.findCumulativeRangeBounds(DatasetUtilities.java:2150)
	at org.jfree.data.general.DatasetUtilities_ESTest.test04035(DatasetUtilities_ESTest.java:791)
	at sun.reflect.NativeMethodAccessorImpl.invoke0(Native Method)
	at sun.reflect.NativeMethodAccessorImpl.invoke(NativeMethodAccessorImpl.java:62)
	at sun.reflect.DelegatingMethodAccessorImpl.invoke(DelegatingMethodAccessorImpl.java:43)
	at java.lang.reflect.Method.invoke(Method.java:498)
	at org.junit.runners.model.FrameworkMethod$1.runReflectiveCall(FrameworkMethod.java:47)
	at org.junit.internal.runners.model.ReflectiveCallable.run(ReflectiveCallable.java:12)
	at org.junit.runners.model.FrameworkMethod.invokeExplosively(FrameworkMethod.java:44)
	at org.junit.internal.runners.statements.InvokeMethod.evaluate(InvokeMethod.java:17)
	at org.junit.internal.runners.statements.FailOnTimeout$StatementThread.run(FailOnTimeout.java:74)
--- org.jfree.data.general.DatasetUtilities_ESTest::test05247
org.evosuite.runtime.mock.java.lang.MockIllegalArgumentException: The 'year' argument must be in range 1900 to 9999.
	at org.jfree.data.time.SpreadsheetDate.<init>(SpreadsheetDate.java:113)
	at org.jfree.data.time.SerialDate.createInstance(SerialDate.java:792)
	at org.jfree.data.time.Day.<init>(Day.java:124)
	at org.jfree.data.time.Hour.<init>(Hour.java:129)
	at org.jfree.data.general.DatasetUtilities_ESTest.test05247(DatasetUtilities_ESTest.java:1032)
	at sun.reflect.NativeMethodAccessorImpl.invoke0(Native Method)
	at sun.reflect.NativeMethodAccessorImpl.invoke(NativeMethodAccessorImpl.java:62)
	at sun.reflect.DelegatingMethodAccessorImpl.invoke(DelegatingMethodAccessorImpl.java:43)
	at java.lang.reflect.Method.invoke(Method.java:498)
	at org.junit.runners.model.FrameworkMethod$1.runReflectiveCall(FrameworkMethod.java:47)
	at org.junit.internal.runners.model.ReflectiveCallable.run(ReflectiveCallable.java:12)
	at org.junit.runners.model.FrameworkMethod.invokeExplosively(FrameworkMethod.java:44)
	at org.junit.internal.runners.statements.InvokeMethod.evaluate(InvokeMethod.java:17)
	at org.junit.internal.runners.statements.FailOnTimeout$StatementThread.run(FailOnTimeout.java:74)
--- org.jfree.data.general.DatasetUtilities_ESTest::test0149
java.lang.ClassCastException: org.jfree.data.statistics.DefaultStatisticalCategoryDataset cannot be cast to java.lang.Comparable
	at org.jfree.data.general.DatasetUtilities.iterateToFindDomainBounds(DatasetUtilities.java:1339)
	at org.jfree.data.general.DatasetUtilities_ESTest.test0149(DatasetUtilities_ESTest.java:287)
	at sun.reflect.NativeMethodAccessorImpl.invoke0(Native Method)
	at sun.reflect.NativeMethodAccessorImpl.invoke(NativeMethodAccessorImpl.java:62)
	at sun.reflect.DelegatingMethodAccessorImpl.invoke(DelegatingMethodAccessorImpl.java:43)
	at java.lang.reflect.Method.invoke(Method.java:498)
	at org.junit.runners.model.FrameworkMethod$1.runReflectiveCall(FrameworkMethod.java:47)
	at org.junit.internal.runners.model.ReflectiveCallable.run(ReflectiveCallable.java:12)
	at org.junit.runners.model.FrameworkMethod.invokeExplosively(FrameworkMethod.java:44)
	at org.junit.internal.runners.statements.InvokeMethod.evaluate(InvokeMethod.java:17)
	at org.junit.internal.runners.statements.FailOnTimeout$StatementThread.run(FailOnTimeout.java:74)
--- org.jfree.data.general.DatasetUtilities_ESTest::test09289
org.evosuite.runtime.mock.java.lang.MockIllegalArgumentException: Null 'dataset' argument.
	at org.jfree.data.general.DatasetUtilities.findDomainBounds(DatasetUtilities.java:667)
	at org.jfree.data.general.DatasetUtilities_ESTest.test09289(DatasetUtilities_ESTest.java:1707)
	at sun.reflect.NativeMethodAccessorImpl.invoke0(Native Method)
	at sun.reflect.NativeMethodAccessorImpl.invoke(NativeMethodAccessorImpl.java:62)
	at sun.reflect.DelegatingMethodAccessorImpl.invoke(DelegatingMethodAccessorImpl.java:43)
	at java.lang.reflect.Method.invoke(Method.java:498)
	at org.junit.runners.model.FrameworkMethod$1.runReflectiveCall(FrameworkMethod.java:47)
	at org.junit.internal.runners.model.ReflectiveCallable.run(ReflectiveCallable.java:12)
	at org.junit.runners.model.FrameworkMethod.invokeExplosively(FrameworkMethod.java:44)
	at org.junit.internal.runners.statements.InvokeMethod.evaluate(InvokeMethod.java:17)
	at org.junit.internal.runners.statements.FailOnTimeout$StatementThread.run(FailOnTimeout.java:74)
--- org.jfree.data.general.DatasetUtilities_ESTest::test08078
org.evosuite.runtime.mock.java.lang.MockIllegalArgumentException: Null 'dataset' argument.
	at org.jfree.data.general.DatasetUtilities.findMinimumDomainValue(DatasetUtilities.java:1525)
	at org.jfree.data.general.DatasetUtilities_ESTest.test08078(DatasetUtilities_ESTest.java:1544)
	at sun.reflect.NativeMethodAccessorImpl.invoke0(Native Method)
	at sun.reflect.NativeMethodAccessorImpl.invoke(NativeMethodAccessorImpl.java:62)
	at sun.reflect.DelegatingMethodAccessorImpl.invoke(DelegatingMethodAccessorImpl.java:43)
	at java.lang.reflect.Method.invoke(Method.java:498)
	at org.junit.runners.model.FrameworkMethod$1.runReflectiveCall(FrameworkMethod.java:47)
	at org.junit.internal.runners.model.ReflectiveCallable.run(ReflectiveCallable.java:12)
	at org.junit.runners.model.FrameworkMethod.invokeExplosively(FrameworkMethod.java:44)
	at org.junit.internal.runners.statements.InvokeMethod.evaluate(InvokeMethod.java:17)
	at org.junit.internal.runners.statements.FailOnTimeout$StatementThread.run(FailOnTimeout.java:74)
--- org.jfree.data.general.DatasetUtilities_ESTest::test143142
java.lang.NullPointerException
	at org.jfree.data.xy.DefaultWindDataset.<init>(DefaultWindDataset.java:132)
	at org.jfree.data.xy.DefaultWindDataset.<init>(DefaultWindDataset.java:101)
	at org.jfree.data.general.DatasetUtilities_ESTest.test143142(DatasetUtilities_ESTest.java:2668)
	at sun.reflect.NativeMethodAccessorImpl.invoke0(Native Method)
	at sun.reflect.NativeMethodAccessorImpl.invoke(NativeMethodAccessorImpl.java:62)
	at sun.reflect.DelegatingMethodAccessorImpl.invoke(DelegatingMethodAccessorImpl.java:43)
	at java.lang.reflect.Method.invoke(Method.java:498)
	at org.junit.runners.model.FrameworkMethod$1.runReflectiveCall(FrameworkMethod.java:47)
	at org.junit.internal.runners.model.ReflectiveCallable.run(ReflectiveCallable.java:12)
	at org.junit.runners.model.FrameworkMethod.invokeExplosively(FrameworkMethod.java:44)
	at org.junit.internal.runners.statements.InvokeMethod.evaluate(InvokeMethod.java:17)
	at org.junit.internal.runners.statements.FailOnTimeout$StatementThread.run(FailOnTimeout.java:74)
--- org.jfree.data.general.DatasetUtilities_ESTest::test171179
org.evosuite.runtime.mock.java.lang.MockNullPointerException: A connection must be supplied.
	at org.jfree.data.jdbc.JDBCCategoryDataset.<init>(JDBCCategoryDataset.java:139)
	at org.jfree.data.jdbc.JDBCCategoryDataset.<init>(JDBCCategoryDataset.java:155)
	at org.jfree.data.general.DatasetUtilities_ESTest.test171179(DatasetUtilities_ESTest.java:3145)
	at sun.reflect.NativeMethodAccessorImpl.invoke0(Native Method)
	at sun.reflect.NativeMethodAccessorImpl.invoke(NativeMethodAccessorImpl.java:62)
	at sun.reflect.DelegatingMethodAccessorImpl.invoke(DelegatingMethodAccessorImpl.java:43)
	at java.lang.reflect.Method.invoke(Method.java:498)
	at org.junit.runners.model.FrameworkMethod$1.runReflectiveCall(FrameworkMethod.java:47)
	at org.junit.internal.runners.model.ReflectiveCallable.run(ReflectiveCallable.java:12)
	at org.junit.runners.model.FrameworkMethod.invokeExplosively(FrameworkMethod.java:44)
	at org.junit.internal.runners.statements.InvokeMethod.evaluate(InvokeMethod.java:17)
	at org.junit.internal.runners.statements.FailOnTimeout$StatementThread.run(FailOnTimeout.java:74)
--- org.jfree.data.general.DatasetUtilities_ESTest::test09390
java.lang.NullPointerException
	at org.jfree.data.general.DatasetUtilities.iterateRangeBounds(DatasetUtilities.java:982)
	at org.jfree.data.general.DatasetUtilities.iterateRangeBounds(DatasetUtilities.java:963)
	at org.jfree.data.general.DatasetUtilities_ESTest.test09390(DatasetUtilities_ESTest.java:1713)
	at sun.reflect.NativeMethodAccessorImpl.invoke0(Native Method)
	at sun.reflect.NativeMethodAccessorImpl.invoke(NativeMethodAccessorImpl.java:62)
	at sun.reflect.DelegatingMethodAccessorImpl.invoke(DelegatingMethodAccessorImpl.java:43)
	at java.lang.reflect.Method.invoke(Method.java:498)
	at org.junit.runners.model.FrameworkMethod$1.runReflectiveCall(FrameworkMethod.java:47)
	at org.junit.internal.runners.model.ReflectiveCallable.run(ReflectiveCallable.java:12)
	at org.junit.runners.model.FrameworkMethod.invokeExplosively(FrameworkMethod.java:44)
	at org.junit.internal.runners.statements.InvokeMethod.evaluate(InvokeMethod.java:17)
	at org.junit.internal.runners.statements.FailOnTimeout$StatementThread.run(FailOnTimeout.java:74)
--- org.jfree.data.general.DatasetUtilities_ESTest::test116115
org.evosuite.runtime.mock.java.lang.MockIllegalArgumentException: Null 'rowKeys' argument.
	at org.jfree.data.general.DatasetUtilities.createCategoryDataset(DatasetUtilities.java:428)
	at org.jfree.data.general.DatasetUtilities_ESTest.test116115(DatasetUtilities_ESTest.java:2124)
	at sun.reflect.NativeMethodAccessorImpl.invoke0(Native Method)
	at sun.reflect.NativeMethodAccessorImpl.invoke(NativeMethodAccessorImpl.java:62)
	at sun.reflect.DelegatingMethodAccessorImpl.invoke(DelegatingMethodAccessorImpl.java:43)
	at java.lang.reflect.Method.invoke(Method.java:498)
	at org.junit.runners.model.FrameworkMethod$1.runReflectiveCall(FrameworkMethod.java:47)
	at org.junit.internal.runners.model.ReflectiveCallable.run(ReflectiveCallable.java:12)
	at org.junit.runners.model.FrameworkMethod.invokeExplosively(FrameworkMethod.java:44)
	at org.junit.internal.runners.statements.InvokeMethod.evaluate(InvokeMethod.java:17)
	at org.junit.internal.runners.statements.FailOnTimeout$StatementThread.run(FailOnTimeout.java:74)
--- org.jfree.data.general.DatasetUtilities_ESTest::test02519
org.evosuite.runtime.mock.java.lang.MockIllegalArgumentException: Null 'dataset' argument.
	at org.jfree.data.general.DatasetUtilities.findDomainBounds(DatasetUtilities.java:701)
	at org.jfree.data.general.DatasetUtilities_ESTest.test02519(DatasetUtilities_ESTest.java:424)
	at sun.reflect.NativeMethodAccessorImpl.invoke0(Native Method)
	at sun.reflect.NativeMethodAccessorImpl.invoke(NativeMethodAccessorImpl.java:62)
	at sun.reflect.DelegatingMethodAccessorImpl.invoke(DelegatingMethodAccessorImpl.java:43)
	at java.lang.reflect.Method.invoke(Method.java:498)
	at org.junit.runners.model.FrameworkMethod$1.runReflectiveCall(FrameworkMethod.java:47)
	at org.junit.internal.runners.model.ReflectiveCallable.run(ReflectiveCallable.java:12)
	at org.junit.runners.model.FrameworkMethod.invokeExplosively(FrameworkMethod.java:44)
	at org.junit.internal.runners.statements.InvokeMethod.evaluate(InvokeMethod.java:17)
	at org.junit.internal.runners.statements.FailOnTimeout$StatementThread.run(FailOnTimeout.java:74)
--- org.jfree.data.general.DatasetUtilities_ESTest::test10097
java.lang.NullPointerException
	at org.jfree.data.general.DatasetUtilities.iterateRangeBounds(DatasetUtilities.java:1240)
	at org.jfree.data.general.DatasetUtilities_ESTest.test10097(DatasetUtilities_ESTest.java:1825)
	at sun.reflect.NativeMethodAccessorImpl.invoke0(Native Method)
	at sun.reflect.NativeMethodAccessorImpl.invoke(NativeMethodAccessorImpl.java:62)
	at sun.reflect.DelegatingMethodAccessorImpl.invoke(DelegatingMethodAccessorImpl.java:43)
	at java.lang.reflect.Method.invoke(Method.java:498)
	at org.junit.runners.model.FrameworkMethod$1.runReflectiveCall(FrameworkMethod.java:47)
	at org.junit.internal.runners.model.ReflectiveCallable.run(ReflectiveCallable.java:12)
	at org.junit.runners.model.FrameworkMethod.invokeExplosively(FrameworkMethod.java:44)
	at org.junit.internal.runners.statements.InvokeMethod.evaluate(InvokeMethod.java:17)
	at org.junit.internal.runners.statements.FailOnTimeout$StatementThread.run(FailOnTimeout.java:74)
--- org.jfree.data.general.DatasetUtilities_ESTest::test130129
org.evosuite.runtime.mock.java.lang.MockIllegalArgumentException: Null 'dataset' argument.
	at org.jfree.data.general.DatasetUtilities.findMinimumRangeValue(DatasetUtilities.java:1693)
	at org.jfree.data.general.DatasetUtilities_ESTest.test130129(DatasetUtilities_ESTest.java:2359)
	at sun.reflect.NativeMethodAccessorImpl.invoke0(Native Method)
	at sun.reflect.NativeMethodAccessorImpl.invoke(NativeMethodAccessorImpl.java:62)
	at sun.reflect.DelegatingMethodAccessorImpl.invoke(DelegatingMethodAccessorImpl.java:43)
	at java.lang.reflect.Method.invoke(Method.java:498)
	at org.junit.runners.model.FrameworkMethod$1.runReflectiveCall(FrameworkMethod.java:47)
	at org.junit.internal.runners.model.ReflectiveCallable.run(ReflectiveCallable.java:12)
	at org.junit.runners.model.FrameworkMethod.invokeExplosively(FrameworkMethod.java:44)
	at org.junit.internal.runners.statements.InvokeMethod.evaluate(InvokeMethod.java:17)
	at org.junit.internal.runners.statements.FailOnTimeout$StatementThread.run(FailOnTimeout.java:74)
--- org.jfree.data.general.DatasetUtilities_ESTest::test02116
org.evosuite.runtime.mock.java.lang.MockIllegalArgumentException: Null 'f' argument.
	at org.jfree.data.general.DatasetUtilities.sampleFunction2DToSeries(DatasetUtilities.java:536)
	at org.jfree.data.general.DatasetUtilities_ESTest.test02116(DatasetUtilities_ESTest.java:407)
	at sun.reflect.NativeMethodAccessorImpl.invoke0(Native Method)
	at sun.reflect.NativeMethodAccessorImpl.invoke(NativeMethodAccessorImpl.java:62)
	at sun.reflect.DelegatingMethodAccessorImpl.invoke(DelegatingMethodAccessorImpl.java:43)
	at java.lang.reflect.Method.invoke(Method.java:498)
	at org.junit.runners.model.FrameworkMethod$1.runReflectiveCall(FrameworkMethod.java:47)
	at org.junit.internal.runners.model.ReflectiveCallable.run(ReflectiveCallable.java:12)
	at org.junit.runners.model.FrameworkMethod.invokeExplosively(FrameworkMethod.java:44)
	at org.junit.internal.runners.statements.InvokeMethod.evaluate(InvokeMethod.java:17)
	at org.junit.internal.runners.statements.FailOnTimeout$StatementThread.run(FailOnTimeout.java:74)
--- org.jfree.data.general.DatasetUtilities_ESTest::test03328
java.lang.ArrayIndexOutOfBoundsException: 8
	at org.jfree.data.category.DefaultIntervalCategoryDataset.getEndValue(DefaultIntervalCategoryDataset.java:499)
	at org.jfree.data.category.DefaultIntervalCategoryDataset.getValue(DefaultIntervalCategoryDataset.java:397)
	at org.jfree.data.general.DatasetUtilities.iterateRangeBounds(DatasetUtilities.java:1017)
	at org.jfree.data.general.DatasetUtilities_ESTest.test03328(DatasetUtilities_ESTest.java:650)
	at sun.reflect.NativeMethodAccessorImpl.invoke0(Native Method)
	at sun.reflect.NativeMethodAccessorImpl.invoke(NativeMethodAccessorImpl.java:62)
	at sun.reflect.DelegatingMethodAccessorImpl.invoke(DelegatingMethodAccessorImpl.java:43)
	at java.lang.reflect.Method.invoke(Method.java:498)
	at org.junit.runners.model.FrameworkMethod$1.runReflectiveCall(FrameworkMethod.java:47)
	at org.junit.internal.runners.model.ReflectiveCallable.run(ReflectiveCallable.java:12)
	at org.junit.runners.model.FrameworkMethod.invokeExplosively(FrameworkMethod.java:44)
	at org.junit.internal.runners.statements.InvokeMethod.evaluate(InvokeMethod.java:17)
	at org.junit.internal.runners.statements.FailOnTimeout$StatementThread.run(FailOnTimeout.java:74)
--- org.jfree.data.general.DatasetUtilities_ESTest::test173180
org.evosuite.runtime.mock.java.lang.MockIllegalArgumentException: Null 'rowKeys' argument.
	at org.jfree.data.general.DatasetUtilities.createCategoryDataset(DatasetUtilities.java:428)
	at org.jfree.data.general.DatasetUtilities_ESTest.test173180(DatasetUtilities_ESTest.java:3202)
	at sun.reflect.NativeMethodAccessorImpl.invoke0(Native Method)
	at sun.reflect.NativeMethodAccessorImpl.invoke(NativeMethodAccessorImpl.java:62)
	at sun.reflect.DelegatingMethodAccessorImpl.invoke(DelegatingMethodAccessorImpl.java:43)
	at java.lang.reflect.Method.invoke(Method.java:498)
	at org.junit.runners.model.FrameworkMethod$1.runReflectiveCall(FrameworkMethod.java:47)
	at org.junit.internal.runners.model.ReflectiveCallable.run(ReflectiveCallable.java:12)
	at org.junit.runners.model.FrameworkMethod.invokeExplosively(FrameworkMethod.java:44)
	at org.junit.internal.runners.statements.InvokeMethod.evaluate(InvokeMethod.java:17)
	at org.junit.internal.runners.statements.FailOnTimeout$StatementThread.run(FailOnTimeout.java:74)
--- org.jfree.data.general.DatasetUtilities_ESTest::test154155
java.lang.NullPointerException
	at org.jfree.data.general.DatasetUtilities.createCategoryDataset(DatasetUtilities.java:371)
	at org.jfree.data.general.DatasetUtilities_ESTest.test154155(DatasetUtilities_ESTest.java:2883)
	at sun.reflect.NativeMethodAccessorImpl.invoke0(Native Method)
	at sun.reflect.NativeMethodAccessorImpl.invoke(NativeMethodAccessorImpl.java:62)
	at sun.reflect.DelegatingMethodAccessorImpl.invoke(DelegatingMethodAccessorImpl.java:43)
	at java.lang.reflect.Method.invoke(Method.java:498)
	at org.junit.runners.model.FrameworkMethod$1.runReflectiveCall(FrameworkMethod.java:47)
	at org.junit.internal.runners.model.ReflectiveCallable.run(ReflectiveCallable.java:12)
	at org.junit.runners.model.FrameworkMethod.invokeExplosively(FrameworkMethod.java:44)
	at org.junit.internal.runners.statements.InvokeMethod.evaluate(InvokeMethod.java:17)
	at org.junit.internal.runners.statements.FailOnTimeout$StatementThread.run(FailOnTimeout.java:74)
--- org.jfree.data.general.DatasetUtilities_ESTest::test05348
org.evosuite.runtime.mock.java.lang.MockIllegalArgumentException: Null 'rowData' argument.
	at org.jfree.data.general.DatasetUtilities.createCategoryDataset(DatasetUtilities.java:484)
	at org.jfree.data.general.DatasetUtilities_ESTest.test05348(DatasetUtilities_ESTest.java:1044)
	at sun.reflect.NativeMethodAccessorImpl.invoke0(Native Method)
	at sun.reflect.NativeMethodAccessorImpl.invoke(NativeMethodAccessorImpl.java:62)
	at sun.reflect.DelegatingMethodAccessorImpl.invoke(DelegatingMethodAccessorImpl.java:43)
	at java.lang.reflect.Method.invoke(Method.java:498)
	at org.junit.runners.model.FrameworkMethod$1.runReflectiveCall(FrameworkMethod.java:47)
	at org.junit.internal.runners.model.ReflectiveCallable.run(ReflectiveCallable.java:12)
	at org.junit.runners.model.FrameworkMethod.invokeExplosively(FrameworkMethod.java:44)
	at org.junit.internal.runners.statements.InvokeMethod.evaluate(InvokeMethod.java:17)
	at org.junit.internal.runners.statements.FailOnTimeout$StatementThread.run(FailOnTimeout.java:74)
--- org.jfree.data.general.DatasetUtilities_ESTest::test135135
org.evosuite.runtime.mock.java.lang.MockIllegalArgumentException: Null 'xRange' argument
	at org.jfree.data.general.DatasetUtilities.iterateToFindRangeBounds(DatasetUtilities.java:1407)
	at org.jfree.data.general.DatasetUtilities_ESTest.test135135(DatasetUtilities_ESTest.java:2507)
	at sun.reflect.NativeMethodAccessorImpl.invoke0(Native Method)
	at sun.reflect.NativeMethodAccessorImpl.invoke(NativeMethodAccessorImpl.java:62)
	at sun.reflect.DelegatingMethodAccessorImpl.invoke(DelegatingMethodAccessorImpl.java:43)
	at java.lang.reflect.Method.invoke(Method.java:498)
	at org.junit.runners.model.FrameworkMethod$1.runReflectiveCall(FrameworkMethod.java:47)
	at org.junit.internal.runners.model.ReflectiveCallable.run(ReflectiveCallable.java:12)
	at org.junit.runners.model.FrameworkMethod.invokeExplosively(FrameworkMethod.java:44)
	at org.junit.internal.runners.statements.InvokeMethod.evaluate(InvokeMethod.java:17)
	at org.junit.internal.runners.statements.FailOnTimeout$StatementThread.run(FailOnTimeout.java:74)
--- org.jfree.data.general.DatasetUtilities_ESTest::test127126
java.lang.IndexOutOfBoundsException: Index: 0, Size: 0
	at java.util.ArrayList.rangeCheck(ArrayList.java:659)
	at java.util.ArrayList.get(ArrayList.java:435)
	at org.jfree.data.xy.XYIntervalSeriesCollection.getYValue(XYIntervalSeriesCollection.java:201)
	at org.jfree.data.xy.XYIntervalSeriesCollection.getY(XYIntervalSeriesCollection.java:242)
	at org.jfree.data.general.DatasetUtilities_ESTest.test127126(DatasetUtilities_ESTest.java:2338)
	at sun.reflect.NativeMethodAccessorImpl.invoke0(Native Method)
	at sun.reflect.NativeMethodAccessorImpl.invoke(NativeMethodAccessorImpl.java:62)
	at sun.reflect.DelegatingMethodAccessorImpl.invoke(DelegatingMethodAccessorImpl.java:43)
	at java.lang.reflect.Method.invoke(Method.java:498)
	at org.junit.runners.model.FrameworkMethod$1.runReflectiveCall(FrameworkMethod.java:47)
	at org.junit.internal.runners.model.ReflectiveCallable.run(ReflectiveCallable.java:12)
	at org.junit.runners.model.FrameworkMethod.invokeExplosively(FrameworkMethod.java:44)
	at org.junit.internal.runners.statements.InvokeMethod.evaluate(InvokeMethod.java:17)
	at org.junit.internal.runners.statements.FailOnTimeout$StatementThread.run(FailOnTimeout.java:74)
--- org.jfree.data.general.DatasetUtilities_ESTest::test08986
org.evosuite.runtime.mock.java.lang.MockIllegalArgumentException: Null 'visibleSeriesKeys' argument.
	at org.jfree.data.general.DatasetUtilities.iterateToFindRangeBounds(DatasetUtilities.java:1056)
	at org.jfree.data.general.DatasetUtilities_ESTest.test08986(DatasetUtilities_ESTest.java:1677)
	at sun.reflect.NativeMethodAccessorImpl.invoke0(Native Method)
	at sun.reflect.NativeMethodAccessorImpl.invoke(NativeMethodAccessorImpl.java:62)
	at sun.reflect.DelegatingMethodAccessorImpl.invoke(DelegatingMethodAccessorImpl.java:43)
	at java.lang.reflect.Method.invoke(Method.java:498)
	at org.junit.runners.model.FrameworkMethod$1.runReflectiveCall(FrameworkMethod.java:47)
	at org.junit.internal.runners.model.ReflectiveCallable.run(ReflectiveCallable.java:12)
	at org.junit.runners.model.FrameworkMethod.invokeExplosively(FrameworkMethod.java:44)
	at org.junit.internal.runners.statements.InvokeMethod.evaluate(InvokeMethod.java:17)
	at org.junit.internal.runners.statements.FailOnTimeout$StatementThread.run(FailOnTimeout.java:74)
--- org.jfree.data.general.DatasetUtilities_ESTest::test07775
java.lang.NullPointerException
	at org.jfree.data.jdbc.JDBCCategoryDataset.executeQuery(JDBCCategoryDataset.java:215)
	at org.jfree.data.jdbc.JDBCCategoryDataset.executeQuery(JDBCCategoryDataset.java:192)
	at org.jfree.data.jdbc.JDBCCategoryDataset.<init>(JDBCCategoryDataset.java:156)
	at org.jfree.data.general.DatasetUtilities_ESTest.test07775(DatasetUtilities_ESTest.java:1498)
	at sun.reflect.NativeMethodAccessorImpl.invoke0(Native Method)
	at sun.reflect.NativeMethodAccessorImpl.invoke(NativeMethodAccessorImpl.java:62)
	at sun.reflect.DelegatingMethodAccessorImpl.invoke(DelegatingMethodAccessorImpl.java:43)
	at java.lang.reflect.Method.invoke(Method.java:498)
	at org.junit.runners.model.FrameworkMethod$1.runReflectiveCall(FrameworkMethod.java:47)
	at org.junit.internal.runners.model.ReflectiveCallable.run(ReflectiveCallable.java:12)
	at org.junit.runners.model.FrameworkMethod.invokeExplosively(FrameworkMethod.java:44)
	at org.junit.internal.runners.statements.InvokeMethod.evaluate(InvokeMethod.java:17)
	at org.junit.internal.runners.statements.FailOnTimeout$StatementThread.run(FailOnTimeout.java:74)
--- org.jfree.data.general.DatasetUtilities_ESTest::test04540
org.evosuite.runtime.mock.java.lang.MockIllegalArgumentException: DefaultIntervalCategoryDataset.getValue(): category index out of range.
	at org.jfree.data.category.DefaultIntervalCategoryDataset.getEndValue(DefaultIntervalCategoryDataset.java:494)
	at org.jfree.data.category.DefaultIntervalCategoryDataset.getValue(DefaultIntervalCategoryDataset.java:397)
	at org.jfree.data.general.DatasetUtilities.createPieDatasetForColumn(DatasetUtilities.java:268)
	at org.jfree.data.general.DatasetUtilities.createPieDatasetForColumn(DatasetUtilities.java:250)
	at org.jfree.data.general.DatasetUtilities_ESTest.test04540(DatasetUtilities_ESTest.java:908)
	at sun.reflect.NativeMethodAccessorImpl.invoke0(Native Method)
	at sun.reflect.NativeMethodAccessorImpl.invoke(NativeMethodAccessorImpl.java:62)
	at sun.reflect.DelegatingMethodAccessorImpl.invoke(DelegatingMethodAccessorImpl.java:43)
	at java.lang.reflect.Method.invoke(Method.java:498)
	at org.junit.runners.model.FrameworkMethod$1.runReflectiveCall(FrameworkMethod.java:47)
	at org.junit.internal.runners.model.ReflectiveCallable.run(ReflectiveCallable.java:12)
	at org.junit.runners.model.FrameworkMethod.invokeExplosively(FrameworkMethod.java:44)
	at org.junit.internal.runners.statements.InvokeMethod.evaluate(InvokeMethod.java:17)
	at org.junit.internal.runners.statements.FailOnTimeout$StatementThread.run(FailOnTimeout.java:74)
--- org.jfree.data.general.DatasetUtilities_ESTest::test159163
java.lang.NullPointerException
	at org.jfree.data.general.DatasetUtilities.calculateStackTotal(DatasetUtilities.java:2128)
	at org.jfree.data.general.DatasetUtilities_ESTest.test159163(DatasetUtilities_ESTest.java:2938)
	at sun.reflect.NativeMethodAccessorImpl.invoke0(Native Method)
	at sun.reflect.NativeMethodAccessorImpl.invoke(NativeMethodAccessorImpl.java:62)
	at sun.reflect.DelegatingMethodAccessorImpl.invoke(DelegatingMethodAccessorImpl.java:43)
	at java.lang.reflect.Method.invoke(Method.java:498)
	at org.junit.runners.model.FrameworkMethod$1.runReflectiveCall(FrameworkMethod.java:47)
	at org.junit.internal.runners.model.ReflectiveCallable.run(ReflectiveCallable.java:12)
	at org.junit.runners.model.FrameworkMethod.invokeExplosively(FrameworkMethod.java:44)
	at org.junit.internal.runners.statements.InvokeMethod.evaluate(InvokeMethod.java:17)
	at org.junit.internal.runners.statements.FailOnTimeout$StatementThread.run(FailOnTimeout.java:74)
--- org.jfree.data.general.DatasetUtilities_ESTest::test09794
org.evosuite.runtime.mock.java.lang.MockIllegalArgumentException: Null 'dataset' argument.
	at org.jfree.data.general.DatasetUtilities.iterateToFindRangeBounds(DatasetUtilities.java:1053)
	at org.jfree.data.general.DatasetUtilities_ESTest.test09794(DatasetUtilities_ESTest.java:1796)
	at sun.reflect.NativeMethodAccessorImpl.invoke0(Native Method)
	at sun.reflect.NativeMethodAccessorImpl.invoke(NativeMethodAccessorImpl.java:62)
	at sun.reflect.DelegatingMethodAccessorImpl.invoke(DelegatingMethodAccessorImpl.java:43)
	at java.lang.reflect.Method.invoke(Method.java:498)
	at org.junit.runners.model.FrameworkMethod$1.runReflectiveCall(FrameworkMethod.java:47)
	at org.junit.internal.runners.model.ReflectiveCallable.run(ReflectiveCallable.java:12)
	at org.junit.runners.model.FrameworkMethod.invokeExplosively(FrameworkMethod.java:44)
	at org.junit.internal.runners.statements.InvokeMethod.evaluate(InvokeMethod.java:17)
	at org.junit.internal.runners.statements.FailOnTimeout$StatementThread.run(FailOnTimeout.java:74)
--- org.jfree.data.general.DatasetUtilities_ESTest::test08582
org.evosuite.runtime.mock.java.lang.MockIllegalArgumentException: Null 'base' argument.
	at org.jfree.data.Range.shift(Range.java:309)
	at org.jfree.data.Range.shift(Range.java:292)
	at org.jfree.data.general.DatasetUtilities_ESTest.test08582(DatasetUtilities_ESTest.java:1603)
	at sun.reflect.NativeMethodAccessorImpl.invoke0(Native Method)
	at sun.reflect.NativeMethodAccessorImpl.invoke(NativeMethodAccessorImpl.java:62)
	at sun.reflect.DelegatingMethodAccessorImpl.invoke(DelegatingMethodAccessorImpl.java:43)
	at java.lang.reflect.Method.invoke(Method.java:498)
	at org.junit.runners.model.FrameworkMethod$1.runReflectiveCall(FrameworkMethod.java:47)
	at org.junit.internal.runners.model.ReflectiveCallable.run(ReflectiveCallable.java:12)
	at org.junit.runners.model.FrameworkMethod.invokeExplosively(FrameworkMethod.java:44)
	at org.junit.internal.runners.statements.InvokeMethod.evaluate(InvokeMethod.java:17)
	at org.junit.internal.runners.statements.FailOnTimeout$StatementThread.run(FailOnTimeout.java:74)
--- org.jfree.data.general.DatasetUtilities_ESTest::test0032
java.lang.NegativeArraySizeException
	at org.jfree.data.xy.MatrixSeries.<init>(MatrixSeries.java:78)
	at org.jfree.data.general.DatasetUtilities_ESTest.test0032(DatasetUtilities_ESTest.java:186)
	at sun.reflect.NativeMethodAccessorImpl.invoke0(Native Method)
	at sun.reflect.NativeMethodAccessorImpl.invoke(NativeMethodAccessorImpl.java:62)
	at sun.reflect.DelegatingMethodAccessorImpl.invoke(DelegatingMethodAccessorImpl.java:43)
	at java.lang.reflect.Method.invoke(Method.java:498)
	at org.junit.runners.model.FrameworkMethod$1.runReflectiveCall(FrameworkMethod.java:47)
	at org.junit.internal.runners.model.ReflectiveCallable.run(ReflectiveCallable.java:12)
	at org.junit.runners.model.FrameworkMethod.invokeExplosively(FrameworkMethod.java:44)
	at org.junit.internal.runners.statements.InvokeMethod.evaluate(InvokeMethod.java:17)
	at org.junit.internal.runners.statements.FailOnTimeout$StatementThread.run(FailOnTimeout.java:74)
--- org.jfree.data.general.DatasetUtilities_ESTest::test07370
org.evosuite.runtime.mock.java.lang.MockIllegalArgumentException: Requires 'start' < 'end'.
	at org.jfree.data.general.DatasetUtilities.sampleFunction2DToSeries(DatasetUtilities.java:542)
	at org.jfree.data.general.DatasetUtilities.sampleFunction2D(DatasetUtilities.java:511)
	at org.jfree.data.general.DatasetUtilities_ESTest.test07370(DatasetUtilities_ESTest.java:1435)
	at sun.reflect.NativeMethodAccessorImpl.invoke0(Native Method)
	at sun.reflect.NativeMethodAccessorImpl.invoke(NativeMethodAccessorImpl.java:62)
	at sun.reflect.DelegatingMethodAccessorImpl.invoke(DelegatingMethodAccessorImpl.java:43)
	at java.lang.reflect.Method.invoke(Method.java:498)
	at org.junit.runners.model.FrameworkMethod$1.runReflectiveCall(FrameworkMethod.java:47)
	at org.junit.internal.runners.model.ReflectiveCallable.run(ReflectiveCallable.java:12)
	at org.junit.runners.model.FrameworkMethod.invokeExplosively(FrameworkMethod.java:44)
	at org.junit.internal.runners.statements.InvokeMethod.evaluate(InvokeMethod.java:17)
	at org.junit.internal.runners.statements.FailOnTimeout$StatementThread.run(FailOnTimeout.java:74)
--- org.jfree.data.general.DatasetUtilities_ESTest::test01611
org.evosuite.runtime.mock.java.lang.MockIllegalArgumentException: DefaultIntervalCategoryDataset.getValue(): series index out of range.
	at org.jfree.data.category.DefaultIntervalCategoryDataset.getEndValue(DefaultIntervalCategoryDataset.java:488)
	at org.jfree.data.category.DefaultIntervalCategoryDataset.getValue(DefaultIntervalCategoryDataset.java:397)
	at org.jfree.data.general.DatasetUtilities.createPieDatasetForRow(DatasetUtilities.java:233)
	at org.jfree.data.general.DatasetUtilities_ESTest.test01611(DatasetUtilities_ESTest.java:316)
	at sun.reflect.NativeMethodAccessorImpl.invoke0(Native Method)
	at sun.reflect.NativeMethodAccessorImpl.invoke(NativeMethodAccessorImpl.java:62)
	at sun.reflect.DelegatingMethodAccessorImpl.invoke(DelegatingMethodAccessorImpl.java:43)
	at java.lang.reflect.Method.invoke(Method.java:498)
	at org.junit.runners.model.FrameworkMethod$1.runReflectiveCall(FrameworkMethod.java:47)
	at org.junit.internal.runners.model.ReflectiveCallable.run(ReflectiveCallable.java:12)
	at org.junit.runners.model.FrameworkMethod.invokeExplosively(FrameworkMethod.java:44)
	at org.junit.internal.runners.statements.InvokeMethod.evaluate(InvokeMethod.java:17)
	at org.junit.internal.runners.statements.FailOnTimeout$StatementThread.run(FailOnTimeout.java:74)
--- org.jfree.data.general.DatasetUtilities_ESTest::test107104
org.jfree.data.UnknownKeyException: Row key (1960.74534886) not recognised.
	at org.jfree.data.KeyedObjects2D.getObject(KeyedObjects2D.java:230)
	at org.jfree.data.statistics.DefaultStatisticalCategoryDataset.getMeanValue(DefaultStatisticalCategoryDataset.java:198)
	at org.jfree.data.general.DatasetUtilities_ESTest.test107104(DatasetUtilities_ESTest.java:1970)
	at sun.reflect.NativeMethodAccessorImpl.invoke0(Native Method)
	at sun.reflect.NativeMethodAccessorImpl.invoke(NativeMethodAccessorImpl.java:62)
	at sun.reflect.DelegatingMethodAccessorImpl.invoke(DelegatingMethodAccessorImpl.java:43)
	at java.lang.reflect.Method.invoke(Method.java:498)
	at org.junit.runners.model.FrameworkMethod$1.runReflectiveCall(FrameworkMethod.java:47)
	at org.junit.internal.runners.model.ReflectiveCallable.run(ReflectiveCallable.java:12)
	at org.junit.runners.model.FrameworkMethod.invokeExplosively(FrameworkMethod.java:44)
	at org.junit.internal.runners.statements.InvokeMethod.evaluate(InvokeMethod.java:17)
	at org.junit.internal.runners.statements.FailOnTimeout$StatementThread.run(FailOnTimeout.java:74)
--- org.jfree.data.general.DatasetUtilities_ESTest::test174181
org.evosuite.runtime.mock.java.lang.MockIllegalArgumentException: DefaultIntervalCategoryDataset.getValue(): series index out of range.
	at org.jfree.data.category.DefaultIntervalCategoryDataset.getEndValue(DefaultIntervalCategoryDataset.java:488)
	at org.jfree.data.category.DefaultIntervalCategoryDataset.getValue(DefaultIntervalCategoryDataset.java:397)
	at org.jfree.data.general.DatasetUtilities.createPieDatasetForRow(DatasetUtilities.java:233)
	at org.jfree.data.general.DatasetUtilities_ESTest.test174181(DatasetUtilities_ESTest.java:3231)
	at sun.reflect.NativeMethodAccessorImpl.invoke0(Native Method)
	at sun.reflect.NativeMethodAccessorImpl.invoke(NativeMethodAccessorImpl.java:62)
	at sun.reflect.DelegatingMethodAccessorImpl.invoke(DelegatingMethodAccessorImpl.java:43)
	at java.lang.reflect.Method.invoke(Method.java:498)
	at org.junit.runners.model.FrameworkMethod$1.runReflectiveCall(FrameworkMethod.java:47)
	at org.junit.internal.runners.model.ReflectiveCallable.run(ReflectiveCallable.java:12)
	at org.junit.runners.model.FrameworkMethod.invokeExplosively(FrameworkMethod.java:44)
	at org.junit.internal.runners.statements.InvokeMethod.evaluate(InvokeMethod.java:17)
	at org.junit.internal.runners.statements.FailOnTimeout$StatementThread.run(FailOnTimeout.java:74)
--- org.jfree.data.general.DatasetUtilities_ESTest::test04843
java.lang.NullPointerException
	at org.jfree.data.general.DatasetUtilities.iterateRangeBounds(DatasetUtilities.java:1240)
	at org.jfree.data.general.DatasetUtilities.iterateRangeBounds(DatasetUtilities.java:1220)
	at org.jfree.data.general.DatasetUtilities.iterateXYRangeBounds(DatasetUtilities.java:1206)
	at org.jfree.data.general.DatasetUtilities_ESTest.test04843(DatasetUtilities_ESTest.java:948)
	at sun.reflect.NativeMethodAccessorImpl.invoke0(Native Method)
	at sun.reflect.NativeMethodAccessorImpl.invoke(NativeMethodAccessorImpl.java:62)
	at sun.reflect.DelegatingMethodAccessorImpl.invoke(DelegatingMethodAccessorImpl.java:43)
	at java.lang.reflect.Method.invoke(Method.java:498)
	at org.junit.runners.model.FrameworkMethod$1.runReflectiveCall(FrameworkMethod.java:47)
	at org.junit.internal.runners.model.ReflectiveCallable.run(ReflectiveCallable.java:12)
	at org.junit.runners.model.FrameworkMethod.invokeExplosively(FrameworkMethod.java:44)
	at org.junit.internal.runners.statements.InvokeMethod.evaluate(InvokeMethod.java:17)
	at org.junit.internal.runners.statements.FailOnTimeout$StatementThread.run(FailOnTimeout.java:74)
--- org.jfree.data.general.DatasetUtilities_ESTest::test138138
org.evosuite.runtime.mock.java.lang.MockIllegalArgumentException: Null 'rowKey' argument.
	at org.jfree.data.general.DatasetUtilities.createCategoryDataset(DatasetUtilities.java:481)
	at org.jfree.data.general.DatasetUtilities_ESTest.test138138(DatasetUtilities_ESTest.java:2539)
	at sun.reflect.NativeMethodAccessorImpl.invoke0(Native Method)
	at sun.reflect.NativeMethodAccessorImpl.invoke(NativeMethodAccessorImpl.java:62)
	at sun.reflect.DelegatingMethodAccessorImpl.invoke(DelegatingMethodAccessorImpl.java:43)
	at java.lang.reflect.Method.invoke(Method.java:498)
	at org.junit.runners.model.FrameworkMethod$1.runReflectiveCall(FrameworkMethod.java:47)
	at org.junit.internal.runners.model.ReflectiveCallable.run(ReflectiveCallable.java:12)
	at org.junit.runners.model.FrameworkMethod.invokeExplosively(FrameworkMethod.java:44)
	at org.junit.internal.runners.statements.InvokeMethod.evaluate(InvokeMethod.java:17)
	at org.junit.internal.runners.statements.FailOnTimeout$StatementThread.run(FailOnTimeout.java:74)
--- org.jfree.data.general.DatasetUtilities_ESTest::test02822
org.jfree.data.UnknownKeyException: Row key (1960.74534886) not recognised.
	at org.jfree.data.KeyedObjects2D.getObject(KeyedObjects2D.java:230)
	at org.jfree.data.statistics.DefaultStatisticalCategoryDataset.getMeanValue(DefaultStatisticalCategoryDataset.java:198)
	at org.jfree.data.general.DatasetUtilities_ESTest.test02822(DatasetUtilities_ESTest.java:537)
	at sun.reflect.NativeMethodAccessorImpl.invoke0(Native Method)
	at sun.reflect.NativeMethodAccessorImpl.invoke(NativeMethodAccessorImpl.java:62)
	at sun.reflect.DelegatingMethodAccessorImpl.invoke(DelegatingMethodAccessorImpl.java:43)
	at java.lang.reflect.Method.invoke(Method.java:498)
	at org.junit.runners.model.FrameworkMethod$1.runReflectiveCall(FrameworkMethod.java:47)
	at org.junit.internal.runners.model.ReflectiveCallable.run(ReflectiveCallable.java:12)
	at org.junit.runners.model.FrameworkMethod.invokeExplosively(FrameworkMethod.java:44)
	at org.junit.internal.runners.statements.InvokeMethod.evaluate(InvokeMethod.java:17)
	at org.junit.internal.runners.statements.FailOnTimeout$StatementThread.run(FailOnTimeout.java:74)
--- org.jfree.data.general.DatasetUtilities_ESTest::test05146
java.lang.NullPointerException
	at org.jfree.data.xy.DefaultWindDataset.<init>(DefaultWindDataset.java:132)
	at org.jfree.data.xy.DefaultWindDataset.<init>(DefaultWindDataset.java:101)
	at org.jfree.data.general.DatasetUtilities_ESTest.test05146(DatasetUtilities_ESTest.java:1012)
	at sun.reflect.NativeMethodAccessorImpl.invoke0(Native Method)
	at sun.reflect.NativeMethodAccessorImpl.invoke(NativeMethodAccessorImpl.java:62)
	at sun.reflect.DelegatingMethodAccessorImpl.invoke(DelegatingMethodAccessorImpl.java:43)
	at java.lang.reflect.Method.invoke(Method.java:498)
	at org.junit.runners.model.FrameworkMethod$1.runReflectiveCall(FrameworkMethod.java:47)
	at org.junit.internal.runners.model.ReflectiveCallable.run(ReflectiveCallable.java:12)
	at org.junit.runners.model.FrameworkMethod.invokeExplosively(FrameworkMethod.java:44)
	at org.junit.internal.runners.statements.InvokeMethod.evaluate(InvokeMethod.java:17)
	at org.junit.internal.runners.statements.FailOnTimeout$StatementThread.run(FailOnTimeout.java:74)
--- org.jfree.data.general.DatasetUtilities_ESTest::test06358
org.evosuite.runtime.mock.java.lang.MockIllegalArgumentException: Null 'dataset' argument.
	at org.jfree.data.general.DatasetUtilities.findRangeBounds(DatasetUtilities.java:919)
	at org.jfree.data.general.DatasetUtilities_ESTest.test06358(DatasetUtilities_ESTest.java:1198)
	at sun.reflect.NativeMethodAccessorImpl.invoke0(Native Method)
	at sun.reflect.NativeMethodAccessorImpl.invoke(NativeMethodAccessorImpl.java:62)
	at sun.reflect.DelegatingMethodAccessorImpl.invoke(DelegatingMethodAccessorImpl.java:43)
	at java.lang.reflect.Method.invoke(Method.java:498)
	at org.junit.runners.model.FrameworkMethod$1.runReflectiveCall(FrameworkMethod.java:47)
	at org.junit.internal.runners.model.ReflectiveCallable.run(ReflectiveCallable.java:12)
	at org.junit.runners.model.FrameworkMethod.invokeExplosively(FrameworkMethod.java:44)
	at org.junit.internal.runners.statements.InvokeMethod.evaluate(InvokeMethod.java:17)
	at org.junit.internal.runners.statements.FailOnTimeout$StatementThread.run(FailOnTimeout.java:74)
--- org.jfree.data.general.DatasetUtilities_ESTest::test07167
org.evosuite.runtime.mock.java.lang.MockIllegalArgumentException: The number of column keys does not match the number of columns in the data array.
	at org.jfree.data.general.DatasetUtilities.createCategoryDataset(DatasetUtilities.java:450)
	at org.jfree.data.general.DatasetUtilities_ESTest.test07167(DatasetUtilities_ESTest.java:1309)
	at sun.reflect.NativeMethodAccessorImpl.invoke0(Native Method)
	at sun.reflect.NativeMethodAccessorImpl.invoke(NativeMethodAccessorImpl.java:62)
	at sun.reflect.DelegatingMethodAccessorImpl.invoke(DelegatingMethodAccessorImpl.java:43)
	at java.lang.reflect.Method.invoke(Method.java:498)
	at org.junit.runners.model.FrameworkMethod$1.runReflectiveCall(FrameworkMethod.java:47)
	at org.junit.internal.runners.model.ReflectiveCallable.run(ReflectiveCallable.java:12)
	at org.junit.runners.model.FrameworkMethod.invokeExplosively(FrameworkMethod.java:44)
	at org.junit.internal.runners.statements.InvokeMethod.evaluate(InvokeMethod.java:17)
	at org.junit.internal.runners.statements.FailOnTimeout$StatementThread.run(FailOnTimeout.java:74)
--- org.jfree.data.general.DatasetUtilities_ESTest::test0127
org.evosuite.runtime.mock.java.lang.MockIllegalArgumentException: Requires 'samples' > 1
	at org.jfree.data.general.DatasetUtilities.sampleFunction2DToSeries(DatasetUtilities.java:545)
	at org.jfree.data.general.DatasetUtilities_ESTest.test0127(DatasetUtilities_ESTest.java:263)
	at sun.reflect.NativeMethodAccessorImpl.invoke0(Native Method)
	at sun.reflect.NativeMethodAccessorImpl.invoke(NativeMethodAccessorImpl.java:62)
	at sun.reflect.DelegatingMethodAccessorImpl.invoke(DelegatingMethodAccessorImpl.java:43)
	at java.lang.reflect.Method.invoke(Method.java:498)
	at org.junit.runners.model.FrameworkMethod$1.runReflectiveCall(FrameworkMethod.java:47)
	at org.junit.internal.runners.model.ReflectiveCallable.run(ReflectiveCallable.java:12)
	at org.junit.runners.model.FrameworkMethod.invokeExplosively(FrameworkMethod.java:44)
	at org.junit.internal.runners.statements.InvokeMethod.evaluate(InvokeMethod.java:17)
	at org.junit.internal.runners.statements.FailOnTimeout$StatementThread.run(FailOnTimeout.java:74)
--- org.jfree.data.general.DatasetUtilities_ESTest::test09188
org.evosuite.runtime.mock.java.lang.MockIllegalArgumentException: Null 'key' argument.
	at org.jfree.data.KeyedObjects2D.getColumnIndex(KeyedObjects2D.java:192)
	at org.jfree.data.category.DefaultCategoryDataset.getColumnIndex(DefaultCategoryDataset.java:194)
	at org.jfree.data.general.DatasetUtilities.createPieDatasetForColumn(DatasetUtilities.java:249)
	at org.jfree.data.general.DatasetUtilities_ESTest.test09188(DatasetUtilities_ESTest.java:1697)
	at sun.reflect.NativeMethodAccessorImpl.invoke0(Native Method)
	at sun.reflect.NativeMethodAccessorImpl.invoke(NativeMethodAccessorImpl.java:62)
	at sun.reflect.DelegatingMethodAccessorImpl.invoke(DelegatingMethodAccessorImpl.java:43)
	at java.lang.reflect.Method.invoke(Method.java:498)
	at org.junit.runners.model.FrameworkMethod$1.runReflectiveCall(FrameworkMethod.java:47)
	at org.junit.internal.runners.model.ReflectiveCallable.run(ReflectiveCallable.java:12)
	at org.junit.runners.model.FrameworkMethod.invokeExplosively(FrameworkMethod.java:44)
	at org.junit.internal.runners.statements.InvokeMethod.evaluate(InvokeMethod.java:17)
	at org.junit.internal.runners.statements.FailOnTimeout$StatementThread.run(FailOnTimeout.java:74)
--- org.jfree.data.general.DatasetUtilities_ESTest::test0000
org.evosuite.runtime.mock.java.lang.MockIllegalArgumentException: Null 'dataset' argument.
	at org.jfree.data.general.DatasetUtilities.findStackedRangeBounds(DatasetUtilities.java:2081)
	at org.jfree.data.general.DatasetUtilities.findStackedRangeBounds(DatasetUtilities.java:2066)
	at org.jfree.data.general.DatasetUtilities_ESTest.test0000(DatasetUtilities_ESTest.java:141)
	at sun.reflect.NativeMethodAccessorImpl.invoke0(Native Method)
	at sun.reflect.NativeMethodAccessorImpl.invoke(NativeMethodAccessorImpl.java:62)
	at sun.reflect.DelegatingMethodAccessorImpl.invoke(DelegatingMethodAccessorImpl.java:43)
	at java.lang.reflect.Method.invoke(Method.java:498)
	at org.junit.runners.model.FrameworkMethod$1.runReflectiveCall(FrameworkMethod.java:47)
	at org.junit.internal.runners.model.ReflectiveCallable.run(ReflectiveCallable.java:12)
	at org.junit.runners.model.FrameworkMethod.invokeExplosively(FrameworkMethod.java:44)
	at org.junit.internal.runners.statements.InvokeMethod.evaluate(InvokeMethod.java:17)
	at org.junit.internal.runners.statements.FailOnTimeout$StatementThread.run(FailOnTimeout.java:74)
--- org.jfree.data.general.DatasetUtilities_ESTest::test124123
org.evosuite.runtime.mock.java.lang.MockIllegalArgumentException: Requires 'start' < 'end'.
	at org.jfree.data.general.DatasetUtilities.sampleFunction2DToSeries(DatasetUtilities.java:542)
	at org.jfree.data.general.DatasetUtilities.sampleFunction2D(DatasetUtilities.java:511)
	at org.jfree.data.general.DatasetUtilities_ESTest.test124123(DatasetUtilities_ESTest.java:2260)
	at sun.reflect.NativeMethodAccessorImpl.invoke0(Native Method)
	at sun.reflect.NativeMethodAccessorImpl.invoke(NativeMethodAccessorImpl.java:62)
	at sun.reflect.DelegatingMethodAccessorImpl.invoke(DelegatingMethodAccessorImpl.java:43)
	at java.lang.reflect.Method.invoke(Method.java:498)
	at org.junit.runners.model.FrameworkMethod$1.runReflectiveCall(FrameworkMethod.java:47)
	at org.junit.internal.runners.model.ReflectiveCallable.run(ReflectiveCallable.java:12)
	at org.junit.runners.model.FrameworkMethod.invokeExplosively(FrameworkMethod.java:44)
	at org.junit.internal.runners.statements.InvokeMethod.evaluate(InvokeMethod.java:17)
	at org.junit.internal.runners.statements.FailOnTimeout$StatementThread.run(FailOnTimeout.java:74)
--- org.jfree.data.general.DatasetUtilities_ESTest::test0094
java.lang.NullPointerException
	at org.jfree.data.general.DatasetUtilities.createPieDatasetForColumn(DatasetUtilities.java:265)
	at org.jfree.data.general.DatasetUtilities_ESTest.test0094(DatasetUtilities_ESTest.java:211)
	at sun.reflect.NativeMethodAccessorImpl.invoke0(Native Method)
	at sun.reflect.NativeMethodAccessorImpl.invoke(NativeMethodAccessorImpl.java:62)
	at sun.reflect.DelegatingMethodAccessorImpl.invoke(DelegatingMethodAccessorImpl.java:43)
	at java.lang.reflect.Method.invoke(Method.java:498)
	at org.junit.runners.model.FrameworkMethod$1.runReflectiveCall(FrameworkMethod.java:47)
	at org.junit.internal.runners.model.ReflectiveCallable.run(ReflectiveCallable.java:12)
	at org.junit.runners.model.FrameworkMethod.invokeExplosively(FrameworkMethod.java:44)
	at org.junit.internal.runners.statements.InvokeMethod.evaluate(InvokeMethod.java:17)
	at org.junit.internal.runners.statements.FailOnTimeout$StatementThread.run(FailOnTimeout.java:74)
--- org.jfree.data.general.DatasetUtilities_ESTest::test118117
java.lang.NullPointerException
	at org.jfree.data.general.DatasetUtilities.iterateRangeBounds(DatasetUtilities.java:1240)
	at org.jfree.data.general.DatasetUtilities.iterateRangeBounds(DatasetUtilities.java:1220)
	at org.jfree.data.general.DatasetUtilities_ESTest.test118117(DatasetUtilities_ESTest.java:2149)
	at sun.reflect.NativeMethodAccessorImpl.invoke0(Native Method)
	at sun.reflect.NativeMethodAccessorImpl.invoke(NativeMethodAccessorImpl.java:62)
	at sun.reflect.DelegatingMethodAccessorImpl.invoke(DelegatingMethodAccessorImpl.java:43)
	at java.lang.reflect.Method.invoke(Method.java:498)
	at org.junit.runners.model.FrameworkMethod$1.runReflectiveCall(FrameworkMethod.java:47)
	at org.junit.internal.runners.model.ReflectiveCallable.run(ReflectiveCallable.java:12)
	at org.junit.runners.model.FrameworkMethod.invokeExplosively(FrameworkMethod.java:44)
	at org.junit.internal.runners.statements.InvokeMethod.evaluate(InvokeMethod.java:17)
	at org.junit.internal.runners.statements.FailOnTimeout$StatementThread.run(FailOnTimeout.java:74)
--- org.jfree.data.general.DatasetUtilities_ESTest::test10198
org.evosuite.runtime.mock.java.lang.MockIllegalArgumentException: Null 'dataset' argument.
	at org.jfree.data.general.DatasetUtilities.findRangeBounds(DatasetUtilities.java:887)
	at org.jfree.data.general.DatasetUtilities.findRangeBounds(DatasetUtilities.java:870)
	at org.jfree.data.general.DatasetUtilities_ESTest.test10198(DatasetUtilities_ESTest.java:1830)
	at sun.reflect.NativeMethodAccessorImpl.invoke0(Native Method)
	at sun.reflect.NativeMethodAccessorImpl.invoke(NativeMethodAccessorImpl.java:62)
	at sun.reflect.DelegatingMethodAccessorImpl.invoke(DelegatingMethodAccessorImpl.java:43)
	at java.lang.reflect.Method.invoke(Method.java:498)
	at org.junit.runners.model.FrameworkMethod$1.runReflectiveCall(FrameworkMethod.java:47)
	at org.junit.internal.runners.model.ReflectiveCallable.run(ReflectiveCallable.java:12)
	at org.junit.runners.model.FrameworkMethod.invokeExplosively(FrameworkMethod.java:44)
	at org.junit.internal.runners.statements.InvokeMethod.evaluate(InvokeMethod.java:17)
	at org.junit.internal.runners.statements.FailOnTimeout$StatementThread.run(FailOnTimeout.java:74)
--- org.jfree.data.general.DatasetUtilities_ESTest::test04439
org.jfree.data.UnknownKeyException: Unknown 'series' key.
	at org.jfree.data.category.DefaultIntervalCategoryDataset.getValue(DefaultIntervalCategoryDataset.java:374)
	at org.jfree.data.general.DatasetUtilities_ESTest.test04439(DatasetUtilities_ESTest.java:880)
	at sun.reflect.NativeMethodAccessorImpl.invoke0(Native Method)
	at sun.reflect.NativeMethodAccessorImpl.invoke(NativeMethodAccessorImpl.java:62)
	at sun.reflect.DelegatingMethodAccessorImpl.invoke(DelegatingMethodAccessorImpl.java:43)
	at java.lang.reflect.Method.invoke(Method.java:498)
	at org.junit.runners.model.FrameworkMethod$1.runReflectiveCall(FrameworkMethod.java:47)
	at org.junit.internal.runners.model.ReflectiveCallable.run(ReflectiveCallable.java:12)
	at org.junit.runners.model.FrameworkMethod.invokeExplosively(FrameworkMethod.java:44)
	at org.junit.internal.runners.statements.InvokeMethod.evaluate(InvokeMethod.java:17)
	at org.junit.internal.runners.statements.FailOnTimeout$StatementThread.run(FailOnTimeout.java:74)
--- org.jfree.data.general.DatasetUtilities_ESTest::test02015
org.jfree.data.UnknownKeyException: The key (Thu Jan 01 00:00:00 GMT 1970) is not recognised.
	at org.jfree.data.KeyedObjects.getObject(KeyedObjects.java:175)
	at org.jfree.data.pie.DefaultPieDataset.isSelected(DefaultPieDataset.java:396)
	at org.jfree.data.general.DatasetUtilities_ESTest.test02015(DatasetUtilities_ESTest.java:394)
	at sun.reflect.NativeMethodAccessorImpl.invoke0(Native Method)
	at sun.reflect.NativeMethodAccessorImpl.invoke(NativeMethodAccessorImpl.java:62)
	at sun.reflect.DelegatingMethodAccessorImpl.invoke(DelegatingMethodAccessorImpl.java:43)
	at java.lang.reflect.Method.invoke(Method.java:498)
	at org.junit.runners.model.FrameworkMethod$1.runReflectiveCall(FrameworkMethod.java:47)
	at org.junit.internal.runners.model.ReflectiveCallable.run(ReflectiveCallable.java:12)
	at org.junit.runners.model.FrameworkMethod.invokeExplosively(FrameworkMethod.java:44)
	at org.junit.internal.runners.statements.InvokeMethod.evaluate(InvokeMethod.java:17)
	at org.junit.internal.runners.statements.FailOnTimeout$StatementThread.run(FailOnTimeout.java:74)
--- org.jfree.data.general.DatasetUtilities_ESTest::test152152
org.evosuite.runtime.mock.java.lang.MockIllegalArgumentException: The number of row keys does not match the number of rows in the data array.
	at org.jfree.data.general.DatasetUtilities.createCategoryDataset(DatasetUtilities.java:441)
	at org.jfree.data.general.DatasetUtilities_ESTest.test152152(DatasetUtilities_ESTest.java:2791)
	at sun.reflect.NativeMethodAccessorImpl.invoke0(Native Method)
	at sun.reflect.NativeMethodAccessorImpl.invoke(NativeMethodAccessorImpl.java:62)
	at sun.reflect.DelegatingMethodAccessorImpl.invoke(DelegatingMethodAccessorImpl.java:43)
	at java.lang.reflect.Method.invoke(Method.java:498)
	at org.junit.runners.model.FrameworkMethod$1.runReflectiveCall(FrameworkMethod.java:47)
	at org.junit.internal.runners.model.ReflectiveCallable.run(ReflectiveCallable.java:12)
	at org.junit.runners.model.FrameworkMethod.invokeExplosively(FrameworkMethod.java:44)
	at org.junit.internal.runners.statements.InvokeMethod.evaluate(InvokeMethod.java:17)
	at org.junit.internal.runners.statements.FailOnTimeout$StatementThread.run(FailOnTimeout.java:74)
--- org.jfree.data.general.DatasetUtilities_ESTest::test03226
org.evosuite.runtime.mock.java.lang.MockIllegalArgumentException: The 'year' argument must be in range 1900 to 9999.
	at org.jfree.data.time.SpreadsheetDate.<init>(SpreadsheetDate.java:113)
	at org.jfree.data.time.SerialDate.createInstance(SerialDate.java:792)
	at org.jfree.data.time.Day.<init>(Day.java:124)
	at org.jfree.data.time.Hour.<init>(Hour.java:129)
	at org.jfree.data.general.DatasetUtilities_ESTest.test03226(DatasetUtilities_ESTest.java:599)
	at sun.reflect.NativeMethodAccessorImpl.invoke0(Native Method)
	at sun.reflect.NativeMethodAccessorImpl.invoke(NativeMethodAccessorImpl.java:62)
	at sun.reflect.DelegatingMethodAccessorImpl.invoke(DelegatingMethodAccessorImpl.java:43)
	at java.lang.reflect.Method.invoke(Method.java:498)
	at org.junit.runners.model.FrameworkMethod$1.runReflectiveCall(FrameworkMethod.java:47)
	at org.junit.internal.runners.model.ReflectiveCallable.run(ReflectiveCallable.java:12)
	at org.junit.runners.model.FrameworkMethod.invokeExplosively(FrameworkMethod.java:44)
	at org.junit.internal.runners.statements.InvokeMethod.evaluate(InvokeMethod.java:17)
	at org.junit.internal.runners.statements.FailOnTimeout$StatementThread.run(FailOnTimeout.java:74)
--- org.jfree.data.general.DatasetUtilities_ESTest::test06459
org.evosuite.runtime.mock.java.lang.MockIllegalArgumentException: Duplicate items in 'rowKeys'.
	at org.jfree.data.general.DatasetUtilities.createCategoryDataset(DatasetUtilities.java:434)
	at org.jfree.data.general.DatasetUtilities_ESTest.test06459(DatasetUtilities_ESTest.java:1210)
	at sun.reflect.NativeMethodAccessorImpl.invoke0(Native Method)
	at sun.reflect.NativeMethodAccessorImpl.invoke(NativeMethodAccessorImpl.java:62)
	at sun.reflect.DelegatingMethodAccessorImpl.invoke(DelegatingMethodAccessorImpl.java:43)
	at java.lang.reflect.Method.invoke(Method.java:498)
	at org.junit.runners.model.FrameworkMethod$1.runReflectiveCall(FrameworkMethod.java:47)
	at org.junit.internal.runners.model.ReflectiveCallable.run(ReflectiveCallable.java:12)
	at org.junit.runners.model.FrameworkMethod.invokeExplosively(FrameworkMethod.java:44)
	at org.junit.internal.runners.statements.InvokeMethod.evaluate(InvokeMethod.java:17)
	at org.junit.internal.runners.statements.FailOnTimeout$StatementThread.run(FailOnTimeout.java:74)
--- org.jfree.data.general.DatasetUtilities_ESTest::test02418
org.evosuite.runtime.mock.java.lang.MockIllegalArgumentException: Null 'dataset' argument.
	at org.jfree.data.general.DatasetUtilities.calculatePieDatasetTotal(DatasetUtilities.java:182)
	at org.jfree.data.general.DatasetUtilities_ESTest.test02418(DatasetUtilities_ESTest.java:418)
	at sun.reflect.NativeMethodAccessorImpl.invoke0(Native Method)
	at sun.reflect.NativeMethodAccessorImpl.invoke(NativeMethodAccessorImpl.java:62)
	at sun.reflect.DelegatingMethodAccessorImpl.invoke(DelegatingMethodAccessorImpl.java:43)
	at java.lang.reflect.Method.invoke(Method.java:498)
	at org.junit.runners.model.FrameworkMethod$1.runReflectiveCall(FrameworkMethod.java:47)
	at org.junit.internal.runners.model.ReflectiveCallable.run(ReflectiveCallable.java:12)
	at org.junit.runners.model.FrameworkMethod.invokeExplosively(FrameworkMethod.java:44)
	at org.junit.internal.runners.statements.InvokeMethod.evaluate(InvokeMethod.java:17)
	at org.junit.internal.runners.statements.FailOnTimeout$StatementThread.run(FailOnTimeout.java:74)
--- org.jfree.data.general.DatasetUtilities_ESTest::test133132
org.evosuite.runtime.mock.java.lang.MockIllegalArgumentException: The 'series' argument is out of bounds (-176).
	at org.jfree.data.time.TimeSeriesCollection.getSeries(TimeSeriesCollection.java:274)
	at org.jfree.data.time.TimeSeriesCollection.getSeriesKey(TimeSeriesCollection.java:311)
	at org.jfree.data.general.DatasetUtilities_ESTest.test133132(DatasetUtilities_ESTest.java:2383)
	at sun.reflect.NativeMethodAccessorImpl.invoke0(Native Method)
	at sun.reflect.NativeMethodAccessorImpl.invoke(NativeMethodAccessorImpl.java:62)
	at sun.reflect.DelegatingMethodAccessorImpl.invoke(DelegatingMethodAccessorImpl.java:43)
	at java.lang.reflect.Method.invoke(Method.java:498)
	at org.junit.runners.model.FrameworkMethod$1.runReflectiveCall(FrameworkMethod.java:47)
	at org.junit.internal.runners.model.ReflectiveCallable.run(ReflectiveCallable.java:12)
	at org.junit.runners.model.FrameworkMethod.invokeExplosively(FrameworkMethod.java:44)
	at org.junit.internal.runners.statements.InvokeMethod.evaluate(InvokeMethod.java:17)
	at org.junit.internal.runners.statements.FailOnTimeout$StatementThread.run(FailOnTimeout.java:74)
--- org.jfree.data.general.DatasetUtilities_ESTest::test129128
org.evosuite.runtime.mock.java.lang.MockIllegalArgumentException: Null 'dataset' argument.
	at org.jfree.data.general.DatasetUtilities.findMinimumRangeValue(DatasetUtilities.java:1693)
	at org.jfree.data.general.DatasetUtilities_ESTest.test129128(DatasetUtilities_ESTest.java:2349)
	at sun.reflect.NativeMethodAccessorImpl.invoke0(Native Method)
	at sun.reflect.NativeMethodAccessorImpl.invoke(NativeMethodAccessorImpl.java:62)
	at sun.reflect.DelegatingMethodAccessorImpl.invoke(DelegatingMethodAccessorImpl.java:43)
	at java.lang.reflect.Method.invoke(Method.java:498)
	at org.junit.runners.model.FrameworkMethod$1.runReflectiveCall(FrameworkMethod.java:47)
	at org.junit.internal.runners.model.ReflectiveCallable.run(ReflectiveCallable.java:12)
	at org.junit.runners.model.FrameworkMethod.invokeExplosively(FrameworkMethod.java:44)
	at org.junit.internal.runners.statements.InvokeMethod.evaluate(InvokeMethod.java:17)
	at org.junit.internal.runners.statements.FailOnTimeout$StatementThread.run(FailOnTimeout.java:74)
--- org.jfree.data.general.DatasetUtilities_ESTest::test06864
org.evosuite.runtime.mock.java.lang.MockIllegalArgumentException: Null 'dataset' argument.
	at org.jfree.data.general.DatasetUtilities.findStackedRangeBounds(DatasetUtilities.java:1880)
	at org.jfree.data.general.DatasetUtilities.findStackedRangeBounds(DatasetUtilities.java:1865)
	at org.jfree.data.general.DatasetUtilities_ESTest.test06864(DatasetUtilities_ESTest.java:1280)
	at sun.reflect.NativeMethodAccessorImpl.invoke0(Native Method)
	at sun.reflect.NativeMethodAccessorImpl.invoke(NativeMethodAccessorImpl.java:62)
	at sun.reflect.DelegatingMethodAccessorImpl.invoke(DelegatingMethodAccessorImpl.java:43)
	at java.lang.reflect.Method.invoke(Method.java:498)
	at org.junit.runners.model.FrameworkMethod$1.runReflectiveCall(FrameworkMethod.java:47)
	at org.junit.internal.runners.model.ReflectiveCallable.run(ReflectiveCallable.java:12)
	at org.junit.runners.model.FrameworkMethod.invokeExplosively(FrameworkMethod.java:44)
	at org.junit.internal.runners.statements.InvokeMethod.evaluate(InvokeMethod.java:17)
	at org.junit.internal.runners.statements.FailOnTimeout$StatementThread.run(FailOnTimeout.java:74)
--- org.jfree.data.general.DatasetUtilities_ESTest::test08885
org.evosuite.runtime.mock.java.lang.MockIllegalArgumentException: Null 'dataset' argument.
	at org.jfree.data.general.DatasetUtilities.findMinimumRangeValue(DatasetUtilities.java:1638)
	at org.jfree.data.general.DatasetUtilities_ESTest.test08885(DatasetUtilities_ESTest.java:1668)
	at sun.reflect.NativeMethodAccessorImpl.invoke0(Native Method)
	at sun.reflect.NativeMethodAccessorImpl.invoke(NativeMethodAccessorImpl.java:62)
	at sun.reflect.DelegatingMethodAccessorImpl.invoke(DelegatingMethodAccessorImpl.java:43)
	at java.lang.reflect.Method.invoke(Method.java:498)
	at org.junit.runners.model.FrameworkMethod$1.runReflectiveCall(FrameworkMethod.java:47)
	at org.junit.internal.runners.model.ReflectiveCallable.run(ReflectiveCallable.java:12)
	at org.junit.runners.model.FrameworkMethod.invokeExplosively(FrameworkMethod.java:44)
	at org.junit.internal.runners.statements.InvokeMethod.evaluate(InvokeMethod.java:17)
	at org.junit.internal.runners.statements.FailOnTimeout$StatementThread.run(FailOnTimeout.java:74)
--- org.jfree.data.general.DatasetUtilities_ESTest::test07674
org.evosuite.runtime.mock.java.lang.MockIllegalArgumentException: Null 'dataset' argument.
	at org.jfree.data.general.DatasetUtilities.calculatePieDatasetTotal(DatasetUtilities.java:182)
	at org.jfree.data.general.DatasetUtilities.createConsolidatedPieDataset(DatasetUtilities.java:311)
	at org.jfree.data.general.DatasetUtilities.createConsolidatedPieDataset(DatasetUtilities.java:288)
	at org.jfree.data.general.DatasetUtilities_ESTest.test07674(DatasetUtilities_ESTest.java:1485)
	at sun.reflect.NativeMethodAccessorImpl.invoke0(Native Method)
	at sun.reflect.NativeMethodAccessorImpl.invoke(NativeMethodAccessorImpl.java:62)
	at sun.reflect.DelegatingMethodAccessorImpl.invoke(DelegatingMethodAccessorImpl.java:43)
	at java.lang.reflect.Method.invoke(Method.java:498)
	at org.junit.runners.model.FrameworkMethod$1.runReflectiveCall(FrameworkMethod.java:47)
	at org.junit.internal.runners.model.ReflectiveCallable.run(ReflectiveCallable.java:12)
	at org.junit.runners.model.FrameworkMethod.invokeExplosively(FrameworkMethod.java:44)
	at org.junit.internal.runners.statements.InvokeMethod.evaluate(InvokeMethod.java:17)
	at org.junit.internal.runners.statements.FailOnTimeout$StatementThread.run(FailOnTimeout.java:74)
--- org.jfree.data.general.DatasetUtilities_ESTest::test0138
java.lang.NullPointerException
	at org.jfree.data.gantt.SlidingGanttCategoryDataset.getRowCount(SlidingGanttCategoryDataset.java:286)
	at org.jfree.data.general.DatasetUtilities.findMinimumRangeValue(DatasetUtilities.java:1649)
	at org.jfree.data.general.DatasetUtilities_ESTest.test0138(DatasetUtilities_ESTest.java:275)
	at sun.reflect.NativeMethodAccessorImpl.invoke0(Native Method)
	at sun.reflect.NativeMethodAccessorImpl.invoke(NativeMethodAccessorImpl.java:62)
	at sun.reflect.DelegatingMethodAccessorImpl.invoke(DelegatingMethodAccessorImpl.java:43)
	at java.lang.reflect.Method.invoke(Method.java:498)
	at org.junit.runners.model.FrameworkMethod$1.runReflectiveCall(FrameworkMethod.java:47)
	at org.junit.internal.runners.model.ReflectiveCallable.run(ReflectiveCallable.java:12)
	at org.junit.runners.model.FrameworkMethod.invokeExplosively(FrameworkMethod.java:44)
	at org.junit.internal.runners.statements.InvokeMethod.evaluate(InvokeMethod.java:17)
	at org.junit.internal.runners.statements.FailOnTimeout$StatementThread.run(FailOnTimeout.java:74)
--- org.jfree.data.general.DatasetUtilities_ESTest::test144143
java.lang.IndexOutOfBoundsException: Index: 2, Size: 0
	at java.util.ArrayList.rangeCheck(ArrayList.java:659)
	at java.util.ArrayList.get(ArrayList.java:435)
	at org.jfree.data.xy.DefaultXYDataset.getYValue(DefaultXYDataset.java:217)
	at org.jfree.data.xy.DefaultXYDataset.getY(DefaultXYDataset.java:239)
	at org.jfree.data.general.DatasetUtilities_ESTest.test144143(DatasetUtilities_ESTest.java:2694)
	at sun.reflect.NativeMethodAccessorImpl.invoke0(Native Method)
	at sun.reflect.NativeMethodAccessorImpl.invoke(NativeMethodAccessorImpl.java:62)
	at sun.reflect.DelegatingMethodAccessorImpl.invoke(DelegatingMethodAccessorImpl.java:43)
	at java.lang.reflect.Method.invoke(Method.java:498)
	at org.junit.runners.model.FrameworkMethod$1.runReflectiveCall(FrameworkMethod.java:47)
	at org.junit.internal.runners.model.ReflectiveCallable.run(ReflectiveCallable.java:12)
	at org.junit.runners.model.FrameworkMethod.invokeExplosively(FrameworkMethod.java:44)
	at org.junit.internal.runners.statements.InvokeMethod.evaluate(InvokeMethod.java:17)
	at org.junit.internal.runners.statements.FailOnTimeout$StatementThread.run(FailOnTimeout.java:74)
--- org.jfree.data.general.DatasetUtilities_ESTest::test08481
org.evosuite.runtime.mock.java.lang.MockIllegalArgumentException: Null 'visibleSeriesKeys' argument.
	at org.jfree.data.general.DatasetUtilities.iterateToFindDomainBounds(DatasetUtilities.java:1327)
	at org.jfree.data.general.DatasetUtilities.findDomainBounds(DatasetUtilities.java:709)
	at org.jfree.data.general.DatasetUtilities_ESTest.test08481(DatasetUtilities_ESTest.java:1594)
	at sun.reflect.NativeMethodAccessorImpl.invoke0(Native Method)
	at sun.reflect.NativeMethodAccessorImpl.invoke(NativeMethodAccessorImpl.java:62)
	at sun.reflect.DelegatingMethodAccessorImpl.invoke(DelegatingMethodAccessorImpl.java:43)
	at java.lang.reflect.Method.invoke(Method.java:498)
	at org.junit.runners.model.FrameworkMethod$1.runReflectiveCall(FrameworkMethod.java:47)
	at org.junit.internal.runners.model.ReflectiveCallable.run(ReflectiveCallable.java:12)
	at org.junit.runners.model.FrameworkMethod.invokeExplosively(FrameworkMethod.java:44)
	at org.junit.internal.runners.statements.InvokeMethod.evaluate(InvokeMethod.java:17)
	at org.junit.internal.runners.statements.FailOnTimeout$StatementThread.run(FailOnTimeout.java:74)
--- org.jfree.data.general.DatasetUtilities_ESTest::test183190
org.evosuite.runtime.mock.java.lang.MockIllegalArgumentException: The 'year' argument must be in range 1900 to 9999.
	at org.jfree.data.time.SpreadsheetDate.<init>(SpreadsheetDate.java:113)
	at org.jfree.data.time.SerialDate.createInstance(SerialDate.java:792)
	at org.jfree.data.time.Day.<init>(Day.java:124)
	at org.jfree.data.time.Hour.<init>(Hour.java:129)
	at org.jfree.data.general.DatasetUtilities_ESTest.test183190(DatasetUtilities_ESTest.java:3560)
	at sun.reflect.NativeMethodAccessorImpl.invoke0(Native Method)
	at sun.reflect.NativeMethodAccessorImpl.invoke(NativeMethodAccessorImpl.java:62)
	at sun.reflect.DelegatingMethodAccessorImpl.invoke(DelegatingMethodAccessorImpl.java:43)
	at java.lang.reflect.Method.invoke(Method.java:498)
	at org.junit.runners.model.FrameworkMethod$1.runReflectiveCall(FrameworkMethod.java:47)
	at org.junit.internal.runners.model.ReflectiveCallable.run(ReflectiveCallable.java:12)
	at org.junit.runners.model.FrameworkMethod.invokeExplosively(FrameworkMethod.java:44)
	at org.junit.internal.runners.statements.InvokeMethod.evaluate(InvokeMethod.java:17)
	at org.junit.internal.runners.statements.FailOnTimeout$StatementThread.run(FailOnTimeout.java:74)
--- org.jfree.data.general.DatasetUtilities_ESTest::test121120
org.evosuite.runtime.mock.java.lang.MockIllegalArgumentException: Null 'key' argument.
	at org.jfree.data.general.Series.<init>(Series.java:115)
	at org.jfree.data.general.Series.<init>(Series.java:104)
	at org.jfree.data.time.TimePeriodValues.<init>(TimePeriodValues.java:129)
	at org.jfree.data.time.TimePeriodValues.<init>(TimePeriodValues.java:114)
	at org.jfree.data.general.DatasetUtilities_ESTest.test121120(DatasetUtilities_ESTest.java:2235)
	at sun.reflect.NativeMethodAccessorImpl.invoke0(Native Method)
	at sun.reflect.NativeMethodAccessorImpl.invoke(NativeMethodAccessorImpl.java:62)
	at sun.reflect.DelegatingMethodAccessorImpl.invoke(DelegatingMethodAccessorImpl.java:43)
	at java.lang.reflect.Method.invoke(Method.java:498)
	at org.junit.runners.model.FrameworkMethod$1.runReflectiveCall(FrameworkMethod.java:47)
	at org.junit.internal.runners.model.ReflectiveCallable.run(ReflectiveCallable.java:12)
	at org.junit.runners.model.FrameworkMethod.invokeExplosively(FrameworkMethod.java:44)
	at org.junit.internal.runners.statements.InvokeMethod.evaluate(InvokeMethod.java:17)
	at org.junit.internal.runners.statements.FailOnTimeout$StatementThread.run(FailOnTimeout.java:74)
--- org.jfree.data.general.DatasetUtilities_ESTest::test0011
java.lang.NullPointerException
	at org.jfree.data.gantt.SlidingGanttCategoryDataset.lastCategoryIndex(SlidingGanttCategoryDataset.java:163)
	at org.jfree.data.gantt.SlidingGanttCategoryDataset.getColumnCount(SlidingGanttCategoryDataset.java:271)
	at org.jfree.data.category.CategoryToPieDataset.getItemCount(CategoryToPieDataset.java:152)
	at org.jfree.data.general.DatasetUtilities.createCategoryDataset(DatasetUtilities.java:487)
	at org.jfree.data.general.DatasetUtilities_ESTest.test0011(DatasetUtilities_ESTest.java:174)
	at sun.reflect.NativeMethodAccessorImpl.invoke0(Native Method)
	at sun.reflect.NativeMethodAccessorImpl.invoke(NativeMethodAccessorImpl.java:62)
	at sun.reflect.DelegatingMethodAccessorImpl.invoke(DelegatingMethodAccessorImpl.java:43)
	at java.lang.reflect.Method.invoke(Method.java:498)
	at org.junit.runners.model.FrameworkMethod$1.runReflectiveCall(FrameworkMethod.java:47)
	at org.junit.internal.runners.model.ReflectiveCallable.run(ReflectiveCallable.java:12)
	at org.junit.runners.model.FrameworkMethod.invokeExplosively(FrameworkMethod.java:44)
	at org.junit.internal.runners.statements.InvokeMethod.evaluate(InvokeMethod.java:17)
	at org.junit.internal.runners.statements.FailOnTimeout$StatementThread.run(FailOnTimeout.java:74)
