--- com.google.javascript.jscomp.TypeCheck_ESTest::test110157
org.evosuite.runtime.mock.java.lang.MockRuntimeException: INTERNAL COMPILER ERROR.
Please report this problem.
null
	at com.google.javascript.jscomp.Compiler.throwInternalError(Compiler.java:1765)
	at com.google.javascript.jscomp.NodeTraversal.throwUnexpectedException(NodeTraversal.java:230)
	at com.google.javascript.jscomp.NodeTraversal.traverse(NodeTraversal.java:252)
	at com.google.javascript.jscomp.NodeTraversal.traverse(NodeTraversal.java:422)
	at com.google.javascript.jscomp.TypeCheck_ESTest.test110157(TypeCheck_ESTest.java:2133)
	at sun.reflect.NativeMethodAccessorImpl.invoke0(Native Method)
	at sun.reflect.NativeMethodAccessorImpl.invoke(NativeMethodAccessorImpl.java:62)
	at sun.reflect.DelegatingMethodAccessorImpl.invoke(DelegatingMethodAccessorImpl.java:43)
	at java.lang.reflect.Method.invoke(Method.java:498)
	at org.junit.runners.model.FrameworkMethod$1.runReflectiveCall(FrameworkMethod.java:47)
	at org.junit.internal.runners.model.ReflectiveCallable.run(ReflectiveCallable.java:12)
	at org.junit.runners.model.FrameworkMethod.invokeExplosively(FrameworkMethod.java:44)
	at org.junit.internal.runners.statements.InvokeMethod.evaluate(InvokeMethod.java:17)
	at org.junit.internal.runners.statements.FailOnTimeout$StatementThread.run(FailOnTimeout.java:74)
Caused by: java.lang.NullPointerException
	at com.google.javascript.jscomp.TypeCheck.getJSType(TypeCheck.java:1811)
	at com.google.javascript.jscomp.TypeCheck.visit(TypeCheck.java:738)
	at com.google.javascript.jscomp.NodeTraversal.traverseBranch(NodeTraversal.java:464)
	at com.google.javascript.jscomp.NodeTraversal.traverse(NodeTraversal.java:249)
	... 11 more
--- com.google.javascript.jscomp.TypeCheck_ESTest::test097141
java.lang.NullPointerException
	at com.google.javascript.jscomp.TypeCheck.visitFunction(TypeCheck.java:1475)
	at com.google.javascript.jscomp.TypeCheck.visit(TypeCheck.java:746)
	at com.google.javascript.jscomp.TypeCheck_ESTest.test097141(TypeCheck_ESTest.java:1944)
	at sun.reflect.NativeMethodAccessorImpl.invoke0(Native Method)
	at sun.reflect.NativeMethodAccessorImpl.invoke(NativeMethodAccessorImpl.java:62)
	at sun.reflect.DelegatingMethodAccessorImpl.invoke(DelegatingMethodAccessorImpl.java:43)
	at java.lang.reflect.Method.invoke(Method.java:498)
	at org.junit.runners.model.FrameworkMethod$1.runReflectiveCall(FrameworkMethod.java:47)
	at org.junit.internal.runners.model.ReflectiveCallable.run(ReflectiveCallable.java:12)
	at org.junit.runners.model.FrameworkMethod.invokeExplosively(FrameworkMethod.java:44)
	at org.junit.internal.runners.statements.InvokeMethod.evaluate(InvokeMethod.java:17)
	at org.junit.internal.runners.statements.FailOnTimeout$StatementThread.run(FailOnTimeout.java:74)
--- com.google.javascript.jscomp.TypeCheck_ESTest::test132196
java.lang.NullPointerException
	at com.google.javascript.jscomp.NodeTraversal.report(NodeTraversal.java:610)
	at com.google.javascript.jscomp.TypeCheck.report(TypeCheck.java:419)
	at com.google.javascript.jscomp.TypeCheck.visit(TypeCheck.java:799)
	at com.google.javascript.jscomp.TypeCheck_ESTest.test132196(TypeCheck_ESTest.java:2634)
	at sun.reflect.NativeMethodAccessorImpl.invoke0(Native Method)
	at sun.reflect.NativeMethodAccessorImpl.invoke(NativeMethodAccessorImpl.java:62)
	at sun.reflect.DelegatingMethodAccessorImpl.invoke(DelegatingMethodAccessorImpl.java:43)
	at java.lang.reflect.Method.invoke(Method.java:498)
	at org.junit.runners.model.FrameworkMethod$1.runReflectiveCall(FrameworkMethod.java:47)
	at org.junit.internal.runners.model.ReflectiveCallable.run(ReflectiveCallable.java:12)
	at org.junit.runners.model.FrameworkMethod.invokeExplosively(FrameworkMethod.java:44)
	at org.junit.internal.runners.statements.InvokeMethod.evaluate(InvokeMethod.java:17)
	at org.junit.internal.runners.statements.FailOnTimeout$StatementThread.run(FailOnTimeout.java:74)
--- com.google.javascript.jscomp.TypeCheck_ESTest::test04256
java.lang.NullPointerException
	at com.google.javascript.jscomp.TypeCheck.visit(TypeCheck.java:493)
	at com.google.javascript.jscomp.TypeCheck_ESTest.test04256(TypeCheck_ESTest.java:804)
	at sun.reflect.NativeMethodAccessorImpl.invoke0(Native Method)
	at sun.reflect.NativeMethodAccessorImpl.invoke(NativeMethodAccessorImpl.java:62)
	at sun.reflect.DelegatingMethodAccessorImpl.invoke(DelegatingMethodAccessorImpl.java:43)
	at java.lang.reflect.Method.invoke(Method.java:498)
	at org.junit.runners.model.FrameworkMethod$1.runReflectiveCall(FrameworkMethod.java:47)
	at org.junit.internal.runners.model.ReflectiveCallable.run(ReflectiveCallable.java:12)
	at org.junit.runners.model.FrameworkMethod.invokeExplosively(FrameworkMethod.java:44)
	at org.junit.internal.runners.statements.InvokeMethod.evaluate(InvokeMethod.java:17)
	at org.junit.internal.runners.statements.FailOnTimeout$StatementThread.run(FailOnTimeout.java:74)
--- com.google.javascript.jscomp.TypeCheck_ESTest::test103150
java.lang.NullPointerException
	at com.google.javascript.jscomp.TypeCheck.getJSType(TypeCheck.java:1811)
	at com.google.javascript.jscomp.TypeCheck.visit(TypeCheck.java:730)
	at com.google.javascript.jscomp.TypeCheck_ESTest.test103150(TypeCheck_ESTest.java:2049)
	at sun.reflect.NativeMethodAccessorImpl.invoke0(Native Method)
	at sun.reflect.NativeMethodAccessorImpl.invoke(NativeMethodAccessorImpl.java:62)
	at sun.reflect.DelegatingMethodAccessorImpl.invoke(DelegatingMethodAccessorImpl.java:43)
	at java.lang.reflect.Method.invoke(Method.java:498)
	at org.junit.runners.model.FrameworkMethod$1.runReflectiveCall(FrameworkMethod.java:47)
	at org.junit.internal.runners.model.ReflectiveCallable.run(ReflectiveCallable.java:12)
	at org.junit.runners.model.FrameworkMethod.invokeExplosively(FrameworkMethod.java:44)
	at org.junit.internal.runners.statements.InvokeMethod.evaluate(InvokeMethod.java:17)
	at org.junit.internal.runners.statements.FailOnTimeout$StatementThread.run(FailOnTimeout.java:74)
--- com.google.javascript.jscomp.TypeCheck_ESTest::test05370
java.lang.NullPointerException
	at com.google.javascript.jscomp.TypeCheck.getNativeType(TypeCheck.java:1914)
	at com.google.javascript.jscomp.TypeCheck.ensureTyped(TypeCheck.java:1849)
	at com.google.javascript.jscomp.TypeCheck.visit(TypeCheck.java:800)
	at com.google.javascript.jscomp.TypeCheck_ESTest.test05370(TypeCheck_ESTest.java:990)
	at sun.reflect.NativeMethodAccessorImpl.invoke0(Native Method)
	at sun.reflect.NativeMethodAccessorImpl.invoke(NativeMethodAccessorImpl.java:62)
	at sun.reflect.DelegatingMethodAccessorImpl.invoke(DelegatingMethodAccessorImpl.java:43)
	at java.lang.reflect.Method.invoke(Method.java:498)
	at org.junit.runners.model.FrameworkMethod$1.runReflectiveCall(FrameworkMethod.java:47)
	at org.junit.internal.runners.model.ReflectiveCallable.run(ReflectiveCallable.java:12)
	at org.junit.runners.model.FrameworkMethod.invokeExplosively(FrameworkMethod.java:44)
	at org.junit.internal.runners.statements.InvokeMethod.evaluate(InvokeMethod.java:17)
	at org.junit.internal.runners.statements.FailOnTimeout$StatementThread.run(FailOnTimeout.java:74)
--- com.google.javascript.jscomp.TypeCheck_ESTest::test04964
java.lang.NullPointerException
	at com.google.javascript.jscomp.TypeCheck.getJSType(TypeCheck.java:1811)
	at com.google.javascript.jscomp.TypeCheck.visit(TypeCheck.java:672)
	at com.google.javascript.jscomp.TypeCheck_ESTest.test04964(TypeCheck_ESTest.java:908)
	at sun.reflect.NativeMethodAccessorImpl.invoke0(Native Method)
	at sun.reflect.NativeMethodAccessorImpl.invoke(NativeMethodAccessorImpl.java:62)
	at sun.reflect.DelegatingMethodAccessorImpl.invoke(DelegatingMethodAccessorImpl.java:43)
	at java.lang.reflect.Method.invoke(Method.java:498)
	at org.junit.runners.model.FrameworkMethod$1.runReflectiveCall(FrameworkMethod.java:47)
	at org.junit.internal.runners.model.ReflectiveCallable.run(ReflectiveCallable.java:12)
	at org.junit.runners.model.FrameworkMethod.invokeExplosively(FrameworkMethod.java:44)
	at org.junit.internal.runners.statements.InvokeMethod.evaluate(InvokeMethod.java:17)
	at org.junit.internal.runners.statements.FailOnTimeout$StatementThread.run(FailOnTimeout.java:74)
--- com.google.javascript.jscomp.TypeCheck_ESTest::test0000
org.evosuite.runtime.mock.java.lang.MockRuntimeException: INTERNAL COMPILER ERROR.
Please report this problem.
null
	at com.google.javascript.jscomp.Compiler.throwInternalError(Compiler.java:1765)
	at com.google.javascript.jscomp.NodeTraversal.throwUnexpectedException(NodeTraversal.java:230)
	at com.google.javascript.jscomp.NodeTraversal.traverse(NodeTraversal.java:252)
	at com.google.javascript.jscomp.NodeTraversal.traverse(NodeTraversal.java:422)
	at com.google.javascript.jscomp.TypeCheck_ESTest.test0000(TypeCheck_ESTest.java:52)
	at sun.reflect.NativeMethodAccessorImpl.invoke0(Native Method)
	at sun.reflect.NativeMethodAccessorImpl.invoke(NativeMethodAccessorImpl.java:62)
	at sun.reflect.DelegatingMethodAccessorImpl.invoke(DelegatingMethodAccessorImpl.java:43)
	at java.lang.reflect.Method.invoke(Method.java:498)
	at org.junit.runners.model.FrameworkMethod$1.runReflectiveCall(FrameworkMethod.java:47)
	at org.junit.internal.runners.model.ReflectiveCallable.run(ReflectiveCallable.java:12)
	at org.junit.runners.model.FrameworkMethod.invokeExplosively(FrameworkMethod.java:44)
	at org.junit.internal.runners.statements.InvokeMethod.evaluate(InvokeMethod.java:17)
	at org.junit.internal.runners.statements.FailOnTimeout$StatementThread.run(FailOnTimeout.java:74)
Caused by: java.lang.NullPointerException
	at com.google.javascript.jscomp.TypeCheck.getJSType(TypeCheck.java:1811)
	at com.google.javascript.jscomp.TypeCheck.visitGetElem(TypeCheck.java:1357)
	at com.google.javascript.jscomp.TypeCheck.visit(TypeCheck.java:539)
	at com.google.javascript.jscomp.NodeTraversal.traverseBranch(NodeTraversal.java:464)
	at com.google.javascript.jscomp.NodeTraversal.traverse(NodeTraversal.java:249)
	... 11 more
--- com.google.javascript.jscomp.TypeCheck_ESTest::test04054
org.evosuite.runtime.mock.java.lang.MockRuntimeException: INTERNAL COMPILER ERROR.
Please report this problem.
null
	at com.google.javascript.jscomp.Compiler.throwInternalError(Compiler.java:1765)
	at com.google.javascript.jscomp.NodeTraversal.throwUnexpectedException(NodeTraversal.java:230)
	at com.google.javascript.jscomp.NodeTraversal.traverse(NodeTraversal.java:252)
	at com.google.javascript.jscomp.NodeTraversal.traverse(NodeTraversal.java:422)
	at com.google.javascript.jscomp.TypeCheck_ESTest.test04054(TypeCheck_ESTest.java:777)
	at sun.reflect.NativeMethodAccessorImpl.invoke0(Native Method)
	at sun.reflect.NativeMethodAccessorImpl.invoke(NativeMethodAccessorImpl.java:62)
	at sun.reflect.DelegatingMethodAccessorImpl.invoke(DelegatingMethodAccessorImpl.java:43)
	at java.lang.reflect.Method.invoke(Method.java:498)
	at org.junit.runners.model.FrameworkMethod$1.runReflectiveCall(FrameworkMethod.java:47)
	at org.junit.internal.runners.model.ReflectiveCallable.run(ReflectiveCallable.java:12)
	at org.junit.runners.model.FrameworkMethod.invokeExplosively(FrameworkMethod.java:44)
	at org.junit.internal.runners.statements.InvokeMethod.evaluate(InvokeMethod.java:17)
	at org.junit.internal.runners.statements.FailOnTimeout$StatementThread.run(FailOnTimeout.java:74)
Caused by: java.lang.NullPointerException
	at com.google.javascript.jscomp.NodeUtil.isExpressionNode(NodeUtil.java:1424)
	at com.google.javascript.jscomp.TypeCheck.visit(TypeCheck.java:558)
	at com.google.javascript.jscomp.NodeTraversal.traverseBranch(NodeTraversal.java:464)
	at com.google.javascript.jscomp.NodeTraversal.traverse(NodeTraversal.java:249)
	... 11 more
--- com.google.javascript.jscomp.TypeCheck_ESTest::test087128
org.evosuite.runtime.mock.java.lang.MockRuntimeException: INTERNAL COMPILER ERROR.
Please report this problem.
null
	at com.google.javascript.jscomp.Compiler.throwInternalError(Compiler.java:1765)
	at com.google.javascript.jscomp.NodeTraversal.throwUnexpectedException(NodeTraversal.java:230)
	at com.google.javascript.jscomp.NodeTraversal.traverse(NodeTraversal.java:252)
	at com.google.javascript.jscomp.NodeTraversal.traverse(NodeTraversal.java:422)
	at com.google.javascript.jscomp.TypeCheck_ESTest.test087128(TypeCheck_ESTest.java:1778)
	at sun.reflect.NativeMethodAccessorImpl.invoke0(Native Method)
	at sun.reflect.NativeMethodAccessorImpl.invoke(NativeMethodAccessorImpl.java:62)
	at sun.reflect.DelegatingMethodAccessorImpl.invoke(DelegatingMethodAccessorImpl.java:43)
	at java.lang.reflect.Method.invoke(Method.java:498)
	at org.junit.runners.model.FrameworkMethod$1.runReflectiveCall(FrameworkMethod.java:47)
	at org.junit.internal.runners.model.ReflectiveCallable.run(ReflectiveCallable.java:12)
	at org.junit.runners.model.FrameworkMethod.invokeExplosively(FrameworkMethod.java:44)
	at org.junit.internal.runners.statements.InvokeMethod.evaluate(InvokeMethod.java:17)
	at org.junit.internal.runners.statements.FailOnTimeout$StatementThread.run(FailOnTimeout.java:74)
Caused by: java.lang.NullPointerException
	at com.google.javascript.jscomp.TypeCheck.getJSType(TypeCheck.java:1811)
	at com.google.javascript.jscomp.TypeCheck.visitBinaryOperator(TypeCheck.java:1687)
	at com.google.javascript.jscomp.TypeCheck.visit(TypeCheck.java:719)
	at com.google.javascript.jscomp.NodeTraversal.traverseBranch(NodeTraversal.java:464)
	at com.google.javascript.jscomp.NodeTraversal.traverse(NodeTraversal.java:249)
	... 11 more
--- com.google.javascript.jscomp.TypeCheck_ESTest::test139207
org.evosuite.runtime.mock.java.lang.MockRuntimeException: INTERNAL COMPILER ERROR.
Please report this problem.
151
	at com.google.javascript.jscomp.Compiler.throwInternalError(Compiler.java:1765)
	at com.google.javascript.jscomp.NodeTraversal.throwUnexpectedException(NodeTraversal.java:230)
	at com.google.javascript.jscomp.NodeTraversal.traverse(NodeTraversal.java:252)
	at com.google.javascript.jscomp.NodeTraversal.traverse(NodeTraversal.java:422)
	at com.google.javascript.jscomp.TypeCheck_ESTest.test139207(TypeCheck_ESTest.java:2785)
	at sun.reflect.NativeMethodAccessorImpl.invoke0(Native Method)
	at sun.reflect.NativeMethodAccessorImpl.invoke(NativeMethodAccessorImpl.java:62)
	at sun.reflect.DelegatingMethodAccessorImpl.invoke(DelegatingMethodAccessorImpl.java:43)
	at java.lang.reflect.Method.invoke(Method.java:498)
	at org.junit.runners.model.FrameworkMethod$1.runReflectiveCall(FrameworkMethod.java:47)
	at org.junit.internal.runners.model.ReflectiveCallable.run(ReflectiveCallable.java:12)
	at org.junit.runners.model.FrameworkMethod.invokeExplosively(FrameworkMethod.java:44)
	at org.junit.internal.runners.statements.InvokeMethod.evaluate(InvokeMethod.java:17)
	at org.junit.internal.runners.statements.FailOnTimeout$StatementThread.run(FailOnTimeout.java:74)
Caused by: org.evosuite.runtime.mock.java.lang.MockIllegalStateException: 151
	at com.google.javascript.rhino.Token.name(Token.java:439)
	at com.google.javascript.jscomp.TypeCheck.visit(TypeCheck.java:799)
	at com.google.javascript.jscomp.NodeTraversal.traverseBranch(NodeTraversal.java:464)
	at com.google.javascript.jscomp.NodeTraversal.traverse(NodeTraversal.java:249)
	... 11 more
--- com.google.javascript.jscomp.TypeCheck_ESTest::test156227
java.lang.UnsupportedOperationException: VAR is not a string node
	at com.google.javascript.rhino.Node.getString(Node.java:897)
	at com.google.javascript.jscomp.TypeCheck.visitVar(TypeCheck.java:1376)
	at com.google.javascript.jscomp.TypeCheck.visit(TypeCheck.java:547)
	at com.google.javascript.jscomp.TypeCheck_ESTest.test156227(TypeCheck_ESTest.java:3065)
	at sun.reflect.NativeMethodAccessorImpl.invoke0(Native Method)
	at sun.reflect.NativeMethodAccessorImpl.invoke(NativeMethodAccessorImpl.java:62)
	at sun.reflect.DelegatingMethodAccessorImpl.invoke(DelegatingMethodAccessorImpl.java:43)
	at java.lang.reflect.Method.invoke(Method.java:498)
	at org.junit.runners.model.FrameworkMethod$1.runReflectiveCall(FrameworkMethod.java:47)
	at org.junit.internal.runners.model.ReflectiveCallable.run(ReflectiveCallable.java:12)
	at org.junit.runners.model.FrameworkMethod.invokeExplosively(FrameworkMethod.java:44)
	at org.junit.internal.runners.statements.InvokeMethod.evaluate(InvokeMethod.java:17)
	at org.junit.internal.runners.statements.FailOnTimeout$StatementThread.run(FailOnTimeout.java:74)
--- com.google.javascript.jscomp.TypeCheck_ESTest::test0022
org.evosuite.runtime.mock.java.lang.MockIllegalStateException
	at com.google.common.base.Preconditions.checkState(Preconditions.java:129)
	at com.google.javascript.jscomp.TypeCheck.process(TypeCheck.java:351)
	at com.google.javascript.jscomp.TypeCheck_ESTest.test0022(TypeCheck_ESTest.java:81)
	at sun.reflect.NativeMethodAccessorImpl.invoke0(Native Method)
	at sun.reflect.NativeMethodAccessorImpl.invoke(NativeMethodAccessorImpl.java:62)
	at sun.reflect.DelegatingMethodAccessorImpl.invoke(DelegatingMethodAccessorImpl.java:43)
	at java.lang.reflect.Method.invoke(Method.java:498)
	at org.junit.runners.model.FrameworkMethod$1.runReflectiveCall(FrameworkMethod.java:47)
	at org.junit.internal.runners.model.ReflectiveCallable.run(ReflectiveCallable.java:12)
	at org.junit.runners.model.FrameworkMethod.invokeExplosively(FrameworkMethod.java:44)
	at org.junit.internal.runners.statements.InvokeMethod.evaluate(InvokeMethod.java:17)
	at org.junit.internal.runners.statements.FailOnTimeout$StatementThread.run(FailOnTimeout.java:74)
--- com.google.javascript.jscomp.TypeCheck_ESTest::test03547
org.evosuite.runtime.mock.java.lang.MockRuntimeException: INTERNAL COMPILER ERROR.
Please report this problem.
null
	at com.google.javascript.jscomp.Compiler.throwInternalError(Compiler.java:1765)
	at com.google.javascript.jscomp.NodeTraversal.throwUnexpectedException(NodeTraversal.java:230)
	at com.google.javascript.jscomp.NodeTraversal.traverse(NodeTraversal.java:252)
	at com.google.javascript.jscomp.NodeTraversal.traverse(NodeTraversal.java:422)
	at com.google.javascript.jscomp.TypeCheck_ESTest.test03547(TypeCheck_ESTest.java:683)
	at sun.reflect.NativeMethodAccessorImpl.invoke0(Native Method)
	at sun.reflect.NativeMethodAccessorImpl.invoke(NativeMethodAccessorImpl.java:62)
	at sun.reflect.DelegatingMethodAccessorImpl.invoke(DelegatingMethodAccessorImpl.java:43)
	at java.lang.reflect.Method.invoke(Method.java:498)
	at org.junit.runners.model.FrameworkMethod$1.runReflectiveCall(FrameworkMethod.java:47)
	at org.junit.internal.runners.model.ReflectiveCallable.run(ReflectiveCallable.java:12)
	at org.junit.runners.model.FrameworkMethod.invokeExplosively(FrameworkMethod.java:44)
	at org.junit.internal.runners.statements.InvokeMethod.evaluate(InvokeMethod.java:17)
	at org.junit.internal.runners.statements.FailOnTimeout$StatementThread.run(FailOnTimeout.java:74)
Caused by: java.lang.NullPointerException
	at com.google.javascript.jscomp.TypeCheck.getJSType(TypeCheck.java:1811)
	at com.google.javascript.jscomp.TypeCheck.visit(TypeCheck.java:598)
	at com.google.javascript.jscomp.NodeTraversal.traverseBranch(NodeTraversal.java:464)
	at com.google.javascript.jscomp.NodeTraversal.traverse(NodeTraversal.java:249)
	... 11 more
--- com.google.javascript.jscomp.TypeCheck_ESTest::test155226
java.lang.NullPointerException
	at com.google.javascript.jscomp.TypeCheck.isPropertyTest(TypeCheck.java:1321)
	at com.google.javascript.jscomp.TypeCheck.checkPropertyAccess(TypeCheck.java:1299)
	at com.google.javascript.jscomp.TypeCheck.visitGetProp(TypeCheck.java:1282)
	at com.google.javascript.jscomp.TypeCheck.visit(TypeCheck.java:533)
	at com.google.javascript.jscomp.TypeCheck_ESTest.test155226(TypeCheck_ESTest.java:3051)
	at sun.reflect.NativeMethodAccessorImpl.invoke0(Native Method)
	at sun.reflect.NativeMethodAccessorImpl.invoke(NativeMethodAccessorImpl.java:62)
	at sun.reflect.DelegatingMethodAccessorImpl.invoke(DelegatingMethodAccessorImpl.java:43)
	at java.lang.reflect.Method.invoke(Method.java:498)
	at org.junit.runners.model.FrameworkMethod$1.runReflectiveCall(FrameworkMethod.java:47)
	at org.junit.internal.runners.model.ReflectiveCallable.run(ReflectiveCallable.java:12)
	at org.junit.runners.model.FrameworkMethod.invokeExplosively(FrameworkMethod.java:44)
	at org.junit.internal.runners.statements.InvokeMethod.evaluate(InvokeMethod.java:17)
	at org.junit.internal.runners.statements.FailOnTimeout$StatementThread.run(FailOnTimeout.java:74)
--- com.google.javascript.jscomp.TypeCheck_ESTest::test01925
org.evosuite.runtime.mock.java.lang.MockRuntimeException: INTERNAL COMPILER ERROR.
Please report this problem.
null
	at com.google.javascript.jscomp.Compiler.throwInternalError(Compiler.java:1765)
	at com.google.javascript.jscomp.NodeTraversal.throwUnexpectedException(NodeTraversal.java:230)
	at com.google.javascript.jscomp.NodeTraversal.traverse(NodeTraversal.java:252)
	at com.google.javascript.jscomp.NodeTraversal.traverse(NodeTraversal.java:422)
	at com.google.javascript.jscomp.TypeCheck_ESTest.test01925(TypeCheck_ESTest.java:388)
	at sun.reflect.NativeMethodAccessorImpl.invoke0(Native Method)
	at sun.reflect.NativeMethodAccessorImpl.invoke(NativeMethodAccessorImpl.java:62)
	at sun.reflect.DelegatingMethodAccessorImpl.invoke(DelegatingMethodAccessorImpl.java:43)
	at java.lang.reflect.Method.invoke(Method.java:498)
	at org.junit.runners.model.FrameworkMethod$1.runReflectiveCall(FrameworkMethod.java:47)
	at org.junit.internal.runners.model.ReflectiveCallable.run(ReflectiveCallable.java:12)
	at org.junit.runners.model.FrameworkMethod.invokeExplosively(FrameworkMethod.java:44)
	at org.junit.internal.runners.statements.InvokeMethod.evaluate(InvokeMethod.java:17)
	at org.junit.internal.runners.statements.FailOnTimeout$StatementThread.run(FailOnTimeout.java:74)
Caused by: java.lang.NullPointerException
	at com.google.javascript.jscomp.TypeCheck.getJSType(TypeCheck.java:1811)
	at com.google.javascript.jscomp.TypeCheck.visit(TypeCheck.java:604)
	at com.google.javascript.jscomp.NodeTraversal.traverseBranch(NodeTraversal.java:464)
	at com.google.javascript.jscomp.NodeTraversal.traverse(NodeTraversal.java:249)
	... 11 more
--- com.google.javascript.jscomp.TypeCheck_ESTest::test0055
org.evosuite.runtime.mock.java.lang.MockIllegalStateException
	at com.google.common.base.Preconditions.checkState(Preconditions.java:129)
	at com.google.javascript.jscomp.TypeCheck.processForTesting(TypeCheck.java:363)
	at com.google.javascript.jscomp.TypeCheck_ESTest.test0055(TypeCheck_ESTest.java:123)
	at sun.reflect.NativeMethodAccessorImpl.invoke0(Native Method)
	at sun.reflect.NativeMethodAccessorImpl.invoke(NativeMethodAccessorImpl.java:62)
	at sun.reflect.DelegatingMethodAccessorImpl.invoke(DelegatingMethodAccessorImpl.java:43)
	at java.lang.reflect.Method.invoke(Method.java:498)
	at org.junit.runners.model.FrameworkMethod$1.runReflectiveCall(FrameworkMethod.java:47)
	at org.junit.internal.runners.model.ReflectiveCallable.run(ReflectiveCallable.java:12)
	at org.junit.runners.model.FrameworkMethod.invokeExplosively(FrameworkMethod.java:44)
	at org.junit.internal.runners.statements.InvokeMethod.evaluate(InvokeMethod.java:17)
	at org.junit.internal.runners.statements.FailOnTimeout$StatementThread.run(FailOnTimeout.java:74)
--- com.google.javascript.jscomp.TypeCheck_ESTest::test01010
org.evosuite.runtime.mock.java.lang.MockRuntimeException: INTERNAL COMPILER ERROR.
Please report this problem.
null
	at com.google.javascript.jscomp.Compiler.throwInternalError(Compiler.java:1765)
	at com.google.javascript.jscomp.NodeTraversal.throwUnexpectedException(NodeTraversal.java:230)
	at com.google.javascript.jscomp.NodeTraversal.traverse(NodeTraversal.java:252)
	at com.google.javascript.jscomp.NodeTraversal.traverse(NodeTraversal.java:422)
	at com.google.javascript.jscomp.TypeCheck_ESTest.test01010(TypeCheck_ESTest.java:184)
	at sun.reflect.NativeMethodAccessorImpl.invoke0(Native Method)
	at sun.reflect.NativeMethodAccessorImpl.invoke(NativeMethodAccessorImpl.java:62)
	at sun.reflect.DelegatingMethodAccessorImpl.invoke(DelegatingMethodAccessorImpl.java:43)
	at java.lang.reflect.Method.invoke(Method.java:498)
	at org.junit.runners.model.FrameworkMethod$1.runReflectiveCall(FrameworkMethod.java:47)
	at org.junit.internal.runners.model.ReflectiveCallable.run(ReflectiveCallable.java:12)
	at org.junit.runners.model.FrameworkMethod.invokeExplosively(FrameworkMethod.java:44)
	at org.junit.internal.runners.statements.InvokeMethod.evaluate(InvokeMethod.java:17)
	at org.junit.internal.runners.statements.FailOnTimeout$StatementThread.run(FailOnTimeout.java:74)
Caused by: java.lang.NullPointerException
	at com.google.javascript.jscomp.SyntacticScopeCreator.scanRoot(SyntacticScopeCreator.java:87)
	at com.google.javascript.jscomp.SyntacticScopeCreator.createScope(SyntacticScopeCreator.java:74)
	at com.google.javascript.jscomp.NodeTraversal.getScope(NodeTraversal.java:563)
	at com.google.javascript.jscomp.TypeCheck.shouldTraverse(TypeCheck.java:430)
	at com.google.javascript.jscomp.NodeTraversal.traverseBranch(NodeTraversal.java:445)
	at com.google.javascript.jscomp.NodeTraversal.traverse(NodeTraversal.java:249)
	... 11 more
--- com.google.javascript.jscomp.TypeCheck_ESTest::test06387
org.evosuite.runtime.mock.java.lang.MockRuntimeException: INTERNAL COMPILER ERROR.
Please report this problem.
null
	at com.google.javascript.jscomp.Compiler.throwInternalError(Compiler.java:1765)
	at com.google.javascript.jscomp.NodeTraversal.throwUnexpectedException(NodeTraversal.java:230)
	at com.google.javascript.jscomp.NodeTraversal.traverse(NodeTraversal.java:252)
	at com.google.javascript.jscomp.NodeTraversal.traverse(NodeTraversal.java:422)
	at com.google.javascript.jscomp.TypeCheck_ESTest.test06387(TypeCheck_ESTest.java:1214)
	at sun.reflect.NativeMethodAccessorImpl.invoke0(Native Method)
	at sun.reflect.NativeMethodAccessorImpl.invoke(NativeMethodAccessorImpl.java:62)
	at sun.reflect.DelegatingMethodAccessorImpl.invoke(DelegatingMethodAccessorImpl.java:43)
	at java.lang.reflect.Method.invoke(Method.java:498)
	at org.junit.runners.model.FrameworkMethod$1.runReflectiveCall(FrameworkMethod.java:47)
	at org.junit.internal.runners.model.ReflectiveCallable.run(ReflectiveCallable.java:12)
	at org.junit.runners.model.FrameworkMethod.invokeExplosively(FrameworkMethod.java:44)
	at org.junit.internal.runners.statements.InvokeMethod.evaluate(InvokeMethod.java:17)
	at org.junit.internal.runners.statements.FailOnTimeout$StatementThread.run(FailOnTimeout.java:74)
Caused by: java.lang.NullPointerException
	at com.google.javascript.jscomp.TypeCheck.getJSType(TypeCheck.java:1811)
	at com.google.javascript.jscomp.TypeCheck.visit(TypeCheck.java:501)
	at com.google.javascript.jscomp.NodeTraversal.traverseBranch(NodeTraversal.java:464)
	at com.google.javascript.jscomp.NodeTraversal.traverse(NodeTraversal.java:249)
	... 11 more
--- com.google.javascript.jscomp.TypeCheck_ESTest::test0044
org.evosuite.runtime.mock.java.lang.MockIllegalStateException
	at com.google.common.base.Preconditions.checkState(Preconditions.java:129)
	at com.google.javascript.jscomp.TypeCheck.process(TypeCheck.java:352)
	at com.google.javascript.jscomp.TypeCheck_ESTest.test0044(TypeCheck_ESTest.java:109)
	at sun.reflect.NativeMethodAccessorImpl.invoke0(Native Method)
	at sun.reflect.NativeMethodAccessorImpl.invoke(NativeMethodAccessorImpl.java:62)
	at sun.reflect.DelegatingMethodAccessorImpl.invoke(DelegatingMethodAccessorImpl.java:43)
	at java.lang.reflect.Method.invoke(Method.java:498)
	at org.junit.runners.model.FrameworkMethod$1.runReflectiveCall(FrameworkMethod.java:47)
	at org.junit.internal.runners.model.ReflectiveCallable.run(ReflectiveCallable.java:12)
	at org.junit.runners.model.FrameworkMethod.invokeExplosively(FrameworkMethod.java:44)
	at org.junit.internal.runners.statements.InvokeMethod.evaluate(InvokeMethod.java:17)
	at org.junit.internal.runners.statements.FailOnTimeout$StatementThread.run(FailOnTimeout.java:74)
--- com.google.javascript.jscomp.TypeCheck_ESTest::test05065
java.lang.NullPointerException
	at com.google.javascript.jscomp.TypeCheck.getJSType(TypeCheck.java:1811)
	at com.google.javascript.jscomp.TypeCheck.visit(TypeCheck.java:682)
	at com.google.javascript.jscomp.TypeCheck_ESTest.test05065(TypeCheck_ESTest.java:921)
	at sun.reflect.NativeMethodAccessorImpl.invoke0(Native Method)
	at sun.reflect.NativeMethodAccessorImpl.invoke(NativeMethodAccessorImpl.java:62)
	at sun.reflect.DelegatingMethodAccessorImpl.invoke(DelegatingMethodAccessorImpl.java:43)
	at java.lang.reflect.Method.invoke(Method.java:498)
	at org.junit.runners.model.FrameworkMethod$1.runReflectiveCall(FrameworkMethod.java:47)
	at org.junit.internal.runners.model.ReflectiveCallable.run(ReflectiveCallable.java:12)
	at org.junit.runners.model.FrameworkMethod.invokeExplosively(FrameworkMethod.java:44)
	at org.junit.internal.runners.statements.InvokeMethod.evaluate(InvokeMethod.java:17)
	at org.junit.internal.runners.statements.FailOnTimeout$StatementThread.run(FailOnTimeout.java:74)
--- com.google.javascript.jscomp.TypeCheck_ESTest::test0077
org.evosuite.runtime.mock.java.lang.MockIllegalStateException
	at com.google.common.base.Preconditions.checkState(Preconditions.java:129)
	at com.google.javascript.jscomp.TypeCheck.processForTesting(TypeCheck.java:366)
	at com.google.javascript.jscomp.TypeCheck_ESTest.test0077(TypeCheck_ESTest.java:148)
	at sun.reflect.NativeMethodAccessorImpl.invoke0(Native Method)
	at sun.reflect.NativeMethodAccessorImpl.invoke(NativeMethodAccessorImpl.java:62)
	at sun.reflect.DelegatingMethodAccessorImpl.invoke(DelegatingMethodAccessorImpl.java:43)
	at java.lang.reflect.Method.invoke(Method.java:498)
	at org.junit.runners.model.FrameworkMethod$1.runReflectiveCall(FrameworkMethod.java:47)
	at org.junit.internal.runners.model.ReflectiveCallable.run(ReflectiveCallable.java:12)
	at org.junit.runners.model.FrameworkMethod.invokeExplosively(FrameworkMethod.java:44)
	at org.junit.internal.runners.statements.InvokeMethod.evaluate(InvokeMethod.java:17)
	at org.junit.internal.runners.statements.FailOnTimeout$StatementThread.run(FailOnTimeout.java:74)
--- com.google.javascript.jscomp.TypeCheck_ESTest::test083123
java.lang.NullPointerException
	at com.google.javascript.jscomp.TypeCheck.getJSType(TypeCheck.java:1811)
	at com.google.javascript.jscomp.TypeCheck.visit(TypeCheck.java:484)
	at com.google.javascript.jscomp.TypeCheck_ESTest.test083123(TypeCheck_ESTest.java:1713)
	at sun.reflect.NativeMethodAccessorImpl.invoke0(Native Method)
	at sun.reflect.NativeMethodAccessorImpl.invoke(NativeMethodAccessorImpl.java:62)
	at sun.reflect.DelegatingMethodAccessorImpl.invoke(DelegatingMethodAccessorImpl.java:43)
	at java.lang.reflect.Method.invoke(Method.java:498)
	at org.junit.runners.model.FrameworkMethod$1.runReflectiveCall(FrameworkMethod.java:47)
	at org.junit.internal.runners.model.ReflectiveCallable.run(ReflectiveCallable.java:12)
	at org.junit.runners.model.FrameworkMethod.invokeExplosively(FrameworkMethod.java:44)
	at org.junit.internal.runners.statements.InvokeMethod.evaluate(InvokeMethod.java:17)
	at org.junit.internal.runners.statements.FailOnTimeout$StatementThread.run(FailOnTimeout.java:74)
--- com.google.javascript.jscomp.TypeCheck_ESTest::test02329
org.evosuite.runtime.mock.java.lang.MockRuntimeException: INTERNAL COMPILER ERROR.
Please report this problem.
null
	at com.google.javascript.jscomp.Compiler.throwInternalError(Compiler.java:1765)
	at com.google.javascript.jscomp.NodeTraversal.throwUnexpectedException(NodeTraversal.java:230)
	at com.google.javascript.jscomp.NodeTraversal.traverse(NodeTraversal.java:252)
	at com.google.javascript.jscomp.NodeTraversal.traverse(NodeTraversal.java:422)
	at com.google.javascript.jscomp.TypeCheck_ESTest.test02329(TypeCheck_ESTest.java:438)
	at sun.reflect.NativeMethodAccessorImpl.invoke0(Native Method)
	at sun.reflect.NativeMethodAccessorImpl.invoke(NativeMethodAccessorImpl.java:62)
	at sun.reflect.DelegatingMethodAccessorImpl.invoke(DelegatingMethodAccessorImpl.java:43)
	at java.lang.reflect.Method.invoke(Method.java:498)
	at org.junit.runners.model.FrameworkMethod$1.runReflectiveCall(FrameworkMethod.java:47)
	at org.junit.internal.runners.model.ReflectiveCallable.run(ReflectiveCallable.java:12)
	at org.junit.runners.model.FrameworkMethod.invokeExplosively(FrameworkMethod.java:44)
	at org.junit.internal.runners.statements.InvokeMethod.evaluate(InvokeMethod.java:17)
	at org.junit.internal.runners.statements.FailOnTimeout$StatementThread.run(FailOnTimeout.java:74)
Caused by: java.lang.NullPointerException
	at com.google.javascript.jscomp.TypeCheck.getJSType(TypeCheck.java:1811)
	at com.google.javascript.jscomp.TypeCheck.visit(TypeCheck.java:642)
	at com.google.javascript.jscomp.NodeTraversal.traverseBranch(NodeTraversal.java:464)
	at com.google.javascript.jscomp.NodeTraversal.traverse(NodeTraversal.java:249)
	... 11 more
--- com.google.javascript.jscomp.TypeCheck_ESTest::test094137
java.lang.NullPointerException
	at com.google.javascript.jscomp.TypeCheck.getJSType(TypeCheck.java:1811)
	at com.google.javascript.jscomp.TypeCheck.visit(TypeCheck.java:569)
	at com.google.javascript.jscomp.TypeCheck_ESTest.test094137(TypeCheck_ESTest.java:1895)
	at sun.reflect.NativeMethodAccessorImpl.invoke0(Native Method)
	at sun.reflect.NativeMethodAccessorImpl.invoke(NativeMethodAccessorImpl.java:62)
	at sun.reflect.DelegatingMethodAccessorImpl.invoke(DelegatingMethodAccessorImpl.java:43)
	at java.lang.reflect.Method.invoke(Method.java:498)
	at org.junit.runners.model.FrameworkMethod$1.runReflectiveCall(FrameworkMethod.java:47)
	at org.junit.internal.runners.model.ReflectiveCallable.run(ReflectiveCallable.java:12)
	at org.junit.runners.model.FrameworkMethod.invokeExplosively(FrameworkMethod.java:44)
	at org.junit.internal.runners.statements.InvokeMethod.evaluate(InvokeMethod.java:17)
	at org.junit.internal.runners.statements.FailOnTimeout$StatementThread.run(FailOnTimeout.java:74)
--- com.google.javascript.jscomp.TypeCheck_ESTest::test088129
java.lang.NullPointerException
	at com.google.javascript.jscomp.TypeCheck.getJSType(TypeCheck.java:1811)
	at com.google.javascript.jscomp.TypeCheck.visitBinaryOperator(TypeCheck.java:1687)
	at com.google.javascript.jscomp.TypeCheck.visit(TypeCheck.java:719)
	at com.google.javascript.jscomp.TypeCheck_ESTest.test088129(TypeCheck_ESTest.java:1791)
	at sun.reflect.NativeMethodAccessorImpl.invoke0(Native Method)
	at sun.reflect.NativeMethodAccessorImpl.invoke(NativeMethodAccessorImpl.java:62)
	at sun.reflect.DelegatingMethodAccessorImpl.invoke(DelegatingMethodAccessorImpl.java:43)
	at java.lang.reflect.Method.invoke(Method.java:498)
	at org.junit.runners.model.FrameworkMethod$1.runReflectiveCall(FrameworkMethod.java:47)
	at org.junit.internal.runners.model.ReflectiveCallable.run(ReflectiveCallable.java:12)
	at org.junit.runners.model.FrameworkMethod.invokeExplosively(FrameworkMethod.java:44)
	at org.junit.internal.runners.statements.InvokeMethod.evaluate(InvokeMethod.java:17)
	at org.junit.internal.runners.statements.FailOnTimeout$StatementThread.run(FailOnTimeout.java:74)
--- com.google.javascript.jscomp.TypeCheck_ESTest::test0066
org.evosuite.runtime.mock.java.lang.MockIllegalStateException
	at com.google.common.base.Preconditions.checkState(Preconditions.java:129)
	at com.google.javascript.jscomp.TypeCheck.processForTesting(TypeCheck.java:364)
	at com.google.javascript.jscomp.TypeCheck_ESTest.test0066(TypeCheck_ESTest.java:138)
	at sun.reflect.NativeMethodAccessorImpl.invoke0(Native Method)
	at sun.reflect.NativeMethodAccessorImpl.invoke(NativeMethodAccessorImpl.java:62)
	at sun.reflect.DelegatingMethodAccessorImpl.invoke(DelegatingMethodAccessorImpl.java:43)
	at java.lang.reflect.Method.invoke(Method.java:498)
	at org.junit.runners.model.FrameworkMethod$1.runReflectiveCall(FrameworkMethod.java:47)
	at org.junit.internal.runners.model.ReflectiveCallable.run(ReflectiveCallable.java:12)
	at org.junit.runners.model.FrameworkMethod.invokeExplosively(FrameworkMethod.java:44)
	at org.junit.internal.runners.statements.InvokeMethod.evaluate(InvokeMethod.java:17)
	at org.junit.internal.runners.statements.FailOnTimeout$StatementThread.run(FailOnTimeout.java:74)
--- com.google.javascript.jscomp.TypeCheck_ESTest::test143213
java.lang.NullPointerException
	at com.google.javascript.jscomp.TypeCheck.getJSType(TypeCheck.java:1811)
	at com.google.javascript.jscomp.TypeCheck.visit(TypeCheck.java:477)
	at com.google.javascript.jscomp.TypeCheck_ESTest.test143213(TypeCheck_ESTest.java:2867)
	at sun.reflect.NativeMethodAccessorImpl.invoke0(Native Method)
	at sun.reflect.NativeMethodAccessorImpl.invoke(NativeMethodAccessorImpl.java:62)
	at sun.reflect.DelegatingMethodAccessorImpl.invoke(DelegatingMethodAccessorImpl.java:43)
	at java.lang.reflect.Method.invoke(Method.java:498)
	at org.junit.runners.model.FrameworkMethod$1.runReflectiveCall(FrameworkMethod.java:47)
	at org.junit.internal.runners.model.ReflectiveCallable.run(ReflectiveCallable.java:12)
	at org.junit.runners.model.FrameworkMethod.invokeExplosively(FrameworkMethod.java:44)
	at org.junit.internal.runners.statements.InvokeMethod.evaluate(InvokeMethod.java:17)
	at org.junit.internal.runners.statements.FailOnTimeout$StatementThread.run(FailOnTimeout.java:74)
--- com.google.javascript.jscomp.TypeCheck_ESTest::test085126
java.lang.NullPointerException
	at com.google.javascript.jscomp.TypeCheck.getJSType(TypeCheck.java:1811)
	at com.google.javascript.jscomp.TypeCheck.visitBinaryOperator(TypeCheck.java:1687)
	at com.google.javascript.jscomp.TypeCheck.visit(TypeCheck.java:719)
	at com.google.javascript.jscomp.TypeCheck_ESTest.test085126(TypeCheck_ESTest.java:1752)
	at sun.reflect.NativeMethodAccessorImpl.invoke0(Native Method)
	at sun.reflect.NativeMethodAccessorImpl.invoke(NativeMethodAccessorImpl.java:62)
	at sun.reflect.DelegatingMethodAccessorImpl.invoke(DelegatingMethodAccessorImpl.java:43)
	at java.lang.reflect.Method.invoke(Method.java:498)
	at org.junit.runners.model.FrameworkMethod$1.runReflectiveCall(FrameworkMethod.java:47)
	at org.junit.internal.runners.model.ReflectiveCallable.run(ReflectiveCallable.java:12)
	at org.junit.runners.model.FrameworkMethod.invokeExplosively(FrameworkMethod.java:44)
	at org.junit.internal.runners.statements.InvokeMethod.evaluate(InvokeMethod.java:17)
	at org.junit.internal.runners.statements.FailOnTimeout$StatementThread.run(FailOnTimeout.java:74)
--- com.google.javascript.jscomp.TypeCheck_ESTest::test148218
org.evosuite.runtime.mock.java.lang.MockIllegalStateException: Unexpected node type: OBJECTLIT : com.google.javascript.rhino.jstype.UnknownType@0000000167
	at com.google.javascript.jscomp.NodeUtil.getObjectLitKeyName(NodeUtil.java:2089)
	at com.google.javascript.jscomp.TypeCheck.visitObjLitKey(TypeCheck.java:975)
	at com.google.javascript.jscomp.TypeCheck.visit(TypeCheck.java:793)
	at com.google.javascript.jscomp.TypeCheck_ESTest.test148218(TypeCheck_ESTest.java:2938)
	at sun.reflect.NativeMethodAccessorImpl.invoke0(Native Method)
	at sun.reflect.NativeMethodAccessorImpl.invoke(NativeMethodAccessorImpl.java:62)
	at sun.reflect.DelegatingMethodAccessorImpl.invoke(DelegatingMethodAccessorImpl.java:43)
	at java.lang.reflect.Method.invoke(Method.java:498)
	at org.junit.runners.model.FrameworkMethod$1.runReflectiveCall(FrameworkMethod.java:47)
	at org.junit.internal.runners.model.ReflectiveCallable.run(ReflectiveCallable.java:12)
	at org.junit.runners.model.FrameworkMethod.invokeExplosively(FrameworkMethod.java:44)
	at org.junit.internal.runners.statements.InvokeMethod.evaluate(InvokeMethod.java:17)
	at org.junit.internal.runners.statements.FailOnTimeout$StatementThread.run(FailOnTimeout.java:74)
--- com.google.javascript.jscomp.TypeCheck_ESTest::test04660
java.lang.NullPointerException
	at com.google.javascript.jscomp.TypeCheck.getJSType(TypeCheck.java:1811)
	at com.google.javascript.jscomp.TypeCheck.visit(TypeCheck.java:624)
	at com.google.javascript.jscomp.TypeCheck_ESTest.test04660(TypeCheck_ESTest.java:857)
	at sun.reflect.NativeMethodAccessorImpl.invoke0(Native Method)
	at sun.reflect.NativeMethodAccessorImpl.invoke(NativeMethodAccessorImpl.java:62)
	at sun.reflect.DelegatingMethodAccessorImpl.invoke(DelegatingMethodAccessorImpl.java:43)
	at java.lang.reflect.Method.invoke(Method.java:498)
	at org.junit.runners.model.FrameworkMethod$1.runReflectiveCall(FrameworkMethod.java:47)
	at org.junit.internal.runners.model.ReflectiveCallable.run(ReflectiveCallable.java:12)
	at org.junit.runners.model.FrameworkMethod.invokeExplosively(FrameworkMethod.java:44)
	at org.junit.internal.runners.statements.InvokeMethod.evaluate(InvokeMethod.java:17)
	at org.junit.internal.runners.statements.FailOnTimeout$StatementThread.run(FailOnTimeout.java:74)
