--- com.fasterxml.jackson.databind.type.TypeFactory_ESTest::test6060
java.lang.ClassNotFoundException: s`[
	at com.fasterxml.jackson.databind.type.TypeFactory.findClass(TypeFactory.java:273)
	at com.fasterxml.jackson.databind.type.TypeFactory_ESTest.test6060(TypeFactory_ESTest.java:566)
	at sun.reflect.NativeMethodAccessorImpl.invoke0(Native Method)
	at sun.reflect.NativeMethodAccessorImpl.invoke(NativeMethodAccessorImpl.java:62)
	at sun.reflect.DelegatingMethodAccessorImpl.invoke(DelegatingMethodAccessorImpl.java:43)
	at java.lang.reflect.Method.invoke(Method.java:498)
	at org.junit.runners.model.FrameworkMethod$1.runReflectiveCall(FrameworkMethod.java:47)
	at org.junit.internal.runners.model.ReflectiveCallable.run(ReflectiveCallable.java:12)
	at org.junit.runners.model.FrameworkMethod.invokeExplosively(FrameworkMethod.java:44)
	at org.junit.internal.runners.statements.InvokeMethod.evaluate(InvokeMethod.java:17)
	at org.junit.internal.runners.statements.FailOnTimeout$StatementThread.run(FailOnTimeout.java:74)
Caused by: java.lang.ClassNotFoundException: s`[
	at java.lang.Class.forName0(Native Method)
	at java.lang.Class.forName(Class.java:348)
	at com.fasterxml.jackson.databind.type.TypeFactory.classForName(TypeFactory.java:278)
	at com.fasterxml.jackson.databind.type.TypeFactory.findClass(TypeFactory.java:258)
	... 10 more
--- com.fasterxml.jackson.databind.type.TypeFactory_ESTest::test8080
org.evosuite.runtime.mock.java.lang.MockIllegalArgumentException: Can not create TypeBindings for class com.fasterxml.jackson.databind.MapperFeature with 2 type parameters: class expects 0
	at com.fasterxml.jackson.databind.type.TypeBindings.create(TypeBindings.java:138)
	at com.fasterxml.jackson.databind.type.TypeFactory_ESTest.test8080(TypeFactory_ESTest.java:752)
	at sun.reflect.NativeMethodAccessorImpl.invoke0(Native Method)
	at sun.reflect.NativeMethodAccessorImpl.invoke(NativeMethodAccessorImpl.java:62)
	at sun.reflect.DelegatingMethodAccessorImpl.invoke(DelegatingMethodAccessorImpl.java:43)
	at java.lang.reflect.Method.invoke(Method.java:498)
	at org.junit.runners.model.FrameworkMethod$1.runReflectiveCall(FrameworkMethod.java:47)
	at org.junit.internal.runners.model.ReflectiveCallable.run(ReflectiveCallable.java:12)
	at org.junit.runners.model.FrameworkMethod.invokeExplosively(FrameworkMethod.java:44)
	at org.junit.internal.runners.statements.InvokeMethod.evaluate(InvokeMethod.java:17)
	at org.junit.internal.runners.statements.FailOnTimeout$StatementThread.run(FailOnTimeout.java:74)
--- com.fasterxml.jackson.databind.type.TypeFactory_ESTest::test2020
java.lang.NullPointerException
	at com.fasterxml.jackson.databind.type.TypeFactory.constructParametricType(TypeFactory.java:837)
	at com.fasterxml.jackson.databind.type.TypeFactory.constructParametrizedType(TypeFactory.java:892)
	at com.fasterxml.jackson.databind.type.TypeFactory_ESTest.test2020(TypeFactory_ESTest.java:224)
	at sun.reflect.NativeMethodAccessorImpl.invoke0(Native Method)
	at sun.reflect.NativeMethodAccessorImpl.invoke(NativeMethodAccessorImpl.java:62)
	at sun.reflect.DelegatingMethodAccessorImpl.invoke(DelegatingMethodAccessorImpl.java:43)
	at java.lang.reflect.Method.invoke(Method.java:498)
	at org.junit.runners.model.FrameworkMethod$1.runReflectiveCall(FrameworkMethod.java:47)
	at org.junit.internal.runners.model.ReflectiveCallable.run(ReflectiveCallable.java:12)
	at org.junit.runners.model.FrameworkMethod.invokeExplosively(FrameworkMethod.java:44)
	at org.junit.internal.runners.statements.InvokeMethod.evaluate(InvokeMethod.java:17)
	at org.junit.internal.runners.statements.FailOnTimeout$StatementThread.run(FailOnTimeout.java:74)
--- com.fasterxml.jackson.databind.type.TypeFactory_ESTest::test7878
org.evosuite.runtime.mock.java.lang.MockIllegalArgumentException: Unrecognized Type: [null]
	at com.fasterxml.jackson.databind.type.TypeFactory._fromAny(TypeFactory.java:1125)
	at com.fasterxml.jackson.databind.type.TypeFactory.constructType(TypeFactory.java:626)
	at com.fasterxml.jackson.databind.type.TypeFactory_ESTest.test7878(TypeFactory_ESTest.java:714)
	at sun.reflect.NativeMethodAccessorImpl.invoke0(Native Method)
	at sun.reflect.NativeMethodAccessorImpl.invoke(NativeMethodAccessorImpl.java:62)
	at sun.reflect.DelegatingMethodAccessorImpl.invoke(DelegatingMethodAccessorImpl.java:43)
	at java.lang.reflect.Method.invoke(Method.java:498)
	at org.junit.runners.model.FrameworkMethod$1.runReflectiveCall(FrameworkMethod.java:47)
	at org.junit.internal.runners.model.ReflectiveCallable.run(ReflectiveCallable.java:12)
	at org.junit.runners.model.FrameworkMethod.invokeExplosively(FrameworkMethod.java:44)
	at org.junit.internal.runners.statements.InvokeMethod.evaluate(InvokeMethod.java:17)
	at org.junit.internal.runners.statements.FailOnTimeout$StatementThread.run(FailOnTimeout.java:74)
--- com.fasterxml.jackson.databind.type.TypeFactory_ESTest::test5656
java.lang.ClassNotFoundException: Tnh>^XldB5/V~+;f!_P
	at com.fasterxml.jackson.databind.type.TypeFactory.findClass(TypeFactory.java:273)
	at com.fasterxml.jackson.databind.type.TypeFactory_ESTest.test5656(TypeFactory_ESTest.java:516)
	at sun.reflect.NativeMethodAccessorImpl.invoke0(Native Method)
	at sun.reflect.NativeMethodAccessorImpl.invoke(NativeMethodAccessorImpl.java:62)
	at sun.reflect.DelegatingMethodAccessorImpl.invoke(DelegatingMethodAccessorImpl.java:43)
	at java.lang.reflect.Method.invoke(Method.java:498)
	at org.junit.runners.model.FrameworkMethod$1.runReflectiveCall(FrameworkMethod.java:47)
	at org.junit.internal.runners.model.ReflectiveCallable.run(ReflectiveCallable.java:12)
	at org.junit.runners.model.FrameworkMethod.invokeExplosively(FrameworkMethod.java:44)
	at org.junit.internal.runners.statements.InvokeMethod.evaluate(InvokeMethod.java:17)
	at org.junit.internal.runners.statements.FailOnTimeout$StatementThread.run(FailOnTimeout.java:74)
Caused by: java.lang.ClassNotFoundException: Tnh>^XldB5/V~+;f!_P
	at java.lang.Class.forName0(Native Method)
	at java.lang.Class.forName(Class.java:348)
	at com.fasterxml.jackson.databind.type.TypeFactory.classForName(TypeFactory.java:278)
	at com.fasterxml.jackson.databind.type.TypeFactory.findClass(TypeFactory.java:258)
	... 10 more
--- com.fasterxml.jackson.databind.type.TypeFactory_ESTest::test3434
org.evosuite.runtime.mock.java.lang.MockIllegalArgumentException: Can not create TypeBindings for class java.util.Properties with 2 type parameters: class expects 0
	at com.fasterxml.jackson.databind.type.TypeBindings.create(TypeBindings.java:138)
	at com.fasterxml.jackson.databind.type.TypeBindings.create(TypeBindings.java:97)
	at com.fasterxml.jackson.databind.type.TypeFactory.constructMapType(TypeFactory.java:729)
	at com.fasterxml.jackson.databind.type.TypeFactory.constructMapType(TypeFactory.java:719)
	at com.fasterxml.jackson.databind.type.TypeFactory_ESTest.test3434(TypeFactory_ESTest.java:332)
	at sun.reflect.NativeMethodAccessorImpl.invoke0(Native Method)
	at sun.reflect.NativeMethodAccessorImpl.invoke(NativeMethodAccessorImpl.java:62)
	at sun.reflect.DelegatingMethodAccessorImpl.invoke(DelegatingMethodAccessorImpl.java:43)
	at java.lang.reflect.Method.invoke(Method.java:498)
	at org.junit.runners.model.FrameworkMethod$1.runReflectiveCall(FrameworkMethod.java:47)
	at org.junit.internal.runners.model.ReflectiveCallable.run(ReflectiveCallable.java:12)
	at org.junit.runners.model.FrameworkMethod.invokeExplosively(FrameworkMethod.java:44)
	at org.junit.internal.runners.statements.InvokeMethod.evaluate(InvokeMethod.java:17)
	at org.junit.internal.runners.statements.FailOnTimeout$StatementThread.run(FailOnTimeout.java:74)
--- com.fasterxml.jackson.databind.type.TypeFactory_ESTest::test7676
java.lang.NullPointerException
	at com.fasterxml.jackson.databind.type.TypeBindings$TypeParamStash.paramsFor2(TypeBindings.java:419)
	at com.fasterxml.jackson.databind.type.TypeBindings.create(TypeBindings.java:135)
	at com.fasterxml.jackson.databind.type.TypeBindings.create(TypeBindings.java:97)
	at com.fasterxml.jackson.databind.type.TypeFactory.constructMapType(TypeFactory.java:729)
	at com.fasterxml.jackson.databind.type.TypeFactory.constructMapType(TypeFactory.java:719)
	at com.fasterxml.jackson.databind.type.TypeFactory_ESTest.test7676(TypeFactory_ESTest.java:695)
	at sun.reflect.NativeMethodAccessorImpl.invoke0(Native Method)
	at sun.reflect.NativeMethodAccessorImpl.invoke(NativeMethodAccessorImpl.java:62)
	at sun.reflect.DelegatingMethodAccessorImpl.invoke(DelegatingMethodAccessorImpl.java:43)
	at java.lang.reflect.Method.invoke(Method.java:498)
	at org.junit.runners.model.FrameworkMethod$1.runReflectiveCall(FrameworkMethod.java:47)
	at org.junit.internal.runners.model.ReflectiveCallable.run(ReflectiveCallable.java:12)
	at org.junit.runners.model.FrameworkMethod.invokeExplosively(FrameworkMethod.java:44)
	at org.junit.internal.runners.statements.InvokeMethod.evaluate(InvokeMethod.java:17)
	at org.junit.internal.runners.statements.FailOnTimeout$StatementThread.run(FailOnTimeout.java:74)
--- com.fasterxml.jackson.databind.type.TypeFactory_ESTest::test5454
org.evosuite.runtime.mock.java.lang.MockIllegalArgumentException: Internal error: class java.lang.Object not included as super-type for [map-like type; class com.fasterxml.jackson.databind.ObjectMapper$DefaultTyping, [simple type, class com.fasterxml.jackson.databind.type.MapLikeType] -> [simple type, class com.fasterxml.jackson.databind.SerializationFeature]]
	at com.fasterxml.jackson.databind.type.TypeFactory.constructGeneralizedType(TypeFactory.java:485)
	at com.fasterxml.jackson.databind.type.TypeFactory_ESTest.test5454(TypeFactory_ESTest.java:502)
	at sun.reflect.NativeMethodAccessorImpl.invoke0(Native Method)
	at sun.reflect.NativeMethodAccessorImpl.invoke(NativeMethodAccessorImpl.java:62)
	at sun.reflect.DelegatingMethodAccessorImpl.invoke(DelegatingMethodAccessorImpl.java:43)
	at java.lang.reflect.Method.invoke(Method.java:498)
	at org.junit.runners.model.FrameworkMethod$1.runReflectiveCall(FrameworkMethod.java:47)
	at org.junit.internal.runners.model.ReflectiveCallable.run(ReflectiveCallable.java:12)
	at org.junit.runners.model.FrameworkMethod.invokeExplosively(FrameworkMethod.java:44)
	at org.junit.internal.runners.statements.InvokeMethod.evaluate(InvokeMethod.java:17)
	at org.junit.internal.runners.statements.FailOnTimeout$StatementThread.run(FailOnTimeout.java:74)
--- com.fasterxml.jackson.databind.type.TypeFactory_ESTest::test1010
java.lang.ClassNotFoundException: wE;eG
	at com.fasterxml.jackson.databind.type.TypeFactory.findClass(TypeFactory.java:273)
	at com.fasterxml.jackson.databind.type.TypeFactory_ESTest.test1010(TypeFactory_ESTest.java:150)
	at sun.reflect.NativeMethodAccessorImpl.invoke0(Native Method)
	at sun.reflect.NativeMethodAccessorImpl.invoke(NativeMethodAccessorImpl.java:62)
	at sun.reflect.DelegatingMethodAccessorImpl.invoke(DelegatingMethodAccessorImpl.java:43)
	at java.lang.reflect.Method.invoke(Method.java:498)
	at org.junit.runners.model.FrameworkMethod$1.runReflectiveCall(FrameworkMethod.java:47)
	at org.junit.internal.runners.model.ReflectiveCallable.run(ReflectiveCallable.java:12)
	at org.junit.runners.model.FrameworkMethod.invokeExplosively(FrameworkMethod.java:44)
	at org.junit.internal.runners.statements.InvokeMethod.evaluate(InvokeMethod.java:17)
	at org.junit.internal.runners.statements.FailOnTimeout$StatementThread.run(FailOnTimeout.java:74)
Caused by: java.lang.ClassNotFoundException: wE;eG
	at java.lang.Class.forName0(Native Method)
	at java.lang.Class.forName(Class.java:348)
	at com.fasterxml.jackson.databind.type.TypeFactory.classForName(TypeFactory.java:278)
	at com.fasterxml.jackson.databind.type.TypeFactory.findClass(TypeFactory.java:258)
	... 10 more
--- com.fasterxml.jackson.databind.type.TypeFactory_ESTest::test4444
org.evosuite.runtime.mock.java.lang.MockIllegalArgumentException: Class java.lang.RuntimeException not a super-type of [simple type, class java.lang.Object]
	at com.fasterxml.jackson.databind.type.TypeFactory.constructGeneralizedType(TypeFactory.java:481)
	at com.fasterxml.jackson.databind.type.TypeFactory_ESTest.test4444(TypeFactory_ESTest.java:420)
	at sun.reflect.NativeMethodAccessorImpl.invoke0(Native Method)
	at sun.reflect.NativeMethodAccessorImpl.invoke(NativeMethodAccessorImpl.java:62)
	at sun.reflect.DelegatingMethodAccessorImpl.invoke(DelegatingMethodAccessorImpl.java:43)
	at java.lang.reflect.Method.invoke(Method.java:498)
	at org.junit.runners.model.FrameworkMethod$1.runReflectiveCall(FrameworkMethod.java:47)
	at org.junit.internal.runners.model.ReflectiveCallable.run(ReflectiveCallable.java:12)
	at org.junit.runners.model.FrameworkMethod.invokeExplosively(FrameworkMethod.java:44)
	at org.junit.internal.runners.statements.InvokeMethod.evaluate(InvokeMethod.java:17)
	at org.junit.internal.runners.statements.FailOnTimeout$StatementThread.run(FailOnTimeout.java:74)
--- com.fasterxml.jackson.databind.type.TypeFactory_ESTest::test2828
java.lang.ClassNotFoundException: [value=%sdcontent=%s]
	at com.fasterxml.jackson.databind.type.TypeFactory.findClass(TypeFactory.java:273)
	at com.fasterxml.jackson.databind.type.TypeFactory_ESTest.test2828(TypeFactory_ESTest.java:284)
	at sun.reflect.NativeMethodAccessorImpl.invoke0(Native Method)
	at sun.reflect.NativeMethodAccessorImpl.invoke(NativeMethodAccessorImpl.java:62)
	at sun.reflect.DelegatingMethodAccessorImpl.invoke(DelegatingMethodAccessorImpl.java:43)
	at java.lang.reflect.Method.invoke(Method.java:498)
	at org.junit.runners.model.FrameworkMethod$1.runReflectiveCall(FrameworkMethod.java:47)
	at org.junit.internal.runners.model.ReflectiveCallable.run(ReflectiveCallable.java:12)
	at org.junit.runners.model.FrameworkMethod.invokeExplosively(FrameworkMethod.java:44)
	at org.junit.internal.runners.statements.InvokeMethod.evaluate(InvokeMethod.java:17)
	at org.junit.internal.runners.statements.FailOnTimeout$StatementThread.run(FailOnTimeout.java:74)
Caused by: java.lang.ClassNotFoundException: [value=%sdcontent=%s]
	at java.lang.Class.forName0(Native Method)
	at java.lang.Class.forName(Class.java:348)
	at com.fasterxml.jackson.databind.type.TypeFactory.classForName(TypeFactory.java:278)
	at com.fasterxml.jackson.databind.type.TypeFactory.findClass(TypeFactory.java:258)
	... 10 more
--- com.fasterxml.jackson.databind.type.TypeFactory_ESTest::test3838
org.evosuite.runtime.mock.java.lang.MockIllegalArgumentException: Failed to parse type 'D~j:=6Ify`uDzUl~' (remaining: ''): Can not locate class 'D~j:=6Ify`uDzUl~', problem: Class 'D~j:=6Ify`uDzUl~.class' should be in target project, but could not be found!
	at com.fasterxml.jackson.databind.type.TypeParser._problem(TypeParser.java:93)
	at com.fasterxml.jackson.databind.type.TypeParser.findClass(TypeParser.java:87)
	at com.fasterxml.jackson.databind.type.TypeParser.parseType(TypeParser.java:47)
	at com.fasterxml.jackson.databind.type.TypeParser.parse(TypeParser.java:33)
	at com.fasterxml.jackson.databind.type.TypeFactory.constructFromCanonical(TypeFactory.java:504)
	at com.fasterxml.jackson.databind.type.TypeFactory_ESTest.test3838(TypeFactory_ESTest.java:369)
	at sun.reflect.NativeMethodAccessorImpl.invoke0(Native Method)
	at sun.reflect.NativeMethodAccessorImpl.invoke(NativeMethodAccessorImpl.java:62)
	at sun.reflect.DelegatingMethodAccessorImpl.invoke(DelegatingMethodAccessorImpl.java:43)
	at java.lang.reflect.Method.invoke(Method.java:498)
	at org.junit.runners.model.FrameworkMethod$1.runReflectiveCall(FrameworkMethod.java:47)
	at org.junit.internal.runners.model.ReflectiveCallable.run(ReflectiveCallable.java:12)
	at org.junit.runners.model.FrameworkMethod.invokeExplosively(FrameworkMethod.java:44)
	at org.junit.internal.runners.statements.InvokeMethod.evaluate(InvokeMethod.java:17)
	at org.junit.internal.runners.statements.FailOnTimeout$StatementThread.run(FailOnTimeout.java:74)
--- com.fasterxml.jackson.databind.type.TypeFactory_ESTest::test077
java.lang.NullPointerException
	at com.fasterxml.jackson.databind.type.TypeFactory._findWellKnownSimple(TypeFactory.java:1076)
	at com.fasterxml.jackson.databind.type.TypeFactory._fromClass(TypeFactory.java:1155)
	at com.fasterxml.jackson.databind.type.TypeFactory.constructParametricType(TypeFactory.java:840)
	at com.fasterxml.jackson.databind.type.TypeFactory.constructParametrizedType(TypeFactory.java:892)
	at com.fasterxml.jackson.databind.type.TypeFactory_ESTest.test077(TypeFactory_ESTest.java:126)
	at sun.reflect.NativeMethodAccessorImpl.invoke0(Native Method)
	at sun.reflect.NativeMethodAccessorImpl.invoke(NativeMethodAccessorImpl.java:62)
	at sun.reflect.DelegatingMethodAccessorImpl.invoke(DelegatingMethodAccessorImpl.java:43)
	at java.lang.reflect.Method.invoke(Method.java:498)
	at org.junit.runners.model.FrameworkMethod$1.runReflectiveCall(FrameworkMethod.java:47)
	at org.junit.internal.runners.model.ReflectiveCallable.run(ReflectiveCallable.java:12)
	at org.junit.runners.model.FrameworkMethod.invokeExplosively(FrameworkMethod.java:44)
	at org.junit.internal.runners.statements.InvokeMethod.evaluate(InvokeMethod.java:17)
	at org.junit.internal.runners.statements.FailOnTimeout$StatementThread.run(FailOnTimeout.java:74)
--- com.fasterxml.jackson.databind.type.TypeFactory_ESTest::test2626
java.lang.NullPointerException
	at com.fasterxml.jackson.databind.type.ArrayType.construct(ArrayType.java:47)
	at com.fasterxml.jackson.databind.type.ArrayType.construct(ArrayType.java:41)
	at com.fasterxml.jackson.databind.type.TypeFactory.constructArrayType(TypeFactory.java:652)
	at com.fasterxml.jackson.databind.type.TypeFactory_ESTest.test2626(TypeFactory_ESTest.java:268)
	at sun.reflect.NativeMethodAccessorImpl.invoke0(Native Method)
	at sun.reflect.NativeMethodAccessorImpl.invoke(NativeMethodAccessorImpl.java:62)
	at sun.reflect.DelegatingMethodAccessorImpl.invoke(DelegatingMethodAccessorImpl.java:43)
	at java.lang.reflect.Method.invoke(Method.java:498)
	at org.junit.runners.model.FrameworkMethod$1.runReflectiveCall(FrameworkMethod.java:47)
	at org.junit.internal.runners.model.ReflectiveCallable.run(ReflectiveCallable.java:12)
	at org.junit.runners.model.FrameworkMethod.invokeExplosively(FrameworkMethod.java:44)
	at org.junit.internal.runners.statements.InvokeMethod.evaluate(InvokeMethod.java:17)
	at org.junit.internal.runners.statements.FailOnTimeout$StatementThread.run(FailOnTimeout.java:74)
--- com.fasterxml.jackson.databind.type.TypeFactory_ESTest::test1414
org.evosuite.runtime.mock.java.lang.MockIllegalArgumentException: Can not create TypeBindings for class java.util.Properties with 2 type parameters: class expects 0
	at com.fasterxml.jackson.databind.type.TypeBindings.create(TypeBindings.java:138)
	at com.fasterxml.jackson.databind.type.TypeBindings.create(TypeBindings.java:97)
	at com.fasterxml.jackson.databind.type.TypeFactory.constructMapType(TypeFactory.java:729)
	at com.fasterxml.jackson.databind.type.TypeFactory.constructRawMapType(TypeFactory.java:944)
	at com.fasterxml.jackson.databind.type.TypeFactory_ESTest.test1414(TypeFactory_ESTest.java:182)
	at sun.reflect.NativeMethodAccessorImpl.invoke0(Native Method)
	at sun.reflect.NativeMethodAccessorImpl.invoke(NativeMethodAccessorImpl.java:62)
	at sun.reflect.DelegatingMethodAccessorImpl.invoke(DelegatingMethodAccessorImpl.java:43)
	at java.lang.reflect.Method.invoke(Method.java:498)
	at org.junit.runners.model.FrameworkMethod$1.runReflectiveCall(FrameworkMethod.java:47)
	at org.junit.internal.runners.model.ReflectiveCallable.run(ReflectiveCallable.java:12)
	at org.junit.runners.model.FrameworkMethod.invokeExplosively(FrameworkMethod.java:44)
	at org.junit.internal.runners.statements.InvokeMethod.evaluate(InvokeMethod.java:17)
	at org.junit.internal.runners.statements.FailOnTimeout$StatementThread.run(FailOnTimeout.java:74)
--- com.fasterxml.jackson.databind.type.TypeFactory_ESTest::test1818
java.lang.NullPointerException
	at com.fasterxml.jackson.databind.type.TypeFactory.constructType(TypeFactory.java:588)
	at com.fasterxml.jackson.databind.type.TypeFactory_ESTest.test1818(TypeFactory_ESTest.java:211)
	at sun.reflect.NativeMethodAccessorImpl.invoke0(Native Method)
	at sun.reflect.NativeMethodAccessorImpl.invoke(NativeMethodAccessorImpl.java:62)
	at sun.reflect.DelegatingMethodAccessorImpl.invoke(DelegatingMethodAccessorImpl.java:43)
	at java.lang.reflect.Method.invoke(Method.java:498)
	at org.junit.runners.model.FrameworkMethod$1.runReflectiveCall(FrameworkMethod.java:47)
	at org.junit.internal.runners.model.ReflectiveCallable.run(ReflectiveCallable.java:12)
	at org.junit.runners.model.FrameworkMethod.invokeExplosively(FrameworkMethod.java:44)
	at org.junit.internal.runners.statements.InvokeMethod.evaluate(InvokeMethod.java:17)
	at org.junit.internal.runners.statements.FailOnTimeout$StatementThread.run(FailOnTimeout.java:74)
--- com.fasterxml.jackson.databind.type.TypeFactory_ESTest::test022
java.lang.NullPointerException
	at com.fasterxml.jackson.databind.type.TypeFactory._findWellKnownSimple(TypeFactory.java:1076)
	at com.fasterxml.jackson.databind.type.TypeFactory._fromClass(TypeFactory.java:1155)
	at com.fasterxml.jackson.databind.type.TypeFactory._fromParamType(TypeFactory.java:1336)
	at com.fasterxml.jackson.databind.type.TypeFactory_ESTest.test022(TypeFactory_ESTest.java:88)
	at sun.reflect.NativeMethodAccessorImpl.invoke0(Native Method)
	at sun.reflect.NativeMethodAccessorImpl.invoke(NativeMethodAccessorImpl.java:62)
	at sun.reflect.DelegatingMethodAccessorImpl.invoke(DelegatingMethodAccessorImpl.java:43)
	at java.lang.reflect.Method.invoke(Method.java:498)
	at org.junit.runners.model.FrameworkMethod$1.runReflectiveCall(FrameworkMethod.java:47)
	at org.junit.internal.runners.model.ReflectiveCallable.run(ReflectiveCallable.java:12)
	at org.junit.runners.model.FrameworkMethod.invokeExplosively(FrameworkMethod.java:44)
	at org.junit.internal.runners.statements.InvokeMethod.evaluate(InvokeMethod.java:17)
	at org.junit.internal.runners.statements.FailOnTimeout$StatementThread.run(FailOnTimeout.java:74)
--- com.fasterxml.jackson.databind.type.TypeFactory_ESTest::test7171
java.lang.ClassNotFoundException: Class 'K_:.class' should be in target project, but could not be found!
	at com.fasterxml.jackson.databind.type.TypeFactory.findClass(TypeFactory.java:273)
	at com.fasterxml.jackson.databind.type.TypeFactory_ESTest.test7171(TypeFactory_ESTest.java:653)
	at sun.reflect.NativeMethodAccessorImpl.invoke0(Native Method)
	at sun.reflect.NativeMethodAccessorImpl.invoke(NativeMethodAccessorImpl.java:62)
	at sun.reflect.DelegatingMethodAccessorImpl.invoke(DelegatingMethodAccessorImpl.java:43)
	at java.lang.reflect.Method.invoke(Method.java:498)
	at org.junit.runners.model.FrameworkMethod$1.runReflectiveCall(FrameworkMethod.java:47)
	at org.junit.internal.runners.model.ReflectiveCallable.run(ReflectiveCallable.java:12)
	at org.junit.runners.model.FrameworkMethod.invokeExplosively(FrameworkMethod.java:44)
	at org.junit.internal.runners.statements.InvokeMethod.evaluate(InvokeMethod.java:17)
	at org.junit.internal.runners.statements.FailOnTimeout$StatementThread.run(FailOnTimeout.java:74)
Caused by: java.lang.ClassNotFoundException: Class 'K_:.class' should be in target project, but could not be found!
	at org.evosuite.runtime.instrumentation.EvoClassLoader.instrumentClass(EvoClassLoader.java:109)
	at org.evosuite.runtime.instrumentation.EvoClassLoader.loadClass(EvoClassLoader.java:92)
	at java.lang.Class.forName0(Native Method)
	at java.lang.Class.forName(Class.java:348)
	at com.fasterxml.jackson.databind.type.TypeFactory.classForName(TypeFactory.java:278)
	at com.fasterxml.jackson.databind.type.TypeFactory.findClass(TypeFactory.java:258)
	... 10 more
--- com.fasterxml.jackson.databind.type.TypeFactory_ESTest::test6363
org.evosuite.runtime.mock.java.lang.MockIllegalArgumentException: Class com.fasterxml.jackson.databind.AnnotationIntrospector$ReferenceProperty$Type not subtype of [simple type, class int]
	at com.fasterxml.jackson.databind.type.TypeFactory.constructSpecializedType(TypeFactory.java:329)
	at com.fasterxml.jackson.databind.type.TypeFactory_ESTest.test6363(TypeFactory_ESTest.java:586)
	at sun.reflect.NativeMethodAccessorImpl.invoke0(Native Method)
	at sun.reflect.NativeMethodAccessorImpl.invoke(NativeMethodAccessorImpl.java:62)
	at sun.reflect.DelegatingMethodAccessorImpl.invoke(DelegatingMethodAccessorImpl.java:43)
	at java.lang.reflect.Method.invoke(Method.java:498)
	at org.junit.runners.model.FrameworkMethod$1.runReflectiveCall(FrameworkMethod.java:47)
	at org.junit.internal.runners.model.ReflectiveCallable.run(ReflectiveCallable.java:12)
	at org.junit.runners.model.FrameworkMethod.invokeExplosively(FrameworkMethod.java:44)
	at org.junit.internal.runners.statements.InvokeMethod.evaluate(InvokeMethod.java:17)
	at org.junit.internal.runners.statements.FailOnTimeout$StatementThread.run(FailOnTimeout.java:74)
--- com.fasterxml.jackson.databind.type.TypeFactory_ESTest::test7575
com.fasterxml.jackson.databind.JsonMappingException: (was java.lang.NullPointerException) (through reference chain: com.fasterxml.jackson.databind.deser.Impl["base64Variant"])
	at com.fasterxml.jackson.databind.JsonMappingException.wrapWithPath(JsonMappingException.java:378)
	at com.fasterxml.jackson.databind.JsonMappingException.wrapWithPath(JsonMappingException.java:338)
	at com.fasterxml.jackson.databind.ser.std.StdSerializer.wrapAndThrow(StdSerializer.java:342)
	at com.fasterxml.jackson.databind.ser.std.BeanSerializerBase.serializeFields(BeanSerializerBase.java:686)
	at com.fasterxml.jackson.databind.ser.BeanSerializer.serialize(BeanSerializer.java:157)
	at com.fasterxml.jackson.databind.ser.DefaultSerializerProvider.serializeValue(DefaultSerializerProvider.java:130)
	at com.fasterxml.jackson.databind.ObjectMapper._configAndWriteValue(ObjectMapper.java:3631)
	at com.fasterxml.jackson.databind.ObjectMapper.writeValueAsString(ObjectMapper.java:2998)
	at com.fasterxml.jackson.databind.type.TypeFactory_ESTest.test7575(TypeFactory_ESTest.java:688)
	at sun.reflect.NativeMethodAccessorImpl.invoke0(Native Method)
	at sun.reflect.NativeMethodAccessorImpl.invoke(NativeMethodAccessorImpl.java:62)
	at sun.reflect.DelegatingMethodAccessorImpl.invoke(DelegatingMethodAccessorImpl.java:43)
	at java.lang.reflect.Method.invoke(Method.java:498)
	at org.junit.runners.model.FrameworkMethod$1.runReflectiveCall(FrameworkMethod.java:47)
	at org.junit.internal.runners.model.ReflectiveCallable.run(ReflectiveCallable.java:12)
	at org.junit.runners.model.FrameworkMethod.invokeExplosively(FrameworkMethod.java:44)
	at org.junit.internal.runners.statements.InvokeMethod.evaluate(InvokeMethod.java:17)
	at org.junit.internal.runners.statements.FailOnTimeout$StatementThread.run(FailOnTimeout.java:74)
--- com.fasterxml.jackson.databind.type.TypeFactory_ESTest::test3535
org.evosuite.runtime.mock.java.lang.MockIllegalStateException: TypeModifier null (of type com.fasterxml.jackson.databind.type.TypeModifier$MockitoMock$1725804252) return null for type [simple type, class java.lang.Object]
	at com.fasterxml.jackson.databind.type.TypeFactory._fromAny(TypeFactory.java:1138)
	at com.fasterxml.jackson.databind.type.TypeFactory._fromVariable(TypeFactory.java:1361)
	at com.fasterxml.jackson.databind.type.TypeFactory._fromAny(TypeFactory.java:1119)
	at com.fasterxml.jackson.databind.type.TypeFactory._fromParamType(TypeFactory.java:1332)
	at com.fasterxml.jackson.databind.type.TypeFactory._fromAny(TypeFactory.java:1109)
	at com.fasterxml.jackson.databind.type.TypeFactory._resolveSuperClass(TypeFactory.java:1237)
	at com.fasterxml.jackson.databind.type.TypeFactory._fromClass(TypeFactory.java:1198)
	at com.fasterxml.jackson.databind.type.TypeFactory.constructCollectionType(TypeFactory.java:662)
	at com.fasterxml.jackson.databind.type.TypeFactory_ESTest.test3535(TypeFactory_ESTest.java:345)
	at sun.reflect.NativeMethodAccessorImpl.invoke0(Native Method)
	at sun.reflect.NativeMethodAccessorImpl.invoke(NativeMethodAccessorImpl.java:62)
	at sun.reflect.DelegatingMethodAccessorImpl.invoke(DelegatingMethodAccessorImpl.java:43)
	at java.lang.reflect.Method.invoke(Method.java:498)
	at org.junit.runners.model.FrameworkMethod$1.runReflectiveCall(FrameworkMethod.java:47)
	at org.junit.internal.runners.model.ReflectiveCallable.run(ReflectiveCallable.java:12)
	at org.junit.runners.model.FrameworkMethod.invokeExplosively(FrameworkMethod.java:44)
	at org.junit.internal.runners.statements.InvokeMethod.evaluate(InvokeMethod.java:17)
	at org.junit.internal.runners.statements.FailOnTimeout$StatementThread.run(FailOnTimeout.java:74)
--- com.fasterxml.jackson.databind.type.TypeFactory_ESTest::test7979
java.lang.ClassNotFoundException: 
	at com.fasterxml.jackson.databind.type.TypeFactory.findClass(TypeFactory.java:273)
	at com.fasterxml.jackson.databind.type.TypeFactory_ESTest.test7979(TypeFactory_ESTest.java:743)
	at sun.reflect.NativeMethodAccessorImpl.invoke0(Native Method)
	at sun.reflect.NativeMethodAccessorImpl.invoke(NativeMethodAccessorImpl.java:62)
	at sun.reflect.DelegatingMethodAccessorImpl.invoke(DelegatingMethodAccessorImpl.java:43)
	at java.lang.reflect.Method.invoke(Method.java:498)
	at org.junit.runners.model.FrameworkMethod$1.runReflectiveCall(FrameworkMethod.java:47)
	at org.junit.internal.runners.model.ReflectiveCallable.run(ReflectiveCallable.java:12)
	at org.junit.runners.model.FrameworkMethod.invokeExplosively(FrameworkMethod.java:44)
	at org.junit.internal.runners.statements.InvokeMethod.evaluate(InvokeMethod.java:17)
	at org.junit.internal.runners.statements.FailOnTimeout$StatementThread.run(FailOnTimeout.java:74)
Caused by: java.lang.ClassNotFoundException: 
	at java.lang.Class.forName0(Native Method)
	at java.lang.Class.forName(Class.java:348)
	at com.fasterxml.jackson.databind.type.TypeFactory.classForName(TypeFactory.java:278)
	at com.fasterxml.jackson.databind.type.TypeFactory.findClass(TypeFactory.java:258)
	... 10 more
--- com.fasterxml.jackson.databind.type.TypeFactory_ESTest::test3333
org.evosuite.runtime.mock.java.lang.MockIllegalArgumentException: Can not create TypeBindings for class com.fasterxml.jackson.databind.JsonDeserializer with 0 type parameters: class expects 1
	at com.fasterxml.jackson.databind.type.TypeBindings.create(TypeBindings.java:112)
	at com.fasterxml.jackson.databind.type.TypeFactory.constructSimpleType(TypeFactory.java:770)
	at com.fasterxml.jackson.databind.type.TypeFactory.constructSimpleType(TypeFactory.java:784)
	at com.fasterxml.jackson.databind.type.TypeFactory_ESTest.test3333(TypeFactory_ESTest.java:323)
	at sun.reflect.NativeMethodAccessorImpl.invoke0(Native Method)
	at sun.reflect.NativeMethodAccessorImpl.invoke(NativeMethodAccessorImpl.java:62)
	at sun.reflect.DelegatingMethodAccessorImpl.invoke(DelegatingMethodAccessorImpl.java:43)
	at java.lang.reflect.Method.invoke(Method.java:498)
	at org.junit.runners.model.FrameworkMethod$1.runReflectiveCall(FrameworkMethod.java:47)
	at org.junit.internal.runners.model.ReflectiveCallable.run(ReflectiveCallable.java:12)
	at org.junit.runners.model.FrameworkMethod.invokeExplosively(FrameworkMethod.java:44)
	at org.junit.internal.runners.statements.InvokeMethod.evaluate(InvokeMethod.java:17)
	at org.junit.internal.runners.statements.FailOnTimeout$StatementThread.run(FailOnTimeout.java:74)
--- com.fasterxml.jackson.databind.type.TypeFactory_ESTest::test1111
org.evosuite.runtime.mock.java.lang.MockIllegalStateException: TypeModifier null (of type com.fasterxml.jackson.databind.type.TypeModifier$MockitoMock$1725804252) return null for type [simple type, class java.lang.Object]
	at com.fasterxml.jackson.databind.type.TypeFactory._fromAny(TypeFactory.java:1138)
	at com.fasterxml.jackson.databind.type.TypeFactory._fromVariable(TypeFactory.java:1361)
	at com.fasterxml.jackson.databind.type.TypeFactory._fromAny(TypeFactory.java:1119)
	at com.fasterxml.jackson.databind.type.TypeFactory._fromParamType(TypeFactory.java:1332)
	at com.fasterxml.jackson.databind.type.TypeFactory._fromAny(TypeFactory.java:1109)
	at com.fasterxml.jackson.databind.type.TypeFactory._resolveSuperClass(TypeFactory.java:1237)
	at com.fasterxml.jackson.databind.type.TypeFactory._fromClass(TypeFactory.java:1198)
	at com.fasterxml.jackson.databind.type.TypeFactory.constructCollectionType(TypeFactory.java:662)
	at com.fasterxml.jackson.databind.type.TypeFactory_ESTest.test1111(TypeFactory_ESTest.java:161)
	at sun.reflect.NativeMethodAccessorImpl.invoke0(Native Method)
	at sun.reflect.NativeMethodAccessorImpl.invoke(NativeMethodAccessorImpl.java:62)
	at sun.reflect.DelegatingMethodAccessorImpl.invoke(DelegatingMethodAccessorImpl.java:43)
	at java.lang.reflect.Method.invoke(Method.java:498)
	at org.junit.runners.model.FrameworkMethod$1.runReflectiveCall(FrameworkMethod.java:47)
	at org.junit.internal.runners.model.ReflectiveCallable.run(ReflectiveCallable.java:12)
	at org.junit.runners.model.FrameworkMethod.invokeExplosively(FrameworkMethod.java:44)
	at org.junit.internal.runners.statements.InvokeMethod.evaluate(InvokeMethod.java:17)
	at org.junit.internal.runners.statements.FailOnTimeout$StatementThread.run(FailOnTimeout.java:74)
--- com.fasterxml.jackson.databind.type.TypeFactory_ESTest::test2121
org.evosuite.runtime.mock.java.lang.MockIllegalArgumentException: Can not create TypeBindings for class com.fasterxml.jackson.databind.ObjectMapper$DefaultTyping with 6 type parameters: class expects 0
	at com.fasterxml.jackson.databind.type.TypeBindings.create(TypeBindings.java:112)
	at com.fasterxml.jackson.databind.type.TypeFactory.constructParametricType(TypeFactory.java:874)
	at com.fasterxml.jackson.databind.type.TypeFactory_ESTest.test2121(TypeFactory_ESTest.java:233)
	at sun.reflect.NativeMethodAccessorImpl.invoke0(Native Method)
	at sun.reflect.NativeMethodAccessorImpl.invoke(NativeMethodAccessorImpl.java:62)
	at sun.reflect.DelegatingMethodAccessorImpl.invoke(DelegatingMethodAccessorImpl.java:43)
	at java.lang.reflect.Method.invoke(Method.java:498)
	at org.junit.runners.model.FrameworkMethod$1.runReflectiveCall(FrameworkMethod.java:47)
	at org.junit.internal.runners.model.ReflectiveCallable.run(ReflectiveCallable.java:12)
	at org.junit.runners.model.FrameworkMethod.invokeExplosively(FrameworkMethod.java:44)
	at org.junit.internal.runners.statements.InvokeMethod.evaluate(InvokeMethod.java:17)
	at org.junit.internal.runners.statements.FailOnTimeout$StatementThread.run(FailOnTimeout.java:74)
--- com.fasterxml.jackson.databind.type.TypeFactory_ESTest::test7777
org.evosuite.runtime.mock.java.lang.MockIllegalArgumentException: Unrecognized Type: [null]
	at com.fasterxml.jackson.databind.type.TypeFactory._fromAny(TypeFactory.java:1125)
	at com.fasterxml.jackson.databind.type.TypeFactory.constructType(TypeFactory.java:616)
	at com.fasterxml.jackson.databind.type.TypeFactory_ESTest.test7777(TypeFactory_ESTest.java:705)
	at sun.reflect.NativeMethodAccessorImpl.invoke0(Native Method)
	at sun.reflect.NativeMethodAccessorImpl.invoke(NativeMethodAccessorImpl.java:62)
	at sun.reflect.DelegatingMethodAccessorImpl.invoke(DelegatingMethodAccessorImpl.java:43)
	at java.lang.reflect.Method.invoke(Method.java:498)
	at org.junit.runners.model.FrameworkMethod$1.runReflectiveCall(FrameworkMethod.java:47)
	at org.junit.internal.runners.model.ReflectiveCallable.run(ReflectiveCallable.java:12)
	at org.junit.runners.model.FrameworkMethod.invokeExplosively(FrameworkMethod.java:44)
	at org.junit.internal.runners.statements.InvokeMethod.evaluate(InvokeMethod.java:17)
	at org.junit.internal.runners.statements.FailOnTimeout$StatementThread.run(FailOnTimeout.java:74)
--- com.fasterxml.jackson.databind.type.TypeFactory_ESTest::test1717
java.lang.NullPointerException
	at com.fasterxml.jackson.databind.type.ReferenceType.<init>(ReferenceType.java:23)
	at com.fasterxml.jackson.databind.type.ReferenceType.construct(ReferenceType.java:61)
	at com.fasterxml.jackson.databind.type.TypeFactory.constructReferenceType(TypeFactory.java:792)
	at com.fasterxml.jackson.databind.type.TypeFactory_ESTest.test1717(TypeFactory_ESTest.java:205)
	at sun.reflect.NativeMethodAccessorImpl.invoke0(Native Method)
	at sun.reflect.NativeMethodAccessorImpl.invoke(NativeMethodAccessorImpl.java:62)
	at sun.reflect.DelegatingMethodAccessorImpl.invoke(DelegatingMethodAccessorImpl.java:43)
	at java.lang.reflect.Method.invoke(Method.java:498)
	at org.junit.runners.model.FrameworkMethod$1.runReflectiveCall(FrameworkMethod.java:47)
	at org.junit.internal.runners.model.ReflectiveCallable.run(ReflectiveCallable.java:12)
	at org.junit.runners.model.FrameworkMethod.invokeExplosively(FrameworkMethod.java:44)
	at org.junit.internal.runners.statements.InvokeMethod.evaluate(InvokeMethod.java:17)
	at org.junit.internal.runners.statements.FailOnTimeout$StatementThread.run(FailOnTimeout.java:74)
--- com.fasterxml.jackson.databind.type.TypeFactory_ESTest::test099
java.lang.NullPointerException
	at com.fasterxml.jackson.databind.type.TypeFactory._fromAny(TypeFactory.java:1136)
	at com.fasterxml.jackson.databind.type.TypeFactory._fromVariable(TypeFactory.java:1361)
	at com.fasterxml.jackson.databind.type.TypeFactory._fromAny(TypeFactory.java:1119)
	at com.fasterxml.jackson.databind.type.TypeFactory._fromParamType(TypeFactory.java:1332)
	at com.fasterxml.jackson.databind.type.TypeFactory._fromAny(TypeFactory.java:1109)
	at com.fasterxml.jackson.databind.type.TypeFactory._resolveSuperClass(TypeFactory.java:1237)
	at com.fasterxml.jackson.databind.type.TypeFactory._fromClass(TypeFactory.java:1198)
	at com.fasterxml.jackson.databind.type.TypeFactory.constructCollectionType(TypeFactory.java:662)
	at com.fasterxml.jackson.databind.type.TypeFactory_ESTest.test099(TypeFactory_ESTest.java:143)
	at sun.reflect.NativeMethodAccessorImpl.invoke0(Native Method)
	at sun.reflect.NativeMethodAccessorImpl.invoke(NativeMethodAccessorImpl.java:62)
	at sun.reflect.DelegatingMethodAccessorImpl.invoke(DelegatingMethodAccessorImpl.java:43)
	at java.lang.reflect.Method.invoke(Method.java:498)
	at org.junit.runners.model.FrameworkMethod$1.runReflectiveCall(FrameworkMethod.java:47)
	at org.junit.internal.runners.model.ReflectiveCallable.run(ReflectiveCallable.java:12)
	at org.junit.runners.model.FrameworkMethod.invokeExplosively(FrameworkMethod.java:44)
	at org.junit.internal.runners.statements.InvokeMethod.evaluate(InvokeMethod.java:17)
	at org.junit.internal.runners.statements.FailOnTimeout$StatementThread.run(FailOnTimeout.java:74)
--- com.fasterxml.jackson.databind.type.TypeFactory_ESTest::test1919
java.lang.ClassNotFoundException: Class 'mJM~ayZ9M(}d3.class' should be in target project, but could not be found!
	at com.fasterxml.jackson.databind.type.TypeFactory.findClass(TypeFactory.java:273)
	at com.fasterxml.jackson.databind.type.TypeFactory_ESTest.test1919(TypeFactory_ESTest.java:217)
	at sun.reflect.NativeMethodAccessorImpl.invoke0(Native Method)
	at sun.reflect.NativeMethodAccessorImpl.invoke(NativeMethodAccessorImpl.java:62)
	at sun.reflect.DelegatingMethodAccessorImpl.invoke(DelegatingMethodAccessorImpl.java:43)
	at java.lang.reflect.Method.invoke(Method.java:498)
	at org.junit.runners.model.FrameworkMethod$1.runReflectiveCall(FrameworkMethod.java:47)
	at org.junit.internal.runners.model.ReflectiveCallable.run(ReflectiveCallable.java:12)
	at org.junit.runners.model.FrameworkMethod.invokeExplosively(FrameworkMethod.java:44)
	at org.junit.internal.runners.statements.InvokeMethod.evaluate(InvokeMethod.java:17)
	at org.junit.internal.runners.statements.FailOnTimeout$StatementThread.run(FailOnTimeout.java:74)
Caused by: java.lang.ClassNotFoundException: Class 'mJM~ayZ9M(}d3.class' should be in target project, but could not be found!
	at org.evosuite.runtime.instrumentation.EvoClassLoader.instrumentClass(EvoClassLoader.java:109)
	at org.evosuite.runtime.instrumentation.EvoClassLoader.loadClass(EvoClassLoader.java:92)
	at java.lang.Class.forName0(Native Method)
	at java.lang.Class.forName(Class.java:348)
	at com.fasterxml.jackson.databind.type.TypeFactory.classForName(TypeFactory.java:278)
	at com.fasterxml.jackson.databind.type.TypeFactory.findClass(TypeFactory.java:258)
	... 10 more
--- com.fasterxml.jackson.databind.type.TypeFactory_ESTest::test044
org.evosuite.runtime.mock.java.lang.MockIllegalArgumentException: Unrecognized Type: [null]
	at com.fasterxml.jackson.databind.type.TypeFactory._fromAny(TypeFactory.java:1125)
	at com.fasterxml.jackson.databind.type.TypeFactory.constructType(TypeFactory.java:578)
	at com.fasterxml.jackson.databind.type.TypeFactory.rawClass(TypeFactory.java:227)
	at com.fasterxml.jackson.databind.type.TypeFactory_ESTest.test044(TypeFactory_ESTest.java:100)
	at sun.reflect.NativeMethodAccessorImpl.invoke0(Native Method)
	at sun.reflect.NativeMethodAccessorImpl.invoke(NativeMethodAccessorImpl.java:62)
	at sun.reflect.DelegatingMethodAccessorImpl.invoke(DelegatingMethodAccessorImpl.java:43)
	at java.lang.reflect.Method.invoke(Method.java:498)
	at org.junit.runners.model.FrameworkMethod$1.runReflectiveCall(FrameworkMethod.java:47)
	at org.junit.internal.runners.model.ReflectiveCallable.run(ReflectiveCallable.java:12)
	at org.junit.runners.model.FrameworkMethod.invokeExplosively(FrameworkMethod.java:44)
	at org.junit.internal.runners.statements.InvokeMethod.evaluate(InvokeMethod.java:17)
	at org.junit.internal.runners.statements.FailOnTimeout$StatementThread.run(FailOnTimeout.java:74)
