--- org.apache.commons.lang3.time.FastDateFormat_ESTest::test17385
java.lang.NullPointerException
	at org.apache.commons.lang3.time.FastDateFormat.getTimeZoneDisplay(FastDateFormat.java:413)
	at org.apache.commons.lang3.time.FastDateFormat_ESTest.test17385(FastDateFormat_ESTest.java:2888)
	at sun.reflect.NativeMethodAccessorImpl.invoke0(Native Method)
	at sun.reflect.NativeMethodAccessorImpl.invoke(NativeMethodAccessorImpl.java:62)
	at sun.reflect.DelegatingMethodAccessorImpl.invoke(DelegatingMethodAccessorImpl.java:43)
	at java.lang.reflect.Method.invoke(Method.java:498)
	at org.junit.runners.model.FrameworkMethod$1.runReflectiveCall(FrameworkMethod.java:47)
	at org.junit.internal.runners.model.ReflectiveCallable.run(ReflectiveCallable.java:12)
	at org.junit.runners.model.FrameworkMethod.invokeExplosively(FrameworkMethod.java:44)
	at org.junit.internal.runners.statements.InvokeMethod.evaluate(InvokeMethod.java:17)
	at org.junit.internal.runners.statements.FailOnTimeout$StatementThread.run(FailOnTimeout.java:74)
--- org.apache.commons.lang3.time.FastDateFormat_ESTest::test21411
java.lang.IllegalArgumentException: Illegal time style 1437
	at java.text.DateFormat.get(DateFormat.java:784)
	at java.text.DateFormat.getTimeInstance(DateFormat.java:491)
	at org.evosuite.runtime.mock.java.text.MockDateFormat.getTimeInstance(MockDateFormat.java:52)
	at org.apache.commons.lang3.time.FormatCache.getDateTimeInstance(FormatCache.java:130)
	at org.apache.commons.lang3.time.FastDateFormat.getTimeInstance(FastDateFormat.java:282)
	at org.apache.commons.lang3.time.FastDateFormat_ESTest.test21411(FastDateFormat_ESTest.java:3047)
	at sun.reflect.NativeMethodAccessorImpl.invoke0(Native Method)
	at sun.reflect.NativeMethodAccessorImpl.invoke(NativeMethodAccessorImpl.java:62)
	at sun.reflect.DelegatingMethodAccessorImpl.invoke(DelegatingMethodAccessorImpl.java:43)
	at java.lang.reflect.Method.invoke(Method.java:498)
	at org.junit.runners.model.FrameworkMethod$1.runReflectiveCall(FrameworkMethod.java:47)
	at org.junit.internal.runners.model.ReflectiveCallable.run(ReflectiveCallable.java:12)
	at org.junit.runners.model.FrameworkMethod.invokeExplosively(FrameworkMethod.java:44)
	at org.junit.internal.runners.statements.InvokeMethod.evaluate(InvokeMethod.java:17)
	at org.junit.internal.runners.statements.FailOnTimeout$StatementThread.run(FailOnTimeout.java:74)
--- org.apache.commons.lang3.time.FastDateFormat_ESTest::test43678
junit.framework.AssertionFailedError: expected:<0> but was:<21>
	at org.junit.Assert.fail(Assert.java:88)
	at org.junit.Assert.failNotEquals(Assert.java:743)
	at org.junit.Assert.assertEquals(Assert.java:118)
	at org.junit.Assert.assertEquals(Assert.java:555)
	at org.junit.Assert.assertEquals(Assert.java:542)
	at org.apache.commons.lang3.time.FastDateFormat_ESTest.test43678(FastDateFormat_ESTest.java:4863)
	at sun.reflect.NativeMethodAccessorImpl.invoke0(Native Method)
	at sun.reflect.NativeMethodAccessorImpl.invoke(NativeMethodAccessorImpl.java:62)
	at sun.reflect.DelegatingMethodAccessorImpl.invoke(DelegatingMethodAccessorImpl.java:43)
	at java.lang.reflect.Method.invoke(Method.java:498)
	at org.junit.runners.model.FrameworkMethod$1.runReflectiveCall(FrameworkMethod.java:47)
	at org.junit.internal.runners.model.ReflectiveCallable.run(ReflectiveCallable.java:12)
	at org.junit.runners.model.FrameworkMethod.invokeExplosively(FrameworkMethod.java:44)
	at org.junit.internal.runners.statements.InvokeMethod.evaluate(InvokeMethod.java:17)
	at org.junit.internal.runners.statements.FailOnTimeout$StatementThread.run(FailOnTimeout.java:74)
--- org.apache.commons.lang3.time.FastDateFormat_ESTest::test31477
java.lang.IllegalArgumentException: Illegal date style 3153
	at java.text.DateFormat.get(DateFormat.java:791)
	at java.text.DateFormat.getDateInstance(DateFormat.java:537)
	at org.evosuite.runtime.mock.java.text.MockDateFormat.getDateInstance(MockDateFormat.java:71)
	at org.apache.commons.lang3.time.FormatCache.getDateTimeInstance(FormatCache.java:133)
	at org.apache.commons.lang3.time.FastDateFormat.getDateInstance(FastDateFormat.java:220)
	at org.apache.commons.lang3.time.FastDateFormat_ESTest.test31477(FastDateFormat_ESTest.java:3442)
	at sun.reflect.NativeMethodAccessorImpl.invoke0(Native Method)
	at sun.reflect.NativeMethodAccessorImpl.invoke(NativeMethodAccessorImpl.java:62)
	at sun.reflect.DelegatingMethodAccessorImpl.invoke(DelegatingMethodAccessorImpl.java:43)
	at java.lang.reflect.Method.invoke(Method.java:498)
	at org.junit.runners.model.FrameworkMethod$1.runReflectiveCall(FrameworkMethod.java:47)
	at org.junit.internal.runners.model.ReflectiveCallable.run(ReflectiveCallable.java:12)
	at org.junit.runners.model.FrameworkMethod.invokeExplosively(FrameworkMethod.java:44)
	at org.junit.internal.runners.statements.InvokeMethod.evaluate(InvokeMethod.java:17)
	at org.junit.internal.runners.statements.FailOnTimeout$StatementThread.run(FailOnTimeout.java:74)
--- org.apache.commons.lang3.time.FastDateFormat_ESTest::test43697
org.evosuite.runtime.mock.java.lang.MockIllegalArgumentException: Unknown class: java.text.ParsePosition
	at org.apache.commons.lang3.time.FastDateFormat.format(FastDateFormat.java:683)
	at org.apache.commons.lang3.time.FastDateFormat_ESTest.test43697(FastDateFormat_ESTest.java:4997)
	at sun.reflect.NativeMethodAccessorImpl.invoke0(Native Method)
	at sun.reflect.NativeMethodAccessorImpl.invoke(NativeMethodAccessorImpl.java:62)
	at sun.reflect.DelegatingMethodAccessorImpl.invoke(DelegatingMethodAccessorImpl.java:43)
	at java.lang.reflect.Method.invoke(Method.java:498)
	at org.junit.runners.model.FrameworkMethod$1.runReflectiveCall(FrameworkMethod.java:47)
	at org.junit.internal.runners.model.ReflectiveCallable.run(ReflectiveCallable.java:12)
	at org.junit.runners.model.FrameworkMethod.invokeExplosively(FrameworkMethod.java:44)
	at org.junit.internal.runners.statements.InvokeMethod.evaluate(InvokeMethod.java:17)
	at org.junit.internal.runners.statements.FailOnTimeout$StatementThread.run(FailOnTimeout.java:74)
--- org.apache.commons.lang3.time.FastDateFormat_ESTest::test721098
org.evosuite.runtime.mock.java.lang.MockIllegalArgumentException: Illegal pattern component: t
	at org.apache.commons.lang3.time.FastDateFormat.parsePattern(FastDateFormat.java:577)
	at org.apache.commons.lang3.time.FastDateFormat.init(FastDateFormat.java:444)
	at org.apache.commons.lang3.time.FastDateFormat.<init>(FastDateFormat.java:437)
	at org.apache.commons.lang3.time.FastDateFormat$1.createInstance(FastDateFormat.java:110)
	at org.apache.commons.lang3.time.FastDateFormat$1.createInstance(FastDateFormat.java:107)
	at org.apache.commons.lang3.time.FormatCache.getInstance(FormatCache.java:82)
	at org.apache.commons.lang3.time.FastDateFormat.getInstance(FastDateFormat.java:205)
	at org.apache.commons.lang3.time.FastDateFormat_ESTest.test721098(FastDateFormat_ESTest.java:8616)
	at sun.reflect.NativeMethodAccessorImpl.invoke0(Native Method)
	at sun.reflect.NativeMethodAccessorImpl.invoke(NativeMethodAccessorImpl.java:62)
	at sun.reflect.DelegatingMethodAccessorImpl.invoke(DelegatingMethodAccessorImpl.java:43)
	at java.lang.reflect.Method.invoke(Method.java:498)
	at org.junit.runners.model.FrameworkMethod$1.runReflectiveCall(FrameworkMethod.java:47)
	at org.junit.internal.runners.model.ReflectiveCallable.run(ReflectiveCallable.java:12)
	at org.junit.runners.model.FrameworkMethod.invokeExplosively(FrameworkMethod.java:44)
	at org.junit.internal.runners.statements.InvokeMethod.evaluate(InvokeMethod.java:17)
	at org.junit.internal.runners.statements.FailOnTimeout$StatementThread.run(FailOnTimeout.java:74)
--- org.apache.commons.lang3.time.FastDateFormat_ESTest::test731099
org.evosuite.runtime.mock.java.lang.MockIllegalArgumentException: Illegal pattern component: j
	at org.apache.commons.lang3.time.FastDateFormat.parsePattern(FastDateFormat.java:577)
	at org.apache.commons.lang3.time.FastDateFormat.init(FastDateFormat.java:444)
	at org.apache.commons.lang3.time.FastDateFormat.<init>(FastDateFormat.java:437)
	at org.apache.commons.lang3.time.FastDateFormat$1.createInstance(FastDateFormat.java:110)
	at org.apache.commons.lang3.time.FastDateFormat$1.createInstance(FastDateFormat.java:107)
	at org.apache.commons.lang3.time.FormatCache.getInstance(FormatCache.java:82)
	at org.apache.commons.lang3.time.FastDateFormat.getInstance(FastDateFormat.java:159)
	at org.apache.commons.lang3.time.FastDateFormat_ESTest.test731099(FastDateFormat_ESTest.java:8621)
	at sun.reflect.NativeMethodAccessorImpl.invoke0(Native Method)
	at sun.reflect.NativeMethodAccessorImpl.invoke(NativeMethodAccessorImpl.java:62)
	at sun.reflect.DelegatingMethodAccessorImpl.invoke(DelegatingMethodAccessorImpl.java:43)
	at java.lang.reflect.Method.invoke(Method.java:498)
	at org.junit.runners.model.FrameworkMethod$1.runReflectiveCall(FrameworkMethod.java:47)
	at org.junit.internal.runners.model.ReflectiveCallable.run(ReflectiveCallable.java:12)
	at org.junit.runners.model.FrameworkMethod.invokeExplosively(FrameworkMethod.java:44)
	at org.junit.internal.runners.statements.InvokeMethod.evaluate(InvokeMethod.java:17)
	at org.junit.internal.runners.statements.FailOnTimeout$StatementThread.run(FailOnTimeout.java:74)
--- org.apache.commons.lang3.time.FastDateFormat_ESTest::test34522
junit.framework.AssertionFailedError: expected:<0> but was:<21>
	at org.junit.Assert.fail(Assert.java:88)
	at org.junit.Assert.failNotEquals(Assert.java:743)
	at org.junit.Assert.assertEquals(Assert.java:118)
	at org.junit.Assert.assertEquals(Assert.java:555)
	at org.junit.Assert.assertEquals(Assert.java:542)
	at org.apache.commons.lang3.time.FastDateFormat_ESTest.test34522(FastDateFormat_ESTest.java:3738)
	at sun.reflect.NativeMethodAccessorImpl.invoke0(Native Method)
	at sun.reflect.NativeMethodAccessorImpl.invoke(NativeMethodAccessorImpl.java:62)
	at sun.reflect.DelegatingMethodAccessorImpl.invoke(DelegatingMethodAccessorImpl.java:43)
	at java.lang.reflect.Method.invoke(Method.java:498)
	at org.junit.runners.model.FrameworkMethod$1.runReflectiveCall(FrameworkMethod.java:47)
	at org.junit.internal.runners.model.ReflectiveCallable.run(ReflectiveCallable.java:12)
	at org.junit.runners.model.FrameworkMethod.invokeExplosively(FrameworkMethod.java:44)
	at org.junit.internal.runners.statements.InvokeMethod.evaluate(InvokeMethod.java:17)
	at org.junit.internal.runners.statements.FailOnTimeout$StatementThread.run(FailOnTimeout.java:74)
--- org.apache.commons.lang3.time.FastDateFormat_ESTest::test801106
java.lang.IllegalArgumentException: Illegal date style 1745
	at java.text.DateFormat.get(DateFormat.java:791)
	at java.text.DateFormat.getDateInstance(DateFormat.java:537)
	at org.evosuite.runtime.mock.java.text.MockDateFormat.getDateInstance(MockDateFormat.java:71)
	at org.apache.commons.lang3.time.FormatCache.getDateTimeInstance(FormatCache.java:133)
	at org.apache.commons.lang3.time.FastDateFormat.getDateInstance(FastDateFormat.java:251)
	at org.apache.commons.lang3.time.FastDateFormat_ESTest.test801106(FastDateFormat_ESTest.java:8675)
	at sun.reflect.NativeMethodAccessorImpl.invoke0(Native Method)
	at sun.reflect.NativeMethodAccessorImpl.invoke(NativeMethodAccessorImpl.java:62)
	at sun.reflect.DelegatingMethodAccessorImpl.invoke(DelegatingMethodAccessorImpl.java:43)
	at java.lang.reflect.Method.invoke(Method.java:498)
	at org.junit.runners.model.FrameworkMethod$1.runReflectiveCall(FrameworkMethod.java:47)
	at org.junit.internal.runners.model.ReflectiveCallable.run(ReflectiveCallable.java:12)
	at org.junit.runners.model.FrameworkMethod.invokeExplosively(FrameworkMethod.java:44)
	at org.junit.internal.runners.statements.InvokeMethod.evaluate(InvokeMethod.java:17)
	at org.junit.internal.runners.statements.FailOnTimeout$StatementThread.run(FailOnTimeout.java:74)
--- org.apache.commons.lang3.time.FastDateFormat_ESTest::test41630
junit.framework.AssertionFailedError: expected:<0> but was:<31>
	at org.junit.Assert.fail(Assert.java:88)
	at org.junit.Assert.failNotEquals(Assert.java:743)
	at org.junit.Assert.assertEquals(Assert.java:118)
	at org.junit.Assert.assertEquals(Assert.java:555)
	at org.junit.Assert.assertEquals(Assert.java:542)
	at org.apache.commons.lang3.time.FastDateFormat_ESTest.test41630(FastDateFormat_ESTest.java:4475)
	at sun.reflect.NativeMethodAccessorImpl.invoke0(Native Method)
	at sun.reflect.NativeMethodAccessorImpl.invoke(NativeMethodAccessorImpl.java:62)
	at sun.reflect.DelegatingMethodAccessorImpl.invoke(DelegatingMethodAccessorImpl.java:43)
	at java.lang.reflect.Method.invoke(Method.java:498)
	at org.junit.runners.model.FrameworkMethod$1.runReflectiveCall(FrameworkMethod.java:47)
	at org.junit.internal.runners.model.ReflectiveCallable.run(ReflectiveCallable.java:12)
	at org.junit.runners.model.FrameworkMethod.invokeExplosively(FrameworkMethod.java:44)
	at org.junit.internal.runners.statements.InvokeMethod.evaluate(InvokeMethod.java:17)
	at org.junit.internal.runners.statements.FailOnTimeout$StatementThread.run(FailOnTimeout.java:74)
--- org.apache.commons.lang3.time.FastDateFormat_ESTest::test15356
java.lang.NullPointerException
	at org.apache.commons.lang3.time.FastDateFormat.parseToken(FastDateFormat.java:597)
	at org.apache.commons.lang3.time.FastDateFormat_ESTest.test15356(FastDateFormat_ESTest.java:2705)
	at sun.reflect.NativeMethodAccessorImpl.invoke0(Native Method)
	at sun.reflect.NativeMethodAccessorImpl.invoke(NativeMethodAccessorImpl.java:62)
	at sun.reflect.DelegatingMethodAccessorImpl.invoke(DelegatingMethodAccessorImpl.java:43)
	at java.lang.reflect.Method.invoke(Method.java:498)
	at org.junit.runners.model.FrameworkMethod$1.runReflectiveCall(FrameworkMethod.java:47)
	at org.junit.internal.runners.model.ReflectiveCallable.run(ReflectiveCallable.java:12)
	at org.junit.runners.model.FrameworkMethod.invokeExplosively(FrameworkMethod.java:44)
	at org.junit.internal.runners.statements.InvokeMethod.evaluate(InvokeMethod.java:17)
	at org.junit.internal.runners.statements.FailOnTimeout$StatementThread.run(FailOnTimeout.java:74)
--- org.apache.commons.lang3.time.FastDateFormat_ESTest::test28458
java.lang.IllegalArgumentException: Illegal time style -761
	at java.text.DateFormat.get(DateFormat.java:784)
	at java.text.DateFormat.getDateTimeInstance(DateFormat.java:586)
	at org.evosuite.runtime.mock.java.text.MockDateFormat.getDateTimeInstance(MockDateFormat.java:91)
	at org.apache.commons.lang3.time.FormatCache.getDateTimeInstance(FormatCache.java:136)
	at org.apache.commons.lang3.time.FastDateFormat.getDateTimeInstance(FastDateFormat.java:345)
	at org.apache.commons.lang3.time.FastDateFormat_ESTest.test28458(FastDateFormat_ESTest.java:3329)
	at sun.reflect.NativeMethodAccessorImpl.invoke0(Native Method)
	at sun.reflect.NativeMethodAccessorImpl.invoke(NativeMethodAccessorImpl.java:62)
	at sun.reflect.DelegatingMethodAccessorImpl.invoke(DelegatingMethodAccessorImpl.java:43)
	at java.lang.reflect.Method.invoke(Method.java:498)
	at org.junit.runners.model.FrameworkMethod$1.runReflectiveCall(FrameworkMethod.java:47)
	at org.junit.internal.runners.model.ReflectiveCallable.run(ReflectiveCallable.java:12)
	at org.junit.runners.model.FrameworkMethod.invokeExplosively(FrameworkMethod.java:44)
	at org.junit.internal.runners.statements.InvokeMethod.evaluate(InvokeMethod.java:17)
	at org.junit.internal.runners.statements.FailOnTimeout$StatementThread.run(FailOnTimeout.java:74)
--- org.apache.commons.lang3.time.FastDateFormat_ESTest::test41645
org.evosuite.runtime.mock.java.lang.MockIllegalArgumentException: Unknown class: <null>
	at org.apache.commons.lang3.time.FastDateFormat.format(FastDateFormat.java:683)
	at org.apache.commons.lang3.time.FastDateFormat_ESTest.test41645(FastDateFormat_ESTest.java:4573)
	at sun.reflect.NativeMethodAccessorImpl.invoke0(Native Method)
	at sun.reflect.NativeMethodAccessorImpl.invoke(NativeMethodAccessorImpl.java:62)
	at sun.reflect.DelegatingMethodAccessorImpl.invoke(DelegatingMethodAccessorImpl.java:43)
	at java.lang.reflect.Method.invoke(Method.java:498)
	at org.junit.runners.model.FrameworkMethod$1.runReflectiveCall(FrameworkMethod.java:47)
	at org.junit.internal.runners.model.ReflectiveCallable.run(ReflectiveCallable.java:12)
	at org.junit.runners.model.FrameworkMethod.invokeExplosively(FrameworkMethod.java:44)
	at org.junit.internal.runners.statements.InvokeMethod.evaluate(InvokeMethod.java:17)
	at org.junit.internal.runners.statements.FailOnTimeout$StatementThread.run(FailOnTimeout.java:74)
--- org.apache.commons.lang3.time.FastDateFormat_ESTest::test39579
junit.framework.AssertionFailedError: expected:<0> but was:<21>
	at org.junit.Assert.fail(Assert.java:88)
	at org.junit.Assert.failNotEquals(Assert.java:743)
	at org.junit.Assert.assertEquals(Assert.java:118)
	at org.junit.Assert.assertEquals(Assert.java:555)
	at org.junit.Assert.assertEquals(Assert.java:542)
	at org.apache.commons.lang3.time.FastDateFormat_ESTest.test39579(FastDateFormat_ESTest.java:4113)
	at sun.reflect.NativeMethodAccessorImpl.invoke0(Native Method)
	at sun.reflect.NativeMethodAccessorImpl.invoke(NativeMethodAccessorImpl.java:62)
	at sun.reflect.DelegatingMethodAccessorImpl.invoke(DelegatingMethodAccessorImpl.java:43)
	at java.lang.reflect.Method.invoke(Method.java:498)
	at org.junit.runners.model.FrameworkMethod$1.runReflectiveCall(FrameworkMethod.java:47)
	at org.junit.internal.runners.model.ReflectiveCallable.run(ReflectiveCallable.java:12)
	at org.junit.runners.model.FrameworkMethod.invokeExplosively(FrameworkMethod.java:44)
	at org.junit.internal.runners.statements.InvokeMethod.evaluate(InvokeMethod.java:17)
	at org.junit.internal.runners.statements.FailOnTimeout$StatementThread.run(FailOnTimeout.java:74)
--- org.apache.commons.lang3.time.FastDateFormat_ESTest::test07120
junit.framework.AssertionFailedError: expected:<0> but was:<21>
	at org.junit.Assert.fail(Assert.java:88)
	at org.junit.Assert.failNotEquals(Assert.java:743)
	at org.junit.Assert.assertEquals(Assert.java:118)
	at org.junit.Assert.assertEquals(Assert.java:555)
	at org.junit.Assert.assertEquals(Assert.java:542)
	at org.apache.commons.lang3.time.FastDateFormat_ESTest.test07120(FastDateFormat_ESTest.java:833)
	at sun.reflect.NativeMethodAccessorImpl.invoke0(Native Method)
	at sun.reflect.NativeMethodAccessorImpl.invoke(NativeMethodAccessorImpl.java:62)
	at sun.reflect.DelegatingMethodAccessorImpl.invoke(DelegatingMethodAccessorImpl.java:43)
	at java.lang.reflect.Method.invoke(Method.java:498)
	at org.junit.runners.model.FrameworkMethod$1.runReflectiveCall(FrameworkMethod.java:47)
	at org.junit.internal.runners.model.ReflectiveCallable.run(ReflectiveCallable.java:12)
	at org.junit.runners.model.FrameworkMethod.invokeExplosively(FrameworkMethod.java:44)
	at org.junit.internal.runners.statements.InvokeMethod.evaluate(InvokeMethod.java:17)
	at org.junit.internal.runners.statements.FailOnTimeout$StatementThread.run(FailOnTimeout.java:74)
--- org.apache.commons.lang3.time.FastDateFormat_ESTest::test44716
junit.framework.AssertionFailedError: expected:<0> but was:<21>
	at org.junit.Assert.fail(Assert.java:88)
	at org.junit.Assert.failNotEquals(Assert.java:743)
	at org.junit.Assert.assertEquals(Assert.java:118)
	at org.junit.Assert.assertEquals(Assert.java:555)
	at org.junit.Assert.assertEquals(Assert.java:542)
	at org.apache.commons.lang3.time.FastDateFormat_ESTest.test44716(FastDateFormat_ESTest.java:5147)
	at sun.reflect.NativeMethodAccessorImpl.invoke0(Native Method)
	at sun.reflect.NativeMethodAccessorImpl.invoke(NativeMethodAccessorImpl.java:62)
	at sun.reflect.DelegatingMethodAccessorImpl.invoke(DelegatingMethodAccessorImpl.java:43)
	at java.lang.reflect.Method.invoke(Method.java:498)
	at org.junit.runners.model.FrameworkMethod$1.runReflectiveCall(FrameworkMethod.java:47)
	at org.junit.internal.runners.model.ReflectiveCallable.run(ReflectiveCallable.java:12)
	at org.junit.runners.model.FrameworkMethod.invokeExplosively(FrameworkMethod.java:44)
	at org.junit.internal.runners.statements.InvokeMethod.evaluate(InvokeMethod.java:17)
	at org.junit.internal.runners.statements.FailOnTimeout$StatementThread.run(FailOnTimeout.java:74)
--- org.apache.commons.lang3.time.FastDateFormat_ESTest::test07107
junit.framework.AssertionFailedError: expected:<0> but was:<21>
	at org.junit.Assert.fail(Assert.java:88)
	at org.junit.Assert.failNotEquals(Assert.java:743)
	at org.junit.Assert.assertEquals(Assert.java:118)
	at org.junit.Assert.assertEquals(Assert.java:555)
	at org.junit.Assert.assertEquals(Assert.java:542)
	at org.apache.commons.lang3.time.FastDateFormat_ESTest.test07107(FastDateFormat_ESTest.java:749)
	at sun.reflect.NativeMethodAccessorImpl.invoke0(Native Method)
	at sun.reflect.NativeMethodAccessorImpl.invoke(NativeMethodAccessorImpl.java:62)
	at sun.reflect.DelegatingMethodAccessorImpl.invoke(DelegatingMethodAccessorImpl.java:43)
	at java.lang.reflect.Method.invoke(Method.java:498)
	at org.junit.runners.model.FrameworkMethod$1.runReflectiveCall(FrameworkMethod.java:47)
	at org.junit.internal.runners.model.ReflectiveCallable.run(ReflectiveCallable.java:12)
	at org.junit.runners.model.FrameworkMethod.invokeExplosively(FrameworkMethod.java:44)
	at org.junit.internal.runners.statements.InvokeMethod.evaluate(InvokeMethod.java:17)
	at org.junit.internal.runners.statements.FailOnTimeout$StatementThread.run(FailOnTimeout.java:74)
--- org.apache.commons.lang3.time.FastDateFormat_ESTest::test25435
org.evosuite.runtime.mock.java.lang.MockNullPointerException: pattern must not be null
	at org.apache.commons.lang3.time.FormatCache.getInstance(FormatCache.java:71)
	at org.apache.commons.lang3.time.FastDateFormat.getInstance(FastDateFormat.java:159)
	at org.apache.commons.lang3.time.FastDateFormat_ESTest.test25435(FastDateFormat_ESTest.java:3187)
	at sun.reflect.NativeMethodAccessorImpl.invoke0(Native Method)
	at sun.reflect.NativeMethodAccessorImpl.invoke(NativeMethodAccessorImpl.java:62)
	at sun.reflect.DelegatingMethodAccessorImpl.invoke(DelegatingMethodAccessorImpl.java:43)
	at java.lang.reflect.Method.invoke(Method.java:498)
	at org.junit.runners.model.FrameworkMethod$1.runReflectiveCall(FrameworkMethod.java:47)
	at org.junit.internal.runners.model.ReflectiveCallable.run(ReflectiveCallable.java:12)
	at org.junit.runners.model.FrameworkMethod.invokeExplosively(FrameworkMethod.java:44)
	at org.junit.internal.runners.statements.InvokeMethod.evaluate(InvokeMethod.java:17)
	at org.junit.internal.runners.statements.FailOnTimeout$StatementThread.run(FailOnTimeout.java:74)
--- org.apache.commons.lang3.time.FastDateFormat_ESTest::test601044
org.evosuite.runtime.mock.java.lang.MockIllegalArgumentException: Illegal pattern component: U
	at org.apache.commons.lang3.time.FastDateFormat.parsePattern(FastDateFormat.java:577)
	at org.apache.commons.lang3.time.FastDateFormat.init(FastDateFormat.java:444)
	at org.apache.commons.lang3.time.FastDateFormat.<init>(FastDateFormat.java:437)
	at org.apache.commons.lang3.time.FastDateFormat$1.createInstance(FastDateFormat.java:110)
	at org.apache.commons.lang3.time.FastDateFormat$1.createInstance(FastDateFormat.java:107)
	at org.apache.commons.lang3.time.FormatCache.getInstance(FormatCache.java:82)
	at org.apache.commons.lang3.time.FastDateFormat.getInstance(FastDateFormat.java:159)
	at org.apache.commons.lang3.time.FastDateFormat_ESTest.test601044(FastDateFormat_ESTest.java:8295)
	at sun.reflect.NativeMethodAccessorImpl.invoke0(Native Method)
	at sun.reflect.NativeMethodAccessorImpl.invoke(NativeMethodAccessorImpl.java:62)
	at sun.reflect.DelegatingMethodAccessorImpl.invoke(DelegatingMethodAccessorImpl.java:43)
	at java.lang.reflect.Method.invoke(Method.java:498)
	at org.junit.runners.model.FrameworkMethod$1.runReflectiveCall(FrameworkMethod.java:47)
	at org.junit.internal.runners.model.ReflectiveCallable.run(ReflectiveCallable.java:12)
	at org.junit.runners.model.FrameworkMethod.invokeExplosively(FrameworkMethod.java:44)
	at org.junit.internal.runners.statements.InvokeMethod.evaluate(InvokeMethod.java:17)
	at org.junit.internal.runners.statements.FailOnTimeout$StatementThread.run(FailOnTimeout.java:74)
--- org.apache.commons.lang3.time.FastDateFormat_ESTest::test741100
org.evosuite.runtime.mock.java.lang.MockIllegalArgumentException: Illegal pattern component: B
	at org.apache.commons.lang3.time.FastDateFormat.parsePattern(FastDateFormat.java:577)
	at org.apache.commons.lang3.time.FastDateFormat.init(FastDateFormat.java:444)
	at org.apache.commons.lang3.time.FastDateFormat.<init>(FastDateFormat.java:437)
	at org.apache.commons.lang3.time.FastDateFormat_ESTest.test741100(FastDateFormat_ESTest.java:8629)
	at sun.reflect.NativeMethodAccessorImpl.invoke0(Native Method)
	at sun.reflect.NativeMethodAccessorImpl.invoke(NativeMethodAccessorImpl.java:62)
	at sun.reflect.DelegatingMethodAccessorImpl.invoke(DelegatingMethodAccessorImpl.java:43)
	at java.lang.reflect.Method.invoke(Method.java:498)
	at org.junit.runners.model.FrameworkMethod$1.runReflectiveCall(FrameworkMethod.java:47)
	at org.junit.internal.runners.model.ReflectiveCallable.run(ReflectiveCallable.java:12)
	at org.junit.runners.model.FrameworkMethod.invokeExplosively(FrameworkMethod.java:44)
	at org.junit.internal.runners.statements.InvokeMethod.evaluate(InvokeMethod.java:17)
	at org.junit.internal.runners.statements.FailOnTimeout$StatementThread.run(FailOnTimeout.java:74)
--- org.apache.commons.lang3.time.FastDateFormat_ESTest::test39601
junit.framework.AssertionFailedError: expected:<1> but was:<21>
	at org.junit.Assert.fail(Assert.java:88)
	at org.junit.Assert.failNotEquals(Assert.java:743)
	at org.junit.Assert.assertEquals(Assert.java:118)
	at org.junit.Assert.assertEquals(Assert.java:555)
	at org.junit.Assert.assertEquals(Assert.java:542)
	at org.apache.commons.lang3.time.FastDateFormat_ESTest.test39601(FastDateFormat_ESTest.java:4266)
	at sun.reflect.NativeMethodAccessorImpl.invoke0(Native Method)
	at sun.reflect.NativeMethodAccessorImpl.invoke(NativeMethodAccessorImpl.java:62)
	at sun.reflect.DelegatingMethodAccessorImpl.invoke(DelegatingMethodAccessorImpl.java:43)
	at java.lang.reflect.Method.invoke(Method.java:498)
	at org.junit.runners.model.FrameworkMethod$1.runReflectiveCall(FrameworkMethod.java:47)
	at org.junit.internal.runners.model.ReflectiveCallable.run(ReflectiveCallable.java:12)
	at org.junit.runners.model.FrameworkMethod.invokeExplosively(FrameworkMethod.java:44)
	at org.junit.internal.runners.statements.InvokeMethod.evaluate(InvokeMethod.java:17)
	at org.junit.internal.runners.statements.FailOnTimeout$StatementThread.run(FailOnTimeout.java:74)
--- org.apache.commons.lang3.time.FastDateFormat_ESTest::test39600
junit.framework.AssertionFailedError
	at org.junit.Assert.fail(Assert.java:86)
	at org.junit.Assert.assertTrue(Assert.java:41)
	at org.junit.Assert.assertTrue(Assert.java:52)
	at org.apache.commons.lang3.time.FastDateFormat_ESTest.test39600(FastDateFormat_ESTest.java:4256)
	at sun.reflect.NativeMethodAccessorImpl.invoke0(Native Method)
	at sun.reflect.NativeMethodAccessorImpl.invoke(NativeMethodAccessorImpl.java:62)
	at sun.reflect.DelegatingMethodAccessorImpl.invoke(DelegatingMethodAccessorImpl.java:43)
	at java.lang.reflect.Method.invoke(Method.java:498)
	at org.junit.runners.model.FrameworkMethod$1.runReflectiveCall(FrameworkMethod.java:47)
	at org.junit.internal.runners.model.ReflectiveCallable.run(ReflectiveCallable.java:12)
	at org.junit.runners.model.FrameworkMethod.invokeExplosively(FrameworkMethod.java:44)
	at org.junit.internal.runners.statements.InvokeMethod.evaluate(InvokeMethod.java:17)
	at org.junit.internal.runners.statements.FailOnTimeout$StatementThread.run(FailOnTimeout.java:74)
--- org.apache.commons.lang3.time.FastDateFormat_ESTest::test821108
junit.framework.AssertionFailedError: expected:<0> but was:<21>
	at org.junit.Assert.fail(Assert.java:88)
	at org.junit.Assert.failNotEquals(Assert.java:743)
	at org.junit.Assert.assertEquals(Assert.java:118)
	at org.junit.Assert.assertEquals(Assert.java:555)
	at org.junit.Assert.assertEquals(Assert.java:542)
	at org.apache.commons.lang3.time.FastDateFormat_ESTest.test821108(FastDateFormat_ESTest.java:8692)
	at sun.reflect.NativeMethodAccessorImpl.invoke0(Native Method)
	at sun.reflect.NativeMethodAccessorImpl.invoke(NativeMethodAccessorImpl.java:62)
	at sun.reflect.DelegatingMethodAccessorImpl.invoke(DelegatingMethodAccessorImpl.java:43)
	at java.lang.reflect.Method.invoke(Method.java:498)
	at org.junit.runners.model.FrameworkMethod$1.runReflectiveCall(FrameworkMethod.java:47)
	at org.junit.internal.runners.model.ReflectiveCallable.run(ReflectiveCallable.java:12)
	at org.junit.runners.model.FrameworkMethod.invokeExplosively(FrameworkMethod.java:44)
	at org.junit.internal.runners.statements.InvokeMethod.evaluate(InvokeMethod.java:17)
	at org.junit.internal.runners.statements.FailOnTimeout$StatementThread.run(FailOnTimeout.java:74)
--- org.apache.commons.lang3.time.FastDateFormat_ESTest::test14328
junit.framework.AssertionFailedError: expected:<0> but was:<31>
	at org.junit.Assert.fail(Assert.java:88)
	at org.junit.Assert.failNotEquals(Assert.java:743)
	at org.junit.Assert.assertEquals(Assert.java:118)
	at org.junit.Assert.assertEquals(Assert.java:555)
	at org.junit.Assert.assertEquals(Assert.java:542)
	at org.apache.commons.lang3.time.FastDateFormat_ESTest.test14328(FastDateFormat_ESTest.java:2531)
	at sun.reflect.NativeMethodAccessorImpl.invoke0(Native Method)
	at sun.reflect.NativeMethodAccessorImpl.invoke(NativeMethodAccessorImpl.java:62)
	at sun.reflect.DelegatingMethodAccessorImpl.invoke(DelegatingMethodAccessorImpl.java:43)
	at java.lang.reflect.Method.invoke(Method.java:498)
	at org.junit.runners.model.FrameworkMethod$1.runReflectiveCall(FrameworkMethod.java:47)
	at org.junit.internal.runners.model.ReflectiveCallable.run(ReflectiveCallable.java:12)
	at org.junit.runners.model.FrameworkMethod.invokeExplosively(FrameworkMethod.java:44)
	at org.junit.internal.runners.statements.InvokeMethod.evaluate(InvokeMethod.java:17)
	at org.junit.internal.runners.statements.FailOnTimeout$StatementThread.run(FailOnTimeout.java:74)
--- org.apache.commons.lang3.time.FastDateFormat_ESTest::test811107
junit.framework.AssertionFailedError
	at org.junit.Assert.fail(Assert.java:86)
	at org.junit.Assert.assertTrue(Assert.java:41)
	at org.junit.Assert.assertTrue(Assert.java:52)
	at org.apache.commons.lang3.time.FastDateFormat_ESTest.test811107(FastDateFormat_ESTest.java:8684)
	at sun.reflect.NativeMethodAccessorImpl.invoke0(Native Method)
	at sun.reflect.NativeMethodAccessorImpl.invoke(NativeMethodAccessorImpl.java:62)
	at sun.reflect.DelegatingMethodAccessorImpl.invoke(DelegatingMethodAccessorImpl.java:43)
	at java.lang.reflect.Method.invoke(Method.java:498)
	at org.junit.runners.model.FrameworkMethod$1.runReflectiveCall(FrameworkMethod.java:47)
	at org.junit.internal.runners.model.ReflectiveCallable.run(ReflectiveCallable.java:12)
	at org.junit.runners.model.FrameworkMethod.invokeExplosively(FrameworkMethod.java:44)
	at org.junit.internal.runners.statements.InvokeMethod.evaluate(InvokeMethod.java:17)
	at org.junit.internal.runners.statements.FailOnTimeout$StatementThread.run(FailOnTimeout.java:74)
--- org.apache.commons.lang3.time.FastDateFormat_ESTest::test40616
junit.framework.AssertionFailedError: expected:<0> but was:<21>
	at org.junit.Assert.fail(Assert.java:88)
	at org.junit.Assert.failNotEquals(Assert.java:743)
	at org.junit.Assert.assertEquals(Assert.java:118)
	at org.junit.Assert.assertEquals(Assert.java:555)
	at org.junit.Assert.assertEquals(Assert.java:542)
	at org.apache.commons.lang3.time.FastDateFormat_ESTest.test40616(FastDateFormat_ESTest.java:4391)
	at sun.reflect.NativeMethodAccessorImpl.invoke0(Native Method)
	at sun.reflect.NativeMethodAccessorImpl.invoke(NativeMethodAccessorImpl.java:62)
	at sun.reflect.DelegatingMethodAccessorImpl.invoke(DelegatingMethodAccessorImpl.java:43)
	at java.lang.reflect.Method.invoke(Method.java:498)
	at org.junit.runners.model.FrameworkMethod$1.runReflectiveCall(FrameworkMethod.java:47)
	at org.junit.internal.runners.model.ReflectiveCallable.run(ReflectiveCallable.java:12)
	at org.junit.runners.model.FrameworkMethod.invokeExplosively(FrameworkMethod.java:44)
	at org.junit.internal.runners.statements.InvokeMethod.evaluate(InvokeMethod.java:17)
	at org.junit.internal.runners.statements.FailOnTimeout$StatementThread.run(FailOnTimeout.java:74)
--- org.apache.commons.lang3.time.FastDateFormat_ESTest::test14335
java.lang.StringIndexOutOfBoundsException: String index out of range: 0
	at java.lang.String.charAt(String.java:658)
	at org.apache.commons.lang3.time.FastDateFormat.parseToken(FastDateFormat.java:599)
	at org.apache.commons.lang3.time.FastDateFormat_ESTest.test14335(FastDateFormat_ESTest.java:2569)
	at sun.reflect.NativeMethodAccessorImpl.invoke0(Native Method)
	at sun.reflect.NativeMethodAccessorImpl.invoke(NativeMethodAccessorImpl.java:62)
	at sun.reflect.DelegatingMethodAccessorImpl.invoke(DelegatingMethodAccessorImpl.java:43)
	at java.lang.reflect.Method.invoke(Method.java:498)
	at org.junit.runners.model.FrameworkMethod$1.runReflectiveCall(FrameworkMethod.java:47)
	at org.junit.internal.runners.model.ReflectiveCallable.run(ReflectiveCallable.java:12)
	at org.junit.runners.model.FrameworkMethod.invokeExplosively(FrameworkMethod.java:44)
	at org.junit.internal.runners.statements.InvokeMethod.evaluate(InvokeMethod.java:17)
	at org.junit.internal.runners.statements.FailOnTimeout$StatementThread.run(FailOnTimeout.java:74)
--- org.apache.commons.lang3.time.FastDateFormat_ESTest::test51999
org.evosuite.runtime.mock.java.lang.MockIllegalArgumentException: Illegal pattern component: p
	at org.apache.commons.lang3.time.FastDateFormat.parsePattern(FastDateFormat.java:577)
	at org.apache.commons.lang3.time.FastDateFormat.init(FastDateFormat.java:444)
	at org.apache.commons.lang3.time.FastDateFormat.<init>(FastDateFormat.java:437)
	at org.apache.commons.lang3.time.FastDateFormat$1.createInstance(FastDateFormat.java:110)
	at org.apache.commons.lang3.time.FastDateFormat$1.createInstance(FastDateFormat.java:107)
	at org.apache.commons.lang3.time.FormatCache.getInstance(FormatCache.java:82)
	at org.apache.commons.lang3.time.FastDateFormat.getInstance(FastDateFormat.java:159)
	at org.apache.commons.lang3.time.FastDateFormat_ESTest.test51999(FastDateFormat_ESTest.java:8026)
	at sun.reflect.NativeMethodAccessorImpl.invoke0(Native Method)
	at sun.reflect.NativeMethodAccessorImpl.invoke(NativeMethodAccessorImpl.java:62)
	at sun.reflect.DelegatingMethodAccessorImpl.invoke(DelegatingMethodAccessorImpl.java:43)
	at java.lang.reflect.Method.invoke(Method.java:498)
	at org.junit.runners.model.FrameworkMethod$1.runReflectiveCall(FrameworkMethod.java:47)
	at org.junit.internal.runners.model.ReflectiveCallable.run(ReflectiveCallable.java:12)
	at org.junit.runners.model.FrameworkMethod.invokeExplosively(FrameworkMethod.java:44)
	at org.junit.internal.runners.statements.InvokeMethod.evaluate(InvokeMethod.java:17)
	at org.junit.internal.runners.statements.FailOnTimeout$StatementThread.run(FailOnTimeout.java:74)
--- org.apache.commons.lang3.time.FastDateFormat_ESTest::test611052
org.evosuite.runtime.mock.java.lang.MockIllegalArgumentException: Illegal pattern component: T
	at org.apache.commons.lang3.time.FastDateFormat.parsePattern(FastDateFormat.java:577)
	at org.apache.commons.lang3.time.FastDateFormat.init(FastDateFormat.java:444)
	at org.apache.commons.lang3.time.FastDateFormat.<init>(FastDateFormat.java:437)
	at org.apache.commons.lang3.time.FastDateFormat$1.createInstance(FastDateFormat.java:110)
	at org.apache.commons.lang3.time.FastDateFormat$1.createInstance(FastDateFormat.java:107)
	at org.apache.commons.lang3.time.FormatCache.getInstance(FormatCache.java:82)
	at org.apache.commons.lang3.time.FastDateFormat.getInstance(FastDateFormat.java:188)
	at org.apache.commons.lang3.time.FastDateFormat_ESTest.test611052(FastDateFormat_ESTest.java:8342)
	at sun.reflect.NativeMethodAccessorImpl.invoke0(Native Method)
	at sun.reflect.NativeMethodAccessorImpl.invoke(NativeMethodAccessorImpl.java:62)
	at sun.reflect.DelegatingMethodAccessorImpl.invoke(DelegatingMethodAccessorImpl.java:43)
	at java.lang.reflect.Method.invoke(Method.java:498)
	at org.junit.runners.model.FrameworkMethod$1.runReflectiveCall(FrameworkMethod.java:47)
	at org.junit.internal.runners.model.ReflectiveCallable.run(ReflectiveCallable.java:12)
	at org.junit.runners.model.FrameworkMethod.invokeExplosively(FrameworkMethod.java:44)
	at org.junit.internal.runners.statements.InvokeMethod.evaluate(InvokeMethod.java:17)
	at org.junit.internal.runners.statements.FailOnTimeout$StatementThread.run(FailOnTimeout.java:74)
--- org.apache.commons.lang3.time.FastDateFormat_ESTest::test0586
junit.framework.AssertionFailedError: expected:<0> but was:<10>
	at org.junit.Assert.fail(Assert.java:88)
	at org.junit.Assert.failNotEquals(Assert.java:743)
	at org.junit.Assert.assertEquals(Assert.java:118)
	at org.junit.Assert.assertEquals(Assert.java:555)
	at org.junit.Assert.assertEquals(Assert.java:542)
	at org.apache.commons.lang3.time.FastDateFormat_ESTest.test0586(FastDateFormat_ESTest.java:621)
	at sun.reflect.NativeMethodAccessorImpl.invoke0(Native Method)
	at sun.reflect.NativeMethodAccessorImpl.invoke(NativeMethodAccessorImpl.java:62)
	at sun.reflect.DelegatingMethodAccessorImpl.invoke(DelegatingMethodAccessorImpl.java:43)
	at java.lang.reflect.Method.invoke(Method.java:498)
	at org.junit.runners.model.FrameworkMethod$1.runReflectiveCall(FrameworkMethod.java:47)
	at org.junit.internal.runners.model.ReflectiveCallable.run(ReflectiveCallable.java:12)
	at org.junit.runners.model.FrameworkMethod.invokeExplosively(FrameworkMethod.java:44)
	at org.junit.internal.runners.statements.InvokeMethod.evaluate(InvokeMethod.java:17)
	at org.junit.internal.runners.statements.FailOnTimeout$StatementThread.run(FailOnTimeout.java:74)
--- org.apache.commons.lang3.time.FastDateFormat_ESTest::test711088
org.evosuite.runtime.mock.java.lang.MockIllegalArgumentException: Illegal pattern component: X
	at org.apache.commons.lang3.time.FastDateFormat.parsePattern(FastDateFormat.java:577)
	at org.apache.commons.lang3.time.FastDateFormat.init(FastDateFormat.java:444)
	at org.apache.commons.lang3.time.FastDateFormat.<init>(FastDateFormat.java:437)
	at org.apache.commons.lang3.time.FastDateFormat$1.createInstance(FastDateFormat.java:110)
	at org.apache.commons.lang3.time.FastDateFormat$1.createInstance(FastDateFormat.java:107)
	at org.apache.commons.lang3.time.FormatCache.getInstance(FormatCache.java:82)
	at org.apache.commons.lang3.time.FastDateFormat.getInstance(FastDateFormat.java:159)
	at org.apache.commons.lang3.time.FastDateFormat_ESTest.test711088(FastDateFormat_ESTest.java:8550)
	at sun.reflect.NativeMethodAccessorImpl.invoke0(Native Method)
	at sun.reflect.NativeMethodAccessorImpl.invoke(NativeMethodAccessorImpl.java:62)
	at sun.reflect.DelegatingMethodAccessorImpl.invoke(DelegatingMethodAccessorImpl.java:43)
	at java.lang.reflect.Method.invoke(Method.java:498)
	at org.junit.runners.model.FrameworkMethod$1.runReflectiveCall(FrameworkMethod.java:47)
	at org.junit.internal.runners.model.ReflectiveCallable.run(ReflectiveCallable.java:12)
	at org.junit.runners.model.FrameworkMethod.invokeExplosively(FrameworkMethod.java:44)
	at org.junit.internal.runners.statements.InvokeMethod.evaluate(InvokeMethod.java:17)
	at org.junit.internal.runners.statements.FailOnTimeout$StatementThread.run(FailOnTimeout.java:74)
--- org.apache.commons.lang3.time.FastDateFormat_ESTest::test761102
junit.framework.AssertionFailedError: expected:<0> but was:<7>
	at org.junit.Assert.fail(Assert.java:88)
	at org.junit.Assert.failNotEquals(Assert.java:743)
	at org.junit.Assert.assertEquals(Assert.java:118)
	at org.junit.Assert.assertEquals(Assert.java:555)
	at org.junit.Assert.assertEquals(Assert.java:542)
	at org.apache.commons.lang3.time.FastDateFormat_ESTest.test761102(FastDateFormat_ESTest.java:8646)
	at sun.reflect.NativeMethodAccessorImpl.invoke0(Native Method)
	at sun.reflect.NativeMethodAccessorImpl.invoke(NativeMethodAccessorImpl.java:62)
	at sun.reflect.DelegatingMethodAccessorImpl.invoke(DelegatingMethodAccessorImpl.java:43)
	at java.lang.reflect.Method.invoke(Method.java:498)
	at org.junit.runners.model.FrameworkMethod$1.runReflectiveCall(FrameworkMethod.java:47)
	at org.junit.internal.runners.model.ReflectiveCallable.run(ReflectiveCallable.java:12)
	at org.junit.runners.model.FrameworkMethod.invokeExplosively(FrameworkMethod.java:44)
	at org.junit.internal.runners.statements.InvokeMethod.evaluate(InvokeMethod.java:17)
	at org.junit.internal.runners.statements.FailOnTimeout$StatementThread.run(FailOnTimeout.java:74)
--- org.apache.commons.lang3.time.FastDateFormat_ESTest::test34531
java.lang.NullPointerException
	at org.apache.commons.lang3.time.FastDateFormat$UnpaddedMonthField.appendTo(FastDateFormat.java:1096)
	at org.apache.commons.lang3.time.FastDateFormat.applyRules(FastDateFormat.java:770)
	at org.apache.commons.lang3.time.FastDateFormat.format(FastDateFormat.java:757)
	at org.apache.commons.lang3.time.FastDateFormat_ESTest.test34531(FastDateFormat_ESTest.java:3790)
	at sun.reflect.NativeMethodAccessorImpl.invoke0(Native Method)
	at sun.reflect.NativeMethodAccessorImpl.invoke(NativeMethodAccessorImpl.java:62)
	at sun.reflect.DelegatingMethodAccessorImpl.invoke(DelegatingMethodAccessorImpl.java:43)
	at java.lang.reflect.Method.invoke(Method.java:498)
	at org.junit.runners.model.FrameworkMethod$1.runReflectiveCall(FrameworkMethod.java:47)
	at org.junit.internal.runners.model.ReflectiveCallable.run(ReflectiveCallable.java:12)
	at org.junit.runners.model.FrameworkMethod.invokeExplosively(FrameworkMethod.java:44)
	at org.junit.internal.runners.statements.InvokeMethod.evaluate(InvokeMethod.java:17)
	at org.junit.internal.runners.statements.FailOnTimeout$StatementThread.run(FailOnTimeout.java:74)
--- org.apache.commons.lang3.time.FastDateFormat_ESTest::test46772
junit.framework.AssertionFailedError: expected:<0> but was:<29>
	at org.junit.Assert.fail(Assert.java:88)
	at org.junit.Assert.failNotEquals(Assert.java:743)
	at org.junit.Assert.assertEquals(Assert.java:118)
	at org.junit.Assert.assertEquals(Assert.java:555)
	at org.junit.Assert.assertEquals(Assert.java:542)
	at org.apache.commons.lang3.time.FastDateFormat_ESTest.test46772(FastDateFormat_ESTest.java:5601)
	at sun.reflect.NativeMethodAccessorImpl.invoke0(Native Method)
	at sun.reflect.NativeMethodAccessorImpl.invoke(NativeMethodAccessorImpl.java:62)
	at sun.reflect.DelegatingMethodAccessorImpl.invoke(DelegatingMethodAccessorImpl.java:43)
	at java.lang.reflect.Method.invoke(Method.java:498)
	at org.junit.runners.model.FrameworkMethod$1.runReflectiveCall(FrameworkMethod.java:47)
	at org.junit.internal.runners.model.ReflectiveCallable.run(ReflectiveCallable.java:12)
	at org.junit.runners.model.FrameworkMethod.invokeExplosively(FrameworkMethod.java:44)
	at org.junit.internal.runners.statements.InvokeMethod.evaluate(InvokeMethod.java:17)
	at org.junit.internal.runners.statements.FailOnTimeout$StatementThread.run(FailOnTimeout.java:74)
--- org.apache.commons.lang3.time.FastDateFormat_ESTest::test621053
org.evosuite.runtime.mock.java.lang.MockIllegalArgumentException: Illegal pattern component: e
	at org.apache.commons.lang3.time.FastDateFormat.parsePattern(FastDateFormat.java:577)
	at org.apache.commons.lang3.time.FastDateFormat.init(FastDateFormat.java:444)
	at org.apache.commons.lang3.time.FastDateFormat.<init>(FastDateFormat.java:437)
	at org.apache.commons.lang3.time.FastDateFormat$1.createInstance(FastDateFormat.java:110)
	at org.apache.commons.lang3.time.FastDateFormat$1.createInstance(FastDateFormat.java:107)
	at org.apache.commons.lang3.time.FormatCache.getInstance(FormatCache.java:82)
	at org.apache.commons.lang3.time.FastDateFormat.getInstance(FastDateFormat.java:159)
	at org.apache.commons.lang3.time.FastDateFormat_ESTest.test621053(FastDateFormat_ESTest.java:8347)
	at sun.reflect.NativeMethodAccessorImpl.invoke0(Native Method)
	at sun.reflect.NativeMethodAccessorImpl.invoke(NativeMethodAccessorImpl.java:62)
	at sun.reflect.DelegatingMethodAccessorImpl.invoke(DelegatingMethodAccessorImpl.java:43)
	at java.lang.reflect.Method.invoke(Method.java:498)
	at org.junit.runners.model.FrameworkMethod$1.runReflectiveCall(FrameworkMethod.java:47)
	at org.junit.internal.runners.model.ReflectiveCallable.run(ReflectiveCallable.java:12)
	at org.junit.runners.model.FrameworkMethod.invokeExplosively(FrameworkMethod.java:44)
	at org.junit.internal.runners.statements.InvokeMethod.evaluate(InvokeMethod.java:17)
	at org.junit.internal.runners.statements.FailOnTimeout$StatementThread.run(FailOnTimeout.java:74)
--- org.apache.commons.lang3.time.FastDateFormat_ESTest::test46788
junit.framework.AssertionFailedError: expected:<0> but was:<29>
	at org.junit.Assert.fail(Assert.java:88)
	at org.junit.Assert.failNotEquals(Assert.java:743)
	at org.junit.Assert.assertEquals(Assert.java:118)
	at org.junit.Assert.assertEquals(Assert.java:555)
	at org.junit.Assert.assertEquals(Assert.java:542)
	at org.apache.commons.lang3.time.FastDateFormat_ESTest.test46788(FastDateFormat_ESTest.java:5751)
	at sun.reflect.NativeMethodAccessorImpl.invoke0(Native Method)
	at sun.reflect.NativeMethodAccessorImpl.invoke(NativeMethodAccessorImpl.java:62)
	at sun.reflect.DelegatingMethodAccessorImpl.invoke(DelegatingMethodAccessorImpl.java:43)
	at java.lang.reflect.Method.invoke(Method.java:498)
	at org.junit.runners.model.FrameworkMethod$1.runReflectiveCall(FrameworkMethod.java:47)
	at org.junit.internal.runners.model.ReflectiveCallable.run(ReflectiveCallable.java:12)
	at org.junit.runners.model.FrameworkMethod.invokeExplosively(FrameworkMethod.java:44)
	at org.junit.internal.runners.statements.InvokeMethod.evaluate(InvokeMethod.java:17)
	at org.junit.internal.runners.statements.FailOnTimeout$StatementThread.run(FailOnTimeout.java:74)
--- org.apache.commons.lang3.time.FastDateFormat_ESTest::test23426
org.evosuite.runtime.mock.java.lang.MockNullPointerException: pattern must not be null
	at org.apache.commons.lang3.time.FormatCache.getInstance(FormatCache.java:71)
	at org.apache.commons.lang3.time.FastDateFormat.getInstance(FastDateFormat.java:174)
	at org.apache.commons.lang3.time.FastDateFormat_ESTest.test23426(FastDateFormat_ESTest.java:3135)
	at sun.reflect.NativeMethodAccessorImpl.invoke0(Native Method)
	at sun.reflect.NativeMethodAccessorImpl.invoke(NativeMethodAccessorImpl.java:62)
	at sun.reflect.DelegatingMethodAccessorImpl.invoke(DelegatingMethodAccessorImpl.java:43)
	at java.lang.reflect.Method.invoke(Method.java:498)
	at org.junit.runners.model.FrameworkMethod$1.runReflectiveCall(FrameworkMethod.java:47)
	at org.junit.internal.runners.model.ReflectiveCallable.run(ReflectiveCallable.java:12)
	at org.junit.runners.model.FrameworkMethod.invokeExplosively(FrameworkMethod.java:44)
	at org.junit.internal.runners.statements.InvokeMethod.evaluate(InvokeMethod.java:17)
	at org.junit.internal.runners.statements.FailOnTimeout$StatementThread.run(FailOnTimeout.java:74)
--- org.apache.commons.lang3.time.FastDateFormat_ESTest::test631061
org.evosuite.runtime.mock.java.lang.MockIllegalArgumentException: Illegal pattern component: R
	at org.apache.commons.lang3.time.FastDateFormat.parsePattern(FastDateFormat.java:577)
	at org.apache.commons.lang3.time.FastDateFormat.init(FastDateFormat.java:444)
	at org.apache.commons.lang3.time.FastDateFormat.<init>(FastDateFormat.java:437)
	at org.apache.commons.lang3.time.FastDateFormat$1.createInstance(FastDateFormat.java:110)
	at org.apache.commons.lang3.time.FastDateFormat$1.createInstance(FastDateFormat.java:107)
	at org.apache.commons.lang3.time.FormatCache.getInstance(FormatCache.java:82)
	at org.apache.commons.lang3.time.FastDateFormat.getInstance(FastDateFormat.java:188)
	at org.apache.commons.lang3.time.FastDateFormat_ESTest.test631061(FastDateFormat_ESTest.java:8394)
	at sun.reflect.NativeMethodAccessorImpl.invoke0(Native Method)
	at sun.reflect.NativeMethodAccessorImpl.invoke(NativeMethodAccessorImpl.java:62)
	at sun.reflect.DelegatingMethodAccessorImpl.invoke(DelegatingMethodAccessorImpl.java:43)
	at java.lang.reflect.Method.invoke(Method.java:498)
	at org.junit.runners.model.FrameworkMethod$1.runReflectiveCall(FrameworkMethod.java:47)
	at org.junit.internal.runners.model.ReflectiveCallable.run(ReflectiveCallable.java:12)
	at org.junit.runners.model.FrameworkMethod.invokeExplosively(FrameworkMethod.java:44)
	at org.junit.internal.runners.statements.InvokeMethod.evaluate(InvokeMethod.java:17)
	at org.junit.internal.runners.statements.FailOnTimeout$StatementThread.run(FailOnTimeout.java:74)
--- org.apache.commons.lang3.time.FastDateFormat_ESTest::test48983
org.evosuite.runtime.mock.java.lang.MockIllegalArgumentException: Illegal pattern component: v
	at org.apache.commons.lang3.time.FastDateFormat.parsePattern(FastDateFormat.java:577)
	at org.apache.commons.lang3.time.FastDateFormat.init(FastDateFormat.java:444)
	at org.apache.commons.lang3.time.FastDateFormat.<init>(FastDateFormat.java:437)
	at org.apache.commons.lang3.time.FastDateFormat$1.createInstance(FastDateFormat.java:110)
	at org.apache.commons.lang3.time.FastDateFormat$1.createInstance(FastDateFormat.java:107)
	at org.apache.commons.lang3.time.FormatCache.getInstance(FormatCache.java:82)
	at org.apache.commons.lang3.time.FastDateFormat.getInstance(FastDateFormat.java:159)
	at org.apache.commons.lang3.time.FastDateFormat_ESTest.test48983(FastDateFormat_ESTest.java:7933)
	at sun.reflect.NativeMethodAccessorImpl.invoke0(Native Method)
	at sun.reflect.NativeMethodAccessorImpl.invoke(NativeMethodAccessorImpl.java:62)
	at sun.reflect.DelegatingMethodAccessorImpl.invoke(DelegatingMethodAccessorImpl.java:43)
	at java.lang.reflect.Method.invoke(Method.java:498)
	at org.junit.runners.model.FrameworkMethod$1.runReflectiveCall(FrameworkMethod.java:47)
	at org.junit.internal.runners.model.ReflectiveCallable.run(ReflectiveCallable.java:12)
	at org.junit.runners.model.FrameworkMethod.invokeExplosively(FrameworkMethod.java:44)
	at org.junit.internal.runners.statements.InvokeMethod.evaluate(InvokeMethod.java:17)
	at org.junit.internal.runners.statements.FailOnTimeout$StatementThread.run(FailOnTimeout.java:74)
--- org.apache.commons.lang3.time.FastDateFormat_ESTest::test701087
org.evosuite.runtime.mock.java.lang.MockIllegalArgumentException: Illegal pattern component: I
	at org.apache.commons.lang3.time.FastDateFormat.parsePattern(FastDateFormat.java:577)
	at org.apache.commons.lang3.time.FastDateFormat.init(FastDateFormat.java:444)
	at org.apache.commons.lang3.time.FastDateFormat.<init>(FastDateFormat.java:437)
	at org.apache.commons.lang3.time.FastDateFormat$1.createInstance(FastDateFormat.java:110)
	at org.apache.commons.lang3.time.FastDateFormat$1.createInstance(FastDateFormat.java:107)
	at org.apache.commons.lang3.time.FormatCache.getInstance(FormatCache.java:82)
	at org.apache.commons.lang3.time.FastDateFormat.getInstance(FastDateFormat.java:159)
	at org.apache.commons.lang3.time.FastDateFormat_ESTest.test701087(FastDateFormat_ESTest.java:8545)
	at sun.reflect.NativeMethodAccessorImpl.invoke0(Native Method)
	at sun.reflect.NativeMethodAccessorImpl.invoke(NativeMethodAccessorImpl.java:62)
	at sun.reflect.DelegatingMethodAccessorImpl.invoke(DelegatingMethodAccessorImpl.java:43)
	at java.lang.reflect.Method.invoke(Method.java:498)
	at org.junit.runners.model.FrameworkMethod$1.runReflectiveCall(FrameworkMethod.java:47)
	at org.junit.internal.runners.model.ReflectiveCallable.run(ReflectiveCallable.java:12)
	at org.junit.runners.model.FrameworkMethod.invokeExplosively(FrameworkMethod.java:44)
	at org.junit.internal.runners.statements.InvokeMethod.evaluate(InvokeMethod.java:17)
	at org.junit.internal.runners.statements.FailOnTimeout$StatementThread.run(FailOnTimeout.java:74)
--- org.apache.commons.lang3.time.FastDateFormat_ESTest::test36550
java.lang.NullPointerException
	at org.apache.commons.lang3.time.FastDateFormat$UnpaddedMonthField.appendTo(FastDateFormat.java:1096)
	at org.apache.commons.lang3.time.FastDateFormat.applyRules(FastDateFormat.java:770)
	at org.apache.commons.lang3.time.FastDateFormat_ESTest.test36550(FastDateFormat_ESTest.java:3899)
	at sun.reflect.NativeMethodAccessorImpl.invoke0(Native Method)
	at sun.reflect.NativeMethodAccessorImpl.invoke(NativeMethodAccessorImpl.java:62)
	at sun.reflect.DelegatingMethodAccessorImpl.invoke(DelegatingMethodAccessorImpl.java:43)
	at java.lang.reflect.Method.invoke(Method.java:498)
	at org.junit.runners.model.FrameworkMethod$1.runReflectiveCall(FrameworkMethod.java:47)
	at org.junit.internal.runners.model.ReflectiveCallable.run(ReflectiveCallable.java:12)
	at org.junit.runners.model.FrameworkMethod.invokeExplosively(FrameworkMethod.java:44)
	at org.junit.internal.runners.statements.InvokeMethod.evaluate(InvokeMethod.java:17)
	at org.junit.internal.runners.statements.FailOnTimeout$StatementThread.run(FailOnTimeout.java:74)
--- org.apache.commons.lang3.time.FastDateFormat_ESTest::test36540
junit.framework.AssertionFailedError: expected:<0> but was:<21>
	at org.junit.Assert.fail(Assert.java:88)
	at org.junit.Assert.failNotEquals(Assert.java:743)
	at org.junit.Assert.assertEquals(Assert.java:118)
	at org.junit.Assert.assertEquals(Assert.java:555)
	at org.junit.Assert.assertEquals(Assert.java:542)
	at org.apache.commons.lang3.time.FastDateFormat_ESTest.test36540(FastDateFormat_ESTest.java:3841)
	at sun.reflect.NativeMethodAccessorImpl.invoke0(Native Method)
	at sun.reflect.NativeMethodAccessorImpl.invoke(NativeMethodAccessorImpl.java:62)
	at sun.reflect.DelegatingMethodAccessorImpl.invoke(DelegatingMethodAccessorImpl.java:43)
	at java.lang.reflect.Method.invoke(Method.java:498)
	at org.junit.runners.model.FrameworkMethod$1.runReflectiveCall(FrameworkMethod.java:47)
	at org.junit.internal.runners.model.ReflectiveCallable.run(ReflectiveCallable.java:12)
	at org.junit.runners.model.FrameworkMethod.invokeExplosively(FrameworkMethod.java:44)
	at org.junit.internal.runners.statements.InvokeMethod.evaluate(InvokeMethod.java:17)
	at org.junit.internal.runners.statements.FailOnTimeout$StatementThread.run(FailOnTimeout.java:74)
--- org.apache.commons.lang3.time.FastDateFormat_ESTest::test06101
junit.framework.AssertionFailedError: expected:<0> but was:<14>
	at org.junit.Assert.fail(Assert.java:88)
	at org.junit.Assert.failNotEquals(Assert.java:743)
	at org.junit.Assert.assertEquals(Assert.java:118)
	at org.junit.Assert.assertEquals(Assert.java:555)
	at org.junit.Assert.assertEquals(Assert.java:542)
	at org.apache.commons.lang3.time.FastDateFormat_ESTest.test06101(FastDateFormat_ESTest.java:711)
	at sun.reflect.NativeMethodAccessorImpl.invoke0(Native Method)
	at sun.reflect.NativeMethodAccessorImpl.invoke(NativeMethodAccessorImpl.java:62)
	at sun.reflect.DelegatingMethodAccessorImpl.invoke(DelegatingMethodAccessorImpl.java:43)
	at java.lang.reflect.Method.invoke(Method.java:498)
	at org.junit.runners.model.FrameworkMethod$1.runReflectiveCall(FrameworkMethod.java:47)
	at org.junit.internal.runners.model.ReflectiveCallable.run(ReflectiveCallable.java:12)
	at org.junit.runners.model.FrameworkMethod.invokeExplosively(FrameworkMethod.java:44)
	at org.junit.internal.runners.statements.InvokeMethod.evaluate(InvokeMethod.java:17)
	at org.junit.internal.runners.statements.FailOnTimeout$StatementThread.run(FailOnTimeout.java:74)
--- org.apache.commons.lang3.time.FastDateFormat_ESTest::test641062
org.evosuite.runtime.mock.java.lang.MockIllegalArgumentException: Illegal pattern component: P
	at org.apache.commons.lang3.time.FastDateFormat.parsePattern(FastDateFormat.java:577)
	at org.apache.commons.lang3.time.FastDateFormat.init(FastDateFormat.java:444)
	at org.apache.commons.lang3.time.FastDateFormat.<init>(FastDateFormat.java:437)
	at org.apache.commons.lang3.time.FastDateFormat$1.createInstance(FastDateFormat.java:110)
	at org.apache.commons.lang3.time.FastDateFormat$1.createInstance(FastDateFormat.java:107)
	at org.apache.commons.lang3.time.FormatCache.getInstance(FormatCache.java:82)
	at org.apache.commons.lang3.time.FastDateFormat.getInstance(FastDateFormat.java:159)
	at org.apache.commons.lang3.time.FastDateFormat_ESTest.test641062(FastDateFormat_ESTest.java:8399)
	at sun.reflect.NativeMethodAccessorImpl.invoke0(Native Method)
	at sun.reflect.NativeMethodAccessorImpl.invoke(NativeMethodAccessorImpl.java:62)
	at sun.reflect.DelegatingMethodAccessorImpl.invoke(DelegatingMethodAccessorImpl.java:43)
	at java.lang.reflect.Method.invoke(Method.java:498)
	at org.junit.runners.model.FrameworkMethod$1.runReflectiveCall(FrameworkMethod.java:47)
	at org.junit.internal.runners.model.ReflectiveCallable.run(ReflectiveCallable.java:12)
	at org.junit.runners.model.FrameworkMethod.invokeExplosively(FrameworkMethod.java:44)
	at org.junit.internal.runners.statements.InvokeMethod.evaluate(InvokeMethod.java:17)
	at org.junit.internal.runners.statements.FailOnTimeout$StatementThread.run(FailOnTimeout.java:74)
--- org.apache.commons.lang3.time.FastDateFormat_ESTest::test20410
java.lang.IllegalArgumentException: Illegal time style 137
	at java.text.DateFormat.get(DateFormat.java:784)
	at java.text.DateFormat.getTimeInstance(DateFormat.java:491)
	at org.evosuite.runtime.mock.java.text.MockDateFormat.getTimeInstance(MockDateFormat.java:52)
	at org.apache.commons.lang3.time.FormatCache.getDateTimeInstance(FormatCache.java:130)
	at org.apache.commons.lang3.time.FastDateFormat.getTimeInstance(FastDateFormat.java:297)
	at org.apache.commons.lang3.time.FastDateFormat_ESTest.test20410(FastDateFormat_ESTest.java:3042)
	at sun.reflect.NativeMethodAccessorImpl.invoke0(Native Method)
	at sun.reflect.NativeMethodAccessorImpl.invoke(NativeMethodAccessorImpl.java:62)
	at sun.reflect.DelegatingMethodAccessorImpl.invoke(DelegatingMethodAccessorImpl.java:43)
	at java.lang.reflect.Method.invoke(Method.java:498)
	at org.junit.runners.model.FrameworkMethod$1.runReflectiveCall(FrameworkMethod.java:47)
	at org.junit.internal.runners.model.ReflectiveCallable.run(ReflectiveCallable.java:12)
	at org.junit.runners.model.FrameworkMethod.invokeExplosively(FrameworkMethod.java:44)
	at org.junit.internal.runners.statements.InvokeMethod.evaluate(InvokeMethod.java:17)
	at org.junit.internal.runners.statements.FailOnTimeout$StatementThread.run(FailOnTimeout.java:74)
--- org.apache.commons.lang3.time.FastDateFormat_ESTest::test551024
org.evosuite.runtime.mock.java.lang.MockIllegalArgumentException: Illegal pattern component: f
	at org.apache.commons.lang3.time.FastDateFormat.parsePattern(FastDateFormat.java:577)
	at org.apache.commons.lang3.time.FastDateFormat.init(FastDateFormat.java:444)
	at org.apache.commons.lang3.time.FastDateFormat.<init>(FastDateFormat.java:437)
	at org.apache.commons.lang3.time.FastDateFormat$1.createInstance(FastDateFormat.java:110)
	at org.apache.commons.lang3.time.FastDateFormat$1.createInstance(FastDateFormat.java:107)
	at org.apache.commons.lang3.time.FormatCache.getInstance(FormatCache.java:82)
	at org.apache.commons.lang3.time.FastDateFormat.getInstance(FastDateFormat.java:205)
	at org.apache.commons.lang3.time.FastDateFormat_ESTest.test551024(FastDateFormat_ESTest.java:8172)
	at sun.reflect.NativeMethodAccessorImpl.invoke0(Native Method)
	at sun.reflect.NativeMethodAccessorImpl.invoke(NativeMethodAccessorImpl.java:62)
	at sun.reflect.DelegatingMethodAccessorImpl.invoke(DelegatingMethodAccessorImpl.java:43)
	at java.lang.reflect.Method.invoke(Method.java:498)
	at org.junit.runners.model.FrameworkMethod$1.runReflectiveCall(FrameworkMethod.java:47)
	at org.junit.internal.runners.model.ReflectiveCallable.run(ReflectiveCallable.java:12)
	at org.junit.runners.model.FrameworkMethod.invokeExplosively(FrameworkMethod.java:44)
	at org.junit.internal.runners.statements.InvokeMethod.evaluate(InvokeMethod.java:17)
	at org.junit.internal.runners.statements.FailOnTimeout$StatementThread.run(FailOnTimeout.java:74)
--- org.apache.commons.lang3.time.FastDateFormat_ESTest::test45731
junit.framework.AssertionFailedError: expected:<0> but was:<21>
	at org.junit.Assert.fail(Assert.java:88)
	at org.junit.Assert.failNotEquals(Assert.java:743)
	at org.junit.Assert.assertEquals(Assert.java:118)
	at org.junit.Assert.assertEquals(Assert.java:555)
	at org.junit.Assert.assertEquals(Assert.java:542)
	at org.apache.commons.lang3.time.FastDateFormat_ESTest.test45731(FastDateFormat_ESTest.java:5299)
	at sun.reflect.NativeMethodAccessorImpl.invoke0(Native Method)
	at sun.reflect.NativeMethodAccessorImpl.invoke(NativeMethodAccessorImpl.java:62)
	at sun.reflect.DelegatingMethodAccessorImpl.invoke(DelegatingMethodAccessorImpl.java:43)
	at java.lang.reflect.Method.invoke(Method.java:498)
	at org.junit.runners.model.FrameworkMethod$1.runReflectiveCall(FrameworkMethod.java:47)
	at org.junit.internal.runners.model.ReflectiveCallable.run(ReflectiveCallable.java:12)
	at org.junit.runners.model.FrameworkMethod.invokeExplosively(FrameworkMethod.java:44)
	at org.junit.internal.runners.statements.InvokeMethod.evaluate(InvokeMethod.java:17)
	at org.junit.internal.runners.statements.FailOnTimeout$StatementThread.run(FailOnTimeout.java:74)
--- org.apache.commons.lang3.time.FastDateFormat_ESTest::test30476
java.lang.IllegalArgumentException: Illegal date style 92
	at java.text.DateFormat.get(DateFormat.java:791)
	at java.text.DateFormat.getDateInstance(DateFormat.java:537)
	at org.evosuite.runtime.mock.java.text.MockDateFormat.getDateInstance(MockDateFormat.java:71)
	at org.apache.commons.lang3.time.FormatCache.getDateTimeInstance(FormatCache.java:133)
	at org.apache.commons.lang3.time.FastDateFormat.getDateInstance(FastDateFormat.java:235)
	at org.apache.commons.lang3.time.FastDateFormat_ESTest.test30476(FastDateFormat_ESTest.java:3437)
	at sun.reflect.NativeMethodAccessorImpl.invoke0(Native Method)
	at sun.reflect.NativeMethodAccessorImpl.invoke(NativeMethodAccessorImpl.java:62)
	at sun.reflect.DelegatingMethodAccessorImpl.invoke(DelegatingMethodAccessorImpl.java:43)
	at java.lang.reflect.Method.invoke(Method.java:498)
	at org.junit.runners.model.FrameworkMethod$1.runReflectiveCall(FrameworkMethod.java:47)
	at org.junit.internal.runners.model.ReflectiveCallable.run(ReflectiveCallable.java:12)
	at org.junit.runners.model.FrameworkMethod.invokeExplosively(FrameworkMethod.java:44)
	at org.junit.internal.runners.statements.InvokeMethod.evaluate(InvokeMethod.java:17)
	at org.junit.internal.runners.statements.FailOnTimeout$StatementThread.run(FailOnTimeout.java:74)
--- org.apache.commons.lang3.time.FastDateFormat_ESTest::test45741
junit.framework.AssertionFailedError: expected:<0> but was:<21>
	at org.junit.Assert.fail(Assert.java:88)
	at org.junit.Assert.failNotEquals(Assert.java:743)
	at org.junit.Assert.assertEquals(Assert.java:118)
	at org.junit.Assert.assertEquals(Assert.java:555)
	at org.junit.Assert.assertEquals(Assert.java:542)
	at org.apache.commons.lang3.time.FastDateFormat_ESTest.test45741(FastDateFormat_ESTest.java:5363)
	at sun.reflect.NativeMethodAccessorImpl.invoke0(Native Method)
	at sun.reflect.NativeMethodAccessorImpl.invoke(NativeMethodAccessorImpl.java:62)
	at sun.reflect.DelegatingMethodAccessorImpl.invoke(DelegatingMethodAccessorImpl.java:43)
	at java.lang.reflect.Method.invoke(Method.java:498)
	at org.junit.runners.model.FrameworkMethod$1.runReflectiveCall(FrameworkMethod.java:47)
	at org.junit.internal.runners.model.ReflectiveCallable.run(ReflectiveCallable.java:12)
	at org.junit.runners.model.FrameworkMethod.invokeExplosively(FrameworkMethod.java:44)
	at org.junit.internal.runners.statements.InvokeMethod.evaluate(InvokeMethod.java:17)
	at org.junit.internal.runners.statements.FailOnTimeout$StatementThread.run(FailOnTimeout.java:74)
--- org.apache.commons.lang3.time.FastDateFormat_ESTest::test46830
junit.framework.AssertionFailedError: expected:<FastDateFormat[yyyy''M''d'' ahh''mm''ss'' z]> but was:<FastDateFormat[M/d/yy h:mm a]>
	at org.junit.Assert.fail(Assert.java:88)
	at org.junit.Assert.failNotEquals(Assert.java:743)
	at org.junit.Assert.assertEquals(Assert.java:118)
	at org.junit.Assert.assertEquals(Assert.java:144)
	at org.apache.commons.lang3.time.FastDateFormat_ESTest.test46830(FastDateFormat_ESTest.java:6191)
	at sun.reflect.NativeMethodAccessorImpl.invoke0(Native Method)
	at sun.reflect.NativeMethodAccessorImpl.invoke(NativeMethodAccessorImpl.java:62)
	at sun.reflect.DelegatingMethodAccessorImpl.invoke(DelegatingMethodAccessorImpl.java:43)
	at java.lang.reflect.Method.invoke(Method.java:498)
	at org.junit.runners.model.FrameworkMethod$1.runReflectiveCall(FrameworkMethod.java:47)
	at org.junit.internal.runners.model.ReflectiveCallable.run(ReflectiveCallable.java:12)
	at org.junit.runners.model.FrameworkMethod.invokeExplosively(FrameworkMethod.java:44)
	at org.junit.internal.runners.statements.InvokeMethod.evaluate(InvokeMethod.java:17)
	at org.junit.internal.runners.statements.FailOnTimeout$StatementThread.run(FailOnTimeout.java:74)
--- org.apache.commons.lang3.time.FastDateFormat_ESTest::test18395
java.lang.IllegalArgumentException: Illegal time style 1342
	at java.text.DateFormat.get(DateFormat.java:784)
	at java.text.DateFormat.getTimeInstance(DateFormat.java:491)
	at org.evosuite.runtime.mock.java.text.MockDateFormat.getTimeInstance(MockDateFormat.java:52)
	at org.apache.commons.lang3.time.FormatCache.getDateTimeInstance(FormatCache.java:130)
	at org.apache.commons.lang3.time.FastDateFormat.getTimeInstance(FastDateFormat.java:329)
	at org.apache.commons.lang3.time.FastDateFormat_ESTest.test18395(FastDateFormat_ESTest.java:2954)
	at sun.reflect.NativeMethodAccessorImpl.invoke0(Native Method)
	at sun.reflect.NativeMethodAccessorImpl.invoke(NativeMethodAccessorImpl.java:62)
	at sun.reflect.DelegatingMethodAccessorImpl.invoke(DelegatingMethodAccessorImpl.java:43)
	at java.lang.reflect.Method.invoke(Method.java:498)
	at org.junit.runners.model.FrameworkMethod$1.runReflectiveCall(FrameworkMethod.java:47)
	at org.junit.internal.runners.model.ReflectiveCallable.run(ReflectiveCallable.java:12)
	at org.junit.runners.model.FrameworkMethod.invokeExplosively(FrameworkMethod.java:44)
	at org.junit.internal.runners.statements.InvokeMethod.evaluate(InvokeMethod.java:17)
	at org.junit.internal.runners.statements.FailOnTimeout$StatementThread.run(FailOnTimeout.java:74)
--- org.apache.commons.lang3.time.FastDateFormat_ESTest::test651063
org.evosuite.runtime.mock.java.lang.MockIllegalArgumentException: Illegal pattern component: O
	at org.apache.commons.lang3.time.FastDateFormat.parsePattern(FastDateFormat.java:577)
	at org.apache.commons.lang3.time.FastDateFormat.init(FastDateFormat.java:444)
	at org.apache.commons.lang3.time.FastDateFormat.<init>(FastDateFormat.java:437)
	at org.apache.commons.lang3.time.FastDateFormat$1.createInstance(FastDateFormat.java:110)
	at org.apache.commons.lang3.time.FastDateFormat$1.createInstance(FastDateFormat.java:107)
	at org.apache.commons.lang3.time.FormatCache.getInstance(FormatCache.java:82)
	at org.apache.commons.lang3.time.FastDateFormat.getInstance(FastDateFormat.java:188)
	at org.apache.commons.lang3.time.FastDateFormat_ESTest.test651063(FastDateFormat_ESTest.java:8404)
	at sun.reflect.NativeMethodAccessorImpl.invoke0(Native Method)
	at sun.reflect.NativeMethodAccessorImpl.invoke(NativeMethodAccessorImpl.java:62)
	at sun.reflect.DelegatingMethodAccessorImpl.invoke(DelegatingMethodAccessorImpl.java:43)
	at java.lang.reflect.Method.invoke(Method.java:498)
	at org.junit.runners.model.FrameworkMethod$1.runReflectiveCall(FrameworkMethod.java:47)
	at org.junit.internal.runners.model.ReflectiveCallable.run(ReflectiveCallable.java:12)
	at org.junit.runners.model.FrameworkMethod.invokeExplosively(FrameworkMethod.java:44)
	at org.junit.internal.runners.statements.InvokeMethod.evaluate(InvokeMethod.java:17)
	at org.junit.internal.runners.statements.FailOnTimeout$StatementThread.run(FailOnTimeout.java:74)
--- org.apache.commons.lang3.time.FastDateFormat_ESTest::test33520
java.lang.NullPointerException
	at java.util.Calendar.setTime(Calendar.java:1770)
	at org.apache.commons.lang3.time.FastDateFormat.format(FastDateFormat.java:707)
	at org.apache.commons.lang3.time.FastDateFormat_ESTest.test33520(FastDateFormat_ESTest.java:3724)
	at sun.reflect.NativeMethodAccessorImpl.invoke0(Native Method)
	at sun.reflect.NativeMethodAccessorImpl.invoke(NativeMethodAccessorImpl.java:62)
	at sun.reflect.DelegatingMethodAccessorImpl.invoke(DelegatingMethodAccessorImpl.java:43)
	at java.lang.reflect.Method.invoke(Method.java:498)
	at org.junit.runners.model.FrameworkMethod$1.runReflectiveCall(FrameworkMethod.java:47)
	at org.junit.internal.runners.model.ReflectiveCallable.run(ReflectiveCallable.java:12)
	at org.junit.runners.model.FrameworkMethod.invokeExplosively(FrameworkMethod.java:44)
	at org.junit.internal.runners.statements.InvokeMethod.evaluate(InvokeMethod.java:17)
	at org.junit.internal.runners.statements.FailOnTimeout$StatementThread.run(FailOnTimeout.java:74)
--- org.apache.commons.lang3.time.FastDateFormat_ESTest::test541016
org.evosuite.runtime.mock.java.lang.MockIllegalArgumentException: Illegal pattern component: g
	at org.apache.commons.lang3.time.FastDateFormat.parsePattern(FastDateFormat.java:577)
	at org.apache.commons.lang3.time.FastDateFormat.init(FastDateFormat.java:444)
	at org.apache.commons.lang3.time.FastDateFormat.<init>(FastDateFormat.java:437)
	at org.apache.commons.lang3.time.FastDateFormat$1.createInstance(FastDateFormat.java:110)
	at org.apache.commons.lang3.time.FastDateFormat$1.createInstance(FastDateFormat.java:107)
	at org.apache.commons.lang3.time.FormatCache.getInstance(FormatCache.java:82)
	at org.apache.commons.lang3.time.FastDateFormat.getInstance(FastDateFormat.java:159)
	at org.apache.commons.lang3.time.FastDateFormat_ESTest.test541016(FastDateFormat_ESTest.java:8125)
	at sun.reflect.NativeMethodAccessorImpl.invoke0(Native Method)
	at sun.reflect.NativeMethodAccessorImpl.invoke(NativeMethodAccessorImpl.java:62)
	at sun.reflect.DelegatingMethodAccessorImpl.invoke(DelegatingMethodAccessorImpl.java:43)
	at java.lang.reflect.Method.invoke(Method.java:498)
	at org.junit.runners.model.FrameworkMethod$1.runReflectiveCall(FrameworkMethod.java:47)
	at org.junit.internal.runners.model.ReflectiveCallable.run(ReflectiveCallable.java:12)
	at org.junit.runners.model.FrameworkMethod.invokeExplosively(FrameworkMethod.java:44)
	at org.junit.internal.runners.statements.InvokeMethod.evaluate(InvokeMethod.java:17)
	at org.junit.internal.runners.statements.FailOnTimeout$StatementThread.run(FailOnTimeout.java:74)
--- org.apache.commons.lang3.time.FastDateFormat_ESTest::test22419
org.evosuite.runtime.mock.java.lang.MockNullPointerException: pattern must not be null
	at org.apache.commons.lang3.time.FormatCache.getInstance(FormatCache.java:71)
	at org.apache.commons.lang3.time.FastDateFormat.getInstance(FastDateFormat.java:205)
	at org.apache.commons.lang3.time.FastDateFormat_ESTest.test22419(FastDateFormat_ESTest.java:3094)
	at sun.reflect.NativeMethodAccessorImpl.invoke0(Native Method)
	at sun.reflect.NativeMethodAccessorImpl.invoke(NativeMethodAccessorImpl.java:62)
	at sun.reflect.DelegatingMethodAccessorImpl.invoke(DelegatingMethodAccessorImpl.java:43)
	at java.lang.reflect.Method.invoke(Method.java:498)
	at org.junit.runners.model.FrameworkMethod$1.runReflectiveCall(FrameworkMethod.java:47)
	at org.junit.internal.runners.model.ReflectiveCallable.run(ReflectiveCallable.java:12)
	at org.junit.runners.model.FrameworkMethod.invokeExplosively(FrameworkMethod.java:44)
	at org.junit.internal.runners.statements.InvokeMethod.evaluate(InvokeMethod.java:17)
	at org.junit.internal.runners.statements.FailOnTimeout$StatementThread.run(FailOnTimeout.java:74)
--- org.apache.commons.lang3.time.FastDateFormat_ESTest::test531015
org.evosuite.runtime.mock.java.lang.MockIllegalArgumentException: Illegal pattern component: l
	at org.apache.commons.lang3.time.FastDateFormat.parsePattern(FastDateFormat.java:577)
	at org.apache.commons.lang3.time.FastDateFormat.init(FastDateFormat.java:444)
	at org.apache.commons.lang3.time.FastDateFormat.<init>(FastDateFormat.java:437)
	at org.apache.commons.lang3.time.FastDateFormat$1.createInstance(FastDateFormat.java:110)
	at org.apache.commons.lang3.time.FastDateFormat$1.createInstance(FastDateFormat.java:107)
	at org.apache.commons.lang3.time.FormatCache.getInstance(FormatCache.java:82)
	at org.apache.commons.lang3.time.FastDateFormat.getInstance(FastDateFormat.java:188)
	at org.apache.commons.lang3.time.FastDateFormat_ESTest.test531015(FastDateFormat_ESTest.java:8120)
	at sun.reflect.NativeMethodAccessorImpl.invoke0(Native Method)
	at sun.reflect.NativeMethodAccessorImpl.invoke(NativeMethodAccessorImpl.java:62)
	at sun.reflect.DelegatingMethodAccessorImpl.invoke(DelegatingMethodAccessorImpl.java:43)
	at java.lang.reflect.Method.invoke(Method.java:498)
	at org.junit.runners.model.FrameworkMethod$1.runReflectiveCall(FrameworkMethod.java:47)
	at org.junit.internal.runners.model.ReflectiveCallable.run(ReflectiveCallable.java:12)
	at org.junit.runners.model.FrameworkMethod.invokeExplosively(FrameworkMethod.java:44)
	at org.junit.internal.runners.statements.InvokeMethod.evaluate(InvokeMethod.java:17)
	at org.junit.internal.runners.statements.FailOnTimeout$StatementThread.run(FailOnTimeout.java:74)
--- org.apache.commons.lang3.time.FastDateFormat_ESTest::test27457
java.lang.IllegalArgumentException: Illegal time style 6
	at java.text.DateFormat.get(DateFormat.java:784)
	at java.text.DateFormat.getDateTimeInstance(DateFormat.java:586)
	at org.evosuite.runtime.mock.java.text.MockDateFormat.getDateTimeInstance(MockDateFormat.java:91)
	at org.apache.commons.lang3.time.FormatCache.getDateTimeInstance(FormatCache.java:136)
	at org.apache.commons.lang3.time.FastDateFormat.getDateTimeInstance(FastDateFormat.java:361)
	at org.apache.commons.lang3.time.FastDateFormat_ESTest.test27457(FastDateFormat_ESTest.java:3324)
	at sun.reflect.NativeMethodAccessorImpl.invoke0(Native Method)
	at sun.reflect.NativeMethodAccessorImpl.invoke(NativeMethodAccessorImpl.java:62)
	at sun.reflect.DelegatingMethodAccessorImpl.invoke(DelegatingMethodAccessorImpl.java:43)
	at java.lang.reflect.Method.invoke(Method.java:498)
	at org.junit.runners.model.FrameworkMethod$1.runReflectiveCall(FrameworkMethod.java:47)
	at org.junit.internal.runners.model.ReflectiveCallable.run(ReflectiveCallable.java:12)
	at org.junit.runners.model.FrameworkMethod.invokeExplosively(FrameworkMethod.java:44)
	at org.junit.internal.runners.statements.InvokeMethod.evaluate(InvokeMethod.java:17)
	at org.junit.internal.runners.statements.FailOnTimeout$StatementThread.run(FailOnTimeout.java:74)
--- org.apache.commons.lang3.time.FastDateFormat_ESTest::test661067
org.evosuite.runtime.mock.java.lang.MockIllegalArgumentException: Illegal pattern component: N
	at org.apache.commons.lang3.time.FastDateFormat.parsePattern(FastDateFormat.java:577)
	at org.apache.commons.lang3.time.FastDateFormat.init(FastDateFormat.java:444)
	at org.apache.commons.lang3.time.FastDateFormat.<init>(FastDateFormat.java:437)
	at org.apache.commons.lang3.time.FastDateFormat$1.createInstance(FastDateFormat.java:110)
	at org.apache.commons.lang3.time.FastDateFormat$1.createInstance(FastDateFormat.java:107)
	at org.apache.commons.lang3.time.FormatCache.getInstance(FormatCache.java:82)
	at org.apache.commons.lang3.time.FastDateFormat.getInstance(FastDateFormat.java:205)
	at org.apache.commons.lang3.time.FastDateFormat_ESTest.test661067(FastDateFormat_ESTest.java:8429)
	at sun.reflect.NativeMethodAccessorImpl.invoke0(Native Method)
	at sun.reflect.NativeMethodAccessorImpl.invoke(NativeMethodAccessorImpl.java:62)
	at sun.reflect.DelegatingMethodAccessorImpl.invoke(DelegatingMethodAccessorImpl.java:43)
	at java.lang.reflect.Method.invoke(Method.java:498)
	at org.junit.runners.model.FrameworkMethod$1.runReflectiveCall(FrameworkMethod.java:47)
	at org.junit.internal.runners.model.ReflectiveCallable.run(ReflectiveCallable.java:12)
	at org.junit.runners.model.FrameworkMethod.invokeExplosively(FrameworkMethod.java:44)
	at org.junit.internal.runners.statements.InvokeMethod.evaluate(InvokeMethod.java:17)
	at org.junit.internal.runners.statements.FailOnTimeout$StatementThread.run(FailOnTimeout.java:74)
--- org.apache.commons.lang3.time.FastDateFormat_ESTest::test13297
junit.framework.AssertionFailedError: expected:<FastDateFormat[]> but was:<org.evosuite.runtime.mock.java.util.MockGregorianCalendar[time=1392409281320,areFieldsSet=true,areAllFieldsSet=true,lenient=true,zone=sun.util.calendar.ZoneInfo[id="GMT",offset=0,dstSavings=0,useDaylight=false,transitions=0,lastRule=null],firstDayOfWeek=1,minimalDaysInFirstWeek=1,ERA=1,YEAR=2014,MONTH=1,WEEK_OF_YEAR=7,WEEK_OF_MONTH=3,DAY_OF_MONTH=14,DAY_OF_YEAR=45,DAY_OF_WEEK=6,DAY_OF_WEEK_IN_MONTH=2,AM_PM=1,HOUR=8,HOUR_OF_DAY=20,MINUTE=21,SECOND=21,MILLISECOND=320,ZONE_OFFSET=0,DST_OFFSET=0]>
	at org.junit.Assert.fail(Assert.java:88)
	at org.junit.Assert.failNotEquals(Assert.java:743)
	at org.junit.Assert.assertEquals(Assert.java:118)
	at org.junit.Assert.assertEquals(Assert.java:144)
	at org.apache.commons.lang3.time.FastDateFormat_ESTest.test13297(FastDateFormat_ESTest.java:2209)
	at sun.reflect.NativeMethodAccessorImpl.invoke0(Native Method)
	at sun.reflect.NativeMethodAccessorImpl.invoke(NativeMethodAccessorImpl.java:62)
	at sun.reflect.DelegatingMethodAccessorImpl.invoke(DelegatingMethodAccessorImpl.java:43)
	at java.lang.reflect.Method.invoke(Method.java:498)
	at org.junit.runners.model.FrameworkMethod$1.runReflectiveCall(FrameworkMethod.java:47)
	at org.junit.internal.runners.model.ReflectiveCallable.run(ReflectiveCallable.java:12)
	at org.junit.runners.model.FrameworkMethod.invokeExplosively(FrameworkMethod.java:44)
	at org.junit.internal.runners.statements.InvokeMethod.evaluate(InvokeMethod.java:17)
	at org.junit.internal.runners.statements.FailOnTimeout$StatementThread.run(FailOnTimeout.java:74)
--- org.apache.commons.lang3.time.FastDateFormat_ESTest::test009
java.lang.IllegalArgumentException: Illegal style: -13
	at java.util.TimeZone.getDisplayName(TimeZone.java:397)
	at org.apache.commons.lang3.time.FastDateFormat.getTimeZoneDisplay(FastDateFormat.java:413)
	at org.apache.commons.lang3.time.FastDateFormat_ESTest.test009(FastDateFormat_ESTest.java:98)
	at sun.reflect.NativeMethodAccessorImpl.invoke0(Native Method)
	at sun.reflect.NativeMethodAccessorImpl.invoke(NativeMethodAccessorImpl.java:62)
	at sun.reflect.DelegatingMethodAccessorImpl.invoke(DelegatingMethodAccessorImpl.java:43)
	at java.lang.reflect.Method.invoke(Method.java:498)
	at org.junit.runners.model.FrameworkMethod$1.runReflectiveCall(FrameworkMethod.java:47)
	at org.junit.internal.runners.model.ReflectiveCallable.run(ReflectiveCallable.java:12)
	at org.junit.runners.model.FrameworkMethod.invokeExplosively(FrameworkMethod.java:44)
	at org.junit.internal.runners.statements.InvokeMethod.evaluate(InvokeMethod.java:17)
	at org.junit.internal.runners.statements.FailOnTimeout$StatementThread.run(FailOnTimeout.java:74)
--- org.apache.commons.lang3.time.FastDateFormat_ESTest::test871115
junit.framework.AssertionFailedError: expected:<0> but was:<29>
	at org.junit.Assert.fail(Assert.java:88)
	at org.junit.Assert.failNotEquals(Assert.java:743)
	at org.junit.Assert.assertEquals(Assert.java:118)
	at org.junit.Assert.assertEquals(Assert.java:555)
	at org.junit.Assert.assertEquals(Assert.java:542)
	at org.apache.commons.lang3.time.FastDateFormat_ESTest.test871115(FastDateFormat_ESTest.java:8753)
	at sun.reflect.NativeMethodAccessorImpl.invoke0(Native Method)
	at sun.reflect.NativeMethodAccessorImpl.invoke(NativeMethodAccessorImpl.java:62)
	at sun.reflect.DelegatingMethodAccessorImpl.invoke(DelegatingMethodAccessorImpl.java:43)
	at java.lang.reflect.Method.invoke(Method.java:498)
	at org.junit.runners.model.FrameworkMethod$1.runReflectiveCall(FrameworkMethod.java:47)
	at org.junit.internal.runners.model.ReflectiveCallable.run(ReflectiveCallable.java:12)
	at org.junit.runners.model.FrameworkMethod.invokeExplosively(FrameworkMethod.java:44)
	at org.junit.internal.runners.statements.InvokeMethod.evaluate(InvokeMethod.java:17)
	at org.junit.internal.runners.statements.FailOnTimeout$StatementThread.run(FailOnTimeout.java:74)
--- org.apache.commons.lang3.time.FastDateFormat_ESTest::test19402
java.lang.IllegalArgumentException: Illegal time style 15
	at java.text.DateFormat.get(DateFormat.java:784)
	at java.text.DateFormat.getTimeInstance(DateFormat.java:491)
	at org.evosuite.runtime.mock.java.text.MockDateFormat.getTimeInstance(MockDateFormat.java:52)
	at org.apache.commons.lang3.time.FormatCache.getDateTimeInstance(FormatCache.java:130)
	at org.apache.commons.lang3.time.FastDateFormat.getTimeInstance(FastDateFormat.java:313)
	at org.apache.commons.lang3.time.FastDateFormat_ESTest.test19402(FastDateFormat_ESTest.java:2995)
	at sun.reflect.NativeMethodAccessorImpl.invoke0(Native Method)
	at sun.reflect.NativeMethodAccessorImpl.invoke(NativeMethodAccessorImpl.java:62)
	at sun.reflect.DelegatingMethodAccessorImpl.invoke(DelegatingMethodAccessorImpl.java:43)
	at java.lang.reflect.Method.invoke(Method.java:498)
	at org.junit.runners.model.FrameworkMethod$1.runReflectiveCall(FrameworkMethod.java:47)
	at org.junit.internal.runners.model.ReflectiveCallable.run(ReflectiveCallable.java:12)
	at org.junit.runners.model.FrameworkMethod.invokeExplosively(FrameworkMethod.java:44)
	at org.junit.internal.runners.statements.InvokeMethod.evaluate(InvokeMethod.java:17)
	at org.junit.internal.runners.statements.FailOnTimeout$StatementThread.run(FailOnTimeout.java:74)
--- org.apache.commons.lang3.time.FastDateFormat_ESTest::test16377
java.lang.ArrayIndexOutOfBoundsException: 0
	at org.apache.commons.lang3.time.FastDateFormat.parseToken(FastDateFormat.java:596)
	at org.apache.commons.lang3.time.FastDateFormat_ESTest.test16377(FastDateFormat_ESTest.java:2841)
	at sun.reflect.NativeMethodAccessorImpl.invoke0(Native Method)
	at sun.reflect.NativeMethodAccessorImpl.invoke(NativeMethodAccessorImpl.java:62)
	at sun.reflect.DelegatingMethodAccessorImpl.invoke(DelegatingMethodAccessorImpl.java:43)
	at java.lang.reflect.Method.invoke(Method.java:498)
	at org.junit.runners.model.FrameworkMethod$1.runReflectiveCall(FrameworkMethod.java:47)
	at org.junit.internal.runners.model.ReflectiveCallable.run(ReflectiveCallable.java:12)
	at org.junit.runners.model.FrameworkMethod.invokeExplosively(FrameworkMethod.java:44)
	at org.junit.internal.runners.statements.InvokeMethod.evaluate(InvokeMethod.java:17)
	at org.junit.internal.runners.statements.FailOnTimeout$StatementThread.run(FailOnTimeout.java:74)
--- org.apache.commons.lang3.time.FastDateFormat_ESTest::test16371
junit.framework.AssertionFailedError: expected:<0> but was:<19>
	at org.junit.Assert.fail(Assert.java:88)
	at org.junit.Assert.failNotEquals(Assert.java:743)
	at org.junit.Assert.assertEquals(Assert.java:118)
	at org.junit.Assert.assertEquals(Assert.java:555)
	at org.junit.Assert.assertEquals(Assert.java:542)
	at org.apache.commons.lang3.time.FastDateFormat_ESTest.test16371(FastDateFormat_ESTest.java:2803)
	at sun.reflect.NativeMethodAccessorImpl.invoke0(Native Method)
	at sun.reflect.NativeMethodAccessorImpl.invoke(NativeMethodAccessorImpl.java:62)
	at sun.reflect.DelegatingMethodAccessorImpl.invoke(DelegatingMethodAccessorImpl.java:43)
	at java.lang.reflect.Method.invoke(Method.java:498)
	at org.junit.runners.model.FrameworkMethod$1.runReflectiveCall(FrameworkMethod.java:47)
	at org.junit.internal.runners.model.ReflectiveCallable.run(ReflectiveCallable.java:12)
	at org.junit.runners.model.FrameworkMethod.invokeExplosively(FrameworkMethod.java:44)
	at org.junit.internal.runners.statements.InvokeMethod.evaluate(InvokeMethod.java:17)
	at org.junit.internal.runners.statements.FailOnTimeout$StatementThread.run(FailOnTimeout.java:74)
--- org.apache.commons.lang3.time.FastDateFormat_ESTest::test42647
junit.framework.AssertionFailedError: expected:<0> but was:<21>
	at org.junit.Assert.fail(Assert.java:88)
	at org.junit.Assert.failNotEquals(Assert.java:743)
	at org.junit.Assert.assertEquals(Assert.java:118)
	at org.junit.Assert.assertEquals(Assert.java:555)
	at org.junit.Assert.assertEquals(Assert.java:542)
	at org.apache.commons.lang3.time.FastDateFormat_ESTest.test42647(FastDateFormat_ESTest.java:4587)
	at sun.reflect.NativeMethodAccessorImpl.invoke0(Native Method)
	at sun.reflect.NativeMethodAccessorImpl.invoke(NativeMethodAccessorImpl.java:62)
	at sun.reflect.DelegatingMethodAccessorImpl.invoke(DelegatingMethodAccessorImpl.java:43)
	at java.lang.reflect.Method.invoke(Method.java:498)
	at org.junit.runners.model.FrameworkMethod$1.runReflectiveCall(FrameworkMethod.java:47)
	at org.junit.internal.runners.model.ReflectiveCallable.run(ReflectiveCallable.java:12)
	at org.junit.runners.model.FrameworkMethod.invokeExplosively(FrameworkMethod.java:44)
	at org.junit.internal.runners.statements.InvokeMethod.evaluate(InvokeMethod.java:17)
	at org.junit.internal.runners.statements.FailOnTimeout$StatementThread.run(FailOnTimeout.java:74)
--- org.apache.commons.lang3.time.FastDateFormat_ESTest::test521007
org.evosuite.runtime.mock.java.lang.MockIllegalArgumentException: Illegal pattern component: o
	at org.apache.commons.lang3.time.FastDateFormat.parsePattern(FastDateFormat.java:577)
	at org.apache.commons.lang3.time.FastDateFormat.init(FastDateFormat.java:444)
	at org.apache.commons.lang3.time.FastDateFormat.<init>(FastDateFormat.java:437)
	at org.apache.commons.lang3.time.FastDateFormat$1.createInstance(FastDateFormat.java:110)
	at org.apache.commons.lang3.time.FastDateFormat$1.createInstance(FastDateFormat.java:107)
	at org.apache.commons.lang3.time.FormatCache.getInstance(FormatCache.java:82)
	at org.apache.commons.lang3.time.FastDateFormat.getInstance(FastDateFormat.java:188)
	at org.apache.commons.lang3.time.FastDateFormat_ESTest.test521007(FastDateFormat_ESTest.java:8073)
	at sun.reflect.NativeMethodAccessorImpl.invoke0(Native Method)
	at sun.reflect.NativeMethodAccessorImpl.invoke(NativeMethodAccessorImpl.java:62)
	at sun.reflect.DelegatingMethodAccessorImpl.invoke(DelegatingMethodAccessorImpl.java:43)
	at java.lang.reflect.Method.invoke(Method.java:498)
	at org.junit.runners.model.FrameworkMethod$1.runReflectiveCall(FrameworkMethod.java:47)
	at org.junit.internal.runners.model.ReflectiveCallable.run(ReflectiveCallable.java:12)
	at org.junit.runners.model.FrameworkMethod.invokeExplosively(FrameworkMethod.java:44)
	at org.junit.internal.runners.statements.InvokeMethod.evaluate(InvokeMethod.java:17)
	at org.junit.internal.runners.statements.FailOnTimeout$StatementThread.run(FailOnTimeout.java:74)
--- org.apache.commons.lang3.time.FastDateFormat_ESTest::test691086
org.evosuite.runtime.mock.java.lang.MockIllegalArgumentException: Illegal pattern component: J
	at org.apache.commons.lang3.time.FastDateFormat.parsePattern(FastDateFormat.java:577)
	at org.apache.commons.lang3.time.FastDateFormat.init(FastDateFormat.java:444)
	at org.apache.commons.lang3.time.FastDateFormat.<init>(FastDateFormat.java:437)
	at org.apache.commons.lang3.time.FastDateFormat$1.createInstance(FastDateFormat.java:110)
	at org.apache.commons.lang3.time.FastDateFormat$1.createInstance(FastDateFormat.java:107)
	at org.apache.commons.lang3.time.FormatCache.getInstance(FormatCache.java:82)
	at org.apache.commons.lang3.time.FastDateFormat.getInstance(FastDateFormat.java:174)
	at org.apache.commons.lang3.time.FastDateFormat_ESTest.test691086(FastDateFormat_ESTest.java:8540)
	at sun.reflect.NativeMethodAccessorImpl.invoke0(Native Method)
	at sun.reflect.NativeMethodAccessorImpl.invoke(NativeMethodAccessorImpl.java:62)
	at sun.reflect.DelegatingMethodAccessorImpl.invoke(DelegatingMethodAccessorImpl.java:43)
	at java.lang.reflect.Method.invoke(Method.java:498)
	at org.junit.runners.model.FrameworkMethod$1.runReflectiveCall(FrameworkMethod.java:47)
	at org.junit.internal.runners.model.ReflectiveCallable.run(ReflectiveCallable.java:12)
	at org.junit.runners.model.FrameworkMethod.invokeExplosively(FrameworkMethod.java:44)
	at org.junit.internal.runners.statements.InvokeMethod.evaluate(InvokeMethod.java:17)
	at org.junit.internal.runners.statements.FailOnTimeout$StatementThread.run(FailOnTimeout.java:74)
--- org.apache.commons.lang3.time.FastDateFormat_ESTest::test29468
java.lang.IllegalArgumentException: Illegal date style 1270
	at java.text.DateFormat.get(DateFormat.java:791)
	at java.text.DateFormat.getDateInstance(DateFormat.java:537)
	at org.evosuite.runtime.mock.java.text.MockDateFormat.getDateInstance(MockDateFormat.java:71)
	at org.apache.commons.lang3.time.FormatCache.getDateTimeInstance(FormatCache.java:133)
	at org.apache.commons.lang3.time.FastDateFormat.getDateInstance(FastDateFormat.java:267)
	at org.apache.commons.lang3.time.FastDateFormat_ESTest.test29468(FastDateFormat_ESTest.java:3390)
	at sun.reflect.NativeMethodAccessorImpl.invoke0(Native Method)
	at sun.reflect.NativeMethodAccessorImpl.invoke(NativeMethodAccessorImpl.java:62)
	at sun.reflect.DelegatingMethodAccessorImpl.invoke(DelegatingMethodAccessorImpl.java:43)
	at java.lang.reflect.Method.invoke(Method.java:498)
	at org.junit.runners.model.FrameworkMethod$1.runReflectiveCall(FrameworkMethod.java:47)
	at org.junit.internal.runners.model.ReflectiveCallable.run(ReflectiveCallable.java:12)
	at org.junit.runners.model.FrameworkMethod.invokeExplosively(FrameworkMethod.java:44)
	at org.junit.internal.runners.statements.InvokeMethod.evaluate(InvokeMethod.java:17)
	at org.junit.internal.runners.statements.FailOnTimeout$StatementThread.run(FailOnTimeout.java:74)
--- org.apache.commons.lang3.time.FastDateFormat_ESTest::test681083
org.evosuite.runtime.mock.java.lang.MockIllegalArgumentException: Illegal pattern component: i
	at org.apache.commons.lang3.time.FastDateFormat.parsePattern(FastDateFormat.java:577)
	at org.apache.commons.lang3.time.FastDateFormat.init(FastDateFormat.java:444)
	at org.apache.commons.lang3.time.FastDateFormat.<init>(FastDateFormat.java:437)
	at org.apache.commons.lang3.time.FastDateFormat$1.createInstance(FastDateFormat.java:110)
	at org.apache.commons.lang3.time.FastDateFormat$1.createInstance(FastDateFormat.java:107)
	at org.apache.commons.lang3.time.FormatCache.getInstance(FormatCache.java:82)
	at org.apache.commons.lang3.time.FastDateFormat.getInstance(FastDateFormat.java:188)
	at org.apache.commons.lang3.time.FastDateFormat_ESTest.test681083(FastDateFormat_ESTest.java:8523)
	at sun.reflect.NativeMethodAccessorImpl.invoke0(Native Method)
	at sun.reflect.NativeMethodAccessorImpl.invoke(NativeMethodAccessorImpl.java:62)
	at sun.reflect.DelegatingMethodAccessorImpl.invoke(DelegatingMethodAccessorImpl.java:43)
	at java.lang.reflect.Method.invoke(Method.java:498)
	at org.junit.runners.model.FrameworkMethod$1.runReflectiveCall(FrameworkMethod.java:47)
	at org.junit.internal.runners.model.ReflectiveCallable.run(ReflectiveCallable.java:12)
	at org.junit.runners.model.FrameworkMethod.invokeExplosively(FrameworkMethod.java:44)
	at org.junit.internal.runners.statements.InvokeMethod.evaluate(InvokeMethod.java:17)
	at org.junit.internal.runners.statements.FailOnTimeout$StatementThread.run(FailOnTimeout.java:74)
--- org.apache.commons.lang3.time.FastDateFormat_ESTest::test49990
org.evosuite.runtime.mock.java.lang.MockIllegalArgumentException: Illegal pattern component: r
	at org.apache.commons.lang3.time.FastDateFormat.parsePattern(FastDateFormat.java:577)
	at org.apache.commons.lang3.time.FastDateFormat.init(FastDateFormat.java:444)
	at org.apache.commons.lang3.time.FastDateFormat.<init>(FastDateFormat.java:437)
	at org.apache.commons.lang3.time.FastDateFormat$1.createInstance(FastDateFormat.java:110)
	at org.apache.commons.lang3.time.FastDateFormat$1.createInstance(FastDateFormat.java:107)
	at org.apache.commons.lang3.time.FormatCache.getInstance(FormatCache.java:82)
	at org.apache.commons.lang3.time.FastDateFormat.getInstance(FastDateFormat.java:205)
	at org.apache.commons.lang3.time.FastDateFormat_ESTest.test49990(FastDateFormat_ESTest.java:7974)
	at sun.reflect.NativeMethodAccessorImpl.invoke0(Native Method)
	at sun.reflect.NativeMethodAccessorImpl.invoke(NativeMethodAccessorImpl.java:62)
	at sun.reflect.DelegatingMethodAccessorImpl.invoke(DelegatingMethodAccessorImpl.java:43)
	at java.lang.reflect.Method.invoke(Method.java:498)
	at org.junit.runners.model.FrameworkMethod$1.runReflectiveCall(FrameworkMethod.java:47)
	at org.junit.internal.runners.model.ReflectiveCallable.run(ReflectiveCallable.java:12)
	at org.junit.runners.model.FrameworkMethod.invokeExplosively(FrameworkMethod.java:44)
	at org.junit.internal.runners.statements.InvokeMethod.evaluate(InvokeMethod.java:17)
	at org.junit.internal.runners.statements.FailOnTimeout$StatementThread.run(FailOnTimeout.java:74)
--- org.apache.commons.lang3.time.FastDateFormat_ESTest::test37553
java.lang.NullPointerException
	at java.util.concurrent.ConcurrentHashMap.get(ConcurrentHashMap.java:936)
	at java.text.DateFormatSymbols.initializeData(DateFormatSymbols.java:693)
	at java.text.DateFormatSymbols.<init>(DateFormatSymbols.java:145)
	at org.apache.commons.lang3.time.FastDateFormat.parsePattern(FastDateFormat.java:464)
	at org.apache.commons.lang3.time.FastDateFormat.init(FastDateFormat.java:444)
	at org.apache.commons.lang3.time.FastDateFormat.<init>(FastDateFormat.java:437)
	at org.apache.commons.lang3.time.FastDateFormat_ESTest.test37553(FastDateFormat_ESTest.java:3917)
	at sun.reflect.NativeMethodAccessorImpl.invoke0(Native Method)
	at sun.reflect.NativeMethodAccessorImpl.invoke(NativeMethodAccessorImpl.java:62)
	at sun.reflect.DelegatingMethodAccessorImpl.invoke(DelegatingMethodAccessorImpl.java:43)
	at java.lang.reflect.Method.invoke(Method.java:498)
	at org.junit.runners.model.FrameworkMethod$1.runReflectiveCall(FrameworkMethod.java:47)
	at org.junit.internal.runners.model.ReflectiveCallable.run(ReflectiveCallable.java:12)
	at org.junit.runners.model.FrameworkMethod.invokeExplosively(FrameworkMethod.java:44)
	at org.junit.internal.runners.statements.InvokeMethod.evaluate(InvokeMethod.java:17)
	at org.junit.internal.runners.statements.FailOnTimeout$StatementThread.run(FailOnTimeout.java:74)
--- org.apache.commons.lang3.time.FastDateFormat_ESTest::test50998
org.evosuite.runtime.mock.java.lang.MockIllegalArgumentException: Illegal pattern component: q
	at org.apache.commons.lang3.time.FastDateFormat.parsePattern(FastDateFormat.java:577)
	at org.apache.commons.lang3.time.FastDateFormat.init(FastDateFormat.java:444)
	at org.apache.commons.lang3.time.FastDateFormat.<init>(FastDateFormat.java:437)
	at org.apache.commons.lang3.time.FastDateFormat$1.createInstance(FastDateFormat.java:110)
	at org.apache.commons.lang3.time.FastDateFormat$1.createInstance(FastDateFormat.java:107)
	at org.apache.commons.lang3.time.FormatCache.getInstance(FormatCache.java:82)
	at org.apache.commons.lang3.time.FastDateFormat.getInstance(FastDateFormat.java:188)
	at org.apache.commons.lang3.time.FastDateFormat_ESTest.test50998(FastDateFormat_ESTest.java:8021)
	at sun.reflect.NativeMethodAccessorImpl.invoke0(Native Method)
	at sun.reflect.NativeMethodAccessorImpl.invoke(NativeMethodAccessorImpl.java:62)
	at sun.reflect.DelegatingMethodAccessorImpl.invoke(DelegatingMethodAccessorImpl.java:43)
	at java.lang.reflect.Method.invoke(Method.java:498)
	at org.junit.runners.model.FrameworkMethod$1.runReflectiveCall(FrameworkMethod.java:47)
	at org.junit.internal.runners.model.ReflectiveCallable.run(ReflectiveCallable.java:12)
	at org.junit.runners.model.FrameworkMethod.invokeExplosively(FrameworkMethod.java:44)
	at org.junit.internal.runners.statements.InvokeMethod.evaluate(InvokeMethod.java:17)
	at org.junit.internal.runners.statements.FailOnTimeout$StatementThread.run(FailOnTimeout.java:74)
--- org.apache.commons.lang3.time.FastDateFormat_ESTest::test581033
org.evosuite.runtime.mock.java.lang.MockIllegalArgumentException: Illegal pattern component: e
	at org.apache.commons.lang3.time.FastDateFormat.parsePattern(FastDateFormat.java:577)
	at org.apache.commons.lang3.time.FastDateFormat.init(FastDateFormat.java:444)
	at org.apache.commons.lang3.time.FastDateFormat.<init>(FastDateFormat.java:437)
	at org.apache.commons.lang3.time.FastDateFormat$1.createInstance(FastDateFormat.java:110)
	at org.apache.commons.lang3.time.FastDateFormat$1.createInstance(FastDateFormat.java:107)
	at org.apache.commons.lang3.time.FormatCache.getInstance(FormatCache.java:82)
	at org.apache.commons.lang3.time.FastDateFormat.getInstance(FastDateFormat.java:159)
	at org.apache.commons.lang3.time.FastDateFormat_ESTest.test581033(FastDateFormat_ESTest.java:8223)
	at sun.reflect.NativeMethodAccessorImpl.invoke0(Native Method)
	at sun.reflect.NativeMethodAccessorImpl.invoke(NativeMethodAccessorImpl.java:62)
	at sun.reflect.DelegatingMethodAccessorImpl.invoke(DelegatingMethodAccessorImpl.java:43)
	at java.lang.reflect.Method.invoke(Method.java:498)
	at org.junit.runners.model.FrameworkMethod$1.runReflectiveCall(FrameworkMethod.java:47)
	at org.junit.internal.runners.model.ReflectiveCallable.run(ReflectiveCallable.java:12)
	at org.junit.runners.model.FrameworkMethod.invokeExplosively(FrameworkMethod.java:44)
	at org.junit.internal.runners.statements.InvokeMethod.evaluate(InvokeMethod.java:17)
	at org.junit.internal.runners.statements.FailOnTimeout$StatementThread.run(FailOnTimeout.java:74)
--- org.apache.commons.lang3.time.FastDateFormat_ESTest::test26449
java.lang.IllegalArgumentException: Illegal time style 830
	at java.text.DateFormat.get(DateFormat.java:784)
	at java.text.DateFormat.getDateTimeInstance(DateFormat.java:586)
	at org.evosuite.runtime.mock.java.text.MockDateFormat.getDateTimeInstance(MockDateFormat.java:91)
	at org.apache.commons.lang3.time.FormatCache.getDateTimeInstance(FormatCache.java:136)
	at org.apache.commons.lang3.time.FastDateFormat.getDateTimeInstance(FastDateFormat.java:395)
	at org.apache.commons.lang3.time.FastDateFormat_ESTest.test26449(FastDateFormat_ESTest.java:3277)
	at sun.reflect.NativeMethodAccessorImpl.invoke0(Native Method)
	at sun.reflect.NativeMethodAccessorImpl.invoke(NativeMethodAccessorImpl.java:62)
	at sun.reflect.DelegatingMethodAccessorImpl.invoke(DelegatingMethodAccessorImpl.java:43)
	at java.lang.reflect.Method.invoke(Method.java:498)
	at org.junit.runners.model.FrameworkMethod$1.runReflectiveCall(FrameworkMethod.java:47)
	at org.junit.internal.runners.model.ReflectiveCallable.run(ReflectiveCallable.java:12)
	at org.junit.runners.model.FrameworkMethod.invokeExplosively(FrameworkMethod.java:44)
	at org.junit.internal.runners.statements.InvokeMethod.evaluate(InvokeMethod.java:17)
	at org.junit.internal.runners.statements.FailOnTimeout$StatementThread.run(FailOnTimeout.java:74)
--- org.apache.commons.lang3.time.FastDateFormat_ESTest::test671075
org.evosuite.runtime.mock.java.lang.MockIllegalArgumentException: Illegal pattern component: L
	at org.apache.commons.lang3.time.FastDateFormat.parsePattern(FastDateFormat.java:577)
	at org.apache.commons.lang3.time.FastDateFormat.init(FastDateFormat.java:444)
	at org.apache.commons.lang3.time.FastDateFormat.<init>(FastDateFormat.java:437)
	at org.apache.commons.lang3.time.FastDateFormat$1.createInstance(FastDateFormat.java:110)
	at org.apache.commons.lang3.time.FastDateFormat$1.createInstance(FastDateFormat.java:107)
	at org.apache.commons.lang3.time.FormatCache.getInstance(FormatCache.java:82)
	at org.apache.commons.lang3.time.FastDateFormat.getInstance(FastDateFormat.java:188)
	at org.apache.commons.lang3.time.FastDateFormat_ESTest.test671075(FastDateFormat_ESTest.java:8476)
	at sun.reflect.NativeMethodAccessorImpl.invoke0(Native Method)
	at sun.reflect.NativeMethodAccessorImpl.invoke(NativeMethodAccessorImpl.java:62)
	at sun.reflect.DelegatingMethodAccessorImpl.invoke(DelegatingMethodAccessorImpl.java:43)
	at java.lang.reflect.Method.invoke(Method.java:498)
	at org.junit.runners.model.FrameworkMethod$1.runReflectiveCall(FrameworkMethod.java:47)
	at org.junit.internal.runners.model.ReflectiveCallable.run(ReflectiveCallable.java:12)
	at org.junit.runners.model.FrameworkMethod.invokeExplosively(FrameworkMethod.java:44)
	at org.junit.internal.runners.statements.InvokeMethod.evaluate(InvokeMethod.java:17)
	at org.junit.internal.runners.statements.FailOnTimeout$StatementThread.run(FailOnTimeout.java:74)
--- org.apache.commons.lang3.time.FastDateFormat_ESTest::test591043
org.evosuite.runtime.mock.java.lang.MockIllegalArgumentException: Illegal pattern component: V
	at org.apache.commons.lang3.time.FastDateFormat.parsePattern(FastDateFormat.java:577)
	at org.apache.commons.lang3.time.FastDateFormat.init(FastDateFormat.java:444)
	at org.apache.commons.lang3.time.FastDateFormat.<init>(FastDateFormat.java:437)
	at org.apache.commons.lang3.time.FastDateFormat_ESTest.test591043(FastDateFormat_ESTest.java:8290)
	at sun.reflect.NativeMethodAccessorImpl.invoke0(Native Method)
	at sun.reflect.NativeMethodAccessorImpl.invoke(NativeMethodAccessorImpl.java:62)
	at sun.reflect.DelegatingMethodAccessorImpl.invoke(DelegatingMethodAccessorImpl.java:43)
	at java.lang.reflect.Method.invoke(Method.java:498)
	at org.junit.runners.model.FrameworkMethod$1.runReflectiveCall(FrameworkMethod.java:47)
	at org.junit.internal.runners.model.ReflectiveCallable.run(ReflectiveCallable.java:12)
	at org.junit.runners.model.FrameworkMethod.invokeExplosively(FrameworkMethod.java:44)
	at org.junit.internal.runners.statements.InvokeMethod.evaluate(InvokeMethod.java:17)
	at org.junit.internal.runners.statements.FailOnTimeout$StatementThread.run(FailOnTimeout.java:74)
--- org.apache.commons.lang3.time.FastDateFormat_ESTest::test44699
junit.framework.AssertionFailedError: expected:<0> but was:<21>
	at org.junit.Assert.fail(Assert.java:88)
	at org.junit.Assert.failNotEquals(Assert.java:743)
	at org.junit.Assert.assertEquals(Assert.java:118)
	at org.junit.Assert.assertEquals(Assert.java:555)
	at org.junit.Assert.assertEquals(Assert.java:542)
	at org.apache.commons.lang3.time.FastDateFormat_ESTest.test44699(FastDateFormat_ESTest.java:5010)
	at sun.reflect.NativeMethodAccessorImpl.invoke0(Native Method)
	at sun.reflect.NativeMethodAccessorImpl.invoke(NativeMethodAccessorImpl.java:62)
	at sun.reflect.DelegatingMethodAccessorImpl.invoke(DelegatingMethodAccessorImpl.java:43)
	at java.lang.reflect.Method.invoke(Method.java:498)
	at org.junit.runners.model.FrameworkMethod$1.runReflectiveCall(FrameworkMethod.java:47)
	at org.junit.internal.runners.model.ReflectiveCallable.run(ReflectiveCallable.java:12)
	at org.junit.runners.model.FrameworkMethod.invokeExplosively(FrameworkMethod.java:44)
	at org.junit.internal.runners.statements.InvokeMethod.evaluate(InvokeMethod.java:17)
	at org.junit.internal.runners.statements.FailOnTimeout$StatementThread.run(FailOnTimeout.java:74)
--- org.apache.commons.lang3.time.FastDateFormat_ESTest::test47962
junit.framework.AssertionFailedError: expected:<FastDateFormat[]> but was:<FastDateFormat[MMMM d, yyyy h:mm:ss a z]>
	at org.junit.Assert.fail(Assert.java:88)
	at org.junit.Assert.failNotEquals(Assert.java:743)
	at org.junit.Assert.assertEquals(Assert.java:118)
	at org.junit.Assert.assertEquals(Assert.java:144)
	at org.apache.commons.lang3.time.FastDateFormat_ESTest.test47962(FastDateFormat_ESTest.java:7636)
	at sun.reflect.NativeMethodAccessorImpl.invoke0(Native Method)
	at sun.reflect.NativeMethodAccessorImpl.invoke(NativeMethodAccessorImpl.java:62)
	at sun.reflect.DelegatingMethodAccessorImpl.invoke(DelegatingMethodAccessorImpl.java:43)
	at java.lang.reflect.Method.invoke(Method.java:498)
	at org.junit.runners.model.FrameworkMethod$1.runReflectiveCall(FrameworkMethod.java:47)
	at org.junit.internal.runners.model.ReflectiveCallable.run(ReflectiveCallable.java:12)
	at org.junit.runners.model.FrameworkMethod.invokeExplosively(FrameworkMethod.java:44)
	at org.junit.internal.runners.statements.InvokeMethod.evaluate(InvokeMethod.java:17)
	at org.junit.internal.runners.statements.FailOnTimeout$StatementThread.run(FailOnTimeout.java:74)
--- org.apache.commons.lang3.time.FastDateFormat_ESTest::test32492
junit.framework.AssertionFailedError: expected:<0> but was:<17>
	at org.junit.Assert.fail(Assert.java:88)
	at org.junit.Assert.failNotEquals(Assert.java:743)
	at org.junit.Assert.assertEquals(Assert.java:118)
	at org.junit.Assert.assertEquals(Assert.java:555)
	at org.junit.Assert.assertEquals(Assert.java:542)
	at org.apache.commons.lang3.time.FastDateFormat_ESTest.test32492(FastDateFormat_ESTest.java:3541)
	at sun.reflect.NativeMethodAccessorImpl.invoke0(Native Method)
	at sun.reflect.NativeMethodAccessorImpl.invoke(NativeMethodAccessorImpl.java:62)
	at sun.reflect.DelegatingMethodAccessorImpl.invoke(DelegatingMethodAccessorImpl.java:43)
	at java.lang.reflect.Method.invoke(Method.java:498)
	at org.junit.runners.model.FrameworkMethod$1.runReflectiveCall(FrameworkMethod.java:47)
	at org.junit.internal.runners.model.ReflectiveCallable.run(ReflectiveCallable.java:12)
	at org.junit.runners.model.FrameworkMethod.invokeExplosively(FrameworkMethod.java:44)
	at org.junit.internal.runners.statements.InvokeMethod.evaluate(InvokeMethod.java:17)
	at org.junit.internal.runners.statements.FailOnTimeout$StatementThread.run(FailOnTimeout.java:74)
--- org.apache.commons.lang3.time.FastDateFormat_ESTest::test571032
org.evosuite.runtime.mock.java.lang.MockIllegalArgumentException: Illegal pattern component: b
	at org.apache.commons.lang3.time.FastDateFormat.parsePattern(FastDateFormat.java:577)
	at org.apache.commons.lang3.time.FastDateFormat.init(FastDateFormat.java:444)
	at org.apache.commons.lang3.time.FastDateFormat.<init>(FastDateFormat.java:437)
	at org.apache.commons.lang3.time.FastDateFormat$1.createInstance(FastDateFormat.java:110)
	at org.apache.commons.lang3.time.FastDateFormat$1.createInstance(FastDateFormat.java:107)
	at org.apache.commons.lang3.time.FormatCache.getInstance(FormatCache.java:82)
	at org.apache.commons.lang3.time.FastDateFormat.getInstance(FastDateFormat.java:174)
	at org.apache.commons.lang3.time.FastDateFormat_ESTest.test571032(FastDateFormat_ESTest.java:8218)
	at sun.reflect.NativeMethodAccessorImpl.invoke0(Native Method)
	at sun.reflect.NativeMethodAccessorImpl.invoke(NativeMethodAccessorImpl.java:62)
	at sun.reflect.DelegatingMethodAccessorImpl.invoke(DelegatingMethodAccessorImpl.java:43)
	at java.lang.reflect.Method.invoke(Method.java:498)
	at org.junit.runners.model.FrameworkMethod$1.runReflectiveCall(FrameworkMethod.java:47)
	at org.junit.internal.runners.model.ReflectiveCallable.run(ReflectiveCallable.java:12)
	at org.junit.runners.model.FrameworkMethod.invokeExplosively(FrameworkMethod.java:44)
	at org.junit.internal.runners.statements.InvokeMethod.evaluate(InvokeMethod.java:17)
	at org.junit.internal.runners.statements.FailOnTimeout$StatementThread.run(FailOnTimeout.java:74)
--- org.apache.commons.lang3.time.FastDateFormat_ESTest::test47982
java.lang.IllegalArgumentException: Illegal date style -5153
	at java.text.DateFormat.get(DateFormat.java:791)
	at java.text.DateFormat.getDateTimeInstance(DateFormat.java:586)
	at org.evosuite.runtime.mock.java.text.MockDateFormat.getDateTimeInstance(MockDateFormat.java:91)
	at org.apache.commons.lang3.time.FormatCache.getDateTimeInstance(FormatCache.java:136)
	at org.apache.commons.lang3.time.FastDateFormat.getDateTimeInstance(FastDateFormat.java:395)
	at org.apache.commons.lang3.time.FastDateFormat.getDateTimeInstance(FastDateFormat.java:378)
	at org.apache.commons.lang3.time.FastDateFormat_ESTest.test47982(FastDateFormat_ESTest.java:7928)
	at sun.reflect.NativeMethodAccessorImpl.invoke0(Native Method)
	at sun.reflect.NativeMethodAccessorImpl.invoke(NativeMethodAccessorImpl.java:62)
	at sun.reflect.DelegatingMethodAccessorImpl.invoke(DelegatingMethodAccessorImpl.java:43)
	at java.lang.reflect.Method.invoke(Method.java:498)
	at org.junit.runners.model.FrameworkMethod$1.runReflectiveCall(FrameworkMethod.java:47)
	at org.junit.internal.runners.model.ReflectiveCallable.run(ReflectiveCallable.java:12)
	at org.junit.runners.model.FrameworkMethod.invokeExplosively(FrameworkMethod.java:44)
	at org.junit.internal.runners.statements.InvokeMethod.evaluate(InvokeMethod.java:17)
	at org.junit.internal.runners.statements.FailOnTimeout$StatementThread.run(FailOnTimeout.java:74)
--- org.apache.commons.lang3.time.FastDateFormat_ESTest::test35539
java.lang.NullPointerException
	at org.apache.commons.lang3.time.FastDateFormat$UnpaddedMonthField.appendTo(FastDateFormat.java:1104)
	at org.apache.commons.lang3.time.FastDateFormat$UnpaddedMonthField.appendTo(FastDateFormat.java:1096)
	at org.apache.commons.lang3.time.FastDateFormat.applyRules(FastDateFormat.java:770)
	at org.apache.commons.lang3.time.FastDateFormat.format(FastDateFormat.java:745)
	at org.apache.commons.lang3.time.FastDateFormat.format(FastDateFormat.java:731)
	at org.apache.commons.lang3.time.FastDateFormat_ESTest.test35539(FastDateFormat_ESTest.java:3834)
	at sun.reflect.NativeMethodAccessorImpl.invoke0(Native Method)
	at sun.reflect.NativeMethodAccessorImpl.invoke(NativeMethodAccessorImpl.java:62)
	at sun.reflect.DelegatingMethodAccessorImpl.invoke(DelegatingMethodAccessorImpl.java:43)
	at java.lang.reflect.Method.invoke(Method.java:498)
	at org.junit.runners.model.FrameworkMethod$1.runReflectiveCall(FrameworkMethod.java:47)
	at org.junit.internal.runners.model.ReflectiveCallable.run(ReflectiveCallable.java:12)
	at org.junit.runners.model.FrameworkMethod.invokeExplosively(FrameworkMethod.java:44)
	at org.junit.internal.runners.statements.InvokeMethod.evaluate(InvokeMethod.java:17)
	at org.junit.internal.runners.statements.FailOnTimeout$StatementThread.run(FailOnTimeout.java:74)
--- org.apache.commons.lang3.time.FastDateFormat_ESTest::test35533
junit.framework.AssertionFailedError: expected:<0> but was:<21>
	at org.junit.Assert.fail(Assert.java:88)
	at org.junit.Assert.failNotEquals(Assert.java:743)
	at org.junit.Assert.assertEquals(Assert.java:118)
	at org.junit.Assert.assertEquals(Assert.java:555)
	at org.junit.Assert.assertEquals(Assert.java:542)
	at org.apache.commons.lang3.time.FastDateFormat_ESTest.test35533(FastDateFormat_ESTest.java:3803)
	at sun.reflect.NativeMethodAccessorImpl.invoke0(Native Method)
	at sun.reflect.NativeMethodAccessorImpl.invoke(NativeMethodAccessorImpl.java:62)
	at sun.reflect.DelegatingMethodAccessorImpl.invoke(DelegatingMethodAccessorImpl.java:43)
	at java.lang.reflect.Method.invoke(Method.java:498)
	at org.junit.runners.model.FrameworkMethod$1.runReflectiveCall(FrameworkMethod.java:47)
	at org.junit.internal.runners.model.ReflectiveCallable.run(ReflectiveCallable.java:12)
	at org.junit.runners.model.FrameworkMethod.invokeExplosively(FrameworkMethod.java:44)
	at org.junit.internal.runners.statements.InvokeMethod.evaluate(InvokeMethod.java:17)
	at org.junit.internal.runners.statements.FailOnTimeout$StatementThread.run(FailOnTimeout.java:74)
--- org.apache.commons.lang3.time.FastDateFormat_ESTest::test32499
java.lang.NullPointerException
	at org.apache.commons.lang3.time.FastDateFormat$UnpaddedNumberField.appendTo(FastDateFormat.java:1063)
	at org.apache.commons.lang3.time.FastDateFormat$TwelveHourField.appendTo(FastDateFormat.java:1319)
	at org.apache.commons.lang3.time.FastDateFormat.applyRules(FastDateFormat.java:770)
	at org.apache.commons.lang3.time.FastDateFormat.format(FastDateFormat.java:745)
	at org.apache.commons.lang3.time.FastDateFormat_ESTest.test32499(FastDateFormat_ESTest.java:3587)
	at sun.reflect.NativeMethodAccessorImpl.invoke0(Native Method)
	at sun.reflect.NativeMethodAccessorImpl.invoke(NativeMethodAccessorImpl.java:62)
	at sun.reflect.DelegatingMethodAccessorImpl.invoke(DelegatingMethodAccessorImpl.java:43)
	at java.lang.reflect.Method.invoke(Method.java:498)
	at org.junit.runners.model.FrameworkMethod$1.runReflectiveCall(FrameworkMethod.java:47)
	at org.junit.internal.runners.model.ReflectiveCallable.run(ReflectiveCallable.java:12)
	at org.junit.runners.model.FrameworkMethod.invokeExplosively(FrameworkMethod.java:44)
	at org.junit.internal.runners.statements.InvokeMethod.evaluate(InvokeMethod.java:17)
	at org.junit.internal.runners.statements.FailOnTimeout$StatementThread.run(FailOnTimeout.java:74)
--- org.apache.commons.lang3.time.FastDateFormat_ESTest::test561025
org.evosuite.runtime.mock.java.lang.MockIllegalArgumentException: Illegal pattern component: c
	at org.apache.commons.lang3.time.FastDateFormat.parsePattern(FastDateFormat.java:577)
	at org.apache.commons.lang3.time.FastDateFormat.init(FastDateFormat.java:444)
	at org.apache.commons.lang3.time.FastDateFormat.<init>(FastDateFormat.java:437)
	at org.apache.commons.lang3.time.FastDateFormat$1.createInstance(FastDateFormat.java:110)
	at org.apache.commons.lang3.time.FastDateFormat$1.createInstance(FastDateFormat.java:107)
	at org.apache.commons.lang3.time.FormatCache.getInstance(FormatCache.java:82)
	at org.apache.commons.lang3.time.FastDateFormat.getInstance(FastDateFormat.java:159)
	at org.apache.commons.lang3.time.FastDateFormat_ESTest.test561025(FastDateFormat_ESTest.java:8177)
	at sun.reflect.NativeMethodAccessorImpl.invoke0(Native Method)
	at sun.reflect.NativeMethodAccessorImpl.invoke(NativeMethodAccessorImpl.java:62)
	at sun.reflect.DelegatingMethodAccessorImpl.invoke(DelegatingMethodAccessorImpl.java:43)
	at java.lang.reflect.Method.invoke(Method.java:498)
	at org.junit.runners.model.FrameworkMethod$1.runReflectiveCall(FrameworkMethod.java:47)
	at org.junit.internal.runners.model.ReflectiveCallable.run(ReflectiveCallable.java:12)
	at org.junit.runners.model.FrameworkMethod.invokeExplosively(FrameworkMethod.java:44)
	at org.junit.internal.runners.statements.InvokeMethod.evaluate(InvokeMethod.java:17)
	at org.junit.internal.runners.statements.FailOnTimeout$StatementThread.run(FailOnTimeout.java:74)
--- org.apache.commons.lang3.time.FastDateFormat_ESTest::test24434
org.evosuite.runtime.mock.java.lang.MockNullPointerException: pattern must not be null
	at org.apache.commons.lang3.time.FormatCache.getInstance(FormatCache.java:71)
	at org.apache.commons.lang3.time.FastDateFormat.getInstance(FastDateFormat.java:188)
	at org.apache.commons.lang3.time.FastDateFormat_ESTest.test24434(FastDateFormat_ESTest.java:3182)
	at sun.reflect.NativeMethodAccessorImpl.invoke0(Native Method)
	at sun.reflect.NativeMethodAccessorImpl.invoke(NativeMethodAccessorImpl.java:62)
	at sun.reflect.DelegatingMethodAccessorImpl.invoke(DelegatingMethodAccessorImpl.java:43)
	at java.lang.reflect.Method.invoke(Method.java:498)
	at org.junit.runners.model.FrameworkMethod$1.runReflectiveCall(FrameworkMethod.java:47)
	at org.junit.internal.runners.model.ReflectiveCallable.run(ReflectiveCallable.java:12)
	at org.junit.runners.model.FrameworkMethod.invokeExplosively(FrameworkMethod.java:44)
	at org.junit.internal.runners.statements.InvokeMethod.evaluate(InvokeMethod.java:17)
	at org.junit.internal.runners.statements.FailOnTimeout$StatementThread.run(FailOnTimeout.java:74)
