--- org.apache.commons.math.stat.descriptive.moment.Variance_ESTest::test4250
org.apache.commons.math.exception.NotPositiveException: start position (-2,036)
	at org.apache.commons.math.stat.descriptive.AbstractUnivariateStatistic.test(AbstractUnivariateStatistic.java:168)
	at org.apache.commons.math.stat.descriptive.AbstractUnivariateStatistic.test(AbstractUnivariateStatistic.java:137)
	at org.apache.commons.math.stat.descriptive.moment.Variance.evaluate(Variance.java:404)
	at org.apache.commons.math.stat.descriptive.moment.Variance_ESTest.test4250(Variance_ESTest.java:443)
	at sun.reflect.NativeMethodAccessorImpl.invoke0(Native Method)
	at sun.reflect.NativeMethodAccessorImpl.invoke(NativeMethodAccessorImpl.java:62)
	at sun.reflect.DelegatingMethodAccessorImpl.invoke(DelegatingMethodAccessorImpl.java:43)
	at java.lang.reflect.Method.invoke(Method.java:498)
	at org.junit.runners.model.FrameworkMethod$1.runReflectiveCall(FrameworkMethod.java:47)
	at org.junit.internal.runners.model.ReflectiveCallable.run(ReflectiveCallable.java:12)
	at org.junit.runners.model.FrameworkMethod.invokeExplosively(FrameworkMethod.java:44)
	at org.junit.internal.runners.statements.InvokeMethod.evaluate(InvokeMethod.java:17)
	at org.junit.internal.runners.statements.FailOnTimeout$StatementThread.run(FailOnTimeout.java:74)
--- org.apache.commons.math.stat.descriptive.moment.Variance_ESTest::test2230
java.lang.NullPointerException
	at org.apache.commons.math.stat.descriptive.moment.Variance.getN(Variance.java:196)
	at org.apache.commons.math.stat.descriptive.moment.Variance_ESTest.test2230(Variance_ESTest.java:299)
	at sun.reflect.NativeMethodAccessorImpl.invoke0(Native Method)
	at sun.reflect.NativeMethodAccessorImpl.invoke(NativeMethodAccessorImpl.java:62)
	at sun.reflect.DelegatingMethodAccessorImpl.invoke(DelegatingMethodAccessorImpl.java:43)
	at java.lang.reflect.Method.invoke(Method.java:498)
	at org.junit.runners.model.FrameworkMethod$1.runReflectiveCall(FrameworkMethod.java:47)
	at org.junit.internal.runners.model.ReflectiveCallable.run(ReflectiveCallable.java:12)
	at org.junit.runners.model.FrameworkMethod.invokeExplosively(FrameworkMethod.java:44)
	at org.junit.internal.runners.statements.InvokeMethod.evaluate(InvokeMethod.java:17)
	at org.junit.internal.runners.statements.FailOnTimeout$StatementThread.run(FailOnTimeout.java:74)
--- org.apache.commons.math.stat.descriptive.moment.Variance_ESTest::test3846
java.lang.NullPointerException
	at org.apache.commons.math.stat.descriptive.moment.Variance.evaluate(Variance.java:370)
	at org.apache.commons.math.stat.descriptive.moment.Variance_ESTest.test3846(Variance_ESTest.java:416)
	at sun.reflect.NativeMethodAccessorImpl.invoke0(Native Method)
	at sun.reflect.NativeMethodAccessorImpl.invoke(NativeMethodAccessorImpl.java:62)
	at sun.reflect.DelegatingMethodAccessorImpl.invoke(DelegatingMethodAccessorImpl.java:43)
	at java.lang.reflect.Method.invoke(Method.java:498)
	at org.junit.runners.model.FrameworkMethod$1.runReflectiveCall(FrameworkMethod.java:47)
	at org.junit.internal.runners.model.ReflectiveCallable.run(ReflectiveCallable.java:12)
	at org.junit.runners.model.FrameworkMethod.invokeExplosively(FrameworkMethod.java:44)
	at org.junit.internal.runners.statements.InvokeMethod.evaluate(InvokeMethod.java:17)
	at org.junit.internal.runners.statements.FailOnTimeout$StatementThread.run(FailOnTimeout.java:74)
--- org.apache.commons.math.stat.descriptive.moment.Variance_ESTest::test022
junit.framework.AssertionFailedError: expected:<1> but was:<5>
	at org.junit.Assert.fail(Assert.java:88)
	at org.junit.Assert.failNotEquals(Assert.java:743)
	at org.junit.Assert.assertEquals(Assert.java:118)
	at org.junit.Assert.assertEquals(Assert.java:555)
	at org.junit.Assert.assertEquals(Assert.java:542)
	at org.apache.commons.math.stat.descriptive.moment.Variance_ESTest.test022(Variance_ESTest.java:47)
	at sun.reflect.NativeMethodAccessorImpl.invoke0(Native Method)
	at sun.reflect.NativeMethodAccessorImpl.invoke(NativeMethodAccessorImpl.java:62)
	at sun.reflect.DelegatingMethodAccessorImpl.invoke(DelegatingMethodAccessorImpl.java:43)
	at java.lang.reflect.Method.invoke(Method.java:498)
	at org.junit.runners.model.FrameworkMethod$1.runReflectiveCall(FrameworkMethod.java:47)
	at org.junit.internal.runners.model.ReflectiveCallable.run(ReflectiveCallable.java:12)
	at org.junit.runners.model.FrameworkMethod.invokeExplosively(FrameworkMethod.java:44)
	at org.junit.internal.runners.statements.InvokeMethod.evaluate(InvokeMethod.java:17)
	at org.junit.internal.runners.statements.FailOnTimeout$StatementThread.run(FailOnTimeout.java:74)
--- org.apache.commons.math.stat.descriptive.moment.Variance_ESTest::test3442
org.apache.commons.math.exception.DimensionMismatchException: 1 != 0
	at org.apache.commons.math.stat.descriptive.AbstractUnivariateStatistic.test(AbstractUnivariateStatistic.java:263)
	at org.apache.commons.math.stat.descriptive.AbstractUnivariateStatistic.test(AbstractUnivariateStatistic.java:222)
	at org.apache.commons.math.stat.descriptive.moment.Variance.evaluate(Variance.java:506)
	at org.apache.commons.math.stat.descriptive.moment.Variance.evaluate(Variance.java:576)
	at org.apache.commons.math.stat.descriptive.moment.Variance_ESTest.test3442(Variance_ESTest.java:388)
	at sun.reflect.NativeMethodAccessorImpl.invoke0(Native Method)
	at sun.reflect.NativeMethodAccessorImpl.invoke(NativeMethodAccessorImpl.java:62)
	at sun.reflect.DelegatingMethodAccessorImpl.invoke(DelegatingMethodAccessorImpl.java:43)
	at java.lang.reflect.Method.invoke(Method.java:498)
	at org.junit.runners.model.FrameworkMethod$1.runReflectiveCall(FrameworkMethod.java:47)
	at org.junit.internal.runners.model.ReflectiveCallable.run(ReflectiveCallable.java:12)
	at org.junit.runners.model.FrameworkMethod.invokeExplosively(FrameworkMethod.java:44)
	at org.junit.internal.runners.statements.InvokeMethod.evaluate(InvokeMethod.java:17)
	at org.junit.internal.runners.statements.FailOnTimeout$StatementThread.run(FailOnTimeout.java:74)
--- org.apache.commons.math.stat.descriptive.moment.Variance_ESTest::test4654
java.lang.NullPointerException
	at org.apache.commons.math.stat.descriptive.moment.Variance.clear(Variance.java:205)
	at org.apache.commons.math.stat.descriptive.moment.Variance.evaluate(Variance.java:259)
	at org.apache.commons.math.stat.descriptive.moment.Variance.evaluate(Variance.java:230)
	at org.apache.commons.math.stat.descriptive.moment.Variance_ESTest.test4654(Variance_ESTest.java:473)
	at sun.reflect.NativeMethodAccessorImpl.invoke0(Native Method)
	at sun.reflect.NativeMethodAccessorImpl.invoke(NativeMethodAccessorImpl.java:62)
	at sun.reflect.DelegatingMethodAccessorImpl.invoke(DelegatingMethodAccessorImpl.java:43)
	at java.lang.reflect.Method.invoke(Method.java:498)
	at org.junit.runners.model.FrameworkMethod$1.runReflectiveCall(FrameworkMethod.java:47)
	at org.junit.internal.runners.model.ReflectiveCallable.run(ReflectiveCallable.java:12)
	at org.junit.runners.model.FrameworkMethod.invokeExplosively(FrameworkMethod.java:44)
	at org.junit.internal.runners.statements.InvokeMethod.evaluate(InvokeMethod.java:17)
	at org.junit.internal.runners.statements.FailOnTimeout$StatementThread.run(FailOnTimeout.java:74)
--- org.apache.commons.math.stat.descriptive.moment.Variance_ESTest::test2634
java.lang.NullPointerException
	at org.apache.commons.math.stat.descriptive.AbstractUnivariateStatistic.test(AbstractUnivariateStatistic.java:262)
	at org.apache.commons.math.stat.descriptive.AbstractUnivariateStatistic.test(AbstractUnivariateStatistic.java:222)
	at org.apache.commons.math.stat.descriptive.moment.Variance.evaluate(Variance.java:318)
	at org.apache.commons.math.stat.descriptive.moment.Variance_ESTest.test2634(Variance_ESTest.java:328)
	at sun.reflect.NativeMethodAccessorImpl.invoke0(Native Method)
	at sun.reflect.NativeMethodAccessorImpl.invoke(NativeMethodAccessorImpl.java:62)
	at sun.reflect.DelegatingMethodAccessorImpl.invoke(DelegatingMethodAccessorImpl.java:43)
	at java.lang.reflect.Method.invoke(Method.java:498)
	at org.junit.runners.model.FrameworkMethod$1.runReflectiveCall(FrameworkMethod.java:47)
	at org.junit.internal.runners.model.ReflectiveCallable.run(ReflectiveCallable.java:12)
	at org.junit.runners.model.FrameworkMethod.invokeExplosively(FrameworkMethod.java:44)
	at org.junit.internal.runners.statements.InvokeMethod.evaluate(InvokeMethod.java:17)
	at org.junit.internal.runners.statements.FailOnTimeout$StatementThread.run(FailOnTimeout.java:74)
--- org.apache.commons.math.stat.descriptive.moment.Variance_ESTest::test7595
org.apache.commons.math.exception.MathIllegalArgumentException: weigth array must contain at least one non-zero value
	at org.apache.commons.math.stat.descriptive.AbstractUnivariateStatistic.test(AbstractUnivariateStatistic.java:283)
	at org.apache.commons.math.stat.descriptive.AbstractUnivariateStatistic.test(AbstractUnivariateStatistic.java:222)
	at org.apache.commons.math.stat.descriptive.moment.Variance.evaluate(Variance.java:318)
	at org.apache.commons.math.stat.descriptive.moment.Variance.evaluate(Variance.java:370)
	at org.apache.commons.math.stat.descriptive.moment.Variance_ESTest.test7595(Variance_ESTest.java:796)
	at sun.reflect.NativeMethodAccessorImpl.invoke0(Native Method)
	at sun.reflect.NativeMethodAccessorImpl.invoke(NativeMethodAccessorImpl.java:62)
	at sun.reflect.DelegatingMethodAccessorImpl.invoke(DelegatingMethodAccessorImpl.java:43)
	at java.lang.reflect.Method.invoke(Method.java:498)
	at org.junit.runners.model.FrameworkMethod$1.runReflectiveCall(FrameworkMethod.java:47)
	at org.junit.internal.runners.model.ReflectiveCallable.run(ReflectiveCallable.java:12)
	at org.junit.runners.model.FrameworkMethod.invokeExplosively(FrameworkMethod.java:44)
	at org.junit.internal.runners.statements.InvokeMethod.evaluate(InvokeMethod.java:17)
	at org.junit.internal.runners.statements.FailOnTimeout$StatementThread.run(FailOnTimeout.java:74)
--- org.apache.commons.math.stat.descriptive.moment.Variance_ESTest::test5058
java.lang.NullPointerException
	at org.apache.commons.math.stat.descriptive.moment.Variance.clear(Variance.java:205)
	at org.apache.commons.math.stat.descriptive.moment.Variance_ESTest.test5058(Variance_ESTest.java:498)
	at sun.reflect.NativeMethodAccessorImpl.invoke0(Native Method)
	at sun.reflect.NativeMethodAccessorImpl.invoke(NativeMethodAccessorImpl.java:62)
	at sun.reflect.DelegatingMethodAccessorImpl.invoke(DelegatingMethodAccessorImpl.java:43)
	at java.lang.reflect.Method.invoke(Method.java:498)
	at org.junit.runners.model.FrameworkMethod$1.runReflectiveCall(FrameworkMethod.java:47)
	at org.junit.internal.runners.model.ReflectiveCallable.run(ReflectiveCallable.java:12)
	at org.junit.runners.model.FrameworkMethod.invokeExplosively(FrameworkMethod.java:44)
	at org.junit.internal.runners.statements.InvokeMethod.evaluate(InvokeMethod.java:17)
	at org.junit.internal.runners.statements.FailOnTimeout$StatementThread.run(FailOnTimeout.java:74)
--- org.apache.commons.math.stat.descriptive.moment.Variance_ESTest::test1013
junit.framework.AssertionFailedError
	at org.junit.Assert.fail(Assert.java:86)
	at org.junit.Assert.assertTrue(Assert.java:41)
	at org.junit.Assert.assertTrue(Assert.java:52)
	at org.apache.commons.math.stat.descriptive.moment.Variance_ESTest.test1013(Variance_ESTest.java:155)
	at sun.reflect.NativeMethodAccessorImpl.invoke0(Native Method)
	at sun.reflect.NativeMethodAccessorImpl.invoke(NativeMethodAccessorImpl.java:62)
	at sun.reflect.DelegatingMethodAccessorImpl.invoke(DelegatingMethodAccessorImpl.java:43)
	at java.lang.reflect.Method.invoke(Method.java:498)
	at org.junit.runners.model.FrameworkMethod$1.runReflectiveCall(FrameworkMethod.java:47)
	at org.junit.internal.runners.model.ReflectiveCallable.run(ReflectiveCallable.java:12)
	at org.junit.runners.model.FrameworkMethod.invokeExplosively(FrameworkMethod.java:44)
	at org.junit.internal.runners.statements.InvokeMethod.evaluate(InvokeMethod.java:17)
	at org.junit.internal.runners.statements.FailOnTimeout$StatementThread.run(FailOnTimeout.java:74)
--- org.apache.commons.math.stat.descriptive.moment.Variance_ESTest::test3038
org.apache.commons.math.exception.NullArgumentException: input array
	at org.apache.commons.math.stat.descriptive.AbstractUnivariateStatistic.test(AbstractUnivariateStatistic.java:259)
	at org.apache.commons.math.stat.descriptive.AbstractUnivariateStatistic.test(AbstractUnivariateStatistic.java:222)
	at org.apache.commons.math.stat.descriptive.moment.Variance.evaluate(Variance.java:506)
	at org.apache.commons.math.stat.descriptive.moment.Variance_ESTest.test3038(Variance_ESTest.java:357)
	at sun.reflect.NativeMethodAccessorImpl.invoke0(Native Method)
	at sun.reflect.NativeMethodAccessorImpl.invoke(NativeMethodAccessorImpl.java:62)
	at sun.reflect.DelegatingMethodAccessorImpl.invoke(DelegatingMethodAccessorImpl.java:43)
	at java.lang.reflect.Method.invoke(Method.java:498)
	at org.junit.runners.model.FrameworkMethod$1.runReflectiveCall(FrameworkMethod.java:47)
	at org.junit.internal.runners.model.ReflectiveCallable.run(ReflectiveCallable.java:12)
	at org.junit.runners.model.FrameworkMethod.invokeExplosively(FrameworkMethod.java:44)
	at org.junit.internal.runners.statements.InvokeMethod.evaluate(InvokeMethod.java:17)
	at org.junit.internal.runners.statements.FailOnTimeout$StatementThread.run(FailOnTimeout.java:74)
--- org.apache.commons.math.stat.descriptive.moment.Variance_ESTest::test3341
org.apache.commons.math.exception.MathIllegalArgumentException: weigth array must contain at least one non-zero value
	at org.apache.commons.math.stat.descriptive.AbstractUnivariateStatistic.test(AbstractUnivariateStatistic.java:283)
	at org.apache.commons.math.stat.descriptive.AbstractUnivariateStatistic.test(AbstractUnivariateStatistic.java:222)
	at org.apache.commons.math.stat.descriptive.moment.Variance.evaluate(Variance.java:506)
	at org.apache.commons.math.stat.descriptive.moment.Variance.evaluate(Variance.java:576)
	at org.apache.commons.math.stat.descriptive.moment.Variance_ESTest.test3341(Variance_ESTest.java:380)
	at sun.reflect.NativeMethodAccessorImpl.invoke0(Native Method)
	at sun.reflect.NativeMethodAccessorImpl.invoke(NativeMethodAccessorImpl.java:62)
	at sun.reflect.DelegatingMethodAccessorImpl.invoke(DelegatingMethodAccessorImpl.java:43)
	at java.lang.reflect.Method.invoke(Method.java:498)
	at org.junit.runners.model.FrameworkMethod$1.runReflectiveCall(FrameworkMethod.java:47)
	at org.junit.internal.runners.model.ReflectiveCallable.run(ReflectiveCallable.java:12)
	at org.junit.runners.model.FrameworkMethod.invokeExplosively(FrameworkMethod.java:44)
	at org.junit.internal.runners.statements.InvokeMethod.evaluate(InvokeMethod.java:17)
	at org.junit.internal.runners.statements.FailOnTimeout$StatementThread.run(FailOnTimeout.java:74)
--- org.apache.commons.math.stat.descriptive.moment.Variance_ESTest::test4957
java.lang.NullPointerException
	at org.apache.commons.math.stat.descriptive.moment.Variance.copy(Variance.java:616)
	at org.apache.commons.math.stat.descriptive.moment.Variance.copy(Variance.java:599)
	at org.apache.commons.math.stat.descriptive.moment.Variance_ESTest.test4957(Variance_ESTest.java:491)
	at sun.reflect.NativeMethodAccessorImpl.invoke0(Native Method)
	at sun.reflect.NativeMethodAccessorImpl.invoke(NativeMethodAccessorImpl.java:62)
	at sun.reflect.DelegatingMethodAccessorImpl.invoke(DelegatingMethodAccessorImpl.java:43)
	at java.lang.reflect.Method.invoke(Method.java:498)
	at org.junit.runners.model.FrameworkMethod$1.runReflectiveCall(FrameworkMethod.java:47)
	at org.junit.internal.runners.model.ReflectiveCallable.run(ReflectiveCallable.java:12)
	at org.junit.runners.model.FrameworkMethod.invokeExplosively(FrameworkMethod.java:44)
	at org.junit.internal.runners.statements.InvokeMethod.evaluate(InvokeMethod.java:17)
	at org.junit.internal.runners.statements.FailOnTimeout$StatementThread.run(FailOnTimeout.java:74)
--- org.apache.commons.math.stat.descriptive.moment.Variance_ESTest::test2937
org.apache.commons.math.exception.DimensionMismatchException: 1 != 8
	at org.apache.commons.math.stat.descriptive.AbstractUnivariateStatistic.test(AbstractUnivariateStatistic.java:263)
	at org.apache.commons.math.stat.descriptive.AbstractUnivariateStatistic.test(AbstractUnivariateStatistic.java:222)
	at org.apache.commons.math.stat.descriptive.moment.Variance.evaluate(Variance.java:506)
	at org.apache.commons.math.stat.descriptive.moment.Variance_ESTest.test2937(Variance_ESTest.java:350)
	at sun.reflect.NativeMethodAccessorImpl.invoke0(Native Method)
	at sun.reflect.NativeMethodAccessorImpl.invoke(NativeMethodAccessorImpl.java:62)
	at sun.reflect.DelegatingMethodAccessorImpl.invoke(DelegatingMethodAccessorImpl.java:43)
	at java.lang.reflect.Method.invoke(Method.java:498)
	at org.junit.runners.model.FrameworkMethod$1.runReflectiveCall(FrameworkMethod.java:47)
	at org.junit.internal.runners.model.ReflectiveCallable.run(ReflectiveCallable.java:12)
	at org.junit.runners.model.FrameworkMethod.invokeExplosively(FrameworkMethod.java:44)
	at org.junit.internal.runners.statements.InvokeMethod.evaluate(InvokeMethod.java:17)
	at org.junit.internal.runners.statements.FailOnTimeout$StatementThread.run(FailOnTimeout.java:74)
--- org.apache.commons.math.stat.descriptive.moment.Variance_ESTest::test6579
junit.framework.AssertionFailedError
	at org.junit.Assert.fail(Assert.java:86)
	at org.junit.Assert.assertTrue(Assert.java:41)
	at org.junit.Assert.assertTrue(Assert.java:52)
	at org.apache.commons.math.stat.descriptive.moment.Variance_ESTest.test6579(Variance_ESTest.java:670)
	at sun.reflect.NativeMethodAccessorImpl.invoke0(Native Method)
	at sun.reflect.NativeMethodAccessorImpl.invoke(NativeMethodAccessorImpl.java:62)
	at sun.reflect.DelegatingMethodAccessorImpl.invoke(DelegatingMethodAccessorImpl.java:43)
	at java.lang.reflect.Method.invoke(Method.java:498)
	at org.junit.runners.model.FrameworkMethod$1.runReflectiveCall(FrameworkMethod.java:47)
	at org.junit.internal.runners.model.ReflectiveCallable.run(ReflectiveCallable.java:12)
	at org.junit.runners.model.FrameworkMethod.invokeExplosively(FrameworkMethod.java:44)
	at org.junit.internal.runners.statements.InvokeMethod.evaluate(InvokeMethod.java:17)
	at org.junit.internal.runners.statements.FailOnTimeout$StatementThread.run(FailOnTimeout.java:74)
--- org.apache.commons.math.stat.descriptive.moment.Variance_ESTest::test4553
java.lang.NullPointerException
	at org.apache.commons.math.stat.descriptive.moment.Variance.evaluate(Variance.java:453)
	at org.apache.commons.math.stat.descriptive.moment.Variance_ESTest.test4553(Variance_ESTest.java:464)
	at sun.reflect.NativeMethodAccessorImpl.invoke0(Native Method)
	at sun.reflect.NativeMethodAccessorImpl.invoke(NativeMethodAccessorImpl.java:62)
	at sun.reflect.DelegatingMethodAccessorImpl.invoke(DelegatingMethodAccessorImpl.java:43)
	at java.lang.reflect.Method.invoke(Method.java:498)
	at org.junit.runners.model.FrameworkMethod$1.runReflectiveCall(FrameworkMethod.java:47)
	at org.junit.internal.runners.model.ReflectiveCallable.run(ReflectiveCallable.java:12)
	at org.junit.runners.model.FrameworkMethod.invokeExplosively(FrameworkMethod.java:44)
	at org.junit.internal.runners.statements.InvokeMethod.evaluate(InvokeMethod.java:17)
	at org.junit.internal.runners.statements.FailOnTimeout$StatementThread.run(FailOnTimeout.java:74)
--- org.apache.commons.math.stat.descriptive.moment.Variance_ESTest::test2533
org.apache.commons.math.exception.NullArgumentException: input array
	at org.apache.commons.math.stat.descriptive.AbstractUnivariateStatistic.test(AbstractUnivariateStatistic.java:259)
	at org.apache.commons.math.stat.descriptive.AbstractUnivariateStatistic.test(AbstractUnivariateStatistic.java:222)
	at org.apache.commons.math.stat.descriptive.moment.Variance.evaluate(Variance.java:318)
	at org.apache.commons.math.stat.descriptive.moment.Variance_ESTest.test2533(Variance_ESTest.java:321)
	at sun.reflect.NativeMethodAccessorImpl.invoke0(Native Method)
	at sun.reflect.NativeMethodAccessorImpl.invoke(NativeMethodAccessorImpl.java:62)
	at sun.reflect.DelegatingMethodAccessorImpl.invoke(DelegatingMethodAccessorImpl.java:43)
	at java.lang.reflect.Method.invoke(Method.java:498)
	at org.junit.runners.model.FrameworkMethod$1.runReflectiveCall(FrameworkMethod.java:47)
	at org.junit.internal.runners.model.ReflectiveCallable.run(ReflectiveCallable.java:12)
	at org.junit.runners.model.FrameworkMethod.invokeExplosively(FrameworkMethod.java:44)
	at org.junit.internal.runners.statements.InvokeMethod.evaluate(InvokeMethod.java:17)
	at org.junit.internal.runners.statements.FailOnTimeout$StatementThread.run(FailOnTimeout.java:74)
--- org.apache.commons.math.stat.descriptive.moment.Variance_ESTest::test3745
org.apache.commons.math.exception.NullArgumentException: input array
	at org.apache.commons.math.stat.descriptive.AbstractUnivariateStatistic.test(AbstractUnivariateStatistic.java:259)
	at org.apache.commons.math.stat.descriptive.AbstractUnivariateStatistic.test(AbstractUnivariateStatistic.java:222)
	at org.apache.commons.math.stat.descriptive.moment.Variance.evaluate(Variance.java:318)
	at org.apache.commons.math.stat.descriptive.moment.Variance.evaluate(Variance.java:370)
	at org.apache.commons.math.stat.descriptive.moment.Variance_ESTest.test3745(Variance_ESTest.java:410)
	at sun.reflect.NativeMethodAccessorImpl.invoke0(Native Method)
	at sun.reflect.NativeMethodAccessorImpl.invoke(NativeMethodAccessorImpl.java:62)
	at sun.reflect.DelegatingMethodAccessorImpl.invoke(DelegatingMethodAccessorImpl.java:43)
	at java.lang.reflect.Method.invoke(Method.java:498)
	at org.junit.runners.model.FrameworkMethod$1.runReflectiveCall(FrameworkMethod.java:47)
	at org.junit.internal.runners.model.ReflectiveCallable.run(ReflectiveCallable.java:12)
	at org.junit.runners.model.FrameworkMethod.invokeExplosively(FrameworkMethod.java:44)
	at org.junit.internal.runners.statements.InvokeMethod.evaluate(InvokeMethod.java:17)
	at org.junit.internal.runners.statements.FailOnTimeout$StatementThread.run(FailOnTimeout.java:74)
--- org.apache.commons.math.stat.descriptive.moment.Variance_ESTest::test046
junit.framework.AssertionFailedError
	at org.junit.Assert.fail(Assert.java:86)
	at org.junit.Assert.assertTrue(Assert.java:41)
	at org.junit.Assert.assertTrue(Assert.java:52)
	at org.apache.commons.math.stat.descriptive.moment.Variance_ESTest.test046(Variance_ESTest.java:85)
	at sun.reflect.NativeMethodAccessorImpl.invoke0(Native Method)
	at sun.reflect.NativeMethodAccessorImpl.invoke(NativeMethodAccessorImpl.java:62)
	at sun.reflect.DelegatingMethodAccessorImpl.invoke(DelegatingMethodAccessorImpl.java:43)
	at java.lang.reflect.Method.invoke(Method.java:498)
	at org.junit.runners.model.FrameworkMethod$1.runReflectiveCall(FrameworkMethod.java:47)
	at org.junit.internal.runners.model.ReflectiveCallable.run(ReflectiveCallable.java:12)
	at org.junit.runners.model.FrameworkMethod.invokeExplosively(FrameworkMethod.java:44)
	at org.junit.internal.runners.statements.InvokeMethod.evaluate(InvokeMethod.java:17)
	at org.junit.internal.runners.statements.FailOnTimeout$StatementThread.run(FailOnTimeout.java:74)
--- org.apache.commons.math.stat.descriptive.moment.Variance_ESTest::test2129
java.lang.NullPointerException
	at org.apache.commons.math.stat.descriptive.moment.Variance.getResult(Variance.java:179)
	at org.apache.commons.math.stat.descriptive.moment.Variance_ESTest.test2129(Variance_ESTest.java:293)
	at sun.reflect.NativeMethodAccessorImpl.invoke0(Native Method)
	at sun.reflect.NativeMethodAccessorImpl.invoke(NativeMethodAccessorImpl.java:62)
	at sun.reflect.DelegatingMethodAccessorImpl.invoke(DelegatingMethodAccessorImpl.java:43)
	at java.lang.reflect.Method.invoke(Method.java:498)
	at org.junit.runners.model.FrameworkMethod$1.runReflectiveCall(FrameworkMethod.java:47)
	at org.junit.internal.runners.model.ReflectiveCallable.run(ReflectiveCallable.java:12)
	at org.junit.runners.model.FrameworkMethod.invokeExplosively(FrameworkMethod.java:44)
	at org.junit.internal.runners.statements.InvokeMethod.evaluate(InvokeMethod.java:17)
	at org.junit.internal.runners.statements.FailOnTimeout$StatementThread.run(FailOnTimeout.java:74)
--- org.apache.commons.math.stat.descriptive.moment.Variance_ESTest::test4149
org.apache.commons.math.exception.NullArgumentException: input array
	at org.apache.commons.math.stat.descriptive.AbstractUnivariateStatistic.test(AbstractUnivariateStatistic.java:164)
	at org.apache.commons.math.stat.descriptive.AbstractUnivariateStatistic.test(AbstractUnivariateStatistic.java:137)
	at org.apache.commons.math.stat.descriptive.moment.Variance.evaluate(Variance.java:258)
	at org.apache.commons.math.stat.descriptive.moment.Variance_ESTest.test4149(Variance_ESTest.java:436)
	at sun.reflect.NativeMethodAccessorImpl.invoke0(Native Method)
	at sun.reflect.NativeMethodAccessorImpl.invoke(NativeMethodAccessorImpl.java:62)
	at sun.reflect.DelegatingMethodAccessorImpl.invoke(DelegatingMethodAccessorImpl.java:43)
	at java.lang.reflect.Method.invoke(Method.java:498)
	at org.junit.runners.model.FrameworkMethod$1.runReflectiveCall(FrameworkMethod.java:47)
	at org.junit.internal.runners.model.ReflectiveCallable.run(ReflectiveCallable.java:12)
	at org.junit.runners.model.FrameworkMethod.invokeExplosively(FrameworkMethod.java:44)
	at org.junit.internal.runners.statements.InvokeMethod.evaluate(InvokeMethod.java:17)
	at org.junit.internal.runners.statements.FailOnTimeout$StatementThread.run(FailOnTimeout.java:74)
--- org.apache.commons.math.stat.descriptive.moment.Variance_ESTest::test5260
java.lang.NullPointerException
	at org.apache.commons.math.stat.descriptive.moment.Variance.copy(Variance.java:616)
	at org.apache.commons.math.stat.descriptive.moment.Variance.<init>(Variance.java:151)
	at org.apache.commons.math.stat.descriptive.moment.Variance_ESTest.test5260(Variance_ESTest.java:511)
	at sun.reflect.NativeMethodAccessorImpl.invoke0(Native Method)
	at sun.reflect.NativeMethodAccessorImpl.invoke(NativeMethodAccessorImpl.java:62)
	at sun.reflect.DelegatingMethodAccessorImpl.invoke(DelegatingMethodAccessorImpl.java:43)
	at java.lang.reflect.Method.invoke(Method.java:498)
	at org.junit.runners.model.FrameworkMethod$1.runReflectiveCall(FrameworkMethod.java:47)
	at org.junit.internal.runners.model.ReflectiveCallable.run(ReflectiveCallable.java:12)
	at org.junit.runners.model.FrameworkMethod.invokeExplosively(FrameworkMethod.java:44)
	at org.junit.internal.runners.statements.InvokeMethod.evaluate(InvokeMethod.java:17)
	at org.junit.internal.runners.statements.FailOnTimeout$StatementThread.run(FailOnTimeout.java:74)
--- org.apache.commons.math.stat.descriptive.moment.Variance_ESTest::test3240
java.lang.ArrayIndexOutOfBoundsException: -64
	at org.apache.commons.math.stat.descriptive.AbstractUnivariateStatistic.test(AbstractUnivariateStatistic.java:268)
	at org.apache.commons.math.stat.descriptive.AbstractUnivariateStatistic.test(AbstractUnivariateStatistic.java:222)
	at org.apache.commons.math.stat.descriptive.moment.Variance.evaluate(Variance.java:506)
	at org.apache.commons.math.stat.descriptive.moment.Variance_ESTest.test3240(Variance_ESTest.java:373)
	at sun.reflect.NativeMethodAccessorImpl.invoke0(Native Method)
	at sun.reflect.NativeMethodAccessorImpl.invoke(NativeMethodAccessorImpl.java:62)
	at sun.reflect.DelegatingMethodAccessorImpl.invoke(DelegatingMethodAccessorImpl.java:43)
	at java.lang.reflect.Method.invoke(Method.java:498)
	at org.junit.runners.model.FrameworkMethod$1.runReflectiveCall(FrameworkMethod.java:47)
	at org.junit.internal.runners.model.ReflectiveCallable.run(ReflectiveCallable.java:12)
	at org.junit.runners.model.FrameworkMethod.invokeExplosively(FrameworkMethod.java:44)
	at org.junit.internal.runners.statements.InvokeMethod.evaluate(InvokeMethod.java:17)
	at org.junit.internal.runners.statements.FailOnTimeout$StatementThread.run(FailOnTimeout.java:74)
--- org.apache.commons.math.stat.descriptive.moment.Variance_ESTest::test4452
org.apache.commons.math.exception.NullArgumentException: input array
	at org.apache.commons.math.stat.descriptive.AbstractUnivariateStatistic.test(AbstractUnivariateStatistic.java:164)
	at org.apache.commons.math.stat.descriptive.AbstractUnivariateStatistic.test(AbstractUnivariateStatistic.java:137)
	at org.apache.commons.math.stat.descriptive.moment.Variance.evaluate(Variance.java:404)
	at org.apache.commons.math.stat.descriptive.moment.Variance_ESTest.test4452(Variance_ESTest.java:458)
	at sun.reflect.NativeMethodAccessorImpl.invoke0(Native Method)
	at sun.reflect.NativeMethodAccessorImpl.invoke(NativeMethodAccessorImpl.java:62)
	at sun.reflect.DelegatingMethodAccessorImpl.invoke(DelegatingMethodAccessorImpl.java:43)
	at java.lang.reflect.Method.invoke(Method.java:498)
	at org.junit.runners.model.FrameworkMethod$1.runReflectiveCall(FrameworkMethod.java:47)
	at org.junit.internal.runners.model.ReflectiveCallable.run(ReflectiveCallable.java:12)
	at org.junit.runners.model.FrameworkMethod.invokeExplosively(FrameworkMethod.java:44)
	at org.junit.internal.runners.statements.InvokeMethod.evaluate(InvokeMethod.java:17)
	at org.junit.internal.runners.statements.FailOnTimeout$StatementThread.run(FailOnTimeout.java:74)
--- org.apache.commons.math.stat.descriptive.moment.Variance_ESTest::test2836
org.apache.commons.math.exception.MathIllegalArgumentException: weigth array must contain at least one non-zero value
	at org.apache.commons.math.stat.descriptive.AbstractUnivariateStatistic.test(AbstractUnivariateStatistic.java:283)
	at org.apache.commons.math.stat.descriptive.AbstractUnivariateStatistic.test(AbstractUnivariateStatistic.java:222)
	at org.apache.commons.math.stat.descriptive.moment.Variance.evaluate(Variance.java:506)
	at org.apache.commons.math.stat.descriptive.moment.Variance_ESTest.test2836(Variance_ESTest.java:342)
	at sun.reflect.NativeMethodAccessorImpl.invoke0(Native Method)
	at sun.reflect.NativeMethodAccessorImpl.invoke(NativeMethodAccessorImpl.java:62)
	at sun.reflect.DelegatingMethodAccessorImpl.invoke(DelegatingMethodAccessorImpl.java:43)
	at java.lang.reflect.Method.invoke(Method.java:498)
	at org.junit.runners.model.FrameworkMethod$1.runReflectiveCall(FrameworkMethod.java:47)
	at org.junit.internal.runners.model.ReflectiveCallable.run(ReflectiveCallable.java:12)
	at org.junit.runners.model.FrameworkMethod.invokeExplosively(FrameworkMethod.java:44)
	at org.junit.internal.runners.statements.InvokeMethod.evaluate(InvokeMethod.java:17)
	at org.junit.internal.runners.statements.FailOnTimeout$StatementThread.run(FailOnTimeout.java:74)
--- org.apache.commons.math.stat.descriptive.moment.Variance_ESTest::test5666
junit.framework.AssertionFailedError
	at org.junit.Assert.fail(Assert.java:86)
	at org.junit.Assert.assertTrue(Assert.java:41)
	at org.junit.Assert.assertTrue(Assert.java:52)
	at org.apache.commons.math.stat.descriptive.moment.Variance_ESTest.test5666(Variance_ESTest.java:560)
	at sun.reflect.NativeMethodAccessorImpl.invoke0(Native Method)
	at sun.reflect.NativeMethodAccessorImpl.invoke(NativeMethodAccessorImpl.java:62)
	at sun.reflect.DelegatingMethodAccessorImpl.invoke(DelegatingMethodAccessorImpl.java:43)
	at java.lang.reflect.Method.invoke(Method.java:498)
	at org.junit.runners.model.FrameworkMethod$1.runReflectiveCall(FrameworkMethod.java:47)
	at org.junit.internal.runners.model.ReflectiveCallable.run(ReflectiveCallable.java:12)
	at org.junit.runners.model.FrameworkMethod.invokeExplosively(FrameworkMethod.java:44)
	at org.junit.internal.runners.statements.InvokeMethod.evaluate(InvokeMethod.java:17)
	at org.junit.internal.runners.statements.FailOnTimeout$StatementThread.run(FailOnTimeout.java:74)
--- org.apache.commons.math.stat.descriptive.moment.Variance_ESTest::test2432
org.apache.commons.math.exception.DimensionMismatchException: 6 != 9
	at org.apache.commons.math.stat.descriptive.AbstractUnivariateStatistic.test(AbstractUnivariateStatistic.java:263)
	at org.apache.commons.math.stat.descriptive.AbstractUnivariateStatistic.test(AbstractUnivariateStatistic.java:222)
	at org.apache.commons.math.stat.descriptive.moment.Variance.evaluate(Variance.java:318)
	at org.apache.commons.math.stat.descriptive.moment.Variance_ESTest.test2432(Variance_ESTest.java:315)
	at sun.reflect.NativeMethodAccessorImpl.invoke0(Native Method)
	at sun.reflect.NativeMethodAccessorImpl.invoke(NativeMethodAccessorImpl.java:62)
	at sun.reflect.DelegatingMethodAccessorImpl.invoke(DelegatingMethodAccessorImpl.java:43)
	at java.lang.reflect.Method.invoke(Method.java:498)
	at org.junit.runners.model.FrameworkMethod$1.runReflectiveCall(FrameworkMethod.java:47)
	at org.junit.internal.runners.model.ReflectiveCallable.run(ReflectiveCallable.java:12)
	at org.junit.runners.model.FrameworkMethod.invokeExplosively(FrameworkMethod.java:44)
	at org.junit.internal.runners.statements.InvokeMethod.evaluate(InvokeMethod.java:17)
	at org.junit.internal.runners.statements.FailOnTimeout$StatementThread.run(FailOnTimeout.java:74)
--- org.apache.commons.math.stat.descriptive.moment.Variance_ESTest::test3644
org.apache.commons.math.exception.DimensionMismatchException: 7 != 4
	at org.apache.commons.math.stat.descriptive.AbstractUnivariateStatistic.test(AbstractUnivariateStatistic.java:263)
	at org.apache.commons.math.stat.descriptive.AbstractUnivariateStatistic.test(AbstractUnivariateStatistic.java:222)
	at org.apache.commons.math.stat.descriptive.moment.Variance.evaluate(Variance.java:318)
	at org.apache.commons.math.stat.descriptive.moment.Variance.evaluate(Variance.java:370)
	at org.apache.commons.math.stat.descriptive.moment.Variance_ESTest.test3644(Variance_ESTest.java:403)
	at sun.reflect.NativeMethodAccessorImpl.invoke0(Native Method)
	at sun.reflect.NativeMethodAccessorImpl.invoke(NativeMethodAccessorImpl.java:62)
	at sun.reflect.DelegatingMethodAccessorImpl.invoke(DelegatingMethodAccessorImpl.java:43)
	at java.lang.reflect.Method.invoke(Method.java:498)
	at org.junit.runners.model.FrameworkMethod$1.runReflectiveCall(FrameworkMethod.java:47)
	at org.junit.internal.runners.model.ReflectiveCallable.run(ReflectiveCallable.java:12)
	at org.junit.runners.model.FrameworkMethod.invokeExplosively(FrameworkMethod.java:44)
	at org.junit.internal.runners.statements.InvokeMethod.evaluate(InvokeMethod.java:17)
	at org.junit.internal.runners.statements.FailOnTimeout$StatementThread.run(FailOnTimeout.java:74)
--- org.apache.commons.math.stat.descriptive.moment.Variance_ESTest::test4856
java.lang.NullPointerException
	at org.apache.commons.math.stat.descriptive.moment.Variance.copy(Variance.java:616)
	at org.apache.commons.math.stat.descriptive.moment.Variance_ESTest.test4856(Variance_ESTest.java:485)
	at sun.reflect.NativeMethodAccessorImpl.invoke0(Native Method)
	at sun.reflect.NativeMethodAccessorImpl.invoke(NativeMethodAccessorImpl.java:62)
	at sun.reflect.DelegatingMethodAccessorImpl.invoke(DelegatingMethodAccessorImpl.java:43)
	at java.lang.reflect.Method.invoke(Method.java:498)
	at org.junit.runners.model.FrameworkMethod$1.runReflectiveCall(FrameworkMethod.java:47)
	at org.junit.internal.runners.model.ReflectiveCallable.run(ReflectiveCallable.java:12)
	at org.junit.runners.model.FrameworkMethod.invokeExplosively(FrameworkMethod.java:44)
	at org.junit.internal.runners.statements.InvokeMethod.evaluate(InvokeMethod.java:17)
	at org.junit.internal.runners.statements.FailOnTimeout$StatementThread.run(FailOnTimeout.java:74)
--- org.apache.commons.math.stat.descriptive.moment.Variance_ESTest::test4048
org.apache.commons.math.exception.NumberIsTooLargeException: subarray ends after array end
	at org.apache.commons.math.stat.descriptive.AbstractUnivariateStatistic.test(AbstractUnivariateStatistic.java:176)
	at org.apache.commons.math.stat.descriptive.AbstractUnivariateStatistic.test(AbstractUnivariateStatistic.java:137)
	at org.apache.commons.math.stat.descriptive.moment.Variance.evaluate(Variance.java:258)
	at org.apache.commons.math.stat.descriptive.moment.Variance_ESTest.test4048(Variance_ESTest.java:430)
	at sun.reflect.NativeMethodAccessorImpl.invoke0(Native Method)
	at sun.reflect.NativeMethodAccessorImpl.invoke(NativeMethodAccessorImpl.java:62)
	at sun.reflect.DelegatingMethodAccessorImpl.invoke(DelegatingMethodAccessorImpl.java:43)
	at java.lang.reflect.Method.invoke(Method.java:498)
	at org.junit.runners.model.FrameworkMethod$1.runReflectiveCall(FrameworkMethod.java:47)
	at org.junit.internal.runners.model.ReflectiveCallable.run(ReflectiveCallable.java:12)
	at org.junit.runners.model.FrameworkMethod.invokeExplosively(FrameworkMethod.java:44)
	at org.junit.internal.runners.statements.InvokeMethod.evaluate(InvokeMethod.java:17)
	at org.junit.internal.runners.statements.FailOnTimeout$StatementThread.run(FailOnTimeout.java:74)
--- org.apache.commons.math.stat.descriptive.moment.Variance_ESTest::test6986
junit.framework.AssertionFailedError: expected:<0> but was:<2>
	at org.junit.Assert.fail(Assert.java:88)
	at org.junit.Assert.failNotEquals(Assert.java:743)
	at org.junit.Assert.assertEquals(Assert.java:118)
	at org.junit.Assert.assertEquals(Assert.java:555)
	at org.junit.Assert.assertEquals(Assert.java:542)
	at org.apache.commons.math.stat.descriptive.moment.Variance_ESTest.test6986(Variance_ESTest.java:727)
	at sun.reflect.NativeMethodAccessorImpl.invoke0(Native Method)
	at sun.reflect.NativeMethodAccessorImpl.invoke(NativeMethodAccessorImpl.java:62)
	at sun.reflect.DelegatingMethodAccessorImpl.invoke(DelegatingMethodAccessorImpl.java:43)
	at java.lang.reflect.Method.invoke(Method.java:498)
	at org.junit.runners.model.FrameworkMethod$1.runReflectiveCall(FrameworkMethod.java:47)
	at org.junit.internal.runners.model.ReflectiveCallable.run(ReflectiveCallable.java:12)
	at org.junit.runners.model.FrameworkMethod.invokeExplosively(FrameworkMethod.java:44)
	at org.junit.internal.runners.statements.InvokeMethod.evaluate(InvokeMethod.java:17)
	at org.junit.internal.runners.statements.FailOnTimeout$StatementThread.run(FailOnTimeout.java:74)
--- org.apache.commons.math.stat.descriptive.moment.Variance_ESTest::test7797
org.apache.commons.math.exception.NullArgumentException: input array
	at org.apache.commons.math.stat.descriptive.moment.Variance.evaluate(Variance.java:228)
	at org.apache.commons.math.stat.descriptive.moment.Variance_ESTest.test7797(Variance_ESTest.java:809)
	at sun.reflect.NativeMethodAccessorImpl.invoke0(Native Method)
	at sun.reflect.NativeMethodAccessorImpl.invoke(NativeMethodAccessorImpl.java:62)
	at sun.reflect.DelegatingMethodAccessorImpl.invoke(DelegatingMethodAccessorImpl.java:43)
	at java.lang.reflect.Method.invoke(Method.java:498)
	at org.junit.runners.model.FrameworkMethod$1.runReflectiveCall(FrameworkMethod.java:47)
	at org.junit.internal.runners.model.ReflectiveCallable.run(ReflectiveCallable.java:12)
	at org.junit.runners.model.FrameworkMethod.invokeExplosively(FrameworkMethod.java:44)
	at org.junit.internal.runners.statements.InvokeMethod.evaluate(InvokeMethod.java:17)
	at org.junit.internal.runners.statements.FailOnTimeout$StatementThread.run(FailOnTimeout.java:74)
--- org.apache.commons.math.stat.descriptive.moment.Variance_ESTest::test2028
java.lang.NullPointerException
	at org.apache.commons.math.stat.descriptive.moment.Variance.increment(Variance.java:170)
	at org.apache.commons.math.stat.descriptive.moment.Variance_ESTest.test2028(Variance_ESTest.java:287)
	at sun.reflect.NativeMethodAccessorImpl.invoke0(Native Method)
	at sun.reflect.NativeMethodAccessorImpl.invoke(NativeMethodAccessorImpl.java:62)
	at sun.reflect.DelegatingMethodAccessorImpl.invoke(DelegatingMethodAccessorImpl.java:43)
	at java.lang.reflect.Method.invoke(Method.java:498)
	at org.junit.runners.model.FrameworkMethod$1.runReflectiveCall(FrameworkMethod.java:47)
	at org.junit.internal.runners.model.ReflectiveCallable.run(ReflectiveCallable.java:12)
	at org.junit.runners.model.FrameworkMethod.invokeExplosively(FrameworkMethod.java:44)
	at org.junit.internal.runners.statements.InvokeMethod.evaluate(InvokeMethod.java:17)
	at org.junit.internal.runners.statements.FailOnTimeout$StatementThread.run(FailOnTimeout.java:74)
--- org.apache.commons.math.stat.descriptive.moment.Variance_ESTest::test4351
org.apache.commons.math.exception.NumberIsTooLargeException: subarray ends after array end
	at org.apache.commons.math.stat.descriptive.AbstractUnivariateStatistic.test(AbstractUnivariateStatistic.java:176)
	at org.apache.commons.math.stat.descriptive.AbstractUnivariateStatistic.test(AbstractUnivariateStatistic.java:137)
	at org.apache.commons.math.stat.descriptive.moment.Variance.evaluate(Variance.java:404)
	at org.apache.commons.math.stat.descriptive.moment.Variance_ESTest.test4351(Variance_ESTest.java:451)
	at sun.reflect.NativeMethodAccessorImpl.invoke0(Native Method)
	at sun.reflect.NativeMethodAccessorImpl.invoke(NativeMethodAccessorImpl.java:62)
	at sun.reflect.DelegatingMethodAccessorImpl.invoke(DelegatingMethodAccessorImpl.java:43)
	at java.lang.reflect.Method.invoke(Method.java:498)
	at org.junit.runners.model.FrameworkMethod$1.runReflectiveCall(FrameworkMethod.java:47)
	at org.junit.internal.runners.model.ReflectiveCallable.run(ReflectiveCallable.java:12)
	at org.junit.runners.model.FrameworkMethod.invokeExplosively(FrameworkMethod.java:44)
	at org.junit.internal.runners.statements.InvokeMethod.evaluate(InvokeMethod.java:17)
	at org.junit.internal.runners.statements.FailOnTimeout$StatementThread.run(FailOnTimeout.java:74)
--- org.apache.commons.math.stat.descriptive.moment.Variance_ESTest::test0710
junit.framework.AssertionFailedError
	at org.junit.Assert.fail(Assert.java:86)
	at org.junit.Assert.assertTrue(Assert.java:41)
	at org.junit.Assert.assertTrue(Assert.java:52)
	at org.apache.commons.math.stat.descriptive.moment.Variance_ESTest.test0710(Variance_ESTest.java:127)
	at sun.reflect.NativeMethodAccessorImpl.invoke0(Native Method)
	at sun.reflect.NativeMethodAccessorImpl.invoke(NativeMethodAccessorImpl.java:62)
	at sun.reflect.DelegatingMethodAccessorImpl.invoke(DelegatingMethodAccessorImpl.java:43)
	at java.lang.reflect.Method.invoke(Method.java:498)
	at org.junit.runners.model.FrameworkMethod$1.runReflectiveCall(FrameworkMethod.java:47)
	at org.junit.internal.runners.model.ReflectiveCallable.run(ReflectiveCallable.java:12)
	at org.junit.runners.model.FrameworkMethod.invokeExplosively(FrameworkMethod.java:44)
	at org.junit.internal.runners.statements.InvokeMethod.evaluate(InvokeMethod.java:17)
	at org.junit.internal.runners.statements.FailOnTimeout$StatementThread.run(FailOnTimeout.java:74)
--- org.apache.commons.math.stat.descriptive.moment.Variance_ESTest::test2735
java.lang.ArrayIndexOutOfBoundsException: 2064
	at org.apache.commons.math.stat.descriptive.AbstractUnivariateStatistic.test(AbstractUnivariateStatistic.java:268)
	at org.apache.commons.math.stat.descriptive.AbstractUnivariateStatistic.test(AbstractUnivariateStatistic.java:222)
	at org.apache.commons.math.stat.descriptive.moment.Variance.evaluate(Variance.java:318)
	at org.apache.commons.math.stat.descriptive.moment.Variance_ESTest.test2735(Variance_ESTest.java:335)
	at sun.reflect.NativeMethodAccessorImpl.invoke0(Native Method)
	at sun.reflect.NativeMethodAccessorImpl.invoke(NativeMethodAccessorImpl.java:62)
	at sun.reflect.DelegatingMethodAccessorImpl.invoke(DelegatingMethodAccessorImpl.java:43)
	at java.lang.reflect.Method.invoke(Method.java:498)
	at org.junit.runners.model.FrameworkMethod$1.runReflectiveCall(FrameworkMethod.java:47)
	at org.junit.internal.runners.model.ReflectiveCallable.run(ReflectiveCallable.java:12)
	at org.junit.runners.model.FrameworkMethod.invokeExplosively(FrameworkMethod.java:44)
	at org.junit.internal.runners.statements.InvokeMethod.evaluate(InvokeMethod.java:17)
	at org.junit.internal.runners.statements.FailOnTimeout$StatementThread.run(FailOnTimeout.java:74)
--- org.apache.commons.math.stat.descriptive.moment.Variance_ESTest::test3947
org.apache.commons.math.exception.NotPositiveException: start position (-618)
	at org.apache.commons.math.stat.descriptive.AbstractUnivariateStatistic.test(AbstractUnivariateStatistic.java:168)
	at org.apache.commons.math.stat.descriptive.AbstractUnivariateStatistic.test(AbstractUnivariateStatistic.java:137)
	at org.apache.commons.math.stat.descriptive.moment.Variance.evaluate(Variance.java:258)
	at org.apache.commons.math.stat.descriptive.moment.Variance_ESTest.test3947(Variance_ESTest.java:423)
	at sun.reflect.NativeMethodAccessorImpl.invoke0(Native Method)
	at sun.reflect.NativeMethodAccessorImpl.invoke(NativeMethodAccessorImpl.java:62)
	at sun.reflect.DelegatingMethodAccessorImpl.invoke(DelegatingMethodAccessorImpl.java:43)
	at java.lang.reflect.Method.invoke(Method.java:498)
	at org.junit.runners.model.FrameworkMethod$1.runReflectiveCall(FrameworkMethod.java:47)
	at org.junit.internal.runners.model.ReflectiveCallable.run(ReflectiveCallable.java:12)
	at org.junit.runners.model.FrameworkMethod.invokeExplosively(FrameworkMethod.java:44)
	at org.junit.internal.runners.statements.InvokeMethod.evaluate(InvokeMethod.java:17)
	at org.junit.internal.runners.statements.FailOnTimeout$StatementThread.run(FailOnTimeout.java:74)
--- org.apache.commons.math.stat.descriptive.moment.Variance_ESTest::test1925
junit.framework.AssertionFailedError
	at org.junit.Assert.fail(Assert.java:86)
	at org.junit.Assert.assertTrue(Assert.java:41)
	at org.junit.Assert.assertTrue(Assert.java:52)
	at org.apache.commons.math.stat.descriptive.moment.Variance_ESTest.test1925(Variance_ESTest.java:263)
	at sun.reflect.NativeMethodAccessorImpl.invoke0(Native Method)
	at sun.reflect.NativeMethodAccessorImpl.invoke(NativeMethodAccessorImpl.java:62)
	at sun.reflect.DelegatingMethodAccessorImpl.invoke(DelegatingMethodAccessorImpl.java:43)
	at java.lang.reflect.Method.invoke(Method.java:498)
	at org.junit.runners.model.FrameworkMethod$1.runReflectiveCall(FrameworkMethod.java:47)
	at org.junit.internal.runners.model.ReflectiveCallable.run(ReflectiveCallable.java:12)
	at org.junit.runners.model.FrameworkMethod.invokeExplosively(FrameworkMethod.java:44)
	at org.junit.internal.runners.statements.InvokeMethod.evaluate(InvokeMethod.java:17)
	at org.junit.internal.runners.statements.FailOnTimeout$StatementThread.run(FailOnTimeout.java:74)
--- org.apache.commons.math.stat.descriptive.moment.Variance_ESTest::test2331
org.apache.commons.math.exception.MathIllegalArgumentException: weigth array must contain at least one non-zero value
	at org.apache.commons.math.stat.descriptive.AbstractUnivariateStatistic.test(AbstractUnivariateStatistic.java:283)
	at org.apache.commons.math.stat.descriptive.AbstractUnivariateStatistic.test(AbstractUnivariateStatistic.java:222)
	at org.apache.commons.math.stat.descriptive.moment.Variance.evaluate(Variance.java:318)
	at org.apache.commons.math.stat.descriptive.moment.Variance_ESTest.test2331(Variance_ESTest.java:307)
	at sun.reflect.NativeMethodAccessorImpl.invoke0(Native Method)
	at sun.reflect.NativeMethodAccessorImpl.invoke(NativeMethodAccessorImpl.java:62)
	at sun.reflect.DelegatingMethodAccessorImpl.invoke(DelegatingMethodAccessorImpl.java:43)
	at java.lang.reflect.Method.invoke(Method.java:498)
	at org.junit.runners.model.FrameworkMethod$1.runReflectiveCall(FrameworkMethod.java:47)
	at org.junit.internal.runners.model.ReflectiveCallable.run(ReflectiveCallable.java:12)
	at org.junit.runners.model.FrameworkMethod.invokeExplosively(FrameworkMethod.java:44)
	at org.junit.internal.runners.statements.InvokeMethod.evaluate(InvokeMethod.java:17)
	at org.junit.internal.runners.statements.FailOnTimeout$StatementThread.run(FailOnTimeout.java:74)
--- org.apache.commons.math.stat.descriptive.moment.Variance_ESTest::test3543
java.lang.NullPointerException
	at org.apache.commons.math.stat.descriptive.moment.Variance.evaluate(Variance.java:576)
	at org.apache.commons.math.stat.descriptive.moment.Variance_ESTest.test3543(Variance_ESTest.java:395)
	at sun.reflect.NativeMethodAccessorImpl.invoke0(Native Method)
	at sun.reflect.NativeMethodAccessorImpl.invoke(NativeMethodAccessorImpl.java:62)
	at sun.reflect.DelegatingMethodAccessorImpl.invoke(DelegatingMethodAccessorImpl.java:43)
	at java.lang.reflect.Method.invoke(Method.java:498)
	at org.junit.runners.model.FrameworkMethod$1.runReflectiveCall(FrameworkMethod.java:47)
	at org.junit.internal.runners.model.ReflectiveCallable.run(ReflectiveCallable.java:12)
	at org.junit.runners.model.FrameworkMethod.invokeExplosively(FrameworkMethod.java:44)
	at org.junit.internal.runners.statements.InvokeMethod.evaluate(InvokeMethod.java:17)
	at org.junit.internal.runners.statements.FailOnTimeout$StatementThread.run(FailOnTimeout.java:74)
--- org.apache.commons.math.stat.descriptive.moment.Variance_ESTest::test4755
org.apache.commons.math.exception.NullArgumentException: null is not allowed
	at org.apache.commons.math.util.MathUtils.checkNotNull(MathUtils.java:331)
	at org.apache.commons.math.stat.descriptive.moment.Variance.copy(Variance.java:613)
	at org.apache.commons.math.stat.descriptive.moment.Variance_ESTest.test4755(Variance_ESTest.java:478)
	at sun.reflect.NativeMethodAccessorImpl.invoke0(Native Method)
	at sun.reflect.NativeMethodAccessorImpl.invoke(NativeMethodAccessorImpl.java:62)
	at sun.reflect.DelegatingMethodAccessorImpl.invoke(DelegatingMethodAccessorImpl.java:43)
	at java.lang.reflect.Method.invoke(Method.java:498)
	at org.junit.runners.model.FrameworkMethod$1.runReflectiveCall(FrameworkMethod.java:47)
	at org.junit.internal.runners.model.ReflectiveCallable.run(ReflectiveCallable.java:12)
	at org.junit.runners.model.FrameworkMethod.invokeExplosively(FrameworkMethod.java:44)
	at org.junit.internal.runners.statements.InvokeMethod.evaluate(InvokeMethod.java:17)
	at org.junit.internal.runners.statements.FailOnTimeout$StatementThread.run(FailOnTimeout.java:74)
--- org.apache.commons.math.stat.descriptive.moment.Variance_ESTest::test7696
org.apache.commons.math.exception.NullArgumentException: input array
	at org.apache.commons.math.stat.descriptive.AbstractUnivariateStatistic.test(AbstractUnivariateStatistic.java:259)
	at org.apache.commons.math.stat.descriptive.AbstractUnivariateStatistic.test(AbstractUnivariateStatistic.java:222)
	at org.apache.commons.math.stat.descriptive.moment.Variance.evaluate(Variance.java:506)
	at org.apache.commons.math.stat.descriptive.moment.Variance.evaluate(Variance.java:576)
	at org.apache.commons.math.stat.descriptive.moment.Variance_ESTest.test7696(Variance_ESTest.java:803)
	at sun.reflect.NativeMethodAccessorImpl.invoke0(Native Method)
	at sun.reflect.NativeMethodAccessorImpl.invoke(NativeMethodAccessorImpl.java:62)
	at sun.reflect.DelegatingMethodAccessorImpl.invoke(DelegatingMethodAccessorImpl.java:43)
	at java.lang.reflect.Method.invoke(Method.java:498)
	at org.junit.runners.model.FrameworkMethod$1.runReflectiveCall(FrameworkMethod.java:47)
	at org.junit.internal.runners.model.ReflectiveCallable.run(ReflectiveCallable.java:12)
	at org.junit.runners.model.FrameworkMethod.invokeExplosively(FrameworkMethod.java:44)
	at org.junit.internal.runners.statements.InvokeMethod.evaluate(InvokeMethod.java:17)
	at org.junit.internal.runners.statements.FailOnTimeout$StatementThread.run(FailOnTimeout.java:74)
--- org.apache.commons.math.stat.descriptive.moment.Variance_ESTest::test5159
org.apache.commons.math.exception.NullArgumentException: null is not allowed
	at org.apache.commons.math.util.MathUtils.checkNotNull(MathUtils.java:331)
	at org.apache.commons.math.stat.descriptive.moment.Variance.copy(Variance.java:613)
	at org.apache.commons.math.stat.descriptive.moment.Variance.<init>(Variance.java:151)
	at org.apache.commons.math.stat.descriptive.moment.Variance_ESTest.test5159(Variance_ESTest.java:504)
	at sun.reflect.NativeMethodAccessorImpl.invoke0(Native Method)
	at sun.reflect.NativeMethodAccessorImpl.invoke(NativeMethodAccessorImpl.java:62)
	at sun.reflect.DelegatingMethodAccessorImpl.invoke(DelegatingMethodAccessorImpl.java:43)
	at java.lang.reflect.Method.invoke(Method.java:498)
	at org.junit.runners.model.FrameworkMethod$1.runReflectiveCall(FrameworkMethod.java:47)
	at org.junit.internal.runners.model.ReflectiveCallable.run(ReflectiveCallable.java:12)
	at org.junit.runners.model.FrameworkMethod.invokeExplosively(FrameworkMethod.java:44)
	at org.junit.internal.runners.statements.InvokeMethod.evaluate(InvokeMethod.java:17)
	at org.junit.internal.runners.statements.FailOnTimeout$StatementThread.run(FailOnTimeout.java:74)
--- org.apache.commons.math.stat.descriptive.moment.Variance_ESTest::test6885
org.apache.commons.math.exception.NullArgumentException: input array
	at org.apache.commons.math.stat.descriptive.moment.Variance.evaluate(Variance.java:228)
	at org.apache.commons.math.stat.descriptive.AbstractUnivariateStatistic.evaluate(AbstractUnivariateStatistic.java:93)
	at org.apache.commons.math.stat.descriptive.moment.Variance_ESTest.test6885(Variance_ESTest.java:716)
	at sun.reflect.NativeMethodAccessorImpl.invoke0(Native Method)
	at sun.reflect.NativeMethodAccessorImpl.invoke(NativeMethodAccessorImpl.java:62)
	at sun.reflect.DelegatingMethodAccessorImpl.invoke(DelegatingMethodAccessorImpl.java:43)
	at java.lang.reflect.Method.invoke(Method.java:498)
	at org.junit.runners.model.FrameworkMethod$1.runReflectiveCall(FrameworkMethod.java:47)
	at org.junit.internal.runners.model.ReflectiveCallable.run(ReflectiveCallable.java:12)
	at org.junit.runners.model.FrameworkMethod.invokeExplosively(FrameworkMethod.java:44)
	at org.junit.internal.runners.statements.InvokeMethod.evaluate(InvokeMethod.java:17)
	at org.junit.internal.runners.statements.FailOnTimeout$StatementThread.run(FailOnTimeout.java:74)
--- org.apache.commons.math.stat.descriptive.moment.Variance_ESTest::test3139
java.lang.NullPointerException
	at org.apache.commons.math.stat.descriptive.AbstractUnivariateStatistic.test(AbstractUnivariateStatistic.java:262)
	at org.apache.commons.math.stat.descriptive.AbstractUnivariateStatistic.test(AbstractUnivariateStatistic.java:222)
	at org.apache.commons.math.stat.descriptive.moment.Variance.evaluate(Variance.java:506)
	at org.apache.commons.math.stat.descriptive.moment.Variance_ESTest.test3139(Variance_ESTest.java:365)
	at sun.reflect.NativeMethodAccessorImpl.invoke0(Native Method)
	at sun.reflect.NativeMethodAccessorImpl.invoke(NativeMethodAccessorImpl.java:62)
	at sun.reflect.DelegatingMethodAccessorImpl.invoke(DelegatingMethodAccessorImpl.java:43)
	at java.lang.reflect.Method.invoke(Method.java:498)
	at org.junit.runners.model.FrameworkMethod$1.runReflectiveCall(FrameworkMethod.java:47)
	at org.junit.internal.runners.model.ReflectiveCallable.run(ReflectiveCallable.java:12)
	at org.junit.runners.model.FrameworkMethod.invokeExplosively(FrameworkMethod.java:44)
	at org.junit.internal.runners.statements.InvokeMethod.evaluate(InvokeMethod.java:17)
	at org.junit.internal.runners.statements.FailOnTimeout$StatementThread.run(FailOnTimeout.java:74)
