--- com.google.javascript.jscomp.NodeUtil_ESTest::test326364
org.evosuite.runtime.mock.java.lang.MockError: Unknown precedence for <unknown=73> (type 73)
	at com.google.javascript.jscomp.NodeUtil.precedence(NodeUtil.java:971)
	at com.google.javascript.jscomp.NodeUtil_ESTest.test326364(NodeUtil_ESTest.java:2340)
	at sun.reflect.NativeMethodAccessorImpl.invoke0(Native Method)
	at sun.reflect.NativeMethodAccessorImpl.invoke(NativeMethodAccessorImpl.java:62)
	at sun.reflect.DelegatingMethodAccessorImpl.invoke(DelegatingMethodAccessorImpl.java:43)
	at java.lang.reflect.Method.invoke(Method.java:498)
	at org.junit.runners.model.FrameworkMethod$1.runReflectiveCall(FrameworkMethod.java:47)
	at org.junit.internal.runners.model.ReflectiveCallable.run(ReflectiveCallable.java:12)
	at org.junit.runners.model.FrameworkMethod.invokeExplosively(FrameworkMethod.java:44)
	at org.junit.internal.runners.statements.InvokeMethod.evaluate(InvokeMethod.java:17)
	at org.junit.internal.runners.statements.FailOnTimeout$StatementThread.run(FailOnTimeout.java:74)
--- com.google.javascript.jscomp.NodeUtil_ESTest::test133161
org.evosuite.runtime.mock.java.lang.MockIllegalStateException: Unexpected expression nodeGETVAR 54
 parent:null
	at com.google.javascript.jscomp.NodeUtil.evaluatesToLocalValue(NodeUtil.java:2485)
	at com.google.javascript.jscomp.NodeUtil.evaluatesToLocalValue(NodeUtil.java:2416)
	at com.google.javascript.jscomp.NodeUtil_ESTest.test133161(NodeUtil_ESTest.java:1151)
	at sun.reflect.NativeMethodAccessorImpl.invoke0(Native Method)
	at sun.reflect.NativeMethodAccessorImpl.invoke(NativeMethodAccessorImpl.java:62)
	at sun.reflect.DelegatingMethodAccessorImpl.invoke(DelegatingMethodAccessorImpl.java:43)
	at java.lang.reflect.Method.invoke(Method.java:498)
	at org.junit.runners.model.FrameworkMethod$1.runReflectiveCall(FrameworkMethod.java:47)
	at org.junit.internal.runners.model.ReflectiveCallable.run(ReflectiveCallable.java:12)
	at org.junit.runners.model.FrameworkMethod.invokeExplosively(FrameworkMethod.java:44)
	at org.junit.internal.runners.statements.InvokeMethod.evaluate(InvokeMethod.java:17)
	at org.junit.internal.runners.statements.FailOnTimeout$StatementThread.run(FailOnTimeout.java:74)
--- com.google.javascript.jscomp.NodeUtil_ESTest::test360398
org.evosuite.runtime.mock.java.lang.MockError: Unknown precedence for import (type 107)
	at com.google.javascript.jscomp.NodeUtil.precedence(NodeUtil.java:971)
	at com.google.javascript.jscomp.NodeUtil_ESTest.test360398(NodeUtil_ESTest.java:2510)
	at sun.reflect.NativeMethodAccessorImpl.invoke0(Native Method)
	at sun.reflect.NativeMethodAccessorImpl.invoke(NativeMethodAccessorImpl.java:62)
	at sun.reflect.DelegatingMethodAccessorImpl.invoke(DelegatingMethodAccessorImpl.java:43)
	at java.lang.reflect.Method.invoke(Method.java:498)
	at org.junit.runners.model.FrameworkMethod$1.runReflectiveCall(FrameworkMethod.java:47)
	at org.junit.internal.runners.model.ReflectiveCallable.run(ReflectiveCallable.java:12)
	at org.junit.runners.model.FrameworkMethod.invokeExplosively(FrameworkMethod.java:44)
	at org.junit.internal.runners.statements.InvokeMethod.evaluate(InvokeMethod.java:17)
	at org.junit.internal.runners.statements.FailOnTimeout$StatementThread.run(FailOnTimeout.java:74)
--- com.google.javascript.jscomp.NodeUtil_ESTest::test640726
org.evosuite.runtime.mock.java.lang.MockIllegalStateException: Unexpected expression nodeDEFAULTNAMESPACE
 parent:null
	at com.google.javascript.jscomp.NodeUtil.evaluatesToLocalValue(NodeUtil.java:2485)
	at com.google.javascript.jscomp.NodeUtil.evaluatesToLocalValue(NodeUtil.java:2416)
	at com.google.javascript.jscomp.NodeUtil_ESTest.test640726(NodeUtil_ESTest.java:4487)
	at sun.reflect.NativeMethodAccessorImpl.invoke0(Native Method)
	at sun.reflect.NativeMethodAccessorImpl.invoke(NativeMethodAccessorImpl.java:62)
	at sun.reflect.DelegatingMethodAccessorImpl.invoke(DelegatingMethodAccessorImpl.java:43)
	at java.lang.reflect.Method.invoke(Method.java:498)
	at org.junit.runners.model.FrameworkMethod$1.runReflectiveCall(FrameworkMethod.java:47)
	at org.junit.internal.runners.model.ReflectiveCallable.run(ReflectiveCallable.java:12)
	at org.junit.runners.model.FrameworkMethod.invokeExplosively(FrameworkMethod.java:44)
	at org.junit.internal.runners.statements.InvokeMethod.evaluate(InvokeMethod.java:17)
	at org.junit.internal.runners.statements.FailOnTimeout$StatementThread.run(FailOnTimeout.java:74)
--- com.google.javascript.jscomp.NodeUtil_ESTest::test07088
java.lang.NullPointerException
	at com.google.javascript.jscomp.NodeUtil.isValidDefineValue(NodeUtil.java:375)
	at com.google.javascript.jscomp.NodeUtil.isValidDefineValue(NodeUtil.java:403)
	at com.google.javascript.jscomp.NodeUtil_ESTest.test07088(NodeUtil_ESTest.java:663)
	at sun.reflect.NativeMethodAccessorImpl.invoke0(Native Method)
	at sun.reflect.NativeMethodAccessorImpl.invoke(NativeMethodAccessorImpl.java:62)
	at sun.reflect.DelegatingMethodAccessorImpl.invoke(DelegatingMethodAccessorImpl.java:43)
	at java.lang.reflect.Method.invoke(Method.java:498)
	at org.junit.runners.model.FrameworkMethod$1.runReflectiveCall(FrameworkMethod.java:47)
	at org.junit.internal.runners.model.ReflectiveCallable.run(ReflectiveCallable.java:12)
	at org.junit.runners.model.FrameworkMethod.invokeExplosively(FrameworkMethod.java:44)
	at org.junit.internal.runners.statements.InvokeMethod.evaluate(InvokeMethod.java:17)
	at org.junit.internal.runners.statements.FailOnTimeout$StatementThread.run(FailOnTimeout.java:74)
--- com.google.javascript.jscomp.NodeUtil_ESTest::test337375
org.evosuite.runtime.mock.java.lang.MockError: Unknown precedence for rp (type 84)
	at com.google.javascript.jscomp.NodeUtil.precedence(NodeUtil.java:971)
	at com.google.javascript.jscomp.NodeUtil_ESTest.test337375(NodeUtil_ESTest.java:2395)
	at sun.reflect.NativeMethodAccessorImpl.invoke0(Native Method)
	at sun.reflect.NativeMethodAccessorImpl.invoke(NativeMethodAccessorImpl.java:62)
	at sun.reflect.DelegatingMethodAccessorImpl.invoke(DelegatingMethodAccessorImpl.java:43)
	at java.lang.reflect.Method.invoke(Method.java:498)
	at org.junit.runners.model.FrameworkMethod$1.runReflectiveCall(FrameworkMethod.java:47)
	at org.junit.internal.runners.model.ReflectiveCallable.run(ReflectiveCallable.java:12)
	at org.junit.runners.model.FrameworkMethod.invokeExplosively(FrameworkMethod.java:44)
	at org.junit.internal.runners.statements.InvokeMethod.evaluate(InvokeMethod.java:17)
	at org.junit.internal.runners.statements.FailOnTimeout$StatementThread.run(FailOnTimeout.java:74)
--- com.google.javascript.jscomp.NodeUtil_ESTest::test540604
org.evosuite.runtime.mock.java.lang.MockError: Unknown op 81: LC
	at com.google.javascript.jscomp.NodeUtil.opToStrNoFail(NodeUtil.java:1721)
	at com.google.javascript.jscomp.NodeUtil_ESTest.test540604(NodeUtil_ESTest.java:3712)
	at sun.reflect.NativeMethodAccessorImpl.invoke0(Native Method)
	at sun.reflect.NativeMethodAccessorImpl.invoke(NativeMethodAccessorImpl.java:62)
	at sun.reflect.DelegatingMethodAccessorImpl.invoke(DelegatingMethodAccessorImpl.java:43)
	at java.lang.reflect.Method.invoke(Method.java:498)
	at org.junit.runners.model.FrameworkMethod$1.runReflectiveCall(FrameworkMethod.java:47)
	at org.junit.internal.runners.model.ReflectiveCallable.run(ReflectiveCallable.java:12)
	at org.junit.runners.model.FrameworkMethod.invokeExplosively(FrameworkMethod.java:44)
	at org.junit.internal.runners.statements.InvokeMethod.evaluate(InvokeMethod.java:17)
	at org.junit.internal.runners.statements.FailOnTimeout$StatementThread.run(FailOnTimeout.java:74)
--- com.google.javascript.jscomp.NodeUtil_ESTest::test01416
java.lang.NullPointerException
	at com.google.javascript.jscomp.NodeUtil.constructorCallHasSideEffects(NodeUtil.java:696)
	at com.google.javascript.jscomp.NodeUtil.constructorCallHasSideEffects(NodeUtil.java:681)
	at com.google.javascript.jscomp.NodeUtil.checkForStateChangeHelper(NodeUtil.java:596)
	at com.google.javascript.jscomp.NodeUtil.mayHaveSideEffects(NodeUtil.java:521)
	at com.google.javascript.jscomp.NodeUtil.mayHaveSideEffects(NodeUtil.java:517)
	at com.google.javascript.jscomp.NodeUtil_ESTest.test01416(NodeUtil_ESTest.java:155)
	at sun.reflect.NativeMethodAccessorImpl.invoke0(Native Method)
	at sun.reflect.NativeMethodAccessorImpl.invoke(NativeMethodAccessorImpl.java:62)
	at sun.reflect.DelegatingMethodAccessorImpl.invoke(DelegatingMethodAccessorImpl.java:43)
	at java.lang.reflect.Method.invoke(Method.java:498)
	at org.junit.runners.model.FrameworkMethod$1.runReflectiveCall(FrameworkMethod.java:47)
	at org.junit.internal.runners.model.ReflectiveCallable.run(ReflectiveCallable.java:12)
	at org.junit.runners.model.FrameworkMethod.invokeExplosively(FrameworkMethod.java:44)
	at org.junit.internal.runners.statements.InvokeMethod.evaluate(InvokeMethod.java:17)
	at org.junit.internal.runners.statements.FailOnTimeout$StatementThread.run(FailOnTimeout.java:74)
--- com.google.javascript.jscomp.NodeUtil_ESTest::test263301
org.evosuite.runtime.mock.java.lang.MockError: Unknown precedence for setname (type 8)
	at com.google.javascript.jscomp.NodeUtil.precedence(NodeUtil.java:971)
	at com.google.javascript.jscomp.NodeUtil_ESTest.test263301(NodeUtil_ESTest.java:2025)
	at sun.reflect.NativeMethodAccessorImpl.invoke0(Native Method)
	at sun.reflect.NativeMethodAccessorImpl.invoke(NativeMethodAccessorImpl.java:62)
	at sun.reflect.DelegatingMethodAccessorImpl.invoke(DelegatingMethodAccessorImpl.java:43)
	at java.lang.reflect.Method.invoke(Method.java:498)
	at org.junit.runners.model.FrameworkMethod$1.runReflectiveCall(FrameworkMethod.java:47)
	at org.junit.internal.runners.model.ReflectiveCallable.run(ReflectiveCallable.java:12)
	at org.junit.runners.model.FrameworkMethod.invokeExplosively(FrameworkMethod.java:44)
	at org.junit.internal.runners.statements.InvokeMethod.evaluate(InvokeMethod.java:17)
	at org.junit.internal.runners.statements.FailOnTimeout$StatementThread.run(FailOnTimeout.java:74)
--- com.google.javascript.jscomp.NodeUtil_ESTest::test364402
org.evosuite.runtime.mock.java.lang.MockError: Unknown precedence for case (type 111)
	at com.google.javascript.jscomp.NodeUtil.precedence(NodeUtil.java:971)
	at com.google.javascript.jscomp.NodeUtil_ESTest.test364402(NodeUtil_ESTest.java:2530)
	at sun.reflect.NativeMethodAccessorImpl.invoke0(Native Method)
	at sun.reflect.NativeMethodAccessorImpl.invoke(NativeMethodAccessorImpl.java:62)
	at sun.reflect.DelegatingMethodAccessorImpl.invoke(DelegatingMethodAccessorImpl.java:43)
	at java.lang.reflect.Method.invoke(Method.java:498)
	at org.junit.runners.model.FrameworkMethod$1.runReflectiveCall(FrameworkMethod.java:47)
	at org.junit.internal.runners.model.ReflectiveCallable.run(ReflectiveCallable.java:12)
	at org.junit.runners.model.FrameworkMethod.invokeExplosively(FrameworkMethod.java:44)
	at org.junit.internal.runners.statements.InvokeMethod.evaluate(InvokeMethod.java:17)
	at org.junit.internal.runners.statements.FailOnTimeout$StatementThread.run(FailOnTimeout.java:74)
--- com.google.javascript.jscomp.NodeUtil_ESTest::test155183
org.evosuite.runtime.mock.java.lang.MockIllegalStateException: Unexpected expression nodeTRY
 parent:null
	at com.google.javascript.jscomp.NodeUtil.evaluatesToLocalValue(NodeUtil.java:2485)
	at com.google.javascript.jscomp.NodeUtil.evaluatesToLocalValue(NodeUtil.java:2416)
	at com.google.javascript.jscomp.NodeUtil_ESTest.test155183(NodeUtil_ESTest.java:1282)
	at sun.reflect.NativeMethodAccessorImpl.invoke0(Native Method)
	at sun.reflect.NativeMethodAccessorImpl.invoke(NativeMethodAccessorImpl.java:62)
	at sun.reflect.DelegatingMethodAccessorImpl.invoke(DelegatingMethodAccessorImpl.java:43)
	at java.lang.reflect.Method.invoke(Method.java:498)
	at org.junit.runners.model.FrameworkMethod$1.runReflectiveCall(FrameworkMethod.java:47)
	at org.junit.internal.runners.model.ReflectiveCallable.run(ReflectiveCallable.java:12)
	at org.junit.runners.model.FrameworkMethod.invokeExplosively(FrameworkMethod.java:44)
	at org.junit.internal.runners.statements.InvokeMethod.evaluate(InvokeMethod.java:17)
	at org.junit.internal.runners.statements.FailOnTimeout$StatementThread.run(FailOnTimeout.java:74)
--- com.google.javascript.jscomp.NodeUtil_ESTest::test304342
org.evosuite.runtime.mock.java.lang.MockError: Unknown precedence for <unknown=50> (type 50)
	at com.google.javascript.jscomp.NodeUtil.precedence(NodeUtil.java:971)
	at com.google.javascript.jscomp.NodeUtil_ESTest.test304342(NodeUtil_ESTest.java:2230)
	at sun.reflect.NativeMethodAccessorImpl.invoke0(Native Method)
	at sun.reflect.NativeMethodAccessorImpl.invoke(NativeMethodAccessorImpl.java:62)
	at sun.reflect.DelegatingMethodAccessorImpl.invoke(DelegatingMethodAccessorImpl.java:43)
	at java.lang.reflect.Method.invoke(Method.java:498)
	at org.junit.runners.model.FrameworkMethod$1.runReflectiveCall(FrameworkMethod.java:47)
	at org.junit.internal.runners.model.ReflectiveCallable.run(ReflectiveCallable.java:12)
	at org.junit.runners.model.FrameworkMethod.invokeExplosively(FrameworkMethod.java:44)
	at org.junit.internal.runners.statements.InvokeMethod.evaluate(InvokeMethod.java:17)
	at org.junit.internal.runners.statements.FailOnTimeout$StatementThread.run(FailOnTimeout.java:74)
--- com.google.javascript.jscomp.NodeUtil_ESTest::test248276
java.lang.NullPointerException
	at com.google.javascript.jscomp.NodeUtil.constructorCallHasSideEffects(NodeUtil.java:696)
	at com.google.javascript.jscomp.NodeUtil.nodeTypeMayHaveSideEffects(NodeUtil.java:825)
	at com.google.javascript.jscomp.NodeUtil.nodeTypeMayHaveSideEffects(NodeUtil.java:808)
	at com.google.javascript.jscomp.NodeUtil_ESTest.test248276(NodeUtil_ESTest.java:1845)
	at sun.reflect.NativeMethodAccessorImpl.invoke0(Native Method)
	at sun.reflect.NativeMethodAccessorImpl.invoke(NativeMethodAccessorImpl.java:62)
	at sun.reflect.DelegatingMethodAccessorImpl.invoke(DelegatingMethodAccessorImpl.java:43)
	at java.lang.reflect.Method.invoke(Method.java:498)
	at org.junit.runners.model.FrameworkMethod$1.runReflectiveCall(FrameworkMethod.java:47)
	at org.junit.internal.runners.model.ReflectiveCallable.run(ReflectiveCallable.java:12)
	at org.junit.runners.model.FrameworkMethod.invokeExplosively(FrameworkMethod.java:44)
	at org.junit.internal.runners.statements.InvokeMethod.evaluate(InvokeMethod.java:17)
	at org.junit.internal.runners.statements.FailOnTimeout$StatementThread.run(FailOnTimeout.java:74)
--- com.google.javascript.jscomp.NodeUtil_ESTest::test166194
java.lang.NullPointerException
	at com.google.javascript.jscomp.NodeUtil.isName(NodeUtil.java:1099)
	at com.google.javascript.jscomp.NodeUtil.checkForStateChangeHelper(NodeUtil.java:620)
	at com.google.javascript.jscomp.NodeUtil.mayHaveSideEffects(NodeUtil.java:521)
	at com.google.javascript.jscomp.NodeUtil.mayHaveSideEffects(NodeUtil.java:517)
	at com.google.javascript.jscomp.NodeUtil_ESTest.test166194(NodeUtil_ESTest.java:1350)
	at sun.reflect.NativeMethodAccessorImpl.invoke0(Native Method)
	at sun.reflect.NativeMethodAccessorImpl.invoke(NativeMethodAccessorImpl.java:62)
	at sun.reflect.DelegatingMethodAccessorImpl.invoke(DelegatingMethodAccessorImpl.java:43)
	at java.lang.reflect.Method.invoke(Method.java:498)
	at org.junit.runners.model.FrameworkMethod$1.runReflectiveCall(FrameworkMethod.java:47)
	at org.junit.internal.runners.model.ReflectiveCallable.run(ReflectiveCallable.java:12)
	at org.junit.runners.model.FrameworkMethod.invokeExplosively(FrameworkMethod.java:44)
	at org.junit.internal.runners.statements.InvokeMethod.evaluate(InvokeMethod.java:17)
	at org.junit.internal.runners.statements.FailOnTimeout$StatementThread.run(FailOnTimeout.java:74)
--- com.google.javascript.jscomp.NodeUtil_ESTest::test443495
java.lang.NullPointerException
	at com.google.javascript.rhino.Node.getChildBefore(Node.java:564)
	at com.google.javascript.rhino.Node.removeChild(Node.java:681)
	at com.google.javascript.jscomp.NodeUtil.removeChild(NodeUtil.java:1373)
	at com.google.javascript.jscomp.NodeUtil_ESTest.test443495(NodeUtil_ESTest.java:3116)
	at sun.reflect.NativeMethodAccessorImpl.invoke0(Native Method)
	at sun.reflect.NativeMethodAccessorImpl.invoke(NativeMethodAccessorImpl.java:62)
	at sun.reflect.DelegatingMethodAccessorImpl.invoke(DelegatingMethodAccessorImpl.java:43)
	at java.lang.reflect.Method.invoke(Method.java:498)
	at org.junit.runners.model.FrameworkMethod$1.runReflectiveCall(FrameworkMethod.java:47)
	at org.junit.internal.runners.model.ReflectiveCallable.run(ReflectiveCallable.java:12)
	at org.junit.runners.model.FrameworkMethod.invokeExplosively(FrameworkMethod.java:44)
	at org.junit.internal.runners.statements.InvokeMethod.evaluate(InvokeMethod.java:17)
	at org.junit.internal.runners.statements.FailOnTimeout$StatementThread.run(FailOnTimeout.java:74)
--- com.google.javascript.jscomp.NodeUtil_ESTest::test315353
org.evosuite.runtime.mock.java.lang.MockError: Unknown precedence for thisfn (type 61)
	at com.google.javascript.jscomp.NodeUtil.precedence(NodeUtil.java:971)
	at com.google.javascript.jscomp.NodeUtil_ESTest.test315353(NodeUtil_ESTest.java:2285)
	at sun.reflect.NativeMethodAccessorImpl.invoke0(Native Method)
	at sun.reflect.NativeMethodAccessorImpl.invoke(NativeMethodAccessorImpl.java:62)
	at sun.reflect.DelegatingMethodAccessorImpl.invoke(DelegatingMethodAccessorImpl.java:43)
	at java.lang.reflect.Method.invoke(Method.java:498)
	at org.junit.runners.model.FrameworkMethod$1.runReflectiveCall(FrameworkMethod.java:47)
	at org.junit.internal.runners.model.ReflectiveCallable.run(ReflectiveCallable.java:12)
	at org.junit.runners.model.FrameworkMethod.invokeExplosively(FrameworkMethod.java:44)
	at org.junit.internal.runners.statements.InvokeMethod.evaluate(InvokeMethod.java:17)
	at org.junit.internal.runners.statements.FailOnTimeout$StatementThread.run(FailOnTimeout.java:74)
--- com.google.javascript.jscomp.NodeUtil_ESTest::test456512
org.evosuite.runtime.mock.java.lang.MockIllegalStateException
	at com.google.common.base.Preconditions.checkState(Preconditions.java:129)
	at com.google.javascript.jscomp.NodeUtil.tryMergeBlock(NodeUtil.java:1410)
	at com.google.javascript.jscomp.NodeUtil_ESTest.test456512(NodeUtil_ESTest.java:3233)
	at sun.reflect.NativeMethodAccessorImpl.invoke0(Native Method)
	at sun.reflect.NativeMethodAccessorImpl.invoke(NativeMethodAccessorImpl.java:62)
	at sun.reflect.DelegatingMethodAccessorImpl.invoke(DelegatingMethodAccessorImpl.java:43)
	at java.lang.reflect.Method.invoke(Method.java:498)
	at org.junit.runners.model.FrameworkMethod$1.runReflectiveCall(FrameworkMethod.java:47)
	at org.junit.internal.runners.model.ReflectiveCallable.run(ReflectiveCallable.java:12)
	at org.junit.runners.model.FrameworkMethod.invokeExplosively(FrameworkMethod.java:44)
	at org.junit.internal.runners.statements.InvokeMethod.evaluate(InvokeMethod.java:17)
	at org.junit.internal.runners.statements.FailOnTimeout$StatementThread.run(FailOnTimeout.java:74)
--- com.google.javascript.jscomp.NodeUtil_ESTest::test07189
java.lang.NullPointerException
	at com.google.javascript.jscomp.NodeUtil.isValidDefineValue(NodeUtil.java:375)
	at com.google.javascript.jscomp.NodeUtil.isValidDefineValue(NodeUtil.java:403)
	at com.google.javascript.jscomp.NodeUtil_ESTest.test07189(NodeUtil_ESTest.java:670)
	at sun.reflect.NativeMethodAccessorImpl.invoke0(Native Method)
	at sun.reflect.NativeMethodAccessorImpl.invoke(NativeMethodAccessorImpl.java:62)
	at sun.reflect.DelegatingMethodAccessorImpl.invoke(DelegatingMethodAccessorImpl.java:43)
	at java.lang.reflect.Method.invoke(Method.java:498)
	at org.junit.runners.model.FrameworkMethod$1.runReflectiveCall(FrameworkMethod.java:47)
	at org.junit.internal.runners.model.ReflectiveCallable.run(ReflectiveCallable.java:12)
	at org.junit.runners.model.FrameworkMethod.invokeExplosively(FrameworkMethod.java:44)
	at org.junit.internal.runners.statements.InvokeMethod.evaluate(InvokeMethod.java:17)
	at org.junit.internal.runners.statements.FailOnTimeout$StatementThread.run(FailOnTimeout.java:74)
--- com.google.javascript.jscomp.NodeUtil_ESTest::test363401
org.evosuite.runtime.mock.java.lang.MockError: Unknown precedence for switch (type 110)
	at com.google.javascript.jscomp.NodeUtil.precedence(NodeUtil.java:971)
	at com.google.javascript.jscomp.NodeUtil_ESTest.test363401(NodeUtil_ESTest.java:2525)
	at sun.reflect.NativeMethodAccessorImpl.invoke0(Native Method)
	at sun.reflect.NativeMethodAccessorImpl.invoke(NativeMethodAccessorImpl.java:62)
	at sun.reflect.DelegatingMethodAccessorImpl.invoke(DelegatingMethodAccessorImpl.java:43)
	at java.lang.reflect.Method.invoke(Method.java:498)
	at org.junit.runners.model.FrameworkMethod$1.runReflectiveCall(FrameworkMethod.java:47)
	at org.junit.internal.runners.model.ReflectiveCallable.run(ReflectiveCallable.java:12)
	at org.junit.runners.model.FrameworkMethod.invokeExplosively(FrameworkMethod.java:44)
	at org.junit.internal.runners.statements.InvokeMethod.evaluate(InvokeMethod.java:17)
	at org.junit.internal.runners.statements.FailOnTimeout$StatementThread.run(FailOnTimeout.java:74)
--- com.google.javascript.jscomp.NodeUtil_ESTest::test260298
org.evosuite.runtime.mock.java.lang.MockError: Unknown precedence for goto (type 5)
	at com.google.javascript.jscomp.NodeUtil.precedence(NodeUtil.java:971)
	at com.google.javascript.jscomp.NodeUtil_ESTest.test260298(NodeUtil_ESTest.java:2010)
	at sun.reflect.NativeMethodAccessorImpl.invoke0(Native Method)
	at sun.reflect.NativeMethodAccessorImpl.invoke(NativeMethodAccessorImpl.java:62)
	at sun.reflect.DelegatingMethodAccessorImpl.invoke(DelegatingMethodAccessorImpl.java:43)
	at java.lang.reflect.Method.invoke(Method.java:498)
	at org.junit.runners.model.FrameworkMethod$1.runReflectiveCall(FrameworkMethod.java:47)
	at org.junit.internal.runners.model.ReflectiveCallable.run(ReflectiveCallable.java:12)
	at org.junit.runners.model.FrameworkMethod.invokeExplosively(FrameworkMethod.java:44)
	at org.junit.internal.runners.statements.InvokeMethod.evaluate(InvokeMethod.java:17)
	at org.junit.internal.runners.statements.FailOnTimeout$StatementThread.run(FailOnTimeout.java:74)
--- com.google.javascript.jscomp.NodeUtil_ESTest::test573637
org.evosuite.runtime.mock.java.lang.MockError: Unknown op 114: DO
	at com.google.javascript.jscomp.NodeUtil.opToStrNoFail(NodeUtil.java:1721)
	at com.google.javascript.jscomp.NodeUtil_ESTest.test573637(NodeUtil_ESTest.java:3877)
	at sun.reflect.NativeMethodAccessorImpl.invoke0(Native Method)
	at sun.reflect.NativeMethodAccessorImpl.invoke(NativeMethodAccessorImpl.java:62)
	at sun.reflect.DelegatingMethodAccessorImpl.invoke(DelegatingMethodAccessorImpl.java:43)
	at java.lang.reflect.Method.invoke(Method.java:498)
	at org.junit.runners.model.FrameworkMethod$1.runReflectiveCall(FrameworkMethod.java:47)
	at org.junit.internal.runners.model.ReflectiveCallable.run(ReflectiveCallable.java:12)
	at org.junit.runners.model.FrameworkMethod.invokeExplosively(FrameworkMethod.java:44)
	at org.junit.internal.runners.statements.InvokeMethod.evaluate(InvokeMethod.java:17)
	at org.junit.internal.runners.statements.FailOnTimeout$StatementThread.run(FailOnTimeout.java:74)
--- com.google.javascript.jscomp.NodeUtil_ESTest::test07290
java.lang.NullPointerException
	at com.google.javascript.jscomp.NodeUtil.isValidDefineValue(NodeUtil.java:375)
	at com.google.javascript.jscomp.NodeUtil.isValidDefineValue(NodeUtil.java:403)
	at com.google.javascript.jscomp.NodeUtil_ESTest.test07290(NodeUtil_ESTest.java:677)
	at sun.reflect.NativeMethodAccessorImpl.invoke0(Native Method)
	at sun.reflect.NativeMethodAccessorImpl.invoke(NativeMethodAccessorImpl.java:62)
	at sun.reflect.DelegatingMethodAccessorImpl.invoke(DelegatingMethodAccessorImpl.java:43)
	at java.lang.reflect.Method.invoke(Method.java:498)
	at org.junit.runners.model.FrameworkMethod$1.runReflectiveCall(FrameworkMethod.java:47)
	at org.junit.internal.runners.model.ReflectiveCallable.run(ReflectiveCallable.java:12)
	at org.junit.runners.model.FrameworkMethod.invokeExplosively(FrameworkMethod.java:44)
	at org.junit.internal.runners.statements.InvokeMethod.evaluate(InvokeMethod.java:17)
	at org.junit.internal.runners.statements.FailOnTimeout$StatementThread.run(FailOnTimeout.java:74)
--- com.google.javascript.jscomp.NodeUtil_ESTest::test639725
org.evosuite.runtime.mock.java.lang.MockIllegalStateException: Unexpected expression nodeREF_SPECIAL 69
 parent:null
	at com.google.javascript.jscomp.NodeUtil.evaluatesToLocalValue(NodeUtil.java:2485)
	at com.google.javascript.jscomp.NodeUtil_ESTest.test639725(NodeUtil_ESTest.java:4481)
	at sun.reflect.NativeMethodAccessorImpl.invoke0(Native Method)
	at sun.reflect.NativeMethodAccessorImpl.invoke(NativeMethodAccessorImpl.java:62)
	at sun.reflect.DelegatingMethodAccessorImpl.invoke(DelegatingMethodAccessorImpl.java:43)
	at java.lang.reflect.Method.invoke(Method.java:498)
	at org.junit.runners.model.FrameworkMethod$1.runReflectiveCall(FrameworkMethod.java:47)
	at org.junit.internal.runners.model.ReflectiveCallable.run(ReflectiveCallable.java:12)
	at org.junit.runners.model.FrameworkMethod.invokeExplosively(FrameworkMethod.java:44)
	at org.junit.internal.runners.statements.InvokeMethod.evaluate(InvokeMethod.java:17)
	at org.junit.internal.runners.statements.FailOnTimeout$StatementThread.run(FailOnTimeout.java:74)
--- com.google.javascript.jscomp.NodeUtil_ESTest::test359397
org.evosuite.runtime.mock.java.lang.MockError: Unknown precedence for export (type 106)
	at com.google.javascript.jscomp.NodeUtil.precedence(NodeUtil.java:971)
	at com.google.javascript.jscomp.NodeUtil_ESTest.test359397(NodeUtil_ESTest.java:2505)
	at sun.reflect.NativeMethodAccessorImpl.invoke0(Native Method)
	at sun.reflect.NativeMethodAccessorImpl.invoke(NativeMethodAccessorImpl.java:62)
	at sun.reflect.DelegatingMethodAccessorImpl.invoke(DelegatingMethodAccessorImpl.java:43)
	at java.lang.reflect.Method.invoke(Method.java:498)
	at org.junit.runners.model.FrameworkMethod$1.runReflectiveCall(FrameworkMethod.java:47)
	at org.junit.internal.runners.model.ReflectiveCallable.run(ReflectiveCallable.java:12)
	at org.junit.runners.model.FrameworkMethod.invokeExplosively(FrameworkMethod.java:44)
	at org.junit.internal.runners.statements.InvokeMethod.evaluate(InvokeMethod.java:17)
	at org.junit.internal.runners.statements.FailOnTimeout$StatementThread.run(FailOnTimeout.java:74)
--- com.google.javascript.jscomp.NodeUtil_ESTest::test562626
org.evosuite.runtime.mock.java.lang.MockError: Unknown op 103: DEC
	at com.google.javascript.jscomp.NodeUtil.opToStrNoFail(NodeUtil.java:1721)
	at com.google.javascript.jscomp.NodeUtil_ESTest.test562626(NodeUtil_ESTest.java:3822)
	at sun.reflect.NativeMethodAccessorImpl.invoke0(Native Method)
	at sun.reflect.NativeMethodAccessorImpl.invoke(NativeMethodAccessorImpl.java:62)
	at sun.reflect.DelegatingMethodAccessorImpl.invoke(DelegatingMethodAccessorImpl.java:43)
	at java.lang.reflect.Method.invoke(Method.java:498)
	at org.junit.runners.model.FrameworkMethod$1.runReflectiveCall(FrameworkMethod.java:47)
	at org.junit.internal.runners.model.ReflectiveCallable.run(ReflectiveCallable.java:12)
	at org.junit.runners.model.FrameworkMethod.invokeExplosively(FrameworkMethod.java:44)
	at org.junit.internal.runners.statements.InvokeMethod.evaluate(InvokeMethod.java:17)
	at org.junit.internal.runners.statements.FailOnTimeout$StatementThread.run(FailOnTimeout.java:74)
--- com.google.javascript.jscomp.NodeUtil_ESTest::test122150
org.evosuite.runtime.mock.java.lang.MockIllegalStateException: Unexpected expression nodeSETELEM
 parent:null
	at com.google.javascript.jscomp.NodeUtil.evaluatesToLocalValue(NodeUtil.java:2485)
	at com.google.javascript.jscomp.NodeUtil.evaluatesToLocalValue(NodeUtil.java:2416)
	at com.google.javascript.jscomp.NodeUtil_ESTest.test122150(NodeUtil_ESTest.java:1090)
	at sun.reflect.NativeMethodAccessorImpl.invoke0(Native Method)
	at sun.reflect.NativeMethodAccessorImpl.invoke(NativeMethodAccessorImpl.java:62)
	at sun.reflect.DelegatingMethodAccessorImpl.invoke(DelegatingMethodAccessorImpl.java:43)
	at java.lang.reflect.Method.invoke(Method.java:498)
	at org.junit.runners.model.FrameworkMethod$1.runReflectiveCall(FrameworkMethod.java:47)
	at org.junit.internal.runners.model.ReflectiveCallable.run(ReflectiveCallable.java:12)
	at org.junit.runners.model.FrameworkMethod.invokeExplosively(FrameworkMethod.java:44)
	at org.junit.internal.runners.statements.InvokeMethod.evaluate(InvokeMethod.java:17)
	at org.junit.internal.runners.statements.FailOnTimeout$StatementThread.run(FailOnTimeout.java:74)
--- com.google.javascript.jscomp.NodeUtil_ESTest::test374412
org.evosuite.runtime.mock.java.lang.MockError: Unknown precedence for finally (type 121)
	at com.google.javascript.jscomp.NodeUtil.precedence(NodeUtil.java:971)
	at com.google.javascript.jscomp.NodeUtil_ESTest.test374412(NodeUtil_ESTest.java:2580)
	at sun.reflect.NativeMethodAccessorImpl.invoke0(Native Method)
	at sun.reflect.NativeMethodAccessorImpl.invoke(NativeMethodAccessorImpl.java:62)
	at sun.reflect.DelegatingMethodAccessorImpl.invoke(DelegatingMethodAccessorImpl.java:43)
	at java.lang.reflect.Method.invoke(Method.java:498)
	at org.junit.runners.model.FrameworkMethod$1.runReflectiveCall(FrameworkMethod.java:47)
	at org.junit.internal.runners.model.ReflectiveCallable.run(ReflectiveCallable.java:12)
	at org.junit.runners.model.FrameworkMethod.invokeExplosively(FrameworkMethod.java:44)
	at org.junit.internal.runners.statements.InvokeMethod.evaluate(InvokeMethod.java:17)
	at org.junit.internal.runners.statements.FailOnTimeout$StatementThread.run(FailOnTimeout.java:74)
--- com.google.javascript.jscomp.NodeUtil_ESTest::test365403
org.evosuite.runtime.mock.java.lang.MockError: Unknown precedence for default (type 112)
	at com.google.javascript.jscomp.NodeUtil.precedence(NodeUtil.java:971)
	at com.google.javascript.jscomp.NodeUtil_ESTest.test365403(NodeUtil_ESTest.java:2535)
	at sun.reflect.NativeMethodAccessorImpl.invoke0(Native Method)
	at sun.reflect.NativeMethodAccessorImpl.invoke(NativeMethodAccessorImpl.java:62)
	at sun.reflect.DelegatingMethodAccessorImpl.invoke(DelegatingMethodAccessorImpl.java:43)
	at java.lang.reflect.Method.invoke(Method.java:498)
	at org.junit.runners.model.FrameworkMethod$1.runReflectiveCall(FrameworkMethod.java:47)
	at org.junit.internal.runners.model.ReflectiveCallable.run(ReflectiveCallable.java:12)
	at org.junit.runners.model.FrameworkMethod.invokeExplosively(FrameworkMethod.java:44)
	at org.junit.internal.runners.statements.InvokeMethod.evaluate(InvokeMethod.java:17)
	at org.junit.internal.runners.statements.FailOnTimeout$StatementThread.run(FailOnTimeout.java:74)
--- com.google.javascript.jscomp.NodeUtil_ESTest::test583647
java.lang.NullPointerException
	at com.google.javascript.jscomp.NodeUtil.getAddingRoot(NodeUtil.java:1797)
	at com.google.javascript.jscomp.NodeUtil.redeclareVarsInsideBranch(NodeUtil.java:1755)
	at com.google.javascript.jscomp.NodeUtil_ESTest.test583647(NodeUtil_ESTest.java:3929)
	at sun.reflect.NativeMethodAccessorImpl.invoke0(Native Method)
	at sun.reflect.NativeMethodAccessorImpl.invoke(NativeMethodAccessorImpl.java:62)
	at sun.reflect.DelegatingMethodAccessorImpl.invoke(DelegatingMethodAccessorImpl.java:43)
	at java.lang.reflect.Method.invoke(Method.java:498)
	at org.junit.runners.model.FrameworkMethod$1.runReflectiveCall(FrameworkMethod.java:47)
	at org.junit.internal.runners.model.ReflectiveCallable.run(ReflectiveCallable.java:12)
	at org.junit.runners.model.FrameworkMethod.invokeExplosively(FrameworkMethod.java:44)
	at org.junit.internal.runners.statements.InvokeMethod.evaluate(InvokeMethod.java:17)
	at org.junit.internal.runners.statements.FailOnTimeout$StatementThread.run(FailOnTimeout.java:74)
--- com.google.javascript.jscomp.NodeUtil_ESTest::test468524
org.evosuite.runtime.mock.java.lang.MockIllegalArgumentException
	at com.google.common.base.Preconditions.checkArgument(Preconditions.java:72)
	at com.google.javascript.jscomp.NodeUtil.getFnParameters(NodeUtil.java:2306)
	at com.google.javascript.jscomp.NodeUtil_ESTest.test468524(NodeUtil_ESTest.java:3311)
	at sun.reflect.NativeMethodAccessorImpl.invoke0(Native Method)
	at sun.reflect.NativeMethodAccessorImpl.invoke(NativeMethodAccessorImpl.java:62)
	at sun.reflect.DelegatingMethodAccessorImpl.invoke(DelegatingMethodAccessorImpl.java:43)
	at java.lang.reflect.Method.invoke(Method.java:498)
	at org.junit.runners.model.FrameworkMethod$1.runReflectiveCall(FrameworkMethod.java:47)
	at org.junit.internal.runners.model.ReflectiveCallable.run(ReflectiveCallable.java:12)
	at org.junit.runners.model.FrameworkMethod.invokeExplosively(FrameworkMethod.java:44)
	at org.junit.internal.runners.statements.InvokeMethod.evaluate(InvokeMethod.java:17)
	at org.junit.internal.runners.statements.FailOnTimeout$StatementThread.run(FailOnTimeout.java:74)
--- com.google.javascript.jscomp.NodeUtil_ESTest::test165193
java.lang.NullPointerException
	at com.google.javascript.jscomp.NodeUtil.isName(NodeUtil.java:1099)
	at com.google.javascript.jscomp.NodeUtil.checkForStateChangeHelper(NodeUtil.java:620)
	at com.google.javascript.jscomp.NodeUtil.mayHaveSideEffects(NodeUtil.java:521)
	at com.google.javascript.jscomp.NodeUtil.mayHaveSideEffects(NodeUtil.java:517)
	at com.google.javascript.jscomp.NodeUtil_ESTest.test165193(NodeUtil_ESTest.java:1344)
	at sun.reflect.NativeMethodAccessorImpl.invoke0(Native Method)
	at sun.reflect.NativeMethodAccessorImpl.invoke(NativeMethodAccessorImpl.java:62)
	at sun.reflect.DelegatingMethodAccessorImpl.invoke(DelegatingMethodAccessorImpl.java:43)
	at java.lang.reflect.Method.invoke(Method.java:498)
	at org.junit.runners.model.FrameworkMethod$1.runReflectiveCall(FrameworkMethod.java:47)
	at org.junit.internal.runners.model.ReflectiveCallable.run(ReflectiveCallable.java:12)
	at org.junit.runners.model.FrameworkMethod.invokeExplosively(FrameworkMethod.java:44)
	at org.junit.internal.runners.statements.InvokeMethod.evaluate(InvokeMethod.java:17)
	at org.junit.internal.runners.statements.FailOnTimeout$StatementThread.run(FailOnTimeout.java:74)
--- com.google.javascript.jscomp.NodeUtil_ESTest::test523587
org.evosuite.runtime.mock.java.lang.MockError: Unknown op 62: RETURN_RESULT
	at com.google.javascript.jscomp.NodeUtil.opToStrNoFail(NodeUtil.java:1721)
	at com.google.javascript.jscomp.NodeUtil_ESTest.test523587(NodeUtil_ESTest.java:3627)
	at sun.reflect.NativeMethodAccessorImpl.invoke0(Native Method)
	at sun.reflect.NativeMethodAccessorImpl.invoke(NativeMethodAccessorImpl.java:62)
	at sun.reflect.DelegatingMethodAccessorImpl.invoke(DelegatingMethodAccessorImpl.java:43)
	at java.lang.reflect.Method.invoke(Method.java:498)
	at org.junit.runners.model.FrameworkMethod$1.runReflectiveCall(FrameworkMethod.java:47)
	at org.junit.internal.runners.model.ReflectiveCallable.run(ReflectiveCallable.java:12)
	at org.junit.runners.model.FrameworkMethod.invokeExplosively(FrameworkMethod.java:44)
	at org.junit.internal.runners.statements.InvokeMethod.evaluate(InvokeMethod.java:17)
	at org.junit.internal.runners.statements.FailOnTimeout$StatementThread.run(FailOnTimeout.java:74)
--- com.google.javascript.jscomp.NodeUtil_ESTest::test01214
org.evosuite.runtime.mock.java.lang.MockIllegalStateException
	at com.google.common.base.Preconditions.checkState(Preconditions.java:129)
	at com.google.javascript.jscomp.NodeUtil.getArgumentForFunction(NodeUtil.java:2510)
	at com.google.javascript.jscomp.NodeUtil_ESTest.test01214(NodeUtil_ESTest.java:143)
	at sun.reflect.NativeMethodAccessorImpl.invoke0(Native Method)
	at sun.reflect.NativeMethodAccessorImpl.invoke(NativeMethodAccessorImpl.java:62)
	at sun.reflect.DelegatingMethodAccessorImpl.invoke(DelegatingMethodAccessorImpl.java:43)
	at java.lang.reflect.Method.invoke(Method.java:498)
	at org.junit.runners.model.FrameworkMethod$1.runReflectiveCall(FrameworkMethod.java:47)
	at org.junit.internal.runners.model.ReflectiveCallable.run(ReflectiveCallable.java:12)
	at org.junit.runners.model.FrameworkMethod.invokeExplosively(FrameworkMethod.java:44)
	at org.junit.internal.runners.statements.InvokeMethod.evaluate(InvokeMethod.java:17)
	at org.junit.internal.runners.statements.FailOnTimeout$StatementThread.run(FailOnTimeout.java:74)
--- com.google.javascript.jscomp.NodeUtil_ESTest::test327365
org.evosuite.runtime.mock.java.lang.MockError: Unknown precedence for <unknown=74> (type 74)
	at com.google.javascript.jscomp.NodeUtil.precedence(NodeUtil.java:971)
	at com.google.javascript.jscomp.NodeUtil_ESTest.test327365(NodeUtil_ESTest.java:2345)
	at sun.reflect.NativeMethodAccessorImpl.invoke0(Native Method)
	at sun.reflect.NativeMethodAccessorImpl.invoke(NativeMethodAccessorImpl.java:62)
	at sun.reflect.DelegatingMethodAccessorImpl.invoke(DelegatingMethodAccessorImpl.java:43)
	at java.lang.reflect.Method.invoke(Method.java:498)
	at org.junit.runners.model.FrameworkMethod$1.runReflectiveCall(FrameworkMethod.java:47)
	at org.junit.internal.runners.model.ReflectiveCallable.run(ReflectiveCallable.java:12)
	at org.junit.runners.model.FrameworkMethod.invokeExplosively(FrameworkMethod.java:44)
	at org.junit.internal.runners.statements.InvokeMethod.evaluate(InvokeMethod.java:17)
	at org.junit.internal.runners.statements.FailOnTimeout$StatementThread.run(FailOnTimeout.java:74)
--- com.google.javascript.jscomp.NodeUtil_ESTest::test538602
org.evosuite.runtime.mock.java.lang.MockError: Unknown op 79: LB
	at com.google.javascript.jscomp.NodeUtil.opToStrNoFail(NodeUtil.java:1721)
	at com.google.javascript.jscomp.NodeUtil_ESTest.test538602(NodeUtil_ESTest.java:3702)
	at sun.reflect.NativeMethodAccessorImpl.invoke0(Native Method)
	at sun.reflect.NativeMethodAccessorImpl.invoke(NativeMethodAccessorImpl.java:62)
	at sun.reflect.DelegatingMethodAccessorImpl.invoke(DelegatingMethodAccessorImpl.java:43)
	at java.lang.reflect.Method.invoke(Method.java:498)
	at org.junit.runners.model.FrameworkMethod$1.runReflectiveCall(FrameworkMethod.java:47)
	at org.junit.internal.runners.model.ReflectiveCallable.run(ReflectiveCallable.java:12)
	at org.junit.runners.model.FrameworkMethod.invokeExplosively(FrameworkMethod.java:44)
	at org.junit.internal.runners.statements.InvokeMethod.evaluate(InvokeMethod.java:17)
	at org.junit.internal.runners.statements.FailOnTimeout$StatementThread.run(FailOnTimeout.java:74)
--- com.google.javascript.jscomp.NodeUtil_ESTest::test376414
org.evosuite.runtime.mock.java.lang.MockError: Unknown precedence for reserved (type 123)
	at com.google.javascript.jscomp.NodeUtil.precedence(NodeUtil.java:971)
	at com.google.javascript.jscomp.NodeUtil_ESTest.test376414(NodeUtil_ESTest.java:2590)
	at sun.reflect.NativeMethodAccessorImpl.invoke0(Native Method)
	at sun.reflect.NativeMethodAccessorImpl.invoke(NativeMethodAccessorImpl.java:62)
	at sun.reflect.DelegatingMethodAccessorImpl.invoke(DelegatingMethodAccessorImpl.java:43)
	at java.lang.reflect.Method.invoke(Method.java:498)
	at org.junit.runners.model.FrameworkMethod$1.runReflectiveCall(FrameworkMethod.java:47)
	at org.junit.internal.runners.model.ReflectiveCallable.run(ReflectiveCallable.java:12)
	at org.junit.runners.model.FrameworkMethod.invokeExplosively(FrameworkMethod.java:44)
	at org.junit.internal.runners.statements.InvokeMethod.evaluate(InvokeMethod.java:17)
	at org.junit.internal.runners.statements.FailOnTimeout$StatementThread.run(FailOnTimeout.java:74)
--- com.google.javascript.jscomp.NodeUtil_ESTest::test328366
org.evosuite.runtime.mock.java.lang.MockError: Unknown precedence for <unknown=75> (type 75)
	at com.google.javascript.jscomp.NodeUtil.precedence(NodeUtil.java:971)
	at com.google.javascript.jscomp.NodeUtil_ESTest.test328366(NodeUtil_ESTest.java:2350)
	at sun.reflect.NativeMethodAccessorImpl.invoke0(Native Method)
	at sun.reflect.NativeMethodAccessorImpl.invoke(NativeMethodAccessorImpl.java:62)
	at sun.reflect.DelegatingMethodAccessorImpl.invoke(DelegatingMethodAccessorImpl.java:43)
	at java.lang.reflect.Method.invoke(Method.java:498)
	at org.junit.runners.model.FrameworkMethod$1.runReflectiveCall(FrameworkMethod.java:47)
	at org.junit.internal.runners.model.ReflectiveCallable.run(ReflectiveCallable.java:12)
	at org.junit.runners.model.FrameworkMethod.invokeExplosively(FrameworkMethod.java:44)
	at org.junit.internal.runners.statements.InvokeMethod.evaluate(InvokeMethod.java:17)
	at org.junit.internal.runners.statements.FailOnTimeout$StatementThread.run(FailOnTimeout.java:74)
--- com.google.javascript.jscomp.NodeUtil_ESTest::test619700
org.evosuite.runtime.mock.java.lang.MockIllegalStateException
	at com.google.common.base.Preconditions.checkState(Preconditions.java:129)
	at com.google.javascript.jscomp.NodeUtil.isStatement(NodeUtil.java:1331)
	at com.google.javascript.jscomp.NodeUtil.isFunctionExpression(NodeUtil.java:1516)
	at com.google.javascript.jscomp.NodeUtil.getFunctionInfo(NodeUtil.java:2371)
	at com.google.javascript.jscomp.NodeUtil_ESTest.test619700(NodeUtil_ESTest.java:4312)
	at sun.reflect.NativeMethodAccessorImpl.invoke0(Native Method)
	at sun.reflect.NativeMethodAccessorImpl.invoke(NativeMethodAccessorImpl.java:62)
	at sun.reflect.DelegatingMethodAccessorImpl.invoke(DelegatingMethodAccessorImpl.java:43)
	at java.lang.reflect.Method.invoke(Method.java:498)
	at org.junit.runners.model.FrameworkMethod$1.runReflectiveCall(FrameworkMethod.java:47)
	at org.junit.internal.runners.model.ReflectiveCallable.run(ReflectiveCallable.java:12)
	at org.junit.runners.model.FrameworkMethod.invokeExplosively(FrameworkMethod.java:44)
	at org.junit.internal.runners.statements.InvokeMethod.evaluate(InvokeMethod.java:17)
	at org.junit.internal.runners.statements.FailOnTimeout$StatementThread.run(FailOnTimeout.java:74)
--- com.google.javascript.jscomp.NodeUtil_ESTest::test01315
org.evosuite.runtime.mock.java.lang.MockIllegalArgumentException
	at com.google.common.base.Preconditions.checkArgument(Preconditions.java:72)
	at com.google.javascript.jscomp.NodeUtil.isVarArgsFunction(NodeUtil.java:1534)
	at com.google.javascript.jscomp.NodeUtil_ESTest.test01315(NodeUtil_ESTest.java:149)
	at sun.reflect.NativeMethodAccessorImpl.invoke0(Native Method)
	at sun.reflect.NativeMethodAccessorImpl.invoke(NativeMethodAccessorImpl.java:62)
	at sun.reflect.DelegatingMethodAccessorImpl.invoke(DelegatingMethodAccessorImpl.java:43)
	at java.lang.reflect.Method.invoke(Method.java:498)
	at org.junit.runners.model.FrameworkMethod$1.runReflectiveCall(FrameworkMethod.java:47)
	at org.junit.internal.runners.model.ReflectiveCallable.run(ReflectiveCallable.java:12)
	at org.junit.runners.model.FrameworkMethod.invokeExplosively(FrameworkMethod.java:44)
	at org.junit.internal.runners.statements.InvokeMethod.evaluate(InvokeMethod.java:17)
	at org.junit.internal.runners.statements.FailOnTimeout$StatementThread.run(FailOnTimeout.java:74)
--- com.google.javascript.jscomp.NodeUtil_ESTest::test629715
org.evosuite.runtime.mock.java.lang.MockIllegalStateException: Unexpected expression nodeBINDNAME 
 parent:null
	at com.google.javascript.jscomp.NodeUtil.evaluatesToLocalValue(NodeUtil.java:2485)
	at com.google.javascript.jscomp.NodeUtil_ESTest.test629715(NodeUtil_ESTest.java:4419)
	at sun.reflect.NativeMethodAccessorImpl.invoke0(Native Method)
	at sun.reflect.NativeMethodAccessorImpl.invoke(NativeMethodAccessorImpl.java:62)
	at sun.reflect.DelegatingMethodAccessorImpl.invoke(DelegatingMethodAccessorImpl.java:43)
	at java.lang.reflect.Method.invoke(Method.java:498)
	at org.junit.runners.model.FrameworkMethod$1.runReflectiveCall(FrameworkMethod.java:47)
	at org.junit.internal.runners.model.ReflectiveCallable.run(ReflectiveCallable.java:12)
	at org.junit.runners.model.FrameworkMethod.invokeExplosively(FrameworkMethod.java:44)
	at org.junit.internal.runners.statements.InvokeMethod.evaluate(InvokeMethod.java:17)
	at org.junit.internal.runners.statements.FailOnTimeout$StatementThread.run(FailOnTimeout.java:74)
--- com.google.javascript.jscomp.NodeUtil_ESTest::test153181
org.evosuite.runtime.mock.java.lang.MockIllegalStateException: Unexpected expression nodeREF_NAME
 parent:null
	at com.google.javascript.jscomp.NodeUtil.evaluatesToLocalValue(NodeUtil.java:2485)
	at com.google.javascript.jscomp.NodeUtil.evaluatesToLocalValue(NodeUtil.java:2416)
	at com.google.javascript.jscomp.NodeUtil_ESTest.test153181(NodeUtil_ESTest.java:1270)
	at sun.reflect.NativeMethodAccessorImpl.invoke0(Native Method)
	at sun.reflect.NativeMethodAccessorImpl.invoke(NativeMethodAccessorImpl.java:62)
	at sun.reflect.DelegatingMethodAccessorImpl.invoke(DelegatingMethodAccessorImpl.java:43)
	at java.lang.reflect.Method.invoke(Method.java:498)
	at org.junit.runners.model.FrameworkMethod$1.runReflectiveCall(FrameworkMethod.java:47)
	at org.junit.internal.runners.model.ReflectiveCallable.run(ReflectiveCallable.java:12)
	at org.junit.runners.model.FrameworkMethod.invokeExplosively(FrameworkMethod.java:44)
	at org.junit.internal.runners.statements.InvokeMethod.evaluate(InvokeMethod.java:17)
	at org.junit.internal.runners.statements.FailOnTimeout$StatementThread.run(FailOnTimeout.java:74)
--- com.google.javascript.jscomp.NodeUtil_ESTest::test121149
org.evosuite.runtime.mock.java.lang.MockIllegalStateException: Unexpected expression nodeSETPROP
 parent:null
	at com.google.javascript.jscomp.NodeUtil.evaluatesToLocalValue(NodeUtil.java:2485)
	at com.google.javascript.jscomp.NodeUtil_ESTest.test121149(NodeUtil_ESTest.java:1083)
	at sun.reflect.NativeMethodAccessorImpl.invoke0(Native Method)
	at sun.reflect.NativeMethodAccessorImpl.invoke(NativeMethodAccessorImpl.java:62)
	at sun.reflect.DelegatingMethodAccessorImpl.invoke(DelegatingMethodAccessorImpl.java:43)
	at java.lang.reflect.Method.invoke(Method.java:498)
	at org.junit.runners.model.FrameworkMethod$1.runReflectiveCall(FrameworkMethod.java:47)
	at org.junit.internal.runners.model.ReflectiveCallable.run(ReflectiveCallable.java:12)
	at org.junit.runners.model.FrameworkMethod.invokeExplosively(FrameworkMethod.java:44)
	at org.junit.internal.runners.statements.InvokeMethod.evaluate(InvokeMethod.java:17)
	at org.junit.internal.runners.statements.FailOnTimeout$StatementThread.run(FailOnTimeout.java:74)
--- com.google.javascript.jscomp.NodeUtil_ESTest::test0035
org.evosuite.runtime.mock.java.lang.MockIllegalStateException
	at com.google.common.base.Preconditions.checkState(Preconditions.java:129)
	at com.google.javascript.jscomp.NodeUtil.getArgumentForCallOrNew(NodeUtil.java:2520)
	at com.google.javascript.jscomp.NodeUtil_ESTest.test0035(NodeUtil_ESTest.java:89)
	at sun.reflect.NativeMethodAccessorImpl.invoke0(Native Method)
	at sun.reflect.NativeMethodAccessorImpl.invoke(NativeMethodAccessorImpl.java:62)
	at sun.reflect.DelegatingMethodAccessorImpl.invoke(DelegatingMethodAccessorImpl.java:43)
	at java.lang.reflect.Method.invoke(Method.java:498)
	at org.junit.runners.model.FrameworkMethod$1.runReflectiveCall(FrameworkMethod.java:47)
	at org.junit.internal.runners.model.ReflectiveCallable.run(ReflectiveCallable.java:12)
	at org.junit.runners.model.FrameworkMethod.invokeExplosively(FrameworkMethod.java:44)
	at org.junit.internal.runners.statements.InvokeMethod.evaluate(InvokeMethod.java:17)
	at org.junit.internal.runners.statements.FailOnTimeout$StatementThread.run(FailOnTimeout.java:74)
--- com.google.javascript.jscomp.NodeUtil_ESTest::test641727
org.evosuite.runtime.mock.java.lang.MockIllegalStateException: Unexpected expression nodeESCXMLATTR 118
 parent:null
	at com.google.javascript.jscomp.NodeUtil.evaluatesToLocalValue(NodeUtil.java:2485)
	at com.google.javascript.jscomp.NodeUtil.evaluatesToLocalValue(NodeUtil.java:2416)
	at com.google.javascript.jscomp.NodeUtil_ESTest.test641727(NodeUtil_ESTest.java:4493)
	at sun.reflect.NativeMethodAccessorImpl.invoke0(Native Method)
	at sun.reflect.NativeMethodAccessorImpl.invoke(NativeMethodAccessorImpl.java:62)
	at sun.reflect.DelegatingMethodAccessorImpl.invoke(DelegatingMethodAccessorImpl.java:43)
	at java.lang.reflect.Method.invoke(Method.java:498)
	at org.junit.runners.model.FrameworkMethod$1.runReflectiveCall(FrameworkMethod.java:47)
	at org.junit.internal.runners.model.ReflectiveCallable.run(ReflectiveCallable.java:12)
	at org.junit.runners.model.FrameworkMethod.invokeExplosively(FrameworkMethod.java:44)
	at org.junit.internal.runners.statements.InvokeMethod.evaluate(InvokeMethod.java:17)
	at org.junit.internal.runners.statements.FailOnTimeout$StatementThread.run(FailOnTimeout.java:74)
--- com.google.javascript.jscomp.NodeUtil_ESTest::test164192
java.lang.NullPointerException
	at com.google.javascript.jscomp.NodeUtil.isName(NodeUtil.java:1099)
	at com.google.javascript.jscomp.NodeUtil.checkForStateChangeHelper(NodeUtil.java:620)
	at com.google.javascript.jscomp.NodeUtil.mayHaveSideEffects(NodeUtil.java:521)
	at com.google.javascript.jscomp.NodeUtil.mayHaveSideEffects(NodeUtil.java:517)
	at com.google.javascript.jscomp.NodeUtil_ESTest.test164192(NodeUtil_ESTest.java:1338)
	at sun.reflect.NativeMethodAccessorImpl.invoke0(Native Method)
	at sun.reflect.NativeMethodAccessorImpl.invoke(NativeMethodAccessorImpl.java:62)
	at sun.reflect.DelegatingMethodAccessorImpl.invoke(DelegatingMethodAccessorImpl.java:43)
	at java.lang.reflect.Method.invoke(Method.java:498)
	at org.junit.runners.model.FrameworkMethod$1.runReflectiveCall(FrameworkMethod.java:47)
	at org.junit.internal.runners.model.ReflectiveCallable.run(ReflectiveCallable.java:12)
	at org.junit.runners.model.FrameworkMethod.invokeExplosively(FrameworkMethod.java:44)
	at org.junit.internal.runners.statements.InvokeMethod.evaluate(InvokeMethod.java:17)
	at org.junit.internal.runners.statements.FailOnTimeout$StatementThread.run(FailOnTimeout.java:74)
--- com.google.javascript.jscomp.NodeUtil_ESTest::test441493
org.evosuite.runtime.mock.java.lang.MockIllegalArgumentException: REF_NS_MEMBER does not have a condition.
	at com.google.javascript.jscomp.NodeUtil.getConditionExpression(NodeUtil.java:1313)
	at com.google.javascript.jscomp.NodeUtil_ESTest.test441493(NodeUtil_ESTest.java:3102)
	at sun.reflect.NativeMethodAccessorImpl.invoke0(Native Method)
	at sun.reflect.NativeMethodAccessorImpl.invoke(NativeMethodAccessorImpl.java:62)
	at sun.reflect.DelegatingMethodAccessorImpl.invoke(DelegatingMethodAccessorImpl.java:43)
	at java.lang.reflect.Method.invoke(Method.java:498)
	at org.junit.runners.model.FrameworkMethod$1.runReflectiveCall(FrameworkMethod.java:47)
	at org.junit.internal.runners.model.ReflectiveCallable.run(ReflectiveCallable.java:12)
	at org.junit.runners.model.FrameworkMethod.invokeExplosively(FrameworkMethod.java:44)
	at org.junit.internal.runners.statements.InvokeMethod.evaluate(InvokeMethod.java:17)
	at org.junit.internal.runners.statements.FailOnTimeout$StatementThread.run(FailOnTimeout.java:74)
--- com.google.javascript.jscomp.NodeUtil_ESTest::test262300
org.evosuite.runtime.mock.java.lang.MockError: Unknown precedence for ifne (type 7)
	at com.google.javascript.jscomp.NodeUtil.precedence(NodeUtil.java:971)
	at com.google.javascript.jscomp.NodeUtil_ESTest.test262300(NodeUtil_ESTest.java:2020)
	at sun.reflect.NativeMethodAccessorImpl.invoke0(Native Method)
	at sun.reflect.NativeMethodAccessorImpl.invoke(NativeMethodAccessorImpl.java:62)
	at sun.reflect.DelegatingMethodAccessorImpl.invoke(DelegatingMethodAccessorImpl.java:43)
	at java.lang.reflect.Method.invoke(Method.java:498)
	at org.junit.runners.model.FrameworkMethod$1.runReflectiveCall(FrameworkMethod.java:47)
	at org.junit.internal.runners.model.ReflectiveCallable.run(ReflectiveCallable.java:12)
	at org.junit.runners.model.FrameworkMethod.invokeExplosively(FrameworkMethod.java:44)
	at org.junit.internal.runners.statements.InvokeMethod.evaluate(InvokeMethod.java:17)
	at org.junit.internal.runners.statements.FailOnTimeout$StatementThread.run(FailOnTimeout.java:74)
--- com.google.javascript.jscomp.NodeUtil_ESTest::test458514
java.lang.NullPointerException
	at com.google.javascript.rhino.Node.getChildBefore(Node.java:564)
	at com.google.javascript.rhino.Node.removeChild(Node.java:681)
	at com.google.javascript.jscomp.NodeUtil.tryMergeBlock(NodeUtil.java:1421)
	at com.google.javascript.jscomp.NodeUtil_ESTest.test458514(NodeUtil_ESTest.java:3249)
	at sun.reflect.NativeMethodAccessorImpl.invoke0(Native Method)
	at sun.reflect.NativeMethodAccessorImpl.invoke(NativeMethodAccessorImpl.java:62)
	at sun.reflect.DelegatingMethodAccessorImpl.invoke(DelegatingMethodAccessorImpl.java:43)
	at java.lang.reflect.Method.invoke(Method.java:498)
	at org.junit.runners.model.FrameworkMethod$1.runReflectiveCall(FrameworkMethod.java:47)
	at org.junit.internal.runners.model.ReflectiveCallable.run(ReflectiveCallable.java:12)
	at org.junit.runners.model.FrameworkMethod.invokeExplosively(FrameworkMethod.java:44)
	at org.junit.internal.runners.statements.InvokeMethod.evaluate(InvokeMethod.java:17)
	at org.junit.internal.runners.statements.FailOnTimeout$StatementThread.run(FailOnTimeout.java:74)
--- com.google.javascript.jscomp.NodeUtil_ESTest::test492556
org.evosuite.runtime.mock.java.lang.MockError: Unknown op 31: DELPROP
	at com.google.javascript.jscomp.NodeUtil.opToStrNoFail(NodeUtil.java:1721)
	at com.google.javascript.jscomp.NodeUtil_ESTest.test492556(NodeUtil_ESTest.java:3472)
	at sun.reflect.NativeMethodAccessorImpl.invoke0(Native Method)
	at sun.reflect.NativeMethodAccessorImpl.invoke(NativeMethodAccessorImpl.java:62)
	at sun.reflect.DelegatingMethodAccessorImpl.invoke(DelegatingMethodAccessorImpl.java:43)
	at java.lang.reflect.Method.invoke(Method.java:498)
	at org.junit.runners.model.FrameworkMethod$1.runReflectiveCall(FrameworkMethod.java:47)
	at org.junit.internal.runners.model.ReflectiveCallable.run(ReflectiveCallable.java:12)
	at org.junit.runners.model.FrameworkMethod.invokeExplosively(FrameworkMethod.java:44)
	at org.junit.internal.runners.statements.InvokeMethod.evaluate(InvokeMethod.java:17)
	at org.junit.internal.runners.statements.FailOnTimeout$StatementThread.run(FailOnTimeout.java:74)
--- com.google.javascript.jscomp.NodeUtil_ESTest::test245273
org.evosuite.runtime.mock.java.lang.MockIllegalStateException
	at com.google.common.base.Preconditions.checkState(Preconditions.java:129)
	at com.google.javascript.jscomp.NodeUtil.callHasLocalResult(NodeUtil.java:796)
	at com.google.javascript.jscomp.NodeUtil_ESTest.test245273(NodeUtil_ESTest.java:1827)
	at sun.reflect.NativeMethodAccessorImpl.invoke0(Native Method)
	at sun.reflect.NativeMethodAccessorImpl.invoke(NativeMethodAccessorImpl.java:62)
	at sun.reflect.DelegatingMethodAccessorImpl.invoke(DelegatingMethodAccessorImpl.java:43)
	at java.lang.reflect.Method.invoke(Method.java:498)
	at org.junit.runners.model.FrameworkMethod$1.runReflectiveCall(FrameworkMethod.java:47)
	at org.junit.internal.runners.model.ReflectiveCallable.run(ReflectiveCallable.java:12)
	at org.junit.runners.model.FrameworkMethod.invokeExplosively(FrameworkMethod.java:44)
	at org.junit.internal.runners.statements.InvokeMethod.evaluate(InvokeMethod.java:17)
	at org.junit.internal.runners.statements.FailOnTimeout$StatementThread.run(FailOnTimeout.java:74)
--- com.google.javascript.jscomp.NodeUtil_ESTest::test565629
org.evosuite.runtime.mock.java.lang.MockError: Unknown op 106: EXPORT
	at com.google.javascript.jscomp.NodeUtil.opToStrNoFail(NodeUtil.java:1721)
	at com.google.javascript.jscomp.NodeUtil_ESTest.test565629(NodeUtil_ESTest.java:3837)
	at sun.reflect.NativeMethodAccessorImpl.invoke0(Native Method)
	at sun.reflect.NativeMethodAccessorImpl.invoke(NativeMethodAccessorImpl.java:62)
	at sun.reflect.DelegatingMethodAccessorImpl.invoke(DelegatingMethodAccessorImpl.java:43)
	at java.lang.reflect.Method.invoke(Method.java:498)
	at org.junit.runners.model.FrameworkMethod$1.runReflectiveCall(FrameworkMethod.java:47)
	at org.junit.internal.runners.model.ReflectiveCallable.run(ReflectiveCallable.java:12)
	at org.junit.runners.model.FrameworkMethod.invokeExplosively(FrameworkMethod.java:44)
	at org.junit.internal.runners.statements.InvokeMethod.evaluate(InvokeMethod.java:17)
	at org.junit.internal.runners.statements.FailOnTimeout$StatementThread.run(FailOnTimeout.java:74)
--- com.google.javascript.jscomp.NodeUtil_ESTest::test518582
org.evosuite.runtime.mock.java.lang.MockError: Unknown op 57: ENUM_INIT_KEYS
	at com.google.javascript.jscomp.NodeUtil.opToStrNoFail(NodeUtil.java:1721)
	at com.google.javascript.jscomp.NodeUtil_ESTest.test518582(NodeUtil_ESTest.java:3602)
	at sun.reflect.NativeMethodAccessorImpl.invoke0(Native Method)
	at sun.reflect.NativeMethodAccessorImpl.invoke(NativeMethodAccessorImpl.java:62)
	at sun.reflect.DelegatingMethodAccessorImpl.invoke(DelegatingMethodAccessorImpl.java:43)
	at java.lang.reflect.Method.invoke(Method.java:498)
	at org.junit.runners.model.FrameworkMethod$1.runReflectiveCall(FrameworkMethod.java:47)
	at org.junit.internal.runners.model.ReflectiveCallable.run(ReflectiveCallable.java:12)
	at org.junit.runners.model.FrameworkMethod.invokeExplosively(FrameworkMethod.java:44)
	at org.junit.internal.runners.statements.InvokeMethod.evaluate(InvokeMethod.java:17)
	at org.junit.internal.runners.statements.FailOnTimeout$StatementThread.run(FailOnTimeout.java:74)
--- com.google.javascript.jscomp.NodeUtil_ESTest::test02224
java.lang.NullPointerException
	at com.google.javascript.jscomp.NodeUtil.getExpressionBooleanValue(NodeUtil.java:71)
	at com.google.javascript.jscomp.NodeUtil.getExpressionBooleanValue(NodeUtil.java:85)
	at com.google.javascript.jscomp.NodeUtil_ESTest.test02224(NodeUtil_ESTest.java:206)
	at sun.reflect.NativeMethodAccessorImpl.invoke0(Native Method)
	at sun.reflect.NativeMethodAccessorImpl.invoke(NativeMethodAccessorImpl.java:62)
	at sun.reflect.DelegatingMethodAccessorImpl.invoke(DelegatingMethodAccessorImpl.java:43)
	at java.lang.reflect.Method.invoke(Method.java:498)
	at org.junit.runners.model.FrameworkMethod$1.runReflectiveCall(FrameworkMethod.java:47)
	at org.junit.internal.runners.model.ReflectiveCallable.run(ReflectiveCallable.java:12)
	at org.junit.runners.model.FrameworkMethod.invokeExplosively(FrameworkMethod.java:44)
	at org.junit.internal.runners.statements.InvokeMethod.evaluate(InvokeMethod.java:17)
	at org.junit.internal.runners.statements.FailOnTimeout$StatementThread.run(FailOnTimeout.java:74)
--- com.google.javascript.jscomp.NodeUtil_ESTest::test527591
org.evosuite.runtime.mock.java.lang.MockError: Unknown op 66: SET_REF
	at com.google.javascript.jscomp.NodeUtil.opToStrNoFail(NodeUtil.java:1721)
	at com.google.javascript.jscomp.NodeUtil_ESTest.test527591(NodeUtil_ESTest.java:3647)
	at sun.reflect.NativeMethodAccessorImpl.invoke0(Native Method)
	at sun.reflect.NativeMethodAccessorImpl.invoke(NativeMethodAccessorImpl.java:62)
	at sun.reflect.DelegatingMethodAccessorImpl.invoke(DelegatingMethodAccessorImpl.java:43)
	at java.lang.reflect.Method.invoke(Method.java:498)
	at org.junit.runners.model.FrameworkMethod$1.runReflectiveCall(FrameworkMethod.java:47)
	at org.junit.internal.runners.model.ReflectiveCallable.run(ReflectiveCallable.java:12)
	at org.junit.runners.model.FrameworkMethod.invokeExplosively(FrameworkMethod.java:44)
	at org.junit.internal.runners.statements.InvokeMethod.evaluate(InvokeMethod.java:17)
	at org.junit.internal.runners.statements.FailOnTimeout$StatementThread.run(FailOnTimeout.java:74)
--- com.google.javascript.jscomp.NodeUtil_ESTest::test637723
org.evosuite.runtime.mock.java.lang.MockIllegalStateException: Unexpected expression nodeSET_REF 66
 parent:null
	at com.google.javascript.jscomp.NodeUtil.evaluatesToLocalValue(NodeUtil.java:2485)
	at com.google.javascript.jscomp.NodeUtil.evaluatesToLocalValue(NodeUtil.java:2416)
	at com.google.javascript.jscomp.NodeUtil_ESTest.test637723(NodeUtil_ESTest.java:4469)
	at sun.reflect.NativeMethodAccessorImpl.invoke0(Native Method)
	at sun.reflect.NativeMethodAccessorImpl.invoke(NativeMethodAccessorImpl.java:62)
	at sun.reflect.DelegatingMethodAccessorImpl.invoke(DelegatingMethodAccessorImpl.java:43)
	at java.lang.reflect.Method.invoke(Method.java:498)
	at org.junit.runners.model.FrameworkMethod$1.runReflectiveCall(FrameworkMethod.java:47)
	at org.junit.internal.runners.model.ReflectiveCallable.run(ReflectiveCallable.java:12)
	at org.junit.runners.model.FrameworkMethod.invokeExplosively(FrameworkMethod.java:44)
	at org.junit.internal.runners.statements.InvokeMethod.evaluate(InvokeMethod.java:17)
	at org.junit.internal.runners.statements.FailOnTimeout$StatementThread.run(FailOnTimeout.java:74)
--- com.google.javascript.jscomp.NodeUtil_ESTest::test152180
org.evosuite.runtime.mock.java.lang.MockIllegalStateException: Unexpected expression nodeREF_NS_MEMBER 74
 parent:null
	at com.google.javascript.jscomp.NodeUtil.evaluatesToLocalValue(NodeUtil.java:2485)
	at com.google.javascript.jscomp.NodeUtil.evaluatesToLocalValue(NodeUtil.java:2416)
	at com.google.javascript.jscomp.NodeUtil_ESTest.test152180(NodeUtil_ESTest.java:1264)
	at sun.reflect.NativeMethodAccessorImpl.invoke0(Native Method)
	at sun.reflect.NativeMethodAccessorImpl.invoke(NativeMethodAccessorImpl.java:62)
	at sun.reflect.DelegatingMethodAccessorImpl.invoke(DelegatingMethodAccessorImpl.java:43)
	at java.lang.reflect.Method.invoke(Method.java:498)
	at org.junit.runners.model.FrameworkMethod$1.runReflectiveCall(FrameworkMethod.java:47)
	at org.junit.internal.runners.model.ReflectiveCallable.run(ReflectiveCallable.java:12)
	at org.junit.runners.model.FrameworkMethod.invokeExplosively(FrameworkMethod.java:44)
	at org.junit.internal.runners.statements.InvokeMethod.evaluate(InvokeMethod.java:17)
	at org.junit.internal.runners.statements.FailOnTimeout$StatementThread.run(FailOnTimeout.java:74)
--- com.google.javascript.jscomp.NodeUtil_ESTest::test412464
org.evosuite.runtime.mock.java.lang.MockIllegalArgumentException: malformed 'for' statement FOR
	at com.google.javascript.jscomp.NodeUtil.getConditionExpression(NodeUtil.java:1309)
	at com.google.javascript.jscomp.PeepholeSubstituteAlternateSyntax.optimizeSubtree(PeepholeSubstituteAlternateSyntax.java:86)
	at com.google.javascript.jscomp.NodeUtil_ESTest.test412464(NodeUtil_ESTest.java:2925)
	at sun.reflect.NativeMethodAccessorImpl.invoke0(Native Method)
	at sun.reflect.NativeMethodAccessorImpl.invoke(NativeMethodAccessorImpl.java:62)
	at sun.reflect.DelegatingMethodAccessorImpl.invoke(DelegatingMethodAccessorImpl.java:43)
	at java.lang.reflect.Method.invoke(Method.java:498)
	at org.junit.runners.model.FrameworkMethod$1.runReflectiveCall(FrameworkMethod.java:47)
	at org.junit.internal.runners.model.ReflectiveCallable.run(ReflectiveCallable.java:12)
	at org.junit.runners.model.FrameworkMethod.invokeExplosively(FrameworkMethod.java:44)
	at org.junit.internal.runners.statements.InvokeMethod.evaluate(InvokeMethod.java:17)
	at org.junit.internal.runners.statements.FailOnTimeout$StatementThread.run(FailOnTimeout.java:74)
--- com.google.javascript.jscomp.NodeUtil_ESTest::test141169
org.evosuite.runtime.mock.java.lang.MockIllegalStateException: Unexpected expression nodeRETURN_RESULT 62
 parent:null
	at com.google.javascript.jscomp.NodeUtil.evaluatesToLocalValue(NodeUtil.java:2485)
	at com.google.javascript.jscomp.NodeUtil.evaluatesToLocalValue(NodeUtil.java:2416)
	at com.google.javascript.jscomp.NodeUtil_ESTest.test141169(NodeUtil_ESTest.java:1199)
	at sun.reflect.NativeMethodAccessorImpl.invoke0(Native Method)
	at sun.reflect.NativeMethodAccessorImpl.invoke(NativeMethodAccessorImpl.java:62)
	at sun.reflect.DelegatingMethodAccessorImpl.invoke(DelegatingMethodAccessorImpl.java:43)
	at java.lang.reflect.Method.invoke(Method.java:498)
	at org.junit.runners.model.FrameworkMethod$1.runReflectiveCall(FrameworkMethod.java:47)
	at org.junit.internal.runners.model.ReflectiveCallable.run(ReflectiveCallable.java:12)
	at org.junit.runners.model.FrameworkMethod.invokeExplosively(FrameworkMethod.java:44)
	at org.junit.internal.runners.statements.InvokeMethod.evaluate(InvokeMethod.java:17)
	at org.junit.internal.runners.statements.FailOnTimeout$StatementThread.run(FailOnTimeout.java:74)
--- com.google.javascript.jscomp.NodeUtil_ESTest::test307345
org.evosuite.runtime.mock.java.lang.MockError: Unknown precedence for <unknown=53> (type 53)
	at com.google.javascript.jscomp.NodeUtil.precedence(NodeUtil.java:971)
	at com.google.javascript.jscomp.NodeUtil_ESTest.test307345(NodeUtil_ESTest.java:2245)
	at sun.reflect.NativeMethodAccessorImpl.invoke0(Native Method)
	at sun.reflect.NativeMethodAccessorImpl.invoke(NativeMethodAccessorImpl.java:62)
	at sun.reflect.DelegatingMethodAccessorImpl.invoke(DelegatingMethodAccessorImpl.java:43)
	at java.lang.reflect.Method.invoke(Method.java:498)
	at org.junit.runners.model.FrameworkMethod$1.runReflectiveCall(FrameworkMethod.java:47)
	at org.junit.internal.runners.model.ReflectiveCallable.run(ReflectiveCallable.java:12)
	at org.junit.runners.model.FrameworkMethod.invokeExplosively(FrameworkMethod.java:44)
	at org.junit.internal.runners.statements.InvokeMethod.evaluate(InvokeMethod.java:17)
	at org.junit.internal.runners.statements.FailOnTimeout$StatementThread.run(FailOnTimeout.java:74)
--- com.google.javascript.jscomp.NodeUtil_ESTest::test199227
java.lang.NullPointerException
	at com.google.javascript.jscomp.NodeUtil.functionCallHasSideEffects(NodeUtil.java:748)
	at com.google.javascript.jscomp.NodeUtil.checkForStateChangeHelper(NodeUtil.java:606)
	at com.google.javascript.jscomp.NodeUtil.mayHaveSideEffects(NodeUtil.java:521)
	at com.google.javascript.jscomp.NodeUtil.mayHaveSideEffects(NodeUtil.java:517)
	at com.google.javascript.jscomp.NodeUtil_ESTest.test199227(NodeUtil_ESTest.java:1546)
	at sun.reflect.NativeMethodAccessorImpl.invoke0(Native Method)
	at sun.reflect.NativeMethodAccessorImpl.invoke(NativeMethodAccessorImpl.java:62)
	at sun.reflect.DelegatingMethodAccessorImpl.invoke(DelegatingMethodAccessorImpl.java:43)
	at java.lang.reflect.Method.invoke(Method.java:498)
	at org.junit.runners.model.FrameworkMethod$1.runReflectiveCall(FrameworkMethod.java:47)
	at org.junit.internal.runners.model.ReflectiveCallable.run(ReflectiveCallable.java:12)
	at org.junit.runners.model.FrameworkMethod.invokeExplosively(FrameworkMethod.java:44)
	at org.junit.internal.runners.statements.InvokeMethod.evaluate(InvokeMethod.java:17)
	at org.junit.internal.runners.statements.FailOnTimeout$StatementThread.run(FailOnTimeout.java:74)
--- com.google.javascript.jscomp.NodeUtil_ESTest::test636722
org.evosuite.runtime.mock.java.lang.MockIllegalStateException: Unexpected expression nodeGET_REF
 parent:null
	at com.google.javascript.jscomp.NodeUtil.evaluatesToLocalValue(NodeUtil.java:2485)
	at com.google.javascript.jscomp.NodeUtil_ESTest.test636722(NodeUtil_ESTest.java:4463)
	at sun.reflect.NativeMethodAccessorImpl.invoke0(Native Method)
	at sun.reflect.NativeMethodAccessorImpl.invoke(NativeMethodAccessorImpl.java:62)
	at sun.reflect.DelegatingMethodAccessorImpl.invoke(DelegatingMethodAccessorImpl.java:43)
	at java.lang.reflect.Method.invoke(Method.java:498)
	at org.junit.runners.model.FrameworkMethod$1.runReflectiveCall(FrameworkMethod.java:47)
	at org.junit.internal.runners.model.ReflectiveCallable.run(ReflectiveCallable.java:12)
	at org.junit.runners.model.FrameworkMethod.invokeExplosively(FrameworkMethod.java:44)
	at org.junit.internal.runners.statements.InvokeMethod.evaluate(InvokeMethod.java:17)
	at org.junit.internal.runners.statements.FailOnTimeout$StatementThread.run(FailOnTimeout.java:74)
--- com.google.javascript.jscomp.NodeUtil_ESTest::test330368
org.evosuite.runtime.mock.java.lang.MockError: Unknown precedence for try (type 77)
	at com.google.javascript.jscomp.NodeUtil.precedence(NodeUtil.java:971)
	at com.google.javascript.jscomp.NodeUtil_ESTest.test330368(NodeUtil_ESTest.java:2360)
	at sun.reflect.NativeMethodAccessorImpl.invoke0(Native Method)
	at sun.reflect.NativeMethodAccessorImpl.invoke(NativeMethodAccessorImpl.java:62)
	at sun.reflect.DelegatingMethodAccessorImpl.invoke(DelegatingMethodAccessorImpl.java:43)
	at java.lang.reflect.Method.invoke(Method.java:498)
	at org.junit.runners.model.FrameworkMethod$1.runReflectiveCall(FrameworkMethod.java:47)
	at org.junit.internal.runners.model.ReflectiveCallable.run(ReflectiveCallable.java:12)
	at org.junit.runners.model.FrameworkMethod.invokeExplosively(FrameworkMethod.java:44)
	at org.junit.internal.runners.statements.InvokeMethod.evaluate(InvokeMethod.java:17)
	at org.junit.internal.runners.statements.FailOnTimeout$StatementThread.run(FailOnTimeout.java:74)
--- com.google.javascript.jscomp.NodeUtil_ESTest::test02325
java.lang.NullPointerException
	at com.google.javascript.jscomp.NodeUtil.getExpressionBooleanValue(NodeUtil.java:71)
	at com.google.javascript.jscomp.NodeUtil.getExpressionBooleanValue(NodeUtil.java:80)
	at com.google.javascript.jscomp.NodeUtil_ESTest.test02325(NodeUtil_ESTest.java:212)
	at sun.reflect.NativeMethodAccessorImpl.invoke0(Native Method)
	at sun.reflect.NativeMethodAccessorImpl.invoke(NativeMethodAccessorImpl.java:62)
	at sun.reflect.DelegatingMethodAccessorImpl.invoke(DelegatingMethodAccessorImpl.java:43)
	at java.lang.reflect.Method.invoke(Method.java:498)
	at org.junit.runners.model.FrameworkMethod$1.runReflectiveCall(FrameworkMethod.java:47)
	at org.junit.internal.runners.model.ReflectiveCallable.run(ReflectiveCallable.java:12)
	at org.junit.runners.model.FrameworkMethod.invokeExplosively(FrameworkMethod.java:44)
	at org.junit.internal.runners.statements.InvokeMethod.evaluate(InvokeMethod.java:17)
	at org.junit.internal.runners.statements.FailOnTimeout$StatementThread.run(FailOnTimeout.java:74)
--- com.google.javascript.jscomp.NodeUtil_ESTest::test01113
java.lang.NullPointerException
	at com.google.javascript.rhino.Node.copyInformationFrom(Node.java:1889)
	at com.google.javascript.rhino.Node.copyInformationFromForTree(Node.java:1906)
	at com.google.javascript.jscomp.NodeUtil.setDebugInformation(NodeUtil.java:1897)
	at com.google.javascript.jscomp.NodeUtil.newQualifiedNameNode(NodeUtil.java:1869)
	at com.google.javascript.jscomp.NodeUtil_ESTest.test01113(NodeUtil_ESTest.java:137)
	at sun.reflect.NativeMethodAccessorImpl.invoke0(Native Method)
	at sun.reflect.NativeMethodAccessorImpl.invoke(NativeMethodAccessorImpl.java:62)
	at sun.reflect.DelegatingMethodAccessorImpl.invoke(DelegatingMethodAccessorImpl.java:43)
	at java.lang.reflect.Method.invoke(Method.java:498)
	at org.junit.runners.model.FrameworkMethod$1.runReflectiveCall(FrameworkMethod.java:47)
	at org.junit.internal.runners.model.ReflectiveCallable.run(ReflectiveCallable.java:12)
	at org.junit.runners.model.FrameworkMethod.invokeExplosively(FrameworkMethod.java:44)
	at org.junit.internal.runners.statements.InvokeMethod.evaluate(InvokeMethod.java:17)
	at org.junit.internal.runners.statements.FailOnTimeout$StatementThread.run(FailOnTimeout.java:74)
--- com.google.javascript.jscomp.NodeUtil_ESTest::test366404
org.evosuite.runtime.mock.java.lang.MockError: Unknown precedence for while (type 113)
	at com.google.javascript.jscomp.NodeUtil.precedence(NodeUtil.java:971)
	at com.google.javascript.jscomp.NodeUtil_ESTest.test366404(NodeUtil_ESTest.java:2540)
	at sun.reflect.NativeMethodAccessorImpl.invoke0(Native Method)
	at sun.reflect.NativeMethodAccessorImpl.invoke(NativeMethodAccessorImpl.java:62)
	at sun.reflect.DelegatingMethodAccessorImpl.invoke(DelegatingMethodAccessorImpl.java:43)
	at java.lang.reflect.Method.invoke(Method.java:498)
	at org.junit.runners.model.FrameworkMethod$1.runReflectiveCall(FrameworkMethod.java:47)
	at org.junit.internal.runners.model.ReflectiveCallable.run(ReflectiveCallable.java:12)
	at org.junit.runners.model.FrameworkMethod.invokeExplosively(FrameworkMethod.java:44)
	at org.junit.internal.runners.statements.InvokeMethod.evaluate(InvokeMethod.java:17)
	at org.junit.internal.runners.statements.FailOnTimeout$StatementThread.run(FailOnTimeout.java:74)
--- com.google.javascript.jscomp.NodeUtil_ESTest::test329367
org.evosuite.runtime.mock.java.lang.MockError: Unknown precedence for <unknown=76> (type 76)
	at com.google.javascript.jscomp.NodeUtil.precedence(NodeUtil.java:971)
	at com.google.javascript.jscomp.NodeUtil_ESTest.test329367(NodeUtil_ESTest.java:2355)
	at sun.reflect.NativeMethodAccessorImpl.invoke0(Native Method)
	at sun.reflect.NativeMethodAccessorImpl.invoke(NativeMethodAccessorImpl.java:62)
	at sun.reflect.DelegatingMethodAccessorImpl.invoke(DelegatingMethodAccessorImpl.java:43)
	at java.lang.reflect.Method.invoke(Method.java:498)
	at org.junit.runners.model.FrameworkMethod$1.runReflectiveCall(FrameworkMethod.java:47)
	at org.junit.internal.runners.model.ReflectiveCallable.run(ReflectiveCallable.java:12)
	at org.junit.runners.model.FrameworkMethod.invokeExplosively(FrameworkMethod.java:44)
	at org.junit.internal.runners.statements.InvokeMethod.evaluate(InvokeMethod.java:17)
	at org.junit.internal.runners.statements.FailOnTimeout$StatementThread.run(FailOnTimeout.java:74)
--- com.google.javascript.jscomp.NodeUtil_ESTest::test246274
java.lang.NullPointerException
	at com.google.javascript.jscomp.NodeUtil.isGet(NodeUtil.java:1084)
	at com.google.javascript.jscomp.NodeUtil.isToStringMethodCall(NodeUtil.java:2527)
	at com.google.javascript.jscomp.NodeUtil.evaluatesToLocalValue(NodeUtil.java:2458)
	at com.google.javascript.jscomp.NodeUtil.evaluatesToLocalValue(NodeUtil.java:2416)
	at com.google.javascript.jscomp.NodeUtil_ESTest.test246274(NodeUtil_ESTest.java:1833)
	at sun.reflect.NativeMethodAccessorImpl.invoke0(Native Method)
	at sun.reflect.NativeMethodAccessorImpl.invoke(NativeMethodAccessorImpl.java:62)
	at sun.reflect.DelegatingMethodAccessorImpl.invoke(DelegatingMethodAccessorImpl.java:43)
	at java.lang.reflect.Method.invoke(Method.java:498)
	at org.junit.runners.model.FrameworkMethod$1.runReflectiveCall(FrameworkMethod.java:47)
	at org.junit.internal.runners.model.ReflectiveCallable.run(ReflectiveCallable.java:12)
	at org.junit.runners.model.FrameworkMethod.invokeExplosively(FrameworkMethod.java:44)
	at org.junit.internal.runners.statements.InvokeMethod.evaluate(InvokeMethod.java:17)
	at org.junit.internal.runners.statements.FailOnTimeout$StatementThread.run(FailOnTimeout.java:74)
--- com.google.javascript.jscomp.NodeUtil_ESTest::test517581
org.evosuite.runtime.mock.java.lang.MockError: Unknown op 56: CATCH_SCOPE
	at com.google.javascript.jscomp.NodeUtil.opToStrNoFail(NodeUtil.java:1721)
	at com.google.javascript.jscomp.NodeUtil_ESTest.test517581(NodeUtil_ESTest.java:3597)
	at sun.reflect.NativeMethodAccessorImpl.invoke0(Native Method)
	at sun.reflect.NativeMethodAccessorImpl.invoke(NativeMethodAccessorImpl.java:62)
	at sun.reflect.DelegatingMethodAccessorImpl.invoke(DelegatingMethodAccessorImpl.java:43)
	at java.lang.reflect.Method.invoke(Method.java:498)
	at org.junit.runners.model.FrameworkMethod$1.runReflectiveCall(FrameworkMethod.java:47)
	at org.junit.internal.runners.model.ReflectiveCallable.run(ReflectiveCallable.java:12)
	at org.junit.runners.model.FrameworkMethod.invokeExplosively(FrameworkMethod.java:44)
	at org.junit.internal.runners.statements.InvokeMethod.evaluate(InvokeMethod.java:17)
	at org.junit.internal.runners.statements.FailOnTimeout$StatementThread.run(FailOnTimeout.java:74)
--- com.google.javascript.jscomp.NodeUtil_ESTest::test658744
java.lang.NullPointerException
	at com.google.javascript.jscomp.NodeUtil.evaluatesToLocalValue(NodeUtil.java:2425)
	at com.google.javascript.jscomp.NodeUtil.evaluatesToLocalValue(NodeUtil.java:2437)
	at com.google.javascript.jscomp.NodeUtil.evaluatesToLocalValue(NodeUtil.java:2416)
	at com.google.javascript.jscomp.NodeUtil_ESTest.test658744(NodeUtil_ESTest.java:4596)
	at sun.reflect.NativeMethodAccessorImpl.invoke0(Native Method)
	at sun.reflect.NativeMethodAccessorImpl.invoke(NativeMethodAccessorImpl.java:62)
	at sun.reflect.DelegatingMethodAccessorImpl.invoke(DelegatingMethodAccessorImpl.java:43)
	at java.lang.reflect.Method.invoke(Method.java:498)
	at org.junit.runners.model.FrameworkMethod$1.runReflectiveCall(FrameworkMethod.java:47)
	at org.junit.internal.runners.model.ReflectiveCallable.run(ReflectiveCallable.java:12)
	at org.junit.runners.model.FrameworkMethod.invokeExplosively(FrameworkMethod.java:44)
	at org.junit.internal.runners.statements.InvokeMethod.evaluate(InvokeMethod.java:17)
	at org.junit.internal.runners.statements.FailOnTimeout$StatementThread.run(FailOnTimeout.java:74)
--- com.google.javascript.jscomp.NodeUtil_ESTest::test638724
org.evosuite.runtime.mock.java.lang.MockIllegalStateException: Unexpected expression nodeREF_CALL
 parent:null
	at com.google.javascript.jscomp.NodeUtil.evaluatesToLocalValue(NodeUtil.java:2485)
	at com.google.javascript.jscomp.NodeUtil.evaluatesToLocalValue(NodeUtil.java:2416)
	at com.google.javascript.jscomp.NodeUtil_ESTest.test638724(NodeUtil_ESTest.java:4475)
	at sun.reflect.NativeMethodAccessorImpl.invoke0(Native Method)
	at sun.reflect.NativeMethodAccessorImpl.invoke(NativeMethodAccessorImpl.java:62)
	at sun.reflect.DelegatingMethodAccessorImpl.invoke(DelegatingMethodAccessorImpl.java:43)
	at java.lang.reflect.Method.invoke(Method.java:498)
	at org.junit.runners.model.FrameworkMethod$1.runReflectiveCall(FrameworkMethod.java:47)
	at org.junit.internal.runners.model.ReflectiveCallable.run(ReflectiveCallable.java:12)
	at org.junit.runners.model.FrameworkMethod.invokeExplosively(FrameworkMethod.java:44)
	at org.junit.internal.runners.statements.InvokeMethod.evaluate(InvokeMethod.java:17)
	at org.junit.internal.runners.statements.FailOnTimeout$StatementThread.run(FailOnTimeout.java:74)
--- com.google.javascript.jscomp.NodeUtil_ESTest::test368406
org.evosuite.runtime.mock.java.lang.MockError: Unknown precedence for for (type 115)
	at com.google.javascript.jscomp.NodeUtil.precedence(NodeUtil.java:971)
	at com.google.javascript.jscomp.NodeUtil_ESTest.test368406(NodeUtil_ESTest.java:2550)
	at sun.reflect.NativeMethodAccessorImpl.invoke0(Native Method)
	at sun.reflect.NativeMethodAccessorImpl.invoke(NativeMethodAccessorImpl.java:62)
	at sun.reflect.DelegatingMethodAccessorImpl.invoke(DelegatingMethodAccessorImpl.java:43)
	at java.lang.reflect.Method.invoke(Method.java:498)
	at org.junit.runners.model.FrameworkMethod$1.runReflectiveCall(FrameworkMethod.java:47)
	at org.junit.internal.runners.model.ReflectiveCallable.run(ReflectiveCallable.java:12)
	at org.junit.runners.model.FrameworkMethod.invokeExplosively(FrameworkMethod.java:44)
	at org.junit.internal.runners.statements.InvokeMethod.evaluate(InvokeMethod.java:17)
	at org.junit.internal.runners.statements.FailOnTimeout$StatementThread.run(FailOnTimeout.java:74)
--- com.google.javascript.jscomp.NodeUtil_ESTest::test02022
java.lang.NullPointerException
	at com.google.javascript.jscomp.NodeUtil.getExpressionBooleanValue(NodeUtil.java:71)
	at com.google.javascript.jscomp.NodeUtil.getExpressionBooleanValue(NodeUtil.java:75)
	at com.google.javascript.jscomp.NodeUtil_ESTest.test02022(NodeUtil_ESTest.java:194)
	at sun.reflect.NativeMethodAccessorImpl.invoke0(Native Method)
	at sun.reflect.NativeMethodAccessorImpl.invoke(NativeMethodAccessorImpl.java:62)
	at sun.reflect.DelegatingMethodAccessorImpl.invoke(DelegatingMethodAccessorImpl.java:43)
	at java.lang.reflect.Method.invoke(Method.java:498)
	at org.junit.runners.model.FrameworkMethod$1.runReflectiveCall(FrameworkMethod.java:47)
	at org.junit.internal.runners.model.ReflectiveCallable.run(ReflectiveCallable.java:12)
	at org.junit.runners.model.FrameworkMethod.invokeExplosively(FrameworkMethod.java:44)
	at org.junit.internal.runners.statements.InvokeMethod.evaluate(InvokeMethod.java:17)
	at org.junit.internal.runners.statements.FailOnTimeout$StatementThread.run(FailOnTimeout.java:74)
--- com.google.javascript.jscomp.NodeUtil_ESTest::test308346
org.evosuite.runtime.mock.java.lang.MockError: Unknown precedence for getvar (type 54)
	at com.google.javascript.jscomp.NodeUtil.precedence(NodeUtil.java:971)
	at com.google.javascript.jscomp.NodeUtil_ESTest.test308346(NodeUtil_ESTest.java:2250)
	at sun.reflect.NativeMethodAccessorImpl.invoke0(Native Method)
	at sun.reflect.NativeMethodAccessorImpl.invoke(NativeMethodAccessorImpl.java:62)
	at sun.reflect.DelegatingMethodAccessorImpl.invoke(DelegatingMethodAccessorImpl.java:43)
	at java.lang.reflect.Method.invoke(Method.java:498)
	at org.junit.runners.model.FrameworkMethod$1.runReflectiveCall(FrameworkMethod.java:47)
	at org.junit.internal.runners.model.ReflectiveCallable.run(ReflectiveCallable.java:12)
	at org.junit.runners.model.FrameworkMethod.invokeExplosively(FrameworkMethod.java:44)
	at org.junit.internal.runners.statements.InvokeMethod.evaluate(InvokeMethod.java:17)
	at org.junit.internal.runners.statements.FailOnTimeout$StatementThread.run(FailOnTimeout.java:74)
--- com.google.javascript.jscomp.NodeUtil_ESTest::test575639
org.evosuite.runtime.mock.java.lang.MockError: Unknown op 116: BREAK
	at com.google.javascript.jscomp.NodeUtil.opToStrNoFail(NodeUtil.java:1721)
	at com.google.javascript.jscomp.NodeUtil_ESTest.test575639(NodeUtil_ESTest.java:3887)
	at sun.reflect.NativeMethodAccessorImpl.invoke0(Native Method)
	at sun.reflect.NativeMethodAccessorImpl.invoke(NativeMethodAccessorImpl.java:62)
	at sun.reflect.DelegatingMethodAccessorImpl.invoke(DelegatingMethodAccessorImpl.java:43)
	at java.lang.reflect.Method.invoke(Method.java:498)
	at org.junit.runners.model.FrameworkMethod$1.runReflectiveCall(FrameworkMethod.java:47)
	at org.junit.internal.runners.model.ReflectiveCallable.run(ReflectiveCallable.java:12)
	at org.junit.runners.model.FrameworkMethod.invokeExplosively(FrameworkMethod.java:44)
	at org.junit.internal.runners.statements.InvokeMethod.evaluate(InvokeMethod.java:17)
	at org.junit.internal.runners.statements.FailOnTimeout$StatementThread.run(FailOnTimeout.java:74)
--- com.google.javascript.jscomp.NodeUtil_ESTest::test244272
org.evosuite.runtime.mock.java.lang.MockIllegalStateException: Expected NEW node, got OR
	at com.google.javascript.jscomp.NodeUtil.constructorCallHasSideEffects(NodeUtil.java:687)
	at com.google.javascript.jscomp.NodeUtil.constructorCallHasSideEffects(NodeUtil.java:681)
	at com.google.javascript.jscomp.NodeUtil_ESTest.test244272(NodeUtil_ESTest.java:1821)
	at sun.reflect.NativeMethodAccessorImpl.invoke0(Native Method)
	at sun.reflect.NativeMethodAccessorImpl.invoke(NativeMethodAccessorImpl.java:62)
	at sun.reflect.DelegatingMethodAccessorImpl.invoke(DelegatingMethodAccessorImpl.java:43)
	at java.lang.reflect.Method.invoke(Method.java:498)
	at org.junit.runners.model.FrameworkMethod$1.runReflectiveCall(FrameworkMethod.java:47)
	at org.junit.internal.runners.model.ReflectiveCallable.run(ReflectiveCallable.java:12)
	at org.junit.runners.model.FrameworkMethod.invokeExplosively(FrameworkMethod.java:44)
	at org.junit.internal.runners.statements.InvokeMethod.evaluate(InvokeMethod.java:17)
	at org.junit.internal.runners.statements.FailOnTimeout$StatementThread.run(FailOnTimeout.java:74)
--- com.google.javascript.jscomp.NodeUtil_ESTest::test564628
org.evosuite.runtime.mock.java.lang.MockError: Unknown op 105: FUNCTION
	at com.google.javascript.jscomp.NodeUtil.opToStrNoFail(NodeUtil.java:1721)
	at com.google.javascript.jscomp.NodeUtil_ESTest.test564628(NodeUtil_ESTest.java:3832)
	at sun.reflect.NativeMethodAccessorImpl.invoke0(Native Method)
	at sun.reflect.NativeMethodAccessorImpl.invoke(NativeMethodAccessorImpl.java:62)
	at sun.reflect.DelegatingMethodAccessorImpl.invoke(DelegatingMethodAccessorImpl.java:43)
	at java.lang.reflect.Method.invoke(Method.java:498)
	at org.junit.runners.model.FrameworkMethod$1.runReflectiveCall(FrameworkMethod.java:47)
	at org.junit.internal.runners.model.ReflectiveCallable.run(ReflectiveCallable.java:12)
	at org.junit.runners.model.FrameworkMethod.invokeExplosively(FrameworkMethod.java:44)
	at org.junit.internal.runners.statements.InvokeMethod.evaluate(InvokeMethod.java:17)
	at org.junit.internal.runners.statements.FailOnTimeout$StatementThread.run(FailOnTimeout.java:74)
--- com.google.javascript.jscomp.NodeUtil_ESTest::test319357
org.evosuite.runtime.mock.java.lang.MockError: Unknown precedence for <unknown=66> (type 66)
	at com.google.javascript.jscomp.NodeUtil.precedence(NodeUtil.java:971)
	at com.google.javascript.jscomp.NodeUtil_ESTest.test319357(NodeUtil_ESTest.java:2305)
	at sun.reflect.NativeMethodAccessorImpl.invoke0(Native Method)
	at sun.reflect.NativeMethodAccessorImpl.invoke(NativeMethodAccessorImpl.java:62)
	at sun.reflect.DelegatingMethodAccessorImpl.invoke(DelegatingMethodAccessorImpl.java:43)
	at java.lang.reflect.Method.invoke(Method.java:498)
	at org.junit.runners.model.FrameworkMethod$1.runReflectiveCall(FrameworkMethod.java:47)
	at org.junit.internal.runners.model.ReflectiveCallable.run(ReflectiveCallable.java:12)
	at org.junit.runners.model.FrameworkMethod.invokeExplosively(FrameworkMethod.java:44)
	at org.junit.internal.runners.statements.InvokeMethod.evaluate(InvokeMethod.java:17)
	at org.junit.internal.runners.statements.FailOnTimeout$StatementThread.run(FailOnTimeout.java:74)
--- com.google.javascript.jscomp.NodeUtil_ESTest::test519583
org.evosuite.runtime.mock.java.lang.MockError: Unknown op 58: ENUM_INIT_VALUES
	at com.google.javascript.jscomp.NodeUtil.opToStrNoFail(NodeUtil.java:1721)
	at com.google.javascript.jscomp.NodeUtil_ESTest.test519583(NodeUtil_ESTest.java:3607)
	at sun.reflect.NativeMethodAccessorImpl.invoke0(Native Method)
	at sun.reflect.NativeMethodAccessorImpl.invoke(NativeMethodAccessorImpl.java:62)
	at sun.reflect.DelegatingMethodAccessorImpl.invoke(DelegatingMethodAccessorImpl.java:43)
	at java.lang.reflect.Method.invoke(Method.java:498)
	at org.junit.runners.model.FrameworkMethod$1.runReflectiveCall(FrameworkMethod.java:47)
	at org.junit.internal.runners.model.ReflectiveCallable.run(ReflectiveCallable.java:12)
	at org.junit.runners.model.FrameworkMethod.invokeExplosively(FrameworkMethod.java:44)
	at org.junit.internal.runners.statements.InvokeMethod.evaluate(InvokeMethod.java:17)
	at org.junit.internal.runners.statements.FailOnTimeout$StatementThread.run(FailOnTimeout.java:74)
--- com.google.javascript.jscomp.NodeUtil_ESTest::test367405
org.evosuite.runtime.mock.java.lang.MockError: Unknown precedence for do (type 114)
	at com.google.javascript.jscomp.NodeUtil.precedence(NodeUtil.java:971)
	at com.google.javascript.jscomp.NodeUtil_ESTest.test367405(NodeUtil_ESTest.java:2545)
	at sun.reflect.NativeMethodAccessorImpl.invoke0(Native Method)
	at sun.reflect.NativeMethodAccessorImpl.invoke(NativeMethodAccessorImpl.java:62)
	at sun.reflect.DelegatingMethodAccessorImpl.invoke(DelegatingMethodAccessorImpl.java:43)
	at java.lang.reflect.Method.invoke(Method.java:498)
	at org.junit.runners.model.FrameworkMethod$1.runReflectiveCall(FrameworkMethod.java:47)
	at org.junit.internal.runners.model.ReflectiveCallable.run(ReflectiveCallable.java:12)
	at org.junit.runners.model.FrameworkMethod.invokeExplosively(FrameworkMethod.java:44)
	at org.junit.internal.runners.statements.InvokeMethod.evaluate(InvokeMethod.java:17)
	at org.junit.internal.runners.statements.FailOnTimeout$StatementThread.run(FailOnTimeout.java:74)
--- com.google.javascript.jscomp.NodeUtil_ESTest::test320358
org.evosuite.runtime.mock.java.lang.MockError: Unknown precedence for <unknown=67> (type 67)
	at com.google.javascript.jscomp.NodeUtil.precedence(NodeUtil.java:971)
	at com.google.javascript.jscomp.NodeUtil_ESTest.test320358(NodeUtil_ESTest.java:2310)
	at sun.reflect.NativeMethodAccessorImpl.invoke0(Native Method)
	at sun.reflect.NativeMethodAccessorImpl.invoke(NativeMethodAccessorImpl.java:62)
	at sun.reflect.DelegatingMethodAccessorImpl.invoke(DelegatingMethodAccessorImpl.java:43)
	at java.lang.reflect.Method.invoke(Method.java:498)
	at org.junit.runners.model.FrameworkMethod$1.runReflectiveCall(FrameworkMethod.java:47)
	at org.junit.internal.runners.model.ReflectiveCallable.run(ReflectiveCallable.java:12)
	at org.junit.runners.model.FrameworkMethod.invokeExplosively(FrameworkMethod.java:44)
	at org.junit.internal.runners.statements.InvokeMethod.evaluate(InvokeMethod.java:17)
	at org.junit.internal.runners.statements.FailOnTimeout$StatementThread.run(FailOnTimeout.java:74)
--- com.google.javascript.jscomp.NodeUtil_ESTest::test585649
org.evosuite.runtime.mock.java.lang.MockIllegalArgumentException
	at com.google.common.base.Preconditions.checkArgument(Preconditions.java:72)
	at com.google.javascript.rhino.Node.addChildToBack(Node.java:602)
	at com.google.javascript.jscomp.NodeUtil.newFunctionNode(NodeUtil.java:1815)
	at com.google.javascript.jscomp.NodeUtil_ESTest.test585649(NodeUtil_ESTest.java:3944)
	at sun.reflect.NativeMethodAccessorImpl.invoke0(Native Method)
	at sun.reflect.NativeMethodAccessorImpl.invoke(NativeMethodAccessorImpl.java:62)
	at sun.reflect.DelegatingMethodAccessorImpl.invoke(DelegatingMethodAccessorImpl.java:43)
	at java.lang.reflect.Method.invoke(Method.java:498)
	at org.junit.runners.model.FrameworkMethod$1.runReflectiveCall(FrameworkMethod.java:47)
	at org.junit.internal.runners.model.ReflectiveCallable.run(ReflectiveCallable.java:12)
	at org.junit.runners.model.FrameworkMethod.invokeExplosively(FrameworkMethod.java:44)
	at org.junit.internal.runners.statements.InvokeMethod.evaluate(InvokeMethod.java:17)
	at org.junit.internal.runners.statements.FailOnTimeout$StatementThread.run(FailOnTimeout.java:74)
--- com.google.javascript.jscomp.NodeUtil_ESTest::test352390
org.evosuite.runtime.mock.java.lang.MockError: Unknown precedence for colon (type 99)
	at com.google.javascript.jscomp.NodeUtil.precedence(NodeUtil.java:971)
	at com.google.javascript.jscomp.NodeUtil_ESTest.test352390(NodeUtil_ESTest.java:2470)
	at sun.reflect.NativeMethodAccessorImpl.invoke0(Native Method)
	at sun.reflect.NativeMethodAccessorImpl.invoke(NativeMethodAccessorImpl.java:62)
	at sun.reflect.DelegatingMethodAccessorImpl.invoke(DelegatingMethodAccessorImpl.java:43)
	at java.lang.reflect.Method.invoke(Method.java:498)
	at org.junit.runners.model.FrameworkMethod$1.runReflectiveCall(FrameworkMethod.java:47)
	at org.junit.internal.runners.model.ReflectiveCallable.run(ReflectiveCallable.java:12)
	at org.junit.runners.model.FrameworkMethod.invokeExplosively(FrameworkMethod.java:44)
	at org.junit.internal.runners.statements.InvokeMethod.evaluate(InvokeMethod.java:17)
	at org.junit.internal.runners.statements.FailOnTimeout$StatementThread.run(FailOnTimeout.java:74)
--- com.google.javascript.jscomp.NodeUtil_ESTest::test118143
org.evosuite.runtime.mock.java.lang.MockIllegalStateException: Unexpected expression nodeDELPROP
 parent:null
	at com.google.javascript.jscomp.NodeUtil.evaluatesToLocalValue(NodeUtil.java:2485)
	at com.google.javascript.jscomp.NodeUtil.evaluatesToLocalValue(NodeUtil.java:2416)
	at com.google.javascript.jscomp.NodeUtil_ESTest.test118143(NodeUtil_ESTest.java:1038)
	at sun.reflect.NativeMethodAccessorImpl.invoke0(Native Method)
	at sun.reflect.NativeMethodAccessorImpl.invoke(NativeMethodAccessorImpl.java:62)
	at sun.reflect.DelegatingMethodAccessorImpl.invoke(DelegatingMethodAccessorImpl.java:43)
	at java.lang.reflect.Method.invoke(Method.java:498)
	at org.junit.runners.model.FrameworkMethod$1.runReflectiveCall(FrameworkMethod.java:47)
	at org.junit.internal.runners.model.ReflectiveCallable.run(ReflectiveCallable.java:12)
	at org.junit.runners.model.FrameworkMethod.invokeExplosively(FrameworkMethod.java:44)
	at org.junit.internal.runners.statements.InvokeMethod.evaluate(InvokeMethod.java:17)
	at org.junit.internal.runners.statements.FailOnTimeout$StatementThread.run(FailOnTimeout.java:74)
--- com.google.javascript.jscomp.NodeUtil_ESTest::test444496
java.lang.NullPointerException
	at com.google.javascript.rhino.Node.getChildBefore(Node.java:564)
	at com.google.javascript.rhino.Node.removeChild(Node.java:681)
	at com.google.javascript.jscomp.NodeUtil.removeChild(NodeUtil.java:1373)
	at com.google.javascript.jscomp.NodeUtil_ESTest.test444496(NodeUtil_ESTest.java:3122)
	at sun.reflect.NativeMethodAccessorImpl.invoke0(Native Method)
	at sun.reflect.NativeMethodAccessorImpl.invoke(NativeMethodAccessorImpl.java:62)
	at sun.reflect.DelegatingMethodAccessorImpl.invoke(DelegatingMethodAccessorImpl.java:43)
	at java.lang.reflect.Method.invoke(Method.java:498)
	at org.junit.runners.model.FrameworkMethod$1.runReflectiveCall(FrameworkMethod.java:47)
	at org.junit.internal.runners.model.ReflectiveCallable.run(ReflectiveCallable.java:12)
	at org.junit.runners.model.FrameworkMethod.invokeExplosively(FrameworkMethod.java:44)
	at org.junit.internal.runners.statements.InvokeMethod.evaluate(InvokeMethod.java:17)
	at org.junit.internal.runners.statements.FailOnTimeout$StatementThread.run(FailOnTimeout.java:74)
--- com.google.javascript.jscomp.NodeUtil_ESTest::test542606
org.evosuite.runtime.mock.java.lang.MockError: Unknown op 83: LP
	at com.google.javascript.jscomp.NodeUtil.opToStrNoFail(NodeUtil.java:1721)
	at com.google.javascript.jscomp.NodeUtil_ESTest.test542606(NodeUtil_ESTest.java:3722)
	at sun.reflect.NativeMethodAccessorImpl.invoke0(Native Method)
	at sun.reflect.NativeMethodAccessorImpl.invoke(NativeMethodAccessorImpl.java:62)
	at sun.reflect.DelegatingMethodAccessorImpl.invoke(DelegatingMethodAccessorImpl.java:43)
	at java.lang.reflect.Method.invoke(Method.java:498)
	at org.junit.runners.model.FrameworkMethod$1.runReflectiveCall(FrameworkMethod.java:47)
	at org.junit.internal.runners.model.ReflectiveCallable.run(ReflectiveCallable.java:12)
	at org.junit.runners.model.FrameworkMethod.invokeExplosively(FrameworkMethod.java:44)
	at org.junit.internal.runners.statements.InvokeMethod.evaluate(InvokeMethod.java:17)
	at org.junit.internal.runners.statements.FailOnTimeout$StatementThread.run(FailOnTimeout.java:74)
--- com.google.javascript.jscomp.NodeUtil_ESTest::test151179
org.evosuite.runtime.mock.java.lang.MockIllegalStateException: Unexpected expression nodeREF_MEMBER 73
 parent:null
	at com.google.javascript.jscomp.NodeUtil.evaluatesToLocalValue(NodeUtil.java:2485)
	at com.google.javascript.jscomp.NodeUtil.evaluatesToLocalValue(NodeUtil.java:2416)
	at com.google.javascript.jscomp.NodeUtil_ESTest.test151179(NodeUtil_ESTest.java:1258)
	at sun.reflect.NativeMethodAccessorImpl.invoke0(Native Method)
	at sun.reflect.NativeMethodAccessorImpl.invoke(NativeMethodAccessorImpl.java:62)
	at sun.reflect.DelegatingMethodAccessorImpl.invoke(DelegatingMethodAccessorImpl.java:43)
	at java.lang.reflect.Method.invoke(Method.java:498)
	at org.junit.runners.model.FrameworkMethod$1.runReflectiveCall(FrameworkMethod.java:47)
	at org.junit.internal.runners.model.ReflectiveCallable.run(ReflectiveCallable.java:12)
	at org.junit.runners.model.FrameworkMethod.invokeExplosively(FrameworkMethod.java:44)
	at org.junit.internal.runners.statements.InvokeMethod.evaluate(InvokeMethod.java:17)
	at org.junit.internal.runners.statements.FailOnTimeout$StatementThread.run(FailOnTimeout.java:74)
--- com.google.javascript.jscomp.NodeUtil_ESTest::test563627
org.evosuite.runtime.mock.java.lang.MockError: Unknown op 104: DOT
	at com.google.javascript.jscomp.NodeUtil.opToStrNoFail(NodeUtil.java:1721)
	at com.google.javascript.jscomp.NodeUtil_ESTest.test563627(NodeUtil_ESTest.java:3827)
	at sun.reflect.NativeMethodAccessorImpl.invoke0(Native Method)
	at sun.reflect.NativeMethodAccessorImpl.invoke(NativeMethodAccessorImpl.java:62)
	at sun.reflect.DelegatingMethodAccessorImpl.invoke(DelegatingMethodAccessorImpl.java:43)
	at java.lang.reflect.Method.invoke(Method.java:498)
	at org.junit.runners.model.FrameworkMethod$1.runReflectiveCall(FrameworkMethod.java:47)
	at org.junit.internal.runners.model.ReflectiveCallable.run(ReflectiveCallable.java:12)
	at org.junit.runners.model.FrameworkMethod.invokeExplosively(FrameworkMethod.java:44)
	at org.junit.internal.runners.statements.InvokeMethod.evaluate(InvokeMethod.java:17)
	at org.junit.internal.runners.statements.FailOnTimeout$StatementThread.run(FailOnTimeout.java:74)
--- com.google.javascript.jscomp.NodeUtil_ESTest::test129157
org.evosuite.runtime.mock.java.lang.MockIllegalStateException: Unexpected expression nodeTHROW 256
 parent:null
	at com.google.javascript.jscomp.NodeUtil.evaluatesToLocalValue(NodeUtil.java:2485)
	at com.google.javascript.jscomp.NodeUtil.evaluatesToLocalValue(NodeUtil.java:2416)
	at com.google.javascript.jscomp.NodeUtil_ESTest.test129157(NodeUtil_ESTest.java:1129)
	at sun.reflect.NativeMethodAccessorImpl.invoke0(Native Method)
	at sun.reflect.NativeMethodAccessorImpl.invoke(NativeMethodAccessorImpl.java:62)
	at sun.reflect.DelegatingMethodAccessorImpl.invoke(DelegatingMethodAccessorImpl.java:43)
	at java.lang.reflect.Method.invoke(Method.java:498)
	at org.junit.runners.model.FrameworkMethod$1.runReflectiveCall(FrameworkMethod.java:47)
	at org.junit.internal.runners.model.ReflectiveCallable.run(ReflectiveCallable.java:12)
	at org.junit.runners.model.FrameworkMethod.invokeExplosively(FrameworkMethod.java:44)
	at org.junit.internal.runners.statements.InvokeMethod.evaluate(InvokeMethod.java:17)
	at org.junit.internal.runners.statements.FailOnTimeout$StatementThread.run(FailOnTimeout.java:74)
--- com.google.javascript.jscomp.NodeUtil_ESTest::test02123
java.lang.NullPointerException
	at com.google.javascript.jscomp.NodeUtil.getExpressionBooleanValue(NodeUtil.java:90)
	at com.google.javascript.jscomp.NodeUtil_ESTest.test02123(NodeUtil_ESTest.java:200)
	at sun.reflect.NativeMethodAccessorImpl.invoke0(Native Method)
	at sun.reflect.NativeMethodAccessorImpl.invoke(NativeMethodAccessorImpl.java:62)
	at sun.reflect.DelegatingMethodAccessorImpl.invoke(DelegatingMethodAccessorImpl.java:43)
	at java.lang.reflect.Method.invoke(Method.java:498)
	at org.junit.runners.model.FrameworkMethod$1.runReflectiveCall(FrameworkMethod.java:47)
	at org.junit.internal.runners.model.ReflectiveCallable.run(ReflectiveCallable.java:12)
	at org.junit.runners.model.FrameworkMethod.invokeExplosively(FrameworkMethod.java:44)
	at org.junit.internal.runners.statements.InvokeMethod.evaluate(InvokeMethod.java:17)
	at org.junit.internal.runners.statements.FailOnTimeout$StatementThread.run(FailOnTimeout.java:74)
--- com.google.javascript.jscomp.NodeUtil_ESTest::test378416
org.evosuite.runtime.mock.java.lang.MockError: Unknown precedence for enterwith (type 2)
	at com.google.javascript.jscomp.NodeUtil.precedence(NodeUtil.java:971)
	at com.google.javascript.jscomp.NodeUtil_ESTest.test378416(NodeUtil_ESTest.java:2600)
	at sun.reflect.NativeMethodAccessorImpl.invoke0(Native Method)
	at sun.reflect.NativeMethodAccessorImpl.invoke(NativeMethodAccessorImpl.java:62)
	at sun.reflect.DelegatingMethodAccessorImpl.invoke(DelegatingMethodAccessorImpl.java:43)
	at java.lang.reflect.Method.invoke(Method.java:498)
	at org.junit.runners.model.FrameworkMethod$1.runReflectiveCall(FrameworkMethod.java:47)
	at org.junit.internal.runners.model.ReflectiveCallable.run(ReflectiveCallable.java:12)
	at org.junit.runners.model.FrameworkMethod.invokeExplosively(FrameworkMethod.java:44)
	at org.junit.internal.runners.statements.InvokeMethod.evaluate(InvokeMethod.java:17)
	at org.junit.internal.runners.statements.FailOnTimeout$StatementThread.run(FailOnTimeout.java:74)
--- com.google.javascript.jscomp.NodeUtil_ESTest::test331369
org.evosuite.runtime.mock.java.lang.MockError: Unknown precedence for semi (type 78)
	at com.google.javascript.jscomp.NodeUtil.precedence(NodeUtil.java:971)
	at com.google.javascript.jscomp.NodeUtil_ESTest.test331369(NodeUtil_ESTest.java:2365)
	at sun.reflect.NativeMethodAccessorImpl.invoke0(Native Method)
	at sun.reflect.NativeMethodAccessorImpl.invoke(NativeMethodAccessorImpl.java:62)
	at sun.reflect.DelegatingMethodAccessorImpl.invoke(DelegatingMethodAccessorImpl.java:43)
	at java.lang.reflect.Method.invoke(Method.java:498)
	at org.junit.runners.model.FrameworkMethod$1.runReflectiveCall(FrameworkMethod.java:47)
	at org.junit.internal.runners.model.ReflectiveCallable.run(ReflectiveCallable.java:12)
	at org.junit.runners.model.FrameworkMethod.invokeExplosively(FrameworkMethod.java:44)
	at org.junit.internal.runners.statements.InvokeMethod.evaluate(InvokeMethod.java:17)
	at org.junit.internal.runners.statements.FailOnTimeout$StatementThread.run(FailOnTimeout.java:74)
--- com.google.javascript.jscomp.NodeUtil_ESTest::test190218
org.evosuite.runtime.mock.java.lang.MockIllegalStateException: Unexpected expression nodeVAR
 parent:null
	at com.google.javascript.jscomp.NodeUtil.evaluatesToLocalValue(NodeUtil.java:2485)
	at com.google.javascript.jscomp.NodeUtil_ESTest.test190218(NodeUtil_ESTest.java:1491)
	at sun.reflect.NativeMethodAccessorImpl.invoke0(Native Method)
	at sun.reflect.NativeMethodAccessorImpl.invoke(NativeMethodAccessorImpl.java:62)
	at sun.reflect.DelegatingMethodAccessorImpl.invoke(DelegatingMethodAccessorImpl.java:43)
	at java.lang.reflect.Method.invoke(Method.java:498)
	at org.junit.runners.model.FrameworkMethod$1.runReflectiveCall(FrameworkMethod.java:47)
	at org.junit.internal.runners.model.ReflectiveCallable.run(ReflectiveCallable.java:12)
	at org.junit.runners.model.FrameworkMethod.invokeExplosively(FrameworkMethod.java:44)
	at org.junit.internal.runners.statements.InvokeMethod.evaluate(InvokeMethod.java:17)
	at org.junit.internal.runners.statements.FailOnTimeout$StatementThread.run(FailOnTimeout.java:74)
--- com.google.javascript.jscomp.NodeUtil_ESTest::test369407
org.evosuite.runtime.mock.java.lang.MockError: Unknown precedence for break (type 116)
	at com.google.javascript.jscomp.NodeUtil.precedence(NodeUtil.java:971)
	at com.google.javascript.jscomp.NodeUtil_ESTest.test369407(NodeUtil_ESTest.java:2555)
	at sun.reflect.NativeMethodAccessorImpl.invoke0(Native Method)
	at sun.reflect.NativeMethodAccessorImpl.invoke(NativeMethodAccessorImpl.java:62)
	at sun.reflect.DelegatingMethodAccessorImpl.invoke(DelegatingMethodAccessorImpl.java:43)
	at java.lang.reflect.Method.invoke(Method.java:498)
	at org.junit.runners.model.FrameworkMethod$1.runReflectiveCall(FrameworkMethod.java:47)
	at org.junit.internal.runners.model.ReflectiveCallable.run(ReflectiveCallable.java:12)
	at org.junit.runners.model.FrameworkMethod.invokeExplosively(FrameworkMethod.java:44)
	at org.junit.internal.runners.statements.InvokeMethod.evaluate(InvokeMethod.java:17)
	at org.junit.internal.runners.statements.FailOnTimeout$StatementThread.run(FailOnTimeout.java:74)
--- com.google.javascript.jscomp.NodeUtil_ESTest::test645731
java.lang.NullPointerException
	at com.google.javascript.jscomp.NodeUtil.evaluatesToLocalValue(NodeUtil.java:2425)
	at com.google.javascript.jscomp.NodeUtil.evaluatesToLocalValue(NodeUtil.java:2434)
	at com.google.javascript.jscomp.NodeUtil.evaluatesToLocalValue(NodeUtil.java:2416)
	at com.google.javascript.jscomp.NodeUtil_ESTest.test645731(NodeUtil_ESTest.java:4517)
	at sun.reflect.NativeMethodAccessorImpl.invoke0(Native Method)
	at sun.reflect.NativeMethodAccessorImpl.invoke(NativeMethodAccessorImpl.java:62)
	at sun.reflect.DelegatingMethodAccessorImpl.invoke(DelegatingMethodAccessorImpl.java:43)
	at java.lang.reflect.Method.invoke(Method.java:498)
	at org.junit.runners.model.FrameworkMethod$1.runReflectiveCall(FrameworkMethod.java:47)
	at org.junit.internal.runners.model.ReflectiveCallable.run(ReflectiveCallable.java:12)
	at org.junit.runners.model.FrameworkMethod.invokeExplosively(FrameworkMethod.java:44)
	at org.junit.internal.runners.statements.InvokeMethod.evaluate(InvokeMethod.java:17)
	at org.junit.internal.runners.statements.FailOnTimeout$StatementThread.run(FailOnTimeout.java:74)
--- com.google.javascript.jscomp.NodeUtil_ESTest::test291329
org.evosuite.runtime.mock.java.lang.MockError: Unknown precedence for setelem (type 36)
	at com.google.javascript.jscomp.NodeUtil.precedence(NodeUtil.java:971)
	at com.google.javascript.jscomp.NodeUtil_ESTest.test291329(NodeUtil_ESTest.java:2165)
	at sun.reflect.NativeMethodAccessorImpl.invoke0(Native Method)
	at sun.reflect.NativeMethodAccessorImpl.invoke(NativeMethodAccessorImpl.java:62)
	at sun.reflect.DelegatingMethodAccessorImpl.invoke(DelegatingMethodAccessorImpl.java:43)
	at java.lang.reflect.Method.invoke(Method.java:498)
	at org.junit.runners.model.FrameworkMethod$1.runReflectiveCall(FrameworkMethod.java:47)
	at org.junit.internal.runners.model.ReflectiveCallable.run(ReflectiveCallable.java:12)
	at org.junit.runners.model.FrameworkMethod.invokeExplosively(FrameworkMethod.java:44)
	at org.junit.internal.runners.statements.InvokeMethod.evaluate(InvokeMethod.java:17)
	at org.junit.internal.runners.statements.FailOnTimeout$StatementThread.run(FailOnTimeout.java:74)
--- com.google.javascript.jscomp.NodeUtil_ESTest::test623705
java.lang.NullPointerException
	at com.google.javascript.rhino.Node.addChildToBack(Node.java:602)
	at com.google.javascript.jscomp.NodeUtil.newCallNode(NodeUtil.java:2406)
	at com.google.javascript.jscomp.NodeUtil_ESTest.test623705(NodeUtil_ESTest.java:4347)
	at sun.reflect.NativeMethodAccessorImpl.invoke0(Native Method)
	at sun.reflect.NativeMethodAccessorImpl.invoke(NativeMethodAccessorImpl.java:62)
	at sun.reflect.DelegatingMethodAccessorImpl.invoke(DelegatingMethodAccessorImpl.java:43)
	at java.lang.reflect.Method.invoke(Method.java:498)
	at org.junit.runners.model.FrameworkMethod$1.runReflectiveCall(FrameworkMethod.java:47)
	at org.junit.internal.runners.model.ReflectiveCallable.run(ReflectiveCallable.java:12)
	at org.junit.runners.model.FrameworkMethod.invokeExplosively(FrameworkMethod.java:44)
	at org.junit.internal.runners.statements.InvokeMethod.evaluate(InvokeMethod.java:17)
	at org.junit.internal.runners.statements.FailOnTimeout$StatementThread.run(FailOnTimeout.java:74)
--- com.google.javascript.jscomp.NodeUtil_ESTest::test309347
org.evosuite.runtime.mock.java.lang.MockError: Unknown precedence for setvar (type 55)
	at com.google.javascript.jscomp.NodeUtil.precedence(NodeUtil.java:971)
	at com.google.javascript.jscomp.NodeUtil_ESTest.test309347(NodeUtil_ESTest.java:2255)
	at sun.reflect.NativeMethodAccessorImpl.invoke0(Native Method)
	at sun.reflect.NativeMethodAccessorImpl.invoke(NativeMethodAccessorImpl.java:62)
	at sun.reflect.DelegatingMethodAccessorImpl.invoke(DelegatingMethodAccessorImpl.java:43)
	at java.lang.reflect.Method.invoke(Method.java:498)
	at org.junit.runners.model.FrameworkMethod$1.runReflectiveCall(FrameworkMethod.java:47)
	at org.junit.internal.runners.model.ReflectiveCallable.run(ReflectiveCallable.java:12)
	at org.junit.runners.model.FrameworkMethod.invokeExplosively(FrameworkMethod.java:44)
	at org.junit.internal.runners.statements.InvokeMethod.evaluate(InvokeMethod.java:17)
	at org.junit.internal.runners.statements.FailOnTimeout$StatementThread.run(FailOnTimeout.java:74)
--- com.google.javascript.jscomp.NodeUtil_ESTest::test150178
org.evosuite.runtime.mock.java.lang.MockIllegalStateException: Unexpected expression nodeESCXMLTEXT 72
 parent:null
	at com.google.javascript.jscomp.NodeUtil.evaluatesToLocalValue(NodeUtil.java:2485)
	at com.google.javascript.jscomp.NodeUtil.evaluatesToLocalValue(NodeUtil.java:2416)
	at com.google.javascript.jscomp.NodeUtil_ESTest.test150178(NodeUtil_ESTest.java:1252)
	at sun.reflect.NativeMethodAccessorImpl.invoke0(Native Method)
	at sun.reflect.NativeMethodAccessorImpl.invoke(NativeMethodAccessorImpl.java:62)
	at sun.reflect.DelegatingMethodAccessorImpl.invoke(DelegatingMethodAccessorImpl.java:43)
	at java.lang.reflect.Method.invoke(Method.java:498)
	at org.junit.runners.model.FrameworkMethod$1.runReflectiveCall(FrameworkMethod.java:47)
	at org.junit.internal.runners.model.ReflectiveCallable.run(ReflectiveCallable.java:12)
	at org.junit.runners.model.FrameworkMethod.invokeExplosively(FrameworkMethod.java:44)
	at org.junit.internal.runners.statements.InvokeMethod.evaluate(InvokeMethod.java:17)
	at org.junit.internal.runners.statements.FailOnTimeout$StatementThread.run(FailOnTimeout.java:74)
--- com.google.javascript.jscomp.NodeUtil_ESTest::test453508
java.lang.NullPointerException
	at com.google.javascript.rhino.Node.getChildBefore(Node.java:564)
	at com.google.javascript.rhino.Node.removeChild(Node.java:681)
	at com.google.javascript.jscomp.NodeUtil.removeChild(NodeUtil.java:1379)
	at com.google.javascript.jscomp.NodeUtil_ESTest.test453508(NodeUtil_ESTest.java:3203)
	at sun.reflect.NativeMethodAccessorImpl.invoke0(Native Method)
	at sun.reflect.NativeMethodAccessorImpl.invoke(NativeMethodAccessorImpl.java:62)
	at sun.reflect.DelegatingMethodAccessorImpl.invoke(DelegatingMethodAccessorImpl.java:43)
	at java.lang.reflect.Method.invoke(Method.java:498)
	at org.junit.runners.model.FrameworkMethod$1.runReflectiveCall(FrameworkMethod.java:47)
	at org.junit.internal.runners.model.ReflectiveCallable.run(ReflectiveCallable.java:12)
	at org.junit.runners.model.FrameworkMethod.invokeExplosively(FrameworkMethod.java:44)
	at org.junit.internal.runners.statements.InvokeMethod.evaluate(InvokeMethod.java:17)
	at org.junit.internal.runners.statements.FailOnTimeout$StatementThread.run(FailOnTimeout.java:74)
--- com.google.javascript.jscomp.NodeUtil_ESTest::test589661
java.lang.NullPointerException
	at com.google.javascript.rhino.Node.copyInformationFrom(Node.java:1889)
	at com.google.javascript.jscomp.NodeUtil.newName(NodeUtil.java:1926)
	at com.google.javascript.jscomp.NodeUtil_ESTest.test589661(NodeUtil_ESTest.java:4038)
	at sun.reflect.NativeMethodAccessorImpl.invoke0(Native Method)
	at sun.reflect.NativeMethodAccessorImpl.invoke(NativeMethodAccessorImpl.java:62)
	at sun.reflect.DelegatingMethodAccessorImpl.invoke(DelegatingMethodAccessorImpl.java:43)
	at java.lang.reflect.Method.invoke(Method.java:498)
	at org.junit.runners.model.FrameworkMethod$1.runReflectiveCall(FrameworkMethod.java:47)
	at org.junit.internal.runners.model.ReflectiveCallable.run(ReflectiveCallable.java:12)
	at org.junit.runners.model.FrameworkMethod.invokeExplosively(FrameworkMethod.java:44)
	at org.junit.internal.runners.statements.InvokeMethod.evaluate(InvokeMethod.java:17)
	at org.junit.internal.runners.statements.FailOnTimeout$StatementThread.run(FailOnTimeout.java:74)
--- com.google.javascript.jscomp.NodeUtil_ESTest::test321359
org.evosuite.runtime.mock.java.lang.MockError: Unknown precedence for <unknown=68> (type 68)
	at com.google.javascript.jscomp.NodeUtil.precedence(NodeUtil.java:971)
	at com.google.javascript.jscomp.NodeUtil_ESTest.test321359(NodeUtil_ESTest.java:2315)
	at sun.reflect.NativeMethodAccessorImpl.invoke0(Native Method)
	at sun.reflect.NativeMethodAccessorImpl.invoke(NativeMethodAccessorImpl.java:62)
	at sun.reflect.DelegatingMethodAccessorImpl.invoke(DelegatingMethodAccessorImpl.java:43)
	at java.lang.reflect.Method.invoke(Method.java:498)
	at org.junit.runners.model.FrameworkMethod$1.runReflectiveCall(FrameworkMethod.java:47)
	at org.junit.internal.runners.model.ReflectiveCallable.run(ReflectiveCallable.java:12)
	at org.junit.runners.model.FrameworkMethod.invokeExplosively(FrameworkMethod.java:44)
	at org.junit.internal.runners.statements.InvokeMethod.evaluate(InvokeMethod.java:17)
	at org.junit.internal.runners.statements.FailOnTimeout$StatementThread.run(FailOnTimeout.java:74)
--- com.google.javascript.jscomp.NodeUtil_ESTest::test310348
org.evosuite.runtime.mock.java.lang.MockError: Unknown precedence for <unknown=56> (type 56)
	at com.google.javascript.jscomp.NodeUtil.precedence(NodeUtil.java:971)
	at com.google.javascript.jscomp.NodeUtil_ESTest.test310348(NodeUtil_ESTest.java:2260)
	at sun.reflect.NativeMethodAccessorImpl.invoke0(Native Method)
	at sun.reflect.NativeMethodAccessorImpl.invoke(NativeMethodAccessorImpl.java:62)
	at sun.reflect.DelegatingMethodAccessorImpl.invoke(DelegatingMethodAccessorImpl.java:43)
	at java.lang.reflect.Method.invoke(Method.java:498)
	at org.junit.runners.model.FrameworkMethod$1.runReflectiveCall(FrameworkMethod.java:47)
	at org.junit.internal.runners.model.ReflectiveCallable.run(ReflectiveCallable.java:12)
	at org.junit.runners.model.FrameworkMethod.invokeExplosively(FrameworkMethod.java:44)
	at org.junit.internal.runners.statements.InvokeMethod.evaluate(InvokeMethod.java:17)
	at org.junit.internal.runners.statements.FailOnTimeout$StatementThread.run(FailOnTimeout.java:74)
--- com.google.javascript.jscomp.NodeUtil_ESTest::test656742
java.lang.NullPointerException
	at com.google.javascript.jscomp.NodeUtil.evaluatesToLocalValue(NodeUtil.java:2440)
	at com.google.javascript.jscomp.NodeUtil.evaluatesToLocalValue(NodeUtil.java:2416)
	at com.google.javascript.jscomp.NodeUtil_ESTest.test656742(NodeUtil_ESTest.java:4584)
	at sun.reflect.NativeMethodAccessorImpl.invoke0(Native Method)
	at sun.reflect.NativeMethodAccessorImpl.invoke(NativeMethodAccessorImpl.java:62)
	at sun.reflect.DelegatingMethodAccessorImpl.invoke(DelegatingMethodAccessorImpl.java:43)
	at java.lang.reflect.Method.invoke(Method.java:498)
	at org.junit.runners.model.FrameworkMethod$1.runReflectiveCall(FrameworkMethod.java:47)
	at org.junit.internal.runners.model.ReflectiveCallable.run(ReflectiveCallable.java:12)
	at org.junit.runners.model.FrameworkMethod.invokeExplosively(FrameworkMethod.java:44)
	at org.junit.internal.runners.statements.InvokeMethod.evaluate(InvokeMethod.java:17)
	at org.junit.internal.runners.statements.FailOnTimeout$StatementThread.run(FailOnTimeout.java:74)
--- com.google.javascript.jscomp.NodeUtil_ESTest::test161189
org.evosuite.runtime.mock.java.lang.MockIllegalStateException: Unexpected expression nodeLP 83
 parent:null
	at com.google.javascript.jscomp.NodeUtil.evaluatesToLocalValue(NodeUtil.java:2485)
	at com.google.javascript.jscomp.NodeUtil.evaluatesToLocalValue(NodeUtil.java:2416)
	at com.google.javascript.jscomp.NodeUtil_ESTest.test161189(NodeUtil_ESTest.java:1320)
	at sun.reflect.NativeMethodAccessorImpl.invoke0(Native Method)
	at sun.reflect.NativeMethodAccessorImpl.invoke(NativeMethodAccessorImpl.java:62)
	at sun.reflect.DelegatingMethodAccessorImpl.invoke(DelegatingMethodAccessorImpl.java:43)
	at java.lang.reflect.Method.invoke(Method.java:498)
	at org.junit.runners.model.FrameworkMethod$1.runReflectiveCall(FrameworkMethod.java:47)
	at org.junit.internal.runners.model.ReflectiveCallable.run(ReflectiveCallable.java:12)
	at org.junit.runners.model.FrameworkMethod.invokeExplosively(FrameworkMethod.java:44)
	at org.junit.internal.runners.statements.InvokeMethod.evaluate(InvokeMethod.java:17)
	at org.junit.internal.runners.statements.FailOnTimeout$StatementThread.run(FailOnTimeout.java:74)
--- com.google.javascript.jscomp.NodeUtil_ESTest::test092116
java.lang.NullPointerException
	at com.google.javascript.jscomp.NodeUtil.isValidDefineValue(NodeUtil.java:375)
	at com.google.javascript.jscomp.NodeUtil.isValidDefineValue(NodeUtil.java:403)
	at com.google.javascript.jscomp.NodeUtil_ESTest.test092116(NodeUtil_ESTest.java:877)
	at sun.reflect.NativeMethodAccessorImpl.invoke0(Native Method)
	at sun.reflect.NativeMethodAccessorImpl.invoke(NativeMethodAccessorImpl.java:62)
	at sun.reflect.DelegatingMethodAccessorImpl.invoke(DelegatingMethodAccessorImpl.java:43)
	at java.lang.reflect.Method.invoke(Method.java:498)
	at org.junit.runners.model.FrameworkMethod$1.runReflectiveCall(FrameworkMethod.java:47)
	at org.junit.internal.runners.model.ReflectiveCallable.run(ReflectiveCallable.java:12)
	at org.junit.runners.model.FrameworkMethod.invokeExplosively(FrameworkMethod.java:44)
	at org.junit.internal.runners.statements.InvokeMethod.evaluate(InvokeMethod.java:17)
	at org.junit.internal.runners.statements.FailOnTimeout$StatementThread.run(FailOnTimeout.java:74)
--- com.google.javascript.jscomp.NodeUtil_ESTest::test608689
org.evosuite.runtime.mock.java.lang.MockIllegalArgumentException
	at com.google.common.base.Preconditions.checkArgument(Preconditions.java:72)
	at com.google.javascript.jscomp.NodeUtil.hasFinally(NodeUtil.java:2278)
	at com.google.javascript.jscomp.NodeUtil_ESTest.test608689(NodeUtil_ESTest.java:4241)
	at sun.reflect.NativeMethodAccessorImpl.invoke0(Native Method)
	at sun.reflect.NativeMethodAccessorImpl.invoke(NativeMethodAccessorImpl.java:62)
	at sun.reflect.DelegatingMethodAccessorImpl.invoke(DelegatingMethodAccessorImpl.java:43)
	at java.lang.reflect.Method.invoke(Method.java:498)
	at org.junit.runners.model.FrameworkMethod$1.runReflectiveCall(FrameworkMethod.java:47)
	at org.junit.internal.runners.model.ReflectiveCallable.run(ReflectiveCallable.java:12)
	at org.junit.runners.model.FrameworkMethod.invokeExplosively(FrameworkMethod.java:44)
	at org.junit.internal.runners.statements.InvokeMethod.evaluate(InvokeMethod.java:17)
	at org.junit.internal.runners.statements.FailOnTimeout$StatementThread.run(FailOnTimeout.java:74)
--- com.google.javascript.jscomp.NodeUtil_ESTest::test138166
org.evosuite.runtime.mock.java.lang.MockIllegalStateException: Unexpected expression nodeENUM_NEXT
 parent:null
	at com.google.javascript.jscomp.NodeUtil.evaluatesToLocalValue(NodeUtil.java:2485)
	at com.google.javascript.jscomp.NodeUtil.evaluatesToLocalValue(NodeUtil.java:2416)
	at com.google.javascript.jscomp.NodeUtil_ESTest.test138166(NodeUtil_ESTest.java:1181)
	at sun.reflect.NativeMethodAccessorImpl.invoke0(Native Method)
	at sun.reflect.NativeMethodAccessorImpl.invoke(NativeMethodAccessorImpl.java:62)
	at sun.reflect.DelegatingMethodAccessorImpl.invoke(DelegatingMethodAccessorImpl.java:43)
	at java.lang.reflect.Method.invoke(Method.java:498)
	at org.junit.runners.model.FrameworkMethod$1.runReflectiveCall(FrameworkMethod.java:47)
	at org.junit.internal.runners.model.ReflectiveCallable.run(ReflectiveCallable.java:12)
	at org.junit.runners.model.FrameworkMethod.invokeExplosively(FrameworkMethod.java:44)
	at org.junit.internal.runners.statements.InvokeMethod.evaluate(InvokeMethod.java:17)
	at org.junit.internal.runners.statements.FailOnTimeout$StatementThread.run(FailOnTimeout.java:74)
--- com.google.javascript.jscomp.NodeUtil_ESTest::test332370
org.evosuite.runtime.mock.java.lang.MockError: Unknown precedence for lb (type 79)
	at com.google.javascript.jscomp.NodeUtil.precedence(NodeUtil.java:971)
	at com.google.javascript.jscomp.NodeUtil_ESTest.test332370(NodeUtil_ESTest.java:2370)
	at sun.reflect.NativeMethodAccessorImpl.invoke0(Native Method)
	at sun.reflect.NativeMethodAccessorImpl.invoke(NativeMethodAccessorImpl.java:62)
	at sun.reflect.DelegatingMethodAccessorImpl.invoke(DelegatingMethodAccessorImpl.java:43)
	at java.lang.reflect.Method.invoke(Method.java:498)
	at org.junit.runners.model.FrameworkMethod$1.runReflectiveCall(FrameworkMethod.java:47)
	at org.junit.internal.runners.model.ReflectiveCallable.run(ReflectiveCallable.java:12)
	at org.junit.runners.model.FrameworkMethod.invokeExplosively(FrameworkMethod.java:44)
	at org.junit.internal.runners.statements.InvokeMethod.evaluate(InvokeMethod.java:17)
	at org.junit.internal.runners.statements.FailOnTimeout$StatementThread.run(FailOnTimeout.java:74)
--- com.google.javascript.jscomp.NodeUtil_ESTest::test452507
java.lang.NullPointerException
	at com.google.javascript.rhino.Node.getChildBefore(Node.java:564)
	at com.google.javascript.rhino.Node.removeChild(Node.java:681)
	at com.google.javascript.jscomp.NodeUtil.removeChild(NodeUtil.java:1373)
	at com.google.javascript.jscomp.NodeUtil_ESTest.test452507(NodeUtil_ESTest.java:3197)
	at sun.reflect.NativeMethodAccessorImpl.invoke0(Native Method)
	at sun.reflect.NativeMethodAccessorImpl.invoke(NativeMethodAccessorImpl.java:62)
	at sun.reflect.DelegatingMethodAccessorImpl.invoke(DelegatingMethodAccessorImpl.java:43)
	at java.lang.reflect.Method.invoke(Method.java:498)
	at org.junit.runners.model.FrameworkMethod$1.runReflectiveCall(FrameworkMethod.java:47)
	at org.junit.internal.runners.model.ReflectiveCallable.run(ReflectiveCallable.java:12)
	at org.junit.runners.model.FrameworkMethod.invokeExplosively(FrameworkMethod.java:44)
	at org.junit.internal.runners.statements.InvokeMethod.evaluate(InvokeMethod.java:17)
	at org.junit.internal.runners.statements.FailOnTimeout$StatementThread.run(FailOnTimeout.java:74)
--- com.google.javascript.jscomp.NodeUtil_ESTest::test495559
org.evosuite.runtime.mock.java.lang.MockError: Unknown op 34: SETPROP
	at com.google.javascript.jscomp.NodeUtil.opToStrNoFail(NodeUtil.java:1721)
	at com.google.javascript.jscomp.NodeUtil_ESTest.test495559(NodeUtil_ESTest.java:3487)
	at sun.reflect.NativeMethodAccessorImpl.invoke0(Native Method)
	at sun.reflect.NativeMethodAccessorImpl.invoke(NativeMethodAccessorImpl.java:62)
	at sun.reflect.DelegatingMethodAccessorImpl.invoke(DelegatingMethodAccessorImpl.java:43)
	at java.lang.reflect.Method.invoke(Method.java:498)
	at org.junit.runners.model.FrameworkMethod$1.runReflectiveCall(FrameworkMethod.java:47)
	at org.junit.internal.runners.model.ReflectiveCallable.run(ReflectiveCallable.java:12)
	at org.junit.runners.model.FrameworkMethod.invokeExplosively(FrameworkMethod.java:44)
	at org.junit.internal.runners.statements.InvokeMethod.evaluate(InvokeMethod.java:17)
	at org.junit.internal.runners.statements.FailOnTimeout$StatementThread.run(FailOnTimeout.java:74)
--- com.google.javascript.jscomp.NodeUtil_ESTest::test520584
org.evosuite.runtime.mock.java.lang.MockError: Unknown op 59: ENUM_NEXT
	at com.google.javascript.jscomp.NodeUtil.opToStrNoFail(NodeUtil.java:1721)
	at com.google.javascript.jscomp.NodeUtil_ESTest.test520584(NodeUtil_ESTest.java:3612)
	at sun.reflect.NativeMethodAccessorImpl.invoke0(Native Method)
	at sun.reflect.NativeMethodAccessorImpl.invoke(NativeMethodAccessorImpl.java:62)
	at sun.reflect.DelegatingMethodAccessorImpl.invoke(DelegatingMethodAccessorImpl.java:43)
	at java.lang.reflect.Method.invoke(Method.java:498)
	at org.junit.runners.model.FrameworkMethod$1.runReflectiveCall(FrameworkMethod.java:47)
	at org.junit.internal.runners.model.ReflectiveCallable.run(ReflectiveCallable.java:12)
	at org.junit.runners.model.FrameworkMethod.invokeExplosively(FrameworkMethod.java:44)
	at org.junit.internal.runners.statements.InvokeMethod.evaluate(InvokeMethod.java:17)
	at org.junit.internal.runners.statements.FailOnTimeout$StatementThread.run(FailOnTimeout.java:74)
--- com.google.javascript.jscomp.NodeUtil_ESTest::test567631
org.evosuite.runtime.mock.java.lang.MockError: Unknown op 108: IF
	at com.google.javascript.jscomp.NodeUtil.opToStrNoFail(NodeUtil.java:1721)
	at com.google.javascript.jscomp.NodeUtil_ESTest.test567631(NodeUtil_ESTest.java:3847)
	at sun.reflect.NativeMethodAccessorImpl.invoke0(Native Method)
	at sun.reflect.NativeMethodAccessorImpl.invoke(NativeMethodAccessorImpl.java:62)
	at sun.reflect.DelegatingMethodAccessorImpl.invoke(DelegatingMethodAccessorImpl.java:43)
	at java.lang.reflect.Method.invoke(Method.java:498)
	at org.junit.runners.model.FrameworkMethod$1.runReflectiveCall(FrameworkMethod.java:47)
	at org.junit.internal.runners.model.ReflectiveCallable.run(ReflectiveCallable.java:12)
	at org.junit.runners.model.FrameworkMethod.invokeExplosively(FrameworkMethod.java:44)
	at org.junit.internal.runners.statements.InvokeMethod.evaluate(InvokeMethod.java:17)
	at org.junit.internal.runners.statements.FailOnTimeout$StatementThread.run(FailOnTimeout.java:74)
--- com.google.javascript.jscomp.NodeUtil_ESTest::test322360
org.evosuite.runtime.mock.java.lang.MockError: Unknown precedence for ref_special (type 69)
	at com.google.javascript.jscomp.NodeUtil.precedence(NodeUtil.java:971)
	at com.google.javascript.jscomp.NodeUtil_ESTest.test322360(NodeUtil_ESTest.java:2320)
	at sun.reflect.NativeMethodAccessorImpl.invoke0(Native Method)
	at sun.reflect.NativeMethodAccessorImpl.invoke(NativeMethodAccessorImpl.java:62)
	at sun.reflect.DelegatingMethodAccessorImpl.invoke(DelegatingMethodAccessorImpl.java:43)
	at java.lang.reflect.Method.invoke(Method.java:498)
	at org.junit.runners.model.FrameworkMethod$1.runReflectiveCall(FrameworkMethod.java:47)
	at org.junit.internal.runners.model.ReflectiveCallable.run(ReflectiveCallable.java:12)
	at org.junit.runners.model.FrameworkMethod.invokeExplosively(FrameworkMethod.java:44)
	at org.junit.internal.runners.statements.InvokeMethod.evaluate(InvokeMethod.java:17)
	at org.junit.internal.runners.statements.FailOnTimeout$StatementThread.run(FailOnTimeout.java:74)
--- com.google.javascript.jscomp.NodeUtil_ESTest::test588660
org.evosuite.runtime.mock.java.lang.MockIllegalStateException
	at com.google.common.base.Preconditions.checkState(Preconditions.java:129)
	at com.google.javascript.jscomp.NodeUtil.getRootOfQualifiedName(NodeUtil.java:1883)
	at com.google.javascript.jscomp.NodeUtil_ESTest.test588660(NodeUtil_ESTest.java:4032)
	at sun.reflect.NativeMethodAccessorImpl.invoke0(Native Method)
	at sun.reflect.NativeMethodAccessorImpl.invoke(NativeMethodAccessorImpl.java:62)
	at sun.reflect.DelegatingMethodAccessorImpl.invoke(DelegatingMethodAccessorImpl.java:43)
	at java.lang.reflect.Method.invoke(Method.java:498)
	at org.junit.runners.model.FrameworkMethod$1.runReflectiveCall(FrameworkMethod.java:47)
	at org.junit.internal.runners.model.ReflectiveCallable.run(ReflectiveCallable.java:12)
	at org.junit.runners.model.FrameworkMethod.invokeExplosively(FrameworkMethod.java:44)
	at org.junit.internal.runners.statements.InvokeMethod.evaluate(InvokeMethod.java:17)
	at org.junit.internal.runners.statements.FailOnTimeout$StatementThread.run(FailOnTimeout.java:74)
--- com.google.javascript.jscomp.NodeUtil_ESTest::test137165
org.evosuite.runtime.mock.java.lang.MockIllegalStateException: Unexpected expression nodeENUM_INIT_VALUES 43
 parent:null
	at com.google.javascript.jscomp.NodeUtil.evaluatesToLocalValue(NodeUtil.java:2485)
	at com.google.javascript.jscomp.NodeUtil.evaluatesToLocalValue(NodeUtil.java:2416)
	at com.google.javascript.jscomp.NodeUtil_ESTest.test137165(NodeUtil_ESTest.java:1175)
	at sun.reflect.NativeMethodAccessorImpl.invoke0(Native Method)
	at sun.reflect.NativeMethodAccessorImpl.invoke(NativeMethodAccessorImpl.java:62)
	at sun.reflect.DelegatingMethodAccessorImpl.invoke(DelegatingMethodAccessorImpl.java:43)
	at java.lang.reflect.Method.invoke(Method.java:498)
	at org.junit.runners.model.FrameworkMethod$1.runReflectiveCall(FrameworkMethod.java:47)
	at org.junit.internal.runners.model.ReflectiveCallable.run(ReflectiveCallable.java:12)
	at org.junit.runners.model.FrameworkMethod.invokeExplosively(FrameworkMethod.java:44)
	at org.junit.internal.runners.statements.InvokeMethod.evaluate(InvokeMethod.java:17)
	at org.junit.internal.runners.statements.FailOnTimeout$StatementThread.run(FailOnTimeout.java:74)
--- com.google.javascript.jscomp.NodeUtil_ESTest::test171199
java.lang.NullPointerException
	at com.google.javascript.jscomp.NodeUtil.isName(NodeUtil.java:1099)
	at com.google.javascript.jscomp.NodeUtil.checkForStateChangeHelper(NodeUtil.java:620)
	at com.google.javascript.jscomp.NodeUtil.mayHaveSideEffects(NodeUtil.java:521)
	at com.google.javascript.jscomp.NodeUtil.mayHaveSideEffects(NodeUtil.java:517)
	at com.google.javascript.jscomp.NodeUtil_ESTest.test171199(NodeUtil_ESTest.java:1380)
	at sun.reflect.NativeMethodAccessorImpl.invoke0(Native Method)
	at sun.reflect.NativeMethodAccessorImpl.invoke(NativeMethodAccessorImpl.java:62)
	at sun.reflect.DelegatingMethodAccessorImpl.invoke(DelegatingMethodAccessorImpl.java:43)
	at java.lang.reflect.Method.invoke(Method.java:498)
	at org.junit.runners.model.FrameworkMethod$1.runReflectiveCall(FrameworkMethod.java:47)
	at org.junit.internal.runners.model.ReflectiveCallable.run(ReflectiveCallable.java:12)
	at org.junit.runners.model.FrameworkMethod.invokeExplosively(FrameworkMethod.java:44)
	at org.junit.internal.runners.statements.InvokeMethod.evaluate(InvokeMethod.java:17)
	at org.junit.internal.runners.statements.FailOnTimeout$StatementThread.run(FailOnTimeout.java:74)
--- com.google.javascript.jscomp.NodeUtil_ESTest::test371409
org.evosuite.runtime.mock.java.lang.MockError: Unknown precedence for var (type 118)
	at com.google.javascript.jscomp.NodeUtil.precedence(NodeUtil.java:971)
	at com.google.javascript.jscomp.NodeUtil_ESTest.test371409(NodeUtil_ESTest.java:2565)
	at sun.reflect.NativeMethodAccessorImpl.invoke0(Native Method)
	at sun.reflect.NativeMethodAccessorImpl.invoke(NativeMethodAccessorImpl.java:62)
	at sun.reflect.DelegatingMethodAccessorImpl.invoke(DelegatingMethodAccessorImpl.java:43)
	at java.lang.reflect.Method.invoke(Method.java:498)
	at org.junit.runners.model.FrameworkMethod$1.runReflectiveCall(FrameworkMethod.java:47)
	at org.junit.internal.runners.model.ReflectiveCallable.run(ReflectiveCallable.java:12)
	at org.junit.runners.model.FrameworkMethod.invokeExplosively(FrameworkMethod.java:44)
	at org.junit.internal.runners.statements.InvokeMethod.evaluate(InvokeMethod.java:17)
	at org.junit.internal.runners.statements.FailOnTimeout$StatementThread.run(FailOnTimeout.java:74)
--- com.google.javascript.jscomp.NodeUtil_ESTest::test311349
org.evosuite.runtime.mock.java.lang.MockError: Unknown precedence for <unknown=57> (type 57)
	at com.google.javascript.jscomp.NodeUtil.precedence(NodeUtil.java:971)
	at com.google.javascript.jscomp.NodeUtil_ESTest.test311349(NodeUtil_ESTest.java:2265)
	at sun.reflect.NativeMethodAccessorImpl.invoke0(Native Method)
	at sun.reflect.NativeMethodAccessorImpl.invoke(NativeMethodAccessorImpl.java:62)
	at sun.reflect.DelegatingMethodAccessorImpl.invoke(DelegatingMethodAccessorImpl.java:43)
	at java.lang.reflect.Method.invoke(Method.java:498)
	at org.junit.runners.model.FrameworkMethod$1.runReflectiveCall(FrameworkMethod.java:47)
	at org.junit.internal.runners.model.ReflectiveCallable.run(ReflectiveCallable.java:12)
	at org.junit.runners.model.FrameworkMethod.invokeExplosively(FrameworkMethod.java:44)
	at org.junit.internal.runners.statements.InvokeMethod.evaluate(InvokeMethod.java:17)
	at org.junit.internal.runners.statements.FailOnTimeout$StatementThread.run(FailOnTimeout.java:74)
--- com.google.javascript.jscomp.NodeUtil_ESTest::test333371
org.evosuite.runtime.mock.java.lang.MockError: Unknown precedence for rb (type 80)
	at com.google.javascript.jscomp.NodeUtil.precedence(NodeUtil.java:971)
	at com.google.javascript.jscomp.NodeUtil_ESTest.test333371(NodeUtil_ESTest.java:2375)
	at sun.reflect.NativeMethodAccessorImpl.invoke0(Native Method)
	at sun.reflect.NativeMethodAccessorImpl.invoke(NativeMethodAccessorImpl.java:62)
	at sun.reflect.DelegatingMethodAccessorImpl.invoke(DelegatingMethodAccessorImpl.java:43)
	at java.lang.reflect.Method.invoke(Method.java:498)
	at org.junit.runners.model.FrameworkMethod$1.runReflectiveCall(FrameworkMethod.java:47)
	at org.junit.internal.runners.model.ReflectiveCallable.run(ReflectiveCallable.java:12)
	at org.junit.runners.model.FrameworkMethod.invokeExplosively(FrameworkMethod.java:44)
	at org.junit.internal.runners.statements.InvokeMethod.evaluate(InvokeMethod.java:17)
	at org.junit.internal.runners.statements.FailOnTimeout$StatementThread.run(FailOnTimeout.java:74)
--- com.google.javascript.jscomp.NodeUtil_ESTest::test577641
org.evosuite.runtime.mock.java.lang.MockError: Unknown op 118: VAR
	at com.google.javascript.jscomp.NodeUtil.opToStrNoFail(NodeUtil.java:1721)
	at com.google.javascript.jscomp.NodeUtil_ESTest.test577641(NodeUtil_ESTest.java:3897)
	at sun.reflect.NativeMethodAccessorImpl.invoke0(Native Method)
	at sun.reflect.NativeMethodAccessorImpl.invoke(NativeMethodAccessorImpl.java:62)
	at sun.reflect.DelegatingMethodAccessorImpl.invoke(DelegatingMethodAccessorImpl.java:43)
	at java.lang.reflect.Method.invoke(Method.java:498)
	at org.junit.runners.model.FrameworkMethod$1.runReflectiveCall(FrameworkMethod.java:47)
	at org.junit.internal.runners.model.ReflectiveCallable.run(ReflectiveCallable.java:12)
	at org.junit.runners.model.FrameworkMethod.invokeExplosively(FrameworkMethod.java:44)
	at org.junit.internal.runners.statements.InvokeMethod.evaluate(InvokeMethod.java:17)
	at org.junit.internal.runners.statements.FailOnTimeout$StatementThread.run(FailOnTimeout.java:74)
--- com.google.javascript.jscomp.NodeUtil_ESTest::test566630
org.evosuite.runtime.mock.java.lang.MockError: Unknown op 107: IMPORT
	at com.google.javascript.jscomp.NodeUtil.opToStrNoFail(NodeUtil.java:1721)
	at com.google.javascript.jscomp.NodeUtil_ESTest.test566630(NodeUtil_ESTest.java:3842)
	at sun.reflect.NativeMethodAccessorImpl.invoke0(Native Method)
	at sun.reflect.NativeMethodAccessorImpl.invoke(NativeMethodAccessorImpl.java:62)
	at sun.reflect.DelegatingMethodAccessorImpl.invoke(DelegatingMethodAccessorImpl.java:43)
	at java.lang.reflect.Method.invoke(Method.java:498)
	at org.junit.runners.model.FrameworkMethod$1.runReflectiveCall(FrameworkMethod.java:47)
	at org.junit.internal.runners.model.ReflectiveCallable.run(ReflectiveCallable.java:12)
	at org.junit.runners.model.FrameworkMethod.invokeExplosively(FrameworkMethod.java:44)
	at org.junit.internal.runners.statements.InvokeMethod.evaluate(InvokeMethod.java:17)
	at org.junit.internal.runners.statements.FailOnTimeout$StatementThread.run(FailOnTimeout.java:74)
--- com.google.javascript.jscomp.NodeUtil_ESTest::test160188
org.evosuite.runtime.mock.java.lang.MockIllegalStateException: Unexpected expression nodeRC
 parent:null
	at com.google.javascript.jscomp.NodeUtil.evaluatesToLocalValue(NodeUtil.java:2485)
	at com.google.javascript.jscomp.NodeUtil.evaluatesToLocalValue(NodeUtil.java:2416)
	at com.google.javascript.jscomp.NodeUtil_ESTest.test160188(NodeUtil_ESTest.java:1314)
	at sun.reflect.NativeMethodAccessorImpl.invoke0(Native Method)
	at sun.reflect.NativeMethodAccessorImpl.invoke(NativeMethodAccessorImpl.java:62)
	at sun.reflect.DelegatingMethodAccessorImpl.invoke(DelegatingMethodAccessorImpl.java:43)
	at java.lang.reflect.Method.invoke(Method.java:498)
	at org.junit.runners.model.FrameworkMethod$1.runReflectiveCall(FrameworkMethod.java:47)
	at org.junit.internal.runners.model.ReflectiveCallable.run(ReflectiveCallable.java:12)
	at org.junit.runners.model.FrameworkMethod.invokeExplosively(FrameworkMethod.java:44)
	at org.junit.internal.runners.statements.InvokeMethod.evaluate(InvokeMethod.java:17)
	at org.junit.internal.runners.statements.FailOnTimeout$StatementThread.run(FailOnTimeout.java:74)
--- com.google.javascript.jscomp.NodeUtil_ESTest::test07795
java.lang.NullPointerException
	at com.google.javascript.jscomp.NodeUtil.isValidDefineValue(NodeUtil.java:375)
	at com.google.javascript.jscomp.NodeUtil.isValidDefineValue(NodeUtil.java:410)
	at com.google.javascript.jscomp.NodeUtil_ESTest.test07795(NodeUtil_ESTest.java:714)
	at sun.reflect.NativeMethodAccessorImpl.invoke0(Native Method)
	at sun.reflect.NativeMethodAccessorImpl.invoke(NativeMethodAccessorImpl.java:62)
	at sun.reflect.DelegatingMethodAccessorImpl.invoke(DelegatingMethodAccessorImpl.java:43)
	at java.lang.reflect.Method.invoke(Method.java:498)
	at org.junit.runners.model.FrameworkMethod$1.runReflectiveCall(FrameworkMethod.java:47)
	at org.junit.internal.runners.model.ReflectiveCallable.run(ReflectiveCallable.java:12)
	at org.junit.runners.model.FrameworkMethod.invokeExplosively(FrameworkMethod.java:44)
	at org.junit.internal.runners.statements.InvokeMethod.evaluate(InvokeMethod.java:17)
	at org.junit.internal.runners.statements.FailOnTimeout$StatementThread.run(FailOnTimeout.java:74)
--- com.google.javascript.jscomp.NodeUtil_ESTest::test159187
org.evosuite.runtime.mock.java.lang.MockIllegalStateException: Unexpected expression nodeLC
 parent:null
	at com.google.javascript.jscomp.NodeUtil.evaluatesToLocalValue(NodeUtil.java:2485)
	at com.google.javascript.jscomp.NodeUtil.evaluatesToLocalValue(NodeUtil.java:2416)
	at com.google.javascript.jscomp.NodeUtil_ESTest.test159187(NodeUtil_ESTest.java:1307)
	at sun.reflect.NativeMethodAccessorImpl.invoke0(Native Method)
	at sun.reflect.NativeMethodAccessorImpl.invoke(NativeMethodAccessorImpl.java:62)
	at sun.reflect.DelegatingMethodAccessorImpl.invoke(DelegatingMethodAccessorImpl.java:43)
	at java.lang.reflect.Method.invoke(Method.java:498)
	at org.junit.runners.model.FrameworkMethod$1.runReflectiveCall(FrameworkMethod.java:47)
	at org.junit.internal.runners.model.ReflectiveCallable.run(ReflectiveCallable.java:12)
	at org.junit.runners.model.FrameworkMethod.invokeExplosively(FrameworkMethod.java:44)
	at org.junit.internal.runners.statements.InvokeMethod.evaluate(InvokeMethod.java:17)
	at org.junit.internal.runners.statements.FailOnTimeout$StatementThread.run(FailOnTimeout.java:74)
--- com.google.javascript.jscomp.NodeUtil_ESTest::test436488
org.evosuite.runtime.mock.java.lang.MockIllegalStateException
	at com.google.common.base.Preconditions.checkState(Preconditions.java:129)
	at com.google.javascript.jscomp.NodeUtil.isControlStructureCodeBlock(NodeUtil.java:1285)
	at com.google.javascript.jscomp.NodeUtil_ESTest.test436488(NodeUtil_ESTest.java:3071)
	at sun.reflect.NativeMethodAccessorImpl.invoke0(Native Method)
	at sun.reflect.NativeMethodAccessorImpl.invoke(NativeMethodAccessorImpl.java:62)
	at sun.reflect.DelegatingMethodAccessorImpl.invoke(DelegatingMethodAccessorImpl.java:43)
	at java.lang.reflect.Method.invoke(Method.java:498)
	at org.junit.runners.model.FrameworkMethod$1.runReflectiveCall(FrameworkMethod.java:47)
	at org.junit.internal.runners.model.ReflectiveCallable.run(ReflectiveCallable.java:12)
	at org.junit.runners.model.FrameworkMethod.invokeExplosively(FrameworkMethod.java:44)
	at org.junit.internal.runners.statements.InvokeMethod.evaluate(InvokeMethod.java:17)
	at org.junit.internal.runners.statements.FailOnTimeout$StatementThread.run(FailOnTimeout.java:74)
--- com.google.javascript.jscomp.NodeUtil_ESTest::test00911
org.evosuite.runtime.mock.java.lang.MockIllegalStateException: Expected CALL node, got NUMBER
	at com.google.javascript.jscomp.NodeUtil.functionCallHasSideEffects(NodeUtil.java:737)
	at com.google.javascript.jscomp.NodeUtil.functionCallHasSideEffects(NodeUtil.java:724)
	at com.google.javascript.jscomp.NodeUtil_ESTest.test00911(NodeUtil_ESTest.java:125)
	at sun.reflect.NativeMethodAccessorImpl.invoke0(Native Method)
	at sun.reflect.NativeMethodAccessorImpl.invoke(NativeMethodAccessorImpl.java:62)
	at sun.reflect.DelegatingMethodAccessorImpl.invoke(DelegatingMethodAccessorImpl.java:43)
	at java.lang.reflect.Method.invoke(Method.java:498)
	at org.junit.runners.model.FrameworkMethod$1.runReflectiveCall(FrameworkMethod.java:47)
	at org.junit.internal.runners.model.ReflectiveCallable.run(ReflectiveCallable.java:12)
	at org.junit.runners.model.FrameworkMethod.invokeExplosively(FrameworkMethod.java:44)
	at org.junit.internal.runners.statements.InvokeMethod.evaluate(InvokeMethod.java:17)
	at org.junit.internal.runners.statements.FailOnTimeout$StatementThread.run(FailOnTimeout.java:74)
--- com.google.javascript.jscomp.NodeUtil_ESTest::test610691
org.evosuite.runtime.mock.java.lang.MockIllegalArgumentException
	at com.google.common.base.Preconditions.checkArgument(Preconditions.java:72)
	at com.google.javascript.jscomp.NodeUtil.hasCatchHandler(NodeUtil.java:2296)
	at com.google.javascript.jscomp.NodeUtil_ESTest.test610691(NodeUtil_ESTest.java:4253)
	at sun.reflect.NativeMethodAccessorImpl.invoke0(Native Method)
	at sun.reflect.NativeMethodAccessorImpl.invoke(NativeMethodAccessorImpl.java:62)
	at sun.reflect.DelegatingMethodAccessorImpl.invoke(DelegatingMethodAccessorImpl.java:43)
	at java.lang.reflect.Method.invoke(Method.java:498)
	at org.junit.runners.model.FrameworkMethod$1.runReflectiveCall(FrameworkMethod.java:47)
	at org.junit.internal.runners.model.ReflectiveCallable.run(ReflectiveCallable.java:12)
	at org.junit.runners.model.FrameworkMethod.invokeExplosively(FrameworkMethod.java:44)
	at org.junit.internal.runners.statements.InvokeMethod.evaluate(InvokeMethod.java:17)
	at org.junit.internal.runners.statements.FailOnTimeout$StatementThread.run(FailOnTimeout.java:74)
--- com.google.javascript.jscomp.NodeUtil_ESTest::test174202
org.evosuite.runtime.mock.java.lang.MockIllegalStateException: Unexpected expression nodeCOLON 99
 parent:null
	at com.google.javascript.jscomp.NodeUtil.evaluatesToLocalValue(NodeUtil.java:2485)
	at com.google.javascript.jscomp.NodeUtil.evaluatesToLocalValue(NodeUtil.java:2416)
	at com.google.javascript.jscomp.NodeUtil_ESTest.test174202(NodeUtil_ESTest.java:1397)
	at sun.reflect.NativeMethodAccessorImpl.invoke0(Native Method)
	at sun.reflect.NativeMethodAccessorImpl.invoke(NativeMethodAccessorImpl.java:62)
	at sun.reflect.DelegatingMethodAccessorImpl.invoke(DelegatingMethodAccessorImpl.java:43)
	at java.lang.reflect.Method.invoke(Method.java:498)
	at org.junit.runners.model.FrameworkMethod$1.runReflectiveCall(FrameworkMethod.java:47)
	at org.junit.internal.runners.model.ReflectiveCallable.run(ReflectiveCallable.java:12)
	at org.junit.runners.model.FrameworkMethod.invokeExplosively(FrameworkMethod.java:44)
	at org.junit.internal.runners.statements.InvokeMethod.evaluate(InvokeMethod.java:17)
	at org.junit.internal.runners.statements.FailOnTimeout$StatementThread.run(FailOnTimeout.java:74)
--- com.google.javascript.jscomp.NodeUtil_ESTest::test451506
org.evosuite.runtime.mock.java.lang.MockIllegalStateException: Invalid attempt to remove node: OR of TRY
	at com.google.javascript.jscomp.NodeUtil.removeChild(NodeUtil.java:1400)
	at com.google.javascript.jscomp.NodeUtil_ESTest.test451506(NodeUtil_ESTest.java:3190)
	at sun.reflect.NativeMethodAccessorImpl.invoke0(Native Method)
	at sun.reflect.NativeMethodAccessorImpl.invoke(NativeMethodAccessorImpl.java:62)
	at sun.reflect.DelegatingMethodAccessorImpl.invoke(DelegatingMethodAccessorImpl.java:43)
	at java.lang.reflect.Method.invoke(Method.java:498)
	at org.junit.runners.model.FrameworkMethod$1.runReflectiveCall(FrameworkMethod.java:47)
	at org.junit.internal.runners.model.ReflectiveCallable.run(ReflectiveCallable.java:12)
	at org.junit.runners.model.FrameworkMethod.invokeExplosively(FrameworkMethod.java:44)
	at org.junit.internal.runners.statements.InvokeMethod.evaluate(InvokeMethod.java:17)
	at org.junit.internal.runners.statements.FailOnTimeout$StatementThread.run(FailOnTimeout.java:74)
--- com.google.javascript.jscomp.NodeUtil_ESTest::test516580
org.evosuite.runtime.mock.java.lang.MockError: Unknown op 55: SETVAR
	at com.google.javascript.jscomp.NodeUtil.opToStrNoFail(NodeUtil.java:1721)
	at com.google.javascript.jscomp.NodeUtil_ESTest.test516580(NodeUtil_ESTest.java:3592)
	at sun.reflect.NativeMethodAccessorImpl.invoke0(Native Method)
	at sun.reflect.NativeMethodAccessorImpl.invoke(NativeMethodAccessorImpl.java:62)
	at sun.reflect.DelegatingMethodAccessorImpl.invoke(DelegatingMethodAccessorImpl.java:43)
	at java.lang.reflect.Method.invoke(Method.java:498)
	at org.junit.runners.model.FrameworkMethod$1.runReflectiveCall(FrameworkMethod.java:47)
	at org.junit.internal.runners.model.ReflectiveCallable.run(ReflectiveCallable.java:12)
	at org.junit.runners.model.FrameworkMethod.invokeExplosively(FrameworkMethod.java:44)
	at org.junit.internal.runners.statements.InvokeMethod.evaluate(InvokeMethod.java:17)
	at org.junit.internal.runners.statements.FailOnTimeout$StatementThread.run(FailOnTimeout.java:74)
--- com.google.javascript.jscomp.NodeUtil_ESTest::test657743
java.lang.NullPointerException
	at com.google.javascript.jscomp.NodeUtil.evaluatesToLocalValue(NodeUtil.java:2425)
	at com.google.javascript.jscomp.NodeUtil.evaluatesToLocalValue(NodeUtil.java:2437)
	at com.google.javascript.jscomp.NodeUtil.evaluatesToLocalValue(NodeUtil.java:2416)
	at com.google.javascript.jscomp.NodeUtil_ESTest.test657743(NodeUtil_ESTest.java:4590)
	at sun.reflect.NativeMethodAccessorImpl.invoke0(Native Method)
	at sun.reflect.NativeMethodAccessorImpl.invoke(NativeMethodAccessorImpl.java:62)
	at sun.reflect.DelegatingMethodAccessorImpl.invoke(DelegatingMethodAccessorImpl.java:43)
	at java.lang.reflect.Method.invoke(Method.java:498)
	at org.junit.runners.model.FrameworkMethod$1.runReflectiveCall(FrameworkMethod.java:47)
	at org.junit.internal.runners.model.ReflectiveCallable.run(ReflectiveCallable.java:12)
	at org.junit.runners.model.FrameworkMethod.invokeExplosively(FrameworkMethod.java:44)
	at org.junit.internal.runners.statements.InvokeMethod.evaluate(InvokeMethod.java:17)
	at org.junit.internal.runners.statements.FailOnTimeout$StatementThread.run(FailOnTimeout.java:74)
--- com.google.javascript.jscomp.NodeUtil_ESTest::test394432
org.evosuite.runtime.mock.java.lang.MockIllegalArgumentException: Not an assiment op
	at com.google.javascript.jscomp.NodeUtil.getOpFromAssignmentOp(NodeUtil.java:1058)
	at com.google.javascript.jscomp.NodeUtil_ESTest.test394432(NodeUtil_ESTest.java:2686)
	at sun.reflect.NativeMethodAccessorImpl.invoke0(Native Method)
	at sun.reflect.NativeMethodAccessorImpl.invoke(NativeMethodAccessorImpl.java:62)
	at sun.reflect.DelegatingMethodAccessorImpl.invoke(DelegatingMethodAccessorImpl.java:43)
	at java.lang.reflect.Method.invoke(Method.java:498)
	at org.junit.runners.model.FrameworkMethod$1.runReflectiveCall(FrameworkMethod.java:47)
	at org.junit.internal.runners.model.ReflectiveCallable.run(ReflectiveCallable.java:12)
	at org.junit.runners.model.FrameworkMethod.invokeExplosively(FrameworkMethod.java:44)
	at org.junit.internal.runners.statements.InvokeMethod.evaluate(InvokeMethod.java:17)
	at org.junit.internal.runners.statements.FailOnTimeout$StatementThread.run(FailOnTimeout.java:74)
--- com.google.javascript.jscomp.NodeUtil_ESTest::test646732
java.lang.NullPointerException
	at com.google.javascript.jscomp.NodeUtil.isImmutableValue(NodeUtil.java:293)
	at com.google.javascript.jscomp.NodeUtil.evaluatesToLocalValue(NodeUtil.java:2430)
	at com.google.javascript.jscomp.NodeUtil.evaluatesToLocalValue(NodeUtil.java:2416)
	at com.google.javascript.jscomp.NodeUtil_ESTest.test646732(NodeUtil_ESTest.java:4523)
	at sun.reflect.NativeMethodAccessorImpl.invoke0(Native Method)
	at sun.reflect.NativeMethodAccessorImpl.invoke(NativeMethodAccessorImpl.java:62)
	at sun.reflect.DelegatingMethodAccessorImpl.invoke(DelegatingMethodAccessorImpl.java:43)
	at java.lang.reflect.Method.invoke(Method.java:498)
	at org.junit.runners.model.FrameworkMethod$1.runReflectiveCall(FrameworkMethod.java:47)
	at org.junit.internal.runners.model.ReflectiveCallable.run(ReflectiveCallable.java:12)
	at org.junit.runners.model.FrameworkMethod.invokeExplosively(FrameworkMethod.java:44)
	at org.junit.internal.runners.statements.InvokeMethod.evaluate(InvokeMethod.java:17)
	at org.junit.internal.runners.statements.FailOnTimeout$StatementThread.run(FailOnTimeout.java:74)
--- com.google.javascript.jscomp.NodeUtil_ESTest::test529593
org.evosuite.runtime.mock.java.lang.MockError: Unknown op 68: REF_CALL
	at com.google.javascript.jscomp.NodeUtil.opToStrNoFail(NodeUtil.java:1721)
	at com.google.javascript.jscomp.NodeUtil_ESTest.test529593(NodeUtil_ESTest.java:3657)
	at sun.reflect.NativeMethodAccessorImpl.invoke0(Native Method)
	at sun.reflect.NativeMethodAccessorImpl.invoke(NativeMethodAccessorImpl.java:62)
	at sun.reflect.DelegatingMethodAccessorImpl.invoke(DelegatingMethodAccessorImpl.java:43)
	at java.lang.reflect.Method.invoke(Method.java:498)
	at org.junit.runners.model.FrameworkMethod$1.runReflectiveCall(FrameworkMethod.java:47)
	at org.junit.internal.runners.model.ReflectiveCallable.run(ReflectiveCallable.java:12)
	at org.junit.runners.model.FrameworkMethod.invokeExplosively(FrameworkMethod.java:44)
	at org.junit.internal.runners.statements.InvokeMethod.evaluate(InvokeMethod.java:17)
	at org.junit.internal.runners.statements.FailOnTimeout$StatementThread.run(FailOnTimeout.java:74)
--- com.google.javascript.jscomp.NodeUtil_ESTest::test496560
org.evosuite.runtime.mock.java.lang.MockError: Unknown op 35: GETELEM
	at com.google.javascript.jscomp.NodeUtil.opToStrNoFail(NodeUtil.java:1721)
	at com.google.javascript.jscomp.NodeUtil_ESTest.test496560(NodeUtil_ESTest.java:3492)
	at sun.reflect.NativeMethodAccessorImpl.invoke0(Native Method)
	at sun.reflect.NativeMethodAccessorImpl.invoke(NativeMethodAccessorImpl.java:62)
	at sun.reflect.DelegatingMethodAccessorImpl.invoke(DelegatingMethodAccessorImpl.java:43)
	at java.lang.reflect.Method.invoke(Method.java:498)
	at org.junit.runners.model.FrameworkMethod$1.runReflectiveCall(FrameworkMethod.java:47)
	at org.junit.internal.runners.model.ReflectiveCallable.run(ReflectiveCallable.java:12)
	at org.junit.runners.model.FrameworkMethod.invokeExplosively(FrameworkMethod.java:44)
	at org.junit.internal.runners.statements.InvokeMethod.evaluate(InvokeMethod.java:17)
	at org.junit.internal.runners.statements.FailOnTimeout$StatementThread.run(FailOnTimeout.java:74)
--- com.google.javascript.jscomp.NodeUtil_ESTest::test242270
java.lang.NullPointerException
	at com.google.javascript.jscomp.NodeUtil.isName(NodeUtil.java:1099)
	at com.google.javascript.jscomp.NodeUtil.checkForStateChangeHelper(NodeUtil.java:620)
	at com.google.javascript.jscomp.NodeUtil.checkForStateChangeHelper(NodeUtil.java:628)
	at com.google.javascript.jscomp.NodeUtil.mayHaveSideEffects(NodeUtil.java:521)
	at com.google.javascript.jscomp.NodeUtil.mayHaveSideEffects(NodeUtil.java:517)
	at com.google.javascript.jscomp.NodeUtil_ESTest.test242270(NodeUtil_ESTest.java:1807)
	at sun.reflect.NativeMethodAccessorImpl.invoke0(Native Method)
	at sun.reflect.NativeMethodAccessorImpl.invoke(NativeMethodAccessorImpl.java:62)
	at sun.reflect.DelegatingMethodAccessorImpl.invoke(DelegatingMethodAccessorImpl.java:43)
	at java.lang.reflect.Method.invoke(Method.java:498)
	at org.junit.runners.model.FrameworkMethod$1.runReflectiveCall(FrameworkMethod.java:47)
	at org.junit.internal.runners.model.ReflectiveCallable.run(ReflectiveCallable.java:12)
	at org.junit.runners.model.FrameworkMethod.invokeExplosively(FrameworkMethod.java:44)
	at org.junit.internal.runners.statements.InvokeMethod.evaluate(InvokeMethod.java:17)
	at org.junit.internal.runners.statements.FailOnTimeout$StatementThread.run(FailOnTimeout.java:74)
--- com.google.javascript.jscomp.NodeUtil_ESTest::test170198
java.lang.NullPointerException
	at com.google.javascript.jscomp.NodeUtil.isName(NodeUtil.java:1099)
	at com.google.javascript.jscomp.NodeUtil.checkForStateChangeHelper(NodeUtil.java:620)
	at com.google.javascript.jscomp.NodeUtil.mayHaveSideEffects(NodeUtil.java:521)
	at com.google.javascript.jscomp.NodeUtil.mayHaveSideEffects(NodeUtil.java:517)
	at com.google.javascript.jscomp.NodeUtil_ESTest.test170198(NodeUtil_ESTest.java:1374)
	at sun.reflect.NativeMethodAccessorImpl.invoke0(Native Method)
	at sun.reflect.NativeMethodAccessorImpl.invoke(NativeMethodAccessorImpl.java:62)
	at sun.reflect.DelegatingMethodAccessorImpl.invoke(DelegatingMethodAccessorImpl.java:43)
	at java.lang.reflect.Method.invoke(Method.java:498)
	at org.junit.runners.model.FrameworkMethod$1.runReflectiveCall(FrameworkMethod.java:47)
	at org.junit.internal.runners.model.ReflectiveCallable.run(ReflectiveCallable.java:12)
	at org.junit.runners.model.FrameworkMethod.invokeExplosively(FrameworkMethod.java:44)
	at org.junit.internal.runners.statements.InvokeMethod.evaluate(InvokeMethod.java:17)
	at org.junit.internal.runners.statements.FailOnTimeout$StatementThread.run(FailOnTimeout.java:74)
--- com.google.javascript.jscomp.NodeUtil_ESTest::test609690
org.evosuite.runtime.mock.java.lang.MockIllegalArgumentException
	at com.google.common.base.Preconditions.checkArgument(Preconditions.java:72)
	at com.google.javascript.jscomp.NodeUtil.getCatchBlock(NodeUtil.java:2287)
	at com.google.javascript.jscomp.NodeUtil_ESTest.test609690(NodeUtil_ESTest.java:4247)
	at sun.reflect.NativeMethodAccessorImpl.invoke0(Native Method)
	at sun.reflect.NativeMethodAccessorImpl.invoke(NativeMethodAccessorImpl.java:62)
	at sun.reflect.DelegatingMethodAccessorImpl.invoke(DelegatingMethodAccessorImpl.java:43)
	at java.lang.reflect.Method.invoke(Method.java:498)
	at org.junit.runners.model.FrameworkMethod$1.runReflectiveCall(FrameworkMethod.java:47)
	at org.junit.internal.runners.model.ReflectiveCallable.run(ReflectiveCallable.java:12)
	at org.junit.runners.model.FrameworkMethod.invokeExplosively(FrameworkMethod.java:44)
	at org.junit.internal.runners.statements.InvokeMethod.evaluate(InvokeMethod.java:17)
	at org.junit.internal.runners.statements.FailOnTimeout$StatementThread.run(FailOnTimeout.java:74)
--- com.google.javascript.jscomp.NodeUtil_ESTest::test370408
org.evosuite.runtime.mock.java.lang.MockError: Unknown precedence for continue (type 117)
	at com.google.javascript.jscomp.NodeUtil.precedence(NodeUtil.java:971)
	at com.google.javascript.jscomp.NodeUtil_ESTest.test370408(NodeUtil_ESTest.java:2560)
	at sun.reflect.NativeMethodAccessorImpl.invoke0(Native Method)
	at sun.reflect.NativeMethodAccessorImpl.invoke(NativeMethodAccessorImpl.java:62)
	at sun.reflect.DelegatingMethodAccessorImpl.invoke(DelegatingMethodAccessorImpl.java:43)
	at java.lang.reflect.Method.invoke(Method.java:498)
	at org.junit.runners.model.FrameworkMethod$1.runReflectiveCall(FrameworkMethod.java:47)
	at org.junit.internal.runners.model.ReflectiveCallable.run(ReflectiveCallable.java:12)
	at org.junit.runners.model.FrameworkMethod.invokeExplosively(FrameworkMethod.java:44)
	at org.junit.internal.runners.statements.InvokeMethod.evaluate(InvokeMethod.java:17)
	at org.junit.internal.runners.statements.FailOnTimeout$StatementThread.run(FailOnTimeout.java:74)
--- com.google.javascript.jscomp.NodeUtil_ESTest::test505569
org.evosuite.runtime.mock.java.lang.MockError: Unknown op 44: TRUE
	at com.google.javascript.jscomp.NodeUtil.opToStrNoFail(NodeUtil.java:1721)
	at com.google.javascript.jscomp.NodeUtil_ESTest.test505569(NodeUtil_ESTest.java:3537)
	at sun.reflect.NativeMethodAccessorImpl.invoke0(Native Method)
	at sun.reflect.NativeMethodAccessorImpl.invoke(NativeMethodAccessorImpl.java:62)
	at sun.reflect.DelegatingMethodAccessorImpl.invoke(DelegatingMethodAccessorImpl.java:43)
	at java.lang.reflect.Method.invoke(Method.java:498)
	at org.junit.runners.model.FrameworkMethod$1.runReflectiveCall(FrameworkMethod.java:47)
	at org.junit.internal.runners.model.ReflectiveCallable.run(ReflectiveCallable.java:12)
	at org.junit.runners.model.FrameworkMethod.invokeExplosively(FrameworkMethod.java:44)
	at org.junit.internal.runners.statements.InvokeMethod.evaluate(InvokeMethod.java:17)
	at org.junit.internal.runners.statements.FailOnTimeout$StatementThread.run(FailOnTimeout.java:74)
--- com.google.javascript.jscomp.NodeUtil_ESTest::test289327
org.evosuite.runtime.mock.java.lang.MockError: Unknown precedence for setprop (type 34)
	at com.google.javascript.jscomp.NodeUtil.precedence(NodeUtil.java:971)
	at com.google.javascript.jscomp.NodeUtil_ESTest.test289327(NodeUtil_ESTest.java:2155)
	at sun.reflect.NativeMethodAccessorImpl.invoke0(Native Method)
	at sun.reflect.NativeMethodAccessorImpl.invoke(NativeMethodAccessorImpl.java:62)
	at sun.reflect.DelegatingMethodAccessorImpl.invoke(DelegatingMethodAccessorImpl.java:43)
	at java.lang.reflect.Method.invoke(Method.java:498)
	at org.junit.runners.model.FrameworkMethod$1.runReflectiveCall(FrameworkMethod.java:47)
	at org.junit.internal.runners.model.ReflectiveCallable.run(ReflectiveCallable.java:12)
	at org.junit.runners.model.FrameworkMethod.invokeExplosively(FrameworkMethod.java:44)
	at org.junit.internal.runners.statements.InvokeMethod.evaluate(InvokeMethod.java:17)
	at org.junit.internal.runners.statements.FailOnTimeout$StatementThread.run(FailOnTimeout.java:74)
--- com.google.javascript.jscomp.NodeUtil_ESTest::test158186
org.evosuite.runtime.mock.java.lang.MockIllegalStateException: Unexpected expression nodeRB
 parent:null
	at com.google.javascript.jscomp.NodeUtil.evaluatesToLocalValue(NodeUtil.java:2485)
	at com.google.javascript.jscomp.NodeUtil.evaluatesToLocalValue(NodeUtil.java:2416)
	at com.google.javascript.jscomp.NodeUtil_ESTest.test158186(NodeUtil_ESTest.java:1301)
	at sun.reflect.NativeMethodAccessorImpl.invoke0(Native Method)
	at sun.reflect.NativeMethodAccessorImpl.invoke(NativeMethodAccessorImpl.java:62)
	at sun.reflect.DelegatingMethodAccessorImpl.invoke(DelegatingMethodAccessorImpl.java:43)
	at java.lang.reflect.Method.invoke(Method.java:498)
	at org.junit.runners.model.FrameworkMethod$1.runReflectiveCall(FrameworkMethod.java:47)
	at org.junit.internal.runners.model.ReflectiveCallable.run(ReflectiveCallable.java:12)
	at org.junit.runners.model.FrameworkMethod.invokeExplosively(FrameworkMethod.java:44)
	at org.junit.internal.runners.statements.InvokeMethod.evaluate(InvokeMethod.java:17)
	at org.junit.internal.runners.statements.FailOnTimeout$StatementThread.run(FailOnTimeout.java:74)
--- com.google.javascript.jscomp.NodeUtil_ESTest::test464520
java.lang.NullPointerException
	at com.google.javascript.jscomp.NodeUtil.isGet(NodeUtil.java:1084)
	at com.google.javascript.jscomp.NodeUtil.isObjectCallMethod(NodeUtil.java:1549)
	at com.google.javascript.jscomp.NodeUtil.isFunctionObjectCall(NodeUtil.java:1567)
	at com.google.javascript.jscomp.NodeUtil.isSimpleFunctionObjectCall(NodeUtil.java:1598)
	at com.google.javascript.jscomp.NodeUtil_ESTest.test464520(NodeUtil_ESTest.java:3286)
	at sun.reflect.NativeMethodAccessorImpl.invoke0(Native Method)
	at sun.reflect.NativeMethodAccessorImpl.invoke(NativeMethodAccessorImpl.java:62)
	at sun.reflect.DelegatingMethodAccessorImpl.invoke(DelegatingMethodAccessorImpl.java:43)
	at java.lang.reflect.Method.invoke(Method.java:498)
	at org.junit.runners.model.FrameworkMethod$1.runReflectiveCall(FrameworkMethod.java:47)
	at org.junit.internal.runners.model.ReflectiveCallable.run(ReflectiveCallable.java:12)
	at org.junit.runners.model.FrameworkMethod.invokeExplosively(FrameworkMethod.java:44)
	at org.junit.internal.runners.statements.InvokeMethod.evaluate(InvokeMethod.java:17)
	at org.junit.internal.runners.statements.FailOnTimeout$StatementThread.run(FailOnTimeout.java:74)
--- com.google.javascript.jscomp.NodeUtil_ESTest::test312350
org.evosuite.runtime.mock.java.lang.MockError: Unknown precedence for <unknown=58> (type 58)
	at com.google.javascript.jscomp.NodeUtil.precedence(NodeUtil.java:971)
	at com.google.javascript.jscomp.NodeUtil_ESTest.test312350(NodeUtil_ESTest.java:2270)
	at sun.reflect.NativeMethodAccessorImpl.invoke0(Native Method)
	at sun.reflect.NativeMethodAccessorImpl.invoke(NativeMethodAccessorImpl.java:62)
	at sun.reflect.DelegatingMethodAccessorImpl.invoke(DelegatingMethodAccessorImpl.java:43)
	at java.lang.reflect.Method.invoke(Method.java:498)
	at org.junit.runners.model.FrameworkMethod$1.runReflectiveCall(FrameworkMethod.java:47)
	at org.junit.internal.runners.model.ReflectiveCallable.run(ReflectiveCallable.java:12)
	at org.junit.runners.model.FrameworkMethod.invokeExplosively(FrameworkMethod.java:44)
	at org.junit.internal.runners.statements.InvokeMethod.evaluate(InvokeMethod.java:17)
	at org.junit.internal.runners.statements.FailOnTimeout$StatementThread.run(FailOnTimeout.java:74)
--- com.google.javascript.jscomp.NodeUtil_ESTest::test169197
java.lang.NullPointerException
	at com.google.javascript.jscomp.NodeUtil.isName(NodeUtil.java:1099)
	at com.google.javascript.jscomp.NodeUtil.checkForStateChangeHelper(NodeUtil.java:620)
	at com.google.javascript.jscomp.NodeUtil.mayHaveSideEffects(NodeUtil.java:521)
	at com.google.javascript.jscomp.NodeUtil.mayHaveSideEffects(NodeUtil.java:517)
	at com.google.javascript.jscomp.NodeUtil_ESTest.test169197(NodeUtil_ESTest.java:1368)
	at sun.reflect.NativeMethodAccessorImpl.invoke0(Native Method)
	at sun.reflect.NativeMethodAccessorImpl.invoke(NativeMethodAccessorImpl.java:62)
	at sun.reflect.DelegatingMethodAccessorImpl.invoke(DelegatingMethodAccessorImpl.java:43)
	at java.lang.reflect.Method.invoke(Method.java:498)
	at org.junit.runners.model.FrameworkMethod$1.runReflectiveCall(FrameworkMethod.java:47)
	at org.junit.internal.runners.model.ReflectiveCallable.run(ReflectiveCallable.java:12)
	at org.junit.runners.model.FrameworkMethod.invokeExplosively(FrameworkMethod.java:44)
	at org.junit.internal.runners.statements.InvokeMethod.evaluate(InvokeMethod.java:17)
	at org.junit.internal.runners.statements.FailOnTimeout$StatementThread.run(FailOnTimeout.java:74)
--- com.google.javascript.jscomp.NodeUtil_ESTest::test323361
org.evosuite.runtime.mock.java.lang.MockError: Unknown precedence for <unknown=70> (type 70)
	at com.google.javascript.jscomp.NodeUtil.precedence(NodeUtil.java:971)
	at com.google.javascript.jscomp.NodeUtil_ESTest.test323361(NodeUtil_ESTest.java:2325)
	at sun.reflect.NativeMethodAccessorImpl.invoke0(Native Method)
	at sun.reflect.NativeMethodAccessorImpl.invoke(NativeMethodAccessorImpl.java:62)
	at sun.reflect.DelegatingMethodAccessorImpl.invoke(DelegatingMethodAccessorImpl.java:43)
	at java.lang.reflect.Method.invoke(Method.java:498)
	at org.junit.runners.model.FrameworkMethod$1.runReflectiveCall(FrameworkMethod.java:47)
	at org.junit.internal.runners.model.ReflectiveCallable.run(ReflectiveCallable.java:12)
	at org.junit.runners.model.FrameworkMethod.invokeExplosively(FrameworkMethod.java:44)
	at org.junit.internal.runners.statements.InvokeMethod.evaluate(InvokeMethod.java:17)
	at org.junit.internal.runners.statements.FailOnTimeout$StatementThread.run(FailOnTimeout.java:74)
--- com.google.javascript.jscomp.NodeUtil_ESTest::test357395
org.evosuite.runtime.mock.java.lang.MockError: Unknown precedence for dot (type 104)
	at com.google.javascript.jscomp.NodeUtil.precedence(NodeUtil.java:971)
	at com.google.javascript.jscomp.NodeUtil_ESTest.test357395(NodeUtil_ESTest.java:2495)
	at sun.reflect.NativeMethodAccessorImpl.invoke0(Native Method)
	at sun.reflect.NativeMethodAccessorImpl.invoke(NativeMethodAccessorImpl.java:62)
	at sun.reflect.DelegatingMethodAccessorImpl.invoke(DelegatingMethodAccessorImpl.java:43)
	at java.lang.reflect.Method.invoke(Method.java:498)
	at org.junit.runners.model.FrameworkMethod$1.runReflectiveCall(FrameworkMethod.java:47)
	at org.junit.internal.runners.model.ReflectiveCallable.run(ReflectiveCallable.java:12)
	at org.junit.runners.model.FrameworkMethod.invokeExplosively(FrameworkMethod.java:44)
	at org.junit.internal.runners.statements.InvokeMethod.evaluate(InvokeMethod.java:17)
	at org.junit.internal.runners.statements.FailOnTimeout$StatementThread.run(FailOnTimeout.java:74)
--- com.google.javascript.jscomp.NodeUtil_ESTest::test643729
org.evosuite.runtime.mock.java.lang.MockIllegalStateException: Unexpected expression nodeSEMI 1nfinity 78
 parent:null
	at com.google.javascript.jscomp.NodeUtil.evaluatesToLocalValue(NodeUtil.java:2485)
	at com.google.javascript.jscomp.NodeUtil.evaluatesToLocalValue(NodeUtil.java:2416)
	at com.google.javascript.jscomp.NodeUtil_ESTest.test643729(NodeUtil_ESTest.java:4505)
	at sun.reflect.NativeMethodAccessorImpl.invoke0(Native Method)
	at sun.reflect.NativeMethodAccessorImpl.invoke(NativeMethodAccessorImpl.java:62)
	at sun.reflect.DelegatingMethodAccessorImpl.invoke(DelegatingMethodAccessorImpl.java:43)
	at java.lang.reflect.Method.invoke(Method.java:498)
	at org.junit.runners.model.FrameworkMethod$1.runReflectiveCall(FrameworkMethod.java:47)
	at org.junit.internal.runners.model.ReflectiveCallable.run(ReflectiveCallable.java:12)
	at org.junit.runners.model.FrameworkMethod.invokeExplosively(FrameworkMethod.java:44)
	at org.junit.internal.runners.statements.InvokeMethod.evaluate(InvokeMethod.java:17)
	at org.junit.internal.runners.statements.FailOnTimeout$StatementThread.run(FailOnTimeout.java:74)
--- com.google.javascript.jscomp.NodeUtil_ESTest::test07593
java.lang.NullPointerException
	at com.google.javascript.jscomp.NodeUtil.isValidDefineValue(NodeUtil.java:375)
	at com.google.javascript.jscomp.NodeUtil.isValidDefineValue(NodeUtil.java:403)
	at com.google.javascript.jscomp.NodeUtil_ESTest.test07593(NodeUtil_ESTest.java:698)
	at sun.reflect.NativeMethodAccessorImpl.invoke0(Native Method)
	at sun.reflect.NativeMethodAccessorImpl.invoke(NativeMethodAccessorImpl.java:62)
	at sun.reflect.DelegatingMethodAccessorImpl.invoke(DelegatingMethodAccessorImpl.java:43)
	at java.lang.reflect.Method.invoke(Method.java:498)
	at org.junit.runners.model.FrameworkMethod$1.runReflectiveCall(FrameworkMethod.java:47)
	at org.junit.internal.runners.model.ReflectiveCallable.run(ReflectiveCallable.java:12)
	at org.junit.runners.model.FrameworkMethod.invokeExplosively(FrameworkMethod.java:44)
	at org.junit.internal.runners.statements.InvokeMethod.evaluate(InvokeMethod.java:17)
	at org.junit.internal.runners.statements.FailOnTimeout$StatementThread.run(FailOnTimeout.java:74)
--- com.google.javascript.jscomp.NodeUtil_ESTest::test334372
org.evosuite.runtime.mock.java.lang.MockError: Unknown precedence for lc (type 81)
	at com.google.javascript.jscomp.NodeUtil.precedence(NodeUtil.java:971)
	at com.google.javascript.jscomp.NodeUtil_ESTest.test334372(NodeUtil_ESTest.java:2380)
	at sun.reflect.NativeMethodAccessorImpl.invoke0(Native Method)
	at sun.reflect.NativeMethodAccessorImpl.invoke(NativeMethodAccessorImpl.java:62)
	at sun.reflect.DelegatingMethodAccessorImpl.invoke(DelegatingMethodAccessorImpl.java:43)
	at java.lang.reflect.Method.invoke(Method.java:498)
	at org.junit.runners.model.FrameworkMethod$1.runReflectiveCall(FrameworkMethod.java:47)
	at org.junit.internal.runners.model.ReflectiveCallable.run(ReflectiveCallable.java:12)
	at org.junit.runners.model.FrameworkMethod.invokeExplosively(FrameworkMethod.java:44)
	at org.junit.internal.runners.statements.InvokeMethod.evaluate(InvokeMethod.java:17)
	at org.junit.internal.runners.statements.FailOnTimeout$StatementThread.run(FailOnTimeout.java:74)
--- com.google.javascript.jscomp.NodeUtil_ESTest::test632718
org.evosuite.runtime.mock.java.lang.MockIllegalStateException: Unexpected expression nodeENUM_ID 60
 parent:null
	at com.google.javascript.jscomp.NodeUtil.evaluatesToLocalValue(NodeUtil.java:2485)
	at com.google.javascript.jscomp.NodeUtil.evaluatesToLocalValue(NodeUtil.java:2416)
	at com.google.javascript.jscomp.NodeUtil_ESTest.test632718(NodeUtil_ESTest.java:4438)
	at sun.reflect.NativeMethodAccessorImpl.invoke0(Native Method)
	at sun.reflect.NativeMethodAccessorImpl.invoke(NativeMethodAccessorImpl.java:62)
	at sun.reflect.DelegatingMethodAccessorImpl.invoke(DelegatingMethodAccessorImpl.java:43)
	at java.lang.reflect.Method.invoke(Method.java:498)
	at org.junit.runners.model.FrameworkMethod$1.runReflectiveCall(FrameworkMethod.java:47)
	at org.junit.internal.runners.model.ReflectiveCallable.run(ReflectiveCallable.java:12)
	at org.junit.runners.model.FrameworkMethod.invokeExplosively(FrameworkMethod.java:44)
	at org.junit.internal.runners.statements.InvokeMethod.evaluate(InvokeMethod.java:17)
	at org.junit.internal.runners.statements.FailOnTimeout$StatementThread.run(FailOnTimeout.java:74)
--- com.google.javascript.jscomp.NodeUtil_ESTest::test372410
org.evosuite.runtime.mock.java.lang.MockError: Unknown precedence for with (type 119)
	at com.google.javascript.jscomp.NodeUtil.precedence(NodeUtil.java:971)
	at com.google.javascript.jscomp.NodeUtil_ESTest.test372410(NodeUtil_ESTest.java:2570)
	at sun.reflect.NativeMethodAccessorImpl.invoke0(Native Method)
	at sun.reflect.NativeMethodAccessorImpl.invoke(NativeMethodAccessorImpl.java:62)
	at sun.reflect.DelegatingMethodAccessorImpl.invoke(DelegatingMethodAccessorImpl.java:43)
	at java.lang.reflect.Method.invoke(Method.java:498)
	at org.junit.runners.model.FrameworkMethod$1.runReflectiveCall(FrameworkMethod.java:47)
	at org.junit.internal.runners.model.ReflectiveCallable.run(ReflectiveCallable.java:12)
	at org.junit.runners.model.FrameworkMethod.invokeExplosively(FrameworkMethod.java:44)
	at org.junit.internal.runners.statements.InvokeMethod.evaluate(InvokeMethod.java:17)
	at org.junit.internal.runners.statements.FailOnTimeout$StatementThread.run(FailOnTimeout.java:74)
--- com.google.javascript.jscomp.NodeUtil_ESTest::test324362
org.evosuite.runtime.mock.java.lang.MockError: Unknown precedence for <unknown=71> (type 71)
	at com.google.javascript.jscomp.NodeUtil.precedence(NodeUtil.java:971)
	at com.google.javascript.jscomp.NodeUtil_ESTest.test324362(NodeUtil_ESTest.java:2330)
	at sun.reflect.NativeMethodAccessorImpl.invoke0(Native Method)
	at sun.reflect.NativeMethodAccessorImpl.invoke(NativeMethodAccessorImpl.java:62)
	at sun.reflect.DelegatingMethodAccessorImpl.invoke(DelegatingMethodAccessorImpl.java:43)
	at java.lang.reflect.Method.invoke(Method.java:498)
	at org.junit.runners.model.FrameworkMethod$1.runReflectiveCall(FrameworkMethod.java:47)
	at org.junit.internal.runners.model.ReflectiveCallable.run(ReflectiveCallable.java:12)
	at org.junit.runners.model.FrameworkMethod.invokeExplosively(FrameworkMethod.java:44)
	at org.junit.internal.runners.statements.InvokeMethod.evaluate(InvokeMethod.java:17)
	at org.junit.internal.runners.statements.FailOnTimeout$StatementThread.run(FailOnTimeout.java:74)
--- com.google.javascript.jscomp.NodeUtil_ESTest::test537601
org.evosuite.runtime.mock.java.lang.MockError: Unknown op 78: SEMI
	at com.google.javascript.jscomp.NodeUtil.opToStrNoFail(NodeUtil.java:1721)
	at com.google.javascript.jscomp.NodeUtil_ESTest.test537601(NodeUtil_ESTest.java:3697)
	at sun.reflect.NativeMethodAccessorImpl.invoke0(Native Method)
	at sun.reflect.NativeMethodAccessorImpl.invoke(NativeMethodAccessorImpl.java:62)
	at sun.reflect.DelegatingMethodAccessorImpl.invoke(DelegatingMethodAccessorImpl.java:43)
	at java.lang.reflect.Method.invoke(Method.java:498)
	at org.junit.runners.model.FrameworkMethod$1.runReflectiveCall(FrameworkMethod.java:47)
	at org.junit.internal.runners.model.ReflectiveCallable.run(ReflectiveCallable.java:12)
	at org.junit.runners.model.FrameworkMethod.invokeExplosively(FrameworkMethod.java:44)
	at org.junit.internal.runners.statements.InvokeMethod.evaluate(InvokeMethod.java:17)
	at org.junit.internal.runners.statements.FailOnTimeout$StatementThread.run(FailOnTimeout.java:74)
--- com.google.javascript.jscomp.NodeUtil_ESTest::test0068
java.lang.NullPointerException
	at com.google.javascript.jscomp.NodeUtil.getPrototypePropertyName(NodeUtil.java:2061)
	at com.google.javascript.jscomp.NodeUtil_ESTest.test0068(NodeUtil_ESTest.java:107)
	at sun.reflect.NativeMethodAccessorImpl.invoke0(Native Method)
	at sun.reflect.NativeMethodAccessorImpl.invoke(NativeMethodAccessorImpl.java:62)
	at sun.reflect.DelegatingMethodAccessorImpl.invoke(DelegatingMethodAccessorImpl.java:43)
	at java.lang.reflect.Method.invoke(Method.java:498)
	at org.junit.runners.model.FrameworkMethod$1.runReflectiveCall(FrameworkMethod.java:47)
	at org.junit.internal.runners.model.ReflectiveCallable.run(ReflectiveCallable.java:12)
	at org.junit.runners.model.FrameworkMethod.invokeExplosively(FrameworkMethod.java:44)
	at org.junit.internal.runners.statements.InvokeMethod.evaluate(InvokeMethod.java:17)
	at org.junit.internal.runners.statements.FailOnTimeout$StatementThread.run(FailOnTimeout.java:74)
--- com.google.javascript.jscomp.NodeUtil_ESTest::test642728
org.evosuite.runtime.mock.java.lang.MockIllegalStateException: Unexpected expression nodeREF_NS_NAME 76
 parent:null
	at com.google.javascript.jscomp.NodeUtil.evaluatesToLocalValue(NodeUtil.java:2485)
	at com.google.javascript.jscomp.NodeUtil.evaluatesToLocalValue(NodeUtil.java:2416)
	at com.google.javascript.jscomp.NodeUtil_ESTest.test642728(NodeUtil_ESTest.java:4499)
	at sun.reflect.NativeMethodAccessorImpl.invoke0(Native Method)
	at sun.reflect.NativeMethodAccessorImpl.invoke(NativeMethodAccessorImpl.java:62)
	at sun.reflect.DelegatingMethodAccessorImpl.invoke(DelegatingMethodAccessorImpl.java:43)
	at java.lang.reflect.Method.invoke(Method.java:498)
	at org.junit.runners.model.FrameworkMethod$1.runReflectiveCall(FrameworkMethod.java:47)
	at org.junit.internal.runners.model.ReflectiveCallable.run(ReflectiveCallable.java:12)
	at org.junit.runners.model.FrameworkMethod.invokeExplosively(FrameworkMethod.java:44)
	at org.junit.internal.runners.statements.InvokeMethod.evaluate(InvokeMethod.java:17)
	at org.junit.internal.runners.statements.FailOnTimeout$StatementThread.run(FailOnTimeout.java:74)
--- com.google.javascript.jscomp.NodeUtil_ESTest::test335373
org.evosuite.runtime.mock.java.lang.MockError: Unknown precedence for rc (type 82)
	at com.google.javascript.jscomp.NodeUtil.precedence(NodeUtil.java:971)
	at com.google.javascript.jscomp.NodeUtil_ESTest.test335373(NodeUtil_ESTest.java:2385)
	at sun.reflect.NativeMethodAccessorImpl.invoke0(Native Method)
	at sun.reflect.NativeMethodAccessorImpl.invoke(NativeMethodAccessorImpl.java:62)
	at sun.reflect.DelegatingMethodAccessorImpl.invoke(DelegatingMethodAccessorImpl.java:43)
	at java.lang.reflect.Method.invoke(Method.java:498)
	at org.junit.runners.model.FrameworkMethod$1.runReflectiveCall(FrameworkMethod.java:47)
	at org.junit.internal.runners.model.ReflectiveCallable.run(ReflectiveCallable.java:12)
	at org.junit.runners.model.FrameworkMethod.invokeExplosively(FrameworkMethod.java:44)
	at org.junit.internal.runners.statements.InvokeMethod.evaluate(InvokeMethod.java:17)
	at org.junit.internal.runners.statements.FailOnTimeout$StatementThread.run(FailOnTimeout.java:74)
--- com.google.javascript.jscomp.NodeUtil_ESTest::test146174
org.evosuite.runtime.mock.java.lang.MockIllegalStateException: Unexpected expression nodeDEL_REF
 parent:null
	at com.google.javascript.jscomp.NodeUtil.evaluatesToLocalValue(NodeUtil.java:2485)
	at com.google.javascript.jscomp.NodeUtil_ESTest.test146174(NodeUtil_ESTest.java:1228)
	at sun.reflect.NativeMethodAccessorImpl.invoke0(Native Method)
	at sun.reflect.NativeMethodAccessorImpl.invoke(NativeMethodAccessorImpl.java:62)
	at sun.reflect.DelegatingMethodAccessorImpl.invoke(DelegatingMethodAccessorImpl.java:43)
	at java.lang.reflect.Method.invoke(Method.java:498)
	at org.junit.runners.model.FrameworkMethod$1.runReflectiveCall(FrameworkMethod.java:47)
	at org.junit.internal.runners.model.ReflectiveCallable.run(ReflectiveCallable.java:12)
	at org.junit.runners.model.FrameworkMethod.invokeExplosively(FrameworkMethod.java:44)
	at org.junit.internal.runners.statements.InvokeMethod.evaluate(InvokeMethod.java:17)
	at org.junit.internal.runners.statements.FailOnTimeout$StatementThread.run(FailOnTimeout.java:74)
--- com.google.javascript.jscomp.NodeUtil_ESTest::test631717
org.evosuite.runtime.mock.java.lang.MockIllegalStateException: Unexpected expression nodeENUM_INIT_KEYS
 parent:null
	at com.google.javascript.jscomp.NodeUtil.evaluatesToLocalValue(NodeUtil.java:2485)
	at com.google.javascript.jscomp.NodeUtil_ESTest.test631717(NodeUtil_ESTest.java:4432)
	at sun.reflect.NativeMethodAccessorImpl.invoke0(Native Method)
	at sun.reflect.NativeMethodAccessorImpl.invoke(NativeMethodAccessorImpl.java:62)
	at sun.reflect.DelegatingMethodAccessorImpl.invoke(DelegatingMethodAccessorImpl.java:43)
	at java.lang.reflect.Method.invoke(Method.java:498)
	at org.junit.runners.model.FrameworkMethod$1.runReflectiveCall(FrameworkMethod.java:47)
	at org.junit.internal.runners.model.ReflectiveCallable.run(ReflectiveCallable.java:12)
	at org.junit.runners.model.FrameworkMethod.invokeExplosively(FrameworkMethod.java:44)
	at org.junit.internal.runners.statements.InvokeMethod.evaluate(InvokeMethod.java:17)
	at org.junit.internal.runners.statements.FailOnTimeout$StatementThread.run(FailOnTimeout.java:74)
--- com.google.javascript.jscomp.NodeUtil_ESTest::test07694
java.lang.NullPointerException
	at com.google.javascript.jscomp.NodeUtil.isValidDefineValue(NodeUtil.java:375)
	at com.google.javascript.jscomp.NodeUtil.isValidDefineValue(NodeUtil.java:403)
	at com.google.javascript.jscomp.NodeUtil.isValidDefineValue(NodeUtil.java:403)
	at com.google.javascript.jscomp.NodeUtil_ESTest.test07694(NodeUtil_ESTest.java:707)
	at sun.reflect.NativeMethodAccessorImpl.invoke0(Native Method)
	at sun.reflect.NativeMethodAccessorImpl.invoke(NativeMethodAccessorImpl.java:62)
	at sun.reflect.DelegatingMethodAccessorImpl.invoke(DelegatingMethodAccessorImpl.java:43)
	at java.lang.reflect.Method.invoke(Method.java:498)
	at org.junit.runners.model.FrameworkMethod$1.runReflectiveCall(FrameworkMethod.java:47)
	at org.junit.internal.runners.model.ReflectiveCallable.run(ReflectiveCallable.java:12)
	at org.junit.runners.model.FrameworkMethod.invokeExplosively(FrameworkMethod.java:44)
	at org.junit.internal.runners.statements.InvokeMethod.evaluate(InvokeMethod.java:17)
	at org.junit.internal.runners.statements.FailOnTimeout$StatementThread.run(FailOnTimeout.java:74)
--- com.google.javascript.jscomp.NodeUtil_ESTest::test157185
org.evosuite.runtime.mock.java.lang.MockIllegalStateException: Unexpected expression nodeLB e6exoHo?]7$mVo9rE 79
 parent:null
	at com.google.javascript.jscomp.NodeUtil.evaluatesToLocalValue(NodeUtil.java:2485)
	at com.google.javascript.jscomp.NodeUtil_ESTest.test157185(NodeUtil_ESTest.java:1295)
	at sun.reflect.NativeMethodAccessorImpl.invoke0(Native Method)
	at sun.reflect.NativeMethodAccessorImpl.invoke(NativeMethodAccessorImpl.java:62)
	at sun.reflect.DelegatingMethodAccessorImpl.invoke(DelegatingMethodAccessorImpl.java:43)
	at java.lang.reflect.Method.invoke(Method.java:498)
	at org.junit.runners.model.FrameworkMethod$1.runReflectiveCall(FrameworkMethod.java:47)
	at org.junit.internal.runners.model.ReflectiveCallable.run(ReflectiveCallable.java:12)
	at org.junit.runners.model.FrameworkMethod.invokeExplosively(FrameworkMethod.java:44)
	at org.junit.internal.runners.statements.InvokeMethod.evaluate(InvokeMethod.java:17)
	at org.junit.internal.runners.statements.FailOnTimeout$StatementThread.run(FailOnTimeout.java:74)
--- com.google.javascript.jscomp.NodeUtil_ESTest::test302340
org.evosuite.runtime.mock.java.lang.MockError: Unknown precedence for bindname (type 48)
	at com.google.javascript.jscomp.NodeUtil.precedence(NodeUtil.java:971)
	at com.google.javascript.jscomp.NodeUtil_ESTest.test302340(NodeUtil_ESTest.java:2220)
	at sun.reflect.NativeMethodAccessorImpl.invoke0(Native Method)
	at sun.reflect.NativeMethodAccessorImpl.invoke(NativeMethodAccessorImpl.java:62)
	at sun.reflect.DelegatingMethodAccessorImpl.invoke(DelegatingMethodAccessorImpl.java:43)
	at java.lang.reflect.Method.invoke(Method.java:498)
	at org.junit.runners.model.FrameworkMethod$1.runReflectiveCall(FrameworkMethod.java:47)
	at org.junit.internal.runners.model.ReflectiveCallable.run(ReflectiveCallable.java:12)
	at org.junit.runners.model.FrameworkMethod.invokeExplosively(FrameworkMethod.java:44)
	at org.junit.internal.runners.statements.InvokeMethod.evaluate(InvokeMethod.java:17)
	at org.junit.internal.runners.statements.FailOnTimeout$StatementThread.run(FailOnTimeout.java:74)
--- com.google.javascript.jscomp.NodeUtil_ESTest::test0079
org.evosuite.runtime.mock.java.lang.MockIllegalStateException: Unexpected expression nodeDOT 104
 parent:null
	at com.google.javascript.jscomp.NodeUtil.evaluatesToLocalValue(NodeUtil.java:2485)
	at com.google.javascript.jscomp.NodeUtil.evaluatesToLocalValue(NodeUtil.java:2416)
	at com.google.javascript.jscomp.NodeUtil_ESTest.test0079(NodeUtil_ESTest.java:113)
	at sun.reflect.NativeMethodAccessorImpl.invoke0(Native Method)
	at sun.reflect.NativeMethodAccessorImpl.invoke(NativeMethodAccessorImpl.java:62)
	at sun.reflect.DelegatingMethodAccessorImpl.invoke(DelegatingMethodAccessorImpl.java:43)
	at java.lang.reflect.Method.invoke(Method.java:498)
	at org.junit.runners.model.FrameworkMethod$1.runReflectiveCall(FrameworkMethod.java:47)
	at org.junit.internal.runners.model.ReflectiveCallable.run(ReflectiveCallable.java:12)
	at org.junit.runners.model.FrameworkMethod.invokeExplosively(FrameworkMethod.java:44)
	at org.junit.internal.runners.statements.InvokeMethod.evaluate(InvokeMethod.java:17)
	at org.junit.internal.runners.statements.FailOnTimeout$StatementThread.run(FailOnTimeout.java:74)
--- com.google.javascript.jscomp.NodeUtil_ESTest::test439491
org.evosuite.runtime.mock.java.lang.MockIllegalArgumentException: DEFAULT does not have a condition.
	at com.google.javascript.jscomp.NodeUtil.getConditionExpression(NodeUtil.java:1313)
	at com.google.javascript.jscomp.NodeUtil_ESTest.test439491(NodeUtil_ESTest.java:3090)
	at sun.reflect.NativeMethodAccessorImpl.invoke0(Native Method)
	at sun.reflect.NativeMethodAccessorImpl.invoke(NativeMethodAccessorImpl.java:62)
	at sun.reflect.DelegatingMethodAccessorImpl.invoke(DelegatingMethodAccessorImpl.java:43)
	at java.lang.reflect.Method.invoke(Method.java:498)
	at org.junit.runners.model.FrameworkMethod$1.runReflectiveCall(FrameworkMethod.java:47)
	at org.junit.internal.runners.model.ReflectiveCallable.run(ReflectiveCallable.java:12)
	at org.junit.runners.model.FrameworkMethod.invokeExplosively(FrameworkMethod.java:44)
	at org.junit.internal.runners.statements.InvokeMethod.evaluate(InvokeMethod.java:17)
	at org.junit.internal.runners.statements.FailOnTimeout$StatementThread.run(FailOnTimeout.java:74)
--- com.google.javascript.jscomp.NodeUtil_ESTest::test168196
java.lang.NullPointerException
	at com.google.javascript.jscomp.NodeUtil.isName(NodeUtil.java:1099)
	at com.google.javascript.jscomp.NodeUtil.checkForStateChangeHelper(NodeUtil.java:620)
	at com.google.javascript.jscomp.NodeUtil.mayEffectMutableState(NodeUtil.java:510)
	at com.google.javascript.jscomp.NodeUtil.mayEffectMutableState(NodeUtil.java:506)
	at com.google.javascript.jscomp.NodeUtil_ESTest.test168196(NodeUtil_ESTest.java:1362)
	at sun.reflect.NativeMethodAccessorImpl.invoke0(Native Method)
	at sun.reflect.NativeMethodAccessorImpl.invoke(NativeMethodAccessorImpl.java:62)
	at sun.reflect.DelegatingMethodAccessorImpl.invoke(DelegatingMethodAccessorImpl.java:43)
	at java.lang.reflect.Method.invoke(Method.java:498)
	at org.junit.runners.model.FrameworkMethod$1.runReflectiveCall(FrameworkMethod.java:47)
	at org.junit.internal.runners.model.ReflectiveCallable.run(ReflectiveCallable.java:12)
	at org.junit.runners.model.FrameworkMethod.invokeExplosively(FrameworkMethod.java:44)
	at org.junit.internal.runners.statements.InvokeMethod.evaluate(InvokeMethod.java:17)
	at org.junit.internal.runners.statements.FailOnTimeout$StatementThread.run(FailOnTimeout.java:74)
--- com.google.javascript.jscomp.NodeUtil_ESTest::test313351
org.evosuite.runtime.mock.java.lang.MockError: Unknown precedence for <unknown=59> (type 59)
	at com.google.javascript.jscomp.NodeUtil.precedence(NodeUtil.java:971)
	at com.google.javascript.jscomp.NodeUtil_ESTest.test313351(NodeUtil_ESTest.java:2275)
	at sun.reflect.NativeMethodAccessorImpl.invoke0(Native Method)
	at sun.reflect.NativeMethodAccessorImpl.invoke(NativeMethodAccessorImpl.java:62)
	at sun.reflect.DelegatingMethodAccessorImpl.invoke(DelegatingMethodAccessorImpl.java:43)
	at java.lang.reflect.Method.invoke(Method.java:498)
	at org.junit.runners.model.FrameworkMethod$1.runReflectiveCall(FrameworkMethod.java:47)
	at org.junit.internal.runners.model.ReflectiveCallable.run(ReflectiveCallable.java:12)
	at org.junit.runners.model.FrameworkMethod.invokeExplosively(FrameworkMethod.java:44)
	at org.junit.internal.runners.statements.InvokeMethod.evaluate(InvokeMethod.java:17)
	at org.junit.internal.runners.statements.FailOnTimeout$StatementThread.run(FailOnTimeout.java:74)
--- com.google.javascript.jscomp.NodeUtil_ESTest::test172200
java.lang.NullPointerException
	at com.google.javascript.jscomp.NodeUtil.isName(NodeUtil.java:1099)
	at com.google.javascript.jscomp.NodeUtil.checkForStateChangeHelper(NodeUtil.java:620)
	at com.google.javascript.jscomp.NodeUtil.mayEffectMutableState(NodeUtil.java:510)
	at com.google.javascript.jscomp.NodeUtil.mayEffectMutableState(NodeUtil.java:506)
	at com.google.javascript.jscomp.NodeUtil_ESTest.test172200(NodeUtil_ESTest.java:1386)
	at sun.reflect.NativeMethodAccessorImpl.invoke0(Native Method)
	at sun.reflect.NativeMethodAccessorImpl.invoke(NativeMethodAccessorImpl.java:62)
	at sun.reflect.DelegatingMethodAccessorImpl.invoke(DelegatingMethodAccessorImpl.java:43)
	at java.lang.reflect.Method.invoke(Method.java:498)
	at org.junit.runners.model.FrameworkMethod$1.runReflectiveCall(FrameworkMethod.java:47)
	at org.junit.internal.runners.model.ReflectiveCallable.run(ReflectiveCallable.java:12)
	at org.junit.runners.model.FrameworkMethod.invokeExplosively(FrameworkMethod.java:44)
	at org.junit.internal.runners.statements.InvokeMethod.evaluate(InvokeMethod.java:17)
	at org.junit.internal.runners.statements.FailOnTimeout$StatementThread.run(FailOnTimeout.java:74)
--- com.google.javascript.jscomp.NodeUtil_ESTest::test633719
org.evosuite.runtime.mock.java.lang.MockIllegalStateException: Unexpected expression nodeTHISFN
 parent:null
	at com.google.javascript.jscomp.NodeUtil.evaluatesToLocalValue(NodeUtil.java:2485)
	at com.google.javascript.jscomp.NodeUtil.evaluatesToLocalValue(NodeUtil.java:2416)
	at com.google.javascript.jscomp.NodeUtil_ESTest.test633719(NodeUtil_ESTest.java:4444)
	at sun.reflect.NativeMethodAccessorImpl.invoke0(Native Method)
	at sun.reflect.NativeMethodAccessorImpl.invoke(NativeMethodAccessorImpl.java:62)
	at sun.reflect.DelegatingMethodAccessorImpl.invoke(DelegatingMethodAccessorImpl.java:43)
	at java.lang.reflect.Method.invoke(Method.java:498)
	at org.junit.runners.model.FrameworkMethod$1.runReflectiveCall(FrameworkMethod.java:47)
	at org.junit.internal.runners.model.ReflectiveCallable.run(ReflectiveCallable.java:12)
	at org.junit.runners.model.FrameworkMethod.invokeExplosively(FrameworkMethod.java:44)
	at org.junit.internal.runners.statements.InvokeMethod.evaluate(InvokeMethod.java:17)
	at org.junit.internal.runners.statements.FailOnTimeout$StatementThread.run(FailOnTimeout.java:74)
--- com.google.javascript.jscomp.NodeUtil_ESTest::test514578
org.evosuite.runtime.mock.java.lang.MockError: Unknown op 53: LOCAL_LOAD
	at com.google.javascript.jscomp.NodeUtil.opToStrNoFail(NodeUtil.java:1721)
	at com.google.javascript.jscomp.NodeUtil_ESTest.test514578(NodeUtil_ESTest.java:3582)
	at sun.reflect.NativeMethodAccessorImpl.invoke0(Native Method)
	at sun.reflect.NativeMethodAccessorImpl.invoke(NativeMethodAccessorImpl.java:62)
	at sun.reflect.DelegatingMethodAccessorImpl.invoke(DelegatingMethodAccessorImpl.java:43)
	at java.lang.reflect.Method.invoke(Method.java:498)
	at org.junit.runners.model.FrameworkMethod$1.runReflectiveCall(FrameworkMethod.java:47)
	at org.junit.internal.runners.model.ReflectiveCallable.run(ReflectiveCallable.java:12)
	at org.junit.runners.model.FrameworkMethod.invokeExplosively(FrameworkMethod.java:44)
	at org.junit.internal.runners.statements.InvokeMethod.evaluate(InvokeMethod.java:17)
	at org.junit.internal.runners.statements.FailOnTimeout$StatementThread.run(FailOnTimeout.java:74)
--- com.google.javascript.jscomp.NodeUtil_ESTest::test606687
java.lang.NullPointerException
	at com.google.javascript.jscomp.NodeUtil.visitPostOrder(NodeUtil.java:2271)
	at com.google.javascript.jscomp.NodeUtil_ESTest.test606687(NodeUtil_ESTest.java:4228)
	at sun.reflect.NativeMethodAccessorImpl.invoke0(Native Method)
	at sun.reflect.NativeMethodAccessorImpl.invoke(NativeMethodAccessorImpl.java:62)
	at sun.reflect.DelegatingMethodAccessorImpl.invoke(DelegatingMethodAccessorImpl.java:43)
	at java.lang.reflect.Method.invoke(Method.java:498)
	at org.junit.runners.model.FrameworkMethod$1.runReflectiveCall(FrameworkMethod.java:47)
	at org.junit.internal.runners.model.ReflectiveCallable.run(ReflectiveCallable.java:12)
	at org.junit.runners.model.FrameworkMethod.invokeExplosively(FrameworkMethod.java:44)
	at org.junit.internal.runners.statements.InvokeMethod.evaluate(InvokeMethod.java:17)
	at org.junit.internal.runners.statements.FailOnTimeout$StatementThread.run(FailOnTimeout.java:74)
--- com.google.javascript.jscomp.NodeUtil_ESTest::test644730
org.evosuite.runtime.mock.java.lang.MockIllegalStateException: Unexpected expression nodeRP 84
 parent:null
	at com.google.javascript.jscomp.NodeUtil.evaluatesToLocalValue(NodeUtil.java:2485)
	at com.google.javascript.jscomp.NodeUtil.evaluatesToLocalValue(NodeUtil.java:2416)
	at com.google.javascript.jscomp.NodeUtil_ESTest.test644730(NodeUtil_ESTest.java:4511)
	at sun.reflect.NativeMethodAccessorImpl.invoke0(Native Method)
	at sun.reflect.NativeMethodAccessorImpl.invoke(NativeMethodAccessorImpl.java:62)
	at sun.reflect.DelegatingMethodAccessorImpl.invoke(DelegatingMethodAccessorImpl.java:43)
	at java.lang.reflect.Method.invoke(Method.java:498)
	at org.junit.runners.model.FrameworkMethod$1.runReflectiveCall(FrameworkMethod.java:47)
	at org.junit.internal.runners.model.ReflectiveCallable.run(ReflectiveCallable.java:12)
	at org.junit.runners.model.FrameworkMethod.invokeExplosively(FrameworkMethod.java:44)
	at org.junit.internal.runners.statements.InvokeMethod.evaluate(InvokeMethod.java:17)
	at org.junit.internal.runners.statements.FailOnTimeout$StatementThread.run(FailOnTimeout.java:74)
--- com.google.javascript.jscomp.NodeUtil_ESTest::test557621
org.evosuite.runtime.mock.java.lang.MockError: Unknown op 98: HOOK
	at com.google.javascript.jscomp.NodeUtil.opToStrNoFail(NodeUtil.java:1721)
	at com.google.javascript.jscomp.NodeUtil_ESTest.test557621(NodeUtil_ESTest.java:3797)
	at sun.reflect.NativeMethodAccessorImpl.invoke0(Native Method)
	at sun.reflect.NativeMethodAccessorImpl.invoke(NativeMethodAccessorImpl.java:62)
	at sun.reflect.DelegatingMethodAccessorImpl.invoke(DelegatingMethodAccessorImpl.java:43)
	at java.lang.reflect.Method.invoke(Method.java:498)
	at org.junit.runners.model.FrameworkMethod$1.runReflectiveCall(FrameworkMethod.java:47)
	at org.junit.internal.runners.model.ReflectiveCallable.run(ReflectiveCallable.java:12)
	at org.junit.runners.model.FrameworkMethod.invokeExplosively(FrameworkMethod.java:44)
	at org.junit.internal.runners.statements.InvokeMethod.evaluate(InvokeMethod.java:17)
	at org.junit.internal.runners.statements.FailOnTimeout$StatementThread.run(FailOnTimeout.java:74)
--- com.google.javascript.jscomp.NodeUtil_ESTest::test07391
java.lang.NullPointerException
	at com.google.javascript.jscomp.NodeUtil.isValidDefineValue(NodeUtil.java:375)
	at com.google.javascript.jscomp.NodeUtil.isValidDefineValue(NodeUtil.java:403)
	at com.google.javascript.jscomp.NodeUtil_ESTest.test07391(NodeUtil_ESTest.java:684)
	at sun.reflect.NativeMethodAccessorImpl.invoke0(Native Method)
	at sun.reflect.NativeMethodAccessorImpl.invoke(NativeMethodAccessorImpl.java:62)
	at sun.reflect.DelegatingMethodAccessorImpl.invoke(DelegatingMethodAccessorImpl.java:43)
	at java.lang.reflect.Method.invoke(Method.java:498)
	at org.junit.runners.model.FrameworkMethod$1.runReflectiveCall(FrameworkMethod.java:47)
	at org.junit.internal.runners.model.ReflectiveCallable.run(ReflectiveCallable.java:12)
	at org.junit.runners.model.FrameworkMethod.invokeExplosively(FrameworkMethod.java:44)
	at org.junit.internal.runners.statements.InvokeMethod.evaluate(InvokeMethod.java:17)
	at org.junit.internal.runners.statements.FailOnTimeout$StatementThread.run(FailOnTimeout.java:74)
--- com.google.javascript.jscomp.NodeUtil_ESTest::test091115
java.lang.NullPointerException
	at com.google.javascript.jscomp.NodeUtil.isValidDefineValue(NodeUtil.java:375)
	at com.google.javascript.jscomp.NodeUtil.isValidDefineValue(NodeUtil.java:403)
	at com.google.javascript.jscomp.NodeUtil_ESTest.test091115(NodeUtil_ESTest.java:870)
	at sun.reflect.NativeMethodAccessorImpl.invoke0(Native Method)
	at sun.reflect.NativeMethodAccessorImpl.invoke(NativeMethodAccessorImpl.java:62)
	at sun.reflect.DelegatingMethodAccessorImpl.invoke(DelegatingMethodAccessorImpl.java:43)
	at java.lang.reflect.Method.invoke(Method.java:498)
	at org.junit.runners.model.FrameworkMethod$1.runReflectiveCall(FrameworkMethod.java:47)
	at org.junit.internal.runners.model.ReflectiveCallable.run(ReflectiveCallable.java:12)
	at org.junit.runners.model.FrameworkMethod.invokeExplosively(FrameworkMethod.java:44)
	at org.junit.internal.runners.statements.InvokeMethod.evaluate(InvokeMethod.java:17)
	at org.junit.internal.runners.statements.FailOnTimeout$StatementThread.run(FailOnTimeout.java:74)
--- com.google.javascript.jscomp.NodeUtil_ESTest::test607688
java.lang.NullPointerException
	at com.google.javascript.jscomp.NodeUtil.visitPostOrder(NodeUtil.java:2271)
	at com.google.javascript.jscomp.NodeUtil_ESTest.test607688(NodeUtil_ESTest.java:4235)
	at sun.reflect.NativeMethodAccessorImpl.invoke0(Native Method)
	at sun.reflect.NativeMethodAccessorImpl.invoke(NativeMethodAccessorImpl.java:62)
	at sun.reflect.DelegatingMethodAccessorImpl.invoke(DelegatingMethodAccessorImpl.java:43)
	at java.lang.reflect.Method.invoke(Method.java:498)
	at org.junit.runners.model.FrameworkMethod$1.runReflectiveCall(FrameworkMethod.java:47)
	at org.junit.internal.runners.model.ReflectiveCallable.run(ReflectiveCallable.java:12)
	at org.junit.runners.model.FrameworkMethod.invokeExplosively(FrameworkMethod.java:44)
	at org.junit.internal.runners.statements.InvokeMethod.evaluate(InvokeMethod.java:17)
	at org.junit.internal.runners.statements.FailOnTimeout$StatementThread.run(FailOnTimeout.java:74)
--- com.google.javascript.jscomp.NodeUtil_ESTest::test303341
org.evosuite.runtime.mock.java.lang.MockError: Unknown precedence for throw (type 49)
	at com.google.javascript.jscomp.NodeUtil.precedence(NodeUtil.java:971)
	at com.google.javascript.jscomp.NodeUtil_ESTest.test303341(NodeUtil_ESTest.java:2225)
	at sun.reflect.NativeMethodAccessorImpl.invoke0(Native Method)
	at sun.reflect.NativeMethodAccessorImpl.invoke(NativeMethodAccessorImpl.java:62)
	at sun.reflect.DelegatingMethodAccessorImpl.invoke(DelegatingMethodAccessorImpl.java:43)
	at java.lang.reflect.Method.invoke(Method.java:498)
	at org.junit.runners.model.FrameworkMethod$1.runReflectiveCall(FrameworkMethod.java:47)
	at org.junit.internal.runners.model.ReflectiveCallable.run(ReflectiveCallable.java:12)
	at org.junit.runners.model.FrameworkMethod.invokeExplosively(FrameworkMethod.java:44)
	at org.junit.internal.runners.statements.InvokeMethod.evaluate(InvokeMethod.java:17)
	at org.junit.internal.runners.statements.FailOnTimeout$StatementThread.run(FailOnTimeout.java:74)
--- com.google.javascript.jscomp.NodeUtil_ESTest::test532596
org.evosuite.runtime.mock.java.lang.MockError: Unknown op 72: ESCXMLTEXT
	at com.google.javascript.jscomp.NodeUtil.opToStrNoFail(NodeUtil.java:1721)
	at com.google.javascript.jscomp.NodeUtil_ESTest.test532596(NodeUtil_ESTest.java:3672)
	at sun.reflect.NativeMethodAccessorImpl.invoke0(Native Method)
	at sun.reflect.NativeMethodAccessorImpl.invoke(NativeMethodAccessorImpl.java:62)
	at sun.reflect.DelegatingMethodAccessorImpl.invoke(DelegatingMethodAccessorImpl.java:43)
	at java.lang.reflect.Method.invoke(Method.java:498)
	at org.junit.runners.model.FrameworkMethod$1.runReflectiveCall(FrameworkMethod.java:47)
	at org.junit.internal.runners.model.ReflectiveCallable.run(ReflectiveCallable.java:12)
	at org.junit.runners.model.FrameworkMethod.invokeExplosively(FrameworkMethod.java:44)
	at org.junit.internal.runners.statements.InvokeMethod.evaluate(InvokeMethod.java:17)
	at org.junit.internal.runners.statements.FailOnTimeout$StatementThread.run(FailOnTimeout.java:74)
--- com.google.javascript.jscomp.NodeUtil_ESTest::test167195
java.lang.NullPointerException
	at com.google.javascript.jscomp.NodeUtil.isName(NodeUtil.java:1099)
	at com.google.javascript.jscomp.NodeUtil.checkForStateChangeHelper(NodeUtil.java:620)
	at com.google.javascript.jscomp.NodeUtil.mayHaveSideEffects(NodeUtil.java:521)
	at com.google.javascript.jscomp.NodeUtil.mayHaveSideEffects(NodeUtil.java:517)
	at com.google.javascript.jscomp.NodeUtil_ESTest.test167195(NodeUtil_ESTest.java:1356)
	at sun.reflect.NativeMethodAccessorImpl.invoke0(Native Method)
	at sun.reflect.NativeMethodAccessorImpl.invoke(NativeMethodAccessorImpl.java:62)
	at sun.reflect.DelegatingMethodAccessorImpl.invoke(DelegatingMethodAccessorImpl.java:43)
	at java.lang.reflect.Method.invoke(Method.java:498)
	at org.junit.runners.model.FrameworkMethod$1.runReflectiveCall(FrameworkMethod.java:47)
	at org.junit.internal.runners.model.ReflectiveCallable.run(ReflectiveCallable.java:12)
	at org.junit.runners.model.FrameworkMethod.invokeExplosively(FrameworkMethod.java:44)
	at org.junit.internal.runners.statements.InvokeMethod.evaluate(InvokeMethod.java:17)
	at org.junit.internal.runners.statements.FailOnTimeout$StatementThread.run(FailOnTimeout.java:74)
--- com.google.javascript.jscomp.NodeUtil_ESTest::test314352
org.evosuite.runtime.mock.java.lang.MockError: Unknown precedence for <unknown=60> (type 60)
	at com.google.javascript.jscomp.NodeUtil.precedence(NodeUtil.java:971)
	at com.google.javascript.jscomp.NodeUtil_ESTest.test314352(NodeUtil_ESTest.java:2280)
	at sun.reflect.NativeMethodAccessorImpl.invoke0(Native Method)
	at sun.reflect.NativeMethodAccessorImpl.invoke(NativeMethodAccessorImpl.java:62)
	at sun.reflect.DelegatingMethodAccessorImpl.invoke(DelegatingMethodAccessorImpl.java:43)
	at java.lang.reflect.Method.invoke(Method.java:498)
	at org.junit.runners.model.FrameworkMethod$1.runReflectiveCall(FrameworkMethod.java:47)
	at org.junit.internal.runners.model.ReflectiveCallable.run(ReflectiveCallable.java:12)
	at org.junit.runners.model.FrameworkMethod.invokeExplosively(FrameworkMethod.java:44)
	at org.junit.internal.runners.statements.InvokeMethod.evaluate(InvokeMethod.java:17)
	at org.junit.internal.runners.statements.FailOnTimeout$StatementThread.run(FailOnTimeout.java:74)
--- com.google.javascript.jscomp.NodeUtil_ESTest::test618699
org.evosuite.runtime.mock.java.lang.MockIllegalStateException
	at com.google.common.base.Preconditions.checkState(Preconditions.java:129)
	at com.google.javascript.jscomp.NodeUtil.getFunctionInfo(NodeUtil.java:2369)
	at com.google.javascript.jscomp.NodeUtil_ESTest.test618699(NodeUtil_ESTest.java:4306)
	at sun.reflect.NativeMethodAccessorImpl.invoke0(Native Method)
	at sun.reflect.NativeMethodAccessorImpl.invoke(NativeMethodAccessorImpl.java:62)
	at sun.reflect.DelegatingMethodAccessorImpl.invoke(DelegatingMethodAccessorImpl.java:43)
	at java.lang.reflect.Method.invoke(Method.java:498)
	at org.junit.runners.model.FrameworkMethod$1.runReflectiveCall(FrameworkMethod.java:47)
	at org.junit.internal.runners.model.ReflectiveCallable.run(ReflectiveCallable.java:12)
	at org.junit.runners.model.FrameworkMethod.invokeExplosively(FrameworkMethod.java:44)
	at org.junit.internal.runners.statements.InvokeMethod.evaluate(InvokeMethod.java:17)
	at org.junit.internal.runners.statements.FailOnTimeout$StatementThread.run(FailOnTimeout.java:74)
--- com.google.javascript.jscomp.NodeUtil_ESTest::test568632
org.evosuite.runtime.mock.java.lang.MockError: Unknown op 109: ELSE
	at com.google.javascript.jscomp.NodeUtil.opToStrNoFail(NodeUtil.java:1721)
	at com.google.javascript.jscomp.NodeUtil_ESTest.test568632(NodeUtil_ESTest.java:3852)
	at sun.reflect.NativeMethodAccessorImpl.invoke0(Native Method)
	at sun.reflect.NativeMethodAccessorImpl.invoke(NativeMethodAccessorImpl.java:62)
	at sun.reflect.DelegatingMethodAccessorImpl.invoke(DelegatingMethodAccessorImpl.java:43)
	at java.lang.reflect.Method.invoke(Method.java:498)
	at org.junit.runners.model.FrameworkMethod$1.runReflectiveCall(FrameworkMethod.java:47)
	at org.junit.internal.runners.model.ReflectiveCallable.run(ReflectiveCallable.java:12)
	at org.junit.runners.model.FrameworkMethod.invokeExplosively(FrameworkMethod.java:44)
	at org.junit.internal.runners.statements.InvokeMethod.evaluate(InvokeMethod.java:17)
	at org.junit.internal.runners.statements.FailOnTimeout$StatementThread.run(FailOnTimeout.java:74)
--- com.google.javascript.jscomp.NodeUtil_ESTest::test373411
org.evosuite.runtime.mock.java.lang.MockError: Unknown precedence for catch (type 120)
	at com.google.javascript.jscomp.NodeUtil.precedence(NodeUtil.java:971)
	at com.google.javascript.jscomp.NodeUtil_ESTest.test373411(NodeUtil_ESTest.java:2575)
	at sun.reflect.NativeMethodAccessorImpl.invoke0(Native Method)
	at sun.reflect.NativeMethodAccessorImpl.invoke(NativeMethodAccessorImpl.java:62)
	at sun.reflect.DelegatingMethodAccessorImpl.invoke(DelegatingMethodAccessorImpl.java:43)
	at java.lang.reflect.Method.invoke(Method.java:498)
	at org.junit.runners.model.FrameworkMethod$1.runReflectiveCall(FrameworkMethod.java:47)
	at org.junit.internal.runners.model.ReflectiveCallable.run(ReflectiveCallable.java:12)
	at org.junit.runners.model.FrameworkMethod.invokeExplosively(FrameworkMethod.java:44)
	at org.junit.internal.runners.statements.InvokeMethod.evaluate(InvokeMethod.java:17)
	at org.junit.internal.runners.statements.FailOnTimeout$StatementThread.run(FailOnTimeout.java:74)
--- com.google.javascript.jscomp.NodeUtil_ESTest::test455511
org.evosuite.runtime.mock.java.lang.MockIllegalStateException: Invalid attempt to remove node: FOR ~e of FOR ~e
	at com.google.javascript.jscomp.NodeUtil.removeChild(NodeUtil.java:1400)
	at com.google.javascript.jscomp.NodeUtil_ESTest.test455511(NodeUtil_ESTest.java:3227)
	at sun.reflect.NativeMethodAccessorImpl.invoke0(Native Method)
	at sun.reflect.NativeMethodAccessorImpl.invoke(NativeMethodAccessorImpl.java:62)
	at sun.reflect.DelegatingMethodAccessorImpl.invoke(DelegatingMethodAccessorImpl.java:43)
	at java.lang.reflect.Method.invoke(Method.java:498)
	at org.junit.runners.model.FrameworkMethod$1.runReflectiveCall(FrameworkMethod.java:47)
	at org.junit.internal.runners.model.ReflectiveCallable.run(ReflectiveCallable.java:12)
	at org.junit.runners.model.FrameworkMethod.invokeExplosively(FrameworkMethod.java:44)
	at org.junit.internal.runners.statements.InvokeMethod.evaluate(InvokeMethod.java:17)
	at org.junit.internal.runners.statements.FailOnTimeout$StatementThread.run(FailOnTimeout.java:74)
--- com.google.javascript.jscomp.NodeUtil_ESTest::test325363
org.evosuite.runtime.mock.java.lang.MockError: Unknown precedence for <unknown=72> (type 72)
	at com.google.javascript.jscomp.NodeUtil.precedence(NodeUtil.java:971)
	at com.google.javascript.jscomp.NodeUtil_ESTest.test325363(NodeUtil_ESTest.java:2335)
	at sun.reflect.NativeMethodAccessorImpl.invoke0(Native Method)
	at sun.reflect.NativeMethodAccessorImpl.invoke(NativeMethodAccessorImpl.java:62)
	at sun.reflect.DelegatingMethodAccessorImpl.invoke(DelegatingMethodAccessorImpl.java:43)
	at java.lang.reflect.Method.invoke(Method.java:498)
	at org.junit.runners.model.FrameworkMethod$1.runReflectiveCall(FrameworkMethod.java:47)
	at org.junit.internal.runners.model.ReflectiveCallable.run(ReflectiveCallable.java:12)
	at org.junit.runners.model.FrameworkMethod.invokeExplosively(FrameworkMethod.java:44)
	at org.junit.internal.runners.statements.InvokeMethod.evaluate(InvokeMethod.java:17)
	at org.junit.internal.runners.statements.FailOnTimeout$StatementThread.run(FailOnTimeout.java:74)
--- com.google.javascript.jscomp.NodeUtil_ESTest::test362400
org.evosuite.runtime.mock.java.lang.MockError: Unknown precedence for else (type 109)
	at com.google.javascript.jscomp.NodeUtil.precedence(NodeUtil.java:971)
	at com.google.javascript.jscomp.NodeUtil_ESTest.test362400(NodeUtil_ESTest.java:2520)
	at sun.reflect.NativeMethodAccessorImpl.invoke0(Native Method)
	at sun.reflect.NativeMethodAccessorImpl.invoke(NativeMethodAccessorImpl.java:62)
	at sun.reflect.DelegatingMethodAccessorImpl.invoke(DelegatingMethodAccessorImpl.java:43)
	at java.lang.reflect.Method.invoke(Method.java:498)
	at org.junit.runners.model.FrameworkMethod$1.runReflectiveCall(FrameworkMethod.java:47)
	at org.junit.internal.runners.model.ReflectiveCallable.run(ReflectiveCallable.java:12)
	at org.junit.runners.model.FrameworkMethod.invokeExplosively(FrameworkMethod.java:44)
	at org.junit.internal.runners.statements.InvokeMethod.evaluate(InvokeMethod.java:17)
	at org.junit.internal.runners.statements.FailOnTimeout$StatementThread.run(FailOnTimeout.java:74)
--- com.google.javascript.jscomp.NodeUtil_ESTest::test134162
org.evosuite.runtime.mock.java.lang.MockIllegalStateException: Unexpected expression nodeSETVAR
 parent:null
	at com.google.javascript.jscomp.NodeUtil.evaluatesToLocalValue(NodeUtil.java:2485)
	at com.google.javascript.jscomp.NodeUtil.evaluatesToLocalValue(NodeUtil.java:2416)
	at com.google.javascript.jscomp.NodeUtil_ESTest.test134162(NodeUtil_ESTest.java:1157)
	at sun.reflect.NativeMethodAccessorImpl.invoke0(Native Method)
	at sun.reflect.NativeMethodAccessorImpl.invoke(NativeMethodAccessorImpl.java:62)
	at sun.reflect.DelegatingMethodAccessorImpl.invoke(DelegatingMethodAccessorImpl.java:43)
	at java.lang.reflect.Method.invoke(Method.java:498)
	at org.junit.runners.model.FrameworkMethod$1.runReflectiveCall(FrameworkMethod.java:47)
	at org.junit.internal.runners.model.ReflectiveCallable.run(ReflectiveCallable.java:12)
	at org.junit.runners.model.FrameworkMethod.invokeExplosively(FrameworkMethod.java:44)
	at org.junit.internal.runners.statements.InvokeMethod.evaluate(InvokeMethod.java:17)
	at org.junit.internal.runners.statements.FailOnTimeout$StatementThread.run(FailOnTimeout.java:74)
--- com.google.javascript.jscomp.NodeUtil_ESTest::test536600
org.evosuite.runtime.mock.java.lang.MockError: Unknown op 77: TRY
	at com.google.javascript.jscomp.NodeUtil.opToStrNoFail(NodeUtil.java:1721)
	at com.google.javascript.jscomp.NodeUtil_ESTest.test536600(NodeUtil_ESTest.java:3692)
	at sun.reflect.NativeMethodAccessorImpl.invoke0(Native Method)
	at sun.reflect.NativeMethodAccessorImpl.invoke(NativeMethodAccessorImpl.java:62)
	at sun.reflect.DelegatingMethodAccessorImpl.invoke(DelegatingMethodAccessorImpl.java:43)
	at java.lang.reflect.Method.invoke(Method.java:498)
	at org.junit.runners.model.FrameworkMethod$1.runReflectiveCall(FrameworkMethod.java:47)
	at org.junit.internal.runners.model.ReflectiveCallable.run(ReflectiveCallable.java:12)
	at org.junit.runners.model.FrameworkMethod.invokeExplosively(FrameworkMethod.java:44)
	at org.junit.internal.runners.statements.InvokeMethod.evaluate(InvokeMethod.java:17)
	at org.junit.internal.runners.statements.FailOnTimeout$StatementThread.run(FailOnTimeout.java:74)
--- com.google.javascript.jscomp.NodeUtil_ESTest::test07492
java.lang.NullPointerException
	at com.google.javascript.jscomp.NodeUtil.isValidDefineValue(NodeUtil.java:375)
	at com.google.javascript.jscomp.NodeUtil.isValidDefineValue(NodeUtil.java:403)
	at com.google.javascript.jscomp.NodeUtil_ESTest.test07492(NodeUtil_ESTest.java:691)
	at sun.reflect.NativeMethodAccessorImpl.invoke0(Native Method)
	at sun.reflect.NativeMethodAccessorImpl.invoke(NativeMethodAccessorImpl.java:62)
	at sun.reflect.DelegatingMethodAccessorImpl.invoke(DelegatingMethodAccessorImpl.java:43)
	at java.lang.reflect.Method.invoke(Method.java:498)
	at org.junit.runners.model.FrameworkMethod$1.runReflectiveCall(FrameworkMethod.java:47)
	at org.junit.internal.runners.model.ReflectiveCallable.run(ReflectiveCallable.java:12)
	at org.junit.runners.model.FrameworkMethod.invokeExplosively(FrameworkMethod.java:44)
	at org.junit.internal.runners.statements.InvokeMethod.evaluate(InvokeMethod.java:17)
	at org.junit.internal.runners.statements.FailOnTimeout$StatementThread.run(FailOnTimeout.java:74)
--- com.google.javascript.jscomp.NodeUtil_ESTest::test261299
org.evosuite.runtime.mock.java.lang.MockError: Unknown precedence for ifeq (type 6)
	at com.google.javascript.jscomp.NodeUtil.precedence(NodeUtil.java:971)
	at com.google.javascript.jscomp.NodeUtil_ESTest.test261299(NodeUtil_ESTest.java:2015)
	at sun.reflect.NativeMethodAccessorImpl.invoke0(Native Method)
	at sun.reflect.NativeMethodAccessorImpl.invoke(NativeMethodAccessorImpl.java:62)
	at sun.reflect.DelegatingMethodAccessorImpl.invoke(DelegatingMethodAccessorImpl.java:43)
	at java.lang.reflect.Method.invoke(Method.java:498)
	at org.junit.runners.model.FrameworkMethod$1.runReflectiveCall(FrameworkMethod.java:47)
	at org.junit.internal.runners.model.ReflectiveCallable.run(ReflectiveCallable.java:12)
	at org.junit.runners.model.FrameworkMethod.invokeExplosively(FrameworkMethod.java:44)
	at org.junit.internal.runners.statements.InvokeMethod.evaluate(InvokeMethod.java:17)
	at org.junit.internal.runners.statements.FailOnTimeout$StatementThread.run(FailOnTimeout.java:74)
--- com.google.javascript.jscomp.NodeUtil_ESTest::test01821
java.lang.NullPointerException
	at com.google.javascript.jscomp.NodeUtil.getExpressionBooleanValue(NodeUtil.java:71)
	at com.google.javascript.jscomp.NodeUtil.getExpressionBooleanValue(NodeUtil.java:77)
	at com.google.javascript.jscomp.NodeUtil_ESTest.test01821(NodeUtil_ESTest.java:188)
	at sun.reflect.NativeMethodAccessorImpl.invoke0(Native Method)
	at sun.reflect.NativeMethodAccessorImpl.invoke(NativeMethodAccessorImpl.java:62)
	at sun.reflect.DelegatingMethodAccessorImpl.invoke(DelegatingMethodAccessorImpl.java:43)
	at java.lang.reflect.Method.invoke(Method.java:498)
	at org.junit.runners.model.FrameworkMethod$1.runReflectiveCall(FrameworkMethod.java:47)
	at org.junit.internal.runners.model.ReflectiveCallable.run(ReflectiveCallable.java:12)
	at org.junit.runners.model.FrameworkMethod.invokeExplosively(FrameworkMethod.java:44)
	at org.junit.internal.runners.statements.InvokeMethod.evaluate(InvokeMethod.java:17)
	at org.junit.internal.runners.statements.FailOnTimeout$StatementThread.run(FailOnTimeout.java:74)
