--- org.apache.commons.math.analysis.solvers.BracketingNthOrderBrentSolver_ESTest::test1214
junit.framework.AssertionFailedError: expected:<0> but was:<870>
	at org.junit.Assert.fail(Assert.java:88)
	at org.junit.Assert.failNotEquals(Assert.java:743)
	at org.junit.Assert.assertEquals(Assert.java:118)
	at org.junit.Assert.assertEquals(Assert.java:555)
	at org.junit.Assert.assertEquals(Assert.java:542)
	at org.apache.commons.math.analysis.solvers.BracketingNthOrderBrentSolver_ESTest.test1214(BracketingNthOrderBrentSolver_ESTest.java:150)
	at sun.reflect.NativeMethodAccessorImpl.invoke0(Native Method)
	at sun.reflect.NativeMethodAccessorImpl.invoke(NativeMethodAccessorImpl.java:62)
	at sun.reflect.DelegatingMethodAccessorImpl.invoke(DelegatingMethodAccessorImpl.java:43)
	at java.lang.reflect.Method.invoke(Method.java:498)
	at org.junit.runners.model.FrameworkMethod$1.runReflectiveCall(FrameworkMethod.java:47)
	at org.junit.internal.runners.model.ReflectiveCallable.run(ReflectiveCallable.java:12)
	at org.junit.runners.model.FrameworkMethod.invokeExplosively(FrameworkMethod.java:44)
	at org.junit.internal.runners.statements.InvokeMethod.evaluate(InvokeMethod.java:17)
	at org.junit.internal.runners.statements.FailOnTimeout$StatementThread.run(FailOnTimeout.java:74)
--- org.apache.commons.math.analysis.solvers.BracketingNthOrderBrentSolver_ESTest::test2027
junit.framework.AssertionFailedError: expected:<0> but was:<1707>
	at org.junit.Assert.fail(Assert.java:88)
	at org.junit.Assert.failNotEquals(Assert.java:743)
	at org.junit.Assert.assertEquals(Assert.java:118)
	at org.junit.Assert.assertEquals(Assert.java:555)
	at org.junit.Assert.assertEquals(Assert.java:542)
	at org.apache.commons.math.analysis.solvers.BracketingNthOrderBrentSolver_ESTest.test2027(BracketingNthOrderBrentSolver_ESTest.java:270)
	at sun.reflect.NativeMethodAccessorImpl.invoke0(Native Method)
	at sun.reflect.NativeMethodAccessorImpl.invoke(NativeMethodAccessorImpl.java:62)
	at sun.reflect.DelegatingMethodAccessorImpl.invoke(DelegatingMethodAccessorImpl.java:43)
	at java.lang.reflect.Method.invoke(Method.java:498)
	at org.junit.runners.model.FrameworkMethod$1.runReflectiveCall(FrameworkMethod.java:47)
	at org.junit.internal.runners.model.ReflectiveCallable.run(ReflectiveCallable.java:12)
	at org.junit.runners.model.FrameworkMethod.invokeExplosively(FrameworkMethod.java:44)
	at org.junit.internal.runners.statements.InvokeMethod.evaluate(InvokeMethod.java:17)
	at org.junit.internal.runners.statements.FailOnTimeout$StatementThread.run(FailOnTimeout.java:74)
--- org.apache.commons.math.analysis.solvers.BracketingNthOrderBrentSolver_ESTest::test033
org.apache.commons.math.exception.TooManyEvaluationsException: illegal state: maximal count (0) exceeded: evaluations
	at org.apache.commons.math.analysis.solvers.BaseAbstractUnivariateRealSolver.incrementEvaluationCount(BaseAbstractUnivariateRealSolver.java:296)
	at org.apache.commons.math.analysis.solvers.BaseAbstractUnivariateRealSolver.computeObjectiveValue(BaseAbstractUnivariateRealSolver.java:153)
	at org.apache.commons.math.analysis.solvers.BracketingNthOrderBrentSolver.doSolve(BracketingNthOrderBrentSolver.java:154)
	at org.apache.commons.math.analysis.solvers.BaseAbstractUnivariateRealSolver.solve(BaseAbstractUnivariateRealSolver.java:190)
	at org.apache.commons.math.analysis.solvers.BaseAbstractUnivariateRealSolver.solve(BaseAbstractUnivariateRealSolver.java:195)
	at org.apache.commons.math.analysis.solvers.BracketingNthOrderBrentSolver.solve(BracketingNthOrderBrentSolver.java:386)
	at org.apache.commons.math.analysis.solvers.BracketingNthOrderBrentSolver_ESTest.test033(BracketingNthOrderBrentSolver_ESTest.java:62)
	at sun.reflect.NativeMethodAccessorImpl.invoke0(Native Method)
	at sun.reflect.NativeMethodAccessorImpl.invoke(NativeMethodAccessorImpl.java:62)
	at sun.reflect.DelegatingMethodAccessorImpl.invoke(DelegatingMethodAccessorImpl.java:43)
	at java.lang.reflect.Method.invoke(Method.java:498)
	at org.junit.runners.model.FrameworkMethod$1.runReflectiveCall(FrameworkMethod.java:47)
	at org.junit.internal.runners.model.ReflectiveCallable.run(ReflectiveCallable.java:12)
	at org.junit.runners.model.FrameworkMethod.invokeExplosively(FrameworkMethod.java:44)
	at org.junit.internal.runners.statements.InvokeMethod.evaluate(InvokeMethod.java:17)
	at org.junit.internal.runners.statements.FailOnTimeout$StatementThread.run(FailOnTimeout.java:74)
--- org.apache.commons.math.analysis.solvers.BracketingNthOrderBrentSolver_ESTest::test055
org.apache.commons.math.exception.TooManyEvaluationsException: illegal state: maximal count (0) exceeded: evaluations
	at org.apache.commons.math.analysis.solvers.BaseAbstractUnivariateRealSolver.incrementEvaluationCount(BaseAbstractUnivariateRealSolver.java:296)
	at org.apache.commons.math.analysis.solvers.BaseAbstractUnivariateRealSolver.computeObjectiveValue(BaseAbstractUnivariateRealSolver.java:153)
	at org.apache.commons.math.analysis.solvers.BracketingNthOrderBrentSolver.doSolve(BracketingNthOrderBrentSolver.java:154)
	at org.apache.commons.math.analysis.solvers.BaseAbstractUnivariateRealSolver.solve(BaseAbstractUnivariateRealSolver.java:190)
	at org.apache.commons.math.analysis.solvers.BracketingNthOrderBrentSolver.solve(BracketingNthOrderBrentSolver.java:394)
	at org.apache.commons.math.analysis.solvers.BracketingNthOrderBrentSolver_ESTest.test055(BracketingNthOrderBrentSolver_ESTest.java:78)
	at sun.reflect.NativeMethodAccessorImpl.invoke0(Native Method)
	at sun.reflect.NativeMethodAccessorImpl.invoke(NativeMethodAccessorImpl.java:62)
	at sun.reflect.DelegatingMethodAccessorImpl.invoke(DelegatingMethodAccessorImpl.java:43)
	at java.lang.reflect.Method.invoke(Method.java:498)
	at org.junit.runners.model.FrameworkMethod$1.runReflectiveCall(FrameworkMethod.java:47)
	at org.junit.internal.runners.model.ReflectiveCallable.run(ReflectiveCallable.java:12)
	at org.junit.runners.model.FrameworkMethod.invokeExplosively(FrameworkMethod.java:44)
	at org.junit.internal.runners.statements.InvokeMethod.evaluate(InvokeMethod.java:17)
	at org.junit.internal.runners.statements.FailOnTimeout$StatementThread.run(FailOnTimeout.java:74)
--- org.apache.commons.math.analysis.solvers.BracketingNthOrderBrentSolver_ESTest::test077
org.apache.commons.math.exception.NullArgumentException: null is not allowed
	at org.apache.commons.math.util.MathUtils.checkNotNull(MathUtils.java:258)
	at org.apache.commons.math.analysis.solvers.BaseAbstractUnivariateRealSolver.setup(BaseAbstractUnivariateRealSolver.java:173)
	at org.apache.commons.math.analysis.solvers.BaseAbstractUnivariateRealSolver.solve(BaseAbstractUnivariateRealSolver.java:187)
	at org.apache.commons.math.analysis.solvers.BracketingNthOrderBrentSolver.solve(BracketingNthOrderBrentSolver.java:394)
	at org.apache.commons.math.analysis.solvers.BracketingNthOrderBrentSolver_ESTest.test077(BracketingNthOrderBrentSolver_ESTest.java:93)
	at sun.reflect.NativeMethodAccessorImpl.invoke0(Native Method)
	at sun.reflect.NativeMethodAccessorImpl.invoke(NativeMethodAccessorImpl.java:62)
	at sun.reflect.DelegatingMethodAccessorImpl.invoke(DelegatingMethodAccessorImpl.java:43)
	at java.lang.reflect.Method.invoke(Method.java:498)
	at org.junit.runners.model.FrameworkMethod$1.runReflectiveCall(FrameworkMethod.java:47)
	at org.junit.internal.runners.model.ReflectiveCallable.run(ReflectiveCallable.java:12)
	at org.junit.runners.model.FrameworkMethod.invokeExplosively(FrameworkMethod.java:44)
	at org.junit.internal.runners.statements.InvokeMethod.evaluate(InvokeMethod.java:17)
	at org.junit.internal.runners.statements.FailOnTimeout$StatementThread.run(FailOnTimeout.java:74)
--- org.apache.commons.math.analysis.solvers.BracketingNthOrderBrentSolver_ESTest::test099
org.apache.commons.math.exception.NoBracketingException: function values at endpoints do not have different signs, endpoints: [1,162.057, 386.183], values: [34.089, 19.652]
	at org.apache.commons.math.analysis.solvers.BracketingNthOrderBrentSolver.doSolve(BracketingNthOrderBrentSolver.java:189)
	at org.apache.commons.math.analysis.solvers.BracketingNthOrderBrentSolver_ESTest.test099(BracketingNthOrderBrentSolver_ESTest.java:107)
	at sun.reflect.NativeMethodAccessorImpl.invoke0(Native Method)
	at sun.reflect.NativeMethodAccessorImpl.invoke(NativeMethodAccessorImpl.java:62)
	at sun.reflect.DelegatingMethodAccessorImpl.invoke(DelegatingMethodAccessorImpl.java:43)
	at java.lang.reflect.Method.invoke(Method.java:498)
	at org.junit.runners.model.FrameworkMethod$1.runReflectiveCall(FrameworkMethod.java:47)
	at org.junit.internal.runners.model.ReflectiveCallable.run(ReflectiveCallable.java:12)
	at org.junit.runners.model.FrameworkMethod.invokeExplosively(FrameworkMethod.java:44)
	at org.junit.internal.runners.statements.InvokeMethod.evaluate(InvokeMethod.java:17)
	at org.junit.internal.runners.statements.FailOnTimeout$StatementThread.run(FailOnTimeout.java:74)
--- org.apache.commons.math.analysis.solvers.BracketingNthOrderBrentSolver_ESTest::test1417
junit.framework.AssertionFailedError: expected:<0> but was:<5>
	at org.junit.Assert.fail(Assert.java:88)
	at org.junit.Assert.failNotEquals(Assert.java:743)
	at org.junit.Assert.assertEquals(Assert.java:118)
	at org.junit.Assert.assertEquals(Assert.java:555)
	at org.junit.Assert.assertEquals(Assert.java:542)
	at org.apache.commons.math.analysis.solvers.BracketingNthOrderBrentSolver_ESTest.test1417(BracketingNthOrderBrentSolver_ESTest.java:180)
	at sun.reflect.NativeMethodAccessorImpl.invoke0(Native Method)
	at sun.reflect.NativeMethodAccessorImpl.invoke(NativeMethodAccessorImpl.java:62)
	at sun.reflect.DelegatingMethodAccessorImpl.invoke(DelegatingMethodAccessorImpl.java:43)
	at java.lang.reflect.Method.invoke(Method.java:498)
	at org.junit.runners.model.FrameworkMethod$1.runReflectiveCall(FrameworkMethod.java:47)
	at org.junit.internal.runners.model.ReflectiveCallable.run(ReflectiveCallable.java:12)
	at org.junit.runners.model.FrameworkMethod.invokeExplosively(FrameworkMethod.java:44)
	at org.junit.internal.runners.statements.InvokeMethod.evaluate(InvokeMethod.java:17)
	at org.junit.internal.runners.statements.FailOnTimeout$StatementThread.run(FailOnTimeout.java:74)
--- org.apache.commons.math.analysis.solvers.BracketingNthOrderBrentSolver_ESTest::test1316
junit.framework.AssertionFailedError: expected:<0> but was:<870>
	at org.junit.Assert.fail(Assert.java:88)
	at org.junit.Assert.failNotEquals(Assert.java:743)
	at org.junit.Assert.assertEquals(Assert.java:118)
	at org.junit.Assert.assertEquals(Assert.java:555)
	at org.junit.Assert.assertEquals(Assert.java:542)
	at org.apache.commons.math.analysis.solvers.BracketingNthOrderBrentSolver_ESTest.test1316(BracketingNthOrderBrentSolver_ESTest.java:170)
	at sun.reflect.NativeMethodAccessorImpl.invoke0(Native Method)
	at sun.reflect.NativeMethodAccessorImpl.invoke(NativeMethodAccessorImpl.java:62)
	at sun.reflect.DelegatingMethodAccessorImpl.invoke(DelegatingMethodAccessorImpl.java:43)
	at java.lang.reflect.Method.invoke(Method.java:498)
	at org.junit.runners.model.FrameworkMethod$1.runReflectiveCall(FrameworkMethod.java:47)
	at org.junit.internal.runners.model.ReflectiveCallable.run(ReflectiveCallable.java:12)
	at org.junit.runners.model.FrameworkMethod.invokeExplosively(FrameworkMethod.java:44)
	at org.junit.internal.runners.statements.InvokeMethod.evaluate(InvokeMethod.java:17)
	at org.junit.internal.runners.statements.FailOnTimeout$StatementThread.run(FailOnTimeout.java:74)
--- org.apache.commons.math.analysis.solvers.BracketingNthOrderBrentSolver_ESTest::test1622
junit.framework.AssertionFailedError: expected:<0> but was:<5>
	at org.junit.Assert.fail(Assert.java:88)
	at org.junit.Assert.failNotEquals(Assert.java:743)
	at org.junit.Assert.assertEquals(Assert.java:118)
	at org.junit.Assert.assertEquals(Assert.java:555)
	at org.junit.Assert.assertEquals(Assert.java:542)
	at org.apache.commons.math.analysis.solvers.BracketingNthOrderBrentSolver_ESTest.test1622(BracketingNthOrderBrentSolver_ESTest.java:222)
	at sun.reflect.NativeMethodAccessorImpl.invoke0(Native Method)
	at sun.reflect.NativeMethodAccessorImpl.invoke(NativeMethodAccessorImpl.java:62)
	at sun.reflect.DelegatingMethodAccessorImpl.invoke(DelegatingMethodAccessorImpl.java:43)
	at java.lang.reflect.Method.invoke(Method.java:498)
	at org.junit.runners.model.FrameworkMethod$1.runReflectiveCall(FrameworkMethod.java:47)
	at org.junit.internal.runners.model.ReflectiveCallable.run(ReflectiveCallable.java:12)
	at org.junit.runners.model.FrameworkMethod.invokeExplosively(FrameworkMethod.java:44)
	at org.junit.internal.runners.statements.InvokeMethod.evaluate(InvokeMethod.java:17)
	at org.junit.internal.runners.statements.FailOnTimeout$StatementThread.run(FailOnTimeout.java:74)
--- org.apache.commons.math.analysis.solvers.BracketingNthOrderBrentSolver_ESTest::test1520
junit.framework.AssertionFailedError: expected:<0> but was:<5>
	at org.junit.Assert.fail(Assert.java:88)
	at org.junit.Assert.failNotEquals(Assert.java:743)
	at org.junit.Assert.assertEquals(Assert.java:118)
	at org.junit.Assert.assertEquals(Assert.java:555)
	at org.junit.Assert.assertEquals(Assert.java:542)
	at org.apache.commons.math.analysis.solvers.BracketingNthOrderBrentSolver_ESTest.test1520(BracketingNthOrderBrentSolver_ESTest.java:206)
	at sun.reflect.NativeMethodAccessorImpl.invoke0(Native Method)
	at sun.reflect.NativeMethodAccessorImpl.invoke(NativeMethodAccessorImpl.java:62)
	at sun.reflect.DelegatingMethodAccessorImpl.invoke(DelegatingMethodAccessorImpl.java:43)
	at java.lang.reflect.Method.invoke(Method.java:498)
	at org.junit.runners.model.FrameworkMethod$1.runReflectiveCall(FrameworkMethod.java:47)
	at org.junit.internal.runners.model.ReflectiveCallable.run(ReflectiveCallable.java:12)
	at org.junit.runners.model.FrameworkMethod.invokeExplosively(FrameworkMethod.java:44)
	at org.junit.internal.runners.statements.InvokeMethod.evaluate(InvokeMethod.java:17)
	at org.junit.internal.runners.statements.FailOnTimeout$StatementThread.run(FailOnTimeout.java:74)
--- org.apache.commons.math.analysis.solvers.BracketingNthOrderBrentSolver_ESTest::test2433
org.apache.commons.math.exception.NumberIsTooSmallException: -792 is smaller than the minimum (2)
	at org.apache.commons.math.analysis.solvers.BracketingNthOrderBrentSolver.<init>(BracketingNthOrderBrentSolver.java:84)
	at org.apache.commons.math.analysis.solvers.BracketingNthOrderBrentSolver_ESTest.test2433(BracketingNthOrderBrentSolver_ESTest.java:313)
	at sun.reflect.NativeMethodAccessorImpl.invoke0(Native Method)
	at sun.reflect.NativeMethodAccessorImpl.invoke(NativeMethodAccessorImpl.java:62)
	at sun.reflect.DelegatingMethodAccessorImpl.invoke(DelegatingMethodAccessorImpl.java:43)
	at java.lang.reflect.Method.invoke(Method.java:498)
	at org.junit.runners.model.FrameworkMethod$1.runReflectiveCall(FrameworkMethod.java:47)
	at org.junit.internal.runners.model.ReflectiveCallable.run(ReflectiveCallable.java:12)
	at org.junit.runners.model.FrameworkMethod.invokeExplosively(FrameworkMethod.java:44)
	at org.junit.internal.runners.statements.InvokeMethod.evaluate(InvokeMethod.java:17)
	at org.junit.internal.runners.statements.FailOnTimeout$StatementThread.run(FailOnTimeout.java:74)
--- org.apache.commons.math.analysis.solvers.BracketingNthOrderBrentSolver_ESTest::test2332
org.apache.commons.math.exception.NumberIsTooSmallException: 0 is smaller than the minimum (2)
	at org.apache.commons.math.analysis.solvers.BracketingNthOrderBrentSolver.<init>(BracketingNthOrderBrentSolver.java:104)
	at org.apache.commons.math.analysis.solvers.BracketingNthOrderBrentSolver_ESTest.test2332(BracketingNthOrderBrentSolver_ESTest.java:307)
	at sun.reflect.NativeMethodAccessorImpl.invoke0(Native Method)
	at sun.reflect.NativeMethodAccessorImpl.invoke(NativeMethodAccessorImpl.java:62)
	at sun.reflect.DelegatingMethodAccessorImpl.invoke(DelegatingMethodAccessorImpl.java:43)
	at java.lang.reflect.Method.invoke(Method.java:498)
	at org.junit.runners.model.FrameworkMethod$1.runReflectiveCall(FrameworkMethod.java:47)
	at org.junit.internal.runners.model.ReflectiveCallable.run(ReflectiveCallable.java:12)
	at org.junit.runners.model.FrameworkMethod.invokeExplosively(FrameworkMethod.java:44)
	at org.junit.internal.runners.statements.InvokeMethod.evaluate(InvokeMethod.java:17)
	at org.junit.internal.runners.statements.FailOnTimeout$StatementThread.run(FailOnTimeout.java:74)
--- org.apache.commons.math.analysis.solvers.BracketingNthOrderBrentSolver_ESTest::test2231
org.apache.commons.math.exception.NumberIsTooSmallException: -176 is smaller than the minimum (2)
	at org.apache.commons.math.analysis.solvers.BracketingNthOrderBrentSolver.<init>(BracketingNthOrderBrentSolver.java:126)
	at org.apache.commons.math.analysis.solvers.BracketingNthOrderBrentSolver_ESTest.test2231(BracketingNthOrderBrentSolver_ESTest.java:301)
	at sun.reflect.NativeMethodAccessorImpl.invoke0(Native Method)
	at sun.reflect.NativeMethodAccessorImpl.invoke(NativeMethodAccessorImpl.java:62)
	at sun.reflect.DelegatingMethodAccessorImpl.invoke(DelegatingMethodAccessorImpl.java:43)
	at java.lang.reflect.Method.invoke(Method.java:498)
	at org.junit.runners.model.FrameworkMethod$1.runReflectiveCall(FrameworkMethod.java:47)
	at org.junit.internal.runners.model.ReflectiveCallable.run(ReflectiveCallable.java:12)
	at org.junit.runners.model.FrameworkMethod.invokeExplosively(FrameworkMethod.java:44)
	at org.junit.internal.runners.statements.InvokeMethod.evaluate(InvokeMethod.java:17)
	at org.junit.internal.runners.statements.FailOnTimeout$StatementThread.run(FailOnTimeout.java:74)
--- org.apache.commons.math.analysis.solvers.BracketingNthOrderBrentSolver_ESTest::test1926
junit.framework.AssertionFailedError: expected:<0> but was:<870>
	at org.junit.Assert.fail(Assert.java:88)
	at org.junit.Assert.failNotEquals(Assert.java:743)
	at org.junit.Assert.assertEquals(Assert.java:118)
	at org.junit.Assert.assertEquals(Assert.java:555)
	at org.junit.Assert.assertEquals(Assert.java:542)
	at org.apache.commons.math.analysis.solvers.BracketingNthOrderBrentSolver_ESTest.test1926(BracketingNthOrderBrentSolver_ESTest.java:260)
	at sun.reflect.NativeMethodAccessorImpl.invoke0(Native Method)
	at sun.reflect.NativeMethodAccessorImpl.invoke(NativeMethodAccessorImpl.java:62)
	at sun.reflect.DelegatingMethodAccessorImpl.invoke(DelegatingMethodAccessorImpl.java:43)
	at java.lang.reflect.Method.invoke(Method.java:498)
	at org.junit.runners.model.FrameworkMethod$1.runReflectiveCall(FrameworkMethod.java:47)
	at org.junit.internal.runners.model.ReflectiveCallable.run(ReflectiveCallable.java:12)
	at org.junit.runners.model.FrameworkMethod.invokeExplosively(FrameworkMethod.java:44)
	at org.junit.internal.runners.statements.InvokeMethod.evaluate(InvokeMethod.java:17)
	at org.junit.internal.runners.statements.FailOnTimeout$StatementThread.run(FailOnTimeout.java:74)
--- org.apache.commons.math.analysis.solvers.BracketingNthOrderBrentSolver_ESTest::test044
org.apache.commons.math.exception.NumberIsTooLargeException: endpoints do not specify an interval: [0, -0.5]
	at org.apache.commons.math.analysis.solvers.UnivariateRealSolverUtils.verifyInterval(UnivariateRealSolverUtils.java:337)
	at org.apache.commons.math.analysis.solvers.UnivariateRealSolverUtils.verifySequence(UnivariateRealSolverUtils.java:354)
	at org.apache.commons.math.analysis.solvers.BaseAbstractUnivariateRealSolver.verifySequence(BaseAbstractUnivariateRealSolver.java:268)
	at org.apache.commons.math.analysis.solvers.BracketingNthOrderBrentSolver.doSolve(BracketingNthOrderBrentSolver.java:151)
	at org.apache.commons.math.analysis.solvers.BaseAbstractUnivariateRealSolver.solve(BaseAbstractUnivariateRealSolver.java:190)
	at org.apache.commons.math.analysis.solvers.BaseAbstractUnivariateRealSolver.solve(BaseAbstractUnivariateRealSolver.java:195)
	at org.apache.commons.math.analysis.solvers.BracketingNthOrderBrentSolver.solve(BracketingNthOrderBrentSolver.java:386)
	at org.apache.commons.math.analysis.solvers.BracketingNthOrderBrentSolver_ESTest.test044(BracketingNthOrderBrentSolver_ESTest.java:70)
	at sun.reflect.NativeMethodAccessorImpl.invoke0(Native Method)
	at sun.reflect.NativeMethodAccessorImpl.invoke(NativeMethodAccessorImpl.java:62)
	at sun.reflect.DelegatingMethodAccessorImpl.invoke(DelegatingMethodAccessorImpl.java:43)
	at java.lang.reflect.Method.invoke(Method.java:498)
	at org.junit.runners.model.FrameworkMethod$1.runReflectiveCall(FrameworkMethod.java:47)
	at org.junit.internal.runners.model.ReflectiveCallable.run(ReflectiveCallable.java:12)
	at org.junit.runners.model.FrameworkMethod.invokeExplosively(FrameworkMethod.java:44)
	at org.junit.internal.runners.statements.InvokeMethod.evaluate(InvokeMethod.java:17)
	at org.junit.internal.runners.statements.FailOnTimeout$StatementThread.run(FailOnTimeout.java:74)
--- org.apache.commons.math.analysis.solvers.BracketingNthOrderBrentSolver_ESTest::test066
org.apache.commons.math.exception.NumberIsTooLargeException: endpoints do not specify an interval: [5,595.402, 0]
	at org.apache.commons.math.analysis.solvers.UnivariateRealSolverUtils.verifyInterval(UnivariateRealSolverUtils.java:337)
	at org.apache.commons.math.analysis.solvers.UnivariateRealSolverUtils.verifySequence(UnivariateRealSolverUtils.java:354)
	at org.apache.commons.math.analysis.solvers.BaseAbstractUnivariateRealSolver.verifySequence(BaseAbstractUnivariateRealSolver.java:268)
	at org.apache.commons.math.analysis.solvers.BracketingNthOrderBrentSolver.doSolve(BracketingNthOrderBrentSolver.java:151)
	at org.apache.commons.math.analysis.solvers.BaseAbstractUnivariateRealSolver.solve(BaseAbstractUnivariateRealSolver.java:190)
	at org.apache.commons.math.analysis.solvers.BracketingNthOrderBrentSolver.solve(BracketingNthOrderBrentSolver.java:394)
	at org.apache.commons.math.analysis.solvers.BracketingNthOrderBrentSolver_ESTest.test066(BracketingNthOrderBrentSolver_ESTest.java:86)
	at sun.reflect.NativeMethodAccessorImpl.invoke0(Native Method)
	at sun.reflect.NativeMethodAccessorImpl.invoke(NativeMethodAccessorImpl.java:62)
	at sun.reflect.DelegatingMethodAccessorImpl.invoke(DelegatingMethodAccessorImpl.java:43)
	at java.lang.reflect.Method.invoke(Method.java:498)
	at org.junit.runners.model.FrameworkMethod$1.runReflectiveCall(FrameworkMethod.java:47)
	at org.junit.internal.runners.model.ReflectiveCallable.run(ReflectiveCallable.java:12)
	at org.junit.runners.model.FrameworkMethod.invokeExplosively(FrameworkMethod.java:44)
	at org.junit.internal.runners.statements.InvokeMethod.evaluate(InvokeMethod.java:17)
	at org.junit.internal.runners.statements.FailOnTimeout$StatementThread.run(FailOnTimeout.java:74)
--- org.apache.commons.math.analysis.solvers.BracketingNthOrderBrentSolver_ESTest::test088
org.apache.commons.math.exception.NumberIsTooLargeException: endpoints do not specify an interval: [0, 0]
	at org.apache.commons.math.analysis.solvers.UnivariateRealSolverUtils.verifyInterval(UnivariateRealSolverUtils.java:337)
	at org.apache.commons.math.analysis.solvers.UnivariateRealSolverUtils.verifySequence(UnivariateRealSolverUtils.java:354)
	at org.apache.commons.math.analysis.solvers.BaseAbstractUnivariateRealSolver.verifySequence(BaseAbstractUnivariateRealSolver.java:268)
	at org.apache.commons.math.analysis.solvers.BracketingNthOrderBrentSolver.doSolve(BracketingNthOrderBrentSolver.java:151)
	at org.apache.commons.math.analysis.solvers.BracketingNthOrderBrentSolver_ESTest.test088(BracketingNthOrderBrentSolver_ESTest.java:99)
	at sun.reflect.NativeMethodAccessorImpl.invoke0(Native Method)
	at sun.reflect.NativeMethodAccessorImpl.invoke(NativeMethodAccessorImpl.java:62)
	at sun.reflect.DelegatingMethodAccessorImpl.invoke(DelegatingMethodAccessorImpl.java:43)
	at java.lang.reflect.Method.invoke(Method.java:498)
	at org.junit.runners.model.FrameworkMethod$1.runReflectiveCall(FrameworkMethod.java:47)
	at org.junit.internal.runners.model.ReflectiveCallable.run(ReflectiveCallable.java:12)
	at org.junit.runners.model.FrameworkMethod.invokeExplosively(FrameworkMethod.java:44)
	at org.junit.internal.runners.statements.InvokeMethod.evaluate(InvokeMethod.java:17)
	at org.junit.internal.runners.statements.FailOnTimeout$StatementThread.run(FailOnTimeout.java:74)
--- org.apache.commons.math.analysis.solvers.BracketingNthOrderBrentSolver_ESTest::test1824
org.apache.commons.math.exception.TooManyEvaluationsException: illegal state: maximal count (5) exceeded: evaluations
	at org.apache.commons.math.analysis.solvers.BaseAbstractUnivariateRealSolver.incrementEvaluationCount(BaseAbstractUnivariateRealSolver.java:296)
	at org.apache.commons.math.analysis.solvers.BaseAbstractUnivariateRealSolver.computeObjectiveValue(BaseAbstractUnivariateRealSolver.java:153)
	at org.apache.commons.math.analysis.solvers.BracketingNthOrderBrentSolver.doSolve(BracketingNthOrderBrentSolver.java:178)
	at org.apache.commons.math.analysis.solvers.BracketingNthOrderBrentSolver_ESTest.test1824(BracketingNthOrderBrentSolver_ESTest.java:240)
	at sun.reflect.NativeMethodAccessorImpl.invoke0(Native Method)
	at sun.reflect.NativeMethodAccessorImpl.invoke(NativeMethodAccessorImpl.java:62)
	at sun.reflect.DelegatingMethodAccessorImpl.invoke(DelegatingMethodAccessorImpl.java:43)
	at java.lang.reflect.Method.invoke(Method.java:498)
	at org.junit.runners.model.FrameworkMethod$1.runReflectiveCall(FrameworkMethod.java:47)
	at org.junit.internal.runners.model.ReflectiveCallable.run(ReflectiveCallable.java:12)
	at org.junit.runners.model.FrameworkMethod.invokeExplosively(FrameworkMethod.java:44)
	at org.junit.internal.runners.statements.InvokeMethod.evaluate(InvokeMethod.java:17)
	at org.junit.internal.runners.statements.FailOnTimeout$StatementThread.run(FailOnTimeout.java:74)
--- org.apache.commons.math.analysis.solvers.BracketingNthOrderBrentSolver_ESTest::test2635
org.apache.commons.math.exception.NoBracketingException: function values at endpoints do not have different signs, endpoints: [1,567.703, 2,791.579], values: [39.594, 52.835]
	at org.apache.commons.math.analysis.solvers.BracketingNthOrderBrentSolver.doSolve(BracketingNthOrderBrentSolver.java:189)
	at org.apache.commons.math.analysis.solvers.BaseAbstractUnivariateRealSolver.solve(BaseAbstractUnivariateRealSolver.java:190)
	at org.apache.commons.math.analysis.solvers.BaseAbstractUnivariateRealSolver.solve(BaseAbstractUnivariateRealSolver.java:195)
	at org.apache.commons.math.analysis.solvers.BracketingNthOrderBrentSolver.solve(BracketingNthOrderBrentSolver.java:386)
	at org.apache.commons.math.analysis.solvers.BracketingNthOrderBrentSolver_ESTest.test2635(BracketingNthOrderBrentSolver_ESTest.java:329)
	at sun.reflect.NativeMethodAccessorImpl.invoke0(Native Method)
	at sun.reflect.NativeMethodAccessorImpl.invoke(NativeMethodAccessorImpl.java:62)
	at sun.reflect.DelegatingMethodAccessorImpl.invoke(DelegatingMethodAccessorImpl.java:43)
	at java.lang.reflect.Method.invoke(Method.java:498)
	at org.junit.runners.model.FrameworkMethod$1.runReflectiveCall(FrameworkMethod.java:47)
	at org.junit.internal.runners.model.ReflectiveCallable.run(ReflectiveCallable.java:12)
	at org.junit.runners.model.FrameworkMethod.invokeExplosively(FrameworkMethod.java:44)
	at org.junit.internal.runners.statements.InvokeMethod.evaluate(InvokeMethod.java:17)
	at org.junit.internal.runners.statements.FailOnTimeout$StatementThread.run(FailOnTimeout.java:74)
