--- com.google.javascript.jscomp.TypedScopeCreator_ESTest::test2122
org.evosuite.runtime.mock.java.lang.MockRuntimeException: INTERNAL COMPILER ERROR.
Please report this problem.
null
	at com.google.javascript.jscomp.Compiler.throwInternalError(Compiler.java:1759)
	at com.google.javascript.jscomp.NodeTraversal.throwUnexpectedException(NodeTraversal.java:230)
	at com.google.javascript.jscomp.NodeTraversal.traverse(NodeTraversal.java:252)
	at com.google.javascript.jscomp.NodeTraversal.traverse(NodeTraversal.java:422)
	at com.google.javascript.jscomp.TypedScopeCreator$LocalScopeBuilder.build(TypedScopeCreator.java:1687)
	at com.google.javascript.jscomp.TypedScopeCreator.createScope(TypedScopeCreator.java:197)
	at com.google.javascript.jscomp.TypedScopeCreator_ESTest.test2122(TypedScopeCreator_ESTest.java:288)
	at sun.reflect.NativeMethodAccessorImpl.invoke0(Native Method)
	at sun.reflect.NativeMethodAccessorImpl.invoke(NativeMethodAccessorImpl.java:62)
	at sun.reflect.DelegatingMethodAccessorImpl.invoke(DelegatingMethodAccessorImpl.java:43)
	at java.lang.reflect.Method.invoke(Method.java:498)
	at org.junit.runners.model.FrameworkMethod$1.runReflectiveCall(FrameworkMethod.java:47)
	at org.junit.internal.runners.model.ReflectiveCallable.run(ReflectiveCallable.java:12)
	at org.junit.runners.model.FrameworkMethod.invokeExplosively(FrameworkMethod.java:44)
	at org.junit.internal.runners.statements.InvokeMethod.evaluate(InvokeMethod.java:17)
	at org.junit.internal.runners.statements.FailOnTimeout$StatementThread.run(FailOnTimeout.java:74)
Caused by: org.evosuite.runtime.mock.java.lang.MockIllegalArgumentException
	at com.google.common.base.Preconditions.checkArgument(Preconditions.java:72)
	at com.google.javascript.jscomp.TypedScopeCreator$AbstractScopeBuilder.defineSlot(TypedScopeCreator.java:990)
	at com.google.javascript.jscomp.TypedScopeCreator$LocalScopeBuilder.handleFunctionInputs(TypedScopeCreator.java:1724)
	at com.google.javascript.jscomp.TypedScopeCreator$LocalScopeBuilder.visit(TypedScopeCreator.java:1702)
	at com.google.javascript.jscomp.NodeTraversal.traverseBranch(NodeTraversal.java:464)
	at com.google.javascript.jscomp.NodeTraversal.traverseBranch(NodeTraversal.java:457)
	at com.google.javascript.jscomp.NodeTraversal.traverse(NodeTraversal.java:249)
	... 13 more
--- com.google.javascript.jscomp.TypedScopeCreator_ESTest::test1313
org.evosuite.runtime.mock.java.lang.MockRuntimeException: INTERNAL COMPILER ERROR.
Please report this problem.
null
  Node(VAR):  [testcode] :-1:-1
[source unknown]
  Parent: NULL
	at com.google.javascript.jscomp.Compiler.throwInternalError(Compiler.java:1759)
	at com.google.javascript.jscomp.NodeTraversal.throwUnexpectedException(NodeTraversal.java:230)
	at com.google.javascript.jscomp.NodeTraversal.traverse(NodeTraversal.java:252)
	at com.google.javascript.jscomp.NodeTraversal.traverse(NodeTraversal.java:422)
	at com.google.javascript.jscomp.TypedScopeCreator.createScope(TypedScopeCreator.java:192)
	at com.google.javascript.jscomp.TypedScopeCreator_ESTest.test1313(TypedScopeCreator_ESTest.java:172)
	at sun.reflect.NativeMethodAccessorImpl.invoke0(Native Method)
	at sun.reflect.NativeMethodAccessorImpl.invoke(NativeMethodAccessorImpl.java:62)
	at sun.reflect.DelegatingMethodAccessorImpl.invoke(DelegatingMethodAccessorImpl.java:43)
	at java.lang.reflect.Method.invoke(Method.java:498)
	at org.junit.runners.model.FrameworkMethod$1.runReflectiveCall(FrameworkMethod.java:47)
	at org.junit.internal.runners.model.ReflectiveCallable.run(ReflectiveCallable.java:12)
	at org.junit.runners.model.FrameworkMethod.invokeExplosively(FrameworkMethod.java:44)
	at org.junit.internal.runners.statements.InvokeMethod.evaluate(InvokeMethod.java:17)
	at org.junit.internal.runners.statements.FailOnTimeout$StatementThread.run(FailOnTimeout.java:74)
Caused by: org.evosuite.runtime.mock.java.lang.MockIllegalArgumentException
	at com.google.common.base.Preconditions.checkArgument(Preconditions.java:72)
	at com.google.javascript.jscomp.TypedScopeCreator$AbstractScopeBuilder.defineSlot(TypedScopeCreator.java:1001)
	at com.google.javascript.jscomp.TypedScopeCreator$AbstractScopeBuilder.defineSlot(TypedScopeCreator.java:974)
	at com.google.javascript.jscomp.TypedScopeCreator$AbstractScopeBuilder.defineName(TypedScopeCreator.java:730)
	at com.google.javascript.jscomp.TypedScopeCreator$AbstractScopeBuilder.defineVar(TypedScopeCreator.java:675)
	at com.google.javascript.jscomp.TypedScopeCreator$AbstractScopeBuilder.visit(TypedScopeCreator.java:478)
	at com.google.javascript.jscomp.TypedScopeCreator$GlobalScopeBuilder.visit(TypedScopeCreator.java:1573)
	at com.google.javascript.jscomp.NodeTraversal.traverseBranch(NodeTraversal.java:464)
	at com.google.javascript.jscomp.NodeTraversal.traverse(NodeTraversal.java:249)
	... 12 more
--- com.google.javascript.jscomp.TypedScopeCreator_ESTest::test1212
org.evosuite.runtime.mock.java.lang.MockRuntimeException: INTERNAL COMPILER ERROR.
Please report this problem.
null
	at com.google.javascript.jscomp.Compiler.throwInternalError(Compiler.java:1759)
	at com.google.javascript.jscomp.NodeTraversal.throwUnexpectedException(NodeTraversal.java:230)
	at com.google.javascript.jscomp.NodeTraversal.traverse(NodeTraversal.java:252)
	at com.google.javascript.jscomp.NodeTraversal.traverse(NodeTraversal.java:422)
	at com.google.javascript.jscomp.TypedScopeCreator.createScope(TypedScopeCreator.java:192)
	at com.google.javascript.jscomp.TypedScopeCreator_ESTest.test1212(TypedScopeCreator_ESTest.java:162)
	at sun.reflect.NativeMethodAccessorImpl.invoke0(Native Method)
	at sun.reflect.NativeMethodAccessorImpl.invoke(NativeMethodAccessorImpl.java:62)
	at sun.reflect.DelegatingMethodAccessorImpl.invoke(DelegatingMethodAccessorImpl.java:43)
	at java.lang.reflect.Method.invoke(Method.java:498)
	at org.junit.runners.model.FrameworkMethod$1.runReflectiveCall(FrameworkMethod.java:47)
	at org.junit.internal.runners.model.ReflectiveCallable.run(ReflectiveCallable.java:12)
	at org.junit.runners.model.FrameworkMethod.invokeExplosively(FrameworkMethod.java:44)
	at org.junit.internal.runners.statements.InvokeMethod.evaluate(InvokeMethod.java:17)
	at org.junit.internal.runners.statements.FailOnTimeout$StatementThread.run(FailOnTimeout.java:74)
Caused by: org.evosuite.runtime.mock.java.lang.MockIllegalStateException
	at com.google.common.base.Preconditions.checkState(Preconditions.java:129)
	at com.google.javascript.jscomp.TypedScopeCreator$AbstractScopeBuilder.assertDefinitionNode(TypedScopeCreator.java:650)
	at com.google.javascript.jscomp.TypedScopeCreator$AbstractScopeBuilder.defineVar(TypedScopeCreator.java:667)
	at com.google.javascript.jscomp.TypedScopeCreator$AbstractScopeBuilder.visit(TypedScopeCreator.java:478)
	at com.google.javascript.jscomp.TypedScopeCreator$GlobalScopeBuilder.visit(TypedScopeCreator.java:1573)
	at com.google.javascript.jscomp.NodeTraversal.traverseBranch(NodeTraversal.java:464)
	at com.google.javascript.jscomp.NodeTraversal.traverse(NodeTraversal.java:249)
	... 12 more
--- com.google.javascript.jscomp.TypedScopeCreator_ESTest::test1515
org.evosuite.runtime.mock.java.lang.MockRuntimeException: INTERNAL COMPILER ERROR.
Please report this problem.
NAME is not a string node
  Node(VAR):  [testcode] :-1:-1
[source unknown]
  Parent: NULL
	at com.google.javascript.jscomp.Compiler.throwInternalError(Compiler.java:1759)
	at com.google.javascript.jscomp.NodeTraversal.throwUnexpectedException(NodeTraversal.java:230)
	at com.google.javascript.jscomp.NodeTraversal.traverse(NodeTraversal.java:252)
	at com.google.javascript.jscomp.NodeTraversal.traverse(NodeTraversal.java:422)
	at com.google.javascript.jscomp.TypedScopeCreator.createScope(TypedScopeCreator.java:192)
	at com.google.javascript.jscomp.TypedScopeCreator_ESTest.test1515(TypedScopeCreator_ESTest.java:197)
	at sun.reflect.NativeMethodAccessorImpl.invoke0(Native Method)
	at sun.reflect.NativeMethodAccessorImpl.invoke(NativeMethodAccessorImpl.java:62)
	at sun.reflect.DelegatingMethodAccessorImpl.invoke(DelegatingMethodAccessorImpl.java:43)
	at java.lang.reflect.Method.invoke(Method.java:498)
	at org.junit.runners.model.FrameworkMethod$1.runReflectiveCall(FrameworkMethod.java:47)
	at org.junit.internal.runners.model.ReflectiveCallable.run(ReflectiveCallable.java:12)
	at org.junit.runners.model.FrameworkMethod.invokeExplosively(FrameworkMethod.java:44)
	at org.junit.internal.runners.statements.InvokeMethod.evaluate(InvokeMethod.java:17)
	at org.junit.internal.runners.statements.FailOnTimeout$StatementThread.run(FailOnTimeout.java:74)
Caused by: java.lang.UnsupportedOperationException: NAME is not a string node
	at com.google.javascript.rhino.Node.getString(Node.java:897)
	at com.google.javascript.rhino.Node.getQualifiedName(Node.java:1754)
	at com.google.javascript.jscomp.TypedScopeCreator$AbstractScopeBuilder.defineSlot(TypedScopeCreator.java:1006)
	at com.google.javascript.jscomp.TypedScopeCreator$AbstractScopeBuilder.defineSlot(TypedScopeCreator.java:974)
	at com.google.javascript.jscomp.TypedScopeCreator$AbstractScopeBuilder.defineName(TypedScopeCreator.java:730)
	at com.google.javascript.jscomp.TypedScopeCreator$AbstractScopeBuilder.defineVar(TypedScopeCreator.java:679)
	at com.google.javascript.jscomp.TypedScopeCreator$AbstractScopeBuilder.visit(TypedScopeCreator.java:478)
	at com.google.javascript.jscomp.TypedScopeCreator$GlobalScopeBuilder.visit(TypedScopeCreator.java:1573)
	at com.google.javascript.jscomp.NodeTraversal.traverseBranch(NodeTraversal.java:464)
	at com.google.javascript.jscomp.NodeTraversal.traverse(NodeTraversal.java:249)
	... 12 more
--- com.google.javascript.jscomp.TypedScopeCreator_ESTest::test1414
org.evosuite.runtime.mock.java.lang.MockRuntimeException: INTERNAL COMPILER ERROR.
Please report this problem.
null
	at com.google.javascript.jscomp.Compiler.throwInternalError(Compiler.java:1759)
	at com.google.javascript.jscomp.NodeTraversal.throwUnexpectedException(NodeTraversal.java:230)
	at com.google.javascript.jscomp.NodeTraversal.traverse(NodeTraversal.java:252)
	at com.google.javascript.jscomp.NodeTraversal.traverse(NodeTraversal.java:422)
	at com.google.javascript.jscomp.TypedScopeCreator$LocalScopeBuilder.build(TypedScopeCreator.java:1687)
	at com.google.javascript.jscomp.TypedScopeCreator.createScope(TypedScopeCreator.java:197)
	at com.google.javascript.jscomp.TypedScopeCreator_ESTest.test1414(TypedScopeCreator_ESTest.java:187)
	at sun.reflect.NativeMethodAccessorImpl.invoke0(Native Method)
	at sun.reflect.NativeMethodAccessorImpl.invoke(NativeMethodAccessorImpl.java:62)
	at sun.reflect.DelegatingMethodAccessorImpl.invoke(DelegatingMethodAccessorImpl.java:43)
	at java.lang.reflect.Method.invoke(Method.java:498)
	at org.junit.runners.model.FrameworkMethod$1.runReflectiveCall(FrameworkMethod.java:47)
	at org.junit.internal.runners.model.ReflectiveCallable.run(ReflectiveCallable.java:12)
	at org.junit.runners.model.FrameworkMethod.invokeExplosively(FrameworkMethod.java:44)
	at org.junit.internal.runners.statements.InvokeMethod.evaluate(InvokeMethod.java:17)
	at org.junit.internal.runners.statements.FailOnTimeout$StatementThread.run(FailOnTimeout.java:74)
Caused by: org.evosuite.runtime.mock.java.lang.MockIllegalArgumentException
	at com.google.common.base.Preconditions.checkArgument(Preconditions.java:72)
	at com.google.javascript.jscomp.TypedScopeCreator$AbstractScopeBuilder.defineSlot(TypedScopeCreator.java:990)
	at com.google.javascript.jscomp.TypedScopeCreator$LocalScopeBuilder.handleFunctionInputs(TypedScopeCreator.java:1724)
	at com.google.javascript.jscomp.TypedScopeCreator$LocalScopeBuilder.visit(TypedScopeCreator.java:1702)
	at com.google.javascript.jscomp.NodeTraversal.traverseBranch(NodeTraversal.java:464)
	at com.google.javascript.jscomp.NodeTraversal.traverseBranch(NodeTraversal.java:457)
	at com.google.javascript.jscomp.NodeTraversal.traverse(NodeTraversal.java:249)
	... 13 more
--- com.google.javascript.jscomp.TypedScopeCreator_ESTest::test099
org.evosuite.runtime.mock.java.lang.MockRuntimeException: INTERNAL COMPILER ERROR.
Please report this problem.
Unexpected node type: EXPR_RESULT 1 [sourcename: java.lang.String@0000000780]
	at com.google.javascript.jscomp.Compiler.throwInternalError(Compiler.java:1759)
	at com.google.javascript.jscomp.NodeTraversal.throwUnexpectedException(NodeTraversal.java:230)
	at com.google.javascript.jscomp.NodeTraversal.traverse(NodeTraversal.java:252)
	at com.google.javascript.jscomp.NodeTraversal.traverse(NodeTraversal.java:422)
	at com.google.javascript.jscomp.TypedScopeCreator.createScope(TypedScopeCreator.java:192)
	at com.google.javascript.jscomp.TypedScopeCreator_ESTest.test099(TypedScopeCreator_ESTest.java:128)
	at sun.reflect.NativeMethodAccessorImpl.invoke0(Native Method)
	at sun.reflect.NativeMethodAccessorImpl.invoke(NativeMethodAccessorImpl.java:62)
	at sun.reflect.DelegatingMethodAccessorImpl.invoke(DelegatingMethodAccessorImpl.java:43)
	at java.lang.reflect.Method.invoke(Method.java:498)
	at org.junit.runners.model.FrameworkMethod$1.runReflectiveCall(FrameworkMethod.java:47)
	at org.junit.internal.runners.model.ReflectiveCallable.run(ReflectiveCallable.java:12)
	at org.junit.runners.model.FrameworkMethod.invokeExplosively(FrameworkMethod.java:44)
	at org.junit.internal.runners.statements.InvokeMethod.evaluate(InvokeMethod.java:17)
	at org.junit.internal.runners.statements.FailOnTimeout$StatementThread.run(FailOnTimeout.java:74)
Caused by: org.evosuite.runtime.mock.java.lang.MockIllegalStateException: Unexpected node type: EXPR_RESULT 1 [sourcename: java.lang.String@0000000780]
	at com.google.javascript.jscomp.NodeUtil.getObjectLitKeyName(NodeUtil.java:2089)
	at com.google.javascript.jscomp.TypedScopeCreator$AbstractScopeBuilder.processObjectLitProperties(TypedScopeCreator.java:594)
	at com.google.javascript.jscomp.TypedScopeCreator$AbstractScopeBuilder.defineObjectLiteral(TypedScopeCreator.java:578)
	at com.google.javascript.jscomp.TypedScopeCreator$AbstractScopeBuilder.attachLiteralTypes(TypedScopeCreator.java:526)
	at com.google.javascript.jscomp.TypedScopeCreator$AbstractScopeBuilder.visit(TypedScopeCreator.java:445)
	at com.google.javascript.jscomp.TypedScopeCreator$GlobalScopeBuilder.visit(TypedScopeCreator.java:1573)
	at com.google.javascript.jscomp.NodeTraversal.traverseBranch(NodeTraversal.java:464)
	at com.google.javascript.jscomp.NodeTraversal.traverseBranch(NodeTraversal.java:457)
	at com.google.javascript.jscomp.NodeTraversal.traverse(NodeTraversal.java:249)
	... 12 more
--- com.google.javascript.jscomp.TypedScopeCreator_ESTest::test1616
org.evosuite.runtime.mock.java.lang.MockRuntimeException: INTERNAL COMPILER ERROR.
Please report this problem.
NAME is not a string node
  Node(CATCH):  [testcode] :-1:-1
[source unknown]
  Parent: NULL
	at com.google.javascript.jscomp.Compiler.throwInternalError(Compiler.java:1759)
	at com.google.javascript.jscomp.NodeTraversal.throwUnexpectedException(NodeTraversal.java:230)
	at com.google.javascript.jscomp.NodeTraversal.traverse(NodeTraversal.java:252)
	at com.google.javascript.jscomp.NodeTraversal.traverse(NodeTraversal.java:422)
	at com.google.javascript.jscomp.TypedScopeCreator.createScope(TypedScopeCreator.java:192)
	at com.google.javascript.jscomp.TypedScopeCreator_ESTest.test1616(TypedScopeCreator_ESTest.java:207)
	at sun.reflect.NativeMethodAccessorImpl.invoke0(Native Method)
	at sun.reflect.NativeMethodAccessorImpl.invoke(NativeMethodAccessorImpl.java:62)
	at sun.reflect.DelegatingMethodAccessorImpl.invoke(DelegatingMethodAccessorImpl.java:43)
	at java.lang.reflect.Method.invoke(Method.java:498)
	at org.junit.runners.model.FrameworkMethod$1.runReflectiveCall(FrameworkMethod.java:47)
	at org.junit.internal.runners.model.ReflectiveCallable.run(ReflectiveCallable.java:12)
	at org.junit.runners.model.FrameworkMethod.invokeExplosively(FrameworkMethod.java:44)
	at org.junit.internal.runners.statements.InvokeMethod.evaluate(InvokeMethod.java:17)
	at org.junit.internal.runners.statements.FailOnTimeout$StatementThread.run(FailOnTimeout.java:74)
Caused by: java.lang.UnsupportedOperationException: NAME is not a string node
	at com.google.javascript.rhino.Node.getString(Node.java:897)
	at com.google.javascript.rhino.Node.getQualifiedName(Node.java:1754)
	at com.google.javascript.jscomp.TypedScopeCreator$AbstractScopeBuilder.defineSlot(TypedScopeCreator.java:1006)
	at com.google.javascript.jscomp.TypedScopeCreator$AbstractScopeBuilder.defineSlot(TypedScopeCreator.java:974)
	at com.google.javascript.jscomp.TypedScopeCreator$AbstractScopeBuilder.defineCatch(TypedScopeCreator.java:660)
	at com.google.javascript.jscomp.TypedScopeCreator$AbstractScopeBuilder.visit(TypedScopeCreator.java:474)
	at com.google.javascript.jscomp.TypedScopeCreator$GlobalScopeBuilder.visit(TypedScopeCreator.java:1573)
	at com.google.javascript.jscomp.NodeTraversal.traverseBranch(NodeTraversal.java:464)
	at com.google.javascript.jscomp.NodeTraversal.traverse(NodeTraversal.java:249)
	... 12 more
