--- org.mockito.exceptions.Reporter_ESTest::test4039
junit.framework.AssertionFailedError: 
java.lang.String@0000000002
	at <evosuite>.<evosuite>(<evosuite>)
	at <evosuite>.<evosuite>(<evosuite>)
	at <evosuite>.<evosuite>(<evosuite>)
--- org.mockito.exceptions.Reporter_ESTest::test3029
org.mockito.exceptions.base.MockitoException: 
java.lang.String@0000000002
java.lang.String@0000000003
java.lang.String@0000000004
java.lang.String@0000000005
java.lang.String@0000000006
	at org.mockito.exceptions.Reporter.cannotStubVoidMethodWithAReturnValue(Reporter.java:385)
	at org.mockito.exceptions.Reporter_ESTest.test3029(Reporter_ESTest.java:223)
	at sun.reflect.NativeMethodAccessorImpl.invoke0(Native Method)
	at sun.reflect.NativeMethodAccessorImpl.invoke(NativeMethodAccessorImpl.java:62)
	at sun.reflect.DelegatingMethodAccessorImpl.invoke(DelegatingMethodAccessorImpl.java:43)
	at java.lang.reflect.Method.invoke(Method.java:498)
	at org.junit.runners.model.FrameworkMethod$1.runReflectiveCall(FrameworkMethod.java:47)
	at org.junit.internal.runners.model.ReflectiveCallable.run(ReflectiveCallable.java:12)
	at org.junit.runners.model.FrameworkMethod.invokeExplosively(FrameworkMethod.java:44)
	at org.junit.internal.runners.statements.InvokeMethod.evaluate(InvokeMethod.java:17)
	at org.junit.internal.runners.statements.FailOnTimeout$StatementThread.run(FailOnTimeout.java:74)
--- org.mockito.exceptions.Reporter_ESTest::test000
org.mockito.exceptions.base.MockitoException: 
java.lang.String@0000000002
java.lang.String@0000000003
java.lang.String@0000000004
java.lang.String@0000000005
	at org.mockito.exceptions.Reporter.mocksHaveToBePassedToVerifyNoMoreInteractions(Reporter.java:148)
	at org.mockito.exceptions.Reporter_ESTest.test000(Reporter_ESTest.java:36)
	at sun.reflect.NativeMethodAccessorImpl.invoke0(Native Method)
	at sun.reflect.NativeMethodAccessorImpl.invoke(NativeMethodAccessorImpl.java:62)
	at sun.reflect.DelegatingMethodAccessorImpl.invoke(DelegatingMethodAccessorImpl.java:43)
	at java.lang.reflect.Method.invoke(Method.java:498)
	at org.junit.runners.model.FrameworkMethod$1.runReflectiveCall(FrameworkMethod.java:47)
	at org.junit.internal.runners.model.ReflectiveCallable.run(ReflectiveCallable.java:12)
	at org.junit.runners.model.FrameworkMethod.invokeExplosively(FrameworkMethod.java:44)
	at org.junit.internal.runners.statements.InvokeMethod.evaluate(InvokeMethod.java:17)
	at org.junit.internal.runners.statements.FailOnTimeout$StatementThread.run(FailOnTimeout.java:74)
--- org.mockito.exceptions.Reporter_ESTest::test022
java.lang.NullPointerException
	at org.mockito.exceptions.Reporter.noMoreInteractionsWantedInOrder(Reporter.java:369)
	at org.mockito.exceptions.Reporter_ESTest.test022(Reporter_ESTest.java:49)
	at sun.reflect.NativeMethodAccessorImpl.invoke0(Native Method)
	at sun.reflect.NativeMethodAccessorImpl.invoke(NativeMethodAccessorImpl.java:62)
	at sun.reflect.DelegatingMethodAccessorImpl.invoke(DelegatingMethodAccessorImpl.java:43)
	at java.lang.reflect.Method.invoke(Method.java:498)
	at org.junit.runners.model.FrameworkMethod$1.runReflectiveCall(FrameworkMethod.java:47)
	at org.junit.internal.runners.model.ReflectiveCallable.run(ReflectiveCallable.java:12)
	at org.junit.runners.model.FrameworkMethod.invokeExplosively(FrameworkMethod.java:44)
	at org.junit.internal.runners.statements.InvokeMethod.evaluate(InvokeMethod.java:17)
	at org.junit.internal.runners.statements.FailOnTimeout$StatementThread.run(FailOnTimeout.java:74)
--- org.mockito.exceptions.Reporter_ESTest::test044
org.mockito.exceptions.base.MockitoException: 
java.lang.String@0000000002
java.lang.String@0000000003
java.lang.String@0000000004
java.lang.String@0000000005
java.lang.String@0000000006
	at org.mockito.exceptions.Reporter.cannotMockFinalClass(Reporter.java:375)
	at org.mockito.exceptions.Reporter_ESTest.test044(Reporter_ESTest.java:62)
	at sun.reflect.NativeMethodAccessorImpl.invoke0(Native Method)
	at sun.reflect.NativeMethodAccessorImpl.invoke(NativeMethodAccessorImpl.java:62)
	at sun.reflect.DelegatingMethodAccessorImpl.invoke(DelegatingMethodAccessorImpl.java:43)
	at java.lang.reflect.Method.invoke(Method.java:498)
	at org.junit.runners.model.FrameworkMethod$1.runReflectiveCall(FrameworkMethod.java:47)
	at org.junit.internal.runners.model.ReflectiveCallable.run(ReflectiveCallable.java:12)
	at org.junit.runners.model.FrameworkMethod.invokeExplosively(FrameworkMethod.java:44)
	at org.junit.internal.runners.statements.InvokeMethod.evaluate(InvokeMethod.java:17)
	at org.junit.internal.runners.statements.FailOnTimeout$StatementThread.run(FailOnTimeout.java:74)
--- org.mockito.exceptions.Reporter_ESTest::test066
org.mockito.exceptions.misusing.WrongTypeOfReturnValue: 
java.lang.String@0000000002
java.lang.String@0000000003
java.lang.String@0000000004
java.lang.String@0000000005
java.lang.String@0000000006
java.lang.String@0000000007
	at org.mockito.exceptions.Reporter.wrongTypeOfReturnValue(Reporter.java:407)
	at org.mockito.exceptions.Reporter_ESTest.test066(Reporter_ESTest.java:74)
	at sun.reflect.NativeMethodAccessorImpl.invoke0(Native Method)
	at sun.reflect.NativeMethodAccessorImpl.invoke(NativeMethodAccessorImpl.java:62)
	at sun.reflect.DelegatingMethodAccessorImpl.invoke(DelegatingMethodAccessorImpl.java:43)
	at java.lang.reflect.Method.invoke(Method.java:498)
	at org.junit.runners.model.FrameworkMethod$1.runReflectiveCall(FrameworkMethod.java:47)
	at org.junit.internal.runners.model.ReflectiveCallable.run(ReflectiveCallable.java:12)
	at org.junit.runners.model.FrameworkMethod.invokeExplosively(FrameworkMethod.java:44)
	at org.junit.internal.runners.statements.InvokeMethod.evaluate(InvokeMethod.java:17)
	at org.junit.internal.runners.statements.FailOnTimeout$StatementThread.run(FailOnTimeout.java:74)
--- org.mockito.exceptions.Reporter_ESTest::test088
org.mockito.exceptions.base.MockitoException: 
java.lang.String@0000000002
java.lang.String@0000000003
	at org.mockito.exceptions.Reporter.checkedExceptionInvalid(Reporter.java:49)
	at org.mockito.exceptions.Reporter_ESTest.test088(Reporter_ESTest.java:87)
	at sun.reflect.NativeMethodAccessorImpl.invoke0(Native Method)
	at sun.reflect.NativeMethodAccessorImpl.invoke(NativeMethodAccessorImpl.java:62)
	at sun.reflect.DelegatingMethodAccessorImpl.invoke(DelegatingMethodAccessorImpl.java:43)
	at java.lang.reflect.Method.invoke(Method.java:498)
	at org.junit.runners.model.FrameworkMethod$1.runReflectiveCall(FrameworkMethod.java:47)
	at org.junit.internal.runners.model.ReflectiveCallable.run(ReflectiveCallable.java:12)
	at org.junit.runners.model.FrameworkMethod.invokeExplosively(FrameworkMethod.java:44)
	at org.junit.internal.runners.statements.InvokeMethod.evaluate(InvokeMethod.java:17)
	at org.junit.internal.runners.statements.FailOnTimeout$StatementThread.run(FailOnTimeout.java:74)
--- org.mockito.exceptions.Reporter_ESTest::test2019
java.lang.NullPointerException
	at org.mockito.exceptions.Reporter.createTooLittleInvocationsMessage(Reporter.java:327)
	at org.mockito.exceptions.Reporter.tooLittleActualInvocations(Reporter.java:337)
	at org.mockito.exceptions.Reporter_ESTest.test2019(Reporter_ESTest.java:159)
	at sun.reflect.NativeMethodAccessorImpl.invoke0(Native Method)
	at sun.reflect.NativeMethodAccessorImpl.invoke(NativeMethodAccessorImpl.java:62)
	at sun.reflect.DelegatingMethodAccessorImpl.invoke(DelegatingMethodAccessorImpl.java:43)
	at java.lang.reflect.Method.invoke(Method.java:498)
	at org.junit.runners.model.FrameworkMethod$1.runReflectiveCall(FrameworkMethod.java:47)
	at org.junit.internal.runners.model.ReflectiveCallable.run(ReflectiveCallable.java:12)
	at org.junit.runners.model.FrameworkMethod.invokeExplosively(FrameworkMethod.java:44)
	at org.junit.internal.runners.statements.InvokeMethod.evaluate(InvokeMethod.java:17)
	at org.junit.internal.runners.statements.FailOnTimeout$StatementThread.run(FailOnTimeout.java:74)
--- org.mockito.exceptions.Reporter_ESTest::test1918
org.mockito.exceptions.base.MockitoException: 
java.lang.String@0000000002
java.lang.String@0000000003
java.lang.String@0000000004
	at org.mockito.exceptions.Reporter.cannotVerifyToString(Reporter.java:512)
	at org.mockito.exceptions.Reporter_ESTest.test1918(Reporter_ESTest.java:151)
	at sun.reflect.NativeMethodAccessorImpl.invoke0(Native Method)
	at sun.reflect.NativeMethodAccessorImpl.invoke(NativeMethodAccessorImpl.java:62)
	at sun.reflect.DelegatingMethodAccessorImpl.invoke(DelegatingMethodAccessorImpl.java:43)
	at java.lang.reflect.Method.invoke(Method.java:498)
	at org.junit.runners.model.FrameworkMethod$1.runReflectiveCall(FrameworkMethod.java:47)
	at org.junit.internal.runners.model.ReflectiveCallable.run(ReflectiveCallable.java:12)
	at org.junit.runners.model.FrameworkMethod.invokeExplosively(FrameworkMethod.java:44)
	at org.junit.internal.runners.statements.InvokeMethod.evaluate(InvokeMethod.java:17)
	at org.junit.internal.runners.statements.FailOnTimeout$StatementThread.run(FailOnTimeout.java:74)
--- org.mockito.exceptions.Reporter_ESTest::test2524
org.mockito.exceptions.base.MockitoException: 
java.lang.String@0000000002
	at org.mockito.exceptions.Reporter.cannotStubWithNullThrowable(Reporter.java:56)
	at org.mockito.exceptions.Reporter_ESTest.test2524(Reporter_ESTest.java:191)
	at sun.reflect.NativeMethodAccessorImpl.invoke0(Native Method)
	at sun.reflect.NativeMethodAccessorImpl.invoke(NativeMethodAccessorImpl.java:62)
	at sun.reflect.DelegatingMethodAccessorImpl.invoke(DelegatingMethodAccessorImpl.java:43)
	at java.lang.reflect.Method.invoke(Method.java:498)
	at org.junit.runners.model.FrameworkMethod$1.runReflectiveCall(FrameworkMethod.java:47)
	at org.junit.internal.runners.model.ReflectiveCallable.run(ReflectiveCallable.java:12)
	at org.junit.runners.model.FrameworkMethod.invokeExplosively(FrameworkMethod.java:44)
	at org.junit.internal.runners.statements.InvokeMethod.evaluate(InvokeMethod.java:17)
	at org.junit.internal.runners.statements.FailOnTimeout$StatementThread.run(FailOnTimeout.java:74)
--- org.mockito.exceptions.Reporter_ESTest::test3635
org.mockito.exceptions.misusing.MissingMethodInvocationException: 
java.lang.String@0000000002
java.lang.String@0000000003
java.lang.String@0000000004
java.lang.String@0000000005
java.lang.String@0000000006
java.lang.String@0000000007
java.lang.String@0000000008
java.lang.String@0000000009
	at org.mockito.exceptions.Reporter.missingMethodInvocation(Reporter.java:80)
	at org.mockito.exceptions.Reporter_ESTest.test3635(Reporter_ESTest.java:261)
	at sun.reflect.NativeMethodAccessorImpl.invoke0(Native Method)
	at sun.reflect.NativeMethodAccessorImpl.invoke(NativeMethodAccessorImpl.java:62)
	at sun.reflect.DelegatingMethodAccessorImpl.invoke(DelegatingMethodAccessorImpl.java:43)
	at java.lang.reflect.Method.invoke(Method.java:498)
	at org.junit.runners.model.FrameworkMethod$1.runReflectiveCall(FrameworkMethod.java:47)
	at org.junit.internal.runners.model.ReflectiveCallable.run(ReflectiveCallable.java:12)
	at org.junit.runners.model.FrameworkMethod.invokeExplosively(FrameworkMethod.java:44)
	at org.junit.internal.runners.statements.InvokeMethod.evaluate(InvokeMethod.java:17)
	at org.junit.internal.runners.statements.FailOnTimeout$StatementThread.run(FailOnTimeout.java:74)
--- org.mockito.exceptions.Reporter_ESTest::test1413
org.mockito.exceptions.misusing.UnfinishedStubbingException: 
java.lang.String@0000000004
org.mockito.internal.debugging.Location@0000000003
java.lang.String@0000000005
java.lang.String@0000000006
java.lang.String@0000000007
java.lang.String@0000000008
java.lang.String@0000000009
java.lang.String@0000000010
java.lang.String@0000000011
java.lang.String@0000000012
java.lang.String@0000000013
java.lang.String@0000000005
	at org.mockito.exceptions.Reporter.unfinishedStubbing(Reporter.java:63)
	at org.mockito.exceptions.Reporter_ESTest.test1413(Reporter_ESTest.java:120)
	at sun.reflect.NativeMethodAccessorImpl.invoke0(Native Method)
	at sun.reflect.NativeMethodAccessorImpl.invoke(NativeMethodAccessorImpl.java:62)
	at sun.reflect.DelegatingMethodAccessorImpl.invoke(DelegatingMethodAccessorImpl.java:43)
	at java.lang.reflect.Method.invoke(Method.java:498)
	at org.junit.runners.model.FrameworkMethod$1.runReflectiveCall(FrameworkMethod.java:47)
	at org.junit.internal.runners.model.ReflectiveCallable.run(ReflectiveCallable.java:12)
	at org.junit.runners.model.FrameworkMethod.invokeExplosively(FrameworkMethod.java:44)
	at org.junit.internal.runners.statements.InvokeMethod.evaluate(InvokeMethod.java:17)
	at org.junit.internal.runners.statements.FailOnTimeout$StatementThread.run(FailOnTimeout.java:74)
--- org.mockito.exceptions.Reporter_ESTest::test4645
java.lang.NullPointerException
	at org.mockito.exceptions.Reporter.wantedButNotInvoked(Reporter.java:254)
	at org.mockito.exceptions.Reporter_ESTest.test4645(Reporter_ESTest.java:326)
	at sun.reflect.NativeMethodAccessorImpl.invoke0(Native Method)
	at sun.reflect.NativeMethodAccessorImpl.invoke(NativeMethodAccessorImpl.java:62)
	at sun.reflect.DelegatingMethodAccessorImpl.invoke(DelegatingMethodAccessorImpl.java:43)
	at java.lang.reflect.Method.invoke(Method.java:498)
	at org.junit.runners.model.FrameworkMethod$1.runReflectiveCall(FrameworkMethod.java:47)
	at org.junit.internal.runners.model.ReflectiveCallable.run(ReflectiveCallable.java:12)
	at org.junit.runners.model.FrameworkMethod.invokeExplosively(FrameworkMethod.java:44)
	at org.junit.internal.runners.statements.InvokeMethod.evaluate(InvokeMethod.java:17)
	at org.junit.internal.runners.statements.FailOnTimeout$StatementThread.run(FailOnTimeout.java:74)
--- org.mockito.exceptions.Reporter_ESTest::test2423
org.mockito.exceptions.base.MockitoException: 
java.lang.String@0000000002
java.lang.String@0000000003
java.lang.String@0000000004
java.lang.String@0000000005
java.lang.String@0000000006
java.lang.String@0000000007
java.lang.String@0000000008
java.lang.String@0000000009
java.lang.String@0000000010
	at org.mockito.exceptions.Reporter.cannotInitializeForInjectMocksAnnotation(Reporter.java:544)
	at org.mockito.exceptions.Reporter_ESTest.test2423(Reporter_ESTest.java:185)
	at sun.reflect.NativeMethodAccessorImpl.invoke0(Native Method)
	at sun.reflect.NativeMethodAccessorImpl.invoke(NativeMethodAccessorImpl.java:62)
	at sun.reflect.DelegatingMethodAccessorImpl.invoke(DelegatingMethodAccessorImpl.java:43)
	at java.lang.reflect.Method.invoke(Method.java:498)
	at org.junit.runners.model.FrameworkMethod$1.runReflectiveCall(FrameworkMethod.java:47)
	at org.junit.internal.runners.model.ReflectiveCallable.run(ReflectiveCallable.java:12)
	at org.junit.runners.model.FrameworkMethod.invokeExplosively(FrameworkMethod.java:44)
	at org.junit.internal.runners.statements.InvokeMethod.evaluate(InvokeMethod.java:17)
	at org.junit.internal.runners.statements.FailOnTimeout$StatementThread.run(FailOnTimeout.java:74)
Caused by: org.evosuite.runtime.mock.java.lang.MockException
	at org.mockito.exceptions.Reporter_ESTest.test2423(Reporter_ESTest.java:184)
	... 9 more
--- org.mockito.exceptions.Reporter_ESTest::test3534
org.mockito.exceptions.misusing.UnfinishedVerificationException: 
java.lang.String@0000000004
org.mockito.internal.debugging.Location@0000000003
java.lang.String@0000000005
java.lang.String@0000000006
java.lang.String@0000000007
java.lang.String@0000000005
java.lang.String@0000000008
java.lang.String@0000000009
java.lang.String@0000000005
	at org.mockito.exceptions.Reporter.unfinishedVerificationException(Reporter.java:93)
	at org.mockito.exceptions.Reporter_ESTest.test3534(Reporter_ESTest.java:255)
	at sun.reflect.NativeMethodAccessorImpl.invoke0(Native Method)
	at sun.reflect.NativeMethodAccessorImpl.invoke(NativeMethodAccessorImpl.java:62)
	at sun.reflect.DelegatingMethodAccessorImpl.invoke(DelegatingMethodAccessorImpl.java:43)
	at java.lang.reflect.Method.invoke(Method.java:498)
	at org.junit.runners.model.FrameworkMethod$1.runReflectiveCall(FrameworkMethod.java:47)
	at org.junit.internal.runners.model.ReflectiveCallable.run(ReflectiveCallable.java:12)
	at org.junit.runners.model.FrameworkMethod.invokeExplosively(FrameworkMethod.java:44)
	at org.junit.internal.runners.statements.InvokeMethod.evaluate(InvokeMethod.java:17)
	at org.junit.internal.runners.statements.FailOnTimeout$StatementThread.run(FailOnTimeout.java:74)
--- org.mockito.exceptions.Reporter_ESTest::test1312
org.mockito.exceptions.base.MockitoException: 
java.lang.String@0000000002
java.lang.String@0000000003
java.lang.String@0000000004
java.lang.String@0000000005
java.lang.String@0000000006
java.lang.String@0000000007
java.lang.String@0000000008
java.lang.String@0000000009
	at org.mockito.exceptions.Reporter.cannotInitializeForSpyAnnotation(Reporter.java:533)
	at org.mockito.exceptions.Reporter_ESTest.test1312(Reporter_ESTest.java:113)
	at sun.reflect.NativeMethodAccessorImpl.invoke0(Native Method)
	at sun.reflect.NativeMethodAccessorImpl.invoke(NativeMethodAccessorImpl.java:62)
	at sun.reflect.DelegatingMethodAccessorImpl.invoke(DelegatingMethodAccessorImpl.java:43)
	at java.lang.reflect.Method.invoke(Method.java:498)
	at org.junit.runners.model.FrameworkMethod$1.runReflectiveCall(FrameworkMethod.java:47)
	at org.junit.internal.runners.model.ReflectiveCallable.run(ReflectiveCallable.java:12)
	at org.junit.runners.model.FrameworkMethod.invokeExplosively(FrameworkMethod.java:44)
	at org.junit.internal.runners.statements.InvokeMethod.evaluate(InvokeMethod.java:17)
	at org.junit.internal.runners.statements.FailOnTimeout$StatementThread.run(FailOnTimeout.java:74)
Caused by: org.evosuite.runtime.mock.java.lang.MockException
	at org.mockito.exceptions.Reporter_ESTest.test1312(Reporter_ESTest.java:112)
	... 9 more
--- org.mockito.exceptions.Reporter_ESTest::test4746
java.lang.NullPointerException
	at org.mockito.exceptions.Reporter.createWantedButNotInvokedMessage(Reporter.java:267)
	at org.mockito.exceptions.Reporter.wantedButNotInvoked(Reporter.java:260)
	at org.mockito.exceptions.Reporter_ESTest.test4746(Reporter_ESTest.java:333)
	at sun.reflect.NativeMethodAccessorImpl.invoke0(Native Method)
	at sun.reflect.NativeMethodAccessorImpl.invoke(NativeMethodAccessorImpl.java:62)
	at sun.reflect.DelegatingMethodAccessorImpl.invoke(DelegatingMethodAccessorImpl.java:43)
	at java.lang.reflect.Method.invoke(Method.java:498)
	at org.junit.runners.model.FrameworkMethod$1.runReflectiveCall(FrameworkMethod.java:47)
	at org.junit.internal.runners.model.ReflectiveCallable.run(ReflectiveCallable.java:12)
	at org.junit.runners.model.FrameworkMethod.invokeExplosively(FrameworkMethod.java:44)
	at org.junit.internal.runners.statements.InvokeMethod.evaluate(InvokeMethod.java:17)
	at org.junit.internal.runners.statements.FailOnTimeout$StatementThread.run(FailOnTimeout.java:74)
--- org.mockito.exceptions.Reporter_ESTest::test1111
java.lang.NullPointerException
	at org.mockito.exceptions.Reporter.createTooLittleInvocationsMessage(Reporter.java:327)
	at org.mockito.exceptions.Reporter.tooLittleActualInvocationsInOrder(Reporter.java:343)
	at org.mockito.exceptions.Reporter_ESTest.test1111(Reporter_ESTest.java:106)
	at sun.reflect.NativeMethodAccessorImpl.invoke0(Native Method)
	at sun.reflect.NativeMethodAccessorImpl.invoke(NativeMethodAccessorImpl.java:62)
	at sun.reflect.DelegatingMethodAccessorImpl.invoke(DelegatingMethodAccessorImpl.java:43)
	at java.lang.reflect.Method.invoke(Method.java:498)
	at org.junit.runners.model.FrameworkMethod$1.runReflectiveCall(FrameworkMethod.java:47)
	at org.junit.internal.runners.model.ReflectiveCallable.run(ReflectiveCallable.java:12)
	at org.junit.runners.model.FrameworkMethod.invokeExplosively(FrameworkMethod.java:44)
	at org.junit.internal.runners.statements.InvokeMethod.evaluate(InvokeMethod.java:17)
	at org.junit.internal.runners.statements.FailOnTimeout$StatementThread.run(FailOnTimeout.java:74)
--- org.mockito.exceptions.Reporter_ESTest::test2322
java.lang.NullPointerException
	at org.mockito.exceptions.Reporter.wantedButNotInvokedInOrder(Reporter.java:277)
	at org.mockito.exceptions.Reporter_ESTest.test2322(Reporter_ESTest.java:178)
	at sun.reflect.NativeMethodAccessorImpl.invoke0(Native Method)
	at sun.reflect.NativeMethodAccessorImpl.invoke(NativeMethodAccessorImpl.java:62)
	at sun.reflect.DelegatingMethodAccessorImpl.invoke(DelegatingMethodAccessorImpl.java:43)
	at java.lang.reflect.Method.invoke(Method.java:498)
	at org.junit.runners.model.FrameworkMethod$1.runReflectiveCall(FrameworkMethod.java:47)
	at org.junit.internal.runners.model.ReflectiveCallable.run(ReflectiveCallable.java:12)
	at org.junit.runners.model.FrameworkMethod.invokeExplosively(FrameworkMethod.java:44)
	at org.junit.internal.runners.statements.InvokeMethod.evaluate(InvokeMethod.java:17)
	at org.junit.internal.runners.statements.FailOnTimeout$StatementThread.run(FailOnTimeout.java:74)
--- org.mockito.exceptions.Reporter_ESTest::test3433
org.mockito.exceptions.base.MockitoException: This combination of annotations is not permitted on a single field:
@ and @
	at org.mockito.exceptions.Reporter.unsupportedCombinationOfAnnotations(Reporter.java:528)
	at org.mockito.exceptions.Reporter_ESTest.test3433(Reporter_ESTest.java:248)
	at sun.reflect.NativeMethodAccessorImpl.invoke0(Native Method)
	at sun.reflect.NativeMethodAccessorImpl.invoke(NativeMethodAccessorImpl.java:62)
	at sun.reflect.DelegatingMethodAccessorImpl.invoke(DelegatingMethodAccessorImpl.java:43)
	at java.lang.reflect.Method.invoke(Method.java:498)
	at org.junit.runners.model.FrameworkMethod$1.runReflectiveCall(FrameworkMethod.java:47)
	at org.junit.internal.runners.model.ReflectiveCallable.run(ReflectiveCallable.java:12)
	at org.junit.runners.model.FrameworkMethod.invokeExplosively(FrameworkMethod.java:44)
	at org.junit.internal.runners.statements.InvokeMethod.evaluate(InvokeMethod.java:17)
	at org.junit.internal.runners.statements.FailOnTimeout$StatementThread.run(FailOnTimeout.java:74)
--- org.mockito.exceptions.Reporter_ESTest::test4443
org.mockito.exceptions.base.MockitoException: 
java.lang.String@0000000002
java.lang.String@0000000003
	at org.mockito.exceptions.Reporter.extraInterfacesAcceptsOnlyInterfaces(Reporter.java:471)
	at org.mockito.exceptions.Reporter_ESTest.test4443(Reporter_ESTest.java:311)
	at sun.reflect.NativeMethodAccessorImpl.invoke0(Native Method)
	at sun.reflect.NativeMethodAccessorImpl.invoke(NativeMethodAccessorImpl.java:62)
	at sun.reflect.DelegatingMethodAccessorImpl.invoke(DelegatingMethodAccessorImpl.java:43)
	at java.lang.reflect.Method.invoke(Method.java:498)
	at org.junit.runners.model.FrameworkMethod$1.runReflectiveCall(FrameworkMethod.java:47)
	at org.junit.internal.runners.model.ReflectiveCallable.run(ReflectiveCallable.java:12)
	at org.junit.runners.model.FrameworkMethod.invokeExplosively(FrameworkMethod.java:44)
	at org.junit.internal.runners.statements.InvokeMethod.evaluate(InvokeMethod.java:17)
	at org.junit.internal.runners.statements.FailOnTimeout$StatementThread.run(FailOnTimeout.java:74)
--- org.mockito.exceptions.Reporter_ESTest::test1010
org.mockito.exceptions.base.MockitoException: 
java.lang.String@0000000002
java.lang.String@0000000003
java.lang.String@0000000004
java.lang.String@0000000005
java.lang.String@0000000006
java.lang.String@0000000007
java.lang.String@0000000008
java.lang.String@0000000009
java.lang.String@0000000010
java.lang.String@0000000006
	at org.mockito.exceptions.Reporter.noArgumentValueWasCaptured(Reporter.java:450)
	at org.mockito.exceptions.Reporter_ESTest.test1010(Reporter_ESTest.java:100)
	at sun.reflect.NativeMethodAccessorImpl.invoke0(Native Method)
	at sun.reflect.NativeMethodAccessorImpl.invoke(NativeMethodAccessorImpl.java:62)
	at sun.reflect.DelegatingMethodAccessorImpl.invoke(DelegatingMethodAccessorImpl.java:43)
	at java.lang.reflect.Method.invoke(Method.java:498)
	at org.junit.runners.model.FrameworkMethod$1.runReflectiveCall(FrameworkMethod.java:47)
	at org.junit.internal.runners.model.ReflectiveCallable.run(ReflectiveCallable.java:12)
	at org.junit.runners.model.FrameworkMethod.invokeExplosively(FrameworkMethod.java:44)
	at org.junit.internal.runners.statements.InvokeMethod.evaluate(InvokeMethod.java:17)
	at org.junit.internal.runners.statements.FailOnTimeout$StatementThread.run(FailOnTimeout.java:74)
--- org.mockito.exceptions.Reporter_ESTest::test2221
org.mockito.exceptions.base.MockitoException: 
java.lang.String@0000000002
java.lang.String@0000000003
java.lang.String@0000000004
java.lang.String@0000000005
java.lang.String@0000000006
java.lang.String@0000000007
	at org.mockito.exceptions.Reporter.mockedTypeIsInconsistentWithSpiedInstanceType(Reporter.java:492)
	at org.mockito.exceptions.Reporter_ESTest.test2221(Reporter_ESTest.java:172)
	at sun.reflect.NativeMethodAccessorImpl.invoke0(Native Method)
	at sun.reflect.NativeMethodAccessorImpl.invoke(NativeMethodAccessorImpl.java:62)
	at sun.reflect.DelegatingMethodAccessorImpl.invoke(DelegatingMethodAccessorImpl.java:43)
	at java.lang.reflect.Method.invoke(Method.java:498)
	at org.junit.runners.model.FrameworkMethod$1.runReflectiveCall(FrameworkMethod.java:47)
	at org.junit.internal.runners.model.ReflectiveCallable.run(ReflectiveCallable.java:12)
	at org.junit.runners.model.FrameworkMethod.invokeExplosively(FrameworkMethod.java:44)
	at org.junit.internal.runners.statements.InvokeMethod.evaluate(InvokeMethod.java:17)
	at org.junit.internal.runners.statements.FailOnTimeout$StatementThread.run(FailOnTimeout.java:74)
--- org.mockito.exceptions.Reporter_ESTest::test3332
org.mockito.exceptions.misusing.NotAMockException: 
java.lang.String@0000000002
java.lang.String@0000000003
java.lang.String@0000000004
java.lang.String@0000000005
java.lang.String@0000000006
java.lang.String@0000000007
	at org.mockito.exceptions.Reporter.notAMockPassedToVerify(Reporter.java:109)
	at org.mockito.exceptions.Reporter_ESTest.test3332(Reporter_ESTest.java:242)
	at sun.reflect.NativeMethodAccessorImpl.invoke0(Native Method)
	at sun.reflect.NativeMethodAccessorImpl.invoke(NativeMethodAccessorImpl.java:62)
	at sun.reflect.DelegatingMethodAccessorImpl.invoke(DelegatingMethodAccessorImpl.java:43)
	at java.lang.reflect.Method.invoke(Method.java:498)
	at org.junit.runners.model.FrameworkMethod$1.runReflectiveCall(FrameworkMethod.java:47)
	at org.junit.internal.runners.model.ReflectiveCallable.run(ReflectiveCallable.java:12)
	at org.junit.runners.model.FrameworkMethod.invokeExplosively(FrameworkMethod.java:44)
	at org.junit.internal.runners.statements.InvokeMethod.evaluate(InvokeMethod.java:17)
	at org.junit.internal.runners.statements.FailOnTimeout$StatementThread.run(FailOnTimeout.java:74)
--- org.mockito.exceptions.Reporter_ESTest::test4544
java.lang.String@0000000006
java.lang.String@0000000007
org.mockito.internal.debugging.Location@0000000005
java.lang.String@0000000008
java.lang.String@0000000007
org.mockito.internal.debugging.Location@0000000003
java.lang.String@0000000007
	at <evosuite>.<evosuite>(<evosuite>)
	at <evosuite>.<evosuite>(<evosuite>)
	at <evosuite>.<evosuite>(<evosuite>)
--- org.mockito.exceptions.Reporter_ESTest::test2928
org.mockito.exceptions.misusing.NotAMockException: 
java.lang.String@0000000002
java.lang.String@0000000003
java.lang.String@0000000004
java.lang.String@0000000005
	at org.mockito.exceptions.Reporter.notAMockPassedToVerifyNoMoreInteractions(Reporter.java:157)
	at org.mockito.exceptions.Reporter_ESTest.test2928(Reporter_ESTest.java:217)
	at sun.reflect.NativeMethodAccessorImpl.invoke0(Native Method)
	at sun.reflect.NativeMethodAccessorImpl.invoke(NativeMethodAccessorImpl.java:62)
	at sun.reflect.DelegatingMethodAccessorImpl.invoke(DelegatingMethodAccessorImpl.java:43)
	at java.lang.reflect.Method.invoke(Method.java:498)
	at org.junit.runners.model.FrameworkMethod$1.runReflectiveCall(FrameworkMethod.java:47)
	at org.junit.internal.runners.model.ReflectiveCallable.run(ReflectiveCallable.java:12)
	at org.junit.runners.model.FrameworkMethod.invokeExplosively(FrameworkMethod.java:44)
	at org.junit.internal.runners.statements.InvokeMethod.evaluate(InvokeMethod.java:17)
	at org.junit.internal.runners.statements.FailOnTimeout$StatementThread.run(FailOnTimeout.java:74)
--- org.mockito.exceptions.Reporter_ESTest::test1817
org.mockito.exceptions.base.MockitoException: 
java.lang.String@0000000002
java.lang.String@0000000003
java.lang.String@0000000004
java.lang.String@0000000005
	at org.mockito.exceptions.Reporter.inOrderRequiresFamiliarMock(Reporter.java:202)
	at org.mockito.exceptions.Reporter_ESTest.test1817(Reporter_ESTest.java:145)
	at sun.reflect.NativeMethodAccessorImpl.invoke0(Native Method)
	at sun.reflect.NativeMethodAccessorImpl.invoke(NativeMethodAccessorImpl.java:62)
	at sun.reflect.DelegatingMethodAccessorImpl.invoke(DelegatingMethodAccessorImpl.java:43)
	at java.lang.reflect.Method.invoke(Method.java:498)
	at org.junit.runners.model.FrameworkMethod$1.runReflectiveCall(FrameworkMethod.java:47)
	at org.junit.internal.runners.model.ReflectiveCallable.run(ReflectiveCallable.java:12)
	at org.junit.runners.model.FrameworkMethod.invokeExplosively(FrameworkMethod.java:44)
	at org.junit.internal.runners.statements.InvokeMethod.evaluate(InvokeMethod.java:17)
	at org.junit.internal.runners.statements.FailOnTimeout$StatementThread.run(FailOnTimeout.java:74)
--- org.mockito.exceptions.Reporter_ESTest::test011
java.lang.NullPointerException
	at org.mockito.exceptions.Reporter.createTooManyInvocationsMessage(Reporter.java:294)
	at org.mockito.exceptions.Reporter.tooManyActualInvocations(Reporter.java:287)
	at org.mockito.exceptions.Reporter_ESTest.test011(Reporter_ESTest.java:43)
	at sun.reflect.NativeMethodAccessorImpl.invoke0(Native Method)
	at sun.reflect.NativeMethodAccessorImpl.invoke(NativeMethodAccessorImpl.java:62)
	at sun.reflect.DelegatingMethodAccessorImpl.invoke(DelegatingMethodAccessorImpl.java:43)
	at java.lang.reflect.Method.invoke(Method.java:498)
	at org.junit.runners.model.FrameworkMethod$1.runReflectiveCall(FrameworkMethod.java:47)
	at org.junit.internal.runners.model.ReflectiveCallable.run(ReflectiveCallable.java:12)
	at org.junit.runners.model.FrameworkMethod.invokeExplosively(FrameworkMethod.java:44)
	at org.junit.internal.runners.statements.InvokeMethod.evaluate(InvokeMethod.java:17)
	at org.junit.internal.runners.statements.FailOnTimeout$StatementThread.run(FailOnTimeout.java:74)
--- org.mockito.exceptions.Reporter_ESTest::test033
java.lang.NullPointerException
	at org.mockito.exceptions.Reporter.createWantedButNotInvokedMessage(Reporter.java:267)
	at org.mockito.exceptions.Reporter.wantedButNotInvoked(Reporter.java:244)
	at org.mockito.exceptions.Reporter_ESTest.test033(Reporter_ESTest.java:55)
	at sun.reflect.NativeMethodAccessorImpl.invoke0(Native Method)
	at sun.reflect.NativeMethodAccessorImpl.invoke(NativeMethodAccessorImpl.java:62)
	at sun.reflect.DelegatingMethodAccessorImpl.invoke(DelegatingMethodAccessorImpl.java:43)
	at java.lang.reflect.Method.invoke(Method.java:498)
	at org.junit.runners.model.FrameworkMethod$1.runReflectiveCall(FrameworkMethod.java:47)
	at org.junit.internal.runners.model.ReflectiveCallable.run(ReflectiveCallable.java:12)
	at org.junit.runners.model.FrameworkMethod.invokeExplosively(FrameworkMethod.java:44)
	at org.junit.internal.runners.statements.InvokeMethod.evaluate(InvokeMethod.java:17)
	at org.junit.internal.runners.statements.FailOnTimeout$StatementThread.run(FailOnTimeout.java:74)
--- org.mockito.exceptions.Reporter_ESTest::test055
org.mockito.exceptions.base.MockitoException: 
java.lang.String@0000000002
	at org.mockito.exceptions.Reporter.extraInterfacesDoesNotAcceptNullParameters(Reporter.java:465)
	at org.mockito.exceptions.Reporter_ESTest.test055(Reporter_ESTest.java:68)
	at sun.reflect.NativeMethodAccessorImpl.invoke0(Native Method)
	at sun.reflect.NativeMethodAccessorImpl.invoke(NativeMethodAccessorImpl.java:62)
	at sun.reflect.DelegatingMethodAccessorImpl.invoke(DelegatingMethodAccessorImpl.java:43)
	at java.lang.reflect.Method.invoke(Method.java:498)
	at org.junit.runners.model.FrameworkMethod$1.runReflectiveCall(FrameworkMethod.java:47)
	at org.junit.internal.runners.model.ReflectiveCallable.run(ReflectiveCallable.java:12)
	at org.junit.runners.model.FrameworkMethod.invokeExplosively(FrameworkMethod.java:44)
	at org.junit.internal.runners.statements.InvokeMethod.evaluate(InvokeMethod.java:17)
	at org.junit.internal.runners.statements.FailOnTimeout$StatementThread.run(FailOnTimeout.java:74)
--- org.mockito.exceptions.Reporter_ESTest::test077
org.mockito.exceptions.misusing.NullInsteadOfMockException: 
java.lang.String@0000000002
java.lang.String@0000000003
java.lang.String@0000000004
java.lang.String@0000000005
	at org.mockito.exceptions.Reporter.nullPassedWhenCreatingInOrder(Reporter.java:184)
	at org.mockito.exceptions.Reporter_ESTest.test077(Reporter_ESTest.java:80)
	at sun.reflect.NativeMethodAccessorImpl.invoke0(Native Method)
	at sun.reflect.NativeMethodAccessorImpl.invoke(NativeMethodAccessorImpl.java:62)
	at sun.reflect.DelegatingMethodAccessorImpl.invoke(DelegatingMethodAccessorImpl.java:43)
	at java.lang.reflect.Method.invoke(Method.java:498)
	at org.junit.runners.model.FrameworkMethod$1.runReflectiveCall(FrameworkMethod.java:47)
	at org.junit.internal.runners.model.ReflectiveCallable.run(ReflectiveCallable.java:12)
	at org.junit.runners.model.FrameworkMethod.invokeExplosively(FrameworkMethod.java:44)
	at org.junit.internal.runners.statements.InvokeMethod.evaluate(InvokeMethod.java:17)
	at org.junit.internal.runners.statements.FailOnTimeout$StatementThread.run(FailOnTimeout.java:74)
--- org.mockito.exceptions.Reporter_ESTest::test099
java.lang.NullPointerException
	at org.mockito.exceptions.Reporter.createTooManyInvocationsMessage(Reporter.java:294)
	at org.mockito.exceptions.Reporter.tooManyActualInvocationsInOrder(Reporter.java:315)
	at org.mockito.exceptions.Reporter_ESTest.test099(Reporter_ESTest.java:94)
	at sun.reflect.NativeMethodAccessorImpl.invoke0(Native Method)
	at sun.reflect.NativeMethodAccessorImpl.invoke(NativeMethodAccessorImpl.java:62)
	at sun.reflect.DelegatingMethodAccessorImpl.invoke(DelegatingMethodAccessorImpl.java:43)
	at java.lang.reflect.Method.invoke(Method.java:498)
	at org.junit.runners.model.FrameworkMethod$1.runReflectiveCall(FrameworkMethod.java:47)
	at org.junit.internal.runners.model.ReflectiveCallable.run(ReflectiveCallable.java:12)
	at org.junit.runners.model.FrameworkMethod.invokeExplosively(FrameworkMethod.java:44)
	at org.junit.internal.runners.statements.InvokeMethod.evaluate(InvokeMethod.java:17)
	at org.junit.internal.runners.statements.FailOnTimeout$StatementThread.run(FailOnTimeout.java:74)
--- org.mockito.exceptions.Reporter_ESTest::test2827
java.lang.NullPointerException
	at org.mockito.exceptions.Reporter.neverWantedButInvoked(Reporter.java:305)
	at org.mockito.exceptions.Reporter_ESTest.test2827(Reporter_ESTest.java:211)
	at sun.reflect.NativeMethodAccessorImpl.invoke0(Native Method)
	at sun.reflect.NativeMethodAccessorImpl.invoke(NativeMethodAccessorImpl.java:62)
	at sun.reflect.DelegatingMethodAccessorImpl.invoke(DelegatingMethodAccessorImpl.java:43)
	at java.lang.reflect.Method.invoke(Method.java:498)
	at org.junit.runners.model.FrameworkMethod$1.runReflectiveCall(FrameworkMethod.java:47)
	at org.junit.internal.runners.model.ReflectiveCallable.run(ReflectiveCallable.java:12)
	at org.junit.runners.model.FrameworkMethod.invokeExplosively(FrameworkMethod.java:44)
	at org.junit.internal.runners.statements.InvokeMethod.evaluate(InvokeMethod.java:17)
	at org.junit.internal.runners.statements.FailOnTimeout$StatementThread.run(FailOnTimeout.java:74)
--- org.mockito.exceptions.Reporter_ESTest::test3938
org.mockito.exceptions.misusing.NotAMockException: 
java.lang.String@0000000002
java.lang.String@0000000003
java.lang.String@0000000004
	at org.mockito.exceptions.Reporter.notAMockPassedToWhenMethod(Reporter.java:131)
	at org.mockito.exceptions.Reporter_ESTest.test3938(Reporter_ESTest.java:279)
	at sun.reflect.NativeMethodAccessorImpl.invoke0(Native Method)
	at sun.reflect.NativeMethodAccessorImpl.invoke(NativeMethodAccessorImpl.java:62)
	at sun.reflect.DelegatingMethodAccessorImpl.invoke(DelegatingMethodAccessorImpl.java:43)
	at java.lang.reflect.Method.invoke(Method.java:498)
	at org.junit.runners.model.FrameworkMethod$1.runReflectiveCall(FrameworkMethod.java:47)
	at org.junit.internal.runners.model.ReflectiveCallable.run(ReflectiveCallable.java:12)
	at org.junit.runners.model.FrameworkMethod.invokeExplosively(FrameworkMethod.java:44)
	at org.junit.internal.runners.statements.InvokeMethod.evaluate(InvokeMethod.java:17)
	at org.junit.internal.runners.statements.FailOnTimeout$StatementThread.run(FailOnTimeout.java:74)
--- org.mockito.exceptions.Reporter_ESTest::test1716
org.mockito.exceptions.misusing.NotAMockException: 
java.lang.String@0000000002
java.lang.String@0000000003
java.lang.String@0000000004
java.lang.String@0000000005
	at org.mockito.exceptions.Reporter.notAMockPassedWhenCreatingInOrder(Reporter.java:175)
	at org.mockito.exceptions.Reporter_ESTest.test1716(Reporter_ESTest.java:139)
	at sun.reflect.NativeMethodAccessorImpl.invoke0(Native Method)
	at sun.reflect.NativeMethodAccessorImpl.invoke(NativeMethodAccessorImpl.java:62)
	at sun.reflect.DelegatingMethodAccessorImpl.invoke(DelegatingMethodAccessorImpl.java:43)
	at java.lang.reflect.Method.invoke(Method.java:498)
	at org.junit.runners.model.FrameworkMethod$1.runReflectiveCall(FrameworkMethod.java:47)
	at org.junit.internal.runners.model.ReflectiveCallable.run(ReflectiveCallable.java:12)
	at org.junit.runners.model.FrameworkMethod.invokeExplosively(FrameworkMethod.java:44)
	at org.junit.internal.runners.statements.InvokeMethod.evaluate(InvokeMethod.java:17)
	at org.junit.internal.runners.statements.FailOnTimeout$StatementThread.run(FailOnTimeout.java:74)
--- org.mockito.exceptions.Reporter_ESTest::test2726
org.mockito.exceptions.misusing.InvalidUseOfMatchersException: 
java.lang.String@0000000004
org.mockito.internal.debugging.Location@0000000003
java.lang.String@0000000005
java.lang.String@0000000006
java.lang.String@0000000007
java.lang.String@0000000008
java.lang.String@0000000009
java.lang.String@0000000010
java.lang.String@0000000005
java.lang.String@0000000011
java.lang.String@0000000012
java.lang.String@0000000005
	at org.mockito.exceptions.Reporter.misplacedArgumentMatcher(Reporter.java:422)
	at org.mockito.exceptions.Reporter_ESTest.test2726(Reporter_ESTest.java:204)
	at sun.reflect.NativeMethodAccessorImpl.invoke0(Native Method)
	at sun.reflect.NativeMethodAccessorImpl.invoke(NativeMethodAccessorImpl.java:62)
	at sun.reflect.DelegatingMethodAccessorImpl.invoke(DelegatingMethodAccessorImpl.java:43)
	at java.lang.reflect.Method.invoke(Method.java:498)
	at org.junit.runners.model.FrameworkMethod$1.runReflectiveCall(FrameworkMethod.java:47)
	at org.junit.internal.runners.model.ReflectiveCallable.run(ReflectiveCallable.java:12)
	at org.junit.runners.model.FrameworkMethod.invokeExplosively(FrameworkMethod.java:44)
	at org.junit.internal.runners.statements.InvokeMethod.evaluate(InvokeMethod.java:17)
	at org.junit.internal.runners.statements.FailOnTimeout$StatementThread.run(FailOnTimeout.java:74)
--- org.mockito.exceptions.Reporter_ESTest::test3837
org.mockito.exceptions.base.MockitoException: 
java.lang.String@0000000002
java.lang.String@0000000003
java.lang.String@0000000004
java.lang.String@0000000005
java.lang.String@0000000006
java.lang.String@0000000007
java.lang.String@0000000008
	at org.mockito.exceptions.Reporter.onlyVoidMethodsCanBeSetToDoNothing(Reporter.java:395)
	at org.mockito.exceptions.Reporter_ESTest.test3837(Reporter_ESTest.java:273)
	at sun.reflect.NativeMethodAccessorImpl.invoke0(Native Method)
	at sun.reflect.NativeMethodAccessorImpl.invoke(NativeMethodAccessorImpl.java:62)
	at sun.reflect.DelegatingMethodAccessorImpl.invoke(DelegatingMethodAccessorImpl.java:43)
	at java.lang.reflect.Method.invoke(Method.java:498)
	at org.junit.runners.model.FrameworkMethod$1.runReflectiveCall(FrameworkMethod.java:47)
	at org.junit.internal.runners.model.ReflectiveCallable.run(ReflectiveCallable.java:12)
	at org.junit.runners.model.FrameworkMethod.invokeExplosively(FrameworkMethod.java:44)
	at org.junit.internal.runners.statements.InvokeMethod.evaluate(InvokeMethod.java:17)
	at org.junit.internal.runners.statements.FailOnTimeout$StatementThread.run(FailOnTimeout.java:74)
--- org.mockito.exceptions.Reporter_ESTest::test1615
org.mockito.exceptions.base.MockitoException: 
java.lang.String@0000000002
java.lang.String@0000000003
java.lang.String@0000000004
java.lang.String@0000000005
	at org.mockito.exceptions.Reporter.mocksHaveToBePassedWhenCreatingInOrder(Reporter.java:193)
	at org.mockito.exceptions.Reporter_ESTest.test1615(Reporter_ESTest.java:133)
	at sun.reflect.NativeMethodAccessorImpl.invoke0(Native Method)
	at sun.reflect.NativeMethodAccessorImpl.invoke(NativeMethodAccessorImpl.java:62)
	at sun.reflect.DelegatingMethodAccessorImpl.invoke(DelegatingMethodAccessorImpl.java:43)
	at java.lang.reflect.Method.invoke(Method.java:498)
	at org.junit.runners.model.FrameworkMethod$1.runReflectiveCall(FrameworkMethod.java:47)
	at org.junit.internal.runners.model.ReflectiveCallable.run(ReflectiveCallable.java:12)
	at org.junit.runners.model.FrameworkMethod.invokeExplosively(FrameworkMethod.java:44)
	at org.junit.internal.runners.statements.InvokeMethod.evaluate(InvokeMethod.java:17)
	at org.junit.internal.runners.statements.FailOnTimeout$StatementThread.run(FailOnTimeout.java:74)
--- org.mockito.exceptions.Reporter_ESTest::test2625
org.mockito.exceptions.base.MockitoException: 
java.lang.String@0000000002
	at org.mockito.exceptions.Reporter.extraInterfacesRequiresAtLeastOneInterface(Reporter.java:486)
	at org.mockito.exceptions.Reporter_ESTest.test2625(Reporter_ESTest.java:197)
	at sun.reflect.NativeMethodAccessorImpl.invoke0(Native Method)
	at sun.reflect.NativeMethodAccessorImpl.invoke(NativeMethodAccessorImpl.java:62)
	at sun.reflect.DelegatingMethodAccessorImpl.invoke(DelegatingMethodAccessorImpl.java:43)
	at java.lang.reflect.Method.invoke(Method.java:498)
	at org.junit.runners.model.FrameworkMethod$1.runReflectiveCall(FrameworkMethod.java:47)
	at org.junit.internal.runners.model.ReflectiveCallable.run(ReflectiveCallable.java:12)
	at org.junit.runners.model.FrameworkMethod.invokeExplosively(FrameworkMethod.java:44)
	at org.junit.internal.runners.statements.InvokeMethod.evaluate(InvokeMethod.java:17)
	at org.junit.internal.runners.statements.FailOnTimeout$StatementThread.run(FailOnTimeout.java:74)
--- org.mockito.exceptions.Reporter_ESTest::test3736
org.mockito.exceptions.misusing.InvalidUseOfMatchersException: 
java.lang.String@0000000002
java.lang.String@0000000003
java.lang.String@0000000004
java.lang.String@0000000005
java.lang.String@0000000006
java.lang.String@0000000007
java.lang.String@0000000008
java.lang.String@0000000009
java.lang.String@0000000010
java.lang.String@0000000011
java.lang.String@0000000012
	at org.mockito.exceptions.Reporter.invalidUseOfMatchers(Reporter.java:211)
	at org.mockito.exceptions.Reporter_ESTest.test3736(Reporter_ESTest.java:267)
	at sun.reflect.NativeMethodAccessorImpl.invoke0(Native Method)
	at sun.reflect.NativeMethodAccessorImpl.invoke(NativeMethodAccessorImpl.java:62)
	at sun.reflect.DelegatingMethodAccessorImpl.invoke(DelegatingMethodAccessorImpl.java:43)
	at java.lang.reflect.Method.invoke(Method.java:498)
	at org.junit.runners.model.FrameworkMethod$1.runReflectiveCall(FrameworkMethod.java:47)
	at org.junit.internal.runners.model.ReflectiveCallable.run(ReflectiveCallable.java:12)
	at org.junit.runners.model.FrameworkMethod.invokeExplosively(FrameworkMethod.java:44)
	at org.junit.internal.runners.statements.InvokeMethod.evaluate(InvokeMethod.java:17)
	at org.junit.internal.runners.statements.FailOnTimeout$StatementThread.run(FailOnTimeout.java:74)
--- org.mockito.exceptions.Reporter_ESTest::test1514
java.lang.NullPointerException
	at org.mockito.exceptions.Reporter.noMoreInteractionsWanted(Reporter.java:358)
	at org.mockito.exceptions.Reporter_ESTest.test1514(Reporter_ESTest.java:127)
	at sun.reflect.NativeMethodAccessorImpl.invoke0(Native Method)
	at sun.reflect.NativeMethodAccessorImpl.invoke(NativeMethodAccessorImpl.java:62)
	at sun.reflect.DelegatingMethodAccessorImpl.invoke(DelegatingMethodAccessorImpl.java:43)
	at java.lang.reflect.Method.invoke(Method.java:498)
	at org.junit.runners.model.FrameworkMethod$1.runReflectiveCall(FrameworkMethod.java:47)
	at org.junit.internal.runners.model.ReflectiveCallable.run(ReflectiveCallable.java:12)
	at org.junit.runners.model.FrameworkMethod.invokeExplosively(FrameworkMethod.java:44)
	at org.junit.internal.runners.statements.InvokeMethod.evaluate(InvokeMethod.java:17)
	at org.junit.internal.runners.statements.FailOnTimeout$StatementThread.run(FailOnTimeout.java:74)
--- org.mockito.exceptions.Reporter_ESTest::test2120
org.mockito.exceptions.misusing.NullInsteadOfMockException: 
java.lang.String@0000000002
java.lang.String@0000000003
java.lang.String@0000000004
java.lang.String@0000000005
	at org.mockito.exceptions.Reporter.nullPassedToVerifyNoMoreInteractions(Reporter.java:166)
	at org.mockito.exceptions.Reporter_ESTest.test2120(Reporter_ESTest.java:165)
	at sun.reflect.NativeMethodAccessorImpl.invoke0(Native Method)
	at sun.reflect.NativeMethodAccessorImpl.invoke(NativeMethodAccessorImpl.java:62)
	at sun.reflect.DelegatingMethodAccessorImpl.invoke(DelegatingMethodAccessorImpl.java:43)
	at java.lang.reflect.Method.invoke(Method.java:498)
	at org.junit.runners.model.FrameworkMethod$1.runReflectiveCall(FrameworkMethod.java:47)
	at org.junit.internal.runners.model.ReflectiveCallable.run(ReflectiveCallable.java:12)
	at org.junit.runners.model.FrameworkMethod.invokeExplosively(FrameworkMethod.java:44)
	at org.junit.internal.runners.statements.InvokeMethod.evaluate(InvokeMethod.java:17)
	at org.junit.internal.runners.statements.FailOnTimeout$StatementThread.run(FailOnTimeout.java:74)
--- org.mockito.exceptions.Reporter_ESTest::test3231
org.mockito.exceptions.misusing.NullInsteadOfMockException: 
java.lang.String@0000000002
java.lang.String@0000000003
java.lang.String@0000000004
java.lang.String@0000000005
	at org.mockito.exceptions.Reporter.nullPassedToWhenMethod(Reporter.java:139)
	at org.mockito.exceptions.Reporter_ESTest.test3231(Reporter_ESTest.java:235)
	at sun.reflect.NativeMethodAccessorImpl.invoke0(Native Method)
	at sun.reflect.NativeMethodAccessorImpl.invoke(NativeMethodAccessorImpl.java:62)
	at sun.reflect.DelegatingMethodAccessorImpl.invoke(DelegatingMethodAccessorImpl.java:43)
	at java.lang.reflect.Method.invoke(Method.java:498)
	at org.junit.runners.model.FrameworkMethod$1.runReflectiveCall(FrameworkMethod.java:47)
	at org.junit.internal.runners.model.ReflectiveCallable.run(ReflectiveCallable.java:12)
	at org.junit.runners.model.FrameworkMethod.invokeExplosively(FrameworkMethod.java:44)
	at org.junit.internal.runners.statements.InvokeMethod.evaluate(InvokeMethod.java:17)
	at org.junit.internal.runners.statements.FailOnTimeout$StatementThread.run(FailOnTimeout.java:74)
--- org.mockito.exceptions.Reporter_ESTest::test4241
org.mockito.exceptions.base.MockitoException: 
java.lang.String@0000000002
java.lang.String@0000000003
java.lang.String@0000000004
	at org.mockito.exceptions.Reporter.extraInterfacesCannotContainMockedType(Reporter.java:478)
	at org.mockito.exceptions.Reporter_ESTest.test4241(Reporter_ESTest.java:298)
	at sun.reflect.NativeMethodAccessorImpl.invoke0(Native Method)
	at sun.reflect.NativeMethodAccessorImpl.invoke(NativeMethodAccessorImpl.java:62)
	at sun.reflect.DelegatingMethodAccessorImpl.invoke(DelegatingMethodAccessorImpl.java:43)
	at java.lang.reflect.Method.invoke(Method.java:498)
	at org.junit.runners.model.FrameworkMethod$1.runReflectiveCall(FrameworkMethod.java:47)
	at org.junit.internal.runners.model.ReflectiveCallable.run(ReflectiveCallable.java:12)
	at org.junit.runners.model.FrameworkMethod.invokeExplosively(FrameworkMethod.java:44)
	at org.junit.internal.runners.statements.InvokeMethod.evaluate(InvokeMethod.java:17)
	at org.junit.internal.runners.statements.FailOnTimeout$StatementThread.run(FailOnTimeout.java:74)
--- org.mockito.exceptions.Reporter_ESTest::test3130
org.mockito.exceptions.base.MockitoException: You cannot have more than one Mockito annotation on a field!
The field '   @Spy Foo foo; //only if Foo has parameterless constructor' has multiple Mockito annotations.
For info how to use annotations see examples in javadoc for MockitoAnnotations class.
	at org.mockito.exceptions.Reporter.moreThanOneAnnotationNotAllowed(Reporter.java:522)
	at org.mockito.exceptions.Reporter_ESTest.test3130(Reporter_ESTest.java:229)
	at sun.reflect.NativeMethodAccessorImpl.invoke0(Native Method)
	at sun.reflect.NativeMethodAccessorImpl.invoke(NativeMethodAccessorImpl.java:62)
	at sun.reflect.DelegatingMethodAccessorImpl.invoke(DelegatingMethodAccessorImpl.java:43)
	at java.lang.reflect.Method.invoke(Method.java:498)
	at org.junit.runners.model.FrameworkMethod$1.runReflectiveCall(FrameworkMethod.java:47)
	at org.junit.internal.runners.model.ReflectiveCallable.run(ReflectiveCallable.java:12)
	at org.junit.runners.model.FrameworkMethod.invokeExplosively(FrameworkMethod.java:44)
	at org.junit.internal.runners.statements.InvokeMethod.evaluate(InvokeMethod.java:17)
	at org.junit.internal.runners.statements.FailOnTimeout$StatementThread.run(FailOnTimeout.java:74)
--- org.mockito.exceptions.Reporter_ESTest::test4342
org.mockito.exceptions.misusing.NullInsteadOfMockException: 
java.lang.String@0000000002
java.lang.String@0000000003
java.lang.String@0000000004
java.lang.String@0000000005
java.lang.String@0000000006
java.lang.String@0000000007
	at org.mockito.exceptions.Reporter.nullPassedToVerify(Reporter.java:120)
	at org.mockito.exceptions.Reporter_ESTest.test4342(Reporter_ESTest.java:304)
	at sun.reflect.NativeMethodAccessorImpl.invoke0(Native Method)
	at sun.reflect.NativeMethodAccessorImpl.invoke(NativeMethodAccessorImpl.java:62)
	at sun.reflect.DelegatingMethodAccessorImpl.invoke(DelegatingMethodAccessorImpl.java:43)
	at java.lang.reflect.Method.invoke(Method.java:498)
	at org.junit.runners.model.FrameworkMethod$1.runReflectiveCall(FrameworkMethod.java:47)
	at org.junit.internal.runners.model.ReflectiveCallable.run(ReflectiveCallable.java:12)
	at org.junit.runners.model.FrameworkMethod.invokeExplosively(FrameworkMethod.java:44)
	at org.junit.internal.runners.statements.InvokeMethod.evaluate(InvokeMethod.java:17)
	at org.junit.internal.runners.statements.FailOnTimeout$StatementThread.run(FailOnTimeout.java:74)
--- org.mockito.exceptions.Reporter_ESTest::test4140
org.mockito.exceptions.base.MockitoException: 
java.lang.String@0000000002
java.lang.String@0000000003
java.lang.String@0000000004
java.lang.String@0000000005
	at org.mockito.exceptions.Reporter.cannotCallRealMethodOnInterface(Reporter.java:503)
	at org.mockito.exceptions.Reporter_ESTest.test4140(Reporter_ESTest.java:291)
	at sun.reflect.NativeMethodAccessorImpl.invoke0(Native Method)
	at sun.reflect.NativeMethodAccessorImpl.invoke(NativeMethodAccessorImpl.java:62)
	at sun.reflect.DelegatingMethodAccessorImpl.invoke(DelegatingMethodAccessorImpl.java:43)
	at java.lang.reflect.Method.invoke(Method.java:498)
	at org.junit.runners.model.FrameworkMethod$1.runReflectiveCall(FrameworkMethod.java:47)
	at org.junit.internal.runners.model.ReflectiveCallable.run(ReflectiveCallable.java:12)
	at org.junit.runners.model.FrameworkMethod.invokeExplosively(FrameworkMethod.java:44)
	at org.junit.internal.runners.statements.InvokeMethod.evaluate(InvokeMethod.java:17)
	at org.junit.internal.runners.statements.FailOnTimeout$StatementThread.run(FailOnTimeout.java:74)
