--- org.apache.commons.codec.net.QuotedPrintableCodec_ESTest::test1620
java.lang.NullPointerException
	at java.lang.String.getBytes(String.java:917)
	at org.apache.commons.codec.net.QuotedPrintableCodec.encode(QuotedPrintableCodec.java:429)
	at org.apache.commons.codec.net.QuotedPrintableCodec.encode(QuotedPrintableCodec.java:300)
	at org.apache.commons.codec.net.QuotedPrintableCodec_ESTest.test1620(QuotedPrintableCodec_ESTest.java:157)
	at sun.reflect.NativeMethodAccessorImpl.invoke0(Native Method)
	at sun.reflect.NativeMethodAccessorImpl.invoke(NativeMethodAccessorImpl.java:62)
	at sun.reflect.DelegatingMethodAccessorImpl.invoke(DelegatingMethodAccessorImpl.java:43)
	at java.lang.reflect.Method.invoke(Method.java:498)
	at org.junit.runners.model.FrameworkMethod$1.runReflectiveCall(FrameworkMethod.java:47)
	at org.junit.internal.runners.model.ReflectiveCallable.run(ReflectiveCallable.java:12)
	at org.junit.runners.model.FrameworkMethod.invokeExplosively(FrameworkMethod.java:44)
	at org.junit.internal.runners.statements.InvokeMethod.evaluate(InvokeMethod.java:17)
	at org.junit.internal.runners.statements.FailOnTimeout$StatementThread.run(FailOnTimeout.java:74)
--- org.apache.commons.codec.net.QuotedPrintableCodec_ESTest::test1822
org.apache.commons.codec.DecoderException: Invalid URL encoding: not a valid digit (radix 16): 42
	at org.apache.commons.codec.net.Utils.digit16(Utils.java:44)
	at org.apache.commons.codec.net.QuotedPrintableCodec.decodeQuotedPrintable(QuotedPrintableCodec.java:229)
	at org.apache.commons.codec.net.QuotedPrintableCodec.decode(QuotedPrintableCodec.java:275)
	at org.apache.commons.codec.net.QuotedPrintableCodec.decode(QuotedPrintableCodec.java:324)
	at org.apache.commons.codec.net.QuotedPrintableCodec_ESTest.test1822(QuotedPrintableCodec_ESTest.java:171)
	at sun.reflect.NativeMethodAccessorImpl.invoke0(Native Method)
	at sun.reflect.NativeMethodAccessorImpl.invoke(NativeMethodAccessorImpl.java:62)
	at sun.reflect.DelegatingMethodAccessorImpl.invoke(DelegatingMethodAccessorImpl.java:43)
	at java.lang.reflect.Method.invoke(Method.java:498)
	at org.junit.runners.model.FrameworkMethod$1.runReflectiveCall(FrameworkMethod.java:47)
	at org.junit.internal.runners.model.ReflectiveCallable.run(ReflectiveCallable.java:12)
	at org.junit.runners.model.FrameworkMethod.invokeExplosively(FrameworkMethod.java:44)
	at org.junit.internal.runners.statements.InvokeMethod.evaluate(InvokeMethod.java:17)
	at org.junit.internal.runners.statements.FailOnTimeout$StatementThread.run(FailOnTimeout.java:74)
--- org.apache.commons.codec.net.QuotedPrintableCodec_ESTest::test2226
java.lang.NullPointerException
	at java.lang.String.getBytes(String.java:917)
	at org.apache.commons.codec.net.QuotedPrintableCodec.encode(QuotedPrintableCodec.java:429)
	at org.apache.commons.codec.net.QuotedPrintableCodec_ESTest.test2226(QuotedPrintableCodec_ESTest.java:195)
	at sun.reflect.NativeMethodAccessorImpl.invoke0(Native Method)
	at sun.reflect.NativeMethodAccessorImpl.invoke(NativeMethodAccessorImpl.java:62)
	at sun.reflect.DelegatingMethodAccessorImpl.invoke(DelegatingMethodAccessorImpl.java:43)
	at java.lang.reflect.Method.invoke(Method.java:498)
	at org.junit.runners.model.FrameworkMethod$1.runReflectiveCall(FrameworkMethod.java:47)
	at org.junit.internal.runners.model.ReflectiveCallable.run(ReflectiveCallable.java:12)
	at org.junit.runners.model.FrameworkMethod.invokeExplosively(FrameworkMethod.java:44)
	at org.junit.internal.runners.statements.InvokeMethod.evaluate(InvokeMethod.java:17)
	at org.junit.internal.runners.statements.FailOnTimeout$StatementThread.run(FailOnTimeout.java:74)
--- org.apache.commons.codec.net.QuotedPrintableCodec_ESTest::test3236
junit.framework.AssertionFailedError
	at org.junit.Assert.fail(Assert.java:86)
	at org.junit.Assert.assertTrue(Assert.java:41)
	at org.junit.Assert.assertNotNull(Assert.java:621)
	at org.junit.Assert.assertNotNull(Assert.java:631)
	at org.apache.commons.codec.net.QuotedPrintableCodec_ESTest.test3236(QuotedPrintableCodec_ESTest.java:262)
	at sun.reflect.NativeMethodAccessorImpl.invoke0(Native Method)
	at sun.reflect.NativeMethodAccessorImpl.invoke(NativeMethodAccessorImpl.java:62)
	at sun.reflect.DelegatingMethodAccessorImpl.invoke(DelegatingMethodAccessorImpl.java:43)
	at java.lang.reflect.Method.invoke(Method.java:498)
	at org.junit.runners.model.FrameworkMethod$1.runReflectiveCall(FrameworkMethod.java:47)
	at org.junit.internal.runners.model.ReflectiveCallable.run(ReflectiveCallable.java:12)
	at org.junit.runners.model.FrameworkMethod.invokeExplosively(FrameworkMethod.java:44)
	at org.junit.internal.runners.statements.InvokeMethod.evaluate(InvokeMethod.java:17)
	at org.junit.internal.runners.statements.FailOnTimeout$StatementThread.run(FailOnTimeout.java:74)
--- org.apache.commons.codec.net.QuotedPrintableCodec_ESTest::test2024
java.lang.NullPointerException: charsetName
	at java.lang.String.<init>(String.java:424)
	at java.lang.String.<init>(String.java:491)
	at org.apache.commons.codec.net.QuotedPrintableCodec.decode(QuotedPrintableCodec.java:324)
	at org.apache.commons.codec.net.QuotedPrintableCodec.decode(QuotedPrintableCodec.java:344)
	at org.apache.commons.codec.net.QuotedPrintableCodec_ESTest.test2024(QuotedPrintableCodec_ESTest.java:183)
	at sun.reflect.NativeMethodAccessorImpl.invoke0(Native Method)
	at sun.reflect.NativeMethodAccessorImpl.invoke(NativeMethodAccessorImpl.java:62)
	at sun.reflect.DelegatingMethodAccessorImpl.invoke(DelegatingMethodAccessorImpl.java:43)
	at java.lang.reflect.Method.invoke(Method.java:498)
	at org.junit.runners.model.FrameworkMethod$1.runReflectiveCall(FrameworkMethod.java:47)
	at org.junit.internal.runners.model.ReflectiveCallable.run(ReflectiveCallable.java:12)
	at org.junit.runners.model.FrameworkMethod.invokeExplosively(FrameworkMethod.java:44)
	at org.junit.internal.runners.statements.InvokeMethod.evaluate(InvokeMethod.java:17)
	at org.junit.internal.runners.statements.FailOnTimeout$StatementThread.run(FailOnTimeout.java:74)
--- org.apache.commons.codec.net.QuotedPrintableCodec_ESTest::test1418
java.io.UnsupportedEncodingException: zi#ThtC+iAsdS2
	at java.lang.StringCoding.encode(StringCoding.java:341)
	at java.lang.String.getBytes(String.java:918)
	at org.apache.commons.codec.net.QuotedPrintableCodec.encode(QuotedPrintableCodec.java:429)
	at org.apache.commons.codec.net.QuotedPrintableCodec_ESTest.test1418(QuotedPrintableCodec_ESTest.java:145)
	at sun.reflect.NativeMethodAccessorImpl.invoke0(Native Method)
	at sun.reflect.NativeMethodAccessorImpl.invoke(NativeMethodAccessorImpl.java:62)
	at sun.reflect.DelegatingMethodAccessorImpl.invoke(DelegatingMethodAccessorImpl.java:43)
	at java.lang.reflect.Method.invoke(Method.java:498)
	at org.junit.runners.model.FrameworkMethod$1.runReflectiveCall(FrameworkMethod.java:47)
	at org.junit.internal.runners.model.ReflectiveCallable.run(ReflectiveCallable.java:12)
	at org.junit.runners.model.FrameworkMethod.invokeExplosively(FrameworkMethod.java:44)
	at org.junit.internal.runners.statements.InvokeMethod.evaluate(InvokeMethod.java:17)
	at org.junit.internal.runners.statements.FailOnTimeout$StatementThread.run(FailOnTimeout.java:74)
--- org.apache.commons.codec.net.QuotedPrintableCodec_ESTest::test2428
org.apache.commons.codec.DecoderException: Invalid quoted-printable encoding
	at org.apache.commons.codec.net.QuotedPrintableCodec.decodeQuotedPrintable(QuotedPrintableCodec.java:233)
	at org.apache.commons.codec.net.QuotedPrintableCodec_ESTest.test2428(QuotedPrintableCodec_ESTest.java:208)
	at sun.reflect.NativeMethodAccessorImpl.invoke0(Native Method)
	at sun.reflect.NativeMethodAccessorImpl.invoke(NativeMethodAccessorImpl.java:62)
	at sun.reflect.DelegatingMethodAccessorImpl.invoke(DelegatingMethodAccessorImpl.java:43)
	at java.lang.reflect.Method.invoke(Method.java:498)
	at org.junit.runners.model.FrameworkMethod$1.runReflectiveCall(FrameworkMethod.java:47)
	at org.junit.internal.runners.model.ReflectiveCallable.run(ReflectiveCallable.java:12)
	at org.junit.runners.model.FrameworkMethod.invokeExplosively(FrameworkMethod.java:44)
	at org.junit.internal.runners.statements.InvokeMethod.evaluate(InvokeMethod.java:17)
	at org.junit.internal.runners.statements.FailOnTimeout$StatementThread.run(FailOnTimeout.java:74)
Caused by: java.lang.ArrayIndexOutOfBoundsException: 3
	at org.apache.commons.codec.net.QuotedPrintableCodec.decodeQuotedPrintable(QuotedPrintableCodec.java:229)
	... 10 more
--- org.apache.commons.codec.net.QuotedPrintableCodec_ESTest::test3438
junit.framework.AssertionFailedError
	at org.junit.Assert.fail(Assert.java:86)
	at org.junit.Assert.assertTrue(Assert.java:41)
	at org.junit.Assert.assertNotNull(Assert.java:621)
	at org.junit.Assert.assertNotNull(Assert.java:631)
	at org.apache.commons.codec.net.QuotedPrintableCodec_ESTest.test3438(QuotedPrintableCodec_ESTest.java:276)
	at sun.reflect.NativeMethodAccessorImpl.invoke0(Native Method)
	at sun.reflect.NativeMethodAccessorImpl.invoke(NativeMethodAccessorImpl.java:62)
	at sun.reflect.DelegatingMethodAccessorImpl.invoke(DelegatingMethodAccessorImpl.java:43)
	at java.lang.reflect.Method.invoke(Method.java:498)
	at org.junit.runners.model.FrameworkMethod$1.runReflectiveCall(FrameworkMethod.java:47)
	at org.junit.internal.runners.model.ReflectiveCallable.run(ReflectiveCallable.java:12)
	at org.junit.runners.model.FrameworkMethod.invokeExplosively(FrameworkMethod.java:44)
	at org.junit.internal.runners.statements.InvokeMethod.evaluate(InvokeMethod.java:17)
	at org.junit.internal.runners.statements.FailOnTimeout$StatementThread.run(FailOnTimeout.java:74)
--- org.apache.commons.codec.net.QuotedPrintableCodec_ESTest::test1721
org.apache.commons.codec.DecoderException: Invalid URL encoding: not a valid digit (radix 16): 0
	at org.apache.commons.codec.net.Utils.digit16(Utils.java:44)
	at org.apache.commons.codec.net.QuotedPrintableCodec.decodeQuotedPrintable(QuotedPrintableCodec.java:229)
	at org.apache.commons.codec.net.QuotedPrintableCodec.decode(QuotedPrintableCodec.java:275)
	at org.apache.commons.codec.net.QuotedPrintableCodec_ESTest.test1721(QuotedPrintableCodec_ESTest.java:165)
	at sun.reflect.NativeMethodAccessorImpl.invoke0(Native Method)
	at sun.reflect.NativeMethodAccessorImpl.invoke(NativeMethodAccessorImpl.java:62)
	at sun.reflect.DelegatingMethodAccessorImpl.invoke(DelegatingMethodAccessorImpl.java:43)
	at java.lang.reflect.Method.invoke(Method.java:498)
	at org.junit.runners.model.FrameworkMethod$1.runReflectiveCall(FrameworkMethod.java:47)
	at org.junit.internal.runners.model.ReflectiveCallable.run(ReflectiveCallable.java:12)
	at org.junit.runners.model.FrameworkMethod.invokeExplosively(FrameworkMethod.java:44)
	at org.junit.internal.runners.statements.InvokeMethod.evaluate(InvokeMethod.java:17)
	at org.junit.internal.runners.statements.FailOnTimeout$StatementThread.run(FailOnTimeout.java:74)
--- org.apache.commons.codec.net.QuotedPrintableCodec_ESTest::test4755
java.lang.NullPointerException
	at java.lang.String.getBytes(String.java:917)
	at org.apache.commons.codec.net.QuotedPrintableCodec.encode(QuotedPrintableCodec.java:429)
	at org.apache.commons.codec.net.QuotedPrintableCodec.encode(QuotedPrintableCodec.java:300)
	at org.apache.commons.codec.net.QuotedPrintableCodec.encode(QuotedPrintableCodec.java:366)
	at org.apache.commons.codec.net.QuotedPrintableCodec_ESTest.test4755(QuotedPrintableCodec_ESTest.java:385)
	at sun.reflect.NativeMethodAccessorImpl.invoke0(Native Method)
	at sun.reflect.NativeMethodAccessorImpl.invoke(NativeMethodAccessorImpl.java:62)
	at sun.reflect.DelegatingMethodAccessorImpl.invoke(DelegatingMethodAccessorImpl.java:43)
	at java.lang.reflect.Method.invoke(Method.java:498)
	at org.junit.runners.model.FrameworkMethod$1.runReflectiveCall(FrameworkMethod.java:47)
	at org.junit.internal.runners.model.ReflectiveCallable.run(ReflectiveCallable.java:12)
	at org.junit.runners.model.FrameworkMethod.invokeExplosively(FrameworkMethod.java:44)
	at org.junit.internal.runners.statements.InvokeMethod.evaluate(InvokeMethod.java:17)
	at org.junit.internal.runners.statements.FailOnTimeout$StatementThread.run(FailOnTimeout.java:74)
--- org.apache.commons.codec.net.QuotedPrintableCodec_ESTest::test1923
java.io.UnsupportedEncodingException: 
	at java.lang.StringCoding.decode(StringCoding.java:190)
	at java.lang.String.<init>(String.java:426)
	at java.lang.String.<init>(String.java:491)
	at org.apache.commons.codec.net.QuotedPrintableCodec.decode(QuotedPrintableCodec.java:324)
	at org.apache.commons.codec.net.QuotedPrintableCodec_ESTest.test1923(QuotedPrintableCodec_ESTest.java:177)
	at sun.reflect.NativeMethodAccessorImpl.invoke0(Native Method)
	at sun.reflect.NativeMethodAccessorImpl.invoke(NativeMethodAccessorImpl.java:62)
	at sun.reflect.DelegatingMethodAccessorImpl.invoke(DelegatingMethodAccessorImpl.java:43)
	at java.lang.reflect.Method.invoke(Method.java:498)
	at org.junit.runners.model.FrameworkMethod$1.runReflectiveCall(FrameworkMethod.java:47)
	at org.junit.internal.runners.model.ReflectiveCallable.run(ReflectiveCallable.java:12)
	at org.junit.runners.model.FrameworkMethod.invokeExplosively(FrameworkMethod.java:44)
	at org.junit.internal.runners.statements.InvokeMethod.evaluate(InvokeMethod.java:17)
	at org.junit.internal.runners.statements.FailOnTimeout$StatementThread.run(FailOnTimeout.java:74)
--- org.apache.commons.codec.net.QuotedPrintableCodec_ESTest::test3944
java.lang.NullPointerException: charsetName
	at java.lang.String.<init>(String.java:424)
	at java.lang.String.<init>(String.java:491)
	at org.apache.commons.codec.net.QuotedPrintableCodec.decode(QuotedPrintableCodec.java:324)
	at org.apache.commons.codec.net.QuotedPrintableCodec_ESTest.test3944(QuotedPrintableCodec_ESTest.java:314)
	at sun.reflect.NativeMethodAccessorImpl.invoke0(Native Method)
	at sun.reflect.NativeMethodAccessorImpl.invoke(NativeMethodAccessorImpl.java:62)
	at sun.reflect.DelegatingMethodAccessorImpl.invoke(DelegatingMethodAccessorImpl.java:43)
	at java.lang.reflect.Method.invoke(Method.java:498)
	at org.junit.runners.model.FrameworkMethod$1.runReflectiveCall(FrameworkMethod.java:47)
	at org.junit.internal.runners.model.ReflectiveCallable.run(ReflectiveCallable.java:12)
	at org.junit.runners.model.FrameworkMethod.invokeExplosively(FrameworkMethod.java:44)
	at org.junit.internal.runners.statements.InvokeMethod.evaluate(InvokeMethod.java:17)
	at org.junit.internal.runners.statements.FailOnTimeout$StatementThread.run(FailOnTimeout.java:74)
--- org.apache.commons.codec.net.QuotedPrintableCodec_ESTest::test3337
org.apache.commons.codec.EncoderException: Objects of type java.lang.Object cannot be quoted-printable encoded
	at org.apache.commons.codec.net.QuotedPrintableCodec.encode(QuotedPrintableCodec.java:368)
	at org.apache.commons.codec.net.QuotedPrintableCodec_ESTest.test3337(QuotedPrintableCodec_ESTest.java:269)
	at sun.reflect.NativeMethodAccessorImpl.invoke0(Native Method)
	at sun.reflect.NativeMethodAccessorImpl.invoke(NativeMethodAccessorImpl.java:62)
	at sun.reflect.DelegatingMethodAccessorImpl.invoke(DelegatingMethodAccessorImpl.java:43)
	at java.lang.reflect.Method.invoke(Method.java:498)
	at org.junit.runners.model.FrameworkMethod$1.runReflectiveCall(FrameworkMethod.java:47)
	at org.junit.internal.runners.model.ReflectiveCallable.run(ReflectiveCallable.java:12)
	at org.junit.runners.model.FrameworkMethod.invokeExplosively(FrameworkMethod.java:44)
	at org.junit.internal.runners.statements.InvokeMethod.evaluate(InvokeMethod.java:17)
	at org.junit.internal.runners.statements.FailOnTimeout$StatementThread.run(FailOnTimeout.java:74)
--- org.apache.commons.codec.net.QuotedPrintableCodec_ESTest::test4348
junit.framework.AssertionFailedError
	at org.junit.Assert.fail(Assert.java:86)
	at org.junit.Assert.assertTrue(Assert.java:41)
	at org.junit.Assert.assertNotNull(Assert.java:621)
	at org.junit.Assert.assertNotNull(Assert.java:631)
	at org.apache.commons.codec.net.QuotedPrintableCodec_ESTest.test4348(QuotedPrintableCodec_ESTest.java:341)
	at sun.reflect.NativeMethodAccessorImpl.invoke0(Native Method)
	at sun.reflect.NativeMethodAccessorImpl.invoke(NativeMethodAccessorImpl.java:62)
	at sun.reflect.DelegatingMethodAccessorImpl.invoke(DelegatingMethodAccessorImpl.java:43)
	at java.lang.reflect.Method.invoke(Method.java:498)
	at org.junit.runners.model.FrameworkMethod$1.runReflectiveCall(FrameworkMethod.java:47)
	at org.junit.internal.runners.model.ReflectiveCallable.run(ReflectiveCallable.java:12)
	at org.junit.runners.model.FrameworkMethod.invokeExplosively(FrameworkMethod.java:44)
	at org.junit.internal.runners.statements.InvokeMethod.evaluate(InvokeMethod.java:17)
	at org.junit.internal.runners.statements.FailOnTimeout$StatementThread.run(FailOnTimeout.java:74)
--- org.apache.commons.codec.net.QuotedPrintableCodec_ESTest::test2125
java.lang.NullPointerException: charsetName
	at java.lang.String.<init>(String.java:424)
	at java.lang.String.<init>(String.java:491)
	at org.apache.commons.codec.net.QuotedPrintableCodec.decode(QuotedPrintableCodec.java:324)
	at org.apache.commons.codec.net.QuotedPrintableCodec.decode(QuotedPrintableCodec.java:344)
	at org.apache.commons.codec.net.QuotedPrintableCodec.decode(QuotedPrintableCodec.java:391)
	at org.apache.commons.codec.net.QuotedPrintableCodec_ESTest.test2125(QuotedPrintableCodec_ESTest.java:189)
	at sun.reflect.NativeMethodAccessorImpl.invoke0(Native Method)
	at sun.reflect.NativeMethodAccessorImpl.invoke(NativeMethodAccessorImpl.java:62)
	at sun.reflect.DelegatingMethodAccessorImpl.invoke(DelegatingMethodAccessorImpl.java:43)
	at java.lang.reflect.Method.invoke(Method.java:498)
	at org.junit.runners.model.FrameworkMethod$1.runReflectiveCall(FrameworkMethod.java:47)
	at org.junit.internal.runners.model.ReflectiveCallable.run(ReflectiveCallable.java:12)
	at org.junit.runners.model.FrameworkMethod.invokeExplosively(FrameworkMethod.java:44)
	at org.junit.internal.runners.statements.InvokeMethod.evaluate(InvokeMethod.java:17)
	at org.junit.internal.runners.statements.FailOnTimeout$StatementThread.run(FailOnTimeout.java:74)
--- org.apache.commons.codec.net.QuotedPrintableCodec_ESTest::test3135
org.apache.commons.codec.DecoderException: Objects of type java.lang.Object cannot be quoted-printable decoded
	at org.apache.commons.codec.net.QuotedPrintableCodec.decode(QuotedPrintableCodec.java:393)
	at org.apache.commons.codec.net.QuotedPrintableCodec_ESTest.test3135(QuotedPrintableCodec_ESTest.java:255)
	at sun.reflect.NativeMethodAccessorImpl.invoke0(Native Method)
	at sun.reflect.NativeMethodAccessorImpl.invoke(NativeMethodAccessorImpl.java:62)
	at sun.reflect.DelegatingMethodAccessorImpl.invoke(DelegatingMethodAccessorImpl.java:43)
	at java.lang.reflect.Method.invoke(Method.java:498)
	at org.junit.runners.model.FrameworkMethod$1.runReflectiveCall(FrameworkMethod.java:47)
	at org.junit.internal.runners.model.ReflectiveCallable.run(ReflectiveCallable.java:12)
	at org.junit.runners.model.FrameworkMethod.invokeExplosively(FrameworkMethod.java:44)
	at org.junit.internal.runners.statements.InvokeMethod.evaluate(InvokeMethod.java:17)
	at org.junit.internal.runners.statements.FailOnTimeout$StatementThread.run(FailOnTimeout.java:74)
--- org.apache.commons.codec.net.QuotedPrintableCodec_ESTest::test1519
org.apache.commons.codec.EncoderException: 
	at org.apache.commons.codec.net.QuotedPrintableCodec.encode(QuotedPrintableCodec.java:302)
	at org.apache.commons.codec.net.QuotedPrintableCodec_ESTest.test1519(QuotedPrintableCodec_ESTest.java:151)
	at sun.reflect.NativeMethodAccessorImpl.invoke0(Native Method)
	at sun.reflect.NativeMethodAccessorImpl.invoke(NativeMethodAccessorImpl.java:62)
	at sun.reflect.DelegatingMethodAccessorImpl.invoke(DelegatingMethodAccessorImpl.java:43)
	at java.lang.reflect.Method.invoke(Method.java:498)
	at org.junit.runners.model.FrameworkMethod$1.runReflectiveCall(FrameworkMethod.java:47)
	at org.junit.internal.runners.model.ReflectiveCallable.run(ReflectiveCallable.java:12)
	at org.junit.runners.model.FrameworkMethod.invokeExplosively(FrameworkMethod.java:44)
	at org.junit.internal.runners.statements.InvokeMethod.evaluate(InvokeMethod.java:17)
	at org.junit.internal.runners.statements.FailOnTimeout$StatementThread.run(FailOnTimeout.java:74)
Caused by: java.io.UnsupportedEncodingException: 
	at java.lang.StringCoding.encode(StringCoding.java:341)
	at java.lang.String.getBytes(String.java:918)
	at org.apache.commons.codec.net.QuotedPrintableCodec.encode(QuotedPrintableCodec.java:429)
	at org.apache.commons.codec.net.QuotedPrintableCodec.encode(QuotedPrintableCodec.java:300)
	... 10 more
--- org.apache.commons.codec.net.QuotedPrintableCodec_ESTest::test2327
org.apache.commons.codec.DecoderException: 
	at org.apache.commons.codec.net.QuotedPrintableCodec.decode(QuotedPrintableCodec.java:346)
	at org.apache.commons.codec.net.QuotedPrintableCodec_ESTest.test2327(QuotedPrintableCodec_ESTest.java:201)
	at sun.reflect.NativeMethodAccessorImpl.invoke0(Native Method)
	at sun.reflect.NativeMethodAccessorImpl.invoke(NativeMethodAccessorImpl.java:62)
	at sun.reflect.DelegatingMethodAccessorImpl.invoke(DelegatingMethodAccessorImpl.java:43)
	at java.lang.reflect.Method.invoke(Method.java:498)
	at org.junit.runners.model.FrameworkMethod$1.runReflectiveCall(FrameworkMethod.java:47)
	at org.junit.internal.runners.model.ReflectiveCallable.run(ReflectiveCallable.java:12)
	at org.junit.runners.model.FrameworkMethod.invokeExplosively(FrameworkMethod.java:44)
	at org.junit.internal.runners.statements.InvokeMethod.evaluate(InvokeMethod.java:17)
	at org.junit.internal.runners.statements.FailOnTimeout$StatementThread.run(FailOnTimeout.java:74)
Caused by: java.io.UnsupportedEncodingException: 
	at java.lang.StringCoding.decode(StringCoding.java:190)
	at java.lang.String.<init>(String.java:426)
	at java.lang.String.<init>(String.java:491)
	at org.apache.commons.codec.net.QuotedPrintableCodec.decode(QuotedPrintableCodec.java:324)
	at org.apache.commons.codec.net.QuotedPrintableCodec.decode(QuotedPrintableCodec.java:344)
	... 10 more
