--- org.apache.commons.collections4.trie.AbstractPatriciaTrie_ESTest::test05829
java.util.NoSuchElementException
	at org.apache.commons.collections4.trie.AbstractPatriciaTrie.lastKey(AbstractPatriciaTrie.java:793)
	at org.apache.commons.collections4.trie.AbstractPatriciaTrie_ESTest.test05829(AbstractPatriciaTrie_ESTest.java:444)
	at sun.reflect.NativeMethodAccessorImpl.invoke0(Native Method)
	at sun.reflect.NativeMethodAccessorImpl.invoke(NativeMethodAccessorImpl.java:62)
	at sun.reflect.DelegatingMethodAccessorImpl.invoke(DelegatingMethodAccessorImpl.java:43)
	at java.lang.reflect.Method.invoke(Method.java:498)
	at org.junit.runners.model.FrameworkMethod$1.runReflectiveCall(FrameworkMethod.java:47)
	at org.junit.internal.runners.model.ReflectiveCallable.run(ReflectiveCallable.java:12)
	at org.junit.runners.model.FrameworkMethod.invokeExplosively(FrameworkMethod.java:44)
	at org.junit.internal.runners.statements.InvokeMethod.evaluate(InvokeMethod.java:17)
	at org.junit.internal.runners.statements.FailOnTimeout$StatementThread.run(FailOnTimeout.java:74)
--- org.apache.commons.collections4.trie.AbstractPatriciaTrie_ESTest::test02916
java.lang.IllegalArgumentException: Illegal load factor: 0.0
	at java.util.HashMap.<init>(HashMap.java:455)
	at org.apache.commons.collections4.trie.AbstractPatriciaTrie_ESTest.test02916(AbstractPatriciaTrie_ESTest.java:299)
	at sun.reflect.NativeMethodAccessorImpl.invoke0(Native Method)
	at sun.reflect.NativeMethodAccessorImpl.invoke(NativeMethodAccessorImpl.java:62)
	at sun.reflect.DelegatingMethodAccessorImpl.invoke(DelegatingMethodAccessorImpl.java:43)
	at java.lang.reflect.Method.invoke(Method.java:498)
	at org.junit.runners.model.FrameworkMethod$1.runReflectiveCall(FrameworkMethod.java:47)
	at org.junit.internal.runners.model.ReflectiveCallable.run(ReflectiveCallable.java:12)
	at org.junit.runners.model.FrameworkMethod.invokeExplosively(FrameworkMethod.java:44)
	at org.junit.internal.runners.statements.InvokeMethod.evaluate(InvokeMethod.java:17)
	at org.junit.internal.runners.statements.FailOnTimeout$StatementThread.run(FailOnTimeout.java:74)
--- org.apache.commons.collections4.trie.AbstractPatriciaTrie_ESTest::test03921
java.lang.NullPointerException
	at org.apache.commons.collections4.trie.AbstractPatriciaTrie.previousEntry(AbstractPatriciaTrie.java:1196)
	at org.apache.commons.collections4.trie.AbstractPatriciaTrie_ESTest.test03921(AbstractPatriciaTrie_ESTest.java:351)
	at sun.reflect.NativeMethodAccessorImpl.invoke0(Native Method)
	at sun.reflect.NativeMethodAccessorImpl.invoke(NativeMethodAccessorImpl.java:62)
	at sun.reflect.DelegatingMethodAccessorImpl.invoke(DelegatingMethodAccessorImpl.java:43)
	at java.lang.reflect.Method.invoke(Method.java:498)
	at org.junit.runners.model.FrameworkMethod$1.runReflectiveCall(FrameworkMethod.java:47)
	at org.junit.internal.runners.model.ReflectiveCallable.run(ReflectiveCallable.java:12)
	at org.junit.runners.model.FrameworkMethod.invokeExplosively(FrameworkMethod.java:44)
	at org.junit.internal.runners.statements.InvokeMethod.evaluate(InvokeMethod.java:17)
	at org.junit.internal.runners.statements.FailOnTimeout$StatementThread.run(FailOnTimeout.java:74)
--- org.apache.commons.collections4.trie.AbstractPatriciaTrie_ESTest::test02715
org.evosuite.runtime.mock.java.lang.MockNullPointerException
	at org.apache.commons.collections4.trie.AbstractPatriciaTrie.nextKey(AbstractPatriciaTrie.java:799)
	at org.apache.commons.collections4.trie.AbstractPatriciaTrie_ESTest.test02715(AbstractPatriciaTrie_ESTest.java:283)
	at sun.reflect.NativeMethodAccessorImpl.invoke0(Native Method)
	at sun.reflect.NativeMethodAccessorImpl.invoke(NativeMethodAccessorImpl.java:62)
	at sun.reflect.DelegatingMethodAccessorImpl.invoke(DelegatingMethodAccessorImpl.java:43)
	at java.lang.reflect.Method.invoke(Method.java:498)
	at org.junit.runners.model.FrameworkMethod$1.runReflectiveCall(FrameworkMethod.java:47)
	at org.junit.internal.runners.model.ReflectiveCallable.run(ReflectiveCallable.java:12)
	at org.junit.runners.model.FrameworkMethod.invokeExplosively(FrameworkMethod.java:44)
	at org.junit.internal.runners.statements.InvokeMethod.evaluate(InvokeMethod.java:17)
	at org.junit.internal.runners.statements.FailOnTimeout$StatementThread.run(FailOnTimeout.java:74)
--- org.apache.commons.collections4.trie.AbstractPatriciaTrie_ESTest::test06834
java.lang.NullPointerException
	at org.apache.commons.collections4.trie.AbstractPatriciaTrie.addEntry(AbstractPatriciaTrie.java:198)
	at org.apache.commons.collections4.trie.AbstractPatriciaTrie_ESTest.test06834(AbstractPatriciaTrie_ESTest.java:517)
	at sun.reflect.NativeMethodAccessorImpl.invoke0(Native Method)
	at sun.reflect.NativeMethodAccessorImpl.invoke(NativeMethodAccessorImpl.java:62)
	at sun.reflect.DelegatingMethodAccessorImpl.invoke(DelegatingMethodAccessorImpl.java:43)
	at java.lang.reflect.Method.invoke(Method.java:498)
	at org.junit.runners.model.FrameworkMethod$1.runReflectiveCall(FrameworkMethod.java:47)
	at org.junit.internal.runners.model.ReflectiveCallable.run(ReflectiveCallable.java:12)
	at org.junit.runners.model.FrameworkMethod.invokeExplosively(FrameworkMethod.java:44)
	at org.junit.internal.runners.statements.InvokeMethod.evaluate(InvokeMethod.java:17)
	at org.junit.internal.runners.statements.FailOnTimeout$StatementThread.run(FailOnTimeout.java:74)
--- org.apache.commons.collections4.trie.AbstractPatriciaTrie_ESTest::test02314
java.lang.ClassCastException: org.apache.commons.collections4.trie.PatriciaTrie cannot be cast to java.lang.String
	at org.apache.commons.collections4.trie.analyzer.StringKeyAnalyzer.lengthInBits(StringKeyAnalyzer.java:27)
	at org.apache.commons.collections4.trie.AbstractBitwiseTrie.lengthInBits(AbstractBitwiseTrie.java:93)
	at org.apache.commons.collections4.trie.AbstractPatriciaTrie.getEntry(AbstractPatriciaTrie.java:258)
	at org.apache.commons.collections4.trie.AbstractPatriciaTrie_ESTest.test02314(AbstractPatriciaTrie_ESTest.java:262)
	at sun.reflect.NativeMethodAccessorImpl.invoke0(Native Method)
	at sun.reflect.NativeMethodAccessorImpl.invoke(NativeMethodAccessorImpl.java:62)
	at sun.reflect.DelegatingMethodAccessorImpl.invoke(DelegatingMethodAccessorImpl.java:43)
	at java.lang.reflect.Method.invoke(Method.java:498)
	at org.junit.runners.model.FrameworkMethod$1.runReflectiveCall(FrameworkMethod.java:47)
	at org.junit.internal.runners.model.ReflectiveCallable.run(ReflectiveCallable.java:12)
	at org.junit.runners.model.FrameworkMethod.invokeExplosively(FrameworkMethod.java:44)
	at org.junit.internal.runners.statements.InvokeMethod.evaluate(InvokeMethod.java:17)
	at org.junit.internal.runners.statements.FailOnTimeout$StatementThread.run(FailOnTimeout.java:74)
--- org.apache.commons.collections4.trie.AbstractPatriciaTrie_ESTest::test08343
java.lang.ClassCastException: java.lang.Integer cannot be cast to java.lang.String
	at org.apache.commons.collections4.trie.analyzer.StringKeyAnalyzer.lengthInBits(StringKeyAnalyzer.java:27)
	at org.apache.commons.collections4.trie.AbstractBitwiseTrie.lengthInBits(AbstractBitwiseTrie.java:93)
	at org.apache.commons.collections4.trie.AbstractPatriciaTrie.remove(AbstractPatriciaTrie.java:425)
	at org.apache.commons.collections4.trie.PatriciaTrie.remove(PatriciaTrie.java:57)
	at org.apache.commons.collections4.trie.AbstractPatriciaTrie_ESTest.test08343(AbstractPatriciaTrie_ESTest.java:672)
	at sun.reflect.NativeMethodAccessorImpl.invoke0(Native Method)
	at sun.reflect.NativeMethodAccessorImpl.invoke(NativeMethodAccessorImpl.java:62)
	at sun.reflect.DelegatingMethodAccessorImpl.invoke(DelegatingMethodAccessorImpl.java:43)
	at java.lang.reflect.Method.invoke(Method.java:498)
	at org.junit.runners.model.FrameworkMethod$1.runReflectiveCall(FrameworkMethod.java:47)
	at org.junit.internal.runners.model.ReflectiveCallable.run(ReflectiveCallable.java:12)
	at org.junit.runners.model.FrameworkMethod.invokeExplosively(FrameworkMethod.java:44)
	at org.junit.internal.runners.statements.InvokeMethod.evaluate(InvokeMethod.java:17)
	at org.junit.internal.runners.statements.FailOnTimeout$StatementThread.run(FailOnTimeout.java:74)
--- org.apache.commons.collections4.trie.AbstractPatriciaTrie_ESTest::test09553
java.lang.ClassCastException: org.apache.commons.collections4.trie.AbstractPatriciaTrie$Values cannot be cast to java.lang.String
	at org.apache.commons.collections4.trie.analyzer.StringKeyAnalyzer.lengthInBits(StringKeyAnalyzer.java:27)
	at org.apache.commons.collections4.trie.AbstractBitwiseTrie.lengthInBits(AbstractBitwiseTrie.java:93)
	at org.apache.commons.collections4.trie.AbstractPatriciaTrie.containsKey(AbstractPatriciaTrie.java:384)
	at org.apache.commons.collections4.trie.PatriciaTrie.containsKey(PatriciaTrie.java:57)
	at org.apache.commons.collections4.trie.AbstractPatriciaTrie_ESTest.test09553(AbstractPatriciaTrie_ESTest.java:843)
	at sun.reflect.NativeMethodAccessorImpl.invoke0(Native Method)
	at sun.reflect.NativeMethodAccessorImpl.invoke(NativeMethodAccessorImpl.java:62)
	at sun.reflect.DelegatingMethodAccessorImpl.invoke(DelegatingMethodAccessorImpl.java:43)
	at java.lang.reflect.Method.invoke(Method.java:498)
	at org.junit.runners.model.FrameworkMethod$1.runReflectiveCall(FrameworkMethod.java:47)
	at org.junit.internal.runners.model.ReflectiveCallable.run(ReflectiveCallable.java:12)
	at org.junit.runners.model.FrameworkMethod.invokeExplosively(FrameworkMethod.java:44)
	at org.junit.internal.runners.statements.InvokeMethod.evaluate(InvokeMethod.java:17)
	at org.junit.internal.runners.statements.FailOnTimeout$StatementThread.run(FailOnTimeout.java:74)
--- org.apache.commons.collections4.trie.AbstractPatriciaTrie_ESTest::test08545
java.lang.NullPointerException
	at java.util.AbstractMap$SimpleEntry.<init>(AbstractMap.java:634)
	at org.apache.commons.collections4.trie.AbstractPatriciaTrie_ESTest.test08545(AbstractPatriciaTrie_ESTest.java:705)
	at sun.reflect.NativeMethodAccessorImpl.invoke0(Native Method)
	at sun.reflect.NativeMethodAccessorImpl.invoke(NativeMethodAccessorImpl.java:62)
	at sun.reflect.DelegatingMethodAccessorImpl.invoke(DelegatingMethodAccessorImpl.java:43)
	at java.lang.reflect.Method.invoke(Method.java:498)
	at org.junit.runners.model.FrameworkMethod$1.runReflectiveCall(FrameworkMethod.java:47)
	at org.junit.internal.runners.model.ReflectiveCallable.run(ReflectiveCallable.java:12)
	at org.junit.runners.model.FrameworkMethod.invokeExplosively(FrameworkMethod.java:44)
	at org.junit.internal.runners.statements.InvokeMethod.evaluate(InvokeMethod.java:17)
	at org.junit.internal.runners.statements.FailOnTimeout$StatementThread.run(FailOnTimeout.java:74)
--- org.apache.commons.collections4.trie.AbstractPatriciaTrie_ESTest::test08746
org.evosuite.runtime.mock.java.lang.MockNullPointerException
	at org.apache.commons.collections4.trie.AbstractPatriciaTrie.previousKey(AbstractPatriciaTrie.java:812)
	at org.apache.commons.collections4.trie.AbstractPatriciaTrie_ESTest.test08746(AbstractPatriciaTrie_ESTest.java:729)
	at sun.reflect.NativeMethodAccessorImpl.invoke0(Native Method)
	at sun.reflect.NativeMethodAccessorImpl.invoke(NativeMethodAccessorImpl.java:62)
	at sun.reflect.DelegatingMethodAccessorImpl.invoke(DelegatingMethodAccessorImpl.java:43)
	at java.lang.reflect.Method.invoke(Method.java:498)
	at org.junit.runners.model.FrameworkMethod$1.runReflectiveCall(FrameworkMethod.java:47)
	at org.junit.internal.runners.model.ReflectiveCallable.run(ReflectiveCallable.java:12)
	at org.junit.runners.model.FrameworkMethod.invokeExplosively(FrameworkMethod.java:44)
	at org.junit.internal.runners.statements.InvokeMethod.evaluate(InvokeMethod.java:17)
	at org.junit.internal.runners.statements.FailOnTimeout$StatementThread.run(FailOnTimeout.java:74)
--- org.apache.commons.collections4.trie.AbstractPatriciaTrie_ESTest::test0033
java.lang.NullPointerException
	at java.util.Objects.requireNonNull(Objects.java:203)
	at java.util.Map$Entry.comparingByValue(Map.java:525)
	at org.apache.commons.collections4.trie.AbstractPatriciaTrie_ESTest.test0033(AbstractPatriciaTrie_ESTest.java:103)
	at sun.reflect.NativeMethodAccessorImpl.invoke0(Native Method)
	at sun.reflect.NativeMethodAccessorImpl.invoke(NativeMethodAccessorImpl.java:62)
	at sun.reflect.DelegatingMethodAccessorImpl.invoke(DelegatingMethodAccessorImpl.java:43)
	at java.lang.reflect.Method.invoke(Method.java:498)
	at org.junit.runners.model.FrameworkMethod$1.runReflectiveCall(FrameworkMethod.java:47)
	at org.junit.internal.runners.model.ReflectiveCallable.run(ReflectiveCallable.java:12)
	at org.junit.runners.model.FrameworkMethod.invokeExplosively(FrameworkMethod.java:44)
	at org.junit.internal.runners.statements.InvokeMethod.evaluate(InvokeMethod.java:17)
	at org.junit.internal.runners.statements.FailOnTimeout$StatementThread.run(FailOnTimeout.java:74)
--- org.apache.commons.collections4.trie.AbstractPatriciaTrie_ESTest::test08141
java.lang.ClassCastException: java.lang.Integer cannot be cast to java.lang.String
	at org.apache.commons.collections4.trie.analyzer.StringKeyAnalyzer.lengthInBits(StringKeyAnalyzer.java:27)
	at org.apache.commons.collections4.trie.AbstractBitwiseTrie.lengthInBits(AbstractBitwiseTrie.java:93)
	at org.apache.commons.collections4.trie.AbstractPatriciaTrie.remove(AbstractPatriciaTrie.java:425)
	at org.apache.commons.collections4.trie.PatriciaTrie.remove(PatriciaTrie.java:57)
	at org.apache.commons.collections4.trie.AbstractPatriciaTrie_ESTest.test08141(AbstractPatriciaTrie_ESTest.java:623)
	at sun.reflect.NativeMethodAccessorImpl.invoke0(Native Method)
	at sun.reflect.NativeMethodAccessorImpl.invoke(NativeMethodAccessorImpl.java:62)
	at sun.reflect.DelegatingMethodAccessorImpl.invoke(DelegatingMethodAccessorImpl.java:43)
	at java.lang.reflect.Method.invoke(Method.java:498)
	at org.junit.runners.model.FrameworkMethod$1.runReflectiveCall(FrameworkMethod.java:47)
	at org.junit.internal.runners.model.ReflectiveCallable.run(ReflectiveCallable.java:12)
	at org.junit.runners.model.FrameworkMethod.invokeExplosively(FrameworkMethod.java:44)
	at org.junit.internal.runners.statements.InvokeMethod.evaluate(InvokeMethod.java:17)
	at org.junit.internal.runners.statements.FailOnTimeout$StatementThread.run(FailOnTimeout.java:74)
--- org.apache.commons.collections4.trie.AbstractPatriciaTrie_ESTest::test09351
org.evosuite.runtime.mock.java.lang.MockNullPointerException
	at org.apache.commons.collections4.trie.AbstractPatriciaTrie.previousKey(AbstractPatriciaTrie.java:812)
	at org.apache.commons.collections4.trie.AbstractPatriciaTrie_ESTest.test09351(AbstractPatriciaTrie_ESTest.java:816)
	at sun.reflect.NativeMethodAccessorImpl.invoke0(Native Method)
	at sun.reflect.NativeMethodAccessorImpl.invoke(NativeMethodAccessorImpl.java:62)
	at sun.reflect.DelegatingMethodAccessorImpl.invoke(DelegatingMethodAccessorImpl.java:43)
	at java.lang.reflect.Method.invoke(Method.java:498)
	at org.junit.runners.model.FrameworkMethod$1.runReflectiveCall(FrameworkMethod.java:47)
	at org.junit.internal.runners.model.ReflectiveCallable.run(ReflectiveCallable.java:12)
	at org.junit.runners.model.FrameworkMethod.invokeExplosively(FrameworkMethod.java:44)
	at org.junit.internal.runners.statements.InvokeMethod.evaluate(InvokeMethod.java:17)
	at org.junit.internal.runners.statements.FailOnTimeout$StatementThread.run(FailOnTimeout.java:74)
--- org.apache.commons.collections4.trie.AbstractPatriciaTrie_ESTest::test01910
java.lang.StringIndexOutOfBoundsException: String index out of range: 126
	at java.lang.String.charAt(String.java:658)
	at org.apache.commons.collections4.trie.analyzer.StringKeyAnalyzer.isBitSet(StringKeyAnalyzer.java:122)
	at org.apache.commons.collections4.trie.analyzer.StringKeyAnalyzer.isBitSet(StringKeyAnalyzer.java:27)
	at org.apache.commons.collections4.trie.AbstractBitwiseTrie.isBitSet(AbstractBitwiseTrie.java:114)
	at org.apache.commons.collections4.trie.AbstractPatriciaTrie.subtree(AbstractPatriciaTrie.java:1133)
	at org.apache.commons.collections4.trie.AbstractPatriciaTrie_ESTest.test01910(AbstractPatriciaTrie_ESTest.java:199)
	at sun.reflect.NativeMethodAccessorImpl.invoke0(Native Method)
	at sun.reflect.NativeMethodAccessorImpl.invoke(NativeMethodAccessorImpl.java:62)
	at sun.reflect.DelegatingMethodAccessorImpl.invoke(DelegatingMethodAccessorImpl.java:43)
	at java.lang.reflect.Method.invoke(Method.java:498)
	at org.junit.runners.model.FrameworkMethod$1.runReflectiveCall(FrameworkMethod.java:47)
	at org.junit.internal.runners.model.ReflectiveCallable.run(ReflectiveCallable.java:12)
	at org.junit.runners.model.FrameworkMethod.invokeExplosively(FrameworkMethod.java:44)
	at org.junit.internal.runners.statements.InvokeMethod.evaluate(InvokeMethod.java:17)
	at org.junit.internal.runners.statements.FailOnTimeout$StatementThread.run(FailOnTimeout.java:74)
--- org.apache.commons.collections4.trie.AbstractPatriciaTrie_ESTest::test03017
java.lang.NullPointerException
	at org.apache.commons.collections4.trie.AbstractPatriciaTrie.followRight(AbstractPatriciaTrie.java:1164)
	at org.apache.commons.collections4.trie.AbstractPatriciaTrie_ESTest.test03017(AbstractPatriciaTrie_ESTest.java:309)
	at sun.reflect.NativeMethodAccessorImpl.invoke0(Native Method)
	at sun.reflect.NativeMethodAccessorImpl.invoke(NativeMethodAccessorImpl.java:62)
	at sun.reflect.DelegatingMethodAccessorImpl.invoke(DelegatingMethodAccessorImpl.java:43)
	at java.lang.reflect.Method.invoke(Method.java:498)
	at org.junit.runners.model.FrameworkMethod$1.runReflectiveCall(FrameworkMethod.java:47)
	at org.junit.internal.runners.model.ReflectiveCallable.run(ReflectiveCallable.java:12)
	at org.junit.runners.model.FrameworkMethod.invokeExplosively(FrameworkMethod.java:44)
	at org.junit.internal.runners.statements.InvokeMethod.evaluate(InvokeMethod.java:17)
	at org.junit.internal.runners.statements.FailOnTimeout$StatementThread.run(FailOnTimeout.java:74)
--- org.apache.commons.collections4.trie.AbstractPatriciaTrie_ESTest::test07537
java.lang.NullPointerException
	at java.util.AbstractMap.putAll(AbstractMap.java:280)
	at org.apache.commons.collections4.trie.AbstractPatriciaTrie.<init>(AbstractPatriciaTrie.java:81)
	at org.apache.commons.collections4.trie.PatriciaTrie.<init>(PatriciaTrie.java:66)
	at org.apache.commons.collections4.trie.AbstractPatriciaTrie_ESTest.test07537(AbstractPatriciaTrie_ESTest.java:557)
	at sun.reflect.NativeMethodAccessorImpl.invoke0(Native Method)
	at sun.reflect.NativeMethodAccessorImpl.invoke(NativeMethodAccessorImpl.java:62)
	at sun.reflect.DelegatingMethodAccessorImpl.invoke(DelegatingMethodAccessorImpl.java:43)
	at java.lang.reflect.Method.invoke(Method.java:498)
	at org.junit.runners.model.FrameworkMethod$1.runReflectiveCall(FrameworkMethod.java:47)
	at org.junit.internal.runners.model.ReflectiveCallable.run(ReflectiveCallable.java:12)
	at org.junit.runners.model.FrameworkMethod.invokeExplosively(FrameworkMethod.java:44)
	at org.junit.internal.runners.statements.InvokeMethod.evaluate(InvokeMethod.java:17)
	at org.junit.internal.runners.statements.FailOnTimeout$StatementThread.run(FailOnTimeout.java:74)
--- org.apache.commons.collections4.trie.AbstractPatriciaTrie_ESTest::test03418
java.lang.NullPointerException
	at org.apache.commons.collections4.trie.AbstractPatriciaTrie.nextEntryImpl(AbstractPatriciaTrie.java:658)
	at org.apache.commons.collections4.trie.AbstractPatriciaTrie_ESTest.test03418(AbstractPatriciaTrie_ESTest.java:321)
	at sun.reflect.NativeMethodAccessorImpl.invoke0(Native Method)
	at sun.reflect.NativeMethodAccessorImpl.invoke(NativeMethodAccessorImpl.java:62)
	at sun.reflect.DelegatingMethodAccessorImpl.invoke(DelegatingMethodAccessorImpl.java:43)
	at java.lang.reflect.Method.invoke(Method.java:498)
	at org.junit.runners.model.FrameworkMethod$1.runReflectiveCall(FrameworkMethod.java:47)
	at org.junit.internal.runners.model.ReflectiveCallable.run(ReflectiveCallable.java:12)
	at org.junit.runners.model.FrameworkMethod.invokeExplosively(FrameworkMethod.java:44)
	at org.junit.internal.runners.statements.InvokeMethod.evaluate(InvokeMethod.java:17)
	at org.junit.internal.runners.statements.FailOnTimeout$StatementThread.run(FailOnTimeout.java:74)
--- org.apache.commons.collections4.trie.AbstractPatriciaTrie_ESTest::test04824
java.lang.ClassCastException: java.lang.Integer cannot be cast to java.lang.String
	at org.apache.commons.collections4.trie.analyzer.StringKeyAnalyzer.lengthInBits(StringKeyAnalyzer.java:27)
	at org.apache.commons.collections4.trie.AbstractBitwiseTrie.lengthInBits(AbstractBitwiseTrie.java:93)
	at org.apache.commons.collections4.trie.AbstractPatriciaTrie.containsKey(AbstractPatriciaTrie.java:384)
	at org.apache.commons.collections4.trie.PatriciaTrie.containsKey(PatriciaTrie.java:57)
	at org.apache.commons.collections4.trie.AbstractPatriciaTrie_ESTest.test04824(AbstractPatriciaTrie_ESTest.java:389)
	at sun.reflect.NativeMethodAccessorImpl.invoke0(Native Method)
	at sun.reflect.NativeMethodAccessorImpl.invoke(NativeMethodAccessorImpl.java:62)
	at sun.reflect.DelegatingMethodAccessorImpl.invoke(DelegatingMethodAccessorImpl.java:43)
	at java.lang.reflect.Method.invoke(Method.java:498)
	at org.junit.runners.model.FrameworkMethod$1.runReflectiveCall(FrameworkMethod.java:47)
	at org.junit.internal.runners.model.ReflectiveCallable.run(ReflectiveCallable.java:12)
	at org.junit.runners.model.FrameworkMethod.invokeExplosively(FrameworkMethod.java:44)
	at org.junit.internal.runners.statements.InvokeMethod.evaluate(InvokeMethod.java:17)
	at org.junit.internal.runners.statements.FailOnTimeout$StatementThread.run(FailOnTimeout.java:74)
--- org.apache.commons.collections4.trie.AbstractPatriciaTrie_ESTest::test07939
java.lang.NullPointerException
	at java.util.AbstractMap$SimpleImmutableEntry.<init>(AbstractMap.java:764)
	at org.apache.commons.collections4.trie.AbstractPatriciaTrie_ESTest.test07939(AbstractPatriciaTrie_ESTest.java:589)
	at sun.reflect.NativeMethodAccessorImpl.invoke0(Native Method)
	at sun.reflect.NativeMethodAccessorImpl.invoke(NativeMethodAccessorImpl.java:62)
	at sun.reflect.DelegatingMethodAccessorImpl.invoke(DelegatingMethodAccessorImpl.java:43)
	at java.lang.reflect.Method.invoke(Method.java:498)
	at org.junit.runners.model.FrameworkMethod$1.runReflectiveCall(FrameworkMethod.java:47)
	at org.junit.internal.runners.model.ReflectiveCallable.run(ReflectiveCallable.java:12)
	at org.junit.runners.model.FrameworkMethod.invokeExplosively(FrameworkMethod.java:44)
	at org.junit.internal.runners.statements.InvokeMethod.evaluate(InvokeMethod.java:17)
	at org.junit.internal.runners.statements.FailOnTimeout$StatementThread.run(FailOnTimeout.java:74)
--- org.apache.commons.collections4.trie.AbstractPatriciaTrie_ESTest::test02011
org.evosuite.runtime.mock.java.lang.MockNullPointerException: Key cannot be null
	at org.apache.commons.collections4.trie.AbstractPatriciaTrie.put(AbstractPatriciaTrie.java:131)
	at org.apache.commons.collections4.trie.AbstractPatriciaTrie_ESTest.test02011(AbstractPatriciaTrie_ESTest.java:211)
	at sun.reflect.NativeMethodAccessorImpl.invoke0(Native Method)
	at sun.reflect.NativeMethodAccessorImpl.invoke(NativeMethodAccessorImpl.java:62)
	at sun.reflect.DelegatingMethodAccessorImpl.invoke(DelegatingMethodAccessorImpl.java:43)
	at java.lang.reflect.Method.invoke(Method.java:498)
	at org.junit.runners.model.FrameworkMethod$1.runReflectiveCall(FrameworkMethod.java:47)
	at org.junit.internal.runners.model.ReflectiveCallable.run(ReflectiveCallable.java:12)
	at org.junit.runners.model.FrameworkMethod.invokeExplosively(FrameworkMethod.java:44)
	at org.junit.internal.runners.statements.InvokeMethod.evaluate(InvokeMethod.java:17)
	at org.junit.internal.runners.statements.FailOnTimeout$StatementThread.run(FailOnTimeout.java:74)
--- org.apache.commons.collections4.trie.AbstractPatriciaTrie_ESTest::test06332
java.lang.NullPointerException
	at org.apache.commons.collections4.trie.AbstractPatriciaTrie.isValidUplink(AbstractPatriciaTrie.java:1247)
	at org.apache.commons.collections4.trie.AbstractPatriciaTrie_ESTest.test06332(AbstractPatriciaTrie_ESTest.java:491)
	at sun.reflect.NativeMethodAccessorImpl.invoke0(Native Method)
	at sun.reflect.NativeMethodAccessorImpl.invoke(NativeMethodAccessorImpl.java:62)
	at sun.reflect.DelegatingMethodAccessorImpl.invoke(DelegatingMethodAccessorImpl.java:43)
	at java.lang.reflect.Method.invoke(Method.java:498)
	at org.junit.runners.model.FrameworkMethod$1.runReflectiveCall(FrameworkMethod.java:47)
	at org.junit.internal.runners.model.ReflectiveCallable.run(ReflectiveCallable.java:12)
	at org.junit.runners.model.FrameworkMethod.invokeExplosively(FrameworkMethod.java:44)
	at org.junit.internal.runners.statements.InvokeMethod.evaluate(InvokeMethod.java:17)
	at org.junit.internal.runners.statements.FailOnTimeout$StatementThread.run(FailOnTimeout.java:74)
--- org.apache.commons.collections4.trie.AbstractPatriciaTrie_ESTest::test09048
org.evosuite.runtime.mock.java.lang.MockNullPointerException
	at org.apache.commons.collections4.trie.AbstractPatriciaTrie.previousKey(AbstractPatriciaTrie.java:812)
	at org.apache.commons.collections4.trie.AbstractPatriciaTrie_ESTest.test09048(AbstractPatriciaTrie_ESTest.java:765)
	at sun.reflect.NativeMethodAccessorImpl.invoke0(Native Method)
	at sun.reflect.NativeMethodAccessorImpl.invoke(NativeMethodAccessorImpl.java:62)
	at sun.reflect.DelegatingMethodAccessorImpl.invoke(DelegatingMethodAccessorImpl.java:43)
	at java.lang.reflect.Method.invoke(Method.java:498)
	at org.junit.runners.model.FrameworkMethod$1.runReflectiveCall(FrameworkMethod.java:47)
	at org.junit.internal.runners.model.ReflectiveCallable.run(ReflectiveCallable.java:12)
	at org.junit.runners.model.FrameworkMethod.invokeExplosively(FrameworkMethod.java:44)
	at org.junit.internal.runners.statements.InvokeMethod.evaluate(InvokeMethod.java:17)
	at org.junit.internal.runners.statements.FailOnTimeout$StatementThread.run(FailOnTimeout.java:74)
--- org.apache.commons.collections4.trie.AbstractPatriciaTrie_ESTest::test06733
java.lang.NullPointerException
	at org.apache.commons.collections4.trie.AbstractPatriciaTrie.followLeft(AbstractPatriciaTrie.java:764)
	at org.apache.commons.collections4.trie.AbstractPatriciaTrie.firstEntry(AbstractPatriciaTrie.java:750)
	at org.apache.commons.collections4.trie.AbstractPatriciaTrie.firstKey(AbstractPatriciaTrie.java:784)
	at org.apache.commons.collections4.trie.AbstractPatriciaTrie_ESTest.test06733(AbstractPatriciaTrie_ESTest.java:498)
	at sun.reflect.NativeMethodAccessorImpl.invoke0(Native Method)
	at sun.reflect.NativeMethodAccessorImpl.invoke(NativeMethodAccessorImpl.java:62)
	at sun.reflect.DelegatingMethodAccessorImpl.invoke(DelegatingMethodAccessorImpl.java:43)
	at java.lang.reflect.Method.invoke(Method.java:498)
	at org.junit.runners.model.FrameworkMethod$1.runReflectiveCall(FrameworkMethod.java:47)
	at org.junit.internal.runners.model.ReflectiveCallable.run(ReflectiveCallable.java:12)
	at org.junit.runners.model.FrameworkMethod.invokeExplosively(FrameworkMethod.java:44)
	at org.junit.internal.runners.statements.InvokeMethod.evaluate(InvokeMethod.java:17)
	at org.junit.internal.runners.statements.FailOnTimeout$StatementThread.run(FailOnTimeout.java:74)
--- org.apache.commons.collections4.trie.AbstractPatriciaTrie_ESTest::test05126
java.util.NoSuchElementException
	at org.apache.commons.collections4.trie.AbstractPatriciaTrie.firstKey(AbstractPatriciaTrie.java:782)
	at org.apache.commons.collections4.trie.AbstractPatriciaTrie_ESTest.test05126(AbstractPatriciaTrie_ESTest.java:417)
	at sun.reflect.NativeMethodAccessorImpl.invoke0(Native Method)
	at sun.reflect.NativeMethodAccessorImpl.invoke(NativeMethodAccessorImpl.java:62)
	at sun.reflect.DelegatingMethodAccessorImpl.invoke(DelegatingMethodAccessorImpl.java:43)
	at java.lang.reflect.Method.invoke(Method.java:498)
	at org.junit.runners.model.FrameworkMethod$1.runReflectiveCall(FrameworkMethod.java:47)
	at org.junit.internal.runners.model.ReflectiveCallable.run(ReflectiveCallable.java:12)
	at org.junit.runners.model.FrameworkMethod.invokeExplosively(FrameworkMethod.java:44)
	at org.junit.internal.runners.statements.InvokeMethod.evaluate(InvokeMethod.java:17)
	at org.junit.internal.runners.statements.FailOnTimeout$StatementThread.run(FailOnTimeout.java:74)
--- org.apache.commons.collections4.trie.AbstractPatriciaTrie_ESTest::test0022
java.lang.StringIndexOutOfBoundsException: String index out of range: -29
	at java.lang.String.charAt(String.java:658)
	at org.apache.commons.collections4.trie.analyzer.StringKeyAnalyzer.isBitSet(StringKeyAnalyzer.java:122)
	at org.apache.commons.collections4.trie.analyzer.StringKeyAnalyzer.isBitSet(StringKeyAnalyzer.java:27)
	at org.apache.commons.collections4.trie.AbstractBitwiseTrie.isBitSet(AbstractBitwiseTrie.java:114)
	at org.apache.commons.collections4.trie.AbstractPatriciaTrie.subtree(AbstractPatriciaTrie.java:1134)
	at org.apache.commons.collections4.trie.AbstractPatriciaTrie_ESTest.test0022(AbstractPatriciaTrie_ESTest.java:90)
	at sun.reflect.NativeMethodAccessorImpl.invoke0(Native Method)
	at sun.reflect.NativeMethodAccessorImpl.invoke(NativeMethodAccessorImpl.java:62)
	at sun.reflect.DelegatingMethodAccessorImpl.invoke(DelegatingMethodAccessorImpl.java:43)
	at java.lang.reflect.Method.invoke(Method.java:498)
	at org.junit.runners.model.FrameworkMethod$1.runReflectiveCall(FrameworkMethod.java:47)
	at org.junit.internal.runners.model.ReflectiveCallable.run(ReflectiveCallable.java:12)
	at org.junit.runners.model.FrameworkMethod.invokeExplosively(FrameworkMethod.java:44)
	at org.junit.internal.runners.statements.InvokeMethod.evaluate(InvokeMethod.java:17)
	at org.junit.internal.runners.statements.FailOnTimeout$StatementThread.run(FailOnTimeout.java:74)
--- org.apache.commons.collections4.trie.AbstractPatriciaTrie_ESTest::test0189
java.lang.ClassCastException: java.lang.Object cannot be cast to java.lang.String
	at org.apache.commons.collections4.trie.analyzer.StringKeyAnalyzer.lengthInBits(StringKeyAnalyzer.java:27)
	at org.apache.commons.collections4.trie.AbstractBitwiseTrie.lengthInBits(AbstractBitwiseTrie.java:93)
	at org.apache.commons.collections4.trie.AbstractPatriciaTrie.remove(AbstractPatriciaTrie.java:425)
	at org.apache.commons.collections4.trie.PatriciaTrie.remove(PatriciaTrie.java:57)
	at org.apache.commons.collections4.trie.AbstractPatriciaTrie_ESTest.test0189(AbstractPatriciaTrie_ESTest.java:189)
	at sun.reflect.NativeMethodAccessorImpl.invoke0(Native Method)
	at sun.reflect.NativeMethodAccessorImpl.invoke(NativeMethodAccessorImpl.java:62)
	at sun.reflect.DelegatingMethodAccessorImpl.invoke(DelegatingMethodAccessorImpl.java:43)
	at java.lang.reflect.Method.invoke(Method.java:498)
	at org.junit.runners.model.FrameworkMethod$1.runReflectiveCall(FrameworkMethod.java:47)
	at org.junit.internal.runners.model.ReflectiveCallable.run(ReflectiveCallable.java:12)
	at org.junit.runners.model.FrameworkMethod.invokeExplosively(FrameworkMethod.java:44)
	at org.junit.internal.runners.statements.InvokeMethod.evaluate(InvokeMethod.java:17)
	at org.junit.internal.runners.statements.FailOnTimeout$StatementThread.run(FailOnTimeout.java:74)
--- org.apache.commons.collections4.trie.AbstractPatriciaTrie_ESTest::test05327
java.util.NoSuchElementException
	at org.apache.commons.collections4.trie.AbstractPatriciaTrie.firstKey(AbstractPatriciaTrie.java:782)
	at org.apache.commons.collections4.trie.AbstractPatriciaTrie_ESTest.test05327(AbstractPatriciaTrie_ESTest.java:425)
	at sun.reflect.NativeMethodAccessorImpl.invoke0(Native Method)
	at sun.reflect.NativeMethodAccessorImpl.invoke(NativeMethodAccessorImpl.java:62)
	at sun.reflect.DelegatingMethodAccessorImpl.invoke(DelegatingMethodAccessorImpl.java:43)
	at java.lang.reflect.Method.invoke(Method.java:498)
	at org.junit.runners.model.FrameworkMethod$1.runReflectiveCall(FrameworkMethod.java:47)
	at org.junit.internal.runners.model.ReflectiveCallable.run(ReflectiveCallable.java:12)
	at org.junit.runners.model.FrameworkMethod.invokeExplosively(FrameworkMethod.java:44)
	at org.junit.internal.runners.statements.InvokeMethod.evaluate(InvokeMethod.java:17)
	at org.junit.internal.runners.statements.FailOnTimeout$StatementThread.run(FailOnTimeout.java:74)
--- org.apache.commons.collections4.trie.AbstractPatriciaTrie_ESTest::test03820
java.lang.NullPointerException
	at org.apache.commons.collections4.trie.AbstractPatriciaTrie.removeEntry(AbstractPatriciaTrie.java:481)
	at org.apache.commons.collections4.trie.AbstractPatriciaTrie_ESTest.test03820(AbstractPatriciaTrie_ESTest.java:341)
	at sun.reflect.NativeMethodAccessorImpl.invoke0(Native Method)
	at sun.reflect.NativeMethodAccessorImpl.invoke(NativeMethodAccessorImpl.java:62)
	at sun.reflect.DelegatingMethodAccessorImpl.invoke(DelegatingMethodAccessorImpl.java:43)
	at java.lang.reflect.Method.invoke(Method.java:498)
	at org.junit.runners.model.FrameworkMethod$1.runReflectiveCall(FrameworkMethod.java:47)
	at org.junit.internal.runners.model.ReflectiveCallable.run(ReflectiveCallable.java:12)
	at org.junit.runners.model.FrameworkMethod.invokeExplosively(FrameworkMethod.java:44)
	at org.junit.internal.runners.statements.InvokeMethod.evaluate(InvokeMethod.java:17)
	at org.junit.internal.runners.statements.FailOnTimeout$StatementThread.run(FailOnTimeout.java:74)
--- org.apache.commons.collections4.trie.AbstractPatriciaTrie_ESTest::test02213
java.lang.StringIndexOutOfBoundsException: String index out of range: 93
	at java.lang.String.charAt(String.java:658)
	at org.apache.commons.collections4.trie.analyzer.StringKeyAnalyzer.isBitSet(StringKeyAnalyzer.java:122)
	at org.apache.commons.collections4.trie.analyzer.StringKeyAnalyzer.isBitSet(StringKeyAnalyzer.java:27)
	at org.apache.commons.collections4.trie.AbstractBitwiseTrie.isBitSet(AbstractBitwiseTrie.java:114)
	at org.apache.commons.collections4.trie.AbstractPatriciaTrie.subtree(AbstractPatriciaTrie.java:1106)
	at org.apache.commons.collections4.trie.AbstractPatriciaTrie_ESTest.test02213(AbstractPatriciaTrie_ESTest.java:254)
	at sun.reflect.NativeMethodAccessorImpl.invoke0(Native Method)
	at sun.reflect.NativeMethodAccessorImpl.invoke(NativeMethodAccessorImpl.java:62)
	at sun.reflect.DelegatingMethodAccessorImpl.invoke(DelegatingMethodAccessorImpl.java:43)
	at java.lang.reflect.Method.invoke(Method.java:498)
	at org.junit.runners.model.FrameworkMethod$1.runReflectiveCall(FrameworkMethod.java:47)
	at org.junit.internal.runners.model.ReflectiveCallable.run(ReflectiveCallable.java:12)
	at org.junit.runners.model.FrameworkMethod.invokeExplosively(FrameworkMethod.java:44)
	at org.junit.internal.runners.statements.InvokeMethod.evaluate(InvokeMethod.java:17)
	at org.junit.internal.runners.statements.FailOnTimeout$StatementThread.run(FailOnTimeout.java:74)
--- org.apache.commons.collections4.trie.AbstractPatriciaTrie_ESTest::test05728
org.evosuite.runtime.mock.java.lang.MockIllegalArgumentException: must have a from or to!
	at org.apache.commons.collections4.trie.AbstractPatriciaTrie$RangeEntryMap.<init>(AbstractPatriciaTrie.java:1875)
	at org.apache.commons.collections4.trie.AbstractPatriciaTrie$RangeEntryMap.<init>(AbstractPatriciaTrie.java:1865)
	at org.apache.commons.collections4.trie.AbstractPatriciaTrie.tailMap(AbstractPatriciaTrie.java:880)
	at org.apache.commons.collections4.trie.AbstractPatriciaTrie_ESTest.test05728(AbstractPatriciaTrie_ESTest.java:435)
	at sun.reflect.NativeMethodAccessorImpl.invoke0(Native Method)
	at sun.reflect.NativeMethodAccessorImpl.invoke(NativeMethodAccessorImpl.java:62)
	at sun.reflect.DelegatingMethodAccessorImpl.invoke(DelegatingMethodAccessorImpl.java:43)
	at java.lang.reflect.Method.invoke(Method.java:498)
	at org.junit.runners.model.FrameworkMethod$1.runReflectiveCall(FrameworkMethod.java:47)
	at org.junit.internal.runners.model.ReflectiveCallable.run(ReflectiveCallable.java:12)
	at org.junit.runners.model.FrameworkMethod.invokeExplosively(FrameworkMethod.java:44)
	at org.junit.internal.runners.statements.InvokeMethod.evaluate(InvokeMethod.java:17)
	at org.junit.internal.runners.statements.FailOnTimeout$StatementThread.run(FailOnTimeout.java:74)
--- org.apache.commons.collections4.trie.AbstractPatriciaTrie_ESTest::test07035
java.util.NoSuchElementException
	at org.apache.commons.collections4.trie.AbstractPatriciaTrie.firstKey(AbstractPatriciaTrie.java:782)
	at org.apache.commons.collections4.trie.AbstractPatriciaTrie_ESTest.test07035(AbstractPatriciaTrie_ESTest.java:531)
	at sun.reflect.NativeMethodAccessorImpl.invoke0(Native Method)
	at sun.reflect.NativeMethodAccessorImpl.invoke(NativeMethodAccessorImpl.java:62)
	at sun.reflect.DelegatingMethodAccessorImpl.invoke(DelegatingMethodAccessorImpl.java:43)
	at java.lang.reflect.Method.invoke(Method.java:498)
	at org.junit.runners.model.FrameworkMethod$1.runReflectiveCall(FrameworkMethod.java:47)
	at org.junit.internal.runners.model.ReflectiveCallable.run(ReflectiveCallable.java:12)
	at org.junit.runners.model.FrameworkMethod.invokeExplosively(FrameworkMethod.java:44)
	at org.junit.internal.runners.statements.InvokeMethod.evaluate(InvokeMethod.java:17)
	at org.junit.internal.runners.statements.FailOnTimeout$StatementThread.run(FailOnTimeout.java:74)
--- org.apache.commons.collections4.trie.AbstractPatriciaTrie_ESTest::test08444
java.lang.ClassCastException: java.lang.Object cannot be cast to java.lang.String
	at org.apache.commons.collections4.trie.analyzer.StringKeyAnalyzer.lengthInBits(StringKeyAnalyzer.java:27)
	at org.apache.commons.collections4.trie.AbstractBitwiseTrie.lengthInBits(AbstractBitwiseTrie.java:93)
	at org.apache.commons.collections4.trie.AbstractPatriciaTrie.remove(AbstractPatriciaTrie.java:425)
	at org.apache.commons.collections4.trie.PatriciaTrie.remove(PatriciaTrie.java:57)
	at org.apache.commons.collections4.trie.AbstractPatriciaTrie_ESTest.test08444(AbstractPatriciaTrie_ESTest.java:689)
	at sun.reflect.NativeMethodAccessorImpl.invoke0(Native Method)
	at sun.reflect.NativeMethodAccessorImpl.invoke(NativeMethodAccessorImpl.java:62)
	at sun.reflect.DelegatingMethodAccessorImpl.invoke(DelegatingMethodAccessorImpl.java:43)
	at java.lang.reflect.Method.invoke(Method.java:498)
	at org.junit.runners.model.FrameworkMethod$1.runReflectiveCall(FrameworkMethod.java:47)
	at org.junit.internal.runners.model.ReflectiveCallable.run(ReflectiveCallable.java:12)
	at org.junit.runners.model.FrameworkMethod.invokeExplosively(FrameworkMethod.java:44)
	at org.junit.internal.runners.statements.InvokeMethod.evaluate(InvokeMethod.java:17)
	at org.junit.internal.runners.statements.FailOnTimeout$StatementThread.run(FailOnTimeout.java:74)
--- org.apache.commons.collections4.trie.AbstractPatriciaTrie_ESTest::test09854
java.lang.ClassCastException: java.lang.Integer cannot be cast to java.lang.String
	at org.apache.commons.collections4.trie.analyzer.StringKeyAnalyzer.lengthInBits(StringKeyAnalyzer.java:27)
	at org.apache.commons.collections4.trie.AbstractBitwiseTrie.lengthInBits(AbstractBitwiseTrie.java:93)
	at org.apache.commons.collections4.trie.AbstractPatriciaTrie.remove(AbstractPatriciaTrie.java:425)
	at org.apache.commons.collections4.trie.PatriciaTrie.remove(PatriciaTrie.java:57)
	at org.apache.commons.collections4.trie.AbstractPatriciaTrie_ESTest.test09854(AbstractPatriciaTrie_ESTest.java:856)
	at sun.reflect.NativeMethodAccessorImpl.invoke0(Native Method)
	at sun.reflect.NativeMethodAccessorImpl.invoke(NativeMethodAccessorImpl.java:62)
	at sun.reflect.DelegatingMethodAccessorImpl.invoke(DelegatingMethodAccessorImpl.java:43)
	at java.lang.reflect.Method.invoke(Method.java:498)
	at org.junit.runners.model.FrameworkMethod$1.runReflectiveCall(FrameworkMethod.java:47)
	at org.junit.internal.runners.model.ReflectiveCallable.run(ReflectiveCallable.java:12)
	at org.junit.runners.model.FrameworkMethod.invokeExplosively(FrameworkMethod.java:44)
	at org.junit.internal.runners.statements.InvokeMethod.evaluate(InvokeMethod.java:17)
	at org.junit.internal.runners.statements.FailOnTimeout$StatementThread.run(FailOnTimeout.java:74)
--- org.apache.commons.collections4.trie.AbstractPatriciaTrie_ESTest::test04322
java.lang.NullPointerException
	at java.util.AbstractMap$SimpleEntry.<init>(AbstractMap.java:634)
	at org.apache.commons.collections4.trie.AbstractPatriciaTrie_ESTest.test04322(AbstractPatriciaTrie_ESTest.java:367)
	at sun.reflect.NativeMethodAccessorImpl.invoke0(Native Method)
	at sun.reflect.NativeMethodAccessorImpl.invoke(NativeMethodAccessorImpl.java:62)
	at sun.reflect.DelegatingMethodAccessorImpl.invoke(DelegatingMethodAccessorImpl.java:43)
	at java.lang.reflect.Method.invoke(Method.java:498)
	at org.junit.runners.model.FrameworkMethod$1.runReflectiveCall(FrameworkMethod.java:47)
	at org.junit.internal.runners.model.ReflectiveCallable.run(ReflectiveCallable.java:12)
	at org.junit.runners.model.FrameworkMethod.invokeExplosively(FrameworkMethod.java:44)
	at org.junit.internal.runners.statements.InvokeMethod.evaluate(InvokeMethod.java:17)
	at org.junit.internal.runners.statements.FailOnTimeout$StatementThread.run(FailOnTimeout.java:74)
--- org.apache.commons.collections4.trie.AbstractPatriciaTrie_ESTest::test07236
java.lang.NullPointerException
	at org.apache.commons.collections4.trie.AbstractPatriciaTrie.followLeft(AbstractPatriciaTrie.java:758)
	at org.apache.commons.collections4.trie.AbstractPatriciaTrie_ESTest.test07236(AbstractPatriciaTrie_ESTest.java:541)
	at sun.reflect.NativeMethodAccessorImpl.invoke0(Native Method)
	at sun.reflect.NativeMethodAccessorImpl.invoke(NativeMethodAccessorImpl.java:62)
	at sun.reflect.DelegatingMethodAccessorImpl.invoke(DelegatingMethodAccessorImpl.java:43)
	at java.lang.reflect.Method.invoke(Method.java:498)
	at org.junit.runners.model.FrameworkMethod$1.runReflectiveCall(FrameworkMethod.java:47)
	at org.junit.internal.runners.model.ReflectiveCallable.run(ReflectiveCallable.java:12)
	at org.junit.runners.model.FrameworkMethod.invokeExplosively(FrameworkMethod.java:44)
	at org.junit.internal.runners.statements.InvokeMethod.evaluate(InvokeMethod.java:17)
	at org.junit.internal.runners.statements.FailOnTimeout$StatementThread.run(FailOnTimeout.java:74)
--- org.apache.commons.collections4.trie.AbstractPatriciaTrie_ESTest::test0011
java.lang.NullPointerException
	at org.apache.commons.collections4.trie.AbstractPatriciaTrie.nextEntryImpl(AbstractPatriciaTrie.java:658)
	at org.apache.commons.collections4.trie.AbstractPatriciaTrie_ESTest.test0011(AbstractPatriciaTrie_ESTest.java:74)
	at sun.reflect.NativeMethodAccessorImpl.invoke0(Native Method)
	at sun.reflect.NativeMethodAccessorImpl.invoke(NativeMethodAccessorImpl.java:62)
	at sun.reflect.DelegatingMethodAccessorImpl.invoke(DelegatingMethodAccessorImpl.java:43)
	at java.lang.reflect.Method.invoke(Method.java:498)
	at org.junit.runners.model.FrameworkMethod$1.runReflectiveCall(FrameworkMethod.java:47)
	at org.junit.internal.runners.model.ReflectiveCallable.run(ReflectiveCallable.java:12)
	at org.junit.runners.model.FrameworkMethod.invokeExplosively(FrameworkMethod.java:44)
	at org.junit.internal.runners.statements.InvokeMethod.evaluate(InvokeMethod.java:17)
	at org.junit.internal.runners.statements.FailOnTimeout$StatementThread.run(FailOnTimeout.java:74)
--- org.apache.commons.collections4.trie.AbstractPatriciaTrie_ESTest::test0055
org.evosuite.runtime.mock.java.lang.MockNullPointerException
	at org.apache.commons.collections4.trie.AbstractPatriciaTrie.previousKey(AbstractPatriciaTrie.java:812)
	at org.apache.commons.collections4.trie.AbstractPatriciaTrie_ESTest.test0055(AbstractPatriciaTrie_ESTest.java:156)
	at sun.reflect.NativeMethodAccessorImpl.invoke0(Native Method)
	at sun.reflect.NativeMethodAccessorImpl.invoke(NativeMethodAccessorImpl.java:62)
	at sun.reflect.DelegatingMethodAccessorImpl.invoke(DelegatingMethodAccessorImpl.java:43)
	at java.lang.reflect.Method.invoke(Method.java:498)
	at org.junit.runners.model.FrameworkMethod$1.runReflectiveCall(FrameworkMethod.java:47)
	at org.junit.internal.runners.model.ReflectiveCallable.run(ReflectiveCallable.java:12)
	at org.junit.runners.model.FrameworkMethod.invokeExplosively(FrameworkMethod.java:44)
	at org.junit.internal.runners.statements.InvokeMethod.evaluate(InvokeMethod.java:17)
	at org.junit.internal.runners.statements.FailOnTimeout$StatementThread.run(FailOnTimeout.java:74)
--- org.apache.commons.collections4.trie.AbstractPatriciaTrie_ESTest::test08040
java.lang.NullPointerException
	at java.util.AbstractMap$SimpleImmutableEntry.<init>(AbstractMap.java:764)
	at org.apache.commons.collections4.trie.AbstractPatriciaTrie_ESTest.test08040(AbstractPatriciaTrie_ESTest.java:613)
	at sun.reflect.NativeMethodAccessorImpl.invoke0(Native Method)
	at sun.reflect.NativeMethodAccessorImpl.invoke(NativeMethodAccessorImpl.java:62)
	at sun.reflect.DelegatingMethodAccessorImpl.invoke(DelegatingMethodAccessorImpl.java:43)
	at java.lang.reflect.Method.invoke(Method.java:498)
	at org.junit.runners.model.FrameworkMethod$1.runReflectiveCall(FrameworkMethod.java:47)
	at org.junit.internal.runners.model.ReflectiveCallable.run(ReflectiveCallable.java:12)
	at org.junit.runners.model.FrameworkMethod.invokeExplosively(FrameworkMethod.java:44)
	at org.junit.internal.runners.statements.InvokeMethod.evaluate(InvokeMethod.java:17)
	at org.junit.internal.runners.statements.FailOnTimeout$StatementThread.run(FailOnTimeout.java:74)
--- org.apache.commons.collections4.trie.AbstractPatriciaTrie_ESTest::test09250
org.evosuite.runtime.mock.java.lang.MockIllegalArgumentException: The offsets and lengths must be at Character boundaries
	at org.apache.commons.collections4.trie.analyzer.StringKeyAnalyzer.bitIndex(StringKeyAnalyzer.java:63)
	at org.apache.commons.collections4.trie.analyzer.StringKeyAnalyzer.bitIndex(StringKeyAnalyzer.java:27)
	at org.apache.commons.collections4.trie.AbstractPatriciaTrie.subtree(AbstractPatriciaTrie.java:1139)
	at org.apache.commons.collections4.trie.AbstractPatriciaTrie_ESTest.test09250(AbstractPatriciaTrie_ESTest.java:796)
	at sun.reflect.NativeMethodAccessorImpl.invoke0(Native Method)
	at sun.reflect.NativeMethodAccessorImpl.invoke(NativeMethodAccessorImpl.java:62)
	at sun.reflect.DelegatingMethodAccessorImpl.invoke(DelegatingMethodAccessorImpl.java:43)
	at java.lang.reflect.Method.invoke(Method.java:498)
	at org.junit.runners.model.FrameworkMethod$1.runReflectiveCall(FrameworkMethod.java:47)
	at org.junit.internal.runners.model.ReflectiveCallable.run(ReflectiveCallable.java:12)
	at org.junit.runners.model.FrameworkMethod.invokeExplosively(FrameworkMethod.java:44)
	at org.junit.internal.runners.statements.InvokeMethod.evaluate(InvokeMethod.java:17)
	at org.junit.internal.runners.statements.FailOnTimeout$StatementThread.run(FailOnTimeout.java:74)
--- org.apache.commons.collections4.trie.AbstractPatriciaTrie_ESTest::test08242
java.lang.NullPointerException
	at java.util.AbstractMap.putAll(AbstractMap.java:280)
	at org.apache.commons.collections4.trie.AbstractPatriciaTrie.<init>(AbstractPatriciaTrie.java:81)
	at org.apache.commons.collections4.trie.PatriciaTrie.<init>(PatriciaTrie.java:66)
	at org.apache.commons.collections4.trie.AbstractPatriciaTrie_ESTest.test08242(AbstractPatriciaTrie_ESTest.java:659)
	at sun.reflect.NativeMethodAccessorImpl.invoke0(Native Method)
	at sun.reflect.NativeMethodAccessorImpl.invoke(NativeMethodAccessorImpl.java:62)
	at sun.reflect.DelegatingMethodAccessorImpl.invoke(DelegatingMethodAccessorImpl.java:43)
	at java.lang.reflect.Method.invoke(Method.java:498)
	at org.junit.runners.model.FrameworkMethod$1.runReflectiveCall(FrameworkMethod.java:47)
	at org.junit.internal.runners.model.ReflectiveCallable.run(ReflectiveCallable.java:12)
	at org.junit.runners.model.FrameworkMethod.invokeExplosively(FrameworkMethod.java:44)
	at org.junit.internal.runners.statements.InvokeMethod.evaluate(InvokeMethod.java:17)
	at org.junit.internal.runners.statements.FailOnTimeout$StatementThread.run(FailOnTimeout.java:74)
--- org.apache.commons.collections4.trie.AbstractPatriciaTrie_ESTest::test09452
java.lang.NullPointerException
	at org.apache.commons.collections4.trie.AbstractPatriciaTrie.removeInternalEntry(AbstractPatriciaTrie.java:557)
	at org.apache.commons.collections4.trie.AbstractPatriciaTrie.removeEntry(AbstractPatriciaTrie.java:482)
	at org.apache.commons.collections4.trie.AbstractPatriciaTrie_ESTest.test09452(AbstractPatriciaTrie_ESTest.java:829)
	at sun.reflect.NativeMethodAccessorImpl.invoke0(Native Method)
	at sun.reflect.NativeMethodAccessorImpl.invoke(NativeMethodAccessorImpl.java:62)
	at sun.reflect.DelegatingMethodAccessorImpl.invoke(DelegatingMethodAccessorImpl.java:43)
	at java.lang.reflect.Method.invoke(Method.java:498)
	at org.junit.runners.model.FrameworkMethod$1.runReflectiveCall(FrameworkMethod.java:47)
	at org.junit.internal.runners.model.ReflectiveCallable.run(ReflectiveCallable.java:12)
	at org.junit.runners.model.FrameworkMethod.invokeExplosively(FrameworkMethod.java:44)
	at org.junit.internal.runners.statements.InvokeMethod.evaluate(InvokeMethod.java:17)
	at org.junit.internal.runners.statements.FailOnTimeout$StatementThread.run(FailOnTimeout.java:74)
--- org.apache.commons.collections4.trie.AbstractPatriciaTrie_ESTest::test0178
java.lang.ClassCastException: java.lang.Object cannot be cast to java.lang.String
	at org.apache.commons.collections4.trie.analyzer.StringKeyAnalyzer.lengthInBits(StringKeyAnalyzer.java:27)
	at org.apache.commons.collections4.trie.AbstractBitwiseTrie.lengthInBits(AbstractBitwiseTrie.java:93)
	at org.apache.commons.collections4.trie.AbstractPatriciaTrie.containsKey(AbstractPatriciaTrie.java:384)
	at org.apache.commons.collections4.trie.PatriciaTrie.containsKey(PatriciaTrie.java:57)
	at org.apache.commons.collections4.trie.AbstractPatriciaTrie_ESTest.test0178(AbstractPatriciaTrie_ESTest.java:177)
	at sun.reflect.NativeMethodAccessorImpl.invoke0(Native Method)
	at sun.reflect.NativeMethodAccessorImpl.invoke(NativeMethodAccessorImpl.java:62)
	at sun.reflect.DelegatingMethodAccessorImpl.invoke(DelegatingMethodAccessorImpl.java:43)
	at java.lang.reflect.Method.invoke(Method.java:498)
	at org.junit.runners.model.FrameworkMethod$1.runReflectiveCall(FrameworkMethod.java:47)
	at org.junit.internal.runners.model.ReflectiveCallable.run(ReflectiveCallable.java:12)
	at org.junit.runners.model.FrameworkMethod.invokeExplosively(FrameworkMethod.java:44)
	at org.junit.internal.runners.statements.InvokeMethod.evaluate(InvokeMethod.java:17)
	at org.junit.internal.runners.statements.FailOnTimeout$StatementThread.run(FailOnTimeout.java:74)
--- org.apache.commons.collections4.trie.AbstractPatriciaTrie_ESTest::test03719
java.lang.NullPointerException
	at java.util.AbstractMap.putAll(AbstractMap.java:280)
	at org.apache.commons.collections4.trie.AbstractPatriciaTrie.<init>(AbstractPatriciaTrie.java:81)
	at org.apache.commons.collections4.trie.PatriciaTrie.<init>(PatriciaTrie.java:66)
	at org.apache.commons.collections4.trie.AbstractPatriciaTrie_ESTest.test03719(AbstractPatriciaTrie_ESTest.java:333)
	at sun.reflect.NativeMethodAccessorImpl.invoke0(Native Method)
	at sun.reflect.NativeMethodAccessorImpl.invoke(NativeMethodAccessorImpl.java:62)
	at sun.reflect.DelegatingMethodAccessorImpl.invoke(DelegatingMethodAccessorImpl.java:43)
	at java.lang.reflect.Method.invoke(Method.java:498)
	at org.junit.runners.model.FrameworkMethod$1.runReflectiveCall(FrameworkMethod.java:47)
	at org.junit.internal.runners.model.ReflectiveCallable.run(ReflectiveCallable.java:12)
	at org.junit.runners.model.FrameworkMethod.invokeExplosively(FrameworkMethod.java:44)
	at org.junit.internal.runners.statements.InvokeMethod.evaluate(InvokeMethod.java:17)
	at org.junit.internal.runners.statements.FailOnTimeout$StatementThread.run(FailOnTimeout.java:74)
--- org.apache.commons.collections4.trie.AbstractPatriciaTrie_ESTest::test04723
java.lang.ClassCastException: java.lang.Integer cannot be cast to java.lang.String
	at org.apache.commons.collections4.trie.analyzer.StringKeyAnalyzer.lengthInBits(StringKeyAnalyzer.java:27)
	at org.apache.commons.collections4.trie.AbstractBitwiseTrie.lengthInBits(AbstractBitwiseTrie.java:93)
	at org.apache.commons.collections4.trie.AbstractPatriciaTrie.getEntry(AbstractPatriciaTrie.java:258)
	at org.apache.commons.collections4.trie.AbstractPatriciaTrie.get(AbstractPatriciaTrie.java:241)
	at org.apache.commons.collections4.trie.PatriciaTrie.get(PatriciaTrie.java:57)
	at org.apache.commons.collections4.trie.AbstractPatriciaTrie_ESTest.test04723(AbstractPatriciaTrie_ESTest.java:375)
	at sun.reflect.NativeMethodAccessorImpl.invoke0(Native Method)
	at sun.reflect.NativeMethodAccessorImpl.invoke(NativeMethodAccessorImpl.java:62)
	at sun.reflect.DelegatingMethodAccessorImpl.invoke(DelegatingMethodAccessorImpl.java:43)
	at java.lang.reflect.Method.invoke(Method.java:498)
	at org.junit.runners.model.FrameworkMethod$1.runReflectiveCall(FrameworkMethod.java:47)
	at org.junit.internal.runners.model.ReflectiveCallable.run(ReflectiveCallable.java:12)
	at org.junit.runners.model.FrameworkMethod.invokeExplosively(FrameworkMethod.java:44)
	at org.junit.internal.runners.statements.InvokeMethod.evaluate(InvokeMethod.java:17)
	at org.junit.internal.runners.statements.FailOnTimeout$StatementThread.run(FailOnTimeout.java:74)
--- org.apache.commons.collections4.trie.AbstractPatriciaTrie_ESTest::test08847
java.lang.NullPointerException
	at org.apache.commons.collections4.trie.AbstractPatriciaTrie.nextEntryImpl(AbstractPatriciaTrie.java:658)
	at org.apache.commons.collections4.trie.AbstractPatriciaTrie_ESTest.test08847(AbstractPatriciaTrie_ESTest.java:741)
	at sun.reflect.NativeMethodAccessorImpl.invoke0(Native Method)
	at sun.reflect.NativeMethodAccessorImpl.invoke(NativeMethodAccessorImpl.java:62)
	at sun.reflect.DelegatingMethodAccessorImpl.invoke(DelegatingMethodAccessorImpl.java:43)
	at java.lang.reflect.Method.invoke(Method.java:498)
	at org.junit.runners.model.FrameworkMethod$1.runReflectiveCall(FrameworkMethod.java:47)
	at org.junit.internal.runners.model.ReflectiveCallable.run(ReflectiveCallable.java:12)
	at org.junit.runners.model.FrameworkMethod.invokeExplosively(FrameworkMethod.java:44)
	at org.junit.internal.runners.statements.InvokeMethod.evaluate(InvokeMethod.java:17)
	at org.junit.internal.runners.statements.FailOnTimeout$StatementThread.run(FailOnTimeout.java:74)
--- org.apache.commons.collections4.trie.AbstractPatriciaTrie_ESTest::test07638
org.evosuite.runtime.mock.java.lang.MockIllegalArgumentException: must have a from or to!
	at org.apache.commons.collections4.trie.AbstractPatriciaTrie$RangeEntryMap.<init>(AbstractPatriciaTrie.java:1875)
	at org.apache.commons.collections4.trie.AbstractPatriciaTrie$RangeEntryMap.<init>(AbstractPatriciaTrie.java:1865)
	at org.apache.commons.collections4.trie.AbstractPatriciaTrie.headMap(AbstractPatriciaTrie.java:870)
	at org.apache.commons.collections4.trie.AbstractPatriciaTrie_ESTest.test07638(AbstractPatriciaTrie_ESTest.java:566)
	at sun.reflect.NativeMethodAccessorImpl.invoke0(Native Method)
	at sun.reflect.NativeMethodAccessorImpl.invoke(NativeMethodAccessorImpl.java:62)
	at sun.reflect.DelegatingMethodAccessorImpl.invoke(DelegatingMethodAccessorImpl.java:43)
	at java.lang.reflect.Method.invoke(Method.java:498)
	at org.junit.runners.model.FrameworkMethod$1.runReflectiveCall(FrameworkMethod.java:47)
	at org.junit.internal.runners.model.ReflectiveCallable.run(ReflectiveCallable.java:12)
	at org.junit.runners.model.FrameworkMethod.invokeExplosively(FrameworkMethod.java:44)
	at org.junit.internal.runners.statements.InvokeMethod.evaluate(InvokeMethod.java:17)
	at org.junit.internal.runners.statements.FailOnTimeout$StatementThread.run(FailOnTimeout.java:74)
--- org.apache.commons.collections4.trie.AbstractPatriciaTrie_ESTest::test02112
org.evosuite.runtime.mock.java.lang.MockIllegalArgumentException: fromKey > toKey
	at org.apache.commons.collections4.trie.AbstractPatriciaTrie$RangeEntryMap.<init>(AbstractPatriciaTrie.java:1879)
	at org.apache.commons.collections4.trie.AbstractPatriciaTrie$RangeEntryMap.<init>(AbstractPatriciaTrie.java:1865)
	at org.apache.commons.collections4.trie.AbstractPatriciaTrie.subMap(AbstractPatriciaTrie.java:875)
	at org.apache.commons.collections4.trie.AbstractPatriciaTrie_ESTest.test02112(AbstractPatriciaTrie_ESTest.java:239)
	at sun.reflect.NativeMethodAccessorImpl.invoke0(Native Method)
	at sun.reflect.NativeMethodAccessorImpl.invoke(NativeMethodAccessorImpl.java:62)
	at sun.reflect.DelegatingMethodAccessorImpl.invoke(DelegatingMethodAccessorImpl.java:43)
	at java.lang.reflect.Method.invoke(Method.java:498)
	at org.junit.runners.model.FrameworkMethod$1.runReflectiveCall(FrameworkMethod.java:47)
	at org.junit.internal.runners.model.ReflectiveCallable.run(ReflectiveCallable.java:12)
	at org.junit.runners.model.FrameworkMethod.invokeExplosively(FrameworkMethod.java:44)
	at org.junit.internal.runners.statements.InvokeMethod.evaluate(InvokeMethod.java:17)
	at org.junit.internal.runners.statements.FailOnTimeout$StatementThread.run(FailOnTimeout.java:74)
--- org.apache.commons.collections4.trie.AbstractPatriciaTrie_ESTest::test06231
java.lang.NullPointerException
	at org.apache.commons.collections4.trie.AbstractPatriciaTrie.followLeft(AbstractPatriciaTrie.java:758)
	at org.apache.commons.collections4.trie.AbstractPatriciaTrie_ESTest.test06231(AbstractPatriciaTrie_ESTest.java:482)
	at sun.reflect.NativeMethodAccessorImpl.invoke0(Native Method)
	at sun.reflect.NativeMethodAccessorImpl.invoke(NativeMethodAccessorImpl.java:62)
	at sun.reflect.DelegatingMethodAccessorImpl.invoke(DelegatingMethodAccessorImpl.java:43)
	at java.lang.reflect.Method.invoke(Method.java:498)
	at org.junit.runners.model.FrameworkMethod$1.runReflectiveCall(FrameworkMethod.java:47)
	at org.junit.internal.runners.model.ReflectiveCallable.run(ReflectiveCallable.java:12)
	at org.junit.runners.model.FrameworkMethod.invokeExplosively(FrameworkMethod.java:44)
	at org.junit.internal.runners.statements.InvokeMethod.evaluate(InvokeMethod.java:17)
	at org.junit.internal.runners.statements.FailOnTimeout$StatementThread.run(FailOnTimeout.java:74)
--- org.apache.commons.collections4.trie.AbstractPatriciaTrie_ESTest::test09149
org.evosuite.runtime.mock.java.lang.MockNullPointerException
	at org.apache.commons.collections4.trie.AbstractPatriciaTrie.previousKey(AbstractPatriciaTrie.java:812)
	at org.apache.commons.collections4.trie.AbstractPatriciaTrie_ESTest.test09149(AbstractPatriciaTrie_ESTest.java:788)
	at sun.reflect.NativeMethodAccessorImpl.invoke0(Native Method)
	at sun.reflect.NativeMethodAccessorImpl.invoke(NativeMethodAccessorImpl.java:62)
	at sun.reflect.DelegatingMethodAccessorImpl.invoke(DelegatingMethodAccessorImpl.java:43)
	at java.lang.reflect.Method.invoke(Method.java:498)
	at org.junit.runners.model.FrameworkMethod$1.runReflectiveCall(FrameworkMethod.java:47)
	at org.junit.internal.runners.model.ReflectiveCallable.run(ReflectiveCallable.java:12)
	at org.junit.runners.model.FrameworkMethod.invokeExplosively(FrameworkMethod.java:44)
	at org.junit.internal.runners.statements.InvokeMethod.evaluate(InvokeMethod.java:17)
	at org.junit.internal.runners.statements.FailOnTimeout$StatementThread.run(FailOnTimeout.java:74)
--- org.apache.commons.collections4.trie.AbstractPatriciaTrie_ESTest::test05025
java.lang.NullPointerException
	at org.apache.commons.collections4.trie.AbstractPatriciaTrie.followRight(AbstractPatriciaTrie.java:1164)
	at org.apache.commons.collections4.trie.AbstractPatriciaTrie_ESTest.test05025(AbstractPatriciaTrie_ESTest.java:411)
	at sun.reflect.NativeMethodAccessorImpl.invoke0(Native Method)
	at sun.reflect.NativeMethodAccessorImpl.invoke(NativeMethodAccessorImpl.java:62)
	at sun.reflect.DelegatingMethodAccessorImpl.invoke(DelegatingMethodAccessorImpl.java:43)
	at java.lang.reflect.Method.invoke(Method.java:498)
	at org.junit.runners.model.FrameworkMethod$1.runReflectiveCall(FrameworkMethod.java:47)
	at org.junit.internal.runners.model.ReflectiveCallable.run(ReflectiveCallable.java:12)
	at org.junit.runners.model.FrameworkMethod.invokeExplosively(FrameworkMethod.java:44)
	at org.junit.internal.runners.statements.InvokeMethod.evaluate(InvokeMethod.java:17)
	at org.junit.internal.runners.statements.FailOnTimeout$StatementThread.run(FailOnTimeout.java:74)
--- org.apache.commons.collections4.trie.AbstractPatriciaTrie_ESTest::test0000
java.util.NoSuchElementException
	at org.apache.commons.collections4.trie.AbstractPatriciaTrie.lastKey(AbstractPatriciaTrie.java:793)
	at org.apache.commons.collections4.trie.AbstractPatriciaTrie_ESTest.test0000(AbstractPatriciaTrie_ESTest.java:55)
	at sun.reflect.NativeMethodAccessorImpl.invoke0(Native Method)
	at sun.reflect.NativeMethodAccessorImpl.invoke(NativeMethodAccessorImpl.java:62)
	at sun.reflect.DelegatingMethodAccessorImpl.invoke(DelegatingMethodAccessorImpl.java:43)
	at java.lang.reflect.Method.invoke(Method.java:498)
	at org.junit.runners.model.FrameworkMethod$1.runReflectiveCall(FrameworkMethod.java:47)
	at org.junit.internal.runners.model.ReflectiveCallable.run(ReflectiveCallable.java:12)
	at org.junit.runners.model.FrameworkMethod.invokeExplosively(FrameworkMethod.java:44)
	at org.junit.internal.runners.statements.InvokeMethod.evaluate(InvokeMethod.java:17)
	at org.junit.internal.runners.statements.FailOnTimeout$StatementThread.run(FailOnTimeout.java:74)
--- org.apache.commons.collections4.trie.AbstractPatriciaTrie_ESTest::test0044
java.lang.ClassCastException: java.lang.Integer cannot be cast to java.lang.String
	at org.apache.commons.collections4.trie.analyzer.StringKeyAnalyzer.lengthInBits(StringKeyAnalyzer.java:27)
	at org.apache.commons.collections4.trie.AbstractBitwiseTrie.lengthInBits(AbstractBitwiseTrie.java:93)
	at org.apache.commons.collections4.trie.AbstractPatriciaTrie.getEntry(AbstractPatriciaTrie.java:258)
	at org.apache.commons.collections4.trie.AbstractPatriciaTrie_ESTest.test0044(AbstractPatriciaTrie_ESTest.java:133)
	at sun.reflect.NativeMethodAccessorImpl.invoke0(Native Method)
	at sun.reflect.NativeMethodAccessorImpl.invoke(NativeMethodAccessorImpl.java:62)
	at sun.reflect.DelegatingMethodAccessorImpl.invoke(DelegatingMethodAccessorImpl.java:43)
	at java.lang.reflect.Method.invoke(Method.java:498)
	at org.junit.runners.model.FrameworkMethod$1.runReflectiveCall(FrameworkMethod.java:47)
	at org.junit.internal.runners.model.ReflectiveCallable.run(ReflectiveCallable.java:12)
	at org.junit.runners.model.FrameworkMethod.invokeExplosively(FrameworkMethod.java:44)
	at org.junit.internal.runners.statements.InvokeMethod.evaluate(InvokeMethod.java:17)
	at org.junit.internal.runners.statements.FailOnTimeout$StatementThread.run(FailOnTimeout.java:74)
--- org.apache.commons.collections4.trie.AbstractPatriciaTrie_ESTest::test0126
org.evosuite.runtime.mock.java.lang.MockNullPointerException: Key cannot be null
	at org.apache.commons.collections4.trie.AbstractPatriciaTrie.put(AbstractPatriciaTrie.java:131)
	at org.apache.commons.collections4.trie.AbstractPatriciaTrie_ESTest.test0126(AbstractPatriciaTrie_ESTest.java:164)
	at sun.reflect.NativeMethodAccessorImpl.invoke0(Native Method)
	at sun.reflect.NativeMethodAccessorImpl.invoke(NativeMethodAccessorImpl.java:62)
	at sun.reflect.DelegatingMethodAccessorImpl.invoke(DelegatingMethodAccessorImpl.java:43)
	at java.lang.reflect.Method.invoke(Method.java:498)
	at org.junit.runners.model.FrameworkMethod$1.runReflectiveCall(FrameworkMethod.java:47)
	at org.junit.internal.runners.model.ReflectiveCallable.run(ReflectiveCallable.java:12)
	at org.junit.runners.model.FrameworkMethod.invokeExplosively(FrameworkMethod.java:44)
	at org.junit.internal.runners.statements.InvokeMethod.evaluate(InvokeMethod.java:17)
	at org.junit.internal.runners.statements.FailOnTimeout$StatementThread.run(FailOnTimeout.java:74)
--- org.apache.commons.collections4.trie.AbstractPatriciaTrie_ESTest::test06030
java.util.NoSuchElementException
	at org.apache.commons.collections4.trie.AbstractPatriciaTrie.firstKey(AbstractPatriciaTrie.java:782)
	at org.apache.commons.collections4.trie.AbstractPatriciaTrie_ESTest.test06030(AbstractPatriciaTrie_ESTest.java:462)
	at sun.reflect.NativeMethodAccessorImpl.invoke0(Native Method)
	at sun.reflect.NativeMethodAccessorImpl.invoke(NativeMethodAccessorImpl.java:62)
	at sun.reflect.DelegatingMethodAccessorImpl.invoke(DelegatingMethodAccessorImpl.java:43)
	at java.lang.reflect.Method.invoke(Method.java:498)
	at org.junit.runners.model.FrameworkMethod$1.runReflectiveCall(FrameworkMethod.java:47)
	at org.junit.internal.runners.model.ReflectiveCallable.run(ReflectiveCallable.java:12)
	at org.junit.runners.model.FrameworkMethod.invokeExplosively(FrameworkMethod.java:44)
	at org.junit.internal.runners.statements.InvokeMethod.evaluate(InvokeMethod.java:17)
	at org.junit.internal.runners.statements.FailOnTimeout$StatementThread.run(FailOnTimeout.java:74)
--- org.apache.commons.collections4.trie.AbstractPatriciaTrie_ESTest::test0167
org.evosuite.runtime.mock.java.lang.MockIllegalArgumentException: fromKey > toKey
	at org.apache.commons.collections4.trie.AbstractPatriciaTrie$RangeEntryMap.<init>(AbstractPatriciaTrie.java:1879)
	at org.apache.commons.collections4.trie.AbstractPatriciaTrie$RangeEntryMap.<init>(AbstractPatriciaTrie.java:1865)
	at org.apache.commons.collections4.trie.AbstractPatriciaTrie.subMap(AbstractPatriciaTrie.java:875)
	at org.apache.commons.collections4.trie.AbstractPatriciaTrie_ESTest.test0167(AbstractPatriciaTrie_ESTest.java:170)
	at sun.reflect.NativeMethodAccessorImpl.invoke0(Native Method)
	at sun.reflect.NativeMethodAccessorImpl.invoke(NativeMethodAccessorImpl.java:62)
	at sun.reflect.DelegatingMethodAccessorImpl.invoke(DelegatingMethodAccessorImpl.java:43)
	at java.lang.reflect.Method.invoke(Method.java:498)
	at org.junit.runners.model.FrameworkMethod$1.runReflectiveCall(FrameworkMethod.java:47)
	at org.junit.internal.runners.model.ReflectiveCallable.run(ReflectiveCallable.java:12)
	at org.junit.runners.model.FrameworkMethod.invokeExplosively(FrameworkMethod.java:44)
	at org.junit.internal.runners.statements.InvokeMethod.evaluate(InvokeMethod.java:17)
	at org.junit.internal.runners.statements.FailOnTimeout$StatementThread.run(FailOnTimeout.java:74)
