--- com.google.javascript.rhino.Node_ESTest::test122213
java.lang.NullPointerException
	at com.google.javascript.rhino.Node.replaceChildAfter(Node.java:754)
	at com.google.javascript.rhino.Node_ESTest.test122213(Node_ESTest.java:1645)
	at sun.reflect.NativeMethodAccessorImpl.invoke0(Native Method)
	at sun.reflect.NativeMethodAccessorImpl.invoke(NativeMethodAccessorImpl.java:62)
	at sun.reflect.DelegatingMethodAccessorImpl.invoke(DelegatingMethodAccessorImpl.java:43)
	at java.lang.reflect.Method.invoke(Method.java:498)
	at org.junit.runners.model.FrameworkMethod$1.runReflectiveCall(FrameworkMethod.java:47)
	at org.junit.internal.runners.model.ReflectiveCallable.run(ReflectiveCallable.java:12)
	at org.junit.runners.model.FrameworkMethod.invokeExplosively(FrameworkMethod.java:44)
	at org.junit.internal.runners.statements.InvokeMethod.evaluate(InvokeMethod.java:17)
	at org.junit.internal.runners.statements.FailOnTimeout$StatementThread.run(FailOnTimeout.java:74)
--- com.google.javascript.rhino.Node_ESTest::test086150
org.evosuite.runtime.mock.java.lang.MockIllegalArgumentException
	at com.google.common.base.Preconditions.checkArgument(Preconditions.java:77)
	at com.google.javascript.rhino.Node.<init>(Node.java:488)
	at com.google.javascript.rhino.Node.<init>(Node.java:471)
	at com.google.javascript.rhino.Node_ESTest.test086150(Node_ESTest.java:1144)
	at sun.reflect.NativeMethodAccessorImpl.invoke0(Native Method)
	at sun.reflect.NativeMethodAccessorImpl.invoke(NativeMethodAccessorImpl.java:62)
	at sun.reflect.DelegatingMethodAccessorImpl.invoke(DelegatingMethodAccessorImpl.java:43)
	at java.lang.reflect.Method.invoke(Method.java:498)
	at org.junit.runners.model.FrameworkMethod$1.runReflectiveCall(FrameworkMethod.java:47)
	at org.junit.internal.runners.model.ReflectiveCallable.run(ReflectiveCallable.java:12)
	at org.junit.runners.model.FrameworkMethod.invokeExplosively(FrameworkMethod.java:44)
	at org.junit.internal.runners.statements.InvokeMethod.evaluate(InvokeMethod.java:17)
	at org.junit.internal.runners.statements.FailOnTimeout$StatementThread.run(FailOnTimeout.java:74)
--- com.google.javascript.rhino.Node_ESTest::test065113
java.lang.UnsupportedOperationException: FUNCTION <invalid> 105 [source_file: com.google.javascript.rhino.Node$ObjectPropListItem@0000000003] is not a string node
	at com.google.javascript.rhino.Node.getString(Node.java:919)
	at com.google.javascript.rhino.Node_ESTest.test065113(Node_ESTest.java:863)
	at sun.reflect.NativeMethodAccessorImpl.invoke0(Native Method)
	at sun.reflect.NativeMethodAccessorImpl.invoke(NativeMethodAccessorImpl.java:62)
	at sun.reflect.DelegatingMethodAccessorImpl.invoke(DelegatingMethodAccessorImpl.java:43)
	at java.lang.reflect.Method.invoke(Method.java:498)
	at org.junit.runners.model.FrameworkMethod$1.runReflectiveCall(FrameworkMethod.java:47)
	at org.junit.internal.runners.model.ReflectiveCallable.run(ReflectiveCallable.java:12)
	at org.junit.runners.model.FrameworkMethod.invokeExplosively(FrameworkMethod.java:44)
	at org.junit.internal.runners.statements.InvokeMethod.evaluate(InvokeMethod.java:17)
	at org.junit.internal.runners.statements.FailOnTimeout$StatementThread.run(FailOnTimeout.java:74)
--- com.google.javascript.rhino.Node_ESTest::test075132
org.evosuite.runtime.mock.java.lang.MockIllegalArgumentException: StringNode: str is null
	at com.google.javascript.rhino.Node$StringNode.setString(Node.java:224)
	at com.google.javascript.rhino.Node_ESTest.test075132(Node_ESTest.java:1006)
	at sun.reflect.NativeMethodAccessorImpl.invoke0(Native Method)
	at sun.reflect.NativeMethodAccessorImpl.invoke(NativeMethodAccessorImpl.java:62)
	at sun.reflect.DelegatingMethodAccessorImpl.invoke(DelegatingMethodAccessorImpl.java:43)
	at java.lang.reflect.Method.invoke(Method.java:498)
	at org.junit.runners.model.FrameworkMethod$1.runReflectiveCall(FrameworkMethod.java:47)
	at org.junit.internal.runners.model.ReflectiveCallable.run(ReflectiveCallable.java:12)
	at org.junit.runners.model.FrameworkMethod.invokeExplosively(FrameworkMethod.java:44)
	at org.junit.internal.runners.statements.InvokeMethod.evaluate(InvokeMethod.java:17)
	at org.junit.internal.runners.statements.FailOnTimeout$StatementThread.run(FailOnTimeout.java:74)
--- com.google.javascript.rhino.Node_ESTest::test133225
org.evosuite.runtime.mock.java.lang.MockIllegalStateException: String node not created with Node.newString
	at com.google.javascript.rhino.Node.setString(Node.java:929)
	at com.google.javascript.rhino.Node_ESTest.test133225(Node_ESTest.java:1727)
	at sun.reflect.NativeMethodAccessorImpl.invoke0(Native Method)
	at sun.reflect.NativeMethodAccessorImpl.invoke(NativeMethodAccessorImpl.java:62)
	at sun.reflect.DelegatingMethodAccessorImpl.invoke(DelegatingMethodAccessorImpl.java:43)
	at java.lang.reflect.Method.invoke(Method.java:498)
	at org.junit.runners.model.FrameworkMethod$1.runReflectiveCall(FrameworkMethod.java:47)
	at org.junit.internal.runners.model.ReflectiveCallable.run(ReflectiveCallable.java:12)
	at org.junit.runners.model.FrameworkMethod.invokeExplosively(FrameworkMethod.java:44)
	at org.junit.internal.runners.statements.InvokeMethod.evaluate(InvokeMethod.java:17)
	at org.junit.internal.runners.statements.FailOnTimeout$StatementThread.run(FailOnTimeout.java:74)
--- com.google.javascript.rhino.Node_ESTest::test191381
org.evosuite.runtime.mock.java.lang.MockIllegalArgumentException: no next sibling.
	at com.google.common.base.Preconditions.checkArgument(Preconditions.java:93)
	at com.google.javascript.rhino.Node.removeChildAfter(Node.java:1687)
	at com.google.javascript.rhino.Node_ESTest.test191381(Node_ESTest.java:2964)
	at sun.reflect.NativeMethodAccessorImpl.invoke0(Native Method)
	at sun.reflect.NativeMethodAccessorImpl.invoke(NativeMethodAccessorImpl.java:62)
	at sun.reflect.DelegatingMethodAccessorImpl.invoke(DelegatingMethodAccessorImpl.java:43)
	at java.lang.reflect.Method.invoke(Method.java:498)
	at org.junit.runners.model.FrameworkMethod$1.runReflectiveCall(FrameworkMethod.java:47)
	at org.junit.internal.runners.model.ReflectiveCallable.run(ReflectiveCallable.java:12)
	at org.junit.runners.model.FrameworkMethod.invokeExplosively(FrameworkMethod.java:44)
	at org.junit.internal.runners.statements.InvokeMethod.evaluate(InvokeMethod.java:17)
	at org.junit.internal.runners.statements.FailOnTimeout$StatementThread.run(FailOnTimeout.java:74)
--- com.google.javascript.rhino.Node_ESTest::test123214
org.evosuite.runtime.mock.java.lang.MockIllegalStateException: Node has existing properties.
	at com.google.common.base.Preconditions.checkState(Preconditions.java:150)
	at com.google.javascript.rhino.Node.clonePropsFrom(Node.java:781)
	at com.google.javascript.rhino.Node_ESTest.test123214(Node_ESTest.java:1652)
	at sun.reflect.NativeMethodAccessorImpl.invoke0(Native Method)
	at sun.reflect.NativeMethodAccessorImpl.invoke(NativeMethodAccessorImpl.java:62)
	at sun.reflect.DelegatingMethodAccessorImpl.invoke(DelegatingMethodAccessorImpl.java:43)
	at java.lang.reflect.Method.invoke(Method.java:498)
	at org.junit.runners.model.FrameworkMethod$1.runReflectiveCall(FrameworkMethod.java:47)
	at org.junit.internal.runners.model.ReflectiveCallable.run(ReflectiveCallable.java:12)
	at org.junit.runners.model.FrameworkMethod.invokeExplosively(FrameworkMethod.java:44)
	at org.junit.internal.runners.statements.InvokeMethod.evaluate(InvokeMethod.java:17)
	at org.junit.internal.runners.statements.FailOnTimeout$StatementThread.run(FailOnTimeout.java:74)
--- com.google.javascript.rhino.Node_ESTest::test0024
java.lang.UnsupportedOperationException
	at com.google.javascript.rhino.Node$ObjectPropListItem.getIntValue(Node.java:307)
	at com.google.javascript.rhino.Node.getExistingIntProp(Node.java:844)
	at com.google.javascript.rhino.Node_ESTest.test0024(Node_ESTest.java:74)
	at sun.reflect.NativeMethodAccessorImpl.invoke0(Native Method)
	at sun.reflect.NativeMethodAccessorImpl.invoke(NativeMethodAccessorImpl.java:62)
	at sun.reflect.DelegatingMethodAccessorImpl.invoke(DelegatingMethodAccessorImpl.java:43)
	at java.lang.reflect.Method.invoke(Method.java:498)
	at org.junit.runners.model.FrameworkMethod$1.runReflectiveCall(FrameworkMethod.java:47)
	at org.junit.internal.runners.model.ReflectiveCallable.run(ReflectiveCallable.java:12)
	at org.junit.runners.model.FrameworkMethod.invokeExplosively(FrameworkMethod.java:44)
	at org.junit.internal.runners.statements.InvokeMethod.evaluate(InvokeMethod.java:17)
	at org.junit.internal.runners.statements.FailOnTimeout$StatementThread.run(FailOnTimeout.java:74)
--- com.google.javascript.rhino.Node_ESTest::test109197
org.evosuite.runtime.mock.java.lang.MockIllegalArgumentException: The new child node has siblings.
	at com.google.common.base.Preconditions.checkArgument(Preconditions.java:93)
	at com.google.javascript.rhino.Node.addChildAfter(Node.java:663)
	at com.google.javascript.rhino.Node_ESTest.test109197(Node_ESTest.java:1513)
	at sun.reflect.NativeMethodAccessorImpl.invoke0(Native Method)
	at sun.reflect.NativeMethodAccessorImpl.invoke(NativeMethodAccessorImpl.java:62)
	at sun.reflect.DelegatingMethodAccessorImpl.invoke(DelegatingMethodAccessorImpl.java:43)
	at java.lang.reflect.Method.invoke(Method.java:498)
	at org.junit.runners.model.FrameworkMethod$1.runReflectiveCall(FrameworkMethod.java:47)
	at org.junit.internal.runners.model.ReflectiveCallable.run(ReflectiveCallable.java:12)
	at org.junit.runners.model.FrameworkMethod.invokeExplosively(FrameworkMethod.java:44)
	at org.junit.internal.runners.statements.InvokeMethod.evaluate(InvokeMethod.java:17)
	at org.junit.internal.runners.statements.FailOnTimeout$StatementThread.run(FailOnTimeout.java:74)
--- com.google.javascript.rhino.Node_ESTest::test01624
java.lang.UnsupportedOperationException: STRING ,n [input_id: com.google.javascript.rhino.Node$ObjectPropListItem@0000000003] is not a number node
	at com.google.javascript.rhino.Node.getDouble(Node.java:896)
	at com.google.javascript.rhino.Node_ESTest.test01624(Node_ESTest.java:218)
	at sun.reflect.NativeMethodAccessorImpl.invoke0(Native Method)
	at sun.reflect.NativeMethodAccessorImpl.invoke(NativeMethodAccessorImpl.java:62)
	at sun.reflect.DelegatingMethodAccessorImpl.invoke(DelegatingMethodAccessorImpl.java:43)
	at java.lang.reflect.Method.invoke(Method.java:498)
	at org.junit.runners.model.FrameworkMethod$1.runReflectiveCall(FrameworkMethod.java:47)
	at org.junit.internal.runners.model.ReflectiveCallable.run(ReflectiveCallable.java:12)
	at org.junit.runners.model.FrameworkMethod.invokeExplosively(FrameworkMethod.java:44)
	at org.junit.internal.runners.statements.InvokeMethod.evaluate(InvokeMethod.java:17)
	at org.junit.internal.runners.statements.FailOnTimeout$StatementThread.run(FailOnTimeout.java:74)
--- com.google.javascript.rhino.Node_ESTest::test190380
org.evosuite.runtime.mock.java.lang.MockIllegalArgumentException: prev is not a child of this node.
	at com.google.common.base.Preconditions.checkArgument(Preconditions.java:93)
	at com.google.javascript.rhino.Node.removeChildAfter(Node.java:1685)
	at com.google.javascript.rhino.Node_ESTest.test190380(Node_ESTest.java:2957)
	at sun.reflect.NativeMethodAccessorImpl.invoke0(Native Method)
	at sun.reflect.NativeMethodAccessorImpl.invoke(NativeMethodAccessorImpl.java:62)
	at sun.reflect.DelegatingMethodAccessorImpl.invoke(DelegatingMethodAccessorImpl.java:43)
	at java.lang.reflect.Method.invoke(Method.java:498)
	at org.junit.runners.model.FrameworkMethod$1.runReflectiveCall(FrameworkMethod.java:47)
	at org.junit.internal.runners.model.ReflectiveCallable.run(ReflectiveCallable.java:12)
	at org.junit.runners.model.FrameworkMethod.invokeExplosively(FrameworkMethod.java:44)
	at org.junit.internal.runners.statements.InvokeMethod.evaluate(InvokeMethod.java:17)
	at org.junit.internal.runners.statements.FailOnTimeout$StatementThread.run(FailOnTimeout.java:74)
--- com.google.javascript.rhino.Node_ESTest::test085149
org.evosuite.runtime.mock.java.lang.MockIllegalArgumentException: duplicate child
	at com.google.javascript.rhino.Node.<init>(Node.java:485)
	at com.google.javascript.rhino.Node_ESTest.test085149(Node_ESTest.java:1134)
	at sun.reflect.NativeMethodAccessorImpl.invoke0(Native Method)
	at sun.reflect.NativeMethodAccessorImpl.invoke(NativeMethodAccessorImpl.java:62)
	at sun.reflect.DelegatingMethodAccessorImpl.invoke(DelegatingMethodAccessorImpl.java:43)
	at java.lang.reflect.Method.invoke(Method.java:498)
	at org.junit.runners.model.FrameworkMethod$1.runReflectiveCall(FrameworkMethod.java:47)
	at org.junit.internal.runners.model.ReflectiveCallable.run(ReflectiveCallable.java:12)
	at org.junit.runners.model.FrameworkMethod.invokeExplosively(FrameworkMethod.java:44)
	at org.junit.internal.runners.statements.InvokeMethod.evaluate(InvokeMethod.java:17)
	at org.junit.internal.runners.statements.FailOnTimeout$StatementThread.run(FailOnTimeout.java:74)
--- com.google.javascript.rhino.Node_ESTest::test202408
org.evosuite.runtime.mock.java.lang.MockIllegalArgumentException: setIsNoSideEffectsCall only supports CALL and NEW nodes, got NUMBER
	at com.google.common.base.Preconditions.checkArgument(Preconditions.java:93)
	at com.google.javascript.rhino.Node.setSideEffectFlags(Node.java:2029)
	at com.google.javascript.rhino.Node_ESTest.test202408(Node_ESTest.java:3184)
	at sun.reflect.NativeMethodAccessorImpl.invoke0(Native Method)
	at sun.reflect.NativeMethodAccessorImpl.invoke(NativeMethodAccessorImpl.java:62)
	at sun.reflect.DelegatingMethodAccessorImpl.invoke(DelegatingMethodAccessorImpl.java:43)
	at java.lang.reflect.Method.invoke(Method.java:498)
	at org.junit.runners.model.FrameworkMethod$1.runReflectiveCall(FrameworkMethod.java:47)
	at org.junit.internal.runners.model.ReflectiveCallable.run(ReflectiveCallable.java:12)
	at org.junit.runners.model.FrameworkMethod.invokeExplosively(FrameworkMethod.java:44)
	at org.junit.internal.runners.statements.InvokeMethod.evaluate(InvokeMethod.java:17)
	at org.junit.internal.runners.statements.FailOnTimeout$StatementThread.run(FailOnTimeout.java:74)
--- com.google.javascript.rhino.Node_ESTest::test04683
org.evosuite.runtime.mock.java.lang.MockIllegalArgumentException
	at com.google.common.base.Preconditions.checkArgument(Preconditions.java:77)
	at com.google.javascript.rhino.Node.<init>(Node.java:401)
	at com.google.javascript.rhino.Node.<init>(Node.java:460)
	at com.google.javascript.rhino.Node_ESTest.test04683(Node_ESTest.java:627)
	at sun.reflect.NativeMethodAccessorImpl.invoke0(Native Method)
	at sun.reflect.NativeMethodAccessorImpl.invoke(NativeMethodAccessorImpl.java:62)
	at sun.reflect.DelegatingMethodAccessorImpl.invoke(DelegatingMethodAccessorImpl.java:43)
	at java.lang.reflect.Method.invoke(Method.java:498)
	at org.junit.runners.model.FrameworkMethod$1.runReflectiveCall(FrameworkMethod.java:47)
	at org.junit.internal.runners.model.ReflectiveCallable.run(ReflectiveCallable.java:12)
	at org.junit.runners.model.FrameworkMethod.invokeExplosively(FrameworkMethod.java:44)
	at org.junit.internal.runners.statements.InvokeMethod.evaluate(InvokeMethod.java:17)
	at org.junit.internal.runners.statements.FailOnTimeout$StatementThread.run(FailOnTimeout.java:74)
--- com.google.javascript.rhino.Node_ESTest::test176351
java.lang.NullPointerException
	at com.google.javascript.rhino.Node.isQualifiedName(Node.java:1607)
	at com.google.javascript.rhino.Node_ESTest.test176351(Node_ESTest.java:2762)
	at sun.reflect.NativeMethodAccessorImpl.invoke0(Native Method)
	at sun.reflect.NativeMethodAccessorImpl.invoke(NativeMethodAccessorImpl.java:62)
	at sun.reflect.DelegatingMethodAccessorImpl.invoke(DelegatingMethodAccessorImpl.java:43)
	at java.lang.reflect.Method.invoke(Method.java:498)
	at org.junit.runners.model.FrameworkMethod$1.runReflectiveCall(FrameworkMethod.java:47)
	at org.junit.internal.runners.model.ReflectiveCallable.run(ReflectiveCallable.java:12)
	at org.junit.runners.model.FrameworkMethod.invokeExplosively(FrameworkMethod.java:44)
	at org.junit.internal.runners.statements.InvokeMethod.evaluate(InvokeMethod.java:17)
	at org.junit.internal.runners.statements.FailOnTimeout$StatementThread.run(FailOnTimeout.java:74)
--- com.google.javascript.rhino.Node_ESTest::test104191
org.evosuite.runtime.mock.java.lang.MockIllegalArgumentException: The existing child node of the parent should not be null.
	at com.google.common.base.Preconditions.checkArgument(Preconditions.java:93)
	at com.google.javascript.rhino.Node.addChildBefore(Node.java:643)
	at com.google.javascript.rhino.Node_ESTest.test104191(Node_ESTest.java:1465)
	at sun.reflect.NativeMethodAccessorImpl.invoke0(Native Method)
	at sun.reflect.NativeMethodAccessorImpl.invoke(NativeMethodAccessorImpl.java:62)
	at sun.reflect.DelegatingMethodAccessorImpl.invoke(DelegatingMethodAccessorImpl.java:43)
	at java.lang.reflect.Method.invoke(Method.java:498)
	at org.junit.runners.model.FrameworkMethod$1.runReflectiveCall(FrameworkMethod.java:47)
	at org.junit.internal.runners.model.ReflectiveCallable.run(ReflectiveCallable.java:12)
	at org.junit.runners.model.FrameworkMethod.invokeExplosively(FrameworkMethod.java:44)
	at org.junit.internal.runners.statements.InvokeMethod.evaluate(InvokeMethod.java:17)
	at org.junit.internal.runners.statements.FailOnTimeout$StatementThread.run(FailOnTimeout.java:74)
--- com.google.javascript.rhino.Node_ESTest::test131223
org.evosuite.runtime.mock.java.lang.MockIllegalStateException: String node not created with Node.newString
	at com.google.javascript.rhino.Node.setString(Node.java:929)
	at com.google.javascript.rhino.Node_ESTest.test131223(Node_ESTest.java:1714)
	at sun.reflect.NativeMethodAccessorImpl.invoke0(Native Method)
	at sun.reflect.NativeMethodAccessorImpl.invoke(NativeMethodAccessorImpl.java:62)
	at sun.reflect.DelegatingMethodAccessorImpl.invoke(DelegatingMethodAccessorImpl.java:43)
	at java.lang.reflect.Method.invoke(Method.java:498)
	at org.junit.runners.model.FrameworkMethod$1.runReflectiveCall(FrameworkMethod.java:47)
	at org.junit.internal.runners.model.ReflectiveCallable.run(ReflectiveCallable.java:12)
	at org.junit.runners.model.FrameworkMethod.invokeExplosively(FrameworkMethod.java:44)
	at org.junit.internal.runners.statements.InvokeMethod.evaluate(InvokeMethod.java:17)
	at org.junit.internal.runners.statements.FailOnTimeout$StatementThread.run(FailOnTimeout.java:74)
--- com.google.javascript.rhino.Node_ESTest::test02029
org.evosuite.runtime.mock.java.lang.MockIllegalArgumentException
	at com.google.common.base.Preconditions.checkArgument(Preconditions.java:77)
	at com.google.javascript.rhino.Node.<init>(Node.java:399)
	at com.google.javascript.rhino.Node_ESTest.test02029(Node_ESTest.java:251)
	at sun.reflect.NativeMethodAccessorImpl.invoke0(Native Method)
	at sun.reflect.NativeMethodAccessorImpl.invoke(NativeMethodAccessorImpl.java:62)
	at sun.reflect.DelegatingMethodAccessorImpl.invoke(DelegatingMethodAccessorImpl.java:43)
	at java.lang.reflect.Method.invoke(Method.java:498)
	at org.junit.runners.model.FrameworkMethod$1.runReflectiveCall(FrameworkMethod.java:47)
	at org.junit.internal.runners.model.ReflectiveCallable.run(ReflectiveCallable.java:12)
	at org.junit.runners.model.FrameworkMethod.invokeExplosively(FrameworkMethod.java:44)
	at org.junit.internal.runners.statements.InvokeMethod.evaluate(InvokeMethod.java:17)
	at org.junit.internal.runners.statements.FailOnTimeout$StatementThread.run(FailOnTimeout.java:74)
--- com.google.javascript.rhino.Node_ESTest::test05899
org.evosuite.runtime.mock.java.lang.MockIllegalStateException: unexpected prop id 44
	at com.google.javascript.rhino.Node.propToString(Node.java:142)
	at com.google.javascript.rhino.Node.toString(Node.java:987)
	at com.google.javascript.rhino.Node.toString(Node.java:946)
	at com.google.javascript.rhino.Node.toString(Node.java:938)
	at com.google.javascript.rhino.Node.toStringTreeHelper(Node.java:1035)
	at com.google.javascript.rhino.Node.appendStringTree(Node.java:1027)
	at com.google.javascript.rhino.Node.toStringTreeImpl(Node.java:1019)
	at com.google.javascript.rhino.Node.toStringTree(Node.java:1013)
	at com.google.javascript.rhino.Node_ESTest.test05899(Node_ESTest.java:750)
	at sun.reflect.NativeMethodAccessorImpl.invoke0(Native Method)
	at sun.reflect.NativeMethodAccessorImpl.invoke(NativeMethodAccessorImpl.java:62)
	at sun.reflect.DelegatingMethodAccessorImpl.invoke(DelegatingMethodAccessorImpl.java:43)
	at java.lang.reflect.Method.invoke(Method.java:498)
	at org.junit.runners.model.FrameworkMethod$1.runReflectiveCall(FrameworkMethod.java:47)
	at org.junit.internal.runners.model.ReflectiveCallable.run(ReflectiveCallable.java:12)
	at org.junit.runners.model.FrameworkMethod.invokeExplosively(FrameworkMethod.java:44)
	at org.junit.internal.runners.statements.InvokeMethod.evaluate(InvokeMethod.java:17)
	at org.junit.internal.runners.statements.FailOnTimeout$StatementThread.run(FailOnTimeout.java:74)
--- com.google.javascript.rhino.Node_ESTest::test084148
org.evosuite.runtime.mock.java.lang.MockIllegalArgumentException
	at com.google.common.base.Preconditions.checkArgument(Preconditions.java:77)
	at com.google.javascript.rhino.Node.<init>(Node.java:425)
	at com.google.javascript.rhino.Node_ESTest.test084148(Node_ESTest.java:1124)
	at sun.reflect.NativeMethodAccessorImpl.invoke0(Native Method)
	at sun.reflect.NativeMethodAccessorImpl.invoke(NativeMethodAccessorImpl.java:62)
	at sun.reflect.DelegatingMethodAccessorImpl.invoke(DelegatingMethodAccessorImpl.java:43)
	at java.lang.reflect.Method.invoke(Method.java:498)
	at org.junit.runners.model.FrameworkMethod$1.runReflectiveCall(FrameworkMethod.java:47)
	at org.junit.internal.runners.model.ReflectiveCallable.run(ReflectiveCallable.java:12)
	at org.junit.runners.model.FrameworkMethod.invokeExplosively(FrameworkMethod.java:44)
	at org.junit.internal.runners.statements.InvokeMethod.evaluate(InvokeMethod.java:17)
	at org.junit.internal.runners.statements.FailOnTimeout$StatementThread.run(FailOnTimeout.java:74)
--- com.google.javascript.rhino.Node_ESTest::test119210
org.evosuite.runtime.mock.java.lang.MockIllegalArgumentException: prev is not a child of this node.
	at com.google.common.base.Preconditions.checkArgument(Preconditions.java:93)
	at com.google.javascript.rhino.Node.replaceChildAfter(Node.java:742)
	at com.google.javascript.rhino.Node_ESTest.test119210(Node_ESTest.java:1623)
	at sun.reflect.NativeMethodAccessorImpl.invoke0(Native Method)
	at sun.reflect.NativeMethodAccessorImpl.invoke(NativeMethodAccessorImpl.java:62)
	at sun.reflect.DelegatingMethodAccessorImpl.invoke(DelegatingMethodAccessorImpl.java:43)
	at java.lang.reflect.Method.invoke(Method.java:498)
	at org.junit.runners.model.FrameworkMethod$1.runReflectiveCall(FrameworkMethod.java:47)
	at org.junit.internal.runners.model.ReflectiveCallable.run(ReflectiveCallable.java:12)
	at org.junit.runners.model.FrameworkMethod.invokeExplosively(FrameworkMethod.java:44)
	at org.junit.internal.runners.statements.InvokeMethod.evaluate(InvokeMethod.java:17)
	at org.junit.internal.runners.statements.FailOnTimeout$StatementThread.run(FailOnTimeout.java:74)
--- com.google.javascript.rhino.Node_ESTest::test105192
org.evosuite.runtime.mock.java.lang.MockIllegalArgumentException: The new child node already has a parent.
	at com.google.common.base.Preconditions.checkArgument(Preconditions.java:93)
	at com.google.javascript.rhino.Node.addChildBefore(Node.java:647)
	at com.google.javascript.rhino.Node_ESTest.test105192(Node_ESTest.java:1472)
	at sun.reflect.NativeMethodAccessorImpl.invoke0(Native Method)
	at sun.reflect.NativeMethodAccessorImpl.invoke(NativeMethodAccessorImpl.java:62)
	at sun.reflect.DelegatingMethodAccessorImpl.invoke(DelegatingMethodAccessorImpl.java:43)
	at java.lang.reflect.Method.invoke(Method.java:498)
	at org.junit.runners.model.FrameworkMethod$1.runReflectiveCall(FrameworkMethod.java:47)
	at org.junit.internal.runners.model.ReflectiveCallable.run(ReflectiveCallable.java:12)
	at org.junit.runners.model.FrameworkMethod.invokeExplosively(FrameworkMethod.java:44)
	at org.junit.internal.runners.statements.InvokeMethod.evaluate(InvokeMethod.java:17)
	at org.junit.internal.runners.statements.FailOnTimeout$StatementThread.run(FailOnTimeout.java:74)
--- com.google.javascript.rhino.Node_ESTest::test073129
org.evosuite.runtime.mock.java.lang.MockIllegalArgumentException: StringNode: str is null
	at com.google.javascript.rhino.Node$StringNode.<init>(Node.java:195)
	at com.google.javascript.rhino.Node.newString(Node.java:510)
	at com.google.javascript.rhino.Node_ESTest.test073129(Node_ESTest.java:986)
	at sun.reflect.NativeMethodAccessorImpl.invoke0(Native Method)
	at sun.reflect.NativeMethodAccessorImpl.invoke(NativeMethodAccessorImpl.java:62)
	at sun.reflect.DelegatingMethodAccessorImpl.invoke(DelegatingMethodAccessorImpl.java:43)
	at java.lang.reflect.Method.invoke(Method.java:498)
	at org.junit.runners.model.FrameworkMethod$1.runReflectiveCall(FrameworkMethod.java:47)
	at org.junit.internal.runners.model.ReflectiveCallable.run(ReflectiveCallable.java:12)
	at org.junit.runners.model.FrameworkMethod.invokeExplosively(FrameworkMethod.java:44)
	at org.junit.internal.runners.statements.InvokeMethod.evaluate(InvokeMethod.java:17)
	at org.junit.internal.runners.statements.FailOnTimeout$StatementThread.run(FailOnTimeout.java:74)
--- com.google.javascript.rhino.Node_ESTest::test04784
java.lang.UnsupportedOperationException: NUMBER -460.9471936 [jsdoc_info: com.google.javascript.rhino.Node$ObjectPropListItem@0000000003] is not a string node
	at com.google.javascript.rhino.Node.getString(Node.java:919)
	at com.google.javascript.rhino.Node_ESTest.test04784(Node_ESTest.java:635)
	at sun.reflect.NativeMethodAccessorImpl.invoke0(Native Method)
	at sun.reflect.NativeMethodAccessorImpl.invoke(NativeMethodAccessorImpl.java:62)
	at sun.reflect.DelegatingMethodAccessorImpl.invoke(DelegatingMethodAccessorImpl.java:43)
	at java.lang.reflect.Method.invoke(Method.java:498)
	at org.junit.runners.model.FrameworkMethod$1.runReflectiveCall(FrameworkMethod.java:47)
	at org.junit.internal.runners.model.ReflectiveCallable.run(ReflectiveCallable.java:12)
	at org.junit.runners.model.FrameworkMethod.invokeExplosively(FrameworkMethod.java:44)
	at org.junit.internal.runners.statements.InvokeMethod.evaluate(InvokeMethod.java:17)
	at org.junit.internal.runners.statements.FailOnTimeout$StatementThread.run(FailOnTimeout.java:74)
--- com.google.javascript.rhino.Node_ESTest::test120211
org.evosuite.runtime.mock.java.lang.MockIllegalArgumentException: The new child node already has a parent.
	at com.google.common.base.Preconditions.checkArgument(Preconditions.java:93)
	at com.google.javascript.rhino.Node.replaceChildAfter(Node.java:747)
	at com.google.javascript.rhino.Node_ESTest.test120211(Node_ESTest.java:1630)
	at sun.reflect.NativeMethodAccessorImpl.invoke0(Native Method)
	at sun.reflect.NativeMethodAccessorImpl.invoke(NativeMethodAccessorImpl.java:62)
	at sun.reflect.DelegatingMethodAccessorImpl.invoke(DelegatingMethodAccessorImpl.java:43)
	at java.lang.reflect.Method.invoke(Method.java:498)
	at org.junit.runners.model.FrameworkMethod$1.runReflectiveCall(FrameworkMethod.java:47)
	at org.junit.internal.runners.model.ReflectiveCallable.run(ReflectiveCallable.java:12)
	at org.junit.runners.model.FrameworkMethod.invokeExplosively(FrameworkMethod.java:44)
	at org.junit.internal.runners.statements.InvokeMethod.evaluate(InvokeMethod.java:17)
	at org.junit.internal.runners.statements.FailOnTimeout$StatementThread.run(FailOnTimeout.java:74)
--- com.google.javascript.rhino.Node_ESTest::test094170
java.lang.NullPointerException
	at com.google.javascript.rhino.Node.getChildAtIndex(Node.java:570)
	at com.google.javascript.rhino.Node_ESTest.test094170(Node_ESTest.java:1297)
	at sun.reflect.NativeMethodAccessorImpl.invoke0(Native Method)
	at sun.reflect.NativeMethodAccessorImpl.invoke(NativeMethodAccessorImpl.java:62)
	at sun.reflect.DelegatingMethodAccessorImpl.invoke(DelegatingMethodAccessorImpl.java:43)
	at java.lang.reflect.Method.invoke(Method.java:498)
	at org.junit.runners.model.FrameworkMethod$1.runReflectiveCall(FrameworkMethod.java:47)
	at org.junit.internal.runners.model.ReflectiveCallable.run(ReflectiveCallable.java:12)
	at org.junit.runners.model.FrameworkMethod.invokeExplosively(FrameworkMethod.java:44)
	at org.junit.internal.runners.statements.InvokeMethod.evaluate(InvokeMethod.java:17)
	at org.junit.internal.runners.statements.FailOnTimeout$StatementThread.run(FailOnTimeout.java:74)
--- com.google.javascript.rhino.Node_ESTest::test02334
org.evosuite.runtime.mock.java.lang.MockIllegalArgumentException
	at com.google.common.base.Preconditions.checkArgument(Preconditions.java:77)
	at com.google.javascript.rhino.Node.<init>(Node.java:403)
	at com.google.javascript.rhino.Node_ESTest.test02334(Node_ESTest.java:287)
	at sun.reflect.NativeMethodAccessorImpl.invoke0(Native Method)
	at sun.reflect.NativeMethodAccessorImpl.invoke(NativeMethodAccessorImpl.java:62)
	at sun.reflect.DelegatingMethodAccessorImpl.invoke(DelegatingMethodAccessorImpl.java:43)
	at java.lang.reflect.Method.invoke(Method.java:498)
	at org.junit.runners.model.FrameworkMethod$1.runReflectiveCall(FrameworkMethod.java:47)
	at org.junit.internal.runners.model.ReflectiveCallable.run(ReflectiveCallable.java:12)
	at org.junit.runners.model.FrameworkMethod.invokeExplosively(FrameworkMethod.java:44)
	at org.junit.internal.runners.statements.InvokeMethod.evaluate(InvokeMethod.java:17)
	at org.junit.internal.runners.statements.FailOnTimeout$StatementThread.run(FailOnTimeout.java:74)
--- com.google.javascript.rhino.Node_ESTest::test04885
org.evosuite.runtime.mock.java.lang.MockIllegalStateException: unexpected prop id 31
	at com.google.javascript.rhino.Node.propToString(Node.java:142)
	at com.google.javascript.rhino.Node.toString(Node.java:987)
	at com.google.javascript.rhino.Node.toString(Node.java:946)
	at com.google.javascript.rhino.Node.toString(Node.java:938)
	at java.lang.String.valueOf(String.java:2994)
	at java.lang.StringBuilder.append(StringBuilder.java:136)
	at com.google.javascript.rhino.Node.getDouble(Node.java:896)
	at com.google.javascript.rhino.Node_ESTest.test04885(Node_ESTest.java:643)
	at sun.reflect.NativeMethodAccessorImpl.invoke0(Native Method)
	at sun.reflect.NativeMethodAccessorImpl.invoke(NativeMethodAccessorImpl.java:62)
	at sun.reflect.DelegatingMethodAccessorImpl.invoke(DelegatingMethodAccessorImpl.java:43)
	at java.lang.reflect.Method.invoke(Method.java:498)
	at org.junit.runners.model.FrameworkMethod$1.runReflectiveCall(FrameworkMethod.java:47)
	at org.junit.internal.runners.model.ReflectiveCallable.run(ReflectiveCallable.java:12)
	at org.junit.runners.model.FrameworkMethod.invokeExplosively(FrameworkMethod.java:44)
	at org.junit.internal.runners.statements.InvokeMethod.evaluate(InvokeMethod.java:17)
	at org.junit.internal.runners.statements.FailOnTimeout$StatementThread.run(FailOnTimeout.java:74)
--- com.google.javascript.rhino.Node_ESTest::test083147
org.evosuite.runtime.mock.java.lang.MockIllegalArgumentException
	at com.google.common.base.Preconditions.checkArgument(Preconditions.java:77)
	at com.google.javascript.rhino.Node.<init>(Node.java:423)
	at com.google.javascript.rhino.Node_ESTest.test083147(Node_ESTest.java:1116)
	at sun.reflect.NativeMethodAccessorImpl.invoke0(Native Method)
	at sun.reflect.NativeMethodAccessorImpl.invoke(NativeMethodAccessorImpl.java:62)
	at sun.reflect.DelegatingMethodAccessorImpl.invoke(DelegatingMethodAccessorImpl.java:43)
	at java.lang.reflect.Method.invoke(Method.java:498)
	at org.junit.runners.model.FrameworkMethod$1.runReflectiveCall(FrameworkMethod.java:47)
	at org.junit.internal.runners.model.ReflectiveCallable.run(ReflectiveCallable.java:12)
	at org.junit.runners.model.FrameworkMethod.invokeExplosively(FrameworkMethod.java:44)
	at org.junit.internal.runners.statements.InvokeMethod.evaluate(InvokeMethod.java:17)
	at org.junit.internal.runners.statements.FailOnTimeout$StatementThread.run(FailOnTimeout.java:74)
--- com.google.javascript.rhino.Node_ESTest::test121212
org.evosuite.runtime.mock.java.lang.MockIllegalArgumentException: The new child node has siblings.
	at com.google.common.base.Preconditions.checkArgument(Preconditions.java:93)
	at com.google.javascript.rhino.Node.replaceChildAfter(Node.java:745)
	at com.google.javascript.rhino.Node_ESTest.test121212(Node_ESTest.java:1638)
	at sun.reflect.NativeMethodAccessorImpl.invoke0(Native Method)
	at sun.reflect.NativeMethodAccessorImpl.invoke(NativeMethodAccessorImpl.java:62)
	at sun.reflect.DelegatingMethodAccessorImpl.invoke(DelegatingMethodAccessorImpl.java:43)
	at java.lang.reflect.Method.invoke(Method.java:498)
	at org.junit.runners.model.FrameworkMethod$1.runReflectiveCall(FrameworkMethod.java:47)
	at org.junit.internal.runners.model.ReflectiveCallable.run(ReflectiveCallable.java:12)
	at org.junit.runners.model.FrameworkMethod.invokeExplosively(FrameworkMethod.java:44)
	at org.junit.internal.runners.statements.InvokeMethod.evaluate(InvokeMethod.java:17)
	at org.junit.internal.runners.statements.FailOnTimeout$StatementThread.run(FailOnTimeout.java:74)
--- com.google.javascript.rhino.Node_ESTest::test186370
org.evosuite.runtime.mock.java.lang.MockIllegalStateException
	at com.google.common.base.Preconditions.checkState(Preconditions.java:134)
	at com.google.javascript.rhino.Node.detachFromParent(Node.java:1637)
	at com.google.javascript.rhino.Node_ESTest.test186370(Node_ESTest.java:2885)
	at sun.reflect.NativeMethodAccessorImpl.invoke0(Native Method)
	at sun.reflect.NativeMethodAccessorImpl.invoke(NativeMethodAccessorImpl.java:62)
	at sun.reflect.DelegatingMethodAccessorImpl.invoke(DelegatingMethodAccessorImpl.java:43)
	at java.lang.reflect.Method.invoke(Method.java:498)
	at org.junit.runners.model.FrameworkMethod$1.runReflectiveCall(FrameworkMethod.java:47)
	at org.junit.internal.runners.model.ReflectiveCallable.run(ReflectiveCallable.java:12)
	at org.junit.runners.model.FrameworkMethod.invokeExplosively(FrameworkMethod.java:44)
	at org.junit.internal.runners.statements.InvokeMethod.evaluate(InvokeMethod.java:17)
	at org.junit.internal.runners.statements.FailOnTimeout$StatementThread.run(FailOnTimeout.java:74)
--- com.google.javascript.rhino.Node_ESTest::test132224
java.lang.UnsupportedOperationException: IN 38 is not a string node
	at com.google.javascript.rhino.Node.setString(Node.java:932)
	at com.google.javascript.rhino.Node_ESTest.test132224(Node_ESTest.java:1720)
	at sun.reflect.NativeMethodAccessorImpl.invoke0(Native Method)
	at sun.reflect.NativeMethodAccessorImpl.invoke(NativeMethodAccessorImpl.java:62)
	at sun.reflect.DelegatingMethodAccessorImpl.invoke(DelegatingMethodAccessorImpl.java:43)
	at java.lang.reflect.Method.invoke(Method.java:498)
	at org.junit.runners.model.FrameworkMethod$1.runReflectiveCall(FrameworkMethod.java:47)
	at org.junit.internal.runners.model.ReflectiveCallable.run(ReflectiveCallable.java:12)
	at org.junit.runners.model.FrameworkMethod.invokeExplosively(FrameworkMethod.java:44)
	at org.junit.internal.runners.statements.InvokeMethod.evaluate(InvokeMethod.java:17)
	at org.junit.internal.runners.statements.FailOnTimeout$StatementThread.run(FailOnTimeout.java:74)
--- com.google.javascript.rhino.Node_ESTest::test106193
org.evosuite.runtime.mock.java.lang.MockIllegalArgumentException: The new child node has siblings.
	at com.google.common.base.Preconditions.checkArgument(Preconditions.java:93)
	at com.google.javascript.rhino.Node.addChildBefore(Node.java:645)
	at com.google.javascript.rhino.Node_ESTest.test106193(Node_ESTest.java:1480)
	at sun.reflect.NativeMethodAccessorImpl.invoke0(Native Method)
	at sun.reflect.NativeMethodAccessorImpl.invoke(NativeMethodAccessorImpl.java:62)
	at sun.reflect.DelegatingMethodAccessorImpl.invoke(DelegatingMethodAccessorImpl.java:43)
	at java.lang.reflect.Method.invoke(Method.java:498)
	at org.junit.runners.model.FrameworkMethod$1.runReflectiveCall(FrameworkMethod.java:47)
	at org.junit.internal.runners.model.ReflectiveCallable.run(ReflectiveCallable.java:12)
	at org.junit.runners.model.FrameworkMethod.invokeExplosively(FrameworkMethod.java:44)
	at org.junit.internal.runners.statements.InvokeMethod.evaluate(InvokeMethod.java:17)
	at org.junit.internal.runners.statements.FailOnTimeout$StatementThread.run(FailOnTimeout.java:74)
--- com.google.javascript.rhino.Node_ESTest::test04986
java.lang.UnsupportedOperationException: STRING }m"{${/lQS0b5f"'V [incrdecr: com.google.javascript.rhino.Node$ObjectPropListItem@0000000002] is not a number node
	at com.google.javascript.rhino.Node.getDouble(Node.java:896)
	at com.google.javascript.rhino.Node_ESTest.test04986(Node_ESTest.java:650)
	at sun.reflect.NativeMethodAccessorImpl.invoke0(Native Method)
	at sun.reflect.NativeMethodAccessorImpl.invoke(NativeMethodAccessorImpl.java:62)
	at sun.reflect.DelegatingMethodAccessorImpl.invoke(DelegatingMethodAccessorImpl.java:43)
	at java.lang.reflect.Method.invoke(Method.java:498)
	at org.junit.runners.model.FrameworkMethod$1.runReflectiveCall(FrameworkMethod.java:47)
	at org.junit.internal.runners.model.ReflectiveCallable.run(ReflectiveCallable.java:12)
	at org.junit.runners.model.FrameworkMethod.invokeExplosively(FrameworkMethod.java:44)
	at org.junit.internal.runners.statements.InvokeMethod.evaluate(InvokeMethod.java:17)
	at org.junit.internal.runners.statements.FailOnTimeout$StatementThread.run(FailOnTimeout.java:74)
--- com.google.javascript.rhino.Node_ESTest::test082146
org.evosuite.runtime.mock.java.lang.MockIllegalArgumentException
	at com.google.common.base.Preconditions.checkArgument(Preconditions.java:77)
	at com.google.javascript.rhino.Node.<init>(Node.java:421)
	at com.google.javascript.rhino.Node_ESTest.test082146(Node_ESTest.java:1108)
	at sun.reflect.NativeMethodAccessorImpl.invoke0(Native Method)
	at sun.reflect.NativeMethodAccessorImpl.invoke(NativeMethodAccessorImpl.java:62)
	at sun.reflect.DelegatingMethodAccessorImpl.invoke(DelegatingMethodAccessorImpl.java:43)
	at java.lang.reflect.Method.invoke(Method.java:498)
	at org.junit.runners.model.FrameworkMethod$1.runReflectiveCall(FrameworkMethod.java:47)
	at org.junit.internal.runners.model.ReflectiveCallable.run(ReflectiveCallable.java:12)
	at org.junit.runners.model.FrameworkMethod.invokeExplosively(FrameworkMethod.java:44)
	at org.junit.internal.runners.statements.InvokeMethod.evaluate(InvokeMethod.java:17)
	at org.junit.internal.runners.statements.FailOnTimeout$StatementThread.run(FailOnTimeout.java:74)
--- com.google.javascript.rhino.Node_ESTest::test092166
java.lang.NullPointerException
	at com.google.javascript.rhino.Node.removeChild(Node.java:705)
	at com.google.javascript.rhino.Node_ESTest.test092166(Node_ESTest.java:1271)
	at sun.reflect.NativeMethodAccessorImpl.invoke0(Native Method)
	at sun.reflect.NativeMethodAccessorImpl.invoke(NativeMethodAccessorImpl.java:62)
	at sun.reflect.DelegatingMethodAccessorImpl.invoke(DelegatingMethodAccessorImpl.java:43)
	at java.lang.reflect.Method.invoke(Method.java:498)
	at org.junit.runners.model.FrameworkMethod$1.runReflectiveCall(FrameworkMethod.java:47)
	at org.junit.internal.runners.model.ReflectiveCallable.run(ReflectiveCallable.java:12)
	at org.junit.runners.model.FrameworkMethod.invokeExplosively(FrameworkMethod.java:44)
	at org.junit.internal.runners.statements.InvokeMethod.evaluate(InvokeMethod.java:17)
	at org.junit.internal.runners.statements.FailOnTimeout$StatementThread.run(FailOnTimeout.java:74)
--- com.google.javascript.rhino.Node_ESTest::test059100
org.evosuite.runtime.mock.java.lang.MockIllegalStateException: unexpected prop id 45
	at com.google.javascript.rhino.Node.propToString(Node.java:142)
	at com.google.javascript.rhino.Node.toString(Node.java:987)
	at com.google.javascript.rhino.Node.toString(Node.java:946)
	at com.google.javascript.rhino.Node.toString(Node.java:938)
	at com.google.javascript.rhino.Node.toStringTreeHelper(Node.java:1035)
	at com.google.javascript.rhino.Node.appendStringTree(Node.java:1027)
	at com.google.javascript.rhino.Node.toStringTreeImpl(Node.java:1019)
	at com.google.javascript.rhino.Node.toStringTree(Node.java:1013)
	at com.google.javascript.rhino.Node_ESTest.test059100(Node_ESTest.java:758)
	at sun.reflect.NativeMethodAccessorImpl.invoke0(Native Method)
	at sun.reflect.NativeMethodAccessorImpl.invoke(NativeMethodAccessorImpl.java:62)
	at sun.reflect.DelegatingMethodAccessorImpl.invoke(DelegatingMethodAccessorImpl.java:43)
	at java.lang.reflect.Method.invoke(Method.java:498)
	at org.junit.runners.model.FrameworkMethod$1.runReflectiveCall(FrameworkMethod.java:47)
	at org.junit.internal.runners.model.ReflectiveCallable.run(ReflectiveCallable.java:12)
	at org.junit.runners.model.FrameworkMethod.invokeExplosively(FrameworkMethod.java:44)
	at org.junit.internal.runners.statements.InvokeMethod.evaluate(InvokeMethod.java:17)
	at org.junit.internal.runners.statements.FailOnTimeout$StatementThread.run(FailOnTimeout.java:74)
--- com.google.javascript.rhino.Node_ESTest::test174346
java.lang.UnsupportedOperationException: THIS is not a string node
	at com.google.javascript.rhino.Node.getString(Node.java:919)
	at com.google.javascript.rhino.Node.getQualifiedName(Node.java:1588)
	at com.google.javascript.rhino.Node_ESTest.test174346(Node_ESTest.java:2722)
	at sun.reflect.NativeMethodAccessorImpl.invoke0(Native Method)
	at sun.reflect.NativeMethodAccessorImpl.invoke(NativeMethodAccessorImpl.java:62)
	at sun.reflect.DelegatingMethodAccessorImpl.invoke(DelegatingMethodAccessorImpl.java:43)
	at java.lang.reflect.Method.invoke(Method.java:498)
	at org.junit.runners.model.FrameworkMethod$1.runReflectiveCall(FrameworkMethod.java:47)
	at org.junit.internal.runners.model.ReflectiveCallable.run(ReflectiveCallable.java:12)
	at org.junit.runners.model.FrameworkMethod.invokeExplosively(FrameworkMethod.java:44)
	at org.junit.internal.runners.statements.InvokeMethod.evaluate(InvokeMethod.java:17)
	at org.junit.internal.runners.statements.FailOnTimeout$StatementThread.run(FailOnTimeout.java:74)
--- com.google.javascript.rhino.Node_ESTest::test081145
org.evosuite.runtime.mock.java.lang.MockIllegalArgumentException
	at com.google.common.base.Preconditions.checkArgument(Preconditions.java:77)
	at com.google.javascript.rhino.Node.<init>(Node.java:419)
	at com.google.javascript.rhino.Node_ESTest.test081145(Node_ESTest.java:1100)
	at sun.reflect.NativeMethodAccessorImpl.invoke0(Native Method)
	at sun.reflect.NativeMethodAccessorImpl.invoke(NativeMethodAccessorImpl.java:62)
	at sun.reflect.DelegatingMethodAccessorImpl.invoke(DelegatingMethodAccessorImpl.java:43)
	at java.lang.reflect.Method.invoke(Method.java:498)
	at org.junit.runners.model.FrameworkMethod$1.runReflectiveCall(FrameworkMethod.java:47)
	at org.junit.internal.runners.model.ReflectiveCallable.run(ReflectiveCallable.java:12)
	at org.junit.runners.model.FrameworkMethod.invokeExplosively(FrameworkMethod.java:44)
	at org.junit.internal.runners.statements.InvokeMethod.evaluate(InvokeMethod.java:17)
	at org.junit.internal.runners.statements.FailOnTimeout$StatementThread.run(FailOnTimeout.java:74)
--- com.google.javascript.rhino.Node_ESTest::test070121
org.evosuite.runtime.mock.java.lang.MockIllegalStateException: unexpected prop id 2
	at com.google.javascript.rhino.Node.propToString(Node.java:142)
	at com.google.javascript.rhino.Node.toString(Node.java:987)
	at com.google.javascript.rhino.Node.toString(Node.java:946)
	at com.google.javascript.rhino.Node.toString(Node.java:938)
	at com.google.javascript.rhino.Node.toStringTreeHelper(Node.java:1035)
	at com.google.javascript.rhino.Node.appendStringTree(Node.java:1027)
	at com.google.javascript.rhino.Node.toStringTreeImpl(Node.java:1019)
	at com.google.javascript.rhino.Node.toStringTree(Node.java:1013)
	at com.google.javascript.rhino.Node_ESTest.test070121(Node_ESTest.java:925)
	at sun.reflect.NativeMethodAccessorImpl.invoke0(Native Method)
	at sun.reflect.NativeMethodAccessorImpl.invoke(NativeMethodAccessorImpl.java:62)
	at sun.reflect.DelegatingMethodAccessorImpl.invoke(DelegatingMethodAccessorImpl.java:43)
	at java.lang.reflect.Method.invoke(Method.java:498)
	at org.junit.runners.model.FrameworkMethod$1.runReflectiveCall(FrameworkMethod.java:47)
	at org.junit.internal.runners.model.ReflectiveCallable.run(ReflectiveCallable.java:12)
	at org.junit.runners.model.FrameworkMethod.invokeExplosively(FrameworkMethod.java:44)
	at org.junit.internal.runners.statements.InvokeMethod.evaluate(InvokeMethod.java:17)
	at org.junit.internal.runners.statements.FailOnTimeout$StatementThread.run(FailOnTimeout.java:74)
--- com.google.javascript.rhino.Node_ESTest::test128220
java.lang.UnsupportedOperationException: VAR 118 is not a string node
	at com.google.javascript.rhino.Node.setDouble(Node.java:909)
	at com.google.javascript.rhino.Node_ESTest.test128220(Node_ESTest.java:1695)
	at sun.reflect.NativeMethodAccessorImpl.invoke0(Native Method)
	at sun.reflect.NativeMethodAccessorImpl.invoke(NativeMethodAccessorImpl.java:62)
	at sun.reflect.DelegatingMethodAccessorImpl.invoke(DelegatingMethodAccessorImpl.java:43)
	at java.lang.reflect.Method.invoke(Method.java:498)
	at org.junit.runners.model.FrameworkMethod$1.runReflectiveCall(FrameworkMethod.java:47)
	at org.junit.internal.runners.model.ReflectiveCallable.run(ReflectiveCallable.java:12)
	at org.junit.runners.model.FrameworkMethod.invokeExplosively(FrameworkMethod.java:44)
	at org.junit.internal.runners.statements.InvokeMethod.evaluate(InvokeMethod.java:17)
	at org.junit.internal.runners.statements.FailOnTimeout$StatementThread.run(FailOnTimeout.java:74)
--- com.google.javascript.rhino.Node_ESTest::test04276
java.lang.UnsupportedOperationException: STRING_KEY [length: com.google.javascript.rhino.Node$IntPropListItem@0000000002] is not a string node
	at com.google.javascript.rhino.Node.getString(Node.java:919)
	at com.google.javascript.rhino.Node_ESTest.test04276(Node_ESTest.java:576)
	at sun.reflect.NativeMethodAccessorImpl.invoke0(Native Method)
	at sun.reflect.NativeMethodAccessorImpl.invoke(NativeMethodAccessorImpl.java:62)
	at sun.reflect.DelegatingMethodAccessorImpl.invoke(DelegatingMethodAccessorImpl.java:43)
	at java.lang.reflect.Method.invoke(Method.java:498)
	at org.junit.runners.model.FrameworkMethod$1.runReflectiveCall(FrameworkMethod.java:47)
	at org.junit.internal.runners.model.ReflectiveCallable.run(ReflectiveCallable.java:12)
	at org.junit.runners.model.FrameworkMethod.invokeExplosively(FrameworkMethod.java:44)
	at org.junit.internal.runners.statements.InvokeMethod.evaluate(InvokeMethod.java:17)
	at org.junit.internal.runners.statements.FailOnTimeout$StatementThread.run(FailOnTimeout.java:74)
--- com.google.javascript.rhino.Node_ESTest::test103190
org.evosuite.runtime.mock.java.lang.MockIllegalArgumentException: The existing child node of the parent should not be null.
	at com.google.common.base.Preconditions.checkArgument(Preconditions.java:93)
	at com.google.javascript.rhino.Node.addChildBefore(Node.java:643)
	at com.google.javascript.rhino.Node_ESTest.test103190(Node_ESTest.java:1459)
	at sun.reflect.NativeMethodAccessorImpl.invoke0(Native Method)
	at sun.reflect.NativeMethodAccessorImpl.invoke(NativeMethodAccessorImpl.java:62)
	at sun.reflect.DelegatingMethodAccessorImpl.invoke(DelegatingMethodAccessorImpl.java:43)
	at java.lang.reflect.Method.invoke(Method.java:498)
	at org.junit.runners.model.FrameworkMethod$1.runReflectiveCall(FrameworkMethod.java:47)
	at org.junit.internal.runners.model.ReflectiveCallable.run(ReflectiveCallable.java:12)
	at org.junit.runners.model.FrameworkMethod.invokeExplosively(FrameworkMethod.java:44)
	at org.junit.internal.runners.statements.InvokeMethod.evaluate(InvokeMethod.java:17)
	at org.junit.internal.runners.statements.FailOnTimeout$StatementThread.run(FailOnTimeout.java:74)
--- com.google.javascript.rhino.Node_ESTest::test130222
org.evosuite.runtime.mock.java.lang.MockIllegalStateException: String node not created with Node.newString
	at com.google.javascript.rhino.Node.getString(Node.java:916)
	at com.google.javascript.rhino.Node_ESTest.test130222(Node_ESTest.java:1708)
	at sun.reflect.NativeMethodAccessorImpl.invoke0(Native Method)
	at sun.reflect.NativeMethodAccessorImpl.invoke(NativeMethodAccessorImpl.java:62)
	at sun.reflect.DelegatingMethodAccessorImpl.invoke(DelegatingMethodAccessorImpl.java:43)
	at java.lang.reflect.Method.invoke(Method.java:498)
	at org.junit.runners.model.FrameworkMethod$1.runReflectiveCall(FrameworkMethod.java:47)
	at org.junit.internal.runners.model.ReflectiveCallable.run(ReflectiveCallable.java:12)
	at org.junit.runners.model.FrameworkMethod.invokeExplosively(FrameworkMethod.java:44)
	at org.junit.internal.runners.statements.InvokeMethod.evaluate(InvokeMethod.java:17)
	at org.junit.internal.runners.statements.FailOnTimeout$StatementThread.run(FailOnTimeout.java:74)
--- com.google.javascript.rhino.Node_ESTest::test05696
org.evosuite.runtime.mock.java.lang.MockIllegalStateException: unexpected prop id 41
	at com.google.javascript.rhino.Node.propToString(Node.java:142)
	at com.google.javascript.rhino.Node.toString(Node.java:987)
	at com.google.javascript.rhino.Node.toString(Node.java:946)
	at com.google.javascript.rhino.Node.toString(Node.java:938)
	at com.google.javascript.rhino.Node.toStringTreeHelper(Node.java:1035)
	at com.google.javascript.rhino.Node.appendStringTree(Node.java:1027)
	at com.google.javascript.rhino.Node.toStringTreeImpl(Node.java:1019)
	at com.google.javascript.rhino.Node.toStringTree(Node.java:1013)
	at com.google.javascript.rhino.Node_ESTest.test05696(Node_ESTest.java:727)
	at sun.reflect.NativeMethodAccessorImpl.invoke0(Native Method)
	at sun.reflect.NativeMethodAccessorImpl.invoke(NativeMethodAccessorImpl.java:62)
	at sun.reflect.DelegatingMethodAccessorImpl.invoke(DelegatingMethodAccessorImpl.java:43)
	at java.lang.reflect.Method.invoke(Method.java:498)
	at org.junit.runners.model.FrameworkMethod$1.runReflectiveCall(FrameworkMethod.java:47)
	at org.junit.internal.runners.model.ReflectiveCallable.run(ReflectiveCallable.java:12)
	at org.junit.runners.model.FrameworkMethod.invokeExplosively(FrameworkMethod.java:44)
	at org.junit.internal.runners.statements.InvokeMethod.evaluate(InvokeMethod.java:17)
	at org.junit.internal.runners.statements.FailOnTimeout$StatementThread.run(FailOnTimeout.java:74)
--- com.google.javascript.rhino.Node_ESTest::test091165
org.evosuite.runtime.mock.java.lang.MockRuntimeException: node is not a child
	at com.google.javascript.rhino.Node.getChildBefore(Node.java:561)
	at com.google.javascript.rhino.Node.replaceChild(Node.java:731)
	at com.google.javascript.rhino.Node_ESTest.test091165(Node_ESTest.java:1264)
	at sun.reflect.NativeMethodAccessorImpl.invoke0(Native Method)
	at sun.reflect.NativeMethodAccessorImpl.invoke(NativeMethodAccessorImpl.java:62)
	at sun.reflect.DelegatingMethodAccessorImpl.invoke(DelegatingMethodAccessorImpl.java:43)
	at java.lang.reflect.Method.invoke(Method.java:498)
	at org.junit.runners.model.FrameworkMethod$1.runReflectiveCall(FrameworkMethod.java:47)
	at org.junit.internal.runners.model.ReflectiveCallable.run(ReflectiveCallable.java:12)
	at org.junit.runners.model.FrameworkMethod.invokeExplosively(FrameworkMethod.java:44)
	at org.junit.internal.runners.statements.InvokeMethod.evaluate(InvokeMethod.java:17)
	at org.junit.internal.runners.statements.FailOnTimeout$StatementThread.run(FailOnTimeout.java:74)
--- com.google.javascript.rhino.Node_ESTest::test080144
org.evosuite.runtime.mock.java.lang.MockIllegalArgumentException: second new child has existing parent
	at com.google.common.base.Preconditions.checkArgument(Preconditions.java:93)
	at com.google.javascript.rhino.Node.<init>(Node.java:383)
	at com.google.javascript.rhino.Node.<init>(Node.java:454)
	at com.google.javascript.rhino.Node_ESTest.test080144(Node_ESTest.java:1092)
	at sun.reflect.NativeMethodAccessorImpl.invoke0(Native Method)
	at sun.reflect.NativeMethodAccessorImpl.invoke(NativeMethodAccessorImpl.java:62)
	at sun.reflect.DelegatingMethodAccessorImpl.invoke(DelegatingMethodAccessorImpl.java:43)
	at java.lang.reflect.Method.invoke(Method.java:498)
	at org.junit.runners.model.FrameworkMethod$1.runReflectiveCall(FrameworkMethod.java:47)
	at org.junit.internal.runners.model.ReflectiveCallable.run(ReflectiveCallable.java:12)
	at org.junit.runners.model.FrameworkMethod.invokeExplosively(FrameworkMethod.java:44)
	at org.junit.internal.runners.statements.InvokeMethod.evaluate(InvokeMethod.java:17)
	at org.junit.internal.runners.statements.FailOnTimeout$StatementThread.run(FailOnTimeout.java:74)
--- com.google.javascript.rhino.Node_ESTest::test079143
org.evosuite.runtime.mock.java.lang.MockIllegalArgumentException: first new child has existing parent
	at com.google.common.base.Preconditions.checkArgument(Preconditions.java:93)
	at com.google.javascript.rhino.Node.<init>(Node.java:379)
	at com.google.javascript.rhino.Node_ESTest.test079143(Node_ESTest.java:1084)
	at sun.reflect.NativeMethodAccessorImpl.invoke0(Native Method)
	at sun.reflect.NativeMethodAccessorImpl.invoke(NativeMethodAccessorImpl.java:62)
	at sun.reflect.DelegatingMethodAccessorImpl.invoke(DelegatingMethodAccessorImpl.java:43)
	at java.lang.reflect.Method.invoke(Method.java:498)
	at org.junit.runners.model.FrameworkMethod$1.runReflectiveCall(FrameworkMethod.java:47)
	at org.junit.internal.runners.model.ReflectiveCallable.run(ReflectiveCallable.java:12)
	at org.junit.runners.model.FrameworkMethod.invokeExplosively(FrameworkMethod.java:44)
	at org.junit.internal.runners.statements.InvokeMethod.evaluate(InvokeMethod.java:17)
	at org.junit.internal.runners.statements.FailOnTimeout$StatementThread.run(FailOnTimeout.java:74)
--- com.google.javascript.rhino.Node_ESTest::test129221
org.evosuite.runtime.mock.java.lang.MockIllegalStateException: Number node not created with Node.newNumber
	at com.google.javascript.rhino.Node.setDouble(Node.java:906)
	at com.google.javascript.rhino.Node_ESTest.test129221(Node_ESTest.java:1702)
	at sun.reflect.NativeMethodAccessorImpl.invoke0(Native Method)
	at sun.reflect.NativeMethodAccessorImpl.invoke(NativeMethodAccessorImpl.java:62)
	at sun.reflect.DelegatingMethodAccessorImpl.invoke(DelegatingMethodAccessorImpl.java:43)
	at java.lang.reflect.Method.invoke(Method.java:498)
	at org.junit.runners.model.FrameworkMethod$1.runReflectiveCall(FrameworkMethod.java:47)
	at org.junit.internal.runners.model.ReflectiveCallable.run(ReflectiveCallable.java:12)
	at org.junit.runners.model.FrameworkMethod.invokeExplosively(FrameworkMethod.java:44)
	at org.junit.internal.runners.statements.InvokeMethod.evaluate(InvokeMethod.java:17)
	at org.junit.internal.runners.statements.FailOnTimeout$StatementThread.run(FailOnTimeout.java:74)
--- com.google.javascript.rhino.Node_ESTest::test195392
org.evosuite.runtime.mock.java.lang.MockRuntimeException: node is not a child
	at com.google.javascript.rhino.Node.getChildBefore(Node.java:555)
	at com.google.javascript.rhino.Node.replaceChild(Node.java:731)
	at com.google.javascript.rhino.Node_ESTest.test195392(Node_ESTest.java:3061)
	at sun.reflect.NativeMethodAccessorImpl.invoke0(Native Method)
	at sun.reflect.NativeMethodAccessorImpl.invoke(NativeMethodAccessorImpl.java:62)
	at sun.reflect.DelegatingMethodAccessorImpl.invoke(DelegatingMethodAccessorImpl.java:43)
	at java.lang.reflect.Method.invoke(Method.java:498)
	at org.junit.runners.model.FrameworkMethod$1.runReflectiveCall(FrameworkMethod.java:47)
	at org.junit.internal.runners.model.ReflectiveCallable.run(ReflectiveCallable.java:12)
	at org.junit.runners.model.FrameworkMethod.invokeExplosively(FrameworkMethod.java:44)
	at org.junit.internal.runners.statements.InvokeMethod.evaluate(InvokeMethod.java:17)
	at org.junit.internal.runners.statements.FailOnTimeout$StatementThread.run(FailOnTimeout.java:74)
--- com.google.javascript.rhino.Node_ESTest::test110198
org.evosuite.runtime.mock.java.lang.MockIllegalArgumentException
	at com.google.common.base.Preconditions.checkArgument(Preconditions.java:77)
	at com.google.javascript.rhino.Node.addChildrenAfter(Node.java:672)
	at com.google.javascript.rhino.Node_ESTest.test110198(Node_ESTest.java:1519)
	at sun.reflect.NativeMethodAccessorImpl.invoke0(Native Method)
	at sun.reflect.NativeMethodAccessorImpl.invoke(NativeMethodAccessorImpl.java:62)
	at sun.reflect.DelegatingMethodAccessorImpl.invoke(DelegatingMethodAccessorImpl.java:43)
	at java.lang.reflect.Method.invoke(Method.java:498)
	at org.junit.runners.model.FrameworkMethod$1.runReflectiveCall(FrameworkMethod.java:47)
	at org.junit.internal.runners.model.ReflectiveCallable.run(ReflectiveCallable.java:12)
	at org.junit.runners.model.FrameworkMethod.invokeExplosively(FrameworkMethod.java:44)
	at org.junit.internal.runners.statements.InvokeMethod.evaluate(InvokeMethod.java:17)
	at org.junit.internal.runners.statements.FailOnTimeout$StatementThread.run(FailOnTimeout.java:74)
--- com.google.javascript.rhino.Node_ESTest::test01725
java.lang.NullPointerException
	at com.google.javascript.rhino.Node.useSourceInfoFrom(Node.java:1779)
	at com.google.javascript.rhino.Node.srcref(Node.java:1786)
	at com.google.javascript.rhino.Node_ESTest.test01725(Node_ESTest.java:224)
	at sun.reflect.NativeMethodAccessorImpl.invoke0(Native Method)
	at sun.reflect.NativeMethodAccessorImpl.invoke(NativeMethodAccessorImpl.java:62)
	at sun.reflect.DelegatingMethodAccessorImpl.invoke(DelegatingMethodAccessorImpl.java:43)
	at java.lang.reflect.Method.invoke(Method.java:498)
	at org.junit.runners.model.FrameworkMethod$1.runReflectiveCall(FrameworkMethod.java:47)
	at org.junit.internal.runners.model.ReflectiveCallable.run(ReflectiveCallable.java:12)
	at org.junit.runners.model.FrameworkMethod.invokeExplosively(FrameworkMethod.java:44)
	at org.junit.internal.runners.statements.InvokeMethod.evaluate(InvokeMethod.java:17)
	at org.junit.internal.runners.statements.FailOnTimeout$StatementThread.run(FailOnTimeout.java:74)
--- com.google.javascript.rhino.Node_ESTest::test171343
java.lang.UnsupportedOperationException: NAME 38 is not a string node
	at com.google.javascript.rhino.Node.getString(Node.java:919)
	at com.google.javascript.rhino.Node.getQualifiedName(Node.java:1581)
	at com.google.javascript.rhino.Node_ESTest.test171343(Node_ESTest.java:2698)
	at sun.reflect.NativeMethodAccessorImpl.invoke0(Native Method)
	at sun.reflect.NativeMethodAccessorImpl.invoke(NativeMethodAccessorImpl.java:62)
	at sun.reflect.DelegatingMethodAccessorImpl.invoke(DelegatingMethodAccessorImpl.java:43)
	at java.lang.reflect.Method.invoke(Method.java:498)
	at org.junit.runners.model.FrameworkMethod$1.runReflectiveCall(FrameworkMethod.java:47)
	at org.junit.internal.runners.model.ReflectiveCallable.run(ReflectiveCallable.java:12)
	at org.junit.runners.model.FrameworkMethod.invokeExplosively(FrameworkMethod.java:44)
	at org.junit.internal.runners.statements.InvokeMethod.evaluate(InvokeMethod.java:17)
	at org.junit.internal.runners.statements.FailOnTimeout$StatementThread.run(FailOnTimeout.java:74)
--- com.google.javascript.rhino.Node_ESTest::test078142
org.evosuite.runtime.mock.java.lang.MockIllegalArgumentException: new child has existing parent
	at com.google.common.base.Preconditions.checkArgument(Preconditions.java:93)
	at com.google.javascript.rhino.Node.<init>(Node.java:365)
	at com.google.javascript.rhino.Node_ESTest.test078142(Node_ESTest.java:1076)
	at sun.reflect.NativeMethodAccessorImpl.invoke0(Native Method)
	at sun.reflect.NativeMethodAccessorImpl.invoke(NativeMethodAccessorImpl.java:62)
	at sun.reflect.DelegatingMethodAccessorImpl.invoke(DelegatingMethodAccessorImpl.java:43)
	at java.lang.reflect.Method.invoke(Method.java:498)
	at org.junit.runners.model.FrameworkMethod$1.runReflectiveCall(FrameworkMethod.java:47)
	at org.junit.internal.runners.model.ReflectiveCallable.run(ReflectiveCallable.java:12)
	at org.junit.runners.model.FrameworkMethod.invokeExplosively(FrameworkMethod.java:44)
	at org.junit.internal.runners.statements.InvokeMethod.evaluate(InvokeMethod.java:17)
	at org.junit.internal.runners.statements.FailOnTimeout$StatementThread.run(FailOnTimeout.java:74)
--- com.google.javascript.rhino.Node_ESTest::test136234
java.lang.NullPointerException
	at com.google.javascript.rhino.jstype.JSType$1.compare(JSType.java:97)
	at com.google.javascript.rhino.jstype.JSType$1.compare(JSType.java:94)
	at java.util.TreeMap.compare(TreeMap.java:1295)
	at java.util.TreeMap.put(TreeMap.java:538)
	at java.util.TreeSet.add(TreeSet.java:255)
	at java.util.AbstractCollection.addAll(AbstractCollection.java:344)
	at java.util.TreeSet.addAll(TreeSet.java:312)
	at com.google.javascript.rhino.jstype.UnionType.toStringHelper(UnionType.java:440)
	at com.google.javascript.rhino.jstype.JSType.toString(JSType.java:1411)
	at com.google.javascript.rhino.Node.toString(Node.java:1002)
	at com.google.javascript.rhino.Node.toString(Node.java:946)
	at com.google.javascript.rhino.Node.toString(Node.java:938)
	at com.google.javascript.rhino.Node.toStringTreeHelper(Node.java:1035)
	at com.google.javascript.rhino.Node.toStringTreeHelper(Node.java:1040)
	at com.google.javascript.rhino.Node.appendStringTree(Node.java:1027)
	at com.google.javascript.rhino.Node.toStringTreeImpl(Node.java:1019)
	at com.google.javascript.rhino.Node.toStringTree(Node.java:1013)
	at com.google.javascript.rhino.Node_ESTest.test136234(Node_ESTest.java:1798)
	at sun.reflect.NativeMethodAccessorImpl.invoke0(Native Method)
	at sun.reflect.NativeMethodAccessorImpl.invoke(NativeMethodAccessorImpl.java:62)
	at sun.reflect.DelegatingMethodAccessorImpl.invoke(DelegatingMethodAccessorImpl.java:43)
	at java.lang.reflect.Method.invoke(Method.java:498)
	at org.junit.runners.model.FrameworkMethod$1.runReflectiveCall(FrameworkMethod.java:47)
	at org.junit.internal.runners.model.ReflectiveCallable.run(ReflectiveCallable.java:12)
	at org.junit.runners.model.FrameworkMethod.invokeExplosively(FrameworkMethod.java:44)
	at org.junit.internal.runners.statements.InvokeMethod.evaluate(InvokeMethod.java:17)
	at org.junit.internal.runners.statements.FailOnTimeout$StatementThread.run(FailOnTimeout.java:74)
--- com.google.javascript.rhino.Node_ESTest::test00610
java.lang.UnsupportedOperationException: CALL 37 [side_effect_flags: com.google.javascript.rhino.Node$IntPropListItem@0000000003] is not a number node
	at com.google.javascript.rhino.Node.getDouble(Node.java:896)
	at com.google.javascript.rhino.Node_ESTest.test00610(Node_ESTest.java:120)
	at sun.reflect.NativeMethodAccessorImpl.invoke0(Native Method)
	at sun.reflect.NativeMethodAccessorImpl.invoke(NativeMethodAccessorImpl.java:62)
	at sun.reflect.DelegatingMethodAccessorImpl.invoke(DelegatingMethodAccessorImpl.java:43)
	at java.lang.reflect.Method.invoke(Method.java:498)
	at org.junit.runners.model.FrameworkMethod$1.runReflectiveCall(FrameworkMethod.java:47)
	at org.junit.internal.runners.model.ReflectiveCallable.run(ReflectiveCallable.java:12)
	at org.junit.runners.model.FrameworkMethod.invokeExplosively(FrameworkMethod.java:44)
	at org.junit.internal.runners.statements.InvokeMethod.evaluate(InvokeMethod.java:17)
	at org.junit.internal.runners.statements.FailOnTimeout$StatementThread.run(FailOnTimeout.java:74)
--- com.google.javascript.rhino.Node_ESTest::test100187
org.evosuite.runtime.mock.java.lang.MockIllegalArgumentException
	at com.google.common.base.Preconditions.checkArgument(Preconditions.java:77)
	at com.google.javascript.rhino.Node.addChildToBack(Node.java:610)
	at com.google.javascript.rhino.Node_ESTest.test100187(Node_ESTest.java:1438)
	at sun.reflect.NativeMethodAccessorImpl.invoke0(Native Method)
	at sun.reflect.NativeMethodAccessorImpl.invoke(NativeMethodAccessorImpl.java:62)
	at sun.reflect.DelegatingMethodAccessorImpl.invoke(DelegatingMethodAccessorImpl.java:43)
	at java.lang.reflect.Method.invoke(Method.java:498)
	at org.junit.runners.model.FrameworkMethod$1.runReflectiveCall(FrameworkMethod.java:47)
	at org.junit.internal.runners.model.ReflectiveCallable.run(ReflectiveCallable.java:12)
	at org.junit.runners.model.FrameworkMethod.invokeExplosively(FrameworkMethod.java:44)
	at org.junit.internal.runners.statements.InvokeMethod.evaluate(InvokeMethod.java:17)
	at org.junit.internal.runners.statements.FailOnTimeout$StatementThread.run(FailOnTimeout.java:74)
--- com.google.javascript.rhino.Node_ESTest::test111199
org.evosuite.runtime.mock.java.lang.MockIllegalArgumentException
	at com.google.common.base.Preconditions.checkArgument(Preconditions.java:77)
	at com.google.javascript.rhino.Node.addChildrenAfter(Node.java:674)
	at com.google.javascript.rhino.Node.addChildrenToBack(Node.java:636)
	at com.google.javascript.rhino.Node_ESTest.test111199(Node_ESTest.java:1526)
	at sun.reflect.NativeMethodAccessorImpl.invoke0(Native Method)
	at sun.reflect.NativeMethodAccessorImpl.invoke(NativeMethodAccessorImpl.java:62)
	at sun.reflect.DelegatingMethodAccessorImpl.invoke(DelegatingMethodAccessorImpl.java:43)
	at java.lang.reflect.Method.invoke(Method.java:498)
	at org.junit.runners.model.FrameworkMethod$1.runReflectiveCall(FrameworkMethod.java:47)
	at org.junit.internal.runners.model.ReflectiveCallable.run(ReflectiveCallable.java:12)
	at org.junit.runners.model.FrameworkMethod.invokeExplosively(FrameworkMethod.java:44)
	at org.junit.internal.runners.statements.InvokeMethod.evaluate(InvokeMethod.java:17)
	at org.junit.internal.runners.statements.FailOnTimeout$StatementThread.run(FailOnTimeout.java:74)
--- com.google.javascript.rhino.Node_ESTest::test183364
java.lang.UnsupportedOperationException: NAME is not a string node
	at com.google.javascript.rhino.Node.getString(Node.java:919)
	at com.google.javascript.rhino.Node.isUnscopedQualifiedName(Node.java:1621)
	at com.google.javascript.rhino.Node_ESTest.test183364(Node_ESTest.java:2850)
	at sun.reflect.NativeMethodAccessorImpl.invoke0(Native Method)
	at sun.reflect.NativeMethodAccessorImpl.invoke(NativeMethodAccessorImpl.java:62)
	at sun.reflect.DelegatingMethodAccessorImpl.invoke(DelegatingMethodAccessorImpl.java:43)
	at java.lang.reflect.Method.invoke(Method.java:498)
	at org.junit.runners.model.FrameworkMethod$1.runReflectiveCall(FrameworkMethod.java:47)
	at org.junit.internal.runners.model.ReflectiveCallable.run(ReflectiveCallable.java:12)
	at org.junit.runners.model.FrameworkMethod.invokeExplosively(FrameworkMethod.java:44)
	at org.junit.internal.runners.statements.InvokeMethod.evaluate(InvokeMethod.java:17)
	at org.junit.internal.runners.statements.FailOnTimeout$StatementThread.run(FailOnTimeout.java:74)
--- com.google.javascript.rhino.Node_ESTest::test099186
org.evosuite.runtime.mock.java.lang.MockIllegalArgumentException
	at com.google.common.base.Preconditions.checkArgument(Preconditions.java:77)
	at com.google.javascript.rhino.Node.addChildToFront(Node.java:600)
	at com.google.javascript.rhino.Node_ESTest.test099186(Node_ESTest.java:1431)
	at sun.reflect.NativeMethodAccessorImpl.invoke0(Native Method)
	at sun.reflect.NativeMethodAccessorImpl.invoke(NativeMethodAccessorImpl.java:62)
	at sun.reflect.DelegatingMethodAccessorImpl.invoke(DelegatingMethodAccessorImpl.java:43)
	at java.lang.reflect.Method.invoke(Method.java:498)
	at org.junit.runners.model.FrameworkMethod$1.runReflectiveCall(FrameworkMethod.java:47)
	at org.junit.internal.runners.model.ReflectiveCallable.run(ReflectiveCallable.java:12)
	at org.junit.runners.model.FrameworkMethod.invokeExplosively(FrameworkMethod.java:44)
	at org.junit.internal.runners.statements.InvokeMethod.evaluate(InvokeMethod.java:17)
	at org.junit.internal.runners.statements.FailOnTimeout$StatementThread.run(FailOnTimeout.java:74)
--- com.google.javascript.rhino.Node_ESTest::test05087
org.evosuite.runtime.mock.java.lang.MockIllegalStateException: unexpected prop id 33
	at com.google.javascript.rhino.Node.propToString(Node.java:142)
	at com.google.javascript.rhino.Node.toString(Node.java:987)
	at com.google.javascript.rhino.Node.toString(Node.java:946)
	at com.google.javascript.rhino.Node.toString(Node.java:938)
	at com.google.javascript.rhino.Node.toStringTreeHelper(Node.java:1035)
	at com.google.javascript.rhino.Node.appendStringTree(Node.java:1027)
	at com.google.javascript.rhino.Node.toStringTreeImpl(Node.java:1019)
	at com.google.javascript.rhino.Node.toStringTree(Node.java:1013)
	at com.google.javascript.rhino.Node_ESTest.test05087(Node_ESTest.java:657)
	at sun.reflect.NativeMethodAccessorImpl.invoke0(Native Method)
	at sun.reflect.NativeMethodAccessorImpl.invoke(NativeMethodAccessorImpl.java:62)
	at sun.reflect.DelegatingMethodAccessorImpl.invoke(DelegatingMethodAccessorImpl.java:43)
	at java.lang.reflect.Method.invoke(Method.java:498)
	at org.junit.runners.model.FrameworkMethod$1.runReflectiveCall(FrameworkMethod.java:47)
	at org.junit.internal.runners.model.ReflectiveCallable.run(ReflectiveCallable.java:12)
	at org.junit.runners.model.FrameworkMethod.invokeExplosively(FrameworkMethod.java:44)
	at org.junit.internal.runners.statements.InvokeMethod.evaluate(InvokeMethod.java:17)
	at org.junit.internal.runners.statements.FailOnTimeout$StatementThread.run(FailOnTimeout.java:74)
--- com.google.javascript.rhino.Node_ESTest::test068118
java.lang.UnsupportedOperationException: NE [change_time: com.google.javascript.rhino.Node$IntPropListItem@0000000002] is not a number node
	at com.google.javascript.rhino.Node.getDouble(Node.java:896)
	at com.google.javascript.rhino.Node_ESTest.test068118(Node_ESTest.java:902)
	at sun.reflect.NativeMethodAccessorImpl.invoke0(Native Method)
	at sun.reflect.NativeMethodAccessorImpl.invoke(NativeMethodAccessorImpl.java:62)
	at sun.reflect.DelegatingMethodAccessorImpl.invoke(DelegatingMethodAccessorImpl.java:43)
	at java.lang.reflect.Method.invoke(Method.java:498)
	at org.junit.runners.model.FrameworkMethod$1.runReflectiveCall(FrameworkMethod.java:47)
	at org.junit.internal.runners.model.ReflectiveCallable.run(ReflectiveCallable.java:12)
	at org.junit.runners.model.FrameworkMethod.invokeExplosively(FrameworkMethod.java:44)
	at org.junit.internal.runners.statements.InvokeMethod.evaluate(InvokeMethod.java:17)
	at org.junit.internal.runners.statements.FailOnTimeout$StatementThread.run(FailOnTimeout.java:74)
--- com.google.javascript.rhino.Node_ESTest::test115203
org.evosuite.runtime.mock.java.lang.MockIllegalArgumentException: The new child node has siblings.
	at com.google.common.base.Preconditions.checkArgument(Preconditions.java:93)
	at com.google.javascript.rhino.Node.replaceChild(Node.java:718)
	at com.google.javascript.rhino.Node_ESTest.test115203(Node_ESTest.java:1564)
	at sun.reflect.NativeMethodAccessorImpl.invoke0(Native Method)
	at sun.reflect.NativeMethodAccessorImpl.invoke(NativeMethodAccessorImpl.java:62)
	at sun.reflect.DelegatingMethodAccessorImpl.invoke(DelegatingMethodAccessorImpl.java:43)
	at java.lang.reflect.Method.invoke(Method.java:498)
	at org.junit.runners.model.FrameworkMethod$1.runReflectiveCall(FrameworkMethod.java:47)
	at org.junit.internal.runners.model.ReflectiveCallable.run(ReflectiveCallable.java:12)
	at org.junit.runners.model.FrameworkMethod.invokeExplosively(FrameworkMethod.java:44)
	at org.junit.internal.runners.statements.InvokeMethod.evaluate(InvokeMethod.java:17)
	at org.junit.internal.runners.statements.FailOnTimeout$StatementThread.run(FailOnTimeout.java:74)
--- com.google.javascript.rhino.Node_ESTest::test01928
org.evosuite.runtime.mock.java.lang.MockIllegalArgumentException: StringNode: str is null
	at com.google.javascript.rhino.Node$StringNode.<init>(Node.java:203)
	at com.google.javascript.rhino.Node.newString(Node.java:518)
	at com.google.javascript.rhino.Node_ESTest.test01928(Node_ESTest.java:243)
	at sun.reflect.NativeMethodAccessorImpl.invoke0(Native Method)
	at sun.reflect.NativeMethodAccessorImpl.invoke(NativeMethodAccessorImpl.java:62)
	at sun.reflect.DelegatingMethodAccessorImpl.invoke(DelegatingMethodAccessorImpl.java:43)
	at java.lang.reflect.Method.invoke(Method.java:498)
	at org.junit.runners.model.FrameworkMethod$1.runReflectiveCall(FrameworkMethod.java:47)
	at org.junit.internal.runners.model.ReflectiveCallable.run(ReflectiveCallable.java:12)
	at org.junit.runners.model.FrameworkMethod.invokeExplosively(FrameworkMethod.java:44)
	at org.junit.internal.runners.statements.InvokeMethod.evaluate(InvokeMethod.java:17)
	at org.junit.internal.runners.statements.FailOnTimeout$StatementThread.run(FailOnTimeout.java:74)
--- com.google.javascript.rhino.Node_ESTest::test098185
org.evosuite.runtime.mock.java.lang.MockIllegalArgumentException
	at com.google.common.base.Preconditions.checkArgument(Preconditions.java:77)
	at com.google.javascript.rhino.Node.addChildToFront(Node.java:599)
	at com.google.javascript.rhino.Node_ESTest.test098185(Node_ESTest.java:1422)
	at sun.reflect.NativeMethodAccessorImpl.invoke0(Native Method)
	at sun.reflect.NativeMethodAccessorImpl.invoke(NativeMethodAccessorImpl.java:62)
	at sun.reflect.DelegatingMethodAccessorImpl.invoke(DelegatingMethodAccessorImpl.java:43)
	at java.lang.reflect.Method.invoke(Method.java:498)
	at org.junit.runners.model.FrameworkMethod$1.runReflectiveCall(FrameworkMethod.java:47)
	at org.junit.internal.runners.model.ReflectiveCallable.run(ReflectiveCallable.java:12)
	at org.junit.runners.model.FrameworkMethod.invokeExplosively(FrameworkMethod.java:44)
	at org.junit.internal.runners.statements.InvokeMethod.evaluate(InvokeMethod.java:17)
	at org.junit.internal.runners.statements.FailOnTimeout$StatementThread.run(FailOnTimeout.java:74)
--- com.google.javascript.rhino.Node_ESTest::test126218
org.evosuite.runtime.mock.java.lang.MockIllegalStateException: missing prop: 4
	at com.google.javascript.rhino.Node.getExistingIntProp(Node.java:842)
	at com.google.javascript.rhino.Node_ESTest.test126218(Node_ESTest.java:1683)
	at sun.reflect.NativeMethodAccessorImpl.invoke0(Native Method)
	at sun.reflect.NativeMethodAccessorImpl.invoke(NativeMethodAccessorImpl.java:62)
	at sun.reflect.DelegatingMethodAccessorImpl.invoke(DelegatingMethodAccessorImpl.java:43)
	at java.lang.reflect.Method.invoke(Method.java:498)
	at org.junit.runners.model.FrameworkMethod$1.runReflectiveCall(FrameworkMethod.java:47)
	at org.junit.internal.runners.model.ReflectiveCallable.run(ReflectiveCallable.java:12)
	at org.junit.runners.model.FrameworkMethod.invokeExplosively(FrameworkMethod.java:44)
	at org.junit.internal.runners.statements.InvokeMethod.evaluate(InvokeMethod.java:17)
	at org.junit.internal.runners.statements.FailOnTimeout$StatementThread.run(FailOnTimeout.java:74)
--- com.google.javascript.rhino.Node_ESTest::test181361
java.lang.NullPointerException
	at com.google.javascript.rhino.Node.isUnscopedQualifiedName(Node.java:1623)
	at com.google.javascript.rhino.Node_ESTest.test181361(Node_ESTest.java:2830)
	at sun.reflect.NativeMethodAccessorImpl.invoke0(Native Method)
	at sun.reflect.NativeMethodAccessorImpl.invoke(NativeMethodAccessorImpl.java:62)
	at sun.reflect.DelegatingMethodAccessorImpl.invoke(DelegatingMethodAccessorImpl.java:43)
	at java.lang.reflect.Method.invoke(Method.java:498)
	at org.junit.runners.model.FrameworkMethod$1.runReflectiveCall(FrameworkMethod.java:47)
	at org.junit.internal.runners.model.ReflectiveCallable.run(ReflectiveCallable.java:12)
	at org.junit.runners.model.FrameworkMethod.invokeExplosively(FrameworkMethod.java:44)
	at org.junit.internal.runners.statements.InvokeMethod.evaluate(InvokeMethod.java:17)
	at org.junit.internal.runners.statements.FailOnTimeout$StatementThread.run(FailOnTimeout.java:74)
--- com.google.javascript.rhino.Node_ESTest::test05188
org.evosuite.runtime.mock.java.lang.MockIllegalStateException: unexpected prop id 34
	at com.google.javascript.rhino.Node.propToString(Node.java:142)
	at com.google.javascript.rhino.Node.toString(Node.java:987)
	at com.google.javascript.rhino.Node.toString(Node.java:946)
	at com.google.javascript.rhino.Node.toString(Node.java:938)
	at com.google.javascript.rhino.Node.toStringTreeHelper(Node.java:1035)
	at com.google.javascript.rhino.Node.appendStringTree(Node.java:1027)
	at com.google.javascript.rhino.Node.toStringTreeImpl(Node.java:1019)
	at com.google.javascript.rhino.Node.toStringTree(Node.java:1013)
	at com.google.javascript.rhino.Node_ESTest.test05188(Node_ESTest.java:665)
	at sun.reflect.NativeMethodAccessorImpl.invoke0(Native Method)
	at sun.reflect.NativeMethodAccessorImpl.invoke(NativeMethodAccessorImpl.java:62)
	at sun.reflect.DelegatingMethodAccessorImpl.invoke(DelegatingMethodAccessorImpl.java:43)
	at java.lang.reflect.Method.invoke(Method.java:498)
	at org.junit.runners.model.FrameworkMethod$1.runReflectiveCall(FrameworkMethod.java:47)
	at org.junit.internal.runners.model.ReflectiveCallable.run(ReflectiveCallable.java:12)
	at org.junit.runners.model.FrameworkMethod.invokeExplosively(FrameworkMethod.java:44)
	at org.junit.internal.runners.statements.InvokeMethod.evaluate(InvokeMethod.java:17)
	at org.junit.internal.runners.statements.FailOnTimeout$StatementThread.run(FailOnTimeout.java:74)
--- com.google.javascript.rhino.Node_ESTest::test0046
java.lang.UnsupportedOperationException: STRING ,n [quoted: com.google.javascript.rhino.Node$IntPropListItem@0000000002] is not a number node
	at com.google.javascript.rhino.Node.getDouble(Node.java:896)
	at com.google.javascript.rhino.Node_ESTest.test0046(Node_ESTest.java:92)
	at sun.reflect.NativeMethodAccessorImpl.invoke0(Native Method)
	at sun.reflect.NativeMethodAccessorImpl.invoke(NativeMethodAccessorImpl.java:62)
	at sun.reflect.DelegatingMethodAccessorImpl.invoke(DelegatingMethodAccessorImpl.java:43)
	at java.lang.reflect.Method.invoke(Method.java:498)
	at org.junit.runners.model.FrameworkMethod$1.runReflectiveCall(FrameworkMethod.java:47)
	at org.junit.internal.runners.model.ReflectiveCallable.run(ReflectiveCallable.java:12)
	at org.junit.runners.model.FrameworkMethod.invokeExplosively(FrameworkMethod.java:44)
	at org.junit.internal.runners.statements.InvokeMethod.evaluate(InvokeMethod.java:17)
	at org.junit.internal.runners.statements.FailOnTimeout$StatementThread.run(FailOnTimeout.java:74)
--- com.google.javascript.rhino.Node_ESTest::test148259
org.evosuite.runtime.mock.java.lang.MockIllegalArgumentException
	at com.google.common.base.Preconditions.checkArgument(Preconditions.java:77)
	at com.google.javascript.rhino.Node.getAncestor(Node.java:1335)
	at com.google.javascript.rhino.Node_ESTest.test148259(Node_ESTest.java:1997)
	at sun.reflect.NativeMethodAccessorImpl.invoke0(Native Method)
	at sun.reflect.NativeMethodAccessorImpl.invoke(NativeMethodAccessorImpl.java:62)
	at sun.reflect.DelegatingMethodAccessorImpl.invoke(DelegatingMethodAccessorImpl.java:43)
	at java.lang.reflect.Method.invoke(Method.java:498)
	at org.junit.runners.model.FrameworkMethod$1.runReflectiveCall(FrameworkMethod.java:47)
	at org.junit.internal.runners.model.ReflectiveCallable.run(ReflectiveCallable.java:12)
	at org.junit.runners.model.FrameworkMethod.invokeExplosively(FrameworkMethod.java:44)
	at org.junit.internal.runners.statements.InvokeMethod.evaluate(InvokeMethod.java:17)
	at org.junit.internal.runners.statements.FailOnTimeout$StatementThread.run(FailOnTimeout.java:74)
--- com.google.javascript.rhino.Node_ESTest::test05390
java.lang.UnsupportedOperationException: NEG [synthetic: com.google.javascript.rhino.Node$IntPropListItem@0000000002] is not a string node
	at com.google.javascript.rhino.Node.getString(Node.java:919)
	at com.google.javascript.rhino.Node_ESTest.test05390(Node_ESTest.java:679)
	at sun.reflect.NativeMethodAccessorImpl.invoke0(Native Method)
	at sun.reflect.NativeMethodAccessorImpl.invoke(NativeMethodAccessorImpl.java:62)
	at sun.reflect.DelegatingMethodAccessorImpl.invoke(DelegatingMethodAccessorImpl.java:43)
	at java.lang.reflect.Method.invoke(Method.java:498)
	at org.junit.runners.model.FrameworkMethod$1.runReflectiveCall(FrameworkMethod.java:47)
	at org.junit.internal.runners.model.ReflectiveCallable.run(ReflectiveCallable.java:12)
	at org.junit.runners.model.FrameworkMethod.invokeExplosively(FrameworkMethod.java:44)
	at org.junit.internal.runners.statements.InvokeMethod.evaluate(InvokeMethod.java:17)
	at org.junit.internal.runners.statements.FailOnTimeout$StatementThread.run(FailOnTimeout.java:74)
--- com.google.javascript.rhino.Node_ESTest::test116204
org.evosuite.runtime.mock.java.lang.MockIllegalArgumentException: The new child node already has a parent.
	at com.google.common.base.Preconditions.checkArgument(Preconditions.java:93)
	at com.google.javascript.rhino.Node.replaceChild(Node.java:720)
	at com.google.javascript.rhino.Node_ESTest.test116204(Node_ESTest.java:1571)
	at sun.reflect.NativeMethodAccessorImpl.invoke0(Native Method)
	at sun.reflect.NativeMethodAccessorImpl.invoke(NativeMethodAccessorImpl.java:62)
	at sun.reflect.DelegatingMethodAccessorImpl.invoke(DelegatingMethodAccessorImpl.java:43)
	at java.lang.reflect.Method.invoke(Method.java:498)
	at org.junit.runners.model.FrameworkMethod$1.runReflectiveCall(FrameworkMethod.java:47)
	at org.junit.internal.runners.model.ReflectiveCallable.run(ReflectiveCallable.java:12)
	at org.junit.runners.model.FrameworkMethod.invokeExplosively(FrameworkMethod.java:44)
	at org.junit.internal.runners.statements.InvokeMethod.evaluate(InvokeMethod.java:17)
	at org.junit.internal.runners.statements.FailOnTimeout$StatementThread.run(FailOnTimeout.java:74)
--- com.google.javascript.rhino.Node_ESTest::test05289
org.evosuite.runtime.mock.java.lang.MockIllegalStateException: unexpected prop id 35
	at com.google.javascript.rhino.Node.propToString(Node.java:142)
	at com.google.javascript.rhino.Node.toString(Node.java:987)
	at com.google.javascript.rhino.Node.toString(Node.java:946)
	at com.google.javascript.rhino.Node.toString(Node.java:938)
	at com.google.javascript.rhino.Node.toStringTreeHelper(Node.java:1035)
	at com.google.javascript.rhino.Node.appendStringTree(Node.java:1027)
	at com.google.javascript.rhino.Node.toStringTreeImpl(Node.java:1019)
	at com.google.javascript.rhino.Node.toStringTree(Node.java:1013)
	at com.google.javascript.rhino.Node_ESTest.test05289(Node_ESTest.java:672)
	at sun.reflect.NativeMethodAccessorImpl.invoke0(Native Method)
	at sun.reflect.NativeMethodAccessorImpl.invoke(NativeMethodAccessorImpl.java:62)
	at sun.reflect.DelegatingMethodAccessorImpl.invoke(DelegatingMethodAccessorImpl.java:43)
	at java.lang.reflect.Method.invoke(Method.java:498)
	at org.junit.runners.model.FrameworkMethod$1.runReflectiveCall(FrameworkMethod.java:47)
	at org.junit.internal.runners.model.ReflectiveCallable.run(ReflectiveCallable.java:12)
	at org.junit.runners.model.FrameworkMethod.invokeExplosively(FrameworkMethod.java:44)
	at org.junit.internal.runners.statements.InvokeMethod.evaluate(InvokeMethod.java:17)
	at org.junit.internal.runners.statements.FailOnTimeout$StatementThread.run(FailOnTimeout.java:74)
--- com.google.javascript.rhino.Node_ESTest::test087151
org.evosuite.runtime.mock.java.lang.MockIllegalArgumentException
	at com.google.common.base.Preconditions.checkArgument(Preconditions.java:77)
	at com.google.javascript.rhino.Node.<init>(Node.java:491)
	at com.google.javascript.rhino.Node.<init>(Node.java:471)
	at com.google.javascript.rhino.Node_ESTest.test087151(Node_ESTest.java:1154)
	at sun.reflect.NativeMethodAccessorImpl.invoke0(Native Method)
	at sun.reflect.NativeMethodAccessorImpl.invoke(NativeMethodAccessorImpl.java:62)
	at sun.reflect.DelegatingMethodAccessorImpl.invoke(DelegatingMethodAccessorImpl.java:43)
	at java.lang.reflect.Method.invoke(Method.java:498)
	at org.junit.runners.model.FrameworkMethod$1.runReflectiveCall(FrameworkMethod.java:47)
	at org.junit.internal.runners.model.ReflectiveCallable.run(ReflectiveCallable.java:12)
	at org.junit.runners.model.FrameworkMethod.invokeExplosively(FrameworkMethod.java:44)
	at org.junit.internal.runners.statements.InvokeMethod.evaluate(InvokeMethod.java:17)
	at org.junit.internal.runners.statements.FailOnTimeout$StatementThread.run(FailOnTimeout.java:74)
--- com.google.javascript.rhino.Node_ESTest::test101188
org.evosuite.runtime.mock.java.lang.MockIllegalArgumentException
	at com.google.common.base.Preconditions.checkArgument(Preconditions.java:77)
	at com.google.javascript.rhino.Node.addChildrenToFront(Node.java:624)
	at com.google.javascript.rhino.Node_ESTest.test101188(Node_ESTest.java:1445)
	at sun.reflect.NativeMethodAccessorImpl.invoke0(Native Method)
	at sun.reflect.NativeMethodAccessorImpl.invoke(NativeMethodAccessorImpl.java:62)
	at sun.reflect.DelegatingMethodAccessorImpl.invoke(DelegatingMethodAccessorImpl.java:43)
	at java.lang.reflect.Method.invoke(Method.java:498)
	at org.junit.runners.model.FrameworkMethod$1.runReflectiveCall(FrameworkMethod.java:47)
	at org.junit.internal.runners.model.ReflectiveCallable.run(ReflectiveCallable.java:12)
	at org.junit.runners.model.FrameworkMethod.invokeExplosively(FrameworkMethod.java:44)
	at org.junit.internal.runners.statements.InvokeMethod.evaluate(InvokeMethod.java:17)
	at org.junit.internal.runners.statements.FailOnTimeout$StatementThread.run(FailOnTimeout.java:74)
--- com.google.javascript.rhino.Node_ESTest::test127219
org.evosuite.runtime.mock.java.lang.MockIllegalStateException: Number node not created with Node.newNumber
	at com.google.javascript.rhino.Node.getDouble(Node.java:893)
	at com.google.javascript.rhino.Node.toString(Node.java:971)
	at com.google.javascript.rhino.Node.toString(Node.java:946)
	at com.google.javascript.rhino.Node.toString(Node.java:938)
	at com.google.javascript.rhino.Node.toStringTreeHelper(Node.java:1035)
	at com.google.javascript.rhino.Node.appendStringTree(Node.java:1027)
	at com.google.javascript.rhino.Node.toStringTreeImpl(Node.java:1019)
	at com.google.javascript.rhino.Node.toStringTree(Node.java:1013)
	at com.google.javascript.rhino.Node_ESTest.test127219(Node_ESTest.java:1689)
	at sun.reflect.NativeMethodAccessorImpl.invoke0(Native Method)
	at sun.reflect.NativeMethodAccessorImpl.invoke(NativeMethodAccessorImpl.java:62)
	at sun.reflect.DelegatingMethodAccessorImpl.invoke(DelegatingMethodAccessorImpl.java:43)
	at java.lang.reflect.Method.invoke(Method.java:498)
	at org.junit.runners.model.FrameworkMethod$1.runReflectiveCall(FrameworkMethod.java:47)
	at org.junit.internal.runners.model.ReflectiveCallable.run(ReflectiveCallable.java:12)
	at org.junit.runners.model.FrameworkMethod.invokeExplosively(FrameworkMethod.java:44)
	at org.junit.internal.runners.statements.InvokeMethod.evaluate(InvokeMethod.java:17)
	at org.junit.internal.runners.statements.FailOnTimeout$StatementThread.run(FailOnTimeout.java:74)
--- com.google.javascript.rhino.Node_ESTest::test04071
org.evosuite.runtime.mock.java.lang.MockIllegalStateException: not a StringNode
	at com.google.javascript.rhino.Node.setQuotedString(Node.java:2191)
	at com.google.javascript.rhino.Node_ESTest.test04071(Node_ESTest.java:542)
	at sun.reflect.NativeMethodAccessorImpl.invoke0(Native Method)
	at sun.reflect.NativeMethodAccessorImpl.invoke(NativeMethodAccessorImpl.java:62)
	at sun.reflect.DelegatingMethodAccessorImpl.invoke(DelegatingMethodAccessorImpl.java:43)
	at java.lang.reflect.Method.invoke(Method.java:498)
	at org.junit.runners.model.FrameworkMethod$1.runReflectiveCall(FrameworkMethod.java:47)
	at org.junit.internal.runners.model.ReflectiveCallable.run(ReflectiveCallable.java:12)
	at org.junit.runners.model.FrameworkMethod.invokeExplosively(FrameworkMethod.java:44)
	at org.junit.internal.runners.statements.InvokeMethod.evaluate(InvokeMethod.java:17)
	at org.junit.internal.runners.statements.FailOnTimeout$StatementThread.run(FailOnTimeout.java:74)
