--- com.google.javascript.jscomp.DevirtualizePrototypeMethods_ESTest::test00
org.evosuite.runtime.mock.java.lang.MockRuntimeException: INTERNAL COMPILER ERROR.
Please report this problem.
Unexpected lValue type GETPROP
  Node(GETPROP):  [testcode] :1:0
[source unknown]
  Parent(EXPR_RESULT):  [testcode] :1:0
[source unknown]

	at com.google.javascript.jscomp.Compiler.throwInternalError(Compiler.java:1442)
	at com.google.javascript.jscomp.NodeTraversal.throwUnexpectedException(NodeTraversal.java:234)
	at com.google.javascript.jscomp.NodeTraversal.traverse(NodeTraversal.java:256)
	at com.google.javascript.jscomp.NodeTraversal.traverse(NodeTraversal.java:426)
	at com.google.javascript.jscomp.SimpleDefinitionFinder.process(SimpleDefinitionFinder.java:95)
	at com.google.javascript.jscomp.DevirtualizePrototypeMethods.process(DevirtualizePrototypeMethods.java:77)
	at com.google.javascript.jscomp.DevirtualizePrototypeMethods_ESTest.test00(DevirtualizePrototypeMethods_ESTest.java:26)
	at sun.reflect.NativeMethodAccessorImpl.invoke0(Native Method)
	at sun.reflect.NativeMethodAccessorImpl.invoke(NativeMethodAccessorImpl.java:62)
	at sun.reflect.DelegatingMethodAccessorImpl.invoke(DelegatingMethodAccessorImpl.java:43)
	at java.lang.reflect.Method.invoke(Method.java:498)
	at org.junit.runners.model.FrameworkMethod$1.runReflectiveCall(FrameworkMethod.java:47)
	at org.junit.internal.runners.model.ReflectiveCallable.run(ReflectiveCallable.java:12)
	at org.junit.runners.model.FrameworkMethod.invokeExplosively(FrameworkMethod.java:44)
	at org.junit.internal.runners.statements.InvokeMethod.evaluate(InvokeMethod.java:17)
	at org.junit.internal.runners.statements.FailOnTimeout$StatementThread.run(FailOnTimeout.java:74)
Caused by: org.evosuite.runtime.mock.java.lang.MockIllegalArgumentException: Unexpected lValue type GETPROP
	at com.google.common.base.Preconditions.checkArgument(Preconditions.java:90)
	at com.google.javascript.jscomp.DefinitionsRemover$IncompleteDefinition.<init>(DefinitionsRemover.java:95)
	at com.google.javascript.jscomp.DefinitionsRemover$ExternalNameOnlyDefinition.<init>(DefinitionsRemover.java:134)
	at com.google.javascript.jscomp.SimpleDefinitionFinder$DefinitionGatheringCallback.visit(SimpleDefinitionFinder.java:186)
	at com.google.javascript.jscomp.NodeTraversal.traverseBranch(NodeTraversal.java:477)
	at com.google.javascript.jscomp.NodeTraversal.traverseBranch(NodeTraversal.java:470)
	at com.google.javascript.jscomp.NodeTraversal.traverseBranch(NodeTraversal.java:470)
	at com.google.javascript.jscomp.NodeTraversal.traverse(NodeTraversal.java:253)
	... 13 more
--- com.google.javascript.jscomp.DevirtualizePrototypeMethods_ESTest::test22
org.evosuite.runtime.mock.java.lang.MockRuntimeException: INTERNAL COMPILER ERROR.
Please report this problem.
Unexpected lValue type NAME
  Node(NAME J$):  [testcode] :1:0
[source unknown]
  Parent(ASSIGN):  [testcode] :1:2
[source unknown]

	at com.google.javascript.jscomp.Compiler.throwInternalError(Compiler.java:1442)
	at com.google.javascript.jscomp.NodeTraversal.throwUnexpectedException(NodeTraversal.java:234)
	at com.google.javascript.jscomp.NodeTraversal.traverse(NodeTraversal.java:256)
	at com.google.javascript.jscomp.NodeTraversal.traverse(NodeTraversal.java:426)
	at com.google.javascript.jscomp.SimpleDefinitionFinder.process(SimpleDefinitionFinder.java:95)
	at com.google.javascript.jscomp.DevirtualizePrototypeMethods.process(DevirtualizePrototypeMethods.java:77)
	at com.google.javascript.jscomp.DevirtualizePrototypeMethods_ESTest.test22(DevirtualizePrototypeMethods_ESTest.java:42)
	at sun.reflect.NativeMethodAccessorImpl.invoke0(Native Method)
	at sun.reflect.NativeMethodAccessorImpl.invoke(NativeMethodAccessorImpl.java:62)
	at sun.reflect.DelegatingMethodAccessorImpl.invoke(DelegatingMethodAccessorImpl.java:43)
	at java.lang.reflect.Method.invoke(Method.java:498)
	at org.junit.runners.model.FrameworkMethod$1.runReflectiveCall(FrameworkMethod.java:47)
	at org.junit.internal.runners.model.ReflectiveCallable.run(ReflectiveCallable.java:12)
	at org.junit.runners.model.FrameworkMethod.invokeExplosively(FrameworkMethod.java:44)
	at org.junit.internal.runners.statements.InvokeMethod.evaluate(InvokeMethod.java:17)
	at org.junit.internal.runners.statements.FailOnTimeout$StatementThread.run(FailOnTimeout.java:74)
Caused by: org.evosuite.runtime.mock.java.lang.MockIllegalArgumentException: Unexpected lValue type NAME
	at com.google.common.base.Preconditions.checkArgument(Preconditions.java:90)
	at com.google.javascript.jscomp.DefinitionsRemover$IncompleteDefinition.<init>(DefinitionsRemover.java:95)
	at com.google.javascript.jscomp.DefinitionsRemover$UnknownDefinition.<init>(DefinitionsRemover.java:118)
	at com.google.javascript.jscomp.SimpleDefinitionFinder$DefinitionGatheringCallback.visit(SimpleDefinitionFinder.java:167)
	at com.google.javascript.jscomp.NodeTraversal.traverseBranch(NodeTraversal.java:477)
	at com.google.javascript.jscomp.NodeTraversal.traverseBranch(NodeTraversal.java:470)
	at com.google.javascript.jscomp.NodeTraversal.traverseBranch(NodeTraversal.java:470)
	at com.google.javascript.jscomp.NodeTraversal.traverseBranch(NodeTraversal.java:470)
	at com.google.javascript.jscomp.NodeTraversal.traverse(NodeTraversal.java:253)
	... 13 more
