--- org.apache.commons.math.linear.ArrayRealVector_ESTest::test04242
java.lang.NullPointerException
	at org.apache.commons.math.linear.ArrayRealVector.<init>(ArrayRealVector.java:159)
	at org.apache.commons.math.linear.ArrayRealVector_ESTest.test04242(ArrayRealVector_ESTest.java:601)
	at sun.reflect.NativeMethodAccessorImpl.invoke0(Native Method)
	at sun.reflect.NativeMethodAccessorImpl.invoke(NativeMethodAccessorImpl.java:62)
	at sun.reflect.DelegatingMethodAccessorImpl.invoke(DelegatingMethodAccessorImpl.java:43)
	at java.lang.reflect.Method.invoke(Method.java:498)
	at org.junit.runners.model.FrameworkMethod$1.runReflectiveCall(FrameworkMethod.java:47)
	at org.junit.internal.runners.model.ReflectiveCallable.run(ReflectiveCallable.java:12)
	at org.junit.runners.model.FrameworkMethod.invokeExplosively(FrameworkMethod.java:44)
	at org.junit.internal.runners.statements.InvokeMethod.evaluate(InvokeMethod.java:17)
	at org.junit.internal.runners.statements.FailOnTimeout$StatementThread.run(FailOnTimeout.java:74)
--- org.apache.commons.math.linear.ArrayRealVector_ESTest::test106106
java.lang.ArrayIndexOutOfBoundsException: 0
	at org.apache.commons.math.linear.ArrayRealVector.getEntry(ArrayRealVector.java:946)
	at org.apache.commons.math.linear.AbstractRealVector$EntryImpl.getValue(AbstractRealVector.java:797)
	at org.apache.commons.math.linear.AbstractRealVector$SparseEntryIterator.<init>(AbstractRealVector.java:837)
	at org.apache.commons.math.linear.AbstractRealVector.sparseIterator(AbstractRealVector.java:740)
	at org.apache.commons.math.linear.ArrayRealVector_ESTest.test106106(ArrayRealVector_ESTest.java:1586)
	at sun.reflect.NativeMethodAccessorImpl.invoke0(Native Method)
	at sun.reflect.NativeMethodAccessorImpl.invoke(NativeMethodAccessorImpl.java:62)
	at sun.reflect.DelegatingMethodAccessorImpl.invoke(DelegatingMethodAccessorImpl.java:43)
	at java.lang.reflect.Method.invoke(Method.java:498)
	at org.junit.runners.model.FrameworkMethod$1.runReflectiveCall(FrameworkMethod.java:47)
	at org.junit.internal.runners.model.ReflectiveCallable.run(ReflectiveCallable.java:12)
	at org.junit.runners.model.FrameworkMethod.invokeExplosively(FrameworkMethod.java:44)
	at org.junit.internal.runners.statements.InvokeMethod.evaluate(InvokeMethod.java:17)
	at org.junit.internal.runners.statements.FailOnTimeout$StatementThread.run(FailOnTimeout.java:74)
--- org.apache.commons.math.linear.ArrayRealVector_ESTest::test01010
java.lang.NegativeArraySizeException
	at org.apache.commons.math.linear.ArrayRealVector.<init>(ArrayRealVector.java:74)
	at org.apache.commons.math.linear.ArrayRealVector_ESTest.test01010(ArrayRealVector_ESTest.java:229)
	at sun.reflect.NativeMethodAccessorImpl.invoke0(Native Method)
	at sun.reflect.NativeMethodAccessorImpl.invoke(NativeMethodAccessorImpl.java:62)
	at sun.reflect.DelegatingMethodAccessorImpl.invoke(DelegatingMethodAccessorImpl.java:43)
	at java.lang.reflect.Method.invoke(Method.java:498)
	at org.junit.runners.model.FrameworkMethod$1.runReflectiveCall(FrameworkMethod.java:47)
	at org.junit.internal.runners.model.ReflectiveCallable.run(ReflectiveCallable.java:12)
	at org.junit.runners.model.FrameworkMethod.invokeExplosively(FrameworkMethod.java:44)
	at org.junit.internal.runners.statements.InvokeMethod.evaluate(InvokeMethod.java:17)
	at org.junit.internal.runners.statements.FailOnTimeout$StatementThread.run(FailOnTimeout.java:74)
--- org.apache.commons.math.linear.ArrayRealVector_ESTest::test03030
org.apache.commons.math.linear.MatrixIndexException: index 3,515 out of allowed range [0, 0]
	at org.apache.commons.math.linear.AbstractRealVector.checkIndex(AbstractRealVector.java:71)
	at org.apache.commons.math.linear.ArrayRealVector_ESTest.test03030(ArrayRealVector_ESTest.java:454)
	at sun.reflect.NativeMethodAccessorImpl.invoke0(Native Method)
	at sun.reflect.NativeMethodAccessorImpl.invoke(NativeMethodAccessorImpl.java:62)
	at sun.reflect.DelegatingMethodAccessorImpl.invoke(DelegatingMethodAccessorImpl.java:43)
	at java.lang.reflect.Method.invoke(Method.java:498)
	at org.junit.runners.model.FrameworkMethod$1.runReflectiveCall(FrameworkMethod.java:47)
	at org.junit.internal.runners.model.ReflectiveCallable.run(ReflectiveCallable.java:12)
	at org.junit.runners.model.FrameworkMethod.invokeExplosively(FrameworkMethod.java:44)
	at org.junit.internal.runners.statements.InvokeMethod.evaluate(InvokeMethod.java:17)
	at org.junit.internal.runners.statements.FailOnTimeout$StatementThread.run(FailOnTimeout.java:74)
--- org.apache.commons.math.linear.ArrayRealVector_ESTest::test08686
java.lang.NullPointerException
	at org.apache.commons.math.linear.ArrayRealVector.checkVectorDimensions(ArrayRealVector.java:1069)
	at org.apache.commons.math.linear.ArrayRealVector.getL1Distance(ArrayRealVector.java:778)
	at org.apache.commons.math.linear.ArrayRealVector_ESTest.test08686(ArrayRealVector_ESTest.java:1273)
	at sun.reflect.NativeMethodAccessorImpl.invoke0(Native Method)
	at sun.reflect.NativeMethodAccessorImpl.invoke(NativeMethodAccessorImpl.java:62)
	at sun.reflect.DelegatingMethodAccessorImpl.invoke(DelegatingMethodAccessorImpl.java:43)
	at java.lang.reflect.Method.invoke(Method.java:498)
	at org.junit.runners.model.FrameworkMethod$1.runReflectiveCall(FrameworkMethod.java:47)
	at org.junit.internal.runners.model.ReflectiveCallable.run(ReflectiveCallable.java:12)
	at org.junit.runners.model.FrameworkMethod.invokeExplosively(FrameworkMethod.java:44)
	at org.junit.internal.runners.statements.InvokeMethod.evaluate(InvokeMethod.java:17)
	at org.junit.internal.runners.statements.FailOnTimeout$StatementThread.run(FailOnTimeout.java:74)
--- org.apache.commons.math.linear.ArrayRealVector_ESTest::test02222
java.lang.NegativeArraySizeException
	at org.apache.commons.math.linear.ArrayRealVector.<init>(ArrayRealVector.java:65)
	at org.apache.commons.math.linear.ArrayRealVector_ESTest.test02222(ArrayRealVector_ESTest.java:359)
	at sun.reflect.NativeMethodAccessorImpl.invoke0(Native Method)
	at sun.reflect.NativeMethodAccessorImpl.invoke(NativeMethodAccessorImpl.java:62)
	at sun.reflect.DelegatingMethodAccessorImpl.invoke(DelegatingMethodAccessorImpl.java:43)
	at java.lang.reflect.Method.invoke(Method.java:498)
	at org.junit.runners.model.FrameworkMethod$1.runReflectiveCall(FrameworkMethod.java:47)
	at org.junit.internal.runners.model.ReflectiveCallable.run(ReflectiveCallable.java:12)
	at org.junit.runners.model.FrameworkMethod.invokeExplosively(FrameworkMethod.java:44)
	at org.junit.internal.runners.statements.InvokeMethod.evaluate(InvokeMethod.java:17)
	at org.junit.internal.runners.statements.FailOnTimeout$StatementThread.run(FailOnTimeout.java:74)
--- org.apache.commons.math.linear.ArrayRealVector_ESTest::test07474
org.apache.commons.math.MathRuntimeException$4: vector length mismatch: got 5 but expected 3
	at org.apache.commons.math.MathRuntimeException.createIllegalArgumentException(MathRuntimeException.java:305)
	at org.apache.commons.math.linear.ArrayRealVector.checkVectorDimensions(ArrayRealVector.java:1082)
	at org.apache.commons.math.linear.ArrayRealVector.dotProduct(ArrayRealVector.java:677)
	at org.apache.commons.math.linear.ArrayRealVector.dotProduct(ArrayRealVector.java:693)
	at org.apache.commons.math.linear.ArrayRealVector.projection(ArrayRealVector.java:898)
	at org.apache.commons.math.linear.ArrayRealVector.projection(ArrayRealVector.java:889)
	at org.apache.commons.math.linear.ArrayRealVector_ESTest.test07474(ArrayRealVector_ESTest.java:1069)
	at sun.reflect.NativeMethodAccessorImpl.invoke0(Native Method)
	at sun.reflect.NativeMethodAccessorImpl.invoke(NativeMethodAccessorImpl.java:62)
	at sun.reflect.DelegatingMethodAccessorImpl.invoke(DelegatingMethodAccessorImpl.java:43)
	at java.lang.reflect.Method.invoke(Method.java:498)
	at org.junit.runners.model.FrameworkMethod$1.runReflectiveCall(FrameworkMethod.java:47)
	at org.junit.internal.runners.model.ReflectiveCallable.run(ReflectiveCallable.java:12)
	at org.junit.runners.model.FrameworkMethod.invokeExplosively(FrameworkMethod.java:44)
	at org.junit.internal.runners.statements.InvokeMethod.evaluate(InvokeMethod.java:17)
	at org.junit.internal.runners.statements.FailOnTimeout$StatementThread.run(FailOnTimeout.java:74)
--- org.apache.commons.math.linear.ArrayRealVector_ESTest::test06666
java.lang.NullPointerException
	at org.apache.commons.math.linear.ArrayRealVector.<init>(ArrayRealVector.java:215)
	at org.apache.commons.math.linear.ArrayRealVector_ESTest.test06666(ArrayRealVector_ESTest.java:955)
	at sun.reflect.NativeMethodAccessorImpl.invoke0(Native Method)
	at sun.reflect.NativeMethodAccessorImpl.invoke(NativeMethodAccessorImpl.java:62)
	at sun.reflect.DelegatingMethodAccessorImpl.invoke(DelegatingMethodAccessorImpl.java:43)
	at java.lang.reflect.Method.invoke(Method.java:498)
	at org.junit.runners.model.FrameworkMethod$1.runReflectiveCall(FrameworkMethod.java:47)
	at org.junit.internal.runners.model.ReflectiveCallable.run(ReflectiveCallable.java:12)
	at org.junit.runners.model.FrameworkMethod.invokeExplosively(FrameworkMethod.java:44)
	at org.junit.internal.runners.statements.InvokeMethod.evaluate(InvokeMethod.java:17)
	at org.junit.internal.runners.statements.FailOnTimeout$StatementThread.run(FailOnTimeout.java:74)
--- org.apache.commons.math.linear.ArrayRealVector_ESTest::test05454
org.apache.commons.math.linear.MatrixIndexException: index 2,155 out of allowed range [0, 1]
	at org.apache.commons.math.linear.AbstractRealVector.checkIndex(AbstractRealVector.java:71)
	at org.apache.commons.math.linear.ArrayRealVector.setSubVector(ArrayRealVector.java:1027)
	at org.apache.commons.math.linear.ArrayRealVector.set(ArrayRealVector.java:1042)
	at org.apache.commons.math.linear.ArrayRealVector.setSubVector(ArrayRealVector.java:1010)
	at org.apache.commons.math.linear.ArrayRealVector_ESTest.test05454(ArrayRealVector_ESTest.java:778)
	at sun.reflect.NativeMethodAccessorImpl.invoke0(Native Method)
	at sun.reflect.NativeMethodAccessorImpl.invoke(NativeMethodAccessorImpl.java:62)
	at sun.reflect.DelegatingMethodAccessorImpl.invoke(DelegatingMethodAccessorImpl.java:43)
	at java.lang.reflect.Method.invoke(Method.java:498)
	at org.junit.runners.model.FrameworkMethod$1.runReflectiveCall(FrameworkMethod.java:47)
	at org.junit.internal.runners.model.ReflectiveCallable.run(ReflectiveCallable.java:12)
	at org.junit.runners.model.FrameworkMethod.invokeExplosively(FrameworkMethod.java:44)
	at org.junit.internal.runners.statements.InvokeMethod.evaluate(InvokeMethod.java:17)
	at org.junit.internal.runners.statements.FailOnTimeout$StatementThread.run(FailOnTimeout.java:74)
--- org.apache.commons.math.linear.ArrayRealVector_ESTest::test148148
org.apache.commons.math.linear.MatrixIndexException: index 17 out of allowed range [0, -1]
	at org.apache.commons.math.linear.AbstractRealVector.checkIndex(AbstractRealVector.java:71)
	at org.apache.commons.math.linear.ArrayRealVector.setSubVector(ArrayRealVector.java:1027)
	at org.apache.commons.math.linear.ArrayRealVector_ESTest.test148148(ArrayRealVector_ESTest.java:2301)
	at sun.reflect.NativeMethodAccessorImpl.invoke0(Native Method)
	at sun.reflect.NativeMethodAccessorImpl.invoke(NativeMethodAccessorImpl.java:62)
	at sun.reflect.DelegatingMethodAccessorImpl.invoke(DelegatingMethodAccessorImpl.java:43)
	at java.lang.reflect.Method.invoke(Method.java:498)
	at org.junit.runners.model.FrameworkMethod$1.runReflectiveCall(FrameworkMethod.java:47)
	at org.junit.internal.runners.model.ReflectiveCallable.run(ReflectiveCallable.java:12)
	at org.junit.runners.model.FrameworkMethod.invokeExplosively(FrameworkMethod.java:44)
	at org.junit.internal.runners.statements.InvokeMethod.evaluate(InvokeMethod.java:17)
	at org.junit.internal.runners.statements.FailOnTimeout$StatementThread.run(FailOnTimeout.java:74)
--- org.apache.commons.math.linear.ArrayRealVector_ESTest::test08282
org.apache.commons.math.MathRuntimeException$4: vector length mismatch: got 0 but expected 8
	at org.apache.commons.math.MathRuntimeException.createIllegalArgumentException(MathRuntimeException.java:305)
	at org.apache.commons.math.linear.ArrayRealVector.checkVectorDimensions(ArrayRealVector.java:1082)
	at org.apache.commons.math.linear.ArrayRealVector.ebeDivide(ArrayRealVector.java:624)
	at org.apache.commons.math.linear.ArrayRealVector_ESTest.test08282(ArrayRealVector_ESTest.java:1214)
	at sun.reflect.NativeMethodAccessorImpl.invoke0(Native Method)
	at sun.reflect.NativeMethodAccessorImpl.invoke(NativeMethodAccessorImpl.java:62)
	at sun.reflect.DelegatingMethodAccessorImpl.invoke(DelegatingMethodAccessorImpl.java:43)
	at java.lang.reflect.Method.invoke(Method.java:498)
	at org.junit.runners.model.FrameworkMethod$1.runReflectiveCall(FrameworkMethod.java:47)
	at org.junit.internal.runners.model.ReflectiveCallable.run(ReflectiveCallable.java:12)
	at org.junit.runners.model.FrameworkMethod.invokeExplosively(FrameworkMethod.java:44)
	at org.junit.internal.runners.statements.InvokeMethod.evaluate(InvokeMethod.java:17)
	at org.junit.internal.runners.statements.FailOnTimeout$StatementThread.run(FailOnTimeout.java:74)
--- org.apache.commons.math.linear.ArrayRealVector_ESTest::test07070
org.apache.commons.math.MathRuntimeException$4: vector length mismatch: got 0 but expected 5
	at org.apache.commons.math.MathRuntimeException.createIllegalArgumentException(MathRuntimeException.java:305)
	at org.apache.commons.math.linear.ArrayRealVector.checkVectorDimensions(ArrayRealVector.java:1082)
	at org.apache.commons.math.linear.ArrayRealVector.getLInfDistance(ArrayRealVector.java:837)
	at org.apache.commons.math.linear.ArrayRealVector.getLInfDistance(ArrayRealVector.java:861)
	at org.apache.commons.math.linear.ArrayRealVector_ESTest.test07070(ArrayRealVector_ESTest.java:1007)
	at sun.reflect.NativeMethodAccessorImpl.invoke0(Native Method)
	at sun.reflect.NativeMethodAccessorImpl.invoke(NativeMethodAccessorImpl.java:62)
	at sun.reflect.DelegatingMethodAccessorImpl.invoke(DelegatingMethodAccessorImpl.java:43)
	at java.lang.reflect.Method.invoke(Method.java:498)
	at org.junit.runners.model.FrameworkMethod$1.runReflectiveCall(FrameworkMethod.java:47)
	at org.junit.internal.runners.model.ReflectiveCallable.run(ReflectiveCallable.java:12)
	at org.junit.runners.model.FrameworkMethod.invokeExplosively(FrameworkMethod.java:44)
	at org.junit.internal.runners.statements.InvokeMethod.evaluate(InvokeMethod.java:17)
	at org.junit.internal.runners.statements.FailOnTimeout$StatementThread.run(FailOnTimeout.java:74)
--- org.apache.commons.math.linear.ArrayRealVector_ESTest::test125125
org.apache.commons.math.linear.MatrixIndexException: index 1,627 out of allowed range [0, -1]
	at org.apache.commons.math.linear.AbstractRealVector.checkIndex(AbstractRealVector.java:71)
	at org.apache.commons.math.linear.ArrayRealVector.getSubVector(ArrayRealVector.java:991)
	at org.apache.commons.math.linear.ArrayRealVector_ESTest.test125125(ArrayRealVector_ESTest.java:1847)
	at sun.reflect.NativeMethodAccessorImpl.invoke0(Native Method)
	at sun.reflect.NativeMethodAccessorImpl.invoke(NativeMethodAccessorImpl.java:62)
	at sun.reflect.DelegatingMethodAccessorImpl.invoke(DelegatingMethodAccessorImpl.java:43)
	at java.lang.reflect.Method.invoke(Method.java:498)
	at org.junit.runners.model.FrameworkMethod$1.runReflectiveCall(FrameworkMethod.java:47)
	at org.junit.internal.runners.model.ReflectiveCallable.run(ReflectiveCallable.java:12)
	at org.junit.runners.model.FrameworkMethod.invokeExplosively(FrameworkMethod.java:44)
	at org.junit.internal.runners.statements.InvokeMethod.evaluate(InvokeMethod.java:17)
	at org.junit.internal.runners.statements.FailOnTimeout$StatementThread.run(FailOnTimeout.java:74)
--- org.apache.commons.math.linear.ArrayRealVector_ESTest::test09494
org.apache.commons.math.MathRuntimeException$4: vector length mismatch: got 20 but expected 9
	at org.apache.commons.math.MathRuntimeException.createIllegalArgumentException(MathRuntimeException.java:305)
	at org.apache.commons.math.linear.ArrayRealVector.checkVectorDimensions(ArrayRealVector.java:1082)
	at org.apache.commons.math.linear.ArrayRealVector.ebeDivide(ArrayRealVector.java:624)
	at org.apache.commons.math.linear.ArrayRealVector_ESTest.test09494(ArrayRealVector_ESTest.java:1394)
	at sun.reflect.NativeMethodAccessorImpl.invoke0(Native Method)
	at sun.reflect.NativeMethodAccessorImpl.invoke(NativeMethodAccessorImpl.java:62)
	at sun.reflect.DelegatingMethodAccessorImpl.invoke(DelegatingMethodAccessorImpl.java:43)
	at java.lang.reflect.Method.invoke(Method.java:498)
	at org.junit.runners.model.FrameworkMethod$1.runReflectiveCall(FrameworkMethod.java:47)
	at org.junit.internal.runners.model.ReflectiveCallable.run(ReflectiveCallable.java:12)
	at org.junit.runners.model.FrameworkMethod.invokeExplosively(FrameworkMethod.java:44)
	at org.junit.internal.runners.statements.InvokeMethod.evaluate(InvokeMethod.java:17)
	at org.junit.internal.runners.statements.FailOnTimeout$StatementThread.run(FailOnTimeout.java:74)
--- org.apache.commons.math.linear.ArrayRealVector_ESTest::test06262
java.lang.NullPointerException
	at org.apache.commons.math.linear.ArrayRealVector.<init>(ArrayRealVector.java:144)
	at org.apache.commons.math.linear.ArrayRealVector_ESTest.test06262(ArrayRealVector_ESTest.java:900)
	at sun.reflect.NativeMethodAccessorImpl.invoke0(Native Method)
	at sun.reflect.NativeMethodAccessorImpl.invoke(NativeMethodAccessorImpl.java:62)
	at sun.reflect.DelegatingMethodAccessorImpl.invoke(DelegatingMethodAccessorImpl.java:43)
	at java.lang.reflect.Method.invoke(Method.java:498)
	at org.junit.runners.model.FrameworkMethod$1.runReflectiveCall(FrameworkMethod.java:47)
	at org.junit.internal.runners.model.ReflectiveCallable.run(ReflectiveCallable.java:12)
	at org.junit.runners.model.FrameworkMethod.invokeExplosively(FrameworkMethod.java:44)
	at org.junit.internal.runners.statements.InvokeMethod.evaluate(InvokeMethod.java:17)
	at org.junit.internal.runners.statements.FailOnTimeout$StatementThread.run(FailOnTimeout.java:74)
--- org.apache.commons.math.linear.ArrayRealVector_ESTest::test140140
java.lang.NullPointerException
	at org.apache.commons.math.linear.ArrayRealVector.<init>(ArrayRealVector.java:188)
	at org.apache.commons.math.linear.ArrayRealVector.append(ArrayRealVector.java:957)
	at org.apache.commons.math.linear.ArrayRealVector_ESTest.test140140(ArrayRealVector_ESTest.java:2144)
	at sun.reflect.NativeMethodAccessorImpl.invoke0(Native Method)
	at sun.reflect.NativeMethodAccessorImpl.invoke(NativeMethodAccessorImpl.java:62)
	at sun.reflect.DelegatingMethodAccessorImpl.invoke(DelegatingMethodAccessorImpl.java:43)
	at java.lang.reflect.Method.invoke(Method.java:498)
	at org.junit.runners.model.FrameworkMethod$1.runReflectiveCall(FrameworkMethod.java:47)
	at org.junit.internal.runners.model.ReflectiveCallable.run(ReflectiveCallable.java:12)
	at org.junit.runners.model.FrameworkMethod.invokeExplosively(FrameworkMethod.java:44)
	at org.junit.internal.runners.statements.InvokeMethod.evaluate(InvokeMethod.java:17)
	at org.junit.internal.runners.statements.FailOnTimeout$StatementThread.run(FailOnTimeout.java:74)
--- org.apache.commons.math.linear.ArrayRealVector_ESTest::test114114
org.apache.commons.math.MathRuntimeException$4: vector length mismatch: got 0 but expected 5
	at org.apache.commons.math.MathRuntimeException.createIllegalArgumentException(MathRuntimeException.java:305)
	at org.apache.commons.math.linear.ArrayRealVector.checkVectorDimensions(ArrayRealVector.java:1082)
	at org.apache.commons.math.linear.ArrayRealVector_ESTest.test114114(ArrayRealVector_ESTest.java:1685)
	at sun.reflect.NativeMethodAccessorImpl.invoke0(Native Method)
	at sun.reflect.NativeMethodAccessorImpl.invoke(NativeMethodAccessorImpl.java:62)
	at sun.reflect.DelegatingMethodAccessorImpl.invoke(DelegatingMethodAccessorImpl.java:43)
	at java.lang.reflect.Method.invoke(Method.java:498)
	at org.junit.runners.model.FrameworkMethod$1.runReflectiveCall(FrameworkMethod.java:47)
	at org.junit.internal.runners.model.ReflectiveCallable.run(ReflectiveCallable.java:12)
	at org.junit.runners.model.FrameworkMethod.invokeExplosively(FrameworkMethod.java:44)
	at org.junit.internal.runners.statements.InvokeMethod.evaluate(InvokeMethod.java:17)
	at org.junit.internal.runners.statements.FailOnTimeout$StatementThread.run(FailOnTimeout.java:74)
--- org.apache.commons.math.linear.ArrayRealVector_ESTest::test137137
org.apache.commons.math.MathRuntimeException$4: vector length mismatch: got 10 but expected 1,655
	at org.apache.commons.math.MathRuntimeException.createIllegalArgumentException(MathRuntimeException.java:305)
	at org.apache.commons.math.linear.ArrayRealVector.checkVectorDimensions(ArrayRealVector.java:1082)
	at org.apache.commons.math.linear.ArrayRealVector.checkVectorDimensions(ArrayRealVector.java:1069)
	at org.apache.commons.math.linear.ArrayRealVector.getLInfDistance(ArrayRealVector.java:824)
	at org.apache.commons.math.linear.ArrayRealVector_ESTest.test137137(ArrayRealVector_ESTest.java:2077)
	at sun.reflect.NativeMethodAccessorImpl.invoke0(Native Method)
	at sun.reflect.NativeMethodAccessorImpl.invoke(NativeMethodAccessorImpl.java:62)
	at sun.reflect.DelegatingMethodAccessorImpl.invoke(DelegatingMethodAccessorImpl.java:43)
	at java.lang.reflect.Method.invoke(Method.java:498)
	at org.junit.runners.model.FrameworkMethod$1.runReflectiveCall(FrameworkMethod.java:47)
	at org.junit.internal.runners.model.ReflectiveCallable.run(ReflectiveCallable.java:12)
	at org.junit.runners.model.FrameworkMethod.invokeExplosively(FrameworkMethod.java:44)
	at org.junit.internal.runners.statements.InvokeMethod.evaluate(InvokeMethod.java:17)
	at org.junit.internal.runners.statements.FailOnTimeout$StatementThread.run(FailOnTimeout.java:74)
--- org.apache.commons.math.linear.ArrayRealVector_ESTest::test128128
org.apache.commons.math.linear.MatrixIndexException: index 120 out of allowed range [0, -1]
	at org.apache.commons.math.linear.AbstractRealVector.checkIndex(AbstractRealVector.java:71)
	at org.apache.commons.math.linear.ArrayRealVector.getSubVector(ArrayRealVector.java:991)
	at org.apache.commons.math.linear.ArrayRealVector_ESTest.test128128(ArrayRealVector_ESTest.java:1904)
	at sun.reflect.NativeMethodAccessorImpl.invoke0(Native Method)
	at sun.reflect.NativeMethodAccessorImpl.invoke(NativeMethodAccessorImpl.java:62)
	at sun.reflect.DelegatingMethodAccessorImpl.invoke(DelegatingMethodAccessorImpl.java:43)
	at java.lang.reflect.Method.invoke(Method.java:498)
	at org.junit.runners.model.FrameworkMethod$1.runReflectiveCall(FrameworkMethod.java:47)
	at org.junit.internal.runners.model.ReflectiveCallable.run(ReflectiveCallable.java:12)
	at org.junit.runners.model.FrameworkMethod.invokeExplosively(FrameworkMethod.java:44)
	at org.junit.internal.runners.statements.InvokeMethod.evaluate(InvokeMethod.java:17)
	at org.junit.internal.runners.statements.FailOnTimeout$StatementThread.run(FailOnTimeout.java:74)
--- org.apache.commons.math.linear.ArrayRealVector_ESTest::test103103
org.apache.commons.math.MathRuntimeException$4: vector length mismatch: got 6 but expected 3
	at org.apache.commons.math.MathRuntimeException.createIllegalArgumentException(MathRuntimeException.java:305)
	at org.apache.commons.math.linear.ArrayRealVector.checkVectorDimensions(ArrayRealVector.java:1082)
	at org.apache.commons.math.linear.ArrayRealVector.add(ArrayRealVector.java:287)
	at org.apache.commons.math.linear.ArrayRealVector.add(ArrayRealVector.java:303)
	at org.apache.commons.math.linear.ArrayRealVector_ESTest.test103103(ArrayRealVector_ESTest.java:1550)
	at sun.reflect.NativeMethodAccessorImpl.invoke0(Native Method)
	at sun.reflect.NativeMethodAccessorImpl.invoke(NativeMethodAccessorImpl.java:62)
	at sun.reflect.DelegatingMethodAccessorImpl.invoke(DelegatingMethodAccessorImpl.java:43)
	at java.lang.reflect.Method.invoke(Method.java:498)
	at org.junit.runners.model.FrameworkMethod$1.runReflectiveCall(FrameworkMethod.java:47)
	at org.junit.internal.runners.model.ReflectiveCallable.run(ReflectiveCallable.java:12)
	at org.junit.runners.model.FrameworkMethod.invokeExplosively(FrameworkMethod.java:44)
	at org.junit.internal.runners.statements.InvokeMethod.evaluate(InvokeMethod.java:17)
	at org.junit.internal.runners.statements.FailOnTimeout$StatementThread.run(FailOnTimeout.java:74)
--- org.apache.commons.math.linear.ArrayRealVector_ESTest::test145145
org.apache.commons.math.linear.MatrixIndexException: index 1,627 out of allowed range [0, -1]
	at org.apache.commons.math.linear.AbstractRealVector.checkIndex(AbstractRealVector.java:71)
	at org.apache.commons.math.linear.ArrayRealVector.getSubVector(ArrayRealVector.java:991)
	at org.apache.commons.math.linear.ArrayRealVector_ESTest.test145145(ArrayRealVector_ESTest.java:2231)
	at sun.reflect.NativeMethodAccessorImpl.invoke0(Native Method)
	at sun.reflect.NativeMethodAccessorImpl.invoke(NativeMethodAccessorImpl.java:62)
	at sun.reflect.DelegatingMethodAccessorImpl.invoke(DelegatingMethodAccessorImpl.java:43)
	at java.lang.reflect.Method.invoke(Method.java:498)
	at org.junit.runners.model.FrameworkMethod$1.runReflectiveCall(FrameworkMethod.java:47)
	at org.junit.internal.runners.model.ReflectiveCallable.run(ReflectiveCallable.java:12)
	at org.junit.runners.model.FrameworkMethod.invokeExplosively(FrameworkMethod.java:44)
	at org.junit.internal.runners.statements.InvokeMethod.evaluate(InvokeMethod.java:17)
	at org.junit.internal.runners.statements.FailOnTimeout$StatementThread.run(FailOnTimeout.java:74)
--- org.apache.commons.math.linear.ArrayRealVector_ESTest::test120120
org.apache.commons.math.MathRuntimeException$4: vector must have at least one element
	at org.apache.commons.math.MathRuntimeException.createIllegalArgumentException(MathRuntimeException.java:305)
	at org.apache.commons.math.linear.ArrayRealVector.<init>(ArrayRealVector.java:106)
	at org.apache.commons.math.linear.ArrayRealVector.ebeMultiply(ArrayRealVector.java:592)
	at org.apache.commons.math.linear.ArrayRealVector.ebeMultiply(ArrayRealVector.java:603)
	at org.apache.commons.math.linear.ArrayRealVector_ESTest.test120120(ArrayRealVector_ESTest.java:1782)
	at sun.reflect.NativeMethodAccessorImpl.invoke0(Native Method)
	at sun.reflect.NativeMethodAccessorImpl.invoke(NativeMethodAccessorImpl.java:62)
	at sun.reflect.DelegatingMethodAccessorImpl.invoke(DelegatingMethodAccessorImpl.java:43)
	at java.lang.reflect.Method.invoke(Method.java:498)
	at org.junit.runners.model.FrameworkMethod$1.runReflectiveCall(FrameworkMethod.java:47)
	at org.junit.internal.runners.model.ReflectiveCallable.run(ReflectiveCallable.java:12)
	at org.junit.runners.model.FrameworkMethod.invokeExplosively(FrameworkMethod.java:44)
	at org.junit.internal.runners.statements.InvokeMethod.evaluate(InvokeMethod.java:17)
	at org.junit.internal.runners.statements.FailOnTimeout$StatementThread.run(FailOnTimeout.java:74)
--- org.apache.commons.math.linear.ArrayRealVector_ESTest::test01818
org.apache.commons.math.MathRuntimeException$4: vector length mismatch: got 1,592 but expected 3
	at org.apache.commons.math.MathRuntimeException.createIllegalArgumentException(MathRuntimeException.java:305)
	at org.apache.commons.math.linear.ArrayRealVector.checkVectorDimensions(ArrayRealVector.java:1082)
	at org.apache.commons.math.linear.ArrayRealVector.dotProduct(ArrayRealVector.java:677)
	at org.apache.commons.math.linear.ArrayRealVector.dotProduct(ArrayRealVector.java:693)
	at org.apache.commons.math.linear.ArrayRealVector.dotProduct(ArrayRealVector.java:661)
	at org.apache.commons.math.linear.ArrayRealVector.projection(ArrayRealVector.java:884)
	at org.apache.commons.math.linear.ArrayRealVector_ESTest.test01818(ArrayRealVector_ESTest.java:321)
	at sun.reflect.NativeMethodAccessorImpl.invoke0(Native Method)
	at sun.reflect.NativeMethodAccessorImpl.invoke(NativeMethodAccessorImpl.java:62)
	at sun.reflect.DelegatingMethodAccessorImpl.invoke(DelegatingMethodAccessorImpl.java:43)
	at java.lang.reflect.Method.invoke(Method.java:498)
	at org.junit.runners.model.FrameworkMethod$1.runReflectiveCall(FrameworkMethod.java:47)
	at org.junit.internal.runners.model.ReflectiveCallable.run(ReflectiveCallable.java:12)
	at org.junit.runners.model.FrameworkMethod.invokeExplosively(FrameworkMethod.java:44)
	at org.junit.internal.runners.statements.InvokeMethod.evaluate(InvokeMethod.java:17)
	at org.junit.internal.runners.statements.FailOnTimeout$StatementThread.run(FailOnTimeout.java:74)
--- org.apache.commons.math.linear.ArrayRealVector_ESTest::test03838
java.lang.NegativeArraySizeException
	at org.apache.commons.math.linear.ArrayRealVector.<init>(ArrayRealVector.java:122)
	at org.apache.commons.math.linear.ArrayRealVector_ESTest.test03838(ArrayRealVector_ESTest.java:553)
	at sun.reflect.NativeMethodAccessorImpl.invoke0(Native Method)
	at sun.reflect.NativeMethodAccessorImpl.invoke(NativeMethodAccessorImpl.java:62)
	at sun.reflect.DelegatingMethodAccessorImpl.invoke(DelegatingMethodAccessorImpl.java:43)
	at java.lang.reflect.Method.invoke(Method.java:498)
	at org.junit.runners.model.FrameworkMethod$1.runReflectiveCall(FrameworkMethod.java:47)
	at org.junit.internal.runners.model.ReflectiveCallable.run(ReflectiveCallable.java:12)
	at org.junit.runners.model.FrameworkMethod.invokeExplosively(FrameworkMethod.java:44)
	at org.junit.internal.runners.statements.InvokeMethod.evaluate(InvokeMethod.java:17)
	at org.junit.internal.runners.statements.FailOnTimeout$StatementThread.run(FailOnTimeout.java:74)
--- org.apache.commons.math.linear.ArrayRealVector_ESTest::test117117
org.evosuite.runtime.mock.java.lang.MockNullPointerException
	at org.apache.commons.math.linear.ArrayRealVector.<init>(ArrayRealVector.java:103)
	at org.apache.commons.math.linear.ArrayRealVector.projection(ArrayRealVector.java:889)
	at org.apache.commons.math.linear.ArrayRealVector_ESTest.test117117(ArrayRealVector_ESTest.java:1728)
	at sun.reflect.NativeMethodAccessorImpl.invoke0(Native Method)
	at sun.reflect.NativeMethodAccessorImpl.invoke(NativeMethodAccessorImpl.java:62)
	at sun.reflect.DelegatingMethodAccessorImpl.invoke(DelegatingMethodAccessorImpl.java:43)
	at java.lang.reflect.Method.invoke(Method.java:498)
	at org.junit.runners.model.FrameworkMethod$1.runReflectiveCall(FrameworkMethod.java:47)
	at org.junit.internal.runners.model.ReflectiveCallable.run(ReflectiveCallable.java:12)
	at org.junit.runners.model.FrameworkMethod.invokeExplosively(FrameworkMethod.java:44)
	at org.junit.internal.runners.statements.InvokeMethod.evaluate(InvokeMethod.java:17)
	at org.junit.internal.runners.statements.FailOnTimeout$StatementThread.run(FailOnTimeout.java:74)
--- org.apache.commons.math.linear.ArrayRealVector_ESTest::test04646
org.apache.commons.math.MathRuntimeException$4: vector must have at least one element
	at org.apache.commons.math.MathRuntimeException.createIllegalArgumentException(MathRuntimeException.java:305)
	at org.apache.commons.math.linear.ArrayRealVector.<init>(ArrayRealVector.java:106)
	at org.apache.commons.math.linear.ArrayRealVector.ebeDivide(ArrayRealVector.java:629)
	at org.apache.commons.math.linear.ArrayRealVector.ebeDivide(ArrayRealVector.java:640)
	at org.apache.commons.math.linear.ArrayRealVector.ebeDivide(ArrayRealVector.java:610)
	at org.apache.commons.math.linear.ArrayRealVector_ESTest.test04646(ArrayRealVector_ESTest.java:648)
	at sun.reflect.NativeMethodAccessorImpl.invoke0(Native Method)
	at sun.reflect.NativeMethodAccessorImpl.invoke(NativeMethodAccessorImpl.java:62)
	at sun.reflect.DelegatingMethodAccessorImpl.invoke(DelegatingMethodAccessorImpl.java:43)
	at java.lang.reflect.Method.invoke(Method.java:498)
	at org.junit.runners.model.FrameworkMethod$1.runReflectiveCall(FrameworkMethod.java:47)
	at org.junit.internal.runners.model.ReflectiveCallable.run(ReflectiveCallable.java:12)
	at org.junit.runners.model.FrameworkMethod.invokeExplosively(FrameworkMethod.java:44)
	at org.junit.internal.runners.statements.InvokeMethod.evaluate(InvokeMethod.java:17)
	at org.junit.internal.runners.statements.FailOnTimeout$StatementThread.run(FailOnTimeout.java:74)
--- org.apache.commons.math.linear.ArrayRealVector_ESTest::test07878
org.apache.commons.math.MathRuntimeException$4: vector length mismatch: got 94 but expected 1
	at org.apache.commons.math.MathRuntimeException.createIllegalArgumentException(MathRuntimeException.java:305)
	at org.apache.commons.math.linear.ArrayRealVector.checkVectorDimensions(ArrayRealVector.java:1082)
	at org.apache.commons.math.linear.ArrayRealVector.add(ArrayRealVector.java:287)
	at org.apache.commons.math.linear.ArrayRealVector_ESTest.test07878(ArrayRealVector_ESTest.java:1116)
	at sun.reflect.NativeMethodAccessorImpl.invoke0(Native Method)
	at sun.reflect.NativeMethodAccessorImpl.invoke(NativeMethodAccessorImpl.java:62)
	at sun.reflect.DelegatingMethodAccessorImpl.invoke(DelegatingMethodAccessorImpl.java:43)
	at java.lang.reflect.Method.invoke(Method.java:498)
	at org.junit.runners.model.FrameworkMethod$1.runReflectiveCall(FrameworkMethod.java:47)
	at org.junit.internal.runners.model.ReflectiveCallable.run(ReflectiveCallable.java:12)
	at org.junit.runners.model.FrameworkMethod.invokeExplosively(FrameworkMethod.java:44)
	at org.junit.internal.runners.statements.InvokeMethod.evaluate(InvokeMethod.java:17)
	at org.junit.internal.runners.statements.FailOnTimeout$StatementThread.run(FailOnTimeout.java:74)
--- org.apache.commons.math.linear.ArrayRealVector_ESTest::test03434
org.apache.commons.math.linear.MatrixIndexException: index 93 out of allowed range [0, 5]
	at org.apache.commons.math.linear.AbstractRealVector.checkIndex(AbstractRealVector.java:71)
	at org.apache.commons.math.linear.ArrayRealVector.getSubVector(ArrayRealVector.java:992)
	at org.apache.commons.math.linear.ArrayRealVector_ESTest.test03434(ArrayRealVector_ESTest.java:520)
	at sun.reflect.NativeMethodAccessorImpl.invoke0(Native Method)
	at sun.reflect.NativeMethodAccessorImpl.invoke(NativeMethodAccessorImpl.java:62)
	at sun.reflect.DelegatingMethodAccessorImpl.invoke(DelegatingMethodAccessorImpl.java:43)
	at java.lang.reflect.Method.invoke(Method.java:498)
	at org.junit.runners.model.FrameworkMethod$1.runReflectiveCall(FrameworkMethod.java:47)
	at org.junit.internal.runners.model.ReflectiveCallable.run(ReflectiveCallable.java:12)
	at org.junit.runners.model.FrameworkMethod.invokeExplosively(FrameworkMethod.java:44)
	at org.junit.internal.runners.statements.InvokeMethod.evaluate(InvokeMethod.java:17)
	at org.junit.internal.runners.statements.FailOnTimeout$StatementThread.run(FailOnTimeout.java:74)
--- org.apache.commons.math.linear.ArrayRealVector_ESTest::test02626
org.apache.commons.math.MathRuntimeException$4: vector must have at least one element
	at org.apache.commons.math.MathRuntimeException.createIllegalArgumentException(MathRuntimeException.java:305)
	at org.apache.commons.math.linear.ArrayRealVector.<init>(ArrayRealVector.java:106)
	at org.apache.commons.math.linear.ArrayRealVector.ebeDivide(ArrayRealVector.java:629)
	at org.apache.commons.math.linear.ArrayRealVector.ebeDivide(ArrayRealVector.java:640)
	at org.apache.commons.math.linear.ArrayRealVector_ESTest.test02626(ArrayRealVector_ESTest.java:410)
	at sun.reflect.NativeMethodAccessorImpl.invoke0(Native Method)
	at sun.reflect.NativeMethodAccessorImpl.invoke(NativeMethodAccessorImpl.java:62)
	at sun.reflect.DelegatingMethodAccessorImpl.invoke(DelegatingMethodAccessorImpl.java:43)
	at java.lang.reflect.Method.invoke(Method.java:498)
	at org.junit.runners.model.FrameworkMethod$1.runReflectiveCall(FrameworkMethod.java:47)
	at org.junit.internal.runners.model.ReflectiveCallable.run(ReflectiveCallable.java:12)
	at org.junit.runners.model.FrameworkMethod.invokeExplosively(FrameworkMethod.java:44)
	at org.junit.internal.runners.statements.InvokeMethod.evaluate(InvokeMethod.java:17)
	at org.junit.internal.runners.statements.FailOnTimeout$StatementThread.run(FailOnTimeout.java:74)
--- org.apache.commons.math.linear.ArrayRealVector_ESTest::test03131
java.lang.NullPointerException
	at org.apache.commons.math.linear.ArrayRealVector.<init>(ArrayRealVector.java:255)
	at org.apache.commons.math.linear.ArrayRealVector_ESTest.test03131(ArrayRealVector_ESTest.java:464)
	at sun.reflect.NativeMethodAccessorImpl.invoke0(Native Method)
	at sun.reflect.NativeMethodAccessorImpl.invoke(NativeMethodAccessorImpl.java:62)
	at sun.reflect.DelegatingMethodAccessorImpl.invoke(DelegatingMethodAccessorImpl.java:43)
	at java.lang.reflect.Method.invoke(Method.java:498)
	at org.junit.runners.model.FrameworkMethod$1.runReflectiveCall(FrameworkMethod.java:47)
	at org.junit.internal.runners.model.ReflectiveCallable.run(ReflectiveCallable.java:12)
	at org.junit.runners.model.FrameworkMethod.invokeExplosively(FrameworkMethod.java:44)
	at org.junit.internal.runners.statements.InvokeMethod.evaluate(InvokeMethod.java:17)
	at org.junit.internal.runners.statements.FailOnTimeout$StatementThread.run(FailOnTimeout.java:74)
--- org.apache.commons.math.linear.ArrayRealVector_ESTest::test07575
org.apache.commons.math.MathRuntimeException$4: vector length mismatch: got 6 but expected 0
	at org.apache.commons.math.MathRuntimeException.createIllegalArgumentException(MathRuntimeException.java:305)
	at org.apache.commons.math.linear.ArrayRealVector.checkVectorDimensions(ArrayRealVector.java:1082)
	at org.apache.commons.math.linear.ArrayRealVector.dotProduct(ArrayRealVector.java:677)
	at org.apache.commons.math.linear.ArrayRealVector.dotProduct(ArrayRealVector.java:693)
	at org.apache.commons.math.linear.ArrayRealVector.dotProduct(ArrayRealVector.java:661)
	at org.apache.commons.math.linear.ArrayRealVector_ESTest.test07575(ArrayRealVector_ESTest.java:1086)
	at sun.reflect.NativeMethodAccessorImpl.invoke0(Native Method)
	at sun.reflect.NativeMethodAccessorImpl.invoke(NativeMethodAccessorImpl.java:62)
	at sun.reflect.DelegatingMethodAccessorImpl.invoke(DelegatingMethodAccessorImpl.java:43)
	at java.lang.reflect.Method.invoke(Method.java:498)
	at org.junit.runners.model.FrameworkMethod$1.runReflectiveCall(FrameworkMethod.java:47)
	at org.junit.internal.runners.model.ReflectiveCallable.run(ReflectiveCallable.java:12)
	at org.junit.runners.model.FrameworkMethod.invokeExplosively(FrameworkMethod.java:44)
	at org.junit.internal.runners.statements.InvokeMethod.evaluate(InvokeMethod.java:17)
	at org.junit.internal.runners.statements.FailOnTimeout$StatementThread.run(FailOnTimeout.java:74)
--- org.apache.commons.math.linear.ArrayRealVector_ESTest::test01111
java.lang.NegativeArraySizeException
	at org.apache.commons.math.linear.ArrayRealVector.<init>(ArrayRealVector.java:74)
	at org.apache.commons.math.linear.ArrayRealVector_ESTest.test01111(ArrayRealVector_ESTest.java:237)
	at sun.reflect.NativeMethodAccessorImpl.invoke0(Native Method)
	at sun.reflect.NativeMethodAccessorImpl.invoke(NativeMethodAccessorImpl.java:62)
	at sun.reflect.DelegatingMethodAccessorImpl.invoke(DelegatingMethodAccessorImpl.java:43)
	at java.lang.reflect.Method.invoke(Method.java:498)
	at org.junit.runners.model.FrameworkMethod$1.runReflectiveCall(FrameworkMethod.java:47)
	at org.junit.internal.runners.model.ReflectiveCallable.run(ReflectiveCallable.java:12)
	at org.junit.runners.model.FrameworkMethod.invokeExplosively(FrameworkMethod.java:44)
	at org.junit.internal.runners.statements.InvokeMethod.evaluate(InvokeMethod.java:17)
	at org.junit.internal.runners.statements.FailOnTimeout$StatementThread.run(FailOnTimeout.java:74)
--- org.apache.commons.math.linear.ArrayRealVector_ESTest::test06363
org.apache.commons.math.MathRuntimeException$4: vector length mismatch: got 0 but expected 6
	at org.apache.commons.math.MathRuntimeException.createIllegalArgumentException(MathRuntimeException.java:305)
	at org.apache.commons.math.linear.ArrayRealVector.checkVectorDimensions(ArrayRealVector.java:1082)
	at org.apache.commons.math.linear.ArrayRealVector.add(ArrayRealVector.java:287)
	at org.apache.commons.math.linear.ArrayRealVector_ESTest.test06363(ArrayRealVector_ESTest.java:917)
	at sun.reflect.NativeMethodAccessorImpl.invoke0(Native Method)
	at sun.reflect.NativeMethodAccessorImpl.invoke(NativeMethodAccessorImpl.java:62)
	at sun.reflect.DelegatingMethodAccessorImpl.invoke(DelegatingMethodAccessorImpl.java:43)
	at java.lang.reflect.Method.invoke(Method.java:498)
	at org.junit.runners.model.FrameworkMethod$1.runReflectiveCall(FrameworkMethod.java:47)
	at org.junit.internal.runners.model.ReflectiveCallable.run(ReflectiveCallable.java:12)
	at org.junit.runners.model.FrameworkMethod.invokeExplosively(FrameworkMethod.java:44)
	at org.junit.internal.runners.statements.InvokeMethod.evaluate(InvokeMethod.java:17)
	at org.junit.internal.runners.statements.FailOnTimeout$StatementThread.run(FailOnTimeout.java:74)
--- org.apache.commons.math.linear.ArrayRealVector_ESTest::test08787
org.apache.commons.math.MathRuntimeException$4: vector length mismatch: got 1,926 but expected 8
	at org.apache.commons.math.MathRuntimeException.createIllegalArgumentException(MathRuntimeException.java:305)
	at org.apache.commons.math.linear.ArrayRealVector.checkVectorDimensions(ArrayRealVector.java:1082)
	at org.apache.commons.math.linear.ArrayRealVector.dotProduct(ArrayRealVector.java:677)
	at org.apache.commons.math.linear.ArrayRealVector_ESTest.test08787(ArrayRealVector_ESTest.java:1291)
	at sun.reflect.NativeMethodAccessorImpl.invoke0(Native Method)
	at sun.reflect.NativeMethodAccessorImpl.invoke(NativeMethodAccessorImpl.java:62)
	at sun.reflect.DelegatingMethodAccessorImpl.invoke(DelegatingMethodAccessorImpl.java:43)
	at java.lang.reflect.Method.invoke(Method.java:498)
	at org.junit.runners.model.FrameworkMethod$1.runReflectiveCall(FrameworkMethod.java:47)
	at org.junit.internal.runners.model.ReflectiveCallable.run(ReflectiveCallable.java:12)
	at org.junit.runners.model.FrameworkMethod.invokeExplosively(FrameworkMethod.java:44)
	at org.junit.internal.runners.statements.InvokeMethod.evaluate(InvokeMethod.java:17)
	at org.junit.internal.runners.statements.FailOnTimeout$StatementThread.run(FailOnTimeout.java:74)
--- org.apache.commons.math.linear.ArrayRealVector_ESTest::test05555
java.lang.NullPointerException
	at org.apache.commons.math.linear.ArrayRealVector.<init>(ArrayRealVector.java:229)
	at org.apache.commons.math.linear.ArrayRealVector_ESTest.test05555(ArrayRealVector_ESTest.java:795)
	at sun.reflect.NativeMethodAccessorImpl.invoke0(Native Method)
	at sun.reflect.NativeMethodAccessorImpl.invoke(NativeMethodAccessorImpl.java:62)
	at sun.reflect.DelegatingMethodAccessorImpl.invoke(DelegatingMethodAccessorImpl.java:43)
	at java.lang.reflect.Method.invoke(Method.java:498)
	at org.junit.runners.model.FrameworkMethod$1.runReflectiveCall(FrameworkMethod.java:47)
	at org.junit.internal.runners.model.ReflectiveCallable.run(ReflectiveCallable.java:12)
	at org.junit.runners.model.FrameworkMethod.invokeExplosively(FrameworkMethod.java:44)
	at org.junit.internal.runners.statements.InvokeMethod.evaluate(InvokeMethod.java:17)
	at org.junit.internal.runners.statements.FailOnTimeout$StatementThread.run(FailOnTimeout.java:74)
--- org.apache.commons.math.linear.ArrayRealVector_ESTest::test04343
java.lang.NullPointerException
	at org.apache.commons.math.linear.ArrayRealVector.<init>(ArrayRealVector.java:179)
	at org.apache.commons.math.linear.ArrayRealVector_ESTest.test04343(ArrayRealVector_ESTest.java:608)
	at sun.reflect.NativeMethodAccessorImpl.invoke0(Native Method)
	at sun.reflect.NativeMethodAccessorImpl.invoke(NativeMethodAccessorImpl.java:62)
	at sun.reflect.DelegatingMethodAccessorImpl.invoke(DelegatingMethodAccessorImpl.java:43)
	at java.lang.reflect.Method.invoke(Method.java:498)
	at org.junit.runners.model.FrameworkMethod$1.runReflectiveCall(FrameworkMethod.java:47)
	at org.junit.internal.runners.model.ReflectiveCallable.run(ReflectiveCallable.java:12)
	at org.junit.runners.model.FrameworkMethod.invokeExplosively(FrameworkMethod.java:44)
	at org.junit.internal.runners.statements.InvokeMethod.evaluate(InvokeMethod.java:17)
	at org.junit.internal.runners.statements.FailOnTimeout$StatementThread.run(FailOnTimeout.java:74)
--- org.apache.commons.math.linear.ArrayRealVector_ESTest::test09999
org.apache.commons.math.MathRuntimeException$4: vector length mismatch: got 1 but expected 0
	at org.apache.commons.math.MathRuntimeException.createIllegalArgumentException(MathRuntimeException.java:305)
	at org.apache.commons.math.linear.ArrayRealVector.checkVectorDimensions(ArrayRealVector.java:1082)
	at org.apache.commons.math.linear.ArrayRealVector.ebeMultiply(ArrayRealVector.java:587)
	at org.apache.commons.math.linear.ArrayRealVector.ebeMultiply(ArrayRealVector.java:603)
	at org.apache.commons.math.linear.ArrayRealVector.ebeMultiply(ArrayRealVector.java:573)
	at org.apache.commons.math.linear.ArrayRealVector_ESTest.test09999(ArrayRealVector_ESTest.java:1468)
	at sun.reflect.NativeMethodAccessorImpl.invoke0(Native Method)
	at sun.reflect.NativeMethodAccessorImpl.invoke(NativeMethodAccessorImpl.java:62)
	at sun.reflect.DelegatingMethodAccessorImpl.invoke(DelegatingMethodAccessorImpl.java:43)
	at java.lang.reflect.Method.invoke(Method.java:498)
	at org.junit.runners.model.FrameworkMethod$1.runReflectiveCall(FrameworkMethod.java:47)
	at org.junit.internal.runners.model.ReflectiveCallable.run(ReflectiveCallable.java:12)
	at org.junit.runners.model.FrameworkMethod.invokeExplosively(FrameworkMethod.java:44)
	at org.junit.internal.runners.statements.InvokeMethod.evaluate(InvokeMethod.java:17)
	at org.junit.internal.runners.statements.FailOnTimeout$StatementThread.run(FailOnTimeout.java:74)
--- org.apache.commons.math.linear.ArrayRealVector_ESTest::test104104
org.apache.commons.math.MathRuntimeException$4: vector must have at least one element
	at org.apache.commons.math.MathRuntimeException.createIllegalArgumentException(MathRuntimeException.java:305)
	at org.apache.commons.math.linear.ArrayRealVector.<init>(ArrayRealVector.java:106)
	at org.apache.commons.math.linear.ArrayRealVector_ESTest.test104104(ArrayRealVector_ESTest.java:1559)
	at sun.reflect.NativeMethodAccessorImpl.invoke0(Native Method)
	at sun.reflect.NativeMethodAccessorImpl.invoke(NativeMethodAccessorImpl.java:62)
	at sun.reflect.DelegatingMethodAccessorImpl.invoke(DelegatingMethodAccessorImpl.java:43)
	at java.lang.reflect.Method.invoke(Method.java:498)
	at org.junit.runners.model.FrameworkMethod$1.runReflectiveCall(FrameworkMethod.java:47)
	at org.junit.internal.runners.model.ReflectiveCallable.run(ReflectiveCallable.java:12)
	at org.junit.runners.model.FrameworkMethod.invokeExplosively(FrameworkMethod.java:44)
	at org.junit.internal.runners.statements.InvokeMethod.evaluate(InvokeMethod.java:17)
	at org.junit.internal.runners.statements.FailOnTimeout$StatementThread.run(FailOnTimeout.java:74)
--- org.apache.commons.math.linear.ArrayRealVector_ESTest::test0077
org.apache.commons.math.MathRuntimeException$4: vector length mismatch: got 0 but expected 8
	at org.apache.commons.math.MathRuntimeException.createIllegalArgumentException(MathRuntimeException.java:305)
	at org.apache.commons.math.linear.ArrayRealVector.checkVectorDimensions(ArrayRealVector.java:1082)
	at org.apache.commons.math.linear.ArrayRealVector.checkVectorDimensions(ArrayRealVector.java:1069)
	at org.apache.commons.math.linear.ArrayRealVector.subtract(ArrayRealVector.java:312)
	at org.apache.commons.math.linear.ArrayRealVector_ESTest.test0077(ArrayRealVector_ESTest.java:176)
	at sun.reflect.NativeMethodAccessorImpl.invoke0(Native Method)
	at sun.reflect.NativeMethodAccessorImpl.invoke(NativeMethodAccessorImpl.java:62)
	at sun.reflect.DelegatingMethodAccessorImpl.invoke(DelegatingMethodAccessorImpl.java:43)
	at java.lang.reflect.Method.invoke(Method.java:498)
	at org.junit.runners.model.FrameworkMethod$1.runReflectiveCall(FrameworkMethod.java:47)
	at org.junit.internal.runners.model.ReflectiveCallable.run(ReflectiveCallable.java:12)
	at org.junit.runners.model.FrameworkMethod.invokeExplosively(FrameworkMethod.java:44)
	at org.junit.internal.runners.statements.InvokeMethod.evaluate(InvokeMethod.java:17)
	at org.junit.internal.runners.statements.FailOnTimeout$StatementThread.run(FailOnTimeout.java:74)
--- org.apache.commons.math.linear.ArrayRealVector_ESTest::test07171
org.apache.commons.math.MathRuntimeException$4: vector length mismatch: got 0 but expected 4
	at org.apache.commons.math.MathRuntimeException.createIllegalArgumentException(MathRuntimeException.java:305)
	at org.apache.commons.math.linear.ArrayRealVector.checkVectorDimensions(ArrayRealVector.java:1082)
	at org.apache.commons.math.linear.ArrayRealVector.getLInfDistance(ArrayRealVector.java:837)
	at org.apache.commons.math.linear.ArrayRealVector_ESTest.test07171(ArrayRealVector_ESTest.java:1021)
	at sun.reflect.NativeMethodAccessorImpl.invoke0(Native Method)
	at sun.reflect.NativeMethodAccessorImpl.invoke(NativeMethodAccessorImpl.java:62)
	at sun.reflect.DelegatingMethodAccessorImpl.invoke(DelegatingMethodAccessorImpl.java:43)
	at java.lang.reflect.Method.invoke(Method.java:498)
	at org.junit.runners.model.FrameworkMethod$1.runReflectiveCall(FrameworkMethod.java:47)
	at org.junit.internal.runners.model.ReflectiveCallable.run(ReflectiveCallable.java:12)
	at org.junit.runners.model.FrameworkMethod.invokeExplosively(FrameworkMethod.java:44)
	at org.junit.internal.runners.statements.InvokeMethod.evaluate(InvokeMethod.java:17)
	at org.junit.internal.runners.statements.FailOnTimeout$StatementThread.run(FailOnTimeout.java:74)
--- org.apache.commons.math.linear.ArrayRealVector_ESTest::test123123
org.apache.commons.math.MathRuntimeException$1: zero norm
	at org.apache.commons.math.MathRuntimeException.createArithmeticException(MathRuntimeException.java:201)
	at org.apache.commons.math.linear.ArrayRealVector.unitVector(ArrayRealVector.java:868)
	at org.apache.commons.math.linear.ArrayRealVector_ESTest.test123123(ArrayRealVector_ESTest.java:1823)
	at sun.reflect.NativeMethodAccessorImpl.invoke0(Native Method)
	at sun.reflect.NativeMethodAccessorImpl.invoke(NativeMethodAccessorImpl.java:62)
	at sun.reflect.DelegatingMethodAccessorImpl.invoke(DelegatingMethodAccessorImpl.java:43)
	at java.lang.reflect.Method.invoke(Method.java:498)
	at org.junit.runners.model.FrameworkMethod$1.runReflectiveCall(FrameworkMethod.java:47)
	at org.junit.internal.runners.model.ReflectiveCallable.run(ReflectiveCallable.java:12)
	at org.junit.runners.model.FrameworkMethod.invokeExplosively(FrameworkMethod.java:44)
	at org.junit.internal.runners.statements.InvokeMethod.evaluate(InvokeMethod.java:17)
	at org.junit.internal.runners.statements.FailOnTimeout$StatementThread.run(FailOnTimeout.java:74)
--- org.apache.commons.math.linear.ArrayRealVector_ESTest::test08383
org.apache.commons.math.MathRuntimeException$4: vector length mismatch: got 0 but expected 8
	at org.apache.commons.math.MathRuntimeException.createIllegalArgumentException(MathRuntimeException.java:305)
	at org.apache.commons.math.linear.ArrayRealVector.checkVectorDimensions(ArrayRealVector.java:1082)
	at org.apache.commons.math.linear.ArrayRealVector.getLInfDistance(ArrayRealVector.java:837)
	at org.apache.commons.math.linear.ArrayRealVector.getLInfDistance(ArrayRealVector.java:861)
	at org.apache.commons.math.linear.ArrayRealVector_ESTest.test08383(ArrayRealVector_ESTest.java:1231)
	at sun.reflect.NativeMethodAccessorImpl.invoke0(Native Method)
	at sun.reflect.NativeMethodAccessorImpl.invoke(NativeMethodAccessorImpl.java:62)
	at sun.reflect.DelegatingMethodAccessorImpl.invoke(DelegatingMethodAccessorImpl.java:43)
	at java.lang.reflect.Method.invoke(Method.java:498)
	at org.junit.runners.model.FrameworkMethod$1.runReflectiveCall(FrameworkMethod.java:47)
	at org.junit.internal.runners.model.ReflectiveCallable.run(ReflectiveCallable.java:12)
	at org.junit.runners.model.FrameworkMethod.invokeExplosively(FrameworkMethod.java:44)
	at org.junit.internal.runners.statements.InvokeMethod.evaluate(InvokeMethod.java:17)
	at org.junit.internal.runners.statements.FailOnTimeout$StatementThread.run(FailOnTimeout.java:74)
--- org.apache.commons.math.linear.ArrayRealVector_ESTest::test05151
org.apache.commons.math.linear.MatrixIndexException: index 1,703 out of allowed range [0, -1]
	at org.apache.commons.math.linear.AbstractRealVector.checkIndex(AbstractRealVector.java:71)
	at org.apache.commons.math.linear.ArrayRealVector.setSubVector(ArrayRealVector.java:1027)
	at org.apache.commons.math.linear.ArrayRealVector.set(ArrayRealVector.java:1042)
	at org.apache.commons.math.linear.ArrayRealVector.setSubVector(ArrayRealVector.java:1010)
	at org.apache.commons.math.linear.ArrayRealVector_ESTest.test05151(ArrayRealVector_ESTest.java:709)
	at sun.reflect.NativeMethodAccessorImpl.invoke0(Native Method)
	at sun.reflect.NativeMethodAccessorImpl.invoke(NativeMethodAccessorImpl.java:62)
	at sun.reflect.DelegatingMethodAccessorImpl.invoke(DelegatingMethodAccessorImpl.java:43)
	at java.lang.reflect.Method.invoke(Method.java:498)
	at org.junit.runners.model.FrameworkMethod$1.runReflectiveCall(FrameworkMethod.java:47)
	at org.junit.internal.runners.model.ReflectiveCallable.run(ReflectiveCallable.java:12)
	at org.junit.runners.model.FrameworkMethod.invokeExplosively(FrameworkMethod.java:44)
	at org.junit.internal.runners.statements.InvokeMethod.evaluate(InvokeMethod.java:17)
	at org.junit.internal.runners.statements.FailOnTimeout$StatementThread.run(FailOnTimeout.java:74)
--- org.apache.commons.math.linear.ArrayRealVector_ESTest::test09595
java.lang.NullPointerException
	at org.apache.commons.math.linear.ArrayRealVector.<init>(ArrayRealVector.java:188)
	at org.apache.commons.math.linear.ArrayRealVector.append(ArrayRealVector.java:969)
	at org.apache.commons.math.linear.ArrayRealVector_ESTest.test09595(ArrayRealVector_ESTest.java:1407)
	at sun.reflect.NativeMethodAccessorImpl.invoke0(Native Method)
	at sun.reflect.NativeMethodAccessorImpl.invoke(NativeMethodAccessorImpl.java:62)
	at sun.reflect.DelegatingMethodAccessorImpl.invoke(DelegatingMethodAccessorImpl.java:43)
	at java.lang.reflect.Method.invoke(Method.java:498)
	at org.junit.runners.model.FrameworkMethod$1.runReflectiveCall(FrameworkMethod.java:47)
	at org.junit.internal.runners.model.ReflectiveCallable.run(ReflectiveCallable.java:12)
	at org.junit.runners.model.FrameworkMethod.invokeExplosively(FrameworkMethod.java:44)
	at org.junit.internal.runners.statements.InvokeMethod.evaluate(InvokeMethod.java:17)
	at org.junit.internal.runners.statements.FailOnTimeout$StatementThread.run(FailOnTimeout.java:74)
--- org.apache.commons.math.linear.ArrayRealVector_ESTest::test142142
java.lang.NullPointerException
	at org.apache.commons.math.linear.ArrayRealVector.add(ArrayRealVector.java:303)
	at org.apache.commons.math.linear.ArrayRealVector_ESTest.test142142(ArrayRealVector_ESTest.java:2175)
	at sun.reflect.NativeMethodAccessorImpl.invoke0(Native Method)
	at sun.reflect.NativeMethodAccessorImpl.invoke(NativeMethodAccessorImpl.java:62)
	at sun.reflect.DelegatingMethodAccessorImpl.invoke(DelegatingMethodAccessorImpl.java:43)
	at java.lang.reflect.Method.invoke(Method.java:498)
	at org.junit.runners.model.FrameworkMethod$1.runReflectiveCall(FrameworkMethod.java:47)
	at org.junit.internal.runners.model.ReflectiveCallable.run(ReflectiveCallable.java:12)
	at org.junit.runners.model.FrameworkMethod.invokeExplosively(FrameworkMethod.java:44)
	at org.junit.internal.runners.statements.InvokeMethod.evaluate(InvokeMethod.java:17)
	at org.junit.internal.runners.statements.FailOnTimeout$StatementThread.run(FailOnTimeout.java:74)
--- org.apache.commons.math.linear.ArrayRealVector_ESTest::test112112
java.lang.NullPointerException
	at org.apache.commons.math.linear.ArrayRealVector.subtract(ArrayRealVector.java:342)
	at org.apache.commons.math.linear.ArrayRealVector_ESTest.test112112(ArrayRealVector_ESTest.java:1668)
	at sun.reflect.NativeMethodAccessorImpl.invoke0(Native Method)
	at sun.reflect.NativeMethodAccessorImpl.invoke(NativeMethodAccessorImpl.java:62)
	at sun.reflect.DelegatingMethodAccessorImpl.invoke(DelegatingMethodAccessorImpl.java:43)
	at java.lang.reflect.Method.invoke(Method.java:498)
	at org.junit.runners.model.FrameworkMethod$1.runReflectiveCall(FrameworkMethod.java:47)
	at org.junit.internal.runners.model.ReflectiveCallable.run(ReflectiveCallable.java:12)
	at org.junit.runners.model.FrameworkMethod.invokeExplosively(FrameworkMethod.java:44)
	at org.junit.internal.runners.statements.InvokeMethod.evaluate(InvokeMethod.java:17)
	at org.junit.internal.runners.statements.FailOnTimeout$StatementThread.run(FailOnTimeout.java:74)
--- org.apache.commons.math.linear.ArrayRealVector_ESTest::test131131
org.apache.commons.math.MathRuntimeException$4: vector length mismatch: got 0 but expected 3,507
	at org.apache.commons.math.MathRuntimeException.createIllegalArgumentException(MathRuntimeException.java:305)
	at org.apache.commons.math.linear.ArrayRealVector.checkVectorDimensions(ArrayRealVector.java:1082)
	at org.apache.commons.math.linear.ArrayRealVector.checkVectorDimensions(ArrayRealVector.java:1069)
	at org.apache.commons.math.linear.ArrayRealVector.ebeDivide(ArrayRealVector.java:612)
	at org.apache.commons.math.linear.ArrayRealVector_ESTest.test131131(ArrayRealVector_ESTest.java:1942)
	at sun.reflect.NativeMethodAccessorImpl.invoke0(Native Method)
	at sun.reflect.NativeMethodAccessorImpl.invoke(NativeMethodAccessorImpl.java:62)
	at sun.reflect.DelegatingMethodAccessorImpl.invoke(DelegatingMethodAccessorImpl.java:43)
	at java.lang.reflect.Method.invoke(Method.java:498)
	at org.junit.runners.model.FrameworkMethod$1.runReflectiveCall(FrameworkMethod.java:47)
	at org.junit.internal.runners.model.ReflectiveCallable.run(ReflectiveCallable.java:12)
	at org.junit.runners.model.FrameworkMethod.invokeExplosively(FrameworkMethod.java:44)
	at org.junit.internal.runners.statements.InvokeMethod.evaluate(InvokeMethod.java:17)
	at org.junit.internal.runners.statements.FailOnTimeout$StatementThread.run(FailOnTimeout.java:74)
--- org.apache.commons.math.linear.ArrayRealVector_ESTest::test126126
java.lang.NullPointerException
	at org.apache.commons.math.linear.ArrayRealVector.ebeMultiply(ArrayRealVector.java:587)
	at org.apache.commons.math.linear.ArrayRealVector_ESTest.test126126(ArrayRealVector_ESTest.java:1861)
	at sun.reflect.NativeMethodAccessorImpl.invoke0(Native Method)
	at sun.reflect.NativeMethodAccessorImpl.invoke(NativeMethodAccessorImpl.java:62)
	at sun.reflect.DelegatingMethodAccessorImpl.invoke(DelegatingMethodAccessorImpl.java:43)
	at java.lang.reflect.Method.invoke(Method.java:498)
	at org.junit.runners.model.FrameworkMethod$1.runReflectiveCall(FrameworkMethod.java:47)
	at org.junit.internal.runners.model.ReflectiveCallable.run(ReflectiveCallable.java:12)
	at org.junit.runners.model.FrameworkMethod.invokeExplosively(FrameworkMethod.java:44)
	at org.junit.internal.runners.statements.InvokeMethod.evaluate(InvokeMethod.java:17)
	at org.junit.internal.runners.statements.FailOnTimeout$StatementThread.run(FailOnTimeout.java:74)
--- org.apache.commons.math.linear.ArrayRealVector_ESTest::test101101
org.apache.commons.math.MathRuntimeException$4: vector length mismatch: got 0 but expected 8
	at org.apache.commons.math.MathRuntimeException.createIllegalArgumentException(MathRuntimeException.java:305)
	at org.apache.commons.math.linear.ArrayRealVector.checkVectorDimensions(ArrayRealVector.java:1082)
	at org.apache.commons.math.linear.ArrayRealVector.getLInfDistance(ArrayRealVector.java:837)
	at org.apache.commons.math.linear.ArrayRealVector.getLInfDistance(ArrayRealVector.java:861)
	at org.apache.commons.math.linear.ArrayRealVector_ESTest.test101101(ArrayRealVector_ESTest.java:1518)
	at sun.reflect.NativeMethodAccessorImpl.invoke0(Native Method)
	at sun.reflect.NativeMethodAccessorImpl.invoke(NativeMethodAccessorImpl.java:62)
	at sun.reflect.DelegatingMethodAccessorImpl.invoke(DelegatingMethodAccessorImpl.java:43)
	at java.lang.reflect.Method.invoke(Method.java:498)
	at org.junit.runners.model.FrameworkMethod$1.runReflectiveCall(FrameworkMethod.java:47)
	at org.junit.internal.runners.model.ReflectiveCallable.run(ReflectiveCallable.java:12)
	at org.junit.runners.model.FrameworkMethod.invokeExplosively(FrameworkMethod.java:44)
	at org.junit.internal.runners.statements.InvokeMethod.evaluate(InvokeMethod.java:17)
	at org.junit.internal.runners.statements.FailOnTimeout$StatementThread.run(FailOnTimeout.java:74)
--- org.apache.commons.math.linear.ArrayRealVector_ESTest::test0066
org.apache.commons.math.MathRuntimeException$4: position 309 and size 309 dont fit to the size of the input array {2}
	at org.apache.commons.math.MathRuntimeException.createIllegalArgumentException(MathRuntimeException.java:305)
	at org.apache.commons.math.linear.ArrayRealVector.<init>(ArrayRealVector.java:119)
	at org.apache.commons.math.linear.ArrayRealVector_ESTest.test0066(ArrayRealVector_ESTest.java:147)
	at sun.reflect.NativeMethodAccessorImpl.invoke0(Native Method)
	at sun.reflect.NativeMethodAccessorImpl.invoke(NativeMethodAccessorImpl.java:62)
	at sun.reflect.DelegatingMethodAccessorImpl.invoke(DelegatingMethodAccessorImpl.java:43)
	at java.lang.reflect.Method.invoke(Method.java:498)
	at org.junit.runners.model.FrameworkMethod$1.runReflectiveCall(FrameworkMethod.java:47)
	at org.junit.internal.runners.model.ReflectiveCallable.run(ReflectiveCallable.java:12)
	at org.junit.runners.model.FrameworkMethod.invokeExplosively(FrameworkMethod.java:44)
	at org.junit.internal.runners.statements.InvokeMethod.evaluate(InvokeMethod.java:17)
	at org.junit.internal.runners.statements.FailOnTimeout$StatementThread.run(FailOnTimeout.java:74)
--- org.apache.commons.math.linear.ArrayRealVector_ESTest::test03939
org.apache.commons.math.MathRuntimeException$4: vector must have at least one element
	at org.apache.commons.math.MathRuntimeException.createIllegalArgumentException(MathRuntimeException.java:305)
	at org.apache.commons.math.linear.ArrayRealVector.<init>(ArrayRealVector.java:106)
	at org.apache.commons.math.linear.ArrayRealVector.subtract(ArrayRealVector.java:319)
	at org.apache.commons.math.linear.ArrayRealVector_ESTest.test03939(ArrayRealVector_ESTest.java:566)
	at sun.reflect.NativeMethodAccessorImpl.invoke0(Native Method)
	at sun.reflect.NativeMethodAccessorImpl.invoke(NativeMethodAccessorImpl.java:62)
	at sun.reflect.DelegatingMethodAccessorImpl.invoke(DelegatingMethodAccessorImpl.java:43)
	at java.lang.reflect.Method.invoke(Method.java:498)
	at org.junit.runners.model.FrameworkMethod$1.runReflectiveCall(FrameworkMethod.java:47)
	at org.junit.internal.runners.model.ReflectiveCallable.run(ReflectiveCallable.java:12)
	at org.junit.runners.model.FrameworkMethod.invokeExplosively(FrameworkMethod.java:44)
	at org.junit.internal.runners.statements.InvokeMethod.evaluate(InvokeMethod.java:17)
	at org.junit.internal.runners.statements.FailOnTimeout$StatementThread.run(FailOnTimeout.java:74)
--- org.apache.commons.math.linear.ArrayRealVector_ESTest::test01919
java.lang.NegativeArraySizeException
	at org.apache.commons.math.linear.ArrayRealVector.<init>(ArrayRealVector.java:148)
	at org.apache.commons.math.linear.ArrayRealVector_ESTest.test01919(ArrayRealVector_ESTest.java:333)
	at sun.reflect.NativeMethodAccessorImpl.invoke0(Native Method)
	at sun.reflect.NativeMethodAccessorImpl.invoke(NativeMethodAccessorImpl.java:62)
	at sun.reflect.DelegatingMethodAccessorImpl.invoke(DelegatingMethodAccessorImpl.java:43)
	at java.lang.reflect.Method.invoke(Method.java:498)
	at org.junit.runners.model.FrameworkMethod$1.runReflectiveCall(FrameworkMethod.java:47)
	at org.junit.internal.runners.model.ReflectiveCallable.run(ReflectiveCallable.java:12)
	at org.junit.runners.model.FrameworkMethod.invokeExplosively(FrameworkMethod.java:44)
	at org.junit.internal.runners.statements.InvokeMethod.evaluate(InvokeMethod.java:17)
	at org.junit.internal.runners.statements.FailOnTimeout$StatementThread.run(FailOnTimeout.java:74)
--- org.apache.commons.math.linear.ArrayRealVector_ESTest::test115115
java.lang.ArrayIndexOutOfBoundsException
	at java.lang.System.arraycopy(Native Method)
	at org.apache.commons.math.linear.ArrayRealVector.<init>(ArrayRealVector.java:123)
	at org.apache.commons.math.linear.ArrayRealVector_ESTest.test115115(ArrayRealVector_ESTest.java:1699)
	at sun.reflect.NativeMethodAccessorImpl.invoke0(Native Method)
	at sun.reflect.NativeMethodAccessorImpl.invoke(NativeMethodAccessorImpl.java:62)
	at sun.reflect.DelegatingMethodAccessorImpl.invoke(DelegatingMethodAccessorImpl.java:43)
	at java.lang.reflect.Method.invoke(Method.java:498)
	at org.junit.runners.model.FrameworkMethod$1.runReflectiveCall(FrameworkMethod.java:47)
	at org.junit.internal.runners.model.ReflectiveCallable.run(ReflectiveCallable.java:12)
	at org.junit.runners.model.FrameworkMethod.invokeExplosively(FrameworkMethod.java:44)
	at org.junit.internal.runners.statements.InvokeMethod.evaluate(InvokeMethod.java:17)
	at org.junit.internal.runners.statements.FailOnTimeout$StatementThread.run(FailOnTimeout.java:74)
--- org.apache.commons.math.linear.ArrayRealVector_ESTest::test03535
java.lang.NullPointerException
	at org.apache.commons.math.linear.ArrayRealVector.<init>(ArrayRealVector.java:159)
	at org.apache.commons.math.linear.ArrayRealVector_ESTest.test03535(ArrayRealVector_ESTest.java:526)
	at sun.reflect.NativeMethodAccessorImpl.invoke0(Native Method)
	at sun.reflect.NativeMethodAccessorImpl.invoke(NativeMethodAccessorImpl.java:62)
	at sun.reflect.DelegatingMethodAccessorImpl.invoke(DelegatingMethodAccessorImpl.java:43)
	at java.lang.reflect.Method.invoke(Method.java:498)
	at org.junit.runners.model.FrameworkMethod$1.runReflectiveCall(FrameworkMethod.java:47)
	at org.junit.internal.runners.model.ReflectiveCallable.run(ReflectiveCallable.java:12)
	at org.junit.runners.model.FrameworkMethod.invokeExplosively(FrameworkMethod.java:44)
	at org.junit.internal.runners.statements.InvokeMethod.evaluate(InvokeMethod.java:17)
	at org.junit.internal.runners.statements.FailOnTimeout$StatementThread.run(FailOnTimeout.java:74)
--- org.apache.commons.math.linear.ArrayRealVector_ESTest::test07979
org.apache.commons.math.MathRuntimeException$4: vector length mismatch: got 4 but expected 5
	at org.apache.commons.math.MathRuntimeException.createIllegalArgumentException(MathRuntimeException.java:305)
	at org.apache.commons.math.linear.ArrayRealVector.checkVectorDimensions(ArrayRealVector.java:1082)
	at org.apache.commons.math.linear.ArrayRealVector.checkVectorDimensions(ArrayRealVector.java:1069)
	at org.apache.commons.math.linear.ArrayRealVector_ESTest.test07979(ArrayRealVector_ESTest.java:1133)
	at sun.reflect.NativeMethodAccessorImpl.invoke0(Native Method)
	at sun.reflect.NativeMethodAccessorImpl.invoke(NativeMethodAccessorImpl.java:62)
	at sun.reflect.DelegatingMethodAccessorImpl.invoke(DelegatingMethodAccessorImpl.java:43)
	at java.lang.reflect.Method.invoke(Method.java:498)
	at org.junit.runners.model.FrameworkMethod$1.runReflectiveCall(FrameworkMethod.java:47)
	at org.junit.internal.runners.model.ReflectiveCallable.run(ReflectiveCallable.java:12)
	at org.junit.runners.model.FrameworkMethod.invokeExplosively(FrameworkMethod.java:44)
	at org.junit.internal.runners.statements.InvokeMethod.evaluate(InvokeMethod.java:17)
	at org.junit.internal.runners.statements.FailOnTimeout$StatementThread.run(FailOnTimeout.java:74)
--- org.apache.commons.math.linear.ArrayRealVector_ESTest::test136136
org.apache.commons.math.MathRuntimeException$4: vector must have at least one element
	at org.apache.commons.math.MathRuntimeException.createIllegalArgumentException(MathRuntimeException.java:305)
	at org.apache.commons.math.linear.ArrayRealVector.<init>(ArrayRealVector.java:106)
	at org.apache.commons.math.linear.ArrayRealVector.ebeMultiply(ArrayRealVector.java:592)
	at org.apache.commons.math.linear.ArrayRealVector.ebeMultiply(ArrayRealVector.java:603)
	at org.apache.commons.math.linear.ArrayRealVector.ebeMultiply(ArrayRealVector.java:573)
	at org.apache.commons.math.linear.ArrayRealVector_ESTest.test136136(ArrayRealVector_ESTest.java:2060)
	at sun.reflect.NativeMethodAccessorImpl.invoke0(Native Method)
	at sun.reflect.NativeMethodAccessorImpl.invoke(NativeMethodAccessorImpl.java:62)
	at sun.reflect.DelegatingMethodAccessorImpl.invoke(DelegatingMethodAccessorImpl.java:43)
	at java.lang.reflect.Method.invoke(Method.java:498)
	at org.junit.runners.model.FrameworkMethod$1.runReflectiveCall(FrameworkMethod.java:47)
	at org.junit.internal.runners.model.ReflectiveCallable.run(ReflectiveCallable.java:12)
	at org.junit.runners.model.FrameworkMethod.invokeExplosively(FrameworkMethod.java:44)
	at org.junit.internal.runners.statements.InvokeMethod.evaluate(InvokeMethod.java:17)
	at org.junit.internal.runners.statements.FailOnTimeout$StatementThread.run(FailOnTimeout.java:74)
--- org.apache.commons.math.linear.ArrayRealVector_ESTest::test01515
org.apache.commons.math.MathRuntimeException$1: cannot normalize a zero norm vector
	at org.apache.commons.math.MathRuntimeException.createArithmeticException(MathRuntimeException.java:201)
	at org.apache.commons.math.linear.ArrayRealVector.unitize(ArrayRealVector.java:877)
	at org.apache.commons.math.linear.ArrayRealVector_ESTest.test01515(ArrayRealVector_ESTest.java:285)
	at sun.reflect.NativeMethodAccessorImpl.invoke0(Native Method)
	at sun.reflect.NativeMethodAccessorImpl.invoke(NativeMethodAccessorImpl.java:62)
	at sun.reflect.DelegatingMethodAccessorImpl.invoke(DelegatingMethodAccessorImpl.java:43)
	at java.lang.reflect.Method.invoke(Method.java:498)
	at org.junit.runners.model.FrameworkMethod$1.runReflectiveCall(FrameworkMethod.java:47)
	at org.junit.internal.runners.model.ReflectiveCallable.run(ReflectiveCallable.java:12)
	at org.junit.runners.model.FrameworkMethod.invokeExplosively(FrameworkMethod.java:44)
	at org.junit.internal.runners.statements.InvokeMethod.evaluate(InvokeMethod.java:17)
	at org.junit.internal.runners.statements.FailOnTimeout$StatementThread.run(FailOnTimeout.java:74)
--- org.apache.commons.math.linear.ArrayRealVector_ESTest::test06767
java.lang.NullPointerException
	at org.apache.commons.math.linear.ArrayRealVector.<init>(ArrayRealVector.java:188)
	at org.apache.commons.math.linear.ArrayRealVector.append(ArrayRealVector.java:957)
	at org.apache.commons.math.linear.ArrayRealVector_ESTest.test06767(ArrayRealVector_ESTest.java:967)
	at sun.reflect.NativeMethodAccessorImpl.invoke0(Native Method)
	at sun.reflect.NativeMethodAccessorImpl.invoke(NativeMethodAccessorImpl.java:62)
	at sun.reflect.DelegatingMethodAccessorImpl.invoke(DelegatingMethodAccessorImpl.java:43)
	at java.lang.reflect.Method.invoke(Method.java:498)
	at org.junit.runners.model.FrameworkMethod$1.runReflectiveCall(FrameworkMethod.java:47)
	at org.junit.internal.runners.model.ReflectiveCallable.run(ReflectiveCallable.java:12)
	at org.junit.runners.model.FrameworkMethod.invokeExplosively(FrameworkMethod.java:44)
	at org.junit.internal.runners.statements.InvokeMethod.evaluate(InvokeMethod.java:17)
	at org.junit.internal.runners.statements.FailOnTimeout$StatementThread.run(FailOnTimeout.java:74)
--- org.apache.commons.math.linear.ArrayRealVector_ESTest::test05959
org.apache.commons.math.MathRuntimeException$4: vector length mismatch: got 46 but expected 5
	at org.apache.commons.math.MathRuntimeException.createIllegalArgumentException(MathRuntimeException.java:305)
	at org.apache.commons.math.linear.ArrayRealVector.checkVectorDimensions(ArrayRealVector.java:1082)
	at org.apache.commons.math.linear.ArrayRealVector.checkVectorDimensions(ArrayRealVector.java:1069)
	at org.apache.commons.math.linear.ArrayRealVector.dotProduct(ArrayRealVector.java:663)
	at org.apache.commons.math.linear.ArrayRealVector.projection(ArrayRealVector.java:884)
	at org.apache.commons.math.linear.ArrayRealVector_ESTest.test05959(ArrayRealVector_ESTest.java:858)
	at sun.reflect.NativeMethodAccessorImpl.invoke0(Native Method)
	at sun.reflect.NativeMethodAccessorImpl.invoke(NativeMethodAccessorImpl.java:62)
	at sun.reflect.DelegatingMethodAccessorImpl.invoke(DelegatingMethodAccessorImpl.java:43)
	at java.lang.reflect.Method.invoke(Method.java:498)
	at org.junit.runners.model.FrameworkMethod$1.runReflectiveCall(FrameworkMethod.java:47)
	at org.junit.internal.runners.model.ReflectiveCallable.run(ReflectiveCallable.java:12)
	at org.junit.runners.model.FrameworkMethod.invokeExplosively(FrameworkMethod.java:44)
	at org.junit.internal.runners.statements.InvokeMethod.evaluate(InvokeMethod.java:17)
	at org.junit.internal.runners.statements.FailOnTimeout$StatementThread.run(FailOnTimeout.java:74)
--- org.apache.commons.math.linear.ArrayRealVector_ESTest::test04747
org.apache.commons.math.MathRuntimeException$4: vector length mismatch: got 16 but expected 1,783
	at org.apache.commons.math.MathRuntimeException.createIllegalArgumentException(MathRuntimeException.java:305)
	at org.apache.commons.math.linear.ArrayRealVector.checkVectorDimensions(ArrayRealVector.java:1082)
	at org.apache.commons.math.linear.ArrayRealVector_ESTest.test04747(ArrayRealVector_ESTest.java:664)
	at sun.reflect.NativeMethodAccessorImpl.invoke0(Native Method)
	at sun.reflect.NativeMethodAccessorImpl.invoke(NativeMethodAccessorImpl.java:62)
	at sun.reflect.DelegatingMethodAccessorImpl.invoke(DelegatingMethodAccessorImpl.java:43)
	at java.lang.reflect.Method.invoke(Method.java:498)
	at org.junit.runners.model.FrameworkMethod$1.runReflectiveCall(FrameworkMethod.java:47)
	at org.junit.internal.runners.model.ReflectiveCallable.run(ReflectiveCallable.java:12)
	at org.junit.runners.model.FrameworkMethod.invokeExplosively(FrameworkMethod.java:44)
	at org.junit.internal.runners.statements.InvokeMethod.evaluate(InvokeMethod.java:17)
	at org.junit.internal.runners.statements.FailOnTimeout$StatementThread.run(FailOnTimeout.java:74)
--- org.apache.commons.math.linear.ArrayRealVector_ESTest::test09696
org.apache.commons.math.MathRuntimeException$4: vector must have at least one element
	at org.apache.commons.math.MathRuntimeException.createIllegalArgumentException(MathRuntimeException.java:305)
	at org.apache.commons.math.linear.ArrayRealVector.<init>(ArrayRealVector.java:106)
	at org.apache.commons.math.linear.ArrayRealVector.add(ArrayRealVector.java:280)
	at org.apache.commons.math.linear.ArrayRealVector_ESTest.test09696(ArrayRealVector_ESTest.java:1422)
	at sun.reflect.NativeMethodAccessorImpl.invoke0(Native Method)
	at sun.reflect.NativeMethodAccessorImpl.invoke(NativeMethodAccessorImpl.java:62)
	at sun.reflect.DelegatingMethodAccessorImpl.invoke(DelegatingMethodAccessorImpl.java:43)
	at java.lang.reflect.Method.invoke(Method.java:498)
	at org.junit.runners.model.FrameworkMethod$1.runReflectiveCall(FrameworkMethod.java:47)
	at org.junit.internal.runners.model.ReflectiveCallable.run(ReflectiveCallable.java:12)
	at org.junit.runners.model.FrameworkMethod.invokeExplosively(FrameworkMethod.java:44)
	at org.junit.internal.runners.statements.InvokeMethod.evaluate(InvokeMethod.java:17)
	at org.junit.internal.runners.statements.FailOnTimeout$StatementThread.run(FailOnTimeout.java:74)
--- org.apache.commons.math.linear.ArrayRealVector_ESTest::test06464
org.apache.commons.math.MathRuntimeException$4: vector length mismatch: got 2 but expected 4
	at org.apache.commons.math.MathRuntimeException.createIllegalArgumentException(MathRuntimeException.java:305)
	at org.apache.commons.math.linear.ArrayRealVector.checkVectorDimensions(ArrayRealVector.java:1082)
	at org.apache.commons.math.linear.ArrayRealVector.getL1Distance(ArrayRealVector.java:791)
	at org.apache.commons.math.linear.ArrayRealVector.getL1Distance(ArrayRealVector.java:815)
	at org.apache.commons.math.linear.ArrayRealVector_ESTest.test06464(ArrayRealVector_ESTest.java:929)
	at sun.reflect.NativeMethodAccessorImpl.invoke0(Native Method)
	at sun.reflect.NativeMethodAccessorImpl.invoke(NativeMethodAccessorImpl.java:62)
	at sun.reflect.DelegatingMethodAccessorImpl.invoke(DelegatingMethodAccessorImpl.java:43)
	at java.lang.reflect.Method.invoke(Method.java:498)
	at org.junit.runners.model.FrameworkMethod$1.runReflectiveCall(FrameworkMethod.java:47)
	at org.junit.internal.runners.model.ReflectiveCallable.run(ReflectiveCallable.java:12)
	at org.junit.runners.model.FrameworkMethod.invokeExplosively(FrameworkMethod.java:44)
	at org.junit.internal.runners.statements.InvokeMethod.evaluate(InvokeMethod.java:17)
	at org.junit.internal.runners.statements.FailOnTimeout$StatementThread.run(FailOnTimeout.java:74)
--- org.apache.commons.math.linear.ArrayRealVector_ESTest::test05252
org.apache.commons.math.MathRuntimeException$4: position -2 and size 3,140 dont fit to the size of the input array {2}
	at org.apache.commons.math.MathRuntimeException.createIllegalArgumentException(MathRuntimeException.java:305)
	at org.apache.commons.math.linear.ArrayRealVector.<init>(ArrayRealVector.java:145)
	at org.apache.commons.math.linear.ArrayRealVector_ESTest.test05252(ArrayRealVector_ESTest.java:732)
	at sun.reflect.NativeMethodAccessorImpl.invoke0(Native Method)
	at sun.reflect.NativeMethodAccessorImpl.invoke(NativeMethodAccessorImpl.java:62)
	at sun.reflect.DelegatingMethodAccessorImpl.invoke(DelegatingMethodAccessorImpl.java:43)
	at java.lang.reflect.Method.invoke(Method.java:498)
	at org.junit.runners.model.FrameworkMethod$1.runReflectiveCall(FrameworkMethod.java:47)
	at org.junit.internal.runners.model.ReflectiveCallable.run(ReflectiveCallable.java:12)
	at org.junit.runners.model.FrameworkMethod.invokeExplosively(FrameworkMethod.java:44)
	at org.junit.internal.runners.statements.InvokeMethod.evaluate(InvokeMethod.java:17)
	at org.junit.internal.runners.statements.FailOnTimeout$StatementThread.run(FailOnTimeout.java:74)
--- org.apache.commons.math.linear.ArrayRealVector_ESTest::test07676
org.apache.commons.math.MathRuntimeException$4: vector length mismatch: got 2 but expected 1
	at org.apache.commons.math.MathRuntimeException.createIllegalArgumentException(MathRuntimeException.java:305)
	at org.apache.commons.math.linear.ArrayRealVector.checkVectorDimensions(ArrayRealVector.java:1082)
	at org.apache.commons.math.linear.ArrayRealVector.subtract(ArrayRealVector.java:326)
	at org.apache.commons.math.linear.ArrayRealVector_ESTest.test07676(ArrayRealVector_ESTest.java:1094)
	at sun.reflect.NativeMethodAccessorImpl.invoke0(Native Method)
	at sun.reflect.NativeMethodAccessorImpl.invoke(NativeMethodAccessorImpl.java:62)
	at sun.reflect.DelegatingMethodAccessorImpl.invoke(DelegatingMethodAccessorImpl.java:43)
	at java.lang.reflect.Method.invoke(Method.java:498)
	at org.junit.runners.model.FrameworkMethod$1.runReflectiveCall(FrameworkMethod.java:47)
	at org.junit.internal.runners.model.ReflectiveCallable.run(ReflectiveCallable.java:12)
	at org.junit.runners.model.FrameworkMethod.invokeExplosively(FrameworkMethod.java:44)
	at org.junit.internal.runners.statements.InvokeMethod.evaluate(InvokeMethod.java:17)
	at org.junit.internal.runners.statements.FailOnTimeout$StatementThread.run(FailOnTimeout.java:74)
--- org.apache.commons.math.linear.ArrayRealVector_ESTest::test03232
org.apache.commons.math.MathRuntimeException$4: vector length mismatch: got 7 but expected 28
	at org.apache.commons.math.MathRuntimeException.createIllegalArgumentException(MathRuntimeException.java:305)
	at org.apache.commons.math.linear.ArrayRealVector.checkVectorDimensions(ArrayRealVector.java:1082)
	at org.apache.commons.math.linear.ArrayRealVector.dotProduct(ArrayRealVector.java:677)
	at org.apache.commons.math.linear.ArrayRealVector.dotProduct(ArrayRealVector.java:693)
	at org.apache.commons.math.linear.ArrayRealVector.projection(ArrayRealVector.java:898)
	at org.apache.commons.math.linear.ArrayRealVector_ESTest.test03232(ArrayRealVector_ESTest.java:481)
	at sun.reflect.NativeMethodAccessorImpl.invoke0(Native Method)
	at sun.reflect.NativeMethodAccessorImpl.invoke(NativeMethodAccessorImpl.java:62)
	at sun.reflect.DelegatingMethodAccessorImpl.invoke(DelegatingMethodAccessorImpl.java:43)
	at java.lang.reflect.Method.invoke(Method.java:498)
	at org.junit.runners.model.FrameworkMethod$1.runReflectiveCall(FrameworkMethod.java:47)
	at org.junit.internal.runners.model.ReflectiveCallable.run(ReflectiveCallable.java:12)
	at org.junit.runners.model.FrameworkMethod.invokeExplosively(FrameworkMethod.java:44)
	at org.junit.internal.runners.statements.InvokeMethod.evaluate(InvokeMethod.java:17)
	at org.junit.internal.runners.statements.FailOnTimeout$StatementThread.run(FailOnTimeout.java:74)
--- org.apache.commons.math.linear.ArrayRealVector_ESTest::test08888
java.lang.NullPointerException
	at org.apache.commons.math.linear.ArrayRealVector.setSubVector(ArrayRealVector.java:1025)
	at org.apache.commons.math.linear.ArrayRealVector_ESTest.test08888(ArrayRealVector_ESTest.java:1300)
	at sun.reflect.NativeMethodAccessorImpl.invoke0(Native Method)
	at sun.reflect.NativeMethodAccessorImpl.invoke(NativeMethodAccessorImpl.java:62)
	at sun.reflect.DelegatingMethodAccessorImpl.invoke(DelegatingMethodAccessorImpl.java:43)
	at java.lang.reflect.Method.invoke(Method.java:498)
	at org.junit.runners.model.FrameworkMethod$1.runReflectiveCall(FrameworkMethod.java:47)
	at org.junit.internal.runners.model.ReflectiveCallable.run(ReflectiveCallable.java:12)
	at org.junit.runners.model.FrameworkMethod.invokeExplosively(FrameworkMethod.java:44)
	at org.junit.internal.runners.statements.InvokeMethod.evaluate(InvokeMethod.java:17)
	at org.junit.internal.runners.statements.FailOnTimeout$StatementThread.run(FailOnTimeout.java:74)
--- org.apache.commons.math.linear.ArrayRealVector_ESTest::test102102
org.apache.commons.math.linear.MatrixIndexException: index 16 out of allowed range [0, 3]
	at org.apache.commons.math.linear.AbstractRealVector.checkIndex(AbstractRealVector.java:71)
	at org.apache.commons.math.linear.ArrayRealVector.setEntry(ArrayRealVector.java:1002)
	at org.apache.commons.math.linear.ArrayRealVector_ESTest.test102102(ArrayRealVector_ESTest.java:1532)
	at sun.reflect.NativeMethodAccessorImpl.invoke0(Native Method)
	at sun.reflect.NativeMethodAccessorImpl.invoke(NativeMethodAccessorImpl.java:62)
	at sun.reflect.DelegatingMethodAccessorImpl.invoke(DelegatingMethodAccessorImpl.java:43)
	at java.lang.reflect.Method.invoke(Method.java:498)
	at org.junit.runners.model.FrameworkMethod$1.runReflectiveCall(FrameworkMethod.java:47)
	at org.junit.internal.runners.model.ReflectiveCallable.run(ReflectiveCallable.java:12)
	at org.junit.runners.model.FrameworkMethod.invokeExplosively(FrameworkMethod.java:44)
	at org.junit.internal.runners.statements.InvokeMethod.evaluate(InvokeMethod.java:17)
	at org.junit.internal.runners.statements.FailOnTimeout$StatementThread.run(FailOnTimeout.java:74)
--- org.apache.commons.math.linear.ArrayRealVector_ESTest::test02020
java.lang.NullPointerException
	at org.apache.commons.math.linear.ArrayRealVector.<init>(ArrayRealVector.java:83)
	at org.apache.commons.math.linear.ArrayRealVector_ESTest.test02020(ArrayRealVector_ESTest.java:345)
	at sun.reflect.NativeMethodAccessorImpl.invoke0(Native Method)
	at sun.reflect.NativeMethodAccessorImpl.invoke(NativeMethodAccessorImpl.java:62)
	at sun.reflect.DelegatingMethodAccessorImpl.invoke(DelegatingMethodAccessorImpl.java:43)
	at java.lang.reflect.Method.invoke(Method.java:498)
	at org.junit.runners.model.FrameworkMethod$1.runReflectiveCall(FrameworkMethod.java:47)
	at org.junit.internal.runners.model.ReflectiveCallable.run(ReflectiveCallable.java:12)
	at org.junit.runners.model.FrameworkMethod.invokeExplosively(FrameworkMethod.java:44)
	at org.junit.internal.runners.statements.InvokeMethod.evaluate(InvokeMethod.java:17)
	at org.junit.internal.runners.statements.FailOnTimeout$StatementThread.run(FailOnTimeout.java:74)
--- org.apache.commons.math.linear.ArrayRealVector_ESTest::test09292
java.lang.NullPointerException
	at org.apache.commons.math.linear.ArrayRealVector.<init>(ArrayRealVector.java:179)
	at org.apache.commons.math.linear.ArrayRealVector_ESTest.test09292(ArrayRealVector_ESTest.java:1365)
	at sun.reflect.NativeMethodAccessorImpl.invoke0(Native Method)
	at sun.reflect.NativeMethodAccessorImpl.invoke(NativeMethodAccessorImpl.java:62)
	at sun.reflect.DelegatingMethodAccessorImpl.invoke(DelegatingMethodAccessorImpl.java:43)
	at java.lang.reflect.Method.invoke(Method.java:498)
	at org.junit.runners.model.FrameworkMethod$1.runReflectiveCall(FrameworkMethod.java:47)
	at org.junit.internal.runners.model.ReflectiveCallable.run(ReflectiveCallable.java:12)
	at org.junit.runners.model.FrameworkMethod.invokeExplosively(FrameworkMethod.java:44)
	at org.junit.internal.runners.statements.InvokeMethod.evaluate(InvokeMethod.java:17)
	at org.junit.internal.runners.statements.FailOnTimeout$StatementThread.run(FailOnTimeout.java:74)
--- org.apache.commons.math.linear.ArrayRealVector_ESTest::test0099
org.apache.commons.math.MathRuntimeException$4: vector length mismatch: got 6 but expected 9
	at org.apache.commons.math.MathRuntimeException.createIllegalArgumentException(MathRuntimeException.java:305)
	at org.apache.commons.math.linear.ArrayRealVector.checkVectorDimensions(ArrayRealVector.java:1082)
	at org.apache.commons.math.linear.ArrayRealVector.getL1Distance(ArrayRealVector.java:791)
	at org.apache.commons.math.linear.ArrayRealVector_ESTest.test0099(ArrayRealVector_ESTest.java:220)
	at sun.reflect.NativeMethodAccessorImpl.invoke0(Native Method)
	at sun.reflect.NativeMethodAccessorImpl.invoke(NativeMethodAccessorImpl.java:62)
	at sun.reflect.DelegatingMethodAccessorImpl.invoke(DelegatingMethodAccessorImpl.java:43)
	at java.lang.reflect.Method.invoke(Method.java:498)
	at org.junit.runners.model.FrameworkMethod$1.runReflectiveCall(FrameworkMethod.java:47)
	at org.junit.internal.runners.model.ReflectiveCallable.run(ReflectiveCallable.java:12)
	at org.junit.runners.model.FrameworkMethod.invokeExplosively(FrameworkMethod.java:44)
	at org.junit.internal.runners.statements.InvokeMethod.evaluate(InvokeMethod.java:17)
	at org.junit.internal.runners.statements.FailOnTimeout$StatementThread.run(FailOnTimeout.java:74)
--- org.apache.commons.math.linear.ArrayRealVector_ESTest::test06060
java.lang.NullPointerException
	at org.apache.commons.math.linear.ArrayRealVector.<init>(ArrayRealVector.java:243)
	at org.apache.commons.math.linear.ArrayRealVector_ESTest.test06060(ArrayRealVector_ESTest.java:868)
	at sun.reflect.NativeMethodAccessorImpl.invoke0(Native Method)
	at sun.reflect.NativeMethodAccessorImpl.invoke(NativeMethodAccessorImpl.java:62)
	at sun.reflect.DelegatingMethodAccessorImpl.invoke(DelegatingMethodAccessorImpl.java:43)
	at java.lang.reflect.Method.invoke(Method.java:498)
	at org.junit.runners.model.FrameworkMethod$1.runReflectiveCall(FrameworkMethod.java:47)
	at org.junit.internal.runners.model.ReflectiveCallable.run(ReflectiveCallable.java:12)
	at org.junit.runners.model.FrameworkMethod.invokeExplosively(FrameworkMethod.java:44)
	at org.junit.internal.runners.statements.InvokeMethod.evaluate(InvokeMethod.java:17)
	at org.junit.internal.runners.statements.FailOnTimeout$StatementThread.run(FailOnTimeout.java:74)
--- org.apache.commons.math.linear.ArrayRealVector_ESTest::test04040
org.apache.commons.math.MathRuntimeException$4: vector must have at least one element
	at org.apache.commons.math.MathRuntimeException.createIllegalArgumentException(MathRuntimeException.java:305)
	at org.apache.commons.math.linear.ArrayRealVector.<init>(ArrayRealVector.java:106)
	at org.apache.commons.math.linear.ArrayRealVector.ebeMultiply(ArrayRealVector.java:592)
	at org.apache.commons.math.linear.ArrayRealVector.ebeMultiply(ArrayRealVector.java:603)
	at org.apache.commons.math.linear.ArrayRealVector_ESTest.test04040(ArrayRealVector_ESTest.java:575)
	at sun.reflect.NativeMethodAccessorImpl.invoke0(Native Method)
	at sun.reflect.NativeMethodAccessorImpl.invoke(NativeMethodAccessorImpl.java:62)
	at sun.reflect.DelegatingMethodAccessorImpl.invoke(DelegatingMethodAccessorImpl.java:43)
	at java.lang.reflect.Method.invoke(Method.java:498)
	at org.junit.runners.model.FrameworkMethod$1.runReflectiveCall(FrameworkMethod.java:47)
	at org.junit.internal.runners.model.ReflectiveCallable.run(ReflectiveCallable.java:12)
	at org.junit.runners.model.FrameworkMethod.invokeExplosively(FrameworkMethod.java:44)
	at org.junit.internal.runners.statements.InvokeMethod.evaluate(InvokeMethod.java:17)
	at org.junit.internal.runners.statements.FailOnTimeout$StatementThread.run(FailOnTimeout.java:74)
--- org.apache.commons.math.linear.ArrayRealVector_ESTest::test07272
java.lang.NullPointerException
	at org.apache.commons.math.linear.ArrayRealVector.<init>(ArrayRealVector.java:118)
	at org.apache.commons.math.linear.ArrayRealVector_ESTest.test07272(ArrayRealVector_ESTest.java:1028)
	at sun.reflect.NativeMethodAccessorImpl.invoke0(Native Method)
	at sun.reflect.NativeMethodAccessorImpl.invoke(NativeMethodAccessorImpl.java:62)
	at sun.reflect.DelegatingMethodAccessorImpl.invoke(DelegatingMethodAccessorImpl.java:43)
	at java.lang.reflect.Method.invoke(Method.java:498)
	at org.junit.runners.model.FrameworkMethod$1.runReflectiveCall(FrameworkMethod.java:47)
	at org.junit.internal.runners.model.ReflectiveCallable.run(ReflectiveCallable.java:12)
	at org.junit.runners.model.FrameworkMethod.invokeExplosively(FrameworkMethod.java:44)
	at org.junit.internal.runners.statements.InvokeMethod.evaluate(InvokeMethod.java:17)
	at org.junit.internal.runners.statements.FailOnTimeout$StatementThread.run(FailOnTimeout.java:74)
--- org.apache.commons.math.linear.ArrayRealVector_ESTest::test144144
org.apache.commons.math.MathRuntimeException$4: vector length mismatch: got 16 but expected 32
	at org.apache.commons.math.MathRuntimeException.createIllegalArgumentException(MathRuntimeException.java:305)
	at org.apache.commons.math.linear.ArrayRealVector.checkVectorDimensions(ArrayRealVector.java:1082)
	at org.apache.commons.math.linear.ArrayRealVector.getDistance(ArrayRealVector.java:745)
	at org.apache.commons.math.linear.ArrayRealVector.getDistance(ArrayRealVector.java:769)
	at org.apache.commons.math.linear.ArrayRealVector_ESTest.test144144(ArrayRealVector_ESTest.java:2221)
	at sun.reflect.NativeMethodAccessorImpl.invoke0(Native Method)
	at sun.reflect.NativeMethodAccessorImpl.invoke(NativeMethodAccessorImpl.java:62)
	at sun.reflect.DelegatingMethodAccessorImpl.invoke(DelegatingMethodAccessorImpl.java:43)
	at java.lang.reflect.Method.invoke(Method.java:498)
	at org.junit.runners.model.FrameworkMethod$1.runReflectiveCall(FrameworkMethod.java:47)
	at org.junit.internal.runners.model.ReflectiveCallable.run(ReflectiveCallable.java:12)
	at org.junit.runners.model.FrameworkMethod.invokeExplosively(FrameworkMethod.java:44)
	at org.junit.internal.runners.statements.InvokeMethod.evaluate(InvokeMethod.java:17)
	at org.junit.internal.runners.statements.FailOnTimeout$StatementThread.run(FailOnTimeout.java:74)
--- org.apache.commons.math.linear.ArrayRealVector_ESTest::test08080
org.apache.commons.math.MathRuntimeException$4: vector length mismatch: got 3,525 but expected 6
	at org.apache.commons.math.MathRuntimeException.createIllegalArgumentException(MathRuntimeException.java:305)
	at org.apache.commons.math.linear.ArrayRealVector.checkVectorDimensions(ArrayRealVector.java:1082)
	at org.apache.commons.math.linear.ArrayRealVector.getDistance(ArrayRealVector.java:745)
	at org.apache.commons.math.linear.ArrayRealVector_ESTest.test08080(ArrayRealVector_ESTest.java:1156)
	at sun.reflect.NativeMethodAccessorImpl.invoke0(Native Method)
	at sun.reflect.NativeMethodAccessorImpl.invoke(NativeMethodAccessorImpl.java:62)
	at sun.reflect.DelegatingMethodAccessorImpl.invoke(DelegatingMethodAccessorImpl.java:43)
	at java.lang.reflect.Method.invoke(Method.java:498)
	at org.junit.runners.model.FrameworkMethod$1.runReflectiveCall(FrameworkMethod.java:47)
	at org.junit.internal.runners.model.ReflectiveCallable.run(ReflectiveCallable.java:12)
	at org.junit.runners.model.FrameworkMethod.invokeExplosively(FrameworkMethod.java:44)
	at org.junit.internal.runners.statements.InvokeMethod.evaluate(InvokeMethod.java:17)
	at org.junit.internal.runners.statements.FailOnTimeout$StatementThread.run(FailOnTimeout.java:74)
--- org.apache.commons.math.linear.ArrayRealVector_ESTest::test118118
org.apache.commons.math.MathRuntimeException$4: vector length mismatch: got 8 but expected 0
	at org.apache.commons.math.MathRuntimeException.createIllegalArgumentException(MathRuntimeException.java:305)
	at org.apache.commons.math.linear.ArrayRealVector.checkVectorDimensions(ArrayRealVector.java:1082)
	at org.apache.commons.math.linear.ArrayRealVector.dotProduct(ArrayRealVector.java:677)
	at org.apache.commons.math.linear.ArrayRealVector.dotProduct(ArrayRealVector.java:693)
	at org.apache.commons.math.linear.ArrayRealVector_ESTest.test118118(ArrayRealVector_ESTest.java:1745)
	at sun.reflect.NativeMethodAccessorImpl.invoke0(Native Method)
	at sun.reflect.NativeMethodAccessorImpl.invoke(NativeMethodAccessorImpl.java:62)
	at sun.reflect.DelegatingMethodAccessorImpl.invoke(DelegatingMethodAccessorImpl.java:43)
	at java.lang.reflect.Method.invoke(Method.java:498)
	at org.junit.runners.model.FrameworkMethod$1.runReflectiveCall(FrameworkMethod.java:47)
	at org.junit.internal.runners.model.ReflectiveCallable.run(ReflectiveCallable.java:12)
	at org.junit.runners.model.FrameworkMethod.invokeExplosively(FrameworkMethod.java:44)
	at org.junit.internal.runners.statements.InvokeMethod.evaluate(InvokeMethod.java:17)
	at org.junit.internal.runners.statements.FailOnTimeout$StatementThread.run(FailOnTimeout.java:74)
--- org.apache.commons.math.linear.ArrayRealVector_ESTest::test107107
org.apache.commons.math.linear.MatrixIndexException: index 0 out of allowed range [0, -1]
	at org.apache.commons.math.linear.AbstractRealVector.checkIndex(AbstractRealVector.java:71)
	at org.apache.commons.math.linear.ArrayRealVector.setSubVector(ArrayRealVector.java:1027)
	at org.apache.commons.math.linear.ArrayRealVector.set(ArrayRealVector.java:1042)
	at org.apache.commons.math.linear.ArrayRealVector_ESTest.test107107(ArrayRealVector_ESTest.java:1606)
	at sun.reflect.NativeMethodAccessorImpl.invoke0(Native Method)
	at sun.reflect.NativeMethodAccessorImpl.invoke(NativeMethodAccessorImpl.java:62)
	at sun.reflect.DelegatingMethodAccessorImpl.invoke(DelegatingMethodAccessorImpl.java:43)
	at java.lang.reflect.Method.invoke(Method.java:498)
	at org.junit.runners.model.FrameworkMethod$1.runReflectiveCall(FrameworkMethod.java:47)
	at org.junit.internal.runners.model.ReflectiveCallable.run(ReflectiveCallable.java:12)
	at org.junit.runners.model.FrameworkMethod.invokeExplosively(FrameworkMethod.java:44)
	at org.junit.internal.runners.statements.InvokeMethod.evaluate(InvokeMethod.java:17)
	at org.junit.internal.runners.statements.FailOnTimeout$StatementThread.run(FailOnTimeout.java:74)
--- org.apache.commons.math.linear.ArrayRealVector_ESTest::test0088
org.apache.commons.math.MathRuntimeException$4: vector length mismatch: got 0 but expected 2
	at org.apache.commons.math.MathRuntimeException.createIllegalArgumentException(MathRuntimeException.java:305)
	at org.apache.commons.math.linear.ArrayRealVector.checkVectorDimensions(ArrayRealVector.java:1082)
	at org.apache.commons.math.linear.ArrayRealVector.ebeMultiply(ArrayRealVector.java:587)
	at org.apache.commons.math.linear.ArrayRealVector.ebeMultiply(ArrayRealVector.java:603)
	at org.apache.commons.math.linear.ArrayRealVector_ESTest.test0088(ArrayRealVector_ESTest.java:187)
	at sun.reflect.NativeMethodAccessorImpl.invoke0(Native Method)
	at sun.reflect.NativeMethodAccessorImpl.invoke(NativeMethodAccessorImpl.java:62)
	at sun.reflect.DelegatingMethodAccessorImpl.invoke(DelegatingMethodAccessorImpl.java:43)
	at java.lang.reflect.Method.invoke(Method.java:498)
	at org.junit.runners.model.FrameworkMethod$1.runReflectiveCall(FrameworkMethod.java:47)
	at org.junit.internal.runners.model.ReflectiveCallable.run(ReflectiveCallable.java:12)
	at org.junit.runners.model.FrameworkMethod.invokeExplosively(FrameworkMethod.java:44)
	at org.junit.internal.runners.statements.InvokeMethod.evaluate(InvokeMethod.java:17)
	at org.junit.internal.runners.statements.FailOnTimeout$StatementThread.run(FailOnTimeout.java:74)
--- org.apache.commons.math.linear.ArrayRealVector_ESTest::test124124
org.apache.commons.math.linear.MatrixIndexException: index 15 out of allowed range [0, 13]
	at org.apache.commons.math.linear.AbstractRealVector.checkIndex(AbstractRealVector.java:71)
	at org.apache.commons.math.linear.ArrayRealVector.setSubVector(ArrayRealVector.java:1028)
	at org.apache.commons.math.linear.ArrayRealVector.set(ArrayRealVector.java:1042)
	at org.apache.commons.math.linear.ArrayRealVector_ESTest.test124124(ArrayRealVector_ESTest.java:1838)
	at sun.reflect.NativeMethodAccessorImpl.invoke0(Native Method)
	at sun.reflect.NativeMethodAccessorImpl.invoke(NativeMethodAccessorImpl.java:62)
	at sun.reflect.DelegatingMethodAccessorImpl.invoke(DelegatingMethodAccessorImpl.java:43)
	at java.lang.reflect.Method.invoke(Method.java:498)
	at org.junit.runners.model.FrameworkMethod$1.runReflectiveCall(FrameworkMethod.java:47)
	at org.junit.internal.runners.model.ReflectiveCallable.run(ReflectiveCallable.java:12)
	at org.junit.runners.model.FrameworkMethod.invokeExplosively(FrameworkMethod.java:44)
	at org.junit.internal.runners.statements.InvokeMethod.evaluate(InvokeMethod.java:17)
	at org.junit.internal.runners.statements.FailOnTimeout$StatementThread.run(FailOnTimeout.java:74)
--- org.apache.commons.math.linear.ArrayRealVector_ESTest::test113113
java.lang.NullPointerException
	at org.apache.commons.math.linear.ArrayRealVector.<init>(ArrayRealVector.java:199)
	at org.apache.commons.math.linear.ArrayRealVector_ESTest.test113113(ArrayRealVector_ESTest.java:1675)
	at sun.reflect.NativeMethodAccessorImpl.invoke0(Native Method)
	at sun.reflect.NativeMethodAccessorImpl.invoke(NativeMethodAccessorImpl.java:62)
	at sun.reflect.DelegatingMethodAccessorImpl.invoke(DelegatingMethodAccessorImpl.java:43)
	at java.lang.reflect.Method.invoke(Method.java:498)
	at org.junit.runners.model.FrameworkMethod$1.runReflectiveCall(FrameworkMethod.java:47)
	at org.junit.internal.runners.model.ReflectiveCallable.run(ReflectiveCallable.java:12)
	at org.junit.runners.model.FrameworkMethod.invokeExplosively(FrameworkMethod.java:44)
	at org.junit.internal.runners.statements.InvokeMethod.evaluate(InvokeMethod.java:17)
	at org.junit.internal.runners.statements.FailOnTimeout$StatementThread.run(FailOnTimeout.java:74)
--- org.apache.commons.math.linear.ArrayRealVector_ESTest::test01616
java.lang.NullPointerException
	at org.apache.commons.math.linear.ArrayRealVector.checkVectorDimensions(ArrayRealVector.java:1069)
	at org.apache.commons.math.linear.ArrayRealVector.ebeMultiply(ArrayRealVector.java:575)
	at org.apache.commons.math.linear.ArrayRealVector_ESTest.test01616(ArrayRealVector_ESTest.java:299)
	at sun.reflect.NativeMethodAccessorImpl.invoke0(Native Method)
	at sun.reflect.NativeMethodAccessorImpl.invoke(NativeMethodAccessorImpl.java:62)
	at sun.reflect.DelegatingMethodAccessorImpl.invoke(DelegatingMethodAccessorImpl.java:43)
	at java.lang.reflect.Method.invoke(Method.java:498)
	at org.junit.runners.model.FrameworkMethod$1.runReflectiveCall(FrameworkMethod.java:47)
	at org.junit.internal.runners.model.ReflectiveCallable.run(ReflectiveCallable.java:12)
	at org.junit.runners.model.FrameworkMethod.invokeExplosively(FrameworkMethod.java:44)
	at org.junit.internal.runners.statements.InvokeMethod.evaluate(InvokeMethod.java:17)
	at org.junit.internal.runners.statements.FailOnTimeout$StatementThread.run(FailOnTimeout.java:74)
--- org.apache.commons.math.linear.ArrayRealVector_ESTest::test02828
org.evosuite.runtime.mock.java.lang.MockNullPointerException
	at org.apache.commons.math.linear.ArrayRealVector.<init>(ArrayRealVector.java:103)
	at org.apache.commons.math.linear.ArrayRealVector_ESTest.test02828(ArrayRealVector_ESTest.java:431)
	at sun.reflect.NativeMethodAccessorImpl.invoke0(Native Method)
	at sun.reflect.NativeMethodAccessorImpl.invoke(NativeMethodAccessorImpl.java:62)
	at sun.reflect.DelegatingMethodAccessorImpl.invoke(DelegatingMethodAccessorImpl.java:43)
	at java.lang.reflect.Method.invoke(Method.java:498)
	at org.junit.runners.model.FrameworkMethod$1.runReflectiveCall(FrameworkMethod.java:47)
	at org.junit.internal.runners.model.ReflectiveCallable.run(ReflectiveCallable.java:12)
	at org.junit.runners.model.FrameworkMethod.invokeExplosively(FrameworkMethod.java:44)
	at org.junit.internal.runners.statements.InvokeMethod.evaluate(InvokeMethod.java:17)
	at org.junit.internal.runners.statements.FailOnTimeout$StatementThread.run(FailOnTimeout.java:74)
--- org.apache.commons.math.linear.ArrayRealVector_ESTest::test06868
org.apache.commons.math.MathRuntimeException$4: vector length mismatch: got 0 but expected 4
	at org.apache.commons.math.MathRuntimeException.createIllegalArgumentException(MathRuntimeException.java:305)
	at org.apache.commons.math.linear.ArrayRealVector.checkVectorDimensions(ArrayRealVector.java:1082)
	at org.apache.commons.math.linear.ArrayRealVector.outerProduct(ArrayRealVector.java:933)
	at org.apache.commons.math.linear.ArrayRealVector_ESTest.test06868(ArrayRealVector_ESTest.java:979)
	at sun.reflect.NativeMethodAccessorImpl.invoke0(Native Method)
	at sun.reflect.NativeMethodAccessorImpl.invoke(NativeMethodAccessorImpl.java:62)
	at sun.reflect.DelegatingMethodAccessorImpl.invoke(DelegatingMethodAccessorImpl.java:43)
	at java.lang.reflect.Method.invoke(Method.java:498)
	at org.junit.runners.model.FrameworkMethod$1.runReflectiveCall(FrameworkMethod.java:47)
	at org.junit.internal.runners.model.ReflectiveCallable.run(ReflectiveCallable.java:12)
	at org.junit.runners.model.FrameworkMethod.invokeExplosively(FrameworkMethod.java:44)
	at org.junit.internal.runners.statements.InvokeMethod.evaluate(InvokeMethod.java:17)
	at org.junit.internal.runners.statements.FailOnTimeout$StatementThread.run(FailOnTimeout.java:74)
--- org.apache.commons.math.linear.ArrayRealVector_ESTest::test05656
org.apache.commons.math.MathRuntimeException$4: vector length mismatch: got 707 but expected 6
	at org.apache.commons.math.MathRuntimeException.createIllegalArgumentException(MathRuntimeException.java:305)
	at org.apache.commons.math.linear.ArrayRealVector.checkVectorDimensions(ArrayRealVector.java:1082)
	at org.apache.commons.math.linear.ArrayRealVector.getDistance(ArrayRealVector.java:745)
	at org.apache.commons.math.linear.ArrayRealVector_ESTest.test05656(ArrayRealVector_ESTest.java:810)
	at sun.reflect.NativeMethodAccessorImpl.invoke0(Native Method)
	at sun.reflect.NativeMethodAccessorImpl.invoke(NativeMethodAccessorImpl.java:62)
	at sun.reflect.DelegatingMethodAccessorImpl.invoke(DelegatingMethodAccessorImpl.java:43)
	at java.lang.reflect.Method.invoke(Method.java:498)
	at org.junit.runners.model.FrameworkMethod$1.runReflectiveCall(FrameworkMethod.java:47)
	at org.junit.internal.runners.model.ReflectiveCallable.run(ReflectiveCallable.java:12)
	at org.junit.runners.model.FrameworkMethod.invokeExplosively(FrameworkMethod.java:44)
	at org.junit.internal.runners.statements.InvokeMethod.evaluate(InvokeMethod.java:17)
	at org.junit.internal.runners.statements.FailOnTimeout$StatementThread.run(FailOnTimeout.java:74)
--- org.apache.commons.math.linear.ArrayRealVector_ESTest::test04848
java.lang.NullPointerException
	at org.apache.commons.math.linear.ArrayRealVector.<init>(ArrayRealVector.java:230)
	at org.apache.commons.math.linear.ArrayRealVector.append(ArrayRealVector.java:982)
	at org.apache.commons.math.linear.ArrayRealVector_ESTest.test04848(ArrayRealVector_ESTest.java:673)
	at sun.reflect.NativeMethodAccessorImpl.invoke0(Native Method)
	at sun.reflect.NativeMethodAccessorImpl.invoke(NativeMethodAccessorImpl.java:62)
	at sun.reflect.DelegatingMethodAccessorImpl.invoke(DelegatingMethodAccessorImpl.java:43)
	at java.lang.reflect.Method.invoke(Method.java:498)
	at org.junit.runners.model.FrameworkMethod$1.runReflectiveCall(FrameworkMethod.java:47)
	at org.junit.internal.runners.model.ReflectiveCallable.run(ReflectiveCallable.java:12)
	at org.junit.runners.model.FrameworkMethod.invokeExplosively(FrameworkMethod.java:44)
	at org.junit.internal.runners.statements.InvokeMethod.evaluate(InvokeMethod.java:17)
	at org.junit.internal.runners.statements.FailOnTimeout$StatementThread.run(FailOnTimeout.java:74)
--- org.apache.commons.math.linear.ArrayRealVector_ESTest::test01212
org.apache.commons.math.MathRuntimeException$4: invalid row dimension 0 (must be positive)
	at org.apache.commons.math.MathRuntimeException.createIllegalArgumentException(MathRuntimeException.java:305)
	at org.apache.commons.math.linear.AbstractRealMatrix.<init>(AbstractRealMatrix.java:57)
	at org.apache.commons.math.linear.Array2DRowRealMatrix.<init>(Array2DRowRealMatrix.java:96)
	at org.apache.commons.math.linear.MatrixUtils.createRealMatrix(MatrixUtils.java:61)
	at org.apache.commons.math.linear.ArrayRealVector.outerProduct(ArrayRealVector.java:935)
	at org.apache.commons.math.linear.ArrayRealVector.outerProduct(ArrayRealVector.java:927)
	at org.apache.commons.math.linear.ArrayRealVector_ESTest.test01212(ArrayRealVector_ESTest.java:250)
	at sun.reflect.NativeMethodAccessorImpl.invoke0(Native Method)
	at sun.reflect.NativeMethodAccessorImpl.invoke(NativeMethodAccessorImpl.java:62)
	at sun.reflect.DelegatingMethodAccessorImpl.invoke(DelegatingMethodAccessorImpl.java:43)
	at java.lang.reflect.Method.invoke(Method.java:498)
	at org.junit.runners.model.FrameworkMethod$1.runReflectiveCall(FrameworkMethod.java:47)
	at org.junit.internal.runners.model.ReflectiveCallable.run(ReflectiveCallable.java:12)
	at org.junit.runners.model.FrameworkMethod.invokeExplosively(FrameworkMethod.java:44)
	at org.junit.internal.runners.statements.InvokeMethod.evaluate(InvokeMethod.java:17)
	at org.junit.internal.runners.statements.FailOnTimeout$StatementThread.run(FailOnTimeout.java:74)
--- org.apache.commons.math.linear.ArrayRealVector_ESTest::test03636
java.lang.NullPointerException
	at org.apache.commons.math.linear.ArrayRealVector.<init>(ArrayRealVector.java:242)
	at org.apache.commons.math.linear.ArrayRealVector_ESTest.test03636(ArrayRealVector_ESTest.java:534)
	at sun.reflect.NativeMethodAccessorImpl.invoke0(Native Method)
	at sun.reflect.NativeMethodAccessorImpl.invoke(NativeMethodAccessorImpl.java:62)
	at sun.reflect.DelegatingMethodAccessorImpl.invoke(DelegatingMethodAccessorImpl.java:43)
	at java.lang.reflect.Method.invoke(Method.java:498)
	at org.junit.runners.model.FrameworkMethod$1.runReflectiveCall(FrameworkMethod.java:47)
	at org.junit.internal.runners.model.ReflectiveCallable.run(ReflectiveCallable.java:12)
	at org.junit.runners.model.FrameworkMethod.invokeExplosively(FrameworkMethod.java:44)
	at org.junit.internal.runners.statements.InvokeMethod.evaluate(InvokeMethod.java:17)
	at org.junit.internal.runners.statements.FailOnTimeout$StatementThread.run(FailOnTimeout.java:74)
--- org.apache.commons.math.linear.ArrayRealVector_ESTest::test130130
org.apache.commons.math.MathRuntimeException$4: vector length mismatch: got 3,352 but expected 6,706
	at org.apache.commons.math.MathRuntimeException.createIllegalArgumentException(MathRuntimeException.java:305)
	at org.apache.commons.math.linear.ArrayRealVector.checkVectorDimensions(ArrayRealVector.java:1082)
	at org.apache.commons.math.linear.ArrayRealVector.getDistance(ArrayRealVector.java:745)
	at org.apache.commons.math.linear.ArrayRealVector.getDistance(ArrayRealVector.java:769)
	at org.apache.commons.math.linear.ArrayRealVector_ESTest.test130130(ArrayRealVector_ESTest.java:1931)
	at sun.reflect.NativeMethodAccessorImpl.invoke0(Native Method)
	at sun.reflect.NativeMethodAccessorImpl.invoke(NativeMethodAccessorImpl.java:62)
	at sun.reflect.DelegatingMethodAccessorImpl.invoke(DelegatingMethodAccessorImpl.java:43)
	at java.lang.reflect.Method.invoke(Method.java:498)
	at org.junit.runners.model.FrameworkMethod$1.runReflectiveCall(FrameworkMethod.java:47)
	at org.junit.internal.runners.model.ReflectiveCallable.run(ReflectiveCallable.java:12)
	at org.junit.runners.model.FrameworkMethod.invokeExplosively(FrameworkMethod.java:44)
	at org.junit.internal.runners.statements.InvokeMethod.evaluate(InvokeMethod.java:17)
	at org.junit.internal.runners.statements.FailOnTimeout$StatementThread.run(FailOnTimeout.java:74)
--- org.apache.commons.math.linear.ArrayRealVector_ESTest::test02121
java.lang.NullPointerException
	at org.apache.commons.math.linear.ArrayRealVector.<init>(ArrayRealVector.java:188)
	at org.apache.commons.math.linear.ArrayRealVector_ESTest.test02121(ArrayRealVector_ESTest.java:352)
	at sun.reflect.NativeMethodAccessorImpl.invoke0(Native Method)
	at sun.reflect.NativeMethodAccessorImpl.invoke(NativeMethodAccessorImpl.java:62)
	at sun.reflect.DelegatingMethodAccessorImpl.invoke(DelegatingMethodAccessorImpl.java:43)
	at java.lang.reflect.Method.invoke(Method.java:498)
	at org.junit.runners.model.FrameworkMethod$1.runReflectiveCall(FrameworkMethod.java:47)
	at org.junit.internal.runners.model.ReflectiveCallable.run(ReflectiveCallable.java:12)
	at org.junit.runners.model.FrameworkMethod.invokeExplosively(FrameworkMethod.java:44)
	at org.junit.internal.runners.statements.InvokeMethod.evaluate(InvokeMethod.java:17)
	at org.junit.internal.runners.statements.FailOnTimeout$StatementThread.run(FailOnTimeout.java:74)
--- org.apache.commons.math.linear.ArrayRealVector_ESTest::test05353
org.apache.commons.math.MathRuntimeException$4: vector length mismatch: got 12 but expected 6
	at org.apache.commons.math.MathRuntimeException.createIllegalArgumentException(MathRuntimeException.java:305)
	at org.apache.commons.math.linear.ArrayRealVector.checkVectorDimensions(ArrayRealVector.java:1082)
	at org.apache.commons.math.linear.ArrayRealVector.ebeMultiply(ArrayRealVector.java:587)
	at org.apache.commons.math.linear.ArrayRealVector_ESTest.test05353(ArrayRealVector_ESTest.java:746)
	at sun.reflect.NativeMethodAccessorImpl.invoke0(Native Method)
	at sun.reflect.NativeMethodAccessorImpl.invoke(NativeMethodAccessorImpl.java:62)
	at sun.reflect.DelegatingMethodAccessorImpl.invoke(DelegatingMethodAccessorImpl.java:43)
	at java.lang.reflect.Method.invoke(Method.java:498)
	at org.junit.runners.model.FrameworkMethod$1.runReflectiveCall(FrameworkMethod.java:47)
	at org.junit.internal.runners.model.ReflectiveCallable.run(ReflectiveCallable.java:12)
	at org.junit.runners.model.FrameworkMethod.invokeExplosively(FrameworkMethod.java:44)
	at org.junit.internal.runners.statements.InvokeMethod.evaluate(InvokeMethod.java:17)
	at org.junit.internal.runners.statements.FailOnTimeout$StatementThread.run(FailOnTimeout.java:74)
--- org.apache.commons.math.linear.ArrayRealVector_ESTest::test108108
org.apache.commons.math.MathRuntimeException$4: vector length mismatch: got 4 but expected 2
	at org.apache.commons.math.MathRuntimeException.createIllegalArgumentException(MathRuntimeException.java:305)
	at org.apache.commons.math.linear.ArrayRealVector.checkVectorDimensions(ArrayRealVector.java:1082)
	at org.apache.commons.math.linear.ArrayRealVector_ESTest.test108108(ArrayRealVector_ESTest.java:1621)
	at sun.reflect.NativeMethodAccessorImpl.invoke0(Native Method)
	at sun.reflect.NativeMethodAccessorImpl.invoke(NativeMethodAccessorImpl.java:62)
	at sun.reflect.DelegatingMethodAccessorImpl.invoke(DelegatingMethodAccessorImpl.java:43)
	at java.lang.reflect.Method.invoke(Method.java:498)
	at org.junit.runners.model.FrameworkMethod$1.runReflectiveCall(FrameworkMethod.java:47)
	at org.junit.internal.runners.model.ReflectiveCallable.run(ReflectiveCallable.java:12)
	at org.junit.runners.model.FrameworkMethod.invokeExplosively(FrameworkMethod.java:44)
	at org.junit.internal.runners.statements.InvokeMethod.evaluate(InvokeMethod.java:17)
	at org.junit.internal.runners.statements.FailOnTimeout$StatementThread.run(FailOnTimeout.java:74)
--- org.apache.commons.math.linear.ArrayRealVector_ESTest::test04141
org.apache.commons.math.MathRuntimeException$4: position 9 and size 9 dont fit to the size of the input array {2}
	at org.apache.commons.math.MathRuntimeException.createIllegalArgumentException(MathRuntimeException.java:305)
	at org.apache.commons.math.linear.ArrayRealVector.<init>(ArrayRealVector.java:119)
	at org.apache.commons.math.linear.ArrayRealVector_ESTest.test04141(ArrayRealVector_ESTest.java:590)
	at sun.reflect.NativeMethodAccessorImpl.invoke0(Native Method)
	at sun.reflect.NativeMethodAccessorImpl.invoke(NativeMethodAccessorImpl.java:62)
	at sun.reflect.DelegatingMethodAccessorImpl.invoke(DelegatingMethodAccessorImpl.java:43)
	at java.lang.reflect.Method.invoke(Method.java:498)
	at org.junit.runners.model.FrameworkMethod$1.runReflectiveCall(FrameworkMethod.java:47)
	at org.junit.internal.runners.model.ReflectiveCallable.run(ReflectiveCallable.java:12)
	at org.junit.runners.model.FrameworkMethod.invokeExplosively(FrameworkMethod.java:44)
	at org.junit.internal.runners.statements.InvokeMethod.evaluate(InvokeMethod.java:17)
	at org.junit.internal.runners.statements.FailOnTimeout$StatementThread.run(FailOnTimeout.java:74)
--- org.apache.commons.math.linear.ArrayRealVector_ESTest::test03333
org.apache.commons.math.MathRuntimeException$4: vector length mismatch: got 8 but expected 10
	at org.apache.commons.math.MathRuntimeException.createIllegalArgumentException(MathRuntimeException.java:305)
	at org.apache.commons.math.linear.ArrayRealVector.checkVectorDimensions(ArrayRealVector.java:1082)
	at org.apache.commons.math.linear.ArrayRealVector.getDistance(ArrayRealVector.java:745)
	at org.apache.commons.math.linear.ArrayRealVector.getDistance(ArrayRealVector.java:769)
	at org.apache.commons.math.linear.ArrayRealVector_ESTest.test03333(ArrayRealVector_ESTest.java:499)
	at sun.reflect.NativeMethodAccessorImpl.invoke0(Native Method)
	at sun.reflect.NativeMethodAccessorImpl.invoke(NativeMethodAccessorImpl.java:62)
	at sun.reflect.DelegatingMethodAccessorImpl.invoke(DelegatingMethodAccessorImpl.java:43)
	at java.lang.reflect.Method.invoke(Method.java:498)
	at org.junit.runners.model.FrameworkMethod$1.runReflectiveCall(FrameworkMethod.java:47)
	at org.junit.internal.runners.model.ReflectiveCallable.run(ReflectiveCallable.java:12)
	at org.junit.runners.model.FrameworkMethod.invokeExplosively(FrameworkMethod.java:44)
	at org.junit.internal.runners.statements.InvokeMethod.evaluate(InvokeMethod.java:17)
	at org.junit.internal.runners.statements.FailOnTimeout$StatementThread.run(FailOnTimeout.java:74)
--- org.apache.commons.math.linear.ArrayRealVector_ESTest::test100100
java.lang.NullPointerException
	at org.apache.commons.math.linear.ArrayRealVector.checkVectorDimensions(ArrayRealVector.java:1069)
	at org.apache.commons.math.linear.ArrayRealVector.dotProduct(ArrayRealVector.java:663)
	at org.apache.commons.math.linear.ArrayRealVector_ESTest.test100100(ArrayRealVector_ESTest.java:1487)
	at sun.reflect.NativeMethodAccessorImpl.invoke0(Native Method)
	at sun.reflect.NativeMethodAccessorImpl.invoke(NativeMethodAccessorImpl.java:62)
	at sun.reflect.DelegatingMethodAccessorImpl.invoke(DelegatingMethodAccessorImpl.java:43)
	at java.lang.reflect.Method.invoke(Method.java:498)
	at org.junit.runners.model.FrameworkMethod$1.runReflectiveCall(FrameworkMethod.java:47)
	at org.junit.internal.runners.model.ReflectiveCallable.run(ReflectiveCallable.java:12)
	at org.junit.runners.model.FrameworkMethod.invokeExplosively(FrameworkMethod.java:44)
	at org.junit.internal.runners.statements.InvokeMethod.evaluate(InvokeMethod.java:17)
	at org.junit.internal.runners.statements.FailOnTimeout$StatementThread.run(FailOnTimeout.java:74)
--- org.apache.commons.math.linear.ArrayRealVector_ESTest::test07777
java.lang.NullPointerException
	at org.apache.commons.math.linear.ArrayRealVector.<init>(ArrayRealVector.java:179)
	at org.apache.commons.math.linear.ArrayRealVector.<init>(ArrayRealVector.java:170)
	at org.apache.commons.math.linear.ArrayRealVector_ESTest.test07777(ArrayRealVector_ESTest.java:1103)
	at sun.reflect.NativeMethodAccessorImpl.invoke0(Native Method)
	at sun.reflect.NativeMethodAccessorImpl.invoke(NativeMethodAccessorImpl.java:62)
	at sun.reflect.DelegatingMethodAccessorImpl.invoke(DelegatingMethodAccessorImpl.java:43)
	at java.lang.reflect.Method.invoke(Method.java:498)
	at org.junit.runners.model.FrameworkMethod$1.runReflectiveCall(FrameworkMethod.java:47)
	at org.junit.internal.runners.model.ReflectiveCallable.run(ReflectiveCallable.java:12)
	at org.junit.runners.model.FrameworkMethod.invokeExplosively(FrameworkMethod.java:44)
	at org.junit.internal.runners.statements.InvokeMethod.evaluate(InvokeMethod.java:17)
	at org.junit.internal.runners.statements.FailOnTimeout$StatementThread.run(FailOnTimeout.java:74)
--- org.apache.commons.math.linear.ArrayRealVector_ESTest::test06565
org.evosuite.runtime.mock.java.lang.MockNullPointerException
	at org.apache.commons.math.linear.ArrayRealVector.<init>(ArrayRealVector.java:103)
	at org.apache.commons.math.linear.ArrayRealVector.projection(ArrayRealVector.java:889)
	at org.apache.commons.math.linear.ArrayRealVector_ESTest.test06565(ArrayRealVector_ESTest.java:947)
	at sun.reflect.NativeMethodAccessorImpl.invoke0(Native Method)
	at sun.reflect.NativeMethodAccessorImpl.invoke(NativeMethodAccessorImpl.java:62)
	at sun.reflect.DelegatingMethodAccessorImpl.invoke(DelegatingMethodAccessorImpl.java:43)
	at java.lang.reflect.Method.invoke(Method.java:498)
	at org.junit.runners.model.FrameworkMethod$1.runReflectiveCall(FrameworkMethod.java:47)
	at org.junit.internal.runners.model.ReflectiveCallable.run(ReflectiveCallable.java:12)
	at org.junit.runners.model.FrameworkMethod.invokeExplosively(FrameworkMethod.java:44)
	at org.junit.internal.runners.statements.InvokeMethod.evaluate(InvokeMethod.java:17)
	at org.junit.internal.runners.statements.FailOnTimeout$StatementThread.run(FailOnTimeout.java:74)
--- org.apache.commons.math.linear.ArrayRealVector_ESTest::test08181
org.apache.commons.math.MathRuntimeException$4: vector length mismatch: got 3 but expected 6
	at org.apache.commons.math.MathRuntimeException.createIllegalArgumentException(MathRuntimeException.java:305)
	at org.apache.commons.math.linear.ArrayRealVector.checkVectorDimensions(ArrayRealVector.java:1082)
	at org.apache.commons.math.linear.ArrayRealVector.subtract(ArrayRealVector.java:326)
	at org.apache.commons.math.linear.ArrayRealVector.subtract(ArrayRealVector.java:342)
	at org.apache.commons.math.linear.ArrayRealVector_ESTest.test08181(ArrayRealVector_ESTest.java:1171)
	at sun.reflect.NativeMethodAccessorImpl.invoke0(Native Method)
	at sun.reflect.NativeMethodAccessorImpl.invoke(NativeMethodAccessorImpl.java:62)
	at sun.reflect.DelegatingMethodAccessorImpl.invoke(DelegatingMethodAccessorImpl.java:43)
	at java.lang.reflect.Method.invoke(Method.java:498)
	at org.junit.runners.model.FrameworkMethod$1.runReflectiveCall(FrameworkMethod.java:47)
	at org.junit.internal.runners.model.ReflectiveCallable.run(ReflectiveCallable.java:12)
	at org.junit.runners.model.FrameworkMethod.invokeExplosively(FrameworkMethod.java:44)
	at org.junit.internal.runners.statements.InvokeMethod.evaluate(InvokeMethod.java:17)
	at org.junit.internal.runners.statements.FailOnTimeout$StatementThread.run(FailOnTimeout.java:74)
--- org.apache.commons.math.linear.ArrayRealVector_ESTest::test146146
org.apache.commons.math.MathRuntimeException$4: vector must have at least one element
	at org.apache.commons.math.MathRuntimeException.createIllegalArgumentException(MathRuntimeException.java:305)
	at org.apache.commons.math.linear.ArrayRealVector.<init>(ArrayRealVector.java:106)
	at org.apache.commons.math.linear.ArrayRealVector.add(ArrayRealVector.java:292)
	at org.apache.commons.math.linear.ArrayRealVector.add(ArrayRealVector.java:303)
	at org.apache.commons.math.linear.ArrayRealVector.add(ArrayRealVector.java:271)
	at org.apache.commons.math.linear.ArrayRealVector_ESTest.test146146(ArrayRealVector_ESTest.java:2250)
	at sun.reflect.NativeMethodAccessorImpl.invoke0(Native Method)
	at sun.reflect.NativeMethodAccessorImpl.invoke(NativeMethodAccessorImpl.java:62)
	at sun.reflect.DelegatingMethodAccessorImpl.invoke(DelegatingMethodAccessorImpl.java:43)
	at java.lang.reflect.Method.invoke(Method.java:498)
	at org.junit.runners.model.FrameworkMethod$1.runReflectiveCall(FrameworkMethod.java:47)
	at org.junit.internal.runners.model.ReflectiveCallable.run(ReflectiveCallable.java:12)
	at org.junit.runners.model.FrameworkMethod.invokeExplosively(FrameworkMethod.java:44)
	at org.junit.internal.runners.statements.InvokeMethod.evaluate(InvokeMethod.java:17)
	at org.junit.internal.runners.statements.FailOnTimeout$StatementThread.run(FailOnTimeout.java:74)
--- org.apache.commons.math.linear.ArrayRealVector_ESTest::test07373
org.apache.commons.math.linear.MatrixIndexException: index 353 out of allowed range [0, 5]
	at org.apache.commons.math.linear.AbstractRealVector.checkIndex(AbstractRealVector.java:71)
	at org.apache.commons.math.linear.ArrayRealVector_ESTest.test07373(ArrayRealVector_ESTest.java:1049)
	at sun.reflect.NativeMethodAccessorImpl.invoke0(Native Method)
	at sun.reflect.NativeMethodAccessorImpl.invoke(NativeMethodAccessorImpl.java:62)
	at sun.reflect.DelegatingMethodAccessorImpl.invoke(DelegatingMethodAccessorImpl.java:43)
	at java.lang.reflect.Method.invoke(Method.java:498)
	at org.junit.runners.model.FrameworkMethod$1.runReflectiveCall(FrameworkMethod.java:47)
	at org.junit.internal.runners.model.ReflectiveCallable.run(ReflectiveCallable.java:12)
	at org.junit.runners.model.FrameworkMethod.invokeExplosively(FrameworkMethod.java:44)
	at org.junit.internal.runners.statements.InvokeMethod.evaluate(InvokeMethod.java:17)
	at org.junit.internal.runners.statements.FailOnTimeout$StatementThread.run(FailOnTimeout.java:74)
--- org.apache.commons.math.linear.ArrayRealVector_ESTest::test06161
org.apache.commons.math.MathRuntimeException$4: vector length mismatch: got 0 but expected 6
	at org.apache.commons.math.MathRuntimeException.createIllegalArgumentException(MathRuntimeException.java:305)
	at org.apache.commons.math.linear.ArrayRealVector.checkVectorDimensions(ArrayRealVector.java:1082)
	at org.apache.commons.math.linear.ArrayRealVector.dotProduct(ArrayRealVector.java:677)
	at org.apache.commons.math.linear.ArrayRealVector.dotProduct(ArrayRealVector.java:693)
	at org.apache.commons.math.linear.ArrayRealVector.projection(ArrayRealVector.java:898)
	at org.apache.commons.math.linear.ArrayRealVector.projection(ArrayRealVector.java:889)
	at org.apache.commons.math.linear.ArrayRealVector_ESTest.test06161(ArrayRealVector_ESTest.java:886)
	at sun.reflect.NativeMethodAccessorImpl.invoke0(Native Method)
	at sun.reflect.NativeMethodAccessorImpl.invoke(NativeMethodAccessorImpl.java:62)
	at sun.reflect.DelegatingMethodAccessorImpl.invoke(DelegatingMethodAccessorImpl.java:43)
	at java.lang.reflect.Method.invoke(Method.java:498)
	at org.junit.runners.model.FrameworkMethod$1.runReflectiveCall(FrameworkMethod.java:47)
	at org.junit.internal.runners.model.ReflectiveCallable.run(ReflectiveCallable.java:12)
	at org.junit.runners.model.FrameworkMethod.invokeExplosively(FrameworkMethod.java:44)
	at org.junit.internal.runners.statements.InvokeMethod.evaluate(InvokeMethod.java:17)
	at org.junit.internal.runners.statements.FailOnTimeout$StatementThread.run(FailOnTimeout.java:74)
--- org.apache.commons.math.linear.ArrayRealVector_ESTest::test116116
java.lang.NegativeArraySizeException
	at org.apache.commons.math.linear.ArrayRealVector.<init>(ArrayRealVector.java:159)
	at org.apache.commons.math.linear.ArrayRealVector_ESTest.test116116(ArrayRealVector_ESTest.java:1714)
	at sun.reflect.NativeMethodAccessorImpl.invoke0(Native Method)
	at sun.reflect.NativeMethodAccessorImpl.invoke(NativeMethodAccessorImpl.java:62)
	at sun.reflect.DelegatingMethodAccessorImpl.invoke(DelegatingMethodAccessorImpl.java:43)
	at java.lang.reflect.Method.invoke(Method.java:498)
	at org.junit.runners.model.FrameworkMethod$1.runReflectiveCall(FrameworkMethod.java:47)
	at org.junit.internal.runners.model.ReflectiveCallable.run(ReflectiveCallable.java:12)
	at org.junit.runners.model.FrameworkMethod.invokeExplosively(FrameworkMethod.java:44)
	at org.junit.internal.runners.statements.InvokeMethod.evaluate(InvokeMethod.java:17)
	at org.junit.internal.runners.statements.FailOnTimeout$StatementThread.run(FailOnTimeout.java:74)
--- org.apache.commons.math.linear.ArrayRealVector_ESTest::test105105
java.lang.ArrayIndexOutOfBoundsException: 0
	at org.apache.commons.math.linear.ArrayRealVector.getEntry(ArrayRealVector.java:946)
	at org.apache.commons.math.linear.AbstractRealVector$EntryImpl.getValue(AbstractRealVector.java:797)
	at org.apache.commons.math.linear.AbstractRealVector$SparseEntryIterator.<init>(AbstractRealVector.java:837)
	at org.apache.commons.math.linear.AbstractRealVector.sparseIterator(AbstractRealVector.java:740)
	at org.apache.commons.math.linear.ArrayRealVector_ESTest.test105105(ArrayRealVector_ESTest.java:1573)
	at sun.reflect.NativeMethodAccessorImpl.invoke0(Native Method)
	at sun.reflect.NativeMethodAccessorImpl.invoke(NativeMethodAccessorImpl.java:62)
	at sun.reflect.DelegatingMethodAccessorImpl.invoke(DelegatingMethodAccessorImpl.java:43)
	at java.lang.reflect.Method.invoke(Method.java:498)
	at org.junit.runners.model.FrameworkMethod$1.runReflectiveCall(FrameworkMethod.java:47)
	at org.junit.internal.runners.model.ReflectiveCallable.run(ReflectiveCallable.java:12)
	at org.junit.runners.model.FrameworkMethod.invokeExplosively(FrameworkMethod.java:44)
	at org.junit.internal.runners.statements.InvokeMethod.evaluate(InvokeMethod.java:17)
	at org.junit.internal.runners.statements.FailOnTimeout$StatementThread.run(FailOnTimeout.java:74)
--- org.apache.commons.math.linear.ArrayRealVector_ESTest::test04949
org.apache.commons.math.MathRuntimeException$4: position 187 and size 282 dont fit to the size of the input array {2}
	at org.apache.commons.math.MathRuntimeException.createIllegalArgumentException(MathRuntimeException.java:305)
	at org.apache.commons.math.linear.ArrayRealVector.<init>(ArrayRealVector.java:145)
	at org.apache.commons.math.linear.ArrayRealVector_ESTest.test04949(ArrayRealVector_ESTest.java:684)
	at sun.reflect.NativeMethodAccessorImpl.invoke0(Native Method)
	at sun.reflect.NativeMethodAccessorImpl.invoke(NativeMethodAccessorImpl.java:62)
	at sun.reflect.DelegatingMethodAccessorImpl.invoke(DelegatingMethodAccessorImpl.java:43)
	at java.lang.reflect.Method.invoke(Method.java:498)
	at org.junit.runners.model.FrameworkMethod$1.runReflectiveCall(FrameworkMethod.java:47)
	at org.junit.internal.runners.model.ReflectiveCallable.run(ReflectiveCallable.java:12)
	at org.junit.runners.model.FrameworkMethod.invokeExplosively(FrameworkMethod.java:44)
	at org.junit.internal.runners.statements.InvokeMethod.evaluate(InvokeMethod.java:17)
	at org.junit.internal.runners.statements.FailOnTimeout$StatementThread.run(FailOnTimeout.java:74)
--- org.apache.commons.math.linear.ArrayRealVector_ESTest::test111111
org.apache.commons.math.MathRuntimeException$4: vector length mismatch: got 2 but expected 1
	at org.apache.commons.math.MathRuntimeException.createIllegalArgumentException(MathRuntimeException.java:305)
	at org.apache.commons.math.linear.ArrayRealVector.checkVectorDimensions(ArrayRealVector.java:1082)
	at org.apache.commons.math.linear.ArrayRealVector.getL1Distance(ArrayRealVector.java:791)
	at org.apache.commons.math.linear.ArrayRealVector_ESTest.test111111(ArrayRealVector_ESTest.java:1651)
	at sun.reflect.NativeMethodAccessorImpl.invoke0(Native Method)
	at sun.reflect.NativeMethodAccessorImpl.invoke(NativeMethodAccessorImpl.java:62)
	at sun.reflect.DelegatingMethodAccessorImpl.invoke(DelegatingMethodAccessorImpl.java:43)
	at java.lang.reflect.Method.invoke(Method.java:498)
	at org.junit.runners.model.FrameworkMethod$1.runReflectiveCall(FrameworkMethod.java:47)
	at org.junit.internal.runners.model.ReflectiveCallable.run(ReflectiveCallable.java:12)
	at org.junit.runners.model.FrameworkMethod.invokeExplosively(FrameworkMethod.java:44)
	at org.junit.internal.runners.statements.InvokeMethod.evaluate(InvokeMethod.java:17)
	at org.junit.internal.runners.statements.FailOnTimeout$StatementThread.run(FailOnTimeout.java:74)
--- org.apache.commons.math.linear.ArrayRealVector_ESTest::test01717
java.lang.NullPointerException
	at org.apache.commons.math.linear.ArrayRealVector.<init>(ArrayRealVector.java:131)
	at org.apache.commons.math.linear.ArrayRealVector_ESTest.test01717(ArrayRealVector_ESTest.java:306)
	at sun.reflect.NativeMethodAccessorImpl.invoke0(Native Method)
	at sun.reflect.NativeMethodAccessorImpl.invoke(NativeMethodAccessorImpl.java:62)
	at sun.reflect.DelegatingMethodAccessorImpl.invoke(DelegatingMethodAccessorImpl.java:43)
	at java.lang.reflect.Method.invoke(Method.java:498)
	at org.junit.runners.model.FrameworkMethod$1.runReflectiveCall(FrameworkMethod.java:47)
	at org.junit.internal.runners.model.ReflectiveCallable.run(ReflectiveCallable.java:12)
	at org.junit.runners.model.FrameworkMethod.invokeExplosively(FrameworkMethod.java:44)
	at org.junit.internal.runners.statements.InvokeMethod.evaluate(InvokeMethod.java:17)
	at org.junit.internal.runners.statements.FailOnTimeout$StatementThread.run(FailOnTimeout.java:74)
--- org.apache.commons.math.linear.ArrayRealVector_ESTest::test119119
org.apache.commons.math.MathRuntimeException$4: vector length mismatch: got 10 but expected 5
	at org.apache.commons.math.MathRuntimeException.createIllegalArgumentException(MathRuntimeException.java:305)
	at org.apache.commons.math.linear.ArrayRealVector.checkVectorDimensions(ArrayRealVector.java:1082)
	at org.apache.commons.math.linear.ArrayRealVector.getL1Distance(ArrayRealVector.java:791)
	at org.apache.commons.math.linear.ArrayRealVector.getL1Distance(ArrayRealVector.java:815)
	at org.apache.commons.math.linear.ArrayRealVector.getL1Distance(ArrayRealVector.java:776)
	at org.apache.commons.math.linear.ArrayRealVector_ESTest.test119119(ArrayRealVector_ESTest.java:1766)
	at sun.reflect.NativeMethodAccessorImpl.invoke0(Native Method)
	at sun.reflect.NativeMethodAccessorImpl.invoke(NativeMethodAccessorImpl.java:62)
	at sun.reflect.DelegatingMethodAccessorImpl.invoke(DelegatingMethodAccessorImpl.java:43)
	at java.lang.reflect.Method.invoke(Method.java:498)
	at org.junit.runners.model.FrameworkMethod$1.runReflectiveCall(FrameworkMethod.java:47)
	at org.junit.internal.runners.model.ReflectiveCallable.run(ReflectiveCallable.java:12)
	at org.junit.runners.model.FrameworkMethod.invokeExplosively(FrameworkMethod.java:44)
	at org.junit.internal.runners.statements.InvokeMethod.evaluate(InvokeMethod.java:17)
	at org.junit.internal.runners.statements.FailOnTimeout$StatementThread.run(FailOnTimeout.java:74)
--- org.apache.commons.math.linear.ArrayRealVector_ESTest::test08989
java.lang.NullPointerException
	at org.apache.commons.math.linear.ArrayRealVector.checkVectorDimensions(ArrayRealVector.java:1069)
	at org.apache.commons.math.linear.ArrayRealVector.getL1Distance(ArrayRealVector.java:778)
	at org.apache.commons.math.linear.ArrayRealVector_ESTest.test08989(ArrayRealVector_ESTest.java:1313)
	at sun.reflect.NativeMethodAccessorImpl.invoke0(Native Method)
	at sun.reflect.NativeMethodAccessorImpl.invoke(NativeMethodAccessorImpl.java:62)
	at sun.reflect.DelegatingMethodAccessorImpl.invoke(DelegatingMethodAccessorImpl.java:43)
	at java.lang.reflect.Method.invoke(Method.java:498)
	at org.junit.runners.model.FrameworkMethod$1.runReflectiveCall(FrameworkMethod.java:47)
	at org.junit.internal.runners.model.ReflectiveCallable.run(ReflectiveCallable.java:12)
	at org.junit.runners.model.FrameworkMethod.invokeExplosively(FrameworkMethod.java:44)
	at org.junit.internal.runners.statements.InvokeMethod.evaluate(InvokeMethod.java:17)
	at org.junit.internal.runners.statements.FailOnTimeout$StatementThread.run(FailOnTimeout.java:74)
--- org.apache.commons.math.linear.ArrayRealVector_ESTest::test02525
org.apache.commons.math.linear.MatrixIndexException: index 17 out of allowed range [0, -1]
	at org.apache.commons.math.linear.AbstractRealVector.checkIndex(AbstractRealVector.java:71)
	at org.apache.commons.math.linear.ArrayRealVector.setSubVector(ArrayRealVector.java:1027)
	at org.apache.commons.math.linear.ArrayRealVector_ESTest.test02525(ArrayRealVector_ESTest.java:400)
	at sun.reflect.NativeMethodAccessorImpl.invoke0(Native Method)
	at sun.reflect.NativeMethodAccessorImpl.invoke(NativeMethodAccessorImpl.java:62)
	at sun.reflect.DelegatingMethodAccessorImpl.invoke(DelegatingMethodAccessorImpl.java:43)
	at java.lang.reflect.Method.invoke(Method.java:498)
	at org.junit.runners.model.FrameworkMethod$1.runReflectiveCall(FrameworkMethod.java:47)
	at org.junit.internal.runners.model.ReflectiveCallable.run(ReflectiveCallable.java:12)
	at org.junit.runners.model.FrameworkMethod.invokeExplosively(FrameworkMethod.java:44)
	at org.junit.internal.runners.statements.InvokeMethod.evaluate(InvokeMethod.java:17)
	at org.junit.internal.runners.statements.FailOnTimeout$StatementThread.run(FailOnTimeout.java:74)
--- org.apache.commons.math.linear.ArrayRealVector_ESTest::test05757
org.apache.commons.math.MathRuntimeException$4: vector length mismatch: got 0 but expected 6
	at org.apache.commons.math.MathRuntimeException.createIllegalArgumentException(MathRuntimeException.java:305)
	at org.apache.commons.math.linear.ArrayRealVector.checkVectorDimensions(ArrayRealVector.java:1082)
	at org.apache.commons.math.linear.ArrayRealVector.ebeMultiply(ArrayRealVector.java:587)
	at org.apache.commons.math.linear.ArrayRealVector.ebeMultiply(ArrayRealVector.java:603)
	at org.apache.commons.math.linear.ArrayRealVector_ESTest.test05757(ArrayRealVector_ESTest.java:831)
	at sun.reflect.NativeMethodAccessorImpl.invoke0(Native Method)
	at sun.reflect.NativeMethodAccessorImpl.invoke(NativeMethodAccessorImpl.java:62)
	at sun.reflect.DelegatingMethodAccessorImpl.invoke(DelegatingMethodAccessorImpl.java:43)
	at java.lang.reflect.Method.invoke(Method.java:498)
	at org.junit.runners.model.FrameworkMethod$1.runReflectiveCall(FrameworkMethod.java:47)
	at org.junit.internal.runners.model.ReflectiveCallable.run(ReflectiveCallable.java:12)
	at org.junit.runners.model.FrameworkMethod.invokeExplosively(FrameworkMethod.java:44)
	at org.junit.internal.runners.statements.InvokeMethod.evaluate(InvokeMethod.java:17)
	at org.junit.internal.runners.statements.FailOnTimeout$StatementThread.run(FailOnTimeout.java:74)
--- org.apache.commons.math.linear.ArrayRealVector_ESTest::test03737
java.lang.NegativeArraySizeException
	at org.apache.commons.math.linear.ArrayRealVector.<init>(ArrayRealVector.java:74)
	at org.apache.commons.math.linear.ArrayRealVector_ESTest.test03737(ArrayRealVector_ESTest.java:544)
	at sun.reflect.NativeMethodAccessorImpl.invoke0(Native Method)
	at sun.reflect.NativeMethodAccessorImpl.invoke(NativeMethodAccessorImpl.java:62)
	at sun.reflect.DelegatingMethodAccessorImpl.invoke(DelegatingMethodAccessorImpl.java:43)
	at java.lang.reflect.Method.invoke(Method.java:498)
	at org.junit.runners.model.FrameworkMethod$1.runReflectiveCall(FrameworkMethod.java:47)
	at org.junit.internal.runners.model.ReflectiveCallable.run(ReflectiveCallable.java:12)
	at org.junit.runners.model.FrameworkMethod.invokeExplosively(FrameworkMethod.java:44)
	at org.junit.internal.runners.statements.InvokeMethod.evaluate(InvokeMethod.java:17)
	at org.junit.internal.runners.statements.FailOnTimeout$StatementThread.run(FailOnTimeout.java:74)
--- org.apache.commons.math.linear.ArrayRealVector_ESTest::test06969
org.apache.commons.math.MathRuntimeException$4: vector must have at least one element
	at org.apache.commons.math.MathRuntimeException.createIllegalArgumentException(MathRuntimeException.java:305)
	at org.apache.commons.math.linear.ArrayRealVector.<init>(ArrayRealVector.java:106)
	at org.apache.commons.math.linear.ArrayRealVector.ebeMultiply(ArrayRealVector.java:580)
	at org.apache.commons.math.linear.ArrayRealVector_ESTest.test06969(ArrayRealVector_ESTest.java:990)
	at sun.reflect.NativeMethodAccessorImpl.invoke0(Native Method)
	at sun.reflect.NativeMethodAccessorImpl.invoke(NativeMethodAccessorImpl.java:62)
	at sun.reflect.DelegatingMethodAccessorImpl.invoke(DelegatingMethodAccessorImpl.java:43)
	at java.lang.reflect.Method.invoke(Method.java:498)
	at org.junit.runners.model.FrameworkMethod$1.runReflectiveCall(FrameworkMethod.java:47)
	at org.junit.internal.runners.model.ReflectiveCallable.run(ReflectiveCallable.java:12)
	at org.junit.runners.model.FrameworkMethod.invokeExplosively(FrameworkMethod.java:44)
	at org.junit.internal.runners.statements.InvokeMethod.evaluate(InvokeMethod.java:17)
	at org.junit.internal.runners.statements.FailOnTimeout$StatementThread.run(FailOnTimeout.java:74)
