--- com.google.javascript.jscomp.PureFunctionIdentifier_ESTest::test00
org.evosuite.runtime.mock.java.lang.MockIllegalStateException: It is illegal to call PureFunctionIdentifier.process twice the same instance.  Please use a new PureFunctionIdentifier instance each time.
	at com.google.javascript.jscomp.PureFunctionIdentifier.process(PureFunctionIdentifier.java:88)
	at com.google.javascript.jscomp.PureFunctionIdentifier_ESTest.test00(PureFunctionIdentifier_ESTest.java:28)
	at sun.reflect.NativeMethodAccessorImpl.invoke0(Native Method)
	at sun.reflect.NativeMethodAccessorImpl.invoke(NativeMethodAccessorImpl.java:62)
	at sun.reflect.DelegatingMethodAccessorImpl.invoke(DelegatingMethodAccessorImpl.java:43)
	at java.lang.reflect.Method.invoke(Method.java:498)
	at org.junit.runners.model.FrameworkMethod$1.runReflectiveCall(FrameworkMethod.java:47)
	at org.junit.internal.runners.model.ReflectiveCallable.run(ReflectiveCallable.java:12)
	at org.junit.runners.model.FrameworkMethod.invokeExplosively(FrameworkMethod.java:44)
	at org.junit.internal.runners.statements.InvokeMethod.evaluate(InvokeMethod.java:17)
	at org.junit.internal.runners.statements.FailOnTimeout$StatementThread.run(FailOnTimeout.java:74)
--- com.google.javascript.jscomp.PureFunctionIdentifier_ESTest::test22
java.lang.NullPointerException
	at com.google.javascript.jscomp.SimpleDefinitionFinder.getDefinitionsReferencedAt(SimpleDefinitionFinder.java:74)
	at com.google.javascript.jscomp.PureFunctionIdentifier.getCallableDefinitions(PureFunctionIdentifier.java:182)
	at com.google.javascript.jscomp.PureFunctionIdentifier.markPureFunctionCalls(PureFunctionIdentifier.java:264)
	at com.google.javascript.jscomp.PureFunctionIdentifier.process(PureFunctionIdentifier.java:102)
	at com.google.javascript.jscomp.PureFunctionIdentifier_ESTest.test22(PureFunctionIdentifier_ESTest.java:47)
	at sun.reflect.NativeMethodAccessorImpl.invoke0(Native Method)
	at sun.reflect.NativeMethodAccessorImpl.invoke(NativeMethodAccessorImpl.java:62)
	at sun.reflect.DelegatingMethodAccessorImpl.invoke(DelegatingMethodAccessorImpl.java:43)
	at java.lang.reflect.Method.invoke(Method.java:498)
	at org.junit.runners.model.FrameworkMethod$1.runReflectiveCall(FrameworkMethod.java:47)
	at org.junit.internal.runners.model.ReflectiveCallable.run(ReflectiveCallable.java:12)
	at org.junit.runners.model.FrameworkMethod.invokeExplosively(FrameworkMethod.java:44)
	at org.junit.internal.runners.statements.InvokeMethod.evaluate(InvokeMethod.java:17)
	at org.junit.internal.runners.statements.FailOnTimeout$StatementThread.run(FailOnTimeout.java:74)
--- com.google.javascript.jscomp.PureFunctionIdentifier_ESTest::test44
java.lang.UnsupportedOperationException: NAME is not a string node
	at com.google.javascript.rhino.Node.getString(Node.java:854)
	at com.google.javascript.jscomp.SimpleDefinitionFinder.getSimplifiedName(SimpleDefinitionFinder.java:128)
	at com.google.javascript.jscomp.SimpleDefinitionFinder.getDefinitionsReferencedAt(SimpleDefinitionFinder.java:80)
	at com.google.javascript.jscomp.PureFunctionIdentifier.getCallableDefinitions(PureFunctionIdentifier.java:182)
	at com.google.javascript.jscomp.PureFunctionIdentifier.markPureFunctionCalls(PureFunctionIdentifier.java:264)
	at com.google.javascript.jscomp.PureFunctionIdentifier.process(PureFunctionIdentifier.java:102)
	at com.google.javascript.jscomp.PureFunctionIdentifier_ESTest.test44(PureFunctionIdentifier_ESTest.java:68)
	at sun.reflect.NativeMethodAccessorImpl.invoke0(Native Method)
	at sun.reflect.NativeMethodAccessorImpl.invoke(NativeMethodAccessorImpl.java:62)
	at sun.reflect.DelegatingMethodAccessorImpl.invoke(DelegatingMethodAccessorImpl.java:43)
	at java.lang.reflect.Method.invoke(Method.java:498)
	at org.junit.runners.model.FrameworkMethod$1.runReflectiveCall(FrameworkMethod.java:47)
	at org.junit.internal.runners.model.ReflectiveCallable.run(ReflectiveCallable.java:12)
	at org.junit.runners.model.FrameworkMethod.invokeExplosively(FrameworkMethod.java:44)
	at org.junit.internal.runners.statements.InvokeMethod.evaluate(InvokeMethod.java:17)
	at org.junit.internal.runners.statements.FailOnTimeout$StatementThread.run(FailOnTimeout.java:74)
--- com.google.javascript.jscomp.PureFunctionIdentifier_ESTest::test88
java.lang.NullPointerException
	at com.google.javascript.jscomp.NodeTraversal.throwUnexpectedException(NodeTraversal.java:234)
	at com.google.javascript.jscomp.NodeTraversal.traverse(NodeTraversal.java:256)
	at com.google.javascript.jscomp.NodeTraversal.traverse(NodeTraversal.java:426)
	at com.google.javascript.jscomp.PureFunctionIdentifier.process(PureFunctionIdentifier.java:97)
	at com.google.javascript.jscomp.PureFunctionIdentifier_ESTest.test88(PureFunctionIdentifier_ESTest.java:104)
	at sun.reflect.NativeMethodAccessorImpl.invoke0(Native Method)
	at sun.reflect.NativeMethodAccessorImpl.invoke(NativeMethodAccessorImpl.java:62)
	at sun.reflect.DelegatingMethodAccessorImpl.invoke(DelegatingMethodAccessorImpl.java:43)
	at java.lang.reflect.Method.invoke(Method.java:498)
	at org.junit.runners.model.FrameworkMethod$1.runReflectiveCall(FrameworkMethod.java:47)
	at org.junit.internal.runners.model.ReflectiveCallable.run(ReflectiveCallable.java:12)
	at org.junit.runners.model.FrameworkMethod.invokeExplosively(FrameworkMethod.java:44)
	at org.junit.internal.runners.statements.InvokeMethod.evaluate(InvokeMethod.java:17)
	at org.junit.internal.runners.statements.FailOnTimeout$StatementThread.run(FailOnTimeout.java:74)
--- com.google.javascript.jscomp.PureFunctionIdentifier_ESTest::test55
java.lang.NullPointerException
	at com.google.javascript.jscomp.NodeUtil.isGetProp(NodeUtil.java:805)
	at com.google.javascript.jscomp.PureFunctionIdentifier.getCallableDefinitions(PureFunctionIdentifier.java:179)
	at com.google.javascript.jscomp.PureFunctionIdentifier.markPureFunctionCalls(PureFunctionIdentifier.java:264)
	at com.google.javascript.jscomp.PureFunctionIdentifier.process(PureFunctionIdentifier.java:102)
	at com.google.javascript.jscomp.PureFunctionIdentifier_ESTest.test55(PureFunctionIdentifier_ESTest.java:76)
	at sun.reflect.NativeMethodAccessorImpl.invoke0(Native Method)
	at sun.reflect.NativeMethodAccessorImpl.invoke(NativeMethodAccessorImpl.java:62)
	at sun.reflect.DelegatingMethodAccessorImpl.invoke(DelegatingMethodAccessorImpl.java:43)
	at java.lang.reflect.Method.invoke(Method.java:498)
	at org.junit.runners.model.FrameworkMethod$1.runReflectiveCall(FrameworkMethod.java:47)
	at org.junit.internal.runners.model.ReflectiveCallable.run(ReflectiveCallable.java:12)
	at org.junit.runners.model.FrameworkMethod.invokeExplosively(FrameworkMethod.java:44)
	at org.junit.internal.runners.statements.InvokeMethod.evaluate(InvokeMethod.java:17)
	at org.junit.internal.runners.statements.FailOnTimeout$StatementThread.run(FailOnTimeout.java:74)
--- com.google.javascript.jscomp.PureFunctionIdentifier_ESTest::test77
java.lang.NullPointerException
	at com.google.javascript.jscomp.NodeTraversal.throwUnexpectedException(NodeTraversal.java:234)
	at com.google.javascript.jscomp.NodeTraversal.traverse(NodeTraversal.java:256)
	at com.google.javascript.jscomp.NodeTraversal.traverse(NodeTraversal.java:426)
	at com.google.javascript.jscomp.PureFunctionIdentifier.process(PureFunctionIdentifier.java:98)
	at com.google.javascript.jscomp.PureFunctionIdentifier_ESTest.test77(PureFunctionIdentifier_ESTest.java:95)
	at sun.reflect.NativeMethodAccessorImpl.invoke0(Native Method)
	at sun.reflect.NativeMethodAccessorImpl.invoke(NativeMethodAccessorImpl.java:62)
	at sun.reflect.DelegatingMethodAccessorImpl.invoke(DelegatingMethodAccessorImpl.java:43)
	at java.lang.reflect.Method.invoke(Method.java:498)
	at org.junit.runners.model.FrameworkMethod$1.runReflectiveCall(FrameworkMethod.java:47)
	at org.junit.internal.runners.model.ReflectiveCallable.run(ReflectiveCallable.java:12)
	at org.junit.runners.model.FrameworkMethod.invokeExplosively(FrameworkMethod.java:44)
	at org.junit.internal.runners.statements.InvokeMethod.evaluate(InvokeMethod.java:17)
	at org.junit.internal.runners.statements.FailOnTimeout$StatementThread.run(FailOnTimeout.java:74)
--- com.google.javascript.jscomp.PureFunctionIdentifier_ESTest::test99
java.lang.NullPointerException
	at com.google.javascript.jscomp.NodeTraversal.throwUnexpectedException(NodeTraversal.java:234)
	at com.google.javascript.jscomp.NodeTraversal.traverse(NodeTraversal.java:256)
	at com.google.javascript.jscomp.NodeTraversal.traverse(NodeTraversal.java:426)
	at com.google.javascript.jscomp.PureFunctionIdentifier.process(PureFunctionIdentifier.java:97)
	at com.google.javascript.jscomp.PureFunctionIdentifier_ESTest.test99(PureFunctionIdentifier_ESTest.java:116)
	at sun.reflect.NativeMethodAccessorImpl.invoke0(Native Method)
	at sun.reflect.NativeMethodAccessorImpl.invoke(NativeMethodAccessorImpl.java:62)
	at sun.reflect.DelegatingMethodAccessorImpl.invoke(DelegatingMethodAccessorImpl.java:43)
	at java.lang.reflect.Method.invoke(Method.java:498)
	at org.junit.runners.model.FrameworkMethod$1.runReflectiveCall(FrameworkMethod.java:47)
	at org.junit.internal.runners.model.ReflectiveCallable.run(ReflectiveCallable.java:12)
	at org.junit.runners.model.FrameworkMethod.invokeExplosively(FrameworkMethod.java:44)
	at org.junit.internal.runners.statements.InvokeMethod.evaluate(InvokeMethod.java:17)
	at org.junit.internal.runners.statements.FailOnTimeout$StatementThread.run(FailOnTimeout.java:74)
