--- org.jsoup.nodes.Element_ESTest::test2929
org.evosuite.runtime.mock.java.lang.MockIllegalArgumentException: String must not be empty
	at org.jsoup.helper.Validate.notEmpty(Validate.java:92)
	at org.jsoup.select.Evaluator$AttributeKeyPair.<init>(Evaluator.java:280)
	at org.jsoup.select.Evaluator$AttributeWithValueNot.<init>(Evaluator.java:172)
	at org.jsoup.nodes.Element.getElementsByAttributeValueNot(Element.java:675)
	at org.jsoup.nodes.Element_ESTest.test2929(Element_ESTest.java:265)
	at sun.reflect.NativeMethodAccessorImpl.invoke0(Native Method)
	at sun.reflect.NativeMethodAccessorImpl.invoke(NativeMethodAccessorImpl.java:62)
	at sun.reflect.DelegatingMethodAccessorImpl.invoke(DelegatingMethodAccessorImpl.java:43)
	at java.lang.reflect.Method.invoke(Method.java:498)
	at org.junit.runners.model.FrameworkMethod$1.runReflectiveCall(FrameworkMethod.java:47)
	at org.junit.internal.runners.model.ReflectiveCallable.run(ReflectiveCallable.java:12)
	at org.junit.runners.model.FrameworkMethod.invokeExplosively(FrameworkMethod.java:44)
	at org.junit.internal.runners.statements.InvokeMethod.evaluate(InvokeMethod.java:17)
	at org.junit.internal.runners.statements.FailOnTimeout$StatementThread.run(FailOnTimeout.java:74)
--- org.jsoup.nodes.Element_ESTest::test2324
org.evosuite.runtime.mock.java.lang.MockIllegalArgumentException: String must not be empty
	at org.jsoup.helper.Validate.notEmpty(Validate.java:92)
	at org.jsoup.select.Selector.<init>(Selector.java:80)
	at org.jsoup.select.Selector.select(Selector.java:105)
	at org.jsoup.nodes.Element.select(Element.java:258)
	at org.jsoup.nodes.Element_ESTest.test2324(Element_ESTest.java:226)
	at sun.reflect.NativeMethodAccessorImpl.invoke0(Native Method)
	at sun.reflect.NativeMethodAccessorImpl.invoke(NativeMethodAccessorImpl.java:62)
	at sun.reflect.DelegatingMethodAccessorImpl.invoke(DelegatingMethodAccessorImpl.java:43)
	at java.lang.reflect.Method.invoke(Method.java:498)
	at org.junit.runners.model.FrameworkMethod$1.runReflectiveCall(FrameworkMethod.java:47)
	at org.junit.internal.runners.model.ReflectiveCallable.run(ReflectiveCallable.java:12)
	at org.junit.runners.model.FrameworkMethod.invokeExplosively(FrameworkMethod.java:44)
	at org.junit.internal.runners.statements.InvokeMethod.evaluate(InvokeMethod.java:17)
	at org.junit.internal.runners.statements.FailOnTimeout$StatementThread.run(FailOnTimeout.java:74)
--- org.jsoup.nodes.Element_ESTest::test3535
java.lang.IndexOutOfBoundsException: Index: 35, Size: 0
	at java.util.ArrayList.rangeCheck(ArrayList.java:659)
	at java.util.ArrayList.get(ArrayList.java:435)
	at org.jsoup.nodes.Element.child(Element.java:172)
	at org.jsoup.nodes.Element_ESTest.test3535(Element_ESTest.java:301)
	at sun.reflect.NativeMethodAccessorImpl.invoke0(Native Method)
	at sun.reflect.NativeMethodAccessorImpl.invoke(NativeMethodAccessorImpl.java:62)
	at sun.reflect.DelegatingMethodAccessorImpl.invoke(DelegatingMethodAccessorImpl.java:43)
	at java.lang.reflect.Method.invoke(Method.java:498)
	at org.junit.runners.model.FrameworkMethod$1.runReflectiveCall(FrameworkMethod.java:47)
	at org.junit.internal.runners.model.ReflectiveCallable.run(ReflectiveCallable.java:12)
	at org.junit.runners.model.FrameworkMethod.invokeExplosively(FrameworkMethod.java:44)
	at org.junit.internal.runners.statements.InvokeMethod.evaluate(InvokeMethod.java:17)
	at org.junit.internal.runners.statements.FailOnTimeout$StatementThread.run(FailOnTimeout.java:74)
--- org.jsoup.nodes.Element_ESTest::test6767
org.evosuite.runtime.mock.java.lang.MockIllegalArgumentException: Insert position out of bounds.
	at org.jsoup.helper.Validate.isTrue(Validate.java:45)
	at org.jsoup.nodes.Element.insertChildren(Element.java:304)
	at org.jsoup.nodes.Element_ESTest.test6767(Element_ESTest.java:527)
	at sun.reflect.NativeMethodAccessorImpl.invoke0(Native Method)
	at sun.reflect.NativeMethodAccessorImpl.invoke(NativeMethodAccessorImpl.java:62)
	at sun.reflect.DelegatingMethodAccessorImpl.invoke(DelegatingMethodAccessorImpl.java:43)
	at java.lang.reflect.Method.invoke(Method.java:498)
	at org.junit.runners.model.FrameworkMethod$1.runReflectiveCall(FrameworkMethod.java:47)
	at org.junit.internal.runners.model.ReflectiveCallable.run(ReflectiveCallable.java:12)
	at org.junit.runners.model.FrameworkMethod.invokeExplosively(FrameworkMethod.java:44)
	at org.junit.internal.runners.statements.InvokeMethod.evaluate(InvokeMethod.java:17)
	at org.junit.internal.runners.statements.FailOnTimeout$StatementThread.run(FailOnTimeout.java:74)
--- org.jsoup.nodes.Element_ESTest::test2122
org.evosuite.runtime.mock.java.lang.MockIllegalArgumentException: Object must not be null
	at org.jsoup.helper.Validate.notNull(Validate.java:16)
	at org.jsoup.nodes.Element.toggleClass(Element.java:1084)
	at org.jsoup.nodes.Element_ESTest.test2122(Element_ESTest.java:212)
	at sun.reflect.NativeMethodAccessorImpl.invoke0(Native Method)
	at sun.reflect.NativeMethodAccessorImpl.invoke(NativeMethodAccessorImpl.java:62)
	at sun.reflect.DelegatingMethodAccessorImpl.invoke(DelegatingMethodAccessorImpl.java:43)
	at java.lang.reflect.Method.invoke(Method.java:498)
	at org.junit.runners.model.FrameworkMethod$1.runReflectiveCall(FrameworkMethod.java:47)
	at org.junit.internal.runners.model.ReflectiveCallable.run(ReflectiveCallable.java:12)
	at org.junit.runners.model.FrameworkMethod.invokeExplosively(FrameworkMethod.java:44)
	at org.junit.internal.runners.statements.InvokeMethod.evaluate(InvokeMethod.java:17)
	at org.junit.internal.runners.statements.FailOnTimeout$StatementThread.run(FailOnTimeout.java:74)
--- org.jsoup.nodes.Element_ESTest::test3333
org.evosuite.runtime.mock.java.lang.MockIllegalArgumentException: String must not be empty
	at org.jsoup.helper.Validate.notEmpty(Validate.java:92)
	at org.jsoup.nodes.Element.getElementsByAttribute(Element.java:637)
	at org.jsoup.nodes.Element_ESTest.test3333(Element_ESTest.java:289)
	at sun.reflect.NativeMethodAccessorImpl.invoke0(Native Method)
	at sun.reflect.NativeMethodAccessorImpl.invoke(NativeMethodAccessorImpl.java:62)
	at sun.reflect.DelegatingMethodAccessorImpl.invoke(DelegatingMethodAccessorImpl.java:43)
	at java.lang.reflect.Method.invoke(Method.java:498)
	at org.junit.runners.model.FrameworkMethod$1.runReflectiveCall(FrameworkMethod.java:47)
	at org.junit.internal.runners.model.ReflectiveCallable.run(ReflectiveCallable.java:12)
	at org.junit.runners.model.FrameworkMethod.invokeExplosively(FrameworkMethod.java:44)
	at org.junit.internal.runners.statements.InvokeMethod.evaluate(InvokeMethod.java:17)
	at org.junit.internal.runners.statements.FailOnTimeout$StatementThread.run(FailOnTimeout.java:74)
--- org.jsoup.nodes.Element_ESTest::test2728
java.lang.NullPointerException
	at org.jsoup.select.Evaluator$MatchesOwn.matches(Evaluator.java:697)
	at org.jsoup.select.Collector$Accumulator.head(Collector.java:42)
	at org.jsoup.select.NodeTraversor.traverse(NodeTraversor.java:31)
	at org.jsoup.select.Collector.collect(Collector.java:24)
	at org.jsoup.nodes.Element.getElementsMatchingOwnText(Element.java:820)
	at org.jsoup.nodes.Element_ESTest.test2728(Element_ESTest.java:258)
	at sun.reflect.NativeMethodAccessorImpl.invoke0(Native Method)
	at sun.reflect.NativeMethodAccessorImpl.invoke(NativeMethodAccessorImpl.java:62)
	at sun.reflect.DelegatingMethodAccessorImpl.invoke(DelegatingMethodAccessorImpl.java:43)
	at java.lang.reflect.Method.invoke(Method.java:498)
	at org.junit.runners.model.FrameworkMethod$1.runReflectiveCall(FrameworkMethod.java:47)
	at org.junit.internal.runners.model.ReflectiveCallable.run(ReflectiveCallable.java:12)
	at org.junit.runners.model.FrameworkMethod.invokeExplosively(FrameworkMethod.java:44)
	at org.junit.internal.runners.statements.InvokeMethod.evaluate(InvokeMethod.java:17)
	at org.junit.internal.runners.statements.FailOnTimeout$StatementThread.run(FailOnTimeout.java:74)
--- org.jsoup.nodes.Element_ESTest::test3939
org.evosuite.runtime.mock.java.lang.MockIllegalArgumentException: Object must not be null
	at org.jsoup.helper.Validate.notNull(Validate.java:16)
	at org.jsoup.nodes.Element.append(Element.java:369)
	at org.jsoup.nodes.Element_ESTest.test3939(Element_ESTest.java:330)
	at sun.reflect.NativeMethodAccessorImpl.invoke0(Native Method)
	at sun.reflect.NativeMethodAccessorImpl.invoke(NativeMethodAccessorImpl.java:62)
	at sun.reflect.DelegatingMethodAccessorImpl.invoke(DelegatingMethodAccessorImpl.java:43)
	at java.lang.reflect.Method.invoke(Method.java:498)
	at org.junit.runners.model.FrameworkMethod$1.runReflectiveCall(FrameworkMethod.java:47)
	at org.junit.internal.runners.model.ReflectiveCallable.run(ReflectiveCallable.java:12)
	at org.junit.runners.model.FrameworkMethod.invokeExplosively(FrameworkMethod.java:44)
	at org.junit.internal.runners.statements.InvokeMethod.evaluate(InvokeMethod.java:17)
	at org.junit.internal.runners.statements.FailOnTimeout$StatementThread.run(FailOnTimeout.java:74)
--- org.jsoup.nodes.Element_ESTest::test2526
org.evosuite.runtime.mock.java.lang.MockIllegalArgumentException: Object must not be null
	at org.jsoup.helper.Validate.notNull(Validate.java:16)
	at org.jsoup.nodes.Element.prependChild(Element.java:284)
	at org.jsoup.nodes.Element_ESTest.test2526(Element_ESTest.java:243)
	at sun.reflect.NativeMethodAccessorImpl.invoke0(Native Method)
	at sun.reflect.NativeMethodAccessorImpl.invoke(NativeMethodAccessorImpl.java:62)
	at sun.reflect.DelegatingMethodAccessorImpl.invoke(DelegatingMethodAccessorImpl.java:43)
	at java.lang.reflect.Method.invoke(Method.java:498)
	at org.junit.runners.model.FrameworkMethod$1.runReflectiveCall(FrameworkMethod.java:47)
	at org.junit.internal.runners.model.ReflectiveCallable.run(ReflectiveCallable.java:12)
	at org.junit.runners.model.FrameworkMethod.invokeExplosively(FrameworkMethod.java:44)
	at org.junit.internal.runners.statements.InvokeMethod.evaluate(InvokeMethod.java:17)
	at org.junit.internal.runners.statements.FailOnTimeout$StatementThread.run(FailOnTimeout.java:74)
--- org.jsoup.nodes.Element_ESTest::test3737
org.evosuite.runtime.mock.java.lang.MockIllegalArgumentException: Object must not be null
	at org.jsoup.helper.Validate.notNull(Validate.java:16)
	at org.jsoup.nodes.Node.addSiblingHtml(Node.java:337)
	at org.jsoup.nodes.Node.before(Node.java:292)
	at org.jsoup.nodes.Element.before(Element.java:399)
	at org.jsoup.nodes.Element_ESTest.test3737(Element_ESTest.java:315)
	at sun.reflect.NativeMethodAccessorImpl.invoke0(Native Method)
	at sun.reflect.NativeMethodAccessorImpl.invoke(NativeMethodAccessorImpl.java:62)
	at sun.reflect.DelegatingMethodAccessorImpl.invoke(DelegatingMethodAccessorImpl.java:43)
	at java.lang.reflect.Method.invoke(Method.java:498)
	at org.junit.runners.model.FrameworkMethod$1.runReflectiveCall(FrameworkMethod.java:47)
	at org.junit.internal.runners.model.ReflectiveCallable.run(ReflectiveCallable.java:12)
	at org.junit.runners.model.FrameworkMethod.invokeExplosively(FrameworkMethod.java:44)
	at org.junit.internal.runners.statements.InvokeMethod.evaluate(InvokeMethod.java:17)
	at org.junit.internal.runners.statements.FailOnTimeout$StatementThread.run(FailOnTimeout.java:74)
--- org.jsoup.nodes.Element_ESTest::test4747
org.evosuite.runtime.mock.java.lang.MockIllegalArgumentException: Insert position out of bounds.
	at org.jsoup.helper.Validate.isTrue(Validate.java:45)
	at org.jsoup.nodes.Element.insertChildren(Element.java:304)
	at org.jsoup.nodes.Element_ESTest.test4747(Element_ESTest.java:381)
	at sun.reflect.NativeMethodAccessorImpl.invoke0(Native Method)
	at sun.reflect.NativeMethodAccessorImpl.invoke(NativeMethodAccessorImpl.java:62)
	at sun.reflect.DelegatingMethodAccessorImpl.invoke(DelegatingMethodAccessorImpl.java:43)
	at java.lang.reflect.Method.invoke(Method.java:498)
	at org.junit.runners.model.FrameworkMethod$1.runReflectiveCall(FrameworkMethod.java:47)
	at org.junit.internal.runners.model.ReflectiveCallable.run(ReflectiveCallable.java:12)
	at org.junit.runners.model.FrameworkMethod.invokeExplosively(FrameworkMethod.java:44)
	at org.junit.internal.runners.statements.InvokeMethod.evaluate(InvokeMethod.java:17)
	at org.junit.internal.runners.statements.FailOnTimeout$StatementThread.run(FailOnTimeout.java:74)
--- org.jsoup.nodes.Element_ESTest::test3131
org.evosuite.runtime.mock.java.lang.MockIllegalArgumentException: String must not be empty
	at org.jsoup.helper.Validate.notEmpty(Validate.java:92)
	at org.jsoup.select.Evaluator$AttributeKeyPair.<init>(Evaluator.java:280)
	at org.jsoup.select.Evaluator$AttributeWithValueEnding.<init>(Evaluator.java:212)
	at org.jsoup.nodes.Element.getElementsByAttributeValueEnding(Element.java:697)
	at org.jsoup.nodes.Element_ESTest.test3131(Element_ESTest.java:277)
	at sun.reflect.NativeMethodAccessorImpl.invoke0(Native Method)
	at sun.reflect.NativeMethodAccessorImpl.invoke(NativeMethodAccessorImpl.java:62)
	at sun.reflect.DelegatingMethodAccessorImpl.invoke(DelegatingMethodAccessorImpl.java:43)
	at java.lang.reflect.Method.invoke(Method.java:498)
	at org.junit.runners.model.FrameworkMethod$1.runReflectiveCall(FrameworkMethod.java:47)
	at org.junit.internal.runners.model.ReflectiveCallable.run(ReflectiveCallable.java:12)
	at org.junit.runners.model.FrameworkMethod.invokeExplosively(FrameworkMethod.java:44)
	at org.junit.internal.runners.statements.InvokeMethod.evaluate(InvokeMethod.java:17)
	at org.junit.internal.runners.statements.FailOnTimeout$StatementThread.run(FailOnTimeout.java:74)
--- org.jsoup.nodes.Element_ESTest::test4141
org.evosuite.runtime.mock.java.lang.MockIllegalArgumentException: Object must not be null
	at org.jsoup.helper.Validate.notNull(Validate.java:16)
	at org.jsoup.nodes.Element.<init>(Element.java:38)
	at org.jsoup.nodes.Element.<init>(Element.java:51)
	at org.jsoup.nodes.Element_ESTest.test4141(Element_ESTest.java:343)
	at sun.reflect.NativeMethodAccessorImpl.invoke0(Native Method)
	at sun.reflect.NativeMethodAccessorImpl.invoke(NativeMethodAccessorImpl.java:62)
	at sun.reflect.DelegatingMethodAccessorImpl.invoke(DelegatingMethodAccessorImpl.java:43)
	at java.lang.reflect.Method.invoke(Method.java:498)
	at org.junit.runners.model.FrameworkMethod$1.runReflectiveCall(FrameworkMethod.java:47)
	at org.junit.internal.runners.model.ReflectiveCallable.run(ReflectiveCallable.java:12)
	at org.junit.runners.model.FrameworkMethod.invokeExplosively(FrameworkMethod.java:44)
	at org.junit.internal.runners.statements.InvokeMethod.evaluate(InvokeMethod.java:17)
	at org.junit.internal.runners.statements.FailOnTimeout$StatementThread.run(FailOnTimeout.java:74)
--- org.jsoup.nodes.Element_ESTest::test7373
org.evosuite.runtime.mock.java.lang.MockIllegalArgumentException: Object must not be null
	at org.jsoup.helper.Validate.notNull(Validate.java:16)
	at org.jsoup.nodes.Node.addSiblingHtml(Node.java:337)
	at org.jsoup.nodes.Node.after(Node.java:317)
	at org.jsoup.nodes.Element.after(Element.java:422)
	at org.jsoup.nodes.Element_ESTest.test7373(Element_ESTest.java:575)
	at sun.reflect.NativeMethodAccessorImpl.invoke0(Native Method)
	at sun.reflect.NativeMethodAccessorImpl.invoke(NativeMethodAccessorImpl.java:62)
	at sun.reflect.DelegatingMethodAccessorImpl.invoke(DelegatingMethodAccessorImpl.java:43)
	at java.lang.reflect.Method.invoke(Method.java:498)
	at org.junit.runners.model.FrameworkMethod$1.runReflectiveCall(FrameworkMethod.java:47)
	at org.junit.internal.runners.model.ReflectiveCallable.run(ReflectiveCallable.java:12)
	at org.junit.runners.model.FrameworkMethod.invokeExplosively(FrameworkMethod.java:44)
	at org.junit.internal.runners.statements.InvokeMethod.evaluate(InvokeMethod.java:17)
	at org.junit.internal.runners.statements.FailOnTimeout$StatementThread.run(FailOnTimeout.java:74)
--- org.jsoup.nodes.Element_ESTest::test3434
java.lang.NullPointerException
	at org.jsoup.nodes.Element.firstElementSibling(Element.java:545)
	at org.jsoup.nodes.Element_ESTest.test3434(Element_ESTest.java:295)
	at sun.reflect.NativeMethodAccessorImpl.invoke0(Native Method)
	at sun.reflect.NativeMethodAccessorImpl.invoke(NativeMethodAccessorImpl.java:62)
	at sun.reflect.DelegatingMethodAccessorImpl.invoke(DelegatingMethodAccessorImpl.java:43)
	at java.lang.reflect.Method.invoke(Method.java:498)
	at org.junit.runners.model.FrameworkMethod$1.runReflectiveCall(FrameworkMethod.java:47)
	at org.junit.internal.runners.model.ReflectiveCallable.run(ReflectiveCallable.java:12)
	at org.junit.runners.model.FrameworkMethod.invokeExplosively(FrameworkMethod.java:44)
	at org.junit.internal.runners.statements.InvokeMethod.evaluate(InvokeMethod.java:17)
	at org.junit.internal.runners.statements.FailOnTimeout$StatementThread.run(FailOnTimeout.java:74)
--- org.jsoup.nodes.Element_ESTest::test2425
org.evosuite.runtime.mock.java.lang.MockIllegalArgumentException: Object must not be null
	at org.jsoup.helper.Validate.notNull(Validate.java:16)
	at org.jsoup.nodes.Element.removeClass(Element.java:1069)
	at org.jsoup.nodes.Element_ESTest.test2425(Element_ESTest.java:235)
	at sun.reflect.NativeMethodAccessorImpl.invoke0(Native Method)
	at sun.reflect.NativeMethodAccessorImpl.invoke(NativeMethodAccessorImpl.java:62)
	at sun.reflect.DelegatingMethodAccessorImpl.invoke(DelegatingMethodAccessorImpl.java:43)
	at java.lang.reflect.Method.invoke(Method.java:498)
	at org.junit.runners.model.FrameworkMethod$1.runReflectiveCall(FrameworkMethod.java:47)
	at org.junit.internal.runners.model.ReflectiveCallable.run(ReflectiveCallable.java:12)
	at org.junit.runners.model.FrameworkMethod.invokeExplosively(FrameworkMethod.java:44)
	at org.junit.internal.runners.statements.InvokeMethod.evaluate(InvokeMethod.java:17)
	at org.junit.internal.runners.statements.FailOnTimeout$StatementThread.run(FailOnTimeout.java:74)
--- org.jsoup.nodes.Element_ESTest::test5656
org.evosuite.runtime.mock.java.lang.MockIllegalArgumentException: Tag name must not be empty.
	at org.jsoup.helper.Validate.notEmpty(Validate.java:102)
	at org.jsoup.nodes.Element.tagName(Element.java:76)
	at org.jsoup.nodes.Element_ESTest.test5656(Element_ESTest.java:447)
	at sun.reflect.NativeMethodAccessorImpl.invoke0(Native Method)
	at sun.reflect.NativeMethodAccessorImpl.invoke(NativeMethodAccessorImpl.java:62)
	at sun.reflect.DelegatingMethodAccessorImpl.invoke(DelegatingMethodAccessorImpl.java:43)
	at java.lang.reflect.Method.invoke(Method.java:498)
	at org.junit.runners.model.FrameworkMethod$1.runReflectiveCall(FrameworkMethod.java:47)
	at org.junit.internal.runners.model.ReflectiveCallable.run(ReflectiveCallable.java:12)
	at org.junit.runners.model.FrameworkMethod.invokeExplosively(FrameworkMethod.java:44)
	at org.junit.internal.runners.statements.InvokeMethod.evaluate(InvokeMethod.java:17)
	at org.junit.internal.runners.statements.FailOnTimeout$StatementThread.run(FailOnTimeout.java:74)
--- org.jsoup.nodes.Element_ESTest::test3232
org.evosuite.runtime.mock.java.lang.MockIllegalArgumentException: String must not be empty
	at org.jsoup.helper.Validate.notEmpty(Validate.java:92)
	at org.jsoup.select.Evaluator$AttributeKeyPair.<init>(Evaluator.java:279)
	at org.jsoup.select.Evaluator$AttributeWithValue.<init>(Evaluator.java:152)
	at org.jsoup.nodes.Element.getElementsByAttributeValue(Element.java:664)
	at org.jsoup.nodes.Element_ESTest.test3232(Element_ESTest.java:283)
	at sun.reflect.NativeMethodAccessorImpl.invoke0(Native Method)
	at sun.reflect.NativeMethodAccessorImpl.invoke(NativeMethodAccessorImpl.java:62)
	at sun.reflect.DelegatingMethodAccessorImpl.invoke(DelegatingMethodAccessorImpl.java:43)
	at java.lang.reflect.Method.invoke(Method.java:498)
	at org.junit.runners.model.FrameworkMethod$1.runReflectiveCall(FrameworkMethod.java:47)
	at org.junit.internal.runners.model.ReflectiveCallable.run(ReflectiveCallable.java:12)
	at org.junit.runners.model.FrameworkMethod.invokeExplosively(FrameworkMethod.java:44)
	at org.junit.internal.runners.statements.InvokeMethod.evaluate(InvokeMethod.java:17)
	at org.junit.internal.runners.statements.FailOnTimeout$StatementThread.run(FailOnTimeout.java:74)
--- org.jsoup.nodes.Element_ESTest::test2223
org.jsoup.select.Selector$SelectorParseException: Could not parse query 'kRS9z': unexpected token at '9z'
	at org.jsoup.select.QueryParser.findElements(QueryParser.java:196)
	at org.jsoup.select.QueryParser.parse(QueryParser.java:65)
	at org.jsoup.select.QueryParser.parse(QueryParser.java:39)
	at org.jsoup.select.QueryParser.combinator(QueryParser.java:81)
	at org.jsoup.select.QueryParser.parse(QueryParser.java:61)
	at org.jsoup.select.QueryParser.parse(QueryParser.java:39)
	at org.jsoup.select.Selector.<init>(Selector.java:83)
	at org.jsoup.select.Selector.select(Selector.java:105)
	at org.jsoup.nodes.Element.select(Element.java:258)
	at org.jsoup.nodes.Element_ESTest.test2223(Element_ESTest.java:220)
	at sun.reflect.NativeMethodAccessorImpl.invoke0(Native Method)
	at sun.reflect.NativeMethodAccessorImpl.invoke(NativeMethodAccessorImpl.java:62)
	at sun.reflect.DelegatingMethodAccessorImpl.invoke(DelegatingMethodAccessorImpl.java:43)
	at java.lang.reflect.Method.invoke(Method.java:498)
	at org.junit.runners.model.FrameworkMethod$1.runReflectiveCall(FrameworkMethod.java:47)
	at org.junit.internal.runners.model.ReflectiveCallable.run(ReflectiveCallable.java:12)
	at org.junit.runners.model.FrameworkMethod.invokeExplosively(FrameworkMethod.java:44)
	at org.junit.internal.runners.statements.InvokeMethod.evaluate(InvokeMethod.java:17)
	at org.junit.internal.runners.statements.FailOnTimeout$StatementThread.run(FailOnTimeout.java:74)
--- org.jsoup.nodes.Element_ESTest::test3838
org.evosuite.runtime.mock.java.lang.MockIllegalArgumentException: Object must not be null
	at org.jsoup.helper.Validate.notNull(Validate.java:16)
	at org.jsoup.nodes.Attribute.<init>(Attribute.java:31)
	at org.jsoup.nodes.Attributes.put(Attributes.java:48)
	at org.jsoup.nodes.Node.attr(Node.java:99)
	at org.jsoup.nodes.Element.attr(Element.java:116)
	at org.jsoup.nodes.Element_ESTest.test3838(Element_ESTest.java:321)
	at sun.reflect.NativeMethodAccessorImpl.invoke0(Native Method)
	at sun.reflect.NativeMethodAccessorImpl.invoke(NativeMethodAccessorImpl.java:62)
	at sun.reflect.DelegatingMethodAccessorImpl.invoke(DelegatingMethodAccessorImpl.java:43)
	at java.lang.reflect.Method.invoke(Method.java:498)
	at org.junit.runners.model.FrameworkMethod$1.runReflectiveCall(FrameworkMethod.java:47)
	at org.junit.internal.runners.model.ReflectiveCallable.run(ReflectiveCallable.java:12)
	at org.junit.runners.model.FrameworkMethod.invokeExplosively(FrameworkMethod.java:44)
	at org.junit.internal.runners.statements.InvokeMethod.evaluate(InvokeMethod.java:17)
	at org.junit.internal.runners.statements.FailOnTimeout$StatementThread.run(FailOnTimeout.java:74)
--- org.jsoup.nodes.Element_ESTest::test3636
java.lang.ArrayIndexOutOfBoundsException: -1117
	at java.util.ArrayList.elementData(ArrayList.java:424)
	at java.util.ArrayList.get(ArrayList.java:437)
	at org.jsoup.nodes.Element.child(Element.java:172)
	at org.jsoup.nodes.Element_ESTest.test3636(Element_ESTest.java:307)
	at sun.reflect.NativeMethodAccessorImpl.invoke0(Native Method)
	at sun.reflect.NativeMethodAccessorImpl.invoke(NativeMethodAccessorImpl.java:62)
	at sun.reflect.DelegatingMethodAccessorImpl.invoke(DelegatingMethodAccessorImpl.java:43)
	at java.lang.reflect.Method.invoke(Method.java:498)
	at org.junit.runners.model.FrameworkMethod$1.runReflectiveCall(FrameworkMethod.java:47)
	at org.junit.internal.runners.model.ReflectiveCallable.run(ReflectiveCallable.java:12)
	at org.junit.runners.model.FrameworkMethod.invokeExplosively(FrameworkMethod.java:44)
	at org.junit.internal.runners.statements.InvokeMethod.evaluate(InvokeMethod.java:17)
	at org.junit.internal.runners.statements.FailOnTimeout$StatementThread.run(FailOnTimeout.java:74)
--- org.jsoup.nodes.Element_ESTest::test2627
org.evosuite.runtime.mock.java.lang.MockIllegalArgumentException: Object must not be null
	at org.jsoup.helper.Validate.notNull(Validate.java:16)
	at org.jsoup.nodes.Element.prepend(Element.java:383)
	at org.jsoup.nodes.Element_ESTest.test2627(Element_ESTest.java:249)
	at sun.reflect.NativeMethodAccessorImpl.invoke0(Native Method)
	at sun.reflect.NativeMethodAccessorImpl.invoke(NativeMethodAccessorImpl.java:62)
	at sun.reflect.DelegatingMethodAccessorImpl.invoke(DelegatingMethodAccessorImpl.java:43)
	at java.lang.reflect.Method.invoke(Method.java:498)
	at org.junit.runners.model.FrameworkMethod$1.runReflectiveCall(FrameworkMethod.java:47)
	at org.junit.internal.runners.model.ReflectiveCallable.run(ReflectiveCallable.java:12)
	at org.junit.runners.model.FrameworkMethod.invokeExplosively(FrameworkMethod.java:44)
	at org.junit.internal.runners.statements.InvokeMethod.evaluate(InvokeMethod.java:17)
	at org.junit.internal.runners.statements.FailOnTimeout$StatementThread.run(FailOnTimeout.java:74)
--- org.jsoup.nodes.Element_ESTest::test5858
org.evosuite.runtime.mock.java.lang.MockIllegalArgumentException: Pattern syntax error: 5NN[k2
	at org.jsoup.nodes.Element.getElementsMatchingOwnText(Element.java:834)
	at org.jsoup.nodes.Element_ESTest.test5858(Element_ESTest.java:460)
	at sun.reflect.NativeMethodAccessorImpl.invoke0(Native Method)
	at sun.reflect.NativeMethodAccessorImpl.invoke(NativeMethodAccessorImpl.java:62)
	at sun.reflect.DelegatingMethodAccessorImpl.invoke(DelegatingMethodAccessorImpl.java:43)
	at java.lang.reflect.Method.invoke(Method.java:498)
	at org.junit.runners.model.FrameworkMethod$1.runReflectiveCall(FrameworkMethod.java:47)
	at org.junit.internal.runners.model.ReflectiveCallable.run(ReflectiveCallable.java:12)
	at org.junit.runners.model.FrameworkMethod.invokeExplosively(FrameworkMethod.java:44)
	at org.junit.internal.runners.statements.InvokeMethod.evaluate(InvokeMethod.java:17)
	at org.junit.internal.runners.statements.FailOnTimeout$StatementThread.run(FailOnTimeout.java:74)
Caused by: java.util.regex.PatternSyntaxException: Unclosed character class near index 5
5NN[k2
     ^
	at java.util.regex.Pattern.error(Pattern.java:1969)
	at java.util.regex.Pattern.clazz(Pattern.java:2562)
	at java.util.regex.Pattern.sequence(Pattern.java:2077)
	at java.util.regex.Pattern.expr(Pattern.java:2010)
	at java.util.regex.Pattern.compile(Pattern.java:1702)
	at java.util.regex.Pattern.<init>(Pattern.java:1352)
	at java.util.regex.Pattern.compile(Pattern.java:1028)
	at org.jsoup.nodes.Element.getElementsMatchingOwnText(Element.java:832)
	... 10 more
--- org.jsoup.nodes.Element_ESTest::test7070
org.evosuite.runtime.mock.java.lang.MockIllegalArgumentException: Object must not be null
	at org.jsoup.helper.Validate.notNull(Validate.java:16)
	at org.jsoup.nodes.Node.after(Node.java:329)
	at org.jsoup.nodes.Element.after(Element.java:433)
	at org.jsoup.nodes.Element_ESTest.test7070(Element_ESTest.java:551)
	at sun.reflect.NativeMethodAccessorImpl.invoke0(Native Method)
	at sun.reflect.NativeMethodAccessorImpl.invoke(NativeMethodAccessorImpl.java:62)
	at sun.reflect.DelegatingMethodAccessorImpl.invoke(DelegatingMethodAccessorImpl.java:43)
	at java.lang.reflect.Method.invoke(Method.java:498)
	at org.junit.runners.model.FrameworkMethod$1.runReflectiveCall(FrameworkMethod.java:47)
	at org.junit.internal.runners.model.ReflectiveCallable.run(ReflectiveCallable.java:12)
	at org.junit.runners.model.FrameworkMethod.invokeExplosively(FrameworkMethod.java:44)
	at org.junit.internal.runners.statements.InvokeMethod.evaluate(InvokeMethod.java:17)
	at org.junit.internal.runners.statements.FailOnTimeout$StatementThread.run(FailOnTimeout.java:74)
--- org.jsoup.nodes.Element_ESTest::test3030
java.lang.NullPointerException
	at org.jsoup.select.Evaluator$AttributeWithValueMatching.<init>(Evaluator.java:255)
	at org.jsoup.nodes.Element.getElementsByAttributeValueMatching(Element.java:718)
	at org.jsoup.nodes.Element_ESTest.test3030(Element_ESTest.java:271)
	at sun.reflect.NativeMethodAccessorImpl.invoke0(Native Method)
	at sun.reflect.NativeMethodAccessorImpl.invoke(NativeMethodAccessorImpl.java:62)
	at sun.reflect.DelegatingMethodAccessorImpl.invoke(DelegatingMethodAccessorImpl.java:43)
	at java.lang.reflect.Method.invoke(Method.java:498)
	at org.junit.runners.model.FrameworkMethod$1.runReflectiveCall(FrameworkMethod.java:47)
	at org.junit.internal.runners.model.ReflectiveCallable.run(ReflectiveCallable.java:12)
	at org.junit.runners.model.FrameworkMethod.invokeExplosively(FrameworkMethod.java:44)
	at org.junit.internal.runners.statements.InvokeMethod.evaluate(InvokeMethod.java:17)
	at org.junit.internal.runners.statements.FailOnTimeout$StatementThread.run(FailOnTimeout.java:74)
--- org.jsoup.nodes.Element_ESTest::test2021
java.lang.NullPointerException
	at org.jsoup.nodes.Node.wrap(Node.java:360)
	at org.jsoup.nodes.Element.wrap(Element.java:453)
	at org.jsoup.nodes.Element_ESTest.test2021(Element_ESTest.java:204)
	at sun.reflect.NativeMethodAccessorImpl.invoke0(Native Method)
	at sun.reflect.NativeMethodAccessorImpl.invoke(NativeMethodAccessorImpl.java:62)
	at sun.reflect.DelegatingMethodAccessorImpl.invoke(DelegatingMethodAccessorImpl.java:43)
	at java.lang.reflect.Method.invoke(Method.java:498)
	at org.junit.runners.model.FrameworkMethod$1.runReflectiveCall(FrameworkMethod.java:47)
	at org.junit.internal.runners.model.ReflectiveCallable.run(ReflectiveCallable.java:12)
	at org.junit.runners.model.FrameworkMethod.invokeExplosively(FrameworkMethod.java:44)
	at org.junit.internal.runners.statements.InvokeMethod.evaluate(InvokeMethod.java:17)
	at org.junit.internal.runners.statements.FailOnTimeout$StatementThread.run(FailOnTimeout.java:74)
--- org.jsoup.nodes.Element_ESTest::test4040
org.evosuite.runtime.mock.java.lang.MockIllegalArgumentException: Object must not be null
	at org.jsoup.helper.Validate.notNull(Validate.java:16)
	at org.jsoup.nodes.Node.<init>(Node.java:34)
	at org.jsoup.nodes.Element.<init>(Element.java:36)
	at org.jsoup.nodes.Element_ESTest.test4040(Element_ESTest.java:337)
	at sun.reflect.NativeMethodAccessorImpl.invoke0(Native Method)
	at sun.reflect.NativeMethodAccessorImpl.invoke(NativeMethodAccessorImpl.java:62)
	at sun.reflect.DelegatingMethodAccessorImpl.invoke(DelegatingMethodAccessorImpl.java:43)
	at java.lang.reflect.Method.invoke(Method.java:498)
	at org.junit.runners.model.FrameworkMethod$1.runReflectiveCall(FrameworkMethod.java:47)
	at org.junit.internal.runners.model.ReflectiveCallable.run(ReflectiveCallable.java:12)
	at org.junit.runners.model.FrameworkMethod.invokeExplosively(FrameworkMethod.java:44)
	at org.junit.internal.runners.statements.InvokeMethod.evaluate(InvokeMethod.java:17)
	at org.junit.internal.runners.statements.FailOnTimeout$StatementThread.run(FailOnTimeout.java:74)
