--- org.apache.commons.math.linear.SingularValueDecompositionImpl_ESTest::test089
org.apache.commons.math.MathRuntimeException$4: invalid row dimension 0 (must be positive)
	at org.apache.commons.math.MathRuntimeException.createIllegalArgumentException(MathRuntimeException.java:305)
	at org.apache.commons.math.linear.AbstractRealMatrix.<init>(AbstractRealMatrix.java:57)
	at org.apache.commons.math.linear.Array2DRowRealMatrix.<init>(Array2DRowRealMatrix.java:96)
	at org.apache.commons.math.linear.MatrixUtils.createRealMatrix(MatrixUtils.java:61)
	at org.apache.commons.math.linear.MatrixUtils.createRealDiagonalMatrix(MatrixUtils.java:202)
	at org.apache.commons.math.linear.SingularValueDecompositionImpl.getS(SingularValueDecompositionImpl.java:223)
	at org.apache.commons.math.linear.SingularValueDecompositionImpl_ESTest.test089(SingularValueDecompositionImpl_ESTest.java:120)
	at sun.reflect.NativeMethodAccessorImpl.invoke0(Native Method)
	at sun.reflect.NativeMethodAccessorImpl.invoke(NativeMethodAccessorImpl.java:62)
	at sun.reflect.DelegatingMethodAccessorImpl.invoke(DelegatingMethodAccessorImpl.java:43)
	at java.lang.reflect.Method.invoke(Method.java:498)
	at org.junit.runners.model.FrameworkMethod$1.runReflectiveCall(FrameworkMethod.java:47)
	at org.junit.internal.runners.model.ReflectiveCallable.run(ReflectiveCallable.java:12)
	at org.junit.runners.model.FrameworkMethod.invokeExplosively(FrameworkMethod.java:44)
	at org.junit.internal.runners.statements.InvokeMethod.evaluate(InvokeMethod.java:17)
	at org.junit.internal.runners.statements.FailOnTimeout$StatementThread.run(FailOnTimeout.java:74)
--- org.apache.commons.math.linear.SingularValueDecompositionImpl_ESTest::test0910
java.lang.ArrayIndexOutOfBoundsException: 0
	at org.apache.commons.math.linear.SingularValueDecompositionImpl.getRank(SingularValueDecompositionImpl.java:344)
	at org.apache.commons.math.linear.SingularValueDecompositionImpl_ESTest.test0910(SingularValueDecompositionImpl_ESTest.java:127)
	at sun.reflect.NativeMethodAccessorImpl.invoke0(Native Method)
	at sun.reflect.NativeMethodAccessorImpl.invoke(NativeMethodAccessorImpl.java:62)
	at sun.reflect.DelegatingMethodAccessorImpl.invoke(DelegatingMethodAccessorImpl.java:43)
	at java.lang.reflect.Method.invoke(Method.java:498)
	at org.junit.runners.model.FrameworkMethod$1.runReflectiveCall(FrameworkMethod.java:47)
	at org.junit.internal.runners.model.ReflectiveCallable.run(ReflectiveCallable.java:12)
	at org.junit.runners.model.FrameworkMethod.invokeExplosively(FrameworkMethod.java:44)
	at org.junit.internal.runners.statements.InvokeMethod.evaluate(InvokeMethod.java:17)
	at org.junit.internal.runners.statements.FailOnTimeout$StatementThread.run(FailOnTimeout.java:74)
--- org.apache.commons.math.linear.SingularValueDecompositionImpl_ESTest::test1920
java.lang.NegativeArraySizeException
	at org.apache.commons.math.linear.BiDiagonalTransformer.<init>(BiDiagonalTransformer.java:67)
	at org.apache.commons.math.linear.SingularValueDecompositionImpl.<init>(SingularValueDecompositionImpl.java:120)
	at org.apache.commons.math.linear.SingularValueDecompositionImpl.<init>(SingularValueDecompositionImpl.java:98)
	at org.apache.commons.math.linear.SingularValueDecompositionImpl_ESTest.test1920(SingularValueDecompositionImpl_ESTest.java:208)
	at sun.reflect.NativeMethodAccessorImpl.invoke0(Native Method)
	at sun.reflect.NativeMethodAccessorImpl.invoke(NativeMethodAccessorImpl.java:62)
	at sun.reflect.DelegatingMethodAccessorImpl.invoke(DelegatingMethodAccessorImpl.java:43)
	at java.lang.reflect.Method.invoke(Method.java:498)
	at org.junit.runners.model.FrameworkMethod$1.runReflectiveCall(FrameworkMethod.java:47)
	at org.junit.internal.runners.model.ReflectiveCallable.run(ReflectiveCallable.java:12)
	at org.junit.runners.model.FrameworkMethod.invokeExplosively(FrameworkMethod.java:44)
	at org.junit.internal.runners.statements.InvokeMethod.evaluate(InvokeMethod.java:17)
	at org.junit.internal.runners.statements.FailOnTimeout$StatementThread.run(FailOnTimeout.java:74)
--- org.apache.commons.math.linear.SingularValueDecompositionImpl_ESTest::test2530
org.apache.commons.math.linear.MatrixIndexException: column index -1 out of allowed range [0, 0]
	at org.apache.commons.math.linear.MatrixUtils.checkColumnIndex(MatrixUtils.java:545)
	at org.apache.commons.math.linear.MatrixUtils.checkSubMatrixIndex(MatrixUtils.java:572)
	at org.apache.commons.math.linear.AbstractRealMatrix.getSubMatrix(AbstractRealMatrix.java:264)
	at org.apache.commons.math.linear.SingularValueDecompositionImpl.getV(SingularValueDecompositionImpl.java:244)
	at org.apache.commons.math.linear.SingularValueDecompositionImpl_ESTest.test2530(SingularValueDecompositionImpl_ESTest.java:323)
	at sun.reflect.NativeMethodAccessorImpl.invoke0(Native Method)
	at sun.reflect.NativeMethodAccessorImpl.invoke(NativeMethodAccessorImpl.java:62)
	at sun.reflect.DelegatingMethodAccessorImpl.invoke(DelegatingMethodAccessorImpl.java:43)
	at java.lang.reflect.Method.invoke(Method.java:498)
	at org.junit.runners.model.FrameworkMethod$1.runReflectiveCall(FrameworkMethod.java:47)
	at org.junit.internal.runners.model.ReflectiveCallable.run(ReflectiveCallable.java:12)
	at org.junit.runners.model.FrameworkMethod.invokeExplosively(FrameworkMethod.java:44)
	at org.junit.internal.runners.statements.InvokeMethod.evaluate(InvokeMethod.java:17)
	at org.junit.internal.runners.statements.FailOnTimeout$StatementThread.run(FailOnTimeout.java:74)
--- org.apache.commons.math.linear.SingularValueDecompositionImpl_ESTest::test1718
org.apache.commons.math.linear.InvalidMatrixException: 
	at org.apache.commons.math.linear.EigenDecompositionImpl.processGeneralBlock(EigenDecompositionImpl.java:890)
	at org.apache.commons.math.linear.EigenDecompositionImpl.findEigenvalues(EigenDecompositionImpl.java:658)
	at org.apache.commons.math.linear.EigenDecompositionImpl.decompose(EigenDecompositionImpl.java:246)
	at org.apache.commons.math.linear.EigenDecompositionImpl.<init>(EigenDecompositionImpl.java:205)
	at org.apache.commons.math.linear.SingularValueDecompositionImpl.<init>(SingularValueDecompositionImpl.java:137)
	at org.apache.commons.math.linear.SingularValueDecompositionImpl.<init>(SingularValueDecompositionImpl.java:98)
	at org.apache.commons.math.linear.SingularValueDecompositionImpl_ESTest.test1718(SingularValueDecompositionImpl_ESTest.java:195)
	at sun.reflect.NativeMethodAccessorImpl.invoke0(Native Method)
	at sun.reflect.NativeMethodAccessorImpl.invoke(NativeMethodAccessorImpl.java:62)
	at sun.reflect.DelegatingMethodAccessorImpl.invoke(DelegatingMethodAccessorImpl.java:43)
	at java.lang.reflect.Method.invoke(Method.java:498)
	at org.junit.runners.model.FrameworkMethod$1.runReflectiveCall(FrameworkMethod.java:47)
	at org.junit.internal.runners.model.ReflectiveCallable.run(ReflectiveCallable.java:12)
	at org.junit.runners.model.FrameworkMethod.invokeExplosively(FrameworkMethod.java:44)
	at org.junit.internal.runners.statements.InvokeMethod.evaluate(InvokeMethod.java:17)
	at org.junit.internal.runners.statements.FailOnTimeout$StatementThread.run(FailOnTimeout.java:74)
Caused by: org.apache.commons.math.MaxIterationsExceededException: Maximal number of iterations (90) exceeded
	... 16 more
--- org.apache.commons.math.linear.SingularValueDecompositionImpl_ESTest::test056
org.apache.commons.math.linear.MatrixIndexException: column index -1 out of allowed range [0, 0]
	at org.apache.commons.math.linear.MatrixUtils.checkColumnIndex(MatrixUtils.java:545)
	at org.apache.commons.math.linear.MatrixUtils.checkSubMatrixIndex(MatrixUtils.java:572)
	at org.apache.commons.math.linear.AbstractRealMatrix.getSubMatrix(AbstractRealMatrix.java:264)
	at org.apache.commons.math.linear.SingularValueDecompositionImpl.getU(SingularValueDecompositionImpl.java:191)
	at org.apache.commons.math.linear.SingularValueDecompositionImpl.getUT(SingularValueDecompositionImpl.java:208)
	at org.apache.commons.math.linear.SingularValueDecompositionImpl_ESTest.test056(SingularValueDecompositionImpl_ESTest.java:83)
	at sun.reflect.NativeMethodAccessorImpl.invoke0(Native Method)
	at sun.reflect.NativeMethodAccessorImpl.invoke(NativeMethodAccessorImpl.java:62)
	at sun.reflect.DelegatingMethodAccessorImpl.invoke(DelegatingMethodAccessorImpl.java:43)
	at java.lang.reflect.Method.invoke(Method.java:498)
	at org.junit.runners.model.FrameworkMethod$1.runReflectiveCall(FrameworkMethod.java:47)
	at org.junit.internal.runners.model.ReflectiveCallable.run(ReflectiveCallable.java:12)
	at org.junit.runners.model.FrameworkMethod.invokeExplosively(FrameworkMethod.java:44)
	at org.junit.internal.runners.statements.InvokeMethod.evaluate(InvokeMethod.java:17)
	at org.junit.internal.runners.statements.FailOnTimeout$StatementThread.run(FailOnTimeout.java:74)
--- org.apache.commons.math.linear.SingularValueDecompositionImpl_ESTest::test1516
java.lang.ArrayIndexOutOfBoundsException
	at java.lang.System.arraycopy(Native Method)
	at org.apache.commons.math.linear.Array2DRowRealMatrix.copyOut(Array2DRowRealMatrix.java:620)
	at org.apache.commons.math.linear.Array2DRowRealMatrix.getData(Array2DRowRealMatrix.java:317)
	at org.apache.commons.math.linear.BiDiagonalTransformer.<init>(BiDiagonalTransformer.java:65)
	at org.apache.commons.math.linear.SingularValueDecompositionImpl.<init>(SingularValueDecompositionImpl.java:120)
	at org.apache.commons.math.linear.SingularValueDecompositionImpl_ESTest.test1516(SingularValueDecompositionImpl_ESTest.java:178)
	at sun.reflect.NativeMethodAccessorImpl.invoke0(Native Method)
	at sun.reflect.NativeMethodAccessorImpl.invoke(NativeMethodAccessorImpl.java:62)
	at sun.reflect.DelegatingMethodAccessorImpl.invoke(DelegatingMethodAccessorImpl.java:43)
	at java.lang.reflect.Method.invoke(Method.java:498)
	at org.junit.runners.model.FrameworkMethod$1.runReflectiveCall(FrameworkMethod.java:47)
	at org.junit.internal.runners.model.ReflectiveCallable.run(ReflectiveCallable.java:12)
	at org.junit.runners.model.FrameworkMethod.invokeExplosively(FrameworkMethod.java:44)
	at org.junit.internal.runners.statements.InvokeMethod.evaluate(InvokeMethod.java:17)
	at org.junit.internal.runners.statements.FailOnTimeout$StatementThread.run(FailOnTimeout.java:74)
--- org.apache.commons.math.linear.SingularValueDecompositionImpl_ESTest::test1314
java.lang.NullPointerException
	at org.apache.commons.math.linear.SingularValueDecompositionImpl.<init>(SingularValueDecompositionImpl.java:111)
	at org.apache.commons.math.linear.SingularValueDecompositionImpl_ESTest.test1314(SingularValueDecompositionImpl_ESTest.java:160)
	at sun.reflect.NativeMethodAccessorImpl.invoke0(Native Method)
	at sun.reflect.NativeMethodAccessorImpl.invoke(NativeMethodAccessorImpl.java:62)
	at sun.reflect.DelegatingMethodAccessorImpl.invoke(DelegatingMethodAccessorImpl.java:43)
	at java.lang.reflect.Method.invoke(Method.java:498)
	at org.junit.runners.model.FrameworkMethod$1.runReflectiveCall(FrameworkMethod.java:47)
	at org.junit.internal.runners.model.ReflectiveCallable.run(ReflectiveCallable.java:12)
	at org.junit.runners.model.FrameworkMethod.invokeExplosively(FrameworkMethod.java:44)
	at org.junit.internal.runners.statements.InvokeMethod.evaluate(InvokeMethod.java:17)
	at org.junit.internal.runners.statements.FailOnTimeout$StatementThread.run(FailOnTimeout.java:74)
--- org.apache.commons.math.linear.SingularValueDecompositionImpl_ESTest::test2325
junit.framework.AssertionFailedError: expected:<0> but was:<1>
	at org.junit.Assert.fail(Assert.java:88)
	at org.junit.Assert.failNotEquals(Assert.java:743)
	at org.junit.Assert.assertEquals(Assert.java:118)
	at org.junit.Assert.assertEquals(Assert.java:555)
	at org.junit.Assert.assertEquals(Assert.java:542)
	at org.apache.commons.math.linear.SingularValueDecompositionImpl_ESTest.test2325(SingularValueDecompositionImpl_ESTest.java:260)
	at sun.reflect.NativeMethodAccessorImpl.invoke0(Native Method)
	at sun.reflect.NativeMethodAccessorImpl.invoke(NativeMethodAccessorImpl.java:62)
	at sun.reflect.DelegatingMethodAccessorImpl.invoke(DelegatingMethodAccessorImpl.java:43)
	at java.lang.reflect.Method.invoke(Method.java:498)
	at org.junit.runners.model.FrameworkMethod$1.runReflectiveCall(FrameworkMethod.java:47)
	at org.junit.internal.runners.model.ReflectiveCallable.run(ReflectiveCallable.java:12)
	at org.junit.runners.model.FrameworkMethod.invokeExplosively(FrameworkMethod.java:44)
	at org.junit.internal.runners.statements.InvokeMethod.evaluate(InvokeMethod.java:17)
	at org.junit.internal.runners.statements.FailOnTimeout$StatementThread.run(FailOnTimeout.java:74)
--- org.apache.commons.math.linear.SingularValueDecompositionImpl_ESTest::test3138
junit.framework.AssertionFailedError: expected:<0> but was:<3>
	at org.junit.Assert.fail(Assert.java:88)
	at org.junit.Assert.failNotEquals(Assert.java:743)
	at org.junit.Assert.assertEquals(Assert.java:118)
	at org.junit.Assert.assertEquals(Assert.java:555)
	at org.junit.Assert.assertEquals(Assert.java:542)
	at org.apache.commons.math.linear.SingularValueDecompositionImpl_ESTest.test3138(SingularValueDecompositionImpl_ESTest.java:412)
	at sun.reflect.NativeMethodAccessorImpl.invoke0(Native Method)
	at sun.reflect.NativeMethodAccessorImpl.invoke(NativeMethodAccessorImpl.java:62)
	at sun.reflect.DelegatingMethodAccessorImpl.invoke(DelegatingMethodAccessorImpl.java:43)
	at java.lang.reflect.Method.invoke(Method.java:498)
	at org.junit.runners.model.FrameworkMethod$1.runReflectiveCall(FrameworkMethod.java:47)
	at org.junit.internal.runners.model.ReflectiveCallable.run(ReflectiveCallable.java:12)
	at org.junit.runners.model.FrameworkMethod.invokeExplosively(FrameworkMethod.java:44)
	at org.junit.internal.runners.statements.InvokeMethod.evaluate(InvokeMethod.java:17)
	at org.junit.internal.runners.statements.FailOnTimeout$StatementThread.run(FailOnTimeout.java:74)
--- org.apache.commons.math.linear.SingularValueDecompositionImpl_ESTest::test3853
java.lang.ArrayIndexOutOfBoundsException: 0
	at org.apache.commons.math.linear.SingularValueDecompositionImpl.getConditionNumber(SingularValueDecompositionImpl.java:337)
	at org.apache.commons.math.linear.SingularValueDecompositionImpl_ESTest.test3853(SingularValueDecompositionImpl_ESTest.java:591)
	at sun.reflect.NativeMethodAccessorImpl.invoke0(Native Method)
	at sun.reflect.NativeMethodAccessorImpl.invoke(NativeMethodAccessorImpl.java:62)
	at sun.reflect.DelegatingMethodAccessorImpl.invoke(DelegatingMethodAccessorImpl.java:43)
	at java.lang.reflect.Method.invoke(Method.java:498)
	at org.junit.runners.model.FrameworkMethod$1.runReflectiveCall(FrameworkMethod.java:47)
	at org.junit.internal.runners.model.ReflectiveCallable.run(ReflectiveCallable.java:12)
	at org.junit.runners.model.FrameworkMethod.invokeExplosively(FrameworkMethod.java:44)
	at org.junit.internal.runners.statements.InvokeMethod.evaluate(InvokeMethod.java:17)
	at org.junit.internal.runners.statements.FailOnTimeout$StatementThread.run(FailOnTimeout.java:74)
--- org.apache.commons.math.linear.SingularValueDecompositionImpl_ESTest::test3651
java.lang.ArrayIndexOutOfBoundsException: 0
	at org.apache.commons.math.linear.SingularValueDecompositionImpl.getNorm(SingularValueDecompositionImpl.java:331)
	at org.apache.commons.math.linear.SingularValueDecompositionImpl_ESTest.test3651(SingularValueDecompositionImpl_ESTest.java:573)
	at sun.reflect.NativeMethodAccessorImpl.invoke0(Native Method)
	at sun.reflect.NativeMethodAccessorImpl.invoke(NativeMethodAccessorImpl.java:62)
	at sun.reflect.DelegatingMethodAccessorImpl.invoke(DelegatingMethodAccessorImpl.java:43)
	at java.lang.reflect.Method.invoke(Method.java:498)
	at org.junit.runners.model.FrameworkMethod$1.runReflectiveCall(FrameworkMethod.java:47)
	at org.junit.internal.runners.model.ReflectiveCallable.run(ReflectiveCallable.java:12)
	at org.junit.runners.model.FrameworkMethod.invokeExplosively(FrameworkMethod.java:44)
	at org.junit.internal.runners.statements.InvokeMethod.evaluate(InvokeMethod.java:17)
	at org.junit.internal.runners.statements.FailOnTimeout$StatementThread.run(FailOnTimeout.java:74)
--- org.apache.commons.math.linear.SingularValueDecompositionImpl_ESTest::test1819
java.lang.NullPointerException
	at org.apache.commons.math.linear.SingularValueDecompositionImpl.<init>(SingularValueDecompositionImpl.java:98)
	at org.apache.commons.math.linear.SingularValueDecompositionImpl_ESTest.test1819(SingularValueDecompositionImpl_ESTest.java:201)
	at sun.reflect.NativeMethodAccessorImpl.invoke0(Native Method)
	at sun.reflect.NativeMethodAccessorImpl.invoke(NativeMethodAccessorImpl.java:62)
	at sun.reflect.DelegatingMethodAccessorImpl.invoke(DelegatingMethodAccessorImpl.java:43)
	at java.lang.reflect.Method.invoke(Method.java:498)
	at org.junit.runners.model.FrameworkMethod$1.runReflectiveCall(FrameworkMethod.java:47)
	at org.junit.internal.runners.model.ReflectiveCallable.run(ReflectiveCallable.java:12)
	at org.junit.runners.model.FrameworkMethod.invokeExplosively(FrameworkMethod.java:44)
	at org.junit.internal.runners.statements.InvokeMethod.evaluate(InvokeMethod.java:17)
	at org.junit.internal.runners.statements.FailOnTimeout$StatementThread.run(FailOnTimeout.java:74)
--- org.apache.commons.math.linear.SingularValueDecompositionImpl_ESTest::test022
org.apache.commons.math.linear.MatrixIndexException: column index -1 out of allowed range [0, 0]
	at org.apache.commons.math.linear.MatrixUtils.checkColumnIndex(MatrixUtils.java:545)
	at org.apache.commons.math.linear.MatrixUtils.checkSubMatrixIndex(MatrixUtils.java:572)
	at org.apache.commons.math.linear.AbstractRealMatrix.getSubMatrix(AbstractRealMatrix.java:264)
	at org.apache.commons.math.linear.SingularValueDecompositionImpl.getU(SingularValueDecompositionImpl.java:161)
	at org.apache.commons.math.linear.SingularValueDecompositionImpl.getUT(SingularValueDecompositionImpl.java:208)
	at org.apache.commons.math.linear.SingularValueDecompositionImpl.getSolver(SingularValueDecompositionImpl.java:357)
	at org.apache.commons.math.linear.SingularValueDecompositionImpl_ESTest.test022(SingularValueDecompositionImpl_ESTest.java:56)
	at sun.reflect.NativeMethodAccessorImpl.invoke0(Native Method)
	at sun.reflect.NativeMethodAccessorImpl.invoke(NativeMethodAccessorImpl.java:62)
	at sun.reflect.DelegatingMethodAccessorImpl.invoke(DelegatingMethodAccessorImpl.java:43)
	at java.lang.reflect.Method.invoke(Method.java:498)
	at org.junit.runners.model.FrameworkMethod$1.runReflectiveCall(FrameworkMethod.java:47)
	at org.junit.internal.runners.model.ReflectiveCallable.run(ReflectiveCallable.java:12)
	at org.junit.runners.model.FrameworkMethod.invokeExplosively(FrameworkMethod.java:44)
	at org.junit.internal.runners.statements.InvokeMethod.evaluate(InvokeMethod.java:17)
	at org.junit.internal.runners.statements.FailOnTimeout$StatementThread.run(FailOnTimeout.java:74)
--- org.apache.commons.math.linear.SingularValueDecompositionImpl_ESTest::test2631
org.apache.commons.math.linear.MatrixIndexException: column index -1 out of allowed range [0, 0]
	at org.apache.commons.math.linear.MatrixUtils.checkColumnIndex(MatrixUtils.java:545)
	at org.apache.commons.math.linear.MatrixUtils.checkSubMatrixIndex(MatrixUtils.java:572)
	at org.apache.commons.math.linear.AbstractRealMatrix.getSubMatrix(AbstractRealMatrix.java:264)
	at org.apache.commons.math.linear.SingularValueDecompositionImpl.getU(SingularValueDecompositionImpl.java:191)
	at org.apache.commons.math.linear.SingularValueDecompositionImpl_ESTest.test2631(SingularValueDecompositionImpl_ESTest.java:332)
	at sun.reflect.NativeMethodAccessorImpl.invoke0(Native Method)
	at sun.reflect.NativeMethodAccessorImpl.invoke(NativeMethodAccessorImpl.java:62)
	at sun.reflect.DelegatingMethodAccessorImpl.invoke(DelegatingMethodAccessorImpl.java:43)
	at java.lang.reflect.Method.invoke(Method.java:498)
	at org.junit.runners.model.FrameworkMethod$1.runReflectiveCall(FrameworkMethod.java:47)
	at org.junit.internal.runners.model.ReflectiveCallable.run(ReflectiveCallable.java:12)
	at org.junit.runners.model.FrameworkMethod.invokeExplosively(FrameworkMethod.java:44)
	at org.junit.internal.runners.statements.InvokeMethod.evaluate(InvokeMethod.java:17)
	at org.junit.internal.runners.statements.FailOnTimeout$StatementThread.run(FailOnTimeout.java:74)
--- org.apache.commons.math.linear.SingularValueDecompositionImpl_ESTest::test3445
junit.framework.AssertionFailedError: expected:<Array2DRowRealMatrix{{14181.556575493352,-0.0,-0.0,-0.0,-0.0,14181.556575493352,-0.0,-0.0,-0.0,-0.0},{-0.0,0.0,0.0,0.0,0.0,-0.0,0.0,0.0,0.0,0.0},{-0.0,0.0,0.0,0.0,0.0,-0.0,0.0,0.0,0.0,0.0},{-0.0,0.0,0.0,0.0,0.0,-0.0,0.0,0.0,0.0,0.0},{-0.0,0.0,0.0,0.0,0.0,-0.0,0.0,0.0,0.0,0.0},{14181.556575493352,-0.0,-0.0,-0.0,-0.0,14181.556575493352,-0.0,-0.0,-0.0,-0.0},{-0.0,0.0,0.0,0.0,0.0,-0.0,0.0,0.0,0.0,0.0},{-0.0,0.0,0.0,0.0,0.0,-0.0,0.0,0.0,0.0,0.0},{-0.0,0.0,0.0,0.0,0.0,-0.0,0.0,0.0,0.0,0.0},{-0.0,0.0,0.0,0.0,0.0,-0.0,0.0,0.0,0.0,0.0}}> but was:<Array2DRowRealMatrix{{28363.113150986705}}>
	at org.junit.Assert.fail(Assert.java:88)
	at org.junit.Assert.failNotEquals(Assert.java:743)
	at org.junit.Assert.assertEquals(Assert.java:118)
	at org.junit.Assert.assertEquals(Assert.java:144)
	at org.apache.commons.math.linear.SingularValueDecompositionImpl_ESTest.test3445(SingularValueDecompositionImpl_ESTest.java:505)
	at sun.reflect.NativeMethodAccessorImpl.invoke0(Native Method)
	at sun.reflect.NativeMethodAccessorImpl.invoke(NativeMethodAccessorImpl.java:62)
	at sun.reflect.DelegatingMethodAccessorImpl.invoke(DelegatingMethodAccessorImpl.java:43)
	at java.lang.reflect.Method.invoke(Method.java:498)
	at org.junit.runners.model.FrameworkMethod$1.runReflectiveCall(FrameworkMethod.java:47)
	at org.junit.internal.runners.model.ReflectiveCallable.run(ReflectiveCallable.java:12)
	at org.junit.runners.model.FrameworkMethod.invokeExplosively(FrameworkMethod.java:44)
	at org.junit.internal.runners.statements.InvokeMethod.evaluate(InvokeMethod.java:17)
	at org.junit.internal.runners.statements.FailOnTimeout$StatementThread.run(FailOnTimeout.java:74)
--- org.apache.commons.math.linear.SingularValueDecompositionImpl_ESTest::test2021
java.lang.ArrayIndexOutOfBoundsException
	at java.lang.System.arraycopy(Native Method)
	at org.apache.commons.math.linear.Array2DRowRealMatrix.copyOut(Array2DRowRealMatrix.java:620)
	at org.apache.commons.math.linear.Array2DRowRealMatrix.getData(Array2DRowRealMatrix.java:317)
	at org.apache.commons.math.linear.BiDiagonalTransformer.<init>(BiDiagonalTransformer.java:65)
	at org.apache.commons.math.linear.SingularValueDecompositionImpl.<init>(SingularValueDecompositionImpl.java:120)
	at org.apache.commons.math.linear.SingularValueDecompositionImpl.<init>(SingularValueDecompositionImpl.java:98)
	at org.apache.commons.math.linear.SingularValueDecompositionImpl_ESTest.test2021(SingularValueDecompositionImpl_ESTest.java:219)
	at sun.reflect.NativeMethodAccessorImpl.invoke0(Native Method)
	at sun.reflect.NativeMethodAccessorImpl.invoke(NativeMethodAccessorImpl.java:62)
	at sun.reflect.DelegatingMethodAccessorImpl.invoke(DelegatingMethodAccessorImpl.java:43)
	at java.lang.reflect.Method.invoke(Method.java:498)
	at org.junit.runners.model.FrameworkMethod$1.runReflectiveCall(FrameworkMethod.java:47)
	at org.junit.internal.runners.model.ReflectiveCallable.run(ReflectiveCallable.java:12)
	at org.junit.runners.model.FrameworkMethod.invokeExplosively(FrameworkMethod.java:44)
	at org.junit.internal.runners.statements.InvokeMethod.evaluate(InvokeMethod.java:17)
	at org.junit.internal.runners.statements.FailOnTimeout$StatementThread.run(FailOnTimeout.java:74)
--- org.apache.commons.math.linear.SingularValueDecompositionImpl_ESTest::test3550
junit.framework.AssertionFailedError: expected:<Array2DRowRealMatrix{{14181.556575493352,-0.0,-0.0,-0.0,-0.0,14181.556575493352,-0.0,-0.0,-0.0,-0.0},{-0.0,0.0,0.0,0.0,0.0,-0.0,0.0,0.0,0.0,0.0},{-0.0,0.0,0.0,0.0,0.0,-0.0,0.0,0.0,0.0,0.0},{-0.0,0.0,0.0,0.0,0.0,-0.0,0.0,0.0,0.0,0.0},{-0.0,0.0,0.0,0.0,0.0,-0.0,0.0,0.0,0.0,0.0},{14181.556575493352,-0.0,-0.0,-0.0,-0.0,14181.556575493352,-0.0,-0.0,-0.0,-0.0},{-0.0,0.0,0.0,0.0,0.0,-0.0,0.0,0.0,0.0,0.0},{-0.0,0.0,0.0,0.0,0.0,-0.0,0.0,0.0,0.0,0.0},{-0.0,0.0,0.0,0.0,0.0,-0.0,0.0,0.0,0.0,0.0},{-0.0,0.0,0.0,0.0,0.0,-0.0,0.0,0.0,0.0,0.0}}> but was:<Array2DRowRealMatrix{{-0.7071067811865476,0.0,0.0,0.0,0.0,-0.7071067811865475,0.0,0.0,0.0,0.0}}>
	at org.junit.Assert.fail(Assert.java:88)
	at org.junit.Assert.failNotEquals(Assert.java:743)
	at org.junit.Assert.assertEquals(Assert.java:118)
	at org.junit.Assert.assertEquals(Assert.java:144)
	at org.apache.commons.math.linear.SingularValueDecompositionImpl_ESTest.test3550(SingularValueDecompositionImpl_ESTest.java:565)
	at sun.reflect.NativeMethodAccessorImpl.invoke0(Native Method)
	at sun.reflect.NativeMethodAccessorImpl.invoke(NativeMethodAccessorImpl.java:62)
	at sun.reflect.DelegatingMethodAccessorImpl.invoke(DelegatingMethodAccessorImpl.java:43)
	at java.lang.reflect.Method.invoke(Method.java:498)
	at org.junit.runners.model.FrameworkMethod$1.runReflectiveCall(FrameworkMethod.java:47)
	at org.junit.internal.runners.model.ReflectiveCallable.run(ReflectiveCallable.java:12)
	at org.junit.runners.model.FrameworkMethod.invokeExplosively(FrameworkMethod.java:44)
	at org.junit.internal.runners.statements.InvokeMethod.evaluate(InvokeMethod.java:17)
	at org.junit.internal.runners.statements.FailOnTimeout$StatementThread.run(FailOnTimeout.java:74)
--- org.apache.commons.math.linear.SingularValueDecompositionImpl_ESTest::test2429
junit.framework.AssertionFailedError: expected:<1> but was:<2>
	at org.junit.Assert.fail(Assert.java:88)
	at org.junit.Assert.failNotEquals(Assert.java:743)
	at org.junit.Assert.assertEquals(Assert.java:118)
	at org.junit.Assert.assertEquals(Assert.java:555)
	at org.junit.Assert.assertEquals(Assert.java:542)
	at org.apache.commons.math.linear.SingularValueDecompositionImpl_ESTest.test2429(SingularValueDecompositionImpl_ESTest.java:315)
	at sun.reflect.NativeMethodAccessorImpl.invoke0(Native Method)
	at sun.reflect.NativeMethodAccessorImpl.invoke(NativeMethodAccessorImpl.java:62)
	at sun.reflect.DelegatingMethodAccessorImpl.invoke(DelegatingMethodAccessorImpl.java:43)
	at java.lang.reflect.Method.invoke(Method.java:498)
	at org.junit.runners.model.FrameworkMethod$1.runReflectiveCall(FrameworkMethod.java:47)
	at org.junit.internal.runners.model.ReflectiveCallable.run(ReflectiveCallable.java:12)
	at org.junit.runners.model.FrameworkMethod.invokeExplosively(FrameworkMethod.java:44)
	at org.junit.internal.runners.statements.InvokeMethod.evaluate(InvokeMethod.java:17)
	at org.junit.internal.runners.statements.FailOnTimeout$StatementThread.run(FailOnTimeout.java:74)
--- org.apache.commons.math.linear.SingularValueDecompositionImpl_ESTest::test1415
java.lang.NegativeArraySizeException
	at org.apache.commons.math.linear.BiDiagonalTransformer.<init>(BiDiagonalTransformer.java:67)
	at org.apache.commons.math.linear.SingularValueDecompositionImpl.<init>(SingularValueDecompositionImpl.java:120)
	at org.apache.commons.math.linear.SingularValueDecompositionImpl_ESTest.test1415(SingularValueDecompositionImpl_ESTest.java:167)
	at sun.reflect.NativeMethodAccessorImpl.invoke0(Native Method)
	at sun.reflect.NativeMethodAccessorImpl.invoke(NativeMethodAccessorImpl.java:62)
	at sun.reflect.DelegatingMethodAccessorImpl.invoke(DelegatingMethodAccessorImpl.java:43)
	at java.lang.reflect.Method.invoke(Method.java:498)
	at org.junit.runners.model.FrameworkMethod$1.runReflectiveCall(FrameworkMethod.java:47)
	at org.junit.internal.runners.model.ReflectiveCallable.run(ReflectiveCallable.java:12)
	at org.junit.runners.model.FrameworkMethod.invokeExplosively(FrameworkMethod.java:44)
	at org.junit.internal.runners.statements.InvokeMethod.evaluate(InvokeMethod.java:17)
	at org.junit.internal.runners.statements.FailOnTimeout$StatementThread.run(FailOnTimeout.java:74)
--- org.apache.commons.math.linear.SingularValueDecompositionImpl_ESTest::test3239
junit.framework.AssertionFailedError: expected:<0> but was:<2>
	at org.junit.Assert.fail(Assert.java:88)
	at org.junit.Assert.failNotEquals(Assert.java:743)
	at org.junit.Assert.assertEquals(Assert.java:118)
	at org.junit.Assert.assertEquals(Assert.java:555)
	at org.junit.Assert.assertEquals(Assert.java:542)
	at org.apache.commons.math.linear.SingularValueDecompositionImpl_ESTest.test3239(SingularValueDecompositionImpl_ESTest.java:428)
	at sun.reflect.NativeMethodAccessorImpl.invoke0(Native Method)
	at sun.reflect.NativeMethodAccessorImpl.invoke(NativeMethodAccessorImpl.java:62)
	at sun.reflect.DelegatingMethodAccessorImpl.invoke(DelegatingMethodAccessorImpl.java:43)
	at java.lang.reflect.Method.invoke(Method.java:498)
	at org.junit.runners.model.FrameworkMethod$1.runReflectiveCall(FrameworkMethod.java:47)
	at org.junit.internal.runners.model.ReflectiveCallable.run(ReflectiveCallable.java:12)
	at org.junit.runners.model.FrameworkMethod.invokeExplosively(FrameworkMethod.java:44)
	at org.junit.internal.runners.statements.InvokeMethod.evaluate(InvokeMethod.java:17)
	at org.junit.internal.runners.statements.FailOnTimeout$StatementThread.run(FailOnTimeout.java:74)
--- org.apache.commons.math.linear.SingularValueDecompositionImpl_ESTest::test1213
org.apache.commons.math.linear.InvalidMatrixException: 
	at org.apache.commons.math.linear.EigenDecompositionImpl.processGeneralBlock(EigenDecompositionImpl.java:890)
	at org.apache.commons.math.linear.EigenDecompositionImpl.findEigenvalues(EigenDecompositionImpl.java:658)
	at org.apache.commons.math.linear.EigenDecompositionImpl.decompose(EigenDecompositionImpl.java:246)
	at org.apache.commons.math.linear.EigenDecompositionImpl.<init>(EigenDecompositionImpl.java:205)
	at org.apache.commons.math.linear.SingularValueDecompositionImpl.<init>(SingularValueDecompositionImpl.java:137)
	at org.apache.commons.math.linear.SingularValueDecompositionImpl_ESTest.test1213(SingularValueDecompositionImpl_ESTest.java:154)
	at sun.reflect.NativeMethodAccessorImpl.invoke0(Native Method)
	at sun.reflect.NativeMethodAccessorImpl.invoke(NativeMethodAccessorImpl.java:62)
	at sun.reflect.DelegatingMethodAccessorImpl.invoke(DelegatingMethodAccessorImpl.java:43)
	at java.lang.reflect.Method.invoke(Method.java:498)
	at org.junit.runners.model.FrameworkMethod$1.runReflectiveCall(FrameworkMethod.java:47)
	at org.junit.internal.runners.model.ReflectiveCallable.run(ReflectiveCallable.java:12)
	at org.junit.runners.model.FrameworkMethod.invokeExplosively(FrameworkMethod.java:44)
	at org.junit.internal.runners.statements.InvokeMethod.evaluate(InvokeMethod.java:17)
	at org.junit.internal.runners.statements.FailOnTimeout$StatementThread.run(FailOnTimeout.java:74)
Caused by: org.apache.commons.math.MaxIterationsExceededException: Maximal number of iterations (120) exceeded
	... 15 more
--- org.apache.commons.math.linear.SingularValueDecompositionImpl_ESTest::test2224
org.apache.commons.math.linear.MatrixIndexException: column index -1 out of allowed range [0, 0]
	at org.apache.commons.math.linear.MatrixUtils.checkColumnIndex(MatrixUtils.java:545)
	at org.apache.commons.math.linear.MatrixUtils.checkSubMatrixIndex(MatrixUtils.java:572)
	at org.apache.commons.math.linear.AbstractRealMatrix.getSubMatrix(AbstractRealMatrix.java:264)
	at org.apache.commons.math.linear.SingularValueDecompositionImpl.getV(SingularValueDecompositionImpl.java:244)
	at org.apache.commons.math.linear.SingularValueDecompositionImpl.getVT(SingularValueDecompositionImpl.java:290)
	at org.apache.commons.math.linear.SingularValueDecompositionImpl_ESTest.test2224(SingularValueDecompositionImpl_ESTest.java:248)
	at sun.reflect.NativeMethodAccessorImpl.invoke0(Native Method)
	at sun.reflect.NativeMethodAccessorImpl.invoke(NativeMethodAccessorImpl.java:62)
	at sun.reflect.DelegatingMethodAccessorImpl.invoke(DelegatingMethodAccessorImpl.java:43)
	at java.lang.reflect.Method.invoke(Method.java:498)
	at org.junit.runners.model.FrameworkMethod$1.runReflectiveCall(FrameworkMethod.java:47)
	at org.junit.internal.runners.model.ReflectiveCallable.run(ReflectiveCallable.java:12)
	at org.junit.runners.model.FrameworkMethod.invokeExplosively(FrameworkMethod.java:44)
	at org.junit.internal.runners.statements.InvokeMethod.evaluate(InvokeMethod.java:17)
	at org.junit.internal.runners.statements.FailOnTimeout$StatementThread.run(FailOnTimeout.java:74)
--- org.apache.commons.math.linear.SingularValueDecompositionImpl_ESTest::test3036
java.lang.ArrayIndexOutOfBoundsException: 0
	at org.apache.commons.math.linear.SingularValueDecompositionImpl.getCovariance(SingularValueDecompositionImpl.java:309)
	at org.apache.commons.math.linear.SingularValueDecompositionImpl_ESTest.test3036(SingularValueDecompositionImpl_ESTest.java:387)
	at sun.reflect.NativeMethodAccessorImpl.invoke0(Native Method)
	at sun.reflect.NativeMethodAccessorImpl.invoke(NativeMethodAccessorImpl.java:62)
	at sun.reflect.DelegatingMethodAccessorImpl.invoke(DelegatingMethodAccessorImpl.java:43)
	at java.lang.reflect.Method.invoke(Method.java:498)
	at org.junit.runners.model.FrameworkMethod$1.runReflectiveCall(FrameworkMethod.java:47)
	at org.junit.internal.runners.model.ReflectiveCallable.run(ReflectiveCallable.java:12)
	at org.junit.runners.model.FrameworkMethod.invokeExplosively(FrameworkMethod.java:44)
	at org.junit.internal.runners.statements.InvokeMethod.evaluate(InvokeMethod.java:17)
	at org.junit.internal.runners.statements.FailOnTimeout$StatementThread.run(FailOnTimeout.java:74)
--- org.apache.commons.math.linear.SingularValueDecompositionImpl_ESTest::test1011
org.apache.commons.math.MathRuntimeException$4: cutoff singular value is âˆž, should be at most 4,091.306
	at org.apache.commons.math.MathRuntimeException.createIllegalArgumentException(MathRuntimeException.java:305)
	at org.apache.commons.math.linear.SingularValueDecompositionImpl.getCovariance(SingularValueDecompositionImpl.java:309)
	at org.apache.commons.math.linear.SingularValueDecompositionImpl_ESTest.test1011(SingularValueDecompositionImpl_ESTest.java:136)
	at sun.reflect.NativeMethodAccessorImpl.invoke0(Native Method)
	at sun.reflect.NativeMethodAccessorImpl.invoke(NativeMethodAccessorImpl.java:62)
	at sun.reflect.DelegatingMethodAccessorImpl.invoke(DelegatingMethodAccessorImpl.java:43)
	at java.lang.reflect.Method.invoke(Method.java:498)
	at org.junit.runners.model.FrameworkMethod$1.runReflectiveCall(FrameworkMethod.java:47)
	at org.junit.internal.runners.model.ReflectiveCallable.run(ReflectiveCallable.java:12)
	at org.junit.runners.model.FrameworkMethod.invokeExplosively(FrameworkMethod.java:44)
	at org.junit.internal.runners.statements.InvokeMethod.evaluate(InvokeMethod.java:17)
	at org.junit.internal.runners.statements.FailOnTimeout$StatementThread.run(FailOnTimeout.java:74)
