--- com.google.javascript.jscomp.FoldConstants_ESTest::test04347
org.evosuite.runtime.mock.java.lang.MockIllegalStateException
	at com.google.common.base.Preconditions.checkState(Preconditions.java:130)
	at com.google.javascript.jscomp.FoldConstants.tryFoldHookIf(FoldConstants.java:595)
	at com.google.javascript.jscomp.FoldConstants.visit(FoldConstants.java:270)
	at com.google.javascript.jscomp.FoldConstants_ESTest.test04347(FoldConstants_ESTest.java:581)
	at sun.reflect.NativeMethodAccessorImpl.invoke0(Native Method)
	at sun.reflect.NativeMethodAccessorImpl.invoke(NativeMethodAccessorImpl.java:62)
	at sun.reflect.DelegatingMethodAccessorImpl.invoke(DelegatingMethodAccessorImpl.java:43)
	at java.lang.reflect.Method.invoke(Method.java:498)
	at org.junit.runners.model.FrameworkMethod$1.runReflectiveCall(FrameworkMethod.java:47)
	at org.junit.internal.runners.model.ReflectiveCallable.run(ReflectiveCallable.java:12)
	at org.junit.runners.model.FrameworkMethod.invokeExplosively(FrameworkMethod.java:44)
	at org.junit.internal.runners.statements.InvokeMethod.evaluate(InvokeMethod.java:17)
	at org.junit.internal.runners.statements.FailOnTimeout$StatementThread.run(FailOnTimeout.java:74)
--- com.google.javascript.jscomp.FoldConstants_ESTest::test112121
java.lang.NullPointerException
	at com.google.javascript.jscomp.NodeUtil.isLiteralValue(NodeUtil.java:207)
	at com.google.javascript.jscomp.FoldConstants.tryFoldDo(FoldConstants.java:1818)
	at com.google.javascript.jscomp.FoldConstants_ESTest.test112121(FoldConstants_ESTest.java:1389)
	at sun.reflect.NativeMethodAccessorImpl.invoke0(Native Method)
	at sun.reflect.NativeMethodAccessorImpl.invoke(NativeMethodAccessorImpl.java:62)
	at sun.reflect.DelegatingMethodAccessorImpl.invoke(DelegatingMethodAccessorImpl.java:43)
	at java.lang.reflect.Method.invoke(Method.java:498)
	at org.junit.runners.model.FrameworkMethod$1.runReflectiveCall(FrameworkMethod.java:47)
	at org.junit.internal.runners.model.ReflectiveCallable.run(ReflectiveCallable.java:12)
	at org.junit.runners.model.FrameworkMethod.invokeExplosively(FrameworkMethod.java:44)
	at org.junit.internal.runners.statements.InvokeMethod.evaluate(InvokeMethod.java:17)
	at org.junit.internal.runners.statements.FailOnTimeout$StatementThread.run(FailOnTimeout.java:74)
--- com.google.javascript.jscomp.FoldConstants_ESTest::test0067
java.lang.NullPointerException
	at com.google.javascript.rhino.Node.getChildBefore(Node.java:542)
	at com.google.javascript.rhino.Node.replaceChild(Node.java:686)
	at com.google.javascript.jscomp.FoldConstants.visit(FoldConstants.java:165)
	at com.google.javascript.jscomp.FoldConstants_ESTest.test0067(FoldConstants_ESTest.java:123)
	at sun.reflect.NativeMethodAccessorImpl.invoke0(Native Method)
	at sun.reflect.NativeMethodAccessorImpl.invoke(NativeMethodAccessorImpl.java:62)
	at sun.reflect.DelegatingMethodAccessorImpl.invoke(DelegatingMethodAccessorImpl.java:43)
	at java.lang.reflect.Method.invoke(Method.java:498)
	at org.junit.runners.model.FrameworkMethod$1.runReflectiveCall(FrameworkMethod.java:47)
	at org.junit.internal.runners.model.ReflectiveCallable.run(ReflectiveCallable.java:12)
	at org.junit.runners.model.FrameworkMethod.invokeExplosively(FrameworkMethod.java:44)
	at org.junit.internal.runners.statements.InvokeMethod.evaluate(InvokeMethod.java:17)
	at org.junit.internal.runners.statements.FailOnTimeout$StatementThread.run(FailOnTimeout.java:74)
--- com.google.javascript.jscomp.FoldConstants_ESTest::test106115
java.lang.NullPointerException
	at com.google.javascript.rhino.Node.getChildBefore(Node.java:542)
	at com.google.javascript.rhino.Node.replaceChild(Node.java:686)
	at com.google.javascript.jscomp.FoldConstants.tryFoldRegularExpressionConstructor(FoldConstants.java:1678)
	at com.google.javascript.jscomp.FoldConstants_ESTest.test106115(FoldConstants_ESTest.java:1331)
	at sun.reflect.NativeMethodAccessorImpl.invoke0(Native Method)
	at sun.reflect.NativeMethodAccessorImpl.invoke(NativeMethodAccessorImpl.java:62)
	at sun.reflect.DelegatingMethodAccessorImpl.invoke(DelegatingMethodAccessorImpl.java:43)
	at java.lang.reflect.Method.invoke(Method.java:498)
	at org.junit.runners.model.FrameworkMethod$1.runReflectiveCall(FrameworkMethod.java:47)
	at org.junit.internal.runners.model.ReflectiveCallable.run(ReflectiveCallable.java:12)
	at org.junit.runners.model.FrameworkMethod.invokeExplosively(FrameworkMethod.java:44)
	at org.junit.internal.runners.statements.InvokeMethod.evaluate(InvokeMethod.java:17)
	at org.junit.internal.runners.statements.FailOnTimeout$StatementThread.run(FailOnTimeout.java:74)
--- com.google.javascript.jscomp.FoldConstants_ESTest::test092101
java.lang.NullPointerException
	at com.google.javascript.rhino.Node.getChildBefore(Node.java:542)
	at com.google.javascript.rhino.Node.replaceChild(Node.java:686)
	at com.google.javascript.jscomp.FoldConstants.tryFoldComparison(FoldConstants.java:1405)
	at com.google.javascript.jscomp.FoldConstants_ESTest.test092101(FoldConstants_ESTest.java:1172)
	at sun.reflect.NativeMethodAccessorImpl.invoke0(Native Method)
	at sun.reflect.NativeMethodAccessorImpl.invoke(NativeMethodAccessorImpl.java:62)
	at sun.reflect.DelegatingMethodAccessorImpl.invoke(DelegatingMethodAccessorImpl.java:43)
	at java.lang.reflect.Method.invoke(Method.java:498)
	at org.junit.runners.model.FrameworkMethod$1.runReflectiveCall(FrameworkMethod.java:47)
	at org.junit.internal.runners.model.ReflectiveCallable.run(ReflectiveCallable.java:12)
	at org.junit.runners.model.FrameworkMethod.invokeExplosively(FrameworkMethod.java:44)
	at org.junit.internal.runners.statements.InvokeMethod.evaluate(InvokeMethod.java:17)
	at org.junit.internal.runners.statements.FailOnTimeout$StatementThread.run(FailOnTimeout.java:74)
--- com.google.javascript.jscomp.FoldConstants_ESTest::test06367
org.evosuite.runtime.mock.java.lang.MockRuntimeException: node is not a child
	at com.google.javascript.rhino.Node.getChildBefore(Node.java:545)
	at com.google.javascript.rhino.Node.replaceChild(Node.java:686)
	at com.google.javascript.jscomp.FoldConstants.tryFoldArithmetic(FoldConstants.java:1102)
	at com.google.javascript.jscomp.FoldConstants_ESTest.test06367(FoldConstants_ESTest.java:803)
	at sun.reflect.NativeMethodAccessorImpl.invoke0(Native Method)
	at sun.reflect.NativeMethodAccessorImpl.invoke(NativeMethodAccessorImpl.java:62)
	at sun.reflect.DelegatingMethodAccessorImpl.invoke(DelegatingMethodAccessorImpl.java:43)
	at java.lang.reflect.Method.invoke(Method.java:498)
	at org.junit.runners.model.FrameworkMethod$1.runReflectiveCall(FrameworkMethod.java:47)
	at org.junit.internal.runners.model.ReflectiveCallable.run(ReflectiveCallable.java:12)
	at org.junit.runners.model.FrameworkMethod.invokeExplosively(FrameworkMethod.java:44)
	at org.junit.internal.runners.statements.InvokeMethod.evaluate(InvokeMethod.java:17)
	at org.junit.internal.runners.statements.FailOnTimeout$StatementThread.run(FailOnTimeout.java:74)
--- com.google.javascript.jscomp.FoldConstants_ESTest::test101110
org.evosuite.runtime.mock.java.lang.MockRuntimeException: node is not a child
	at com.google.javascript.rhino.Node.getChildBefore(Node.java:545)
	at com.google.javascript.rhino.Node.replaceChild(Node.java:686)
	at com.google.javascript.jscomp.FoldConstants.tryFoldRegularExpressionConstructor(FoldConstants.java:1678)
	at com.google.javascript.jscomp.FoldConstants_ESTest.test101110(FoldConstants_ESTest.java:1270)
	at sun.reflect.NativeMethodAccessorImpl.invoke0(Native Method)
	at sun.reflect.NativeMethodAccessorImpl.invoke(NativeMethodAccessorImpl.java:62)
	at sun.reflect.DelegatingMethodAccessorImpl.invoke(DelegatingMethodAccessorImpl.java:43)
	at java.lang.reflect.Method.invoke(Method.java:498)
	at org.junit.runners.model.FrameworkMethod$1.runReflectiveCall(FrameworkMethod.java:47)
	at org.junit.internal.runners.model.ReflectiveCallable.run(ReflectiveCallable.java:12)
	at org.junit.runners.model.FrameworkMethod.invokeExplosively(FrameworkMethod.java:44)
	at org.junit.internal.runners.statements.InvokeMethod.evaluate(InvokeMethod.java:17)
	at org.junit.internal.runners.statements.FailOnTimeout$StatementThread.run(FailOnTimeout.java:74)
--- com.google.javascript.jscomp.FoldConstants_ESTest::test05155
java.lang.NullPointerException
	at com.google.javascript.rhino.Node.getChildBefore(Node.java:542)
	at com.google.javascript.rhino.Node.removeChild(Node.java:659)
	at com.google.javascript.jscomp.FoldConstants.tryFoldAndOr(FoldConstants.java:999)
	at com.google.javascript.jscomp.FoldConstants_ESTest.test05155(FoldConstants_ESTest.java:667)
	at sun.reflect.NativeMethodAccessorImpl.invoke0(Native Method)
	at sun.reflect.NativeMethodAccessorImpl.invoke(NativeMethodAccessorImpl.java:62)
	at sun.reflect.DelegatingMethodAccessorImpl.invoke(DelegatingMethodAccessorImpl.java:43)
	at java.lang.reflect.Method.invoke(Method.java:498)
	at org.junit.runners.model.FrameworkMethod$1.runReflectiveCall(FrameworkMethod.java:47)
	at org.junit.internal.runners.model.ReflectiveCallable.run(ReflectiveCallable.java:12)
	at org.junit.runners.model.FrameworkMethod.invokeExplosively(FrameworkMethod.java:44)
	at org.junit.internal.runners.statements.InvokeMethod.evaluate(InvokeMethod.java:17)
	at org.junit.internal.runners.statements.FailOnTimeout$StatementThread.run(FailOnTimeout.java:74)
--- com.google.javascript.jscomp.FoldConstants_ESTest::test093102
org.evosuite.runtime.mock.java.lang.MockRuntimeException: node is not a child
	at com.google.javascript.rhino.Node.getChildBefore(Node.java:545)
	at com.google.javascript.rhino.Node.replaceChild(Node.java:686)
	at com.google.javascript.jscomp.FoldConstants.tryFoldComparison(FoldConstants.java:1405)
	at com.google.javascript.jscomp.FoldConstants_ESTest.test093102(FoldConstants_ESTest.java:1184)
	at sun.reflect.NativeMethodAccessorImpl.invoke0(Native Method)
	at sun.reflect.NativeMethodAccessorImpl.invoke(NativeMethodAccessorImpl.java:62)
	at sun.reflect.DelegatingMethodAccessorImpl.invoke(DelegatingMethodAccessorImpl.java:43)
	at java.lang.reflect.Method.invoke(Method.java:498)
	at org.junit.runners.model.FrameworkMethod$1.runReflectiveCall(FrameworkMethod.java:47)
	at org.junit.internal.runners.model.ReflectiveCallable.run(ReflectiveCallable.java:12)
	at org.junit.runners.model.FrameworkMethod.invokeExplosively(FrameworkMethod.java:44)
	at org.junit.internal.runners.statements.InvokeMethod.evaluate(InvokeMethod.java:17)
	at org.junit.internal.runners.statements.FailOnTimeout$StatementThread.run(FailOnTimeout.java:74)
--- com.google.javascript.jscomp.FoldConstants_ESTest::test0045
java.lang.NullPointerException
	at com.google.javascript.rhino.Node.getChildBefore(Node.java:542)
	at com.google.javascript.rhino.Node.replaceChild(Node.java:686)
	at com.google.javascript.jscomp.FoldConstants.visit(FoldConstants.java:132)
	at com.google.javascript.jscomp.FoldConstants_ESTest.test0045(FoldConstants_ESTest.java:103)
	at sun.reflect.NativeMethodAccessorImpl.invoke0(Native Method)
	at sun.reflect.NativeMethodAccessorImpl.invoke(NativeMethodAccessorImpl.java:62)
	at sun.reflect.DelegatingMethodAccessorImpl.invoke(DelegatingMethodAccessorImpl.java:43)
	at java.lang.reflect.Method.invoke(Method.java:498)
	at org.junit.runners.model.FrameworkMethod$1.runReflectiveCall(FrameworkMethod.java:47)
	at org.junit.internal.runners.model.ReflectiveCallable.run(ReflectiveCallable.java:12)
	at org.junit.runners.model.FrameworkMethod.invokeExplosively(FrameworkMethod.java:44)
	at org.junit.internal.runners.statements.InvokeMethod.evaluate(InvokeMethod.java:17)
	at org.junit.internal.runners.statements.FailOnTimeout$StatementThread.run(FailOnTimeout.java:74)
--- com.google.javascript.jscomp.FoldConstants_ESTest::test04650
java.lang.UnsupportedOperationException: NAME is not a string node
	at com.google.javascript.rhino.Node.getString(Node.java:854)
	at com.google.javascript.jscomp.FoldConstants.tryReduceReturn(FoldConstants.java:901)
	at com.google.javascript.jscomp.FoldConstants.visit(FoldConstants.java:239)
	at com.google.javascript.jscomp.FoldConstants_ESTest.test04650(FoldConstants_ESTest.java:616)
	at sun.reflect.NativeMethodAccessorImpl.invoke0(Native Method)
	at sun.reflect.NativeMethodAccessorImpl.invoke(NativeMethodAccessorImpl.java:62)
	at sun.reflect.DelegatingMethodAccessorImpl.invoke(DelegatingMethodAccessorImpl.java:43)
	at java.lang.reflect.Method.invoke(Method.java:498)
	at org.junit.runners.model.FrameworkMethod$1.runReflectiveCall(FrameworkMethod.java:47)
	at org.junit.internal.runners.model.ReflectiveCallable.run(ReflectiveCallable.java:12)
	at org.junit.runners.model.FrameworkMethod.invokeExplosively(FrameworkMethod.java:44)
	at org.junit.internal.runners.statements.InvokeMethod.evaluate(InvokeMethod.java:17)
	at org.junit.internal.runners.statements.FailOnTimeout$StatementThread.run(FailOnTimeout.java:74)
--- com.google.javascript.jscomp.FoldConstants_ESTest::test108117
org.evosuite.runtime.mock.java.lang.MockIllegalArgumentException
	at com.google.common.base.Preconditions.checkArgument(Preconditions.java:74)
	at com.google.javascript.jscomp.FoldConstants.tryFoldWhile(FoldConstants.java:1780)
	at com.google.javascript.jscomp.FoldConstants_ESTest.test108117(FoldConstants_ESTest.java:1346)
	at sun.reflect.NativeMethodAccessorImpl.invoke0(Native Method)
	at sun.reflect.NativeMethodAccessorImpl.invoke(NativeMethodAccessorImpl.java:62)
	at sun.reflect.DelegatingMethodAccessorImpl.invoke(DelegatingMethodAccessorImpl.java:43)
	at java.lang.reflect.Method.invoke(Method.java:498)
	at org.junit.runners.model.FrameworkMethod$1.runReflectiveCall(FrameworkMethod.java:47)
	at org.junit.internal.runners.model.ReflectiveCallable.run(ReflectiveCallable.java:12)
	at org.junit.runners.model.FrameworkMethod.invokeExplosively(FrameworkMethod.java:44)
	at org.junit.internal.runners.statements.InvokeMethod.evaluate(InvokeMethod.java:17)
	at org.junit.internal.runners.statements.FailOnTimeout$StatementThread.run(FailOnTimeout.java:74)
--- com.google.javascript.jscomp.FoldConstants_ESTest::test111120
org.evosuite.runtime.mock.java.lang.MockIllegalArgumentException
	at com.google.common.base.Preconditions.checkArgument(Preconditions.java:74)
	at com.google.javascript.jscomp.FoldConstants.tryFoldDo(FoldConstants.java:1815)
	at com.google.javascript.jscomp.FoldConstants_ESTest.test111120(FoldConstants_ESTest.java:1374)
	at sun.reflect.NativeMethodAccessorImpl.invoke0(Native Method)
	at sun.reflect.NativeMethodAccessorImpl.invoke(NativeMethodAccessorImpl.java:62)
	at sun.reflect.DelegatingMethodAccessorImpl.invoke(DelegatingMethodAccessorImpl.java:43)
	at java.lang.reflect.Method.invoke(Method.java:498)
	at org.junit.runners.model.FrameworkMethod$1.runReflectiveCall(FrameworkMethod.java:47)
	at org.junit.internal.runners.model.ReflectiveCallable.run(ReflectiveCallable.java:12)
	at org.junit.runners.model.FrameworkMethod.invokeExplosively(FrameworkMethod.java:44)
	at org.junit.internal.runners.statements.InvokeMethod.evaluate(InvokeMethod.java:17)
	at org.junit.internal.runners.statements.FailOnTimeout$StatementThread.run(FailOnTimeout.java:74)
--- com.google.javascript.jscomp.FoldConstants_ESTest::test09099
java.lang.NullPointerException
	at com.google.javascript.rhino.Node.getChildBefore(Node.java:542)
	at com.google.javascript.rhino.Node.replaceChild(Node.java:686)
	at com.google.javascript.jscomp.FoldConstants.tryFoldComparison(FoldConstants.java:1405)
	at com.google.javascript.jscomp.FoldConstants_ESTest.test09099(FoldConstants_ESTest.java:1152)
	at sun.reflect.NativeMethodAccessorImpl.invoke0(Native Method)
	at sun.reflect.NativeMethodAccessorImpl.invoke(NativeMethodAccessorImpl.java:62)
	at sun.reflect.DelegatingMethodAccessorImpl.invoke(DelegatingMethodAccessorImpl.java:43)
	at java.lang.reflect.Method.invoke(Method.java:498)
	at org.junit.runners.model.FrameworkMethod$1.runReflectiveCall(FrameworkMethod.java:47)
	at org.junit.internal.runners.model.ReflectiveCallable.run(ReflectiveCallable.java:12)
	at org.junit.runners.model.FrameworkMethod.invokeExplosively(FrameworkMethod.java:44)
	at org.junit.internal.runners.statements.InvokeMethod.evaluate(InvokeMethod.java:17)
	at org.junit.internal.runners.statements.FailOnTimeout$StatementThread.run(FailOnTimeout.java:74)
--- com.google.javascript.jscomp.FoldConstants_ESTest::test0056
java.lang.NullPointerException
	at com.google.javascript.jscomp.NodeTraversal.throwUnexpectedException(NodeTraversal.java:234)
	at com.google.javascript.jscomp.NodeTraversal.traverse(NodeTraversal.java:256)
	at com.google.javascript.jscomp.FoldConstants_ESTest.test0056(FoldConstants_ESTest.java:113)
	at sun.reflect.NativeMethodAccessorImpl.invoke0(Native Method)
	at sun.reflect.NativeMethodAccessorImpl.invoke(NativeMethodAccessorImpl.java:62)
	at sun.reflect.DelegatingMethodAccessorImpl.invoke(DelegatingMethodAccessorImpl.java:43)
	at java.lang.reflect.Method.invoke(Method.java:498)
	at org.junit.runners.model.FrameworkMethod$1.runReflectiveCall(FrameworkMethod.java:47)
	at org.junit.internal.runners.model.ReflectiveCallable.run(ReflectiveCallable.java:12)
	at org.junit.runners.model.FrameworkMethod.invokeExplosively(FrameworkMethod.java:44)
	at org.junit.internal.runners.statements.InvokeMethod.evaluate(InvokeMethod.java:17)
	at org.junit.internal.runners.statements.FailOnTimeout$StatementThread.run(FailOnTimeout.java:74)
--- com.google.javascript.jscomp.FoldConstants_ESTest::test04246
org.evosuite.runtime.mock.java.lang.MockIllegalStateException
	at com.google.common.base.Preconditions.checkState(Preconditions.java:130)
	at com.google.javascript.jscomp.FoldConstants.tryFoldHookIf(FoldConstants.java:548)
	at com.google.javascript.jscomp.FoldConstants_ESTest.test04246(FoldConstants_ESTest.java:567)
	at sun.reflect.NativeMethodAccessorImpl.invoke0(Native Method)
	at sun.reflect.NativeMethodAccessorImpl.invoke(NativeMethodAccessorImpl.java:62)
	at sun.reflect.DelegatingMethodAccessorImpl.invoke(DelegatingMethodAccessorImpl.java:43)
	at java.lang.reflect.Method.invoke(Method.java:498)
	at org.junit.runners.model.FrameworkMethod$1.runReflectiveCall(FrameworkMethod.java:47)
	at org.junit.internal.runners.model.ReflectiveCallable.run(ReflectiveCallable.java:12)
	at org.junit.runners.model.FrameworkMethod.invokeExplosively(FrameworkMethod.java:44)
	at org.junit.internal.runners.statements.InvokeMethod.evaluate(InvokeMethod.java:17)
	at org.junit.internal.runners.statements.FailOnTimeout$StatementThread.run(FailOnTimeout.java:74)
--- com.google.javascript.jscomp.FoldConstants_ESTest::test06266
org.evosuite.runtime.mock.java.lang.MockRuntimeException: node is not a child
	at com.google.javascript.rhino.Node.getChildBefore(Node.java:545)
	at com.google.javascript.rhino.Node.replaceChild(Node.java:686)
	at com.google.javascript.jscomp.FoldConstants.tryFoldArithmetic(FoldConstants.java:1102)
	at com.google.javascript.jscomp.FoldConstants_ESTest.test06266(FoldConstants_ESTest.java:793)
	at sun.reflect.NativeMethodAccessorImpl.invoke0(Native Method)
	at sun.reflect.NativeMethodAccessorImpl.invoke(NativeMethodAccessorImpl.java:62)
	at sun.reflect.DelegatingMethodAccessorImpl.invoke(DelegatingMethodAccessorImpl.java:43)
	at java.lang.reflect.Method.invoke(Method.java:498)
	at org.junit.runners.model.FrameworkMethod$1.runReflectiveCall(FrameworkMethod.java:47)
	at org.junit.internal.runners.model.ReflectiveCallable.run(ReflectiveCallable.java:12)
	at org.junit.runners.model.FrameworkMethod.invokeExplosively(FrameworkMethod.java:44)
	at org.junit.internal.runners.statements.InvokeMethod.evaluate(InvokeMethod.java:17)
	at org.junit.internal.runners.statements.FailOnTimeout$StatementThread.run(FailOnTimeout.java:74)
--- com.google.javascript.jscomp.FoldConstants_ESTest::test05054
java.lang.NullPointerException
	at com.google.javascript.rhino.Node.getChildBefore(Node.java:542)
	at com.google.javascript.rhino.Node.removeChild(Node.java:659)
	at com.google.javascript.jscomp.FoldConstants.tryFoldAndOr(FoldConstants.java:999)
	at com.google.javascript.jscomp.FoldConstants_ESTest.test05054(FoldConstants_ESTest.java:658)
	at sun.reflect.NativeMethodAccessorImpl.invoke0(Native Method)
	at sun.reflect.NativeMethodAccessorImpl.invoke(NativeMethodAccessorImpl.java:62)
	at sun.reflect.DelegatingMethodAccessorImpl.invoke(DelegatingMethodAccessorImpl.java:43)
	at java.lang.reflect.Method.invoke(Method.java:498)
	at org.junit.runners.model.FrameworkMethod$1.runReflectiveCall(FrameworkMethod.java:47)
	at org.junit.internal.runners.model.ReflectiveCallable.run(ReflectiveCallable.java:12)
	at org.junit.runners.model.FrameworkMethod.invokeExplosively(FrameworkMethod.java:44)
	at org.junit.internal.runners.statements.InvokeMethod.evaluate(InvokeMethod.java:17)
	at org.junit.internal.runners.statements.FailOnTimeout$StatementThread.run(FailOnTimeout.java:74)
--- com.google.javascript.jscomp.FoldConstants_ESTest::test07380
java.lang.NullPointerException
	at com.google.javascript.rhino.Node.getChildBefore(Node.java:542)
	at com.google.javascript.rhino.Node.replaceChild(Node.java:686)
	at com.google.javascript.jscomp.FoldConstants.tryFoldShift(FoldConstants.java:1209)
	at com.google.javascript.jscomp.FoldConstants.visit(FoldConstants.java:320)
	at com.google.javascript.jscomp.FoldConstants_ESTest.test07380(FoldConstants_ESTest.java:944)
	at sun.reflect.NativeMethodAccessorImpl.invoke0(Native Method)
	at sun.reflect.NativeMethodAccessorImpl.invoke(NativeMethodAccessorImpl.java:62)
	at sun.reflect.DelegatingMethodAccessorImpl.invoke(DelegatingMethodAccessorImpl.java:43)
	at java.lang.reflect.Method.invoke(Method.java:498)
	at org.junit.runners.model.FrameworkMethod$1.runReflectiveCall(FrameworkMethod.java:47)
	at org.junit.internal.runners.model.ReflectiveCallable.run(ReflectiveCallable.java:12)
	at org.junit.runners.model.FrameworkMethod.invokeExplosively(FrameworkMethod.java:44)
	at org.junit.internal.runners.statements.InvokeMethod.evaluate(InvokeMethod.java:17)
	at org.junit.internal.runners.statements.FailOnTimeout$StatementThread.run(FailOnTimeout.java:74)
--- com.google.javascript.jscomp.FoldConstants_ESTest::test0023
java.lang.NullPointerException
	at com.google.javascript.jscomp.NodeUtil$MatchNodeType.apply(NodeUtil.java:1754)
	at com.google.javascript.jscomp.NodeUtil$MatchNodeType.apply(NodeUtil.java:1746)
	at com.google.common.base.Predicates$OrPredicate.apply(Predicates.java:409)
	at com.google.javascript.jscomp.NodeUtil.has(NodeUtil.java:1809)
	at com.google.javascript.jscomp.FoldConstants.hasBreakOrContinue(FoldConstants.java:1843)
	at com.google.javascript.jscomp.FoldConstants_ESTest.test0023(FoldConstants_ESTest.java:83)
	at sun.reflect.NativeMethodAccessorImpl.invoke0(Native Method)
	at sun.reflect.NativeMethodAccessorImpl.invoke(NativeMethodAccessorImpl.java:62)
	at sun.reflect.DelegatingMethodAccessorImpl.invoke(DelegatingMethodAccessorImpl.java:43)
	at java.lang.reflect.Method.invoke(Method.java:498)
	at org.junit.runners.model.FrameworkMethod$1.runReflectiveCall(FrameworkMethod.java:47)
	at org.junit.internal.runners.model.ReflectiveCallable.run(ReflectiveCallable.java:12)
	at org.junit.runners.model.FrameworkMethod.invokeExplosively(FrameworkMethod.java:44)
	at org.junit.internal.runners.statements.InvokeMethod.evaluate(InvokeMethod.java:17)
	at org.junit.internal.runners.statements.FailOnTimeout$StatementThread.run(FailOnTimeout.java:74)
--- com.google.javascript.jscomp.FoldConstants_ESTest::test08998
java.lang.NullPointerException
	at com.google.javascript.rhino.Node.getChildBefore(Node.java:542)
	at com.google.javascript.rhino.Node.replaceChild(Node.java:686)
	at com.google.javascript.jscomp.FoldConstants.tryFoldComparison(FoldConstants.java:1405)
	at com.google.javascript.jscomp.FoldConstants.visit(FoldConstants.java:372)
	at com.google.javascript.jscomp.FoldConstants_ESTest.test08998(FoldConstants_ESTest.java:1142)
	at sun.reflect.NativeMethodAccessorImpl.invoke0(Native Method)
	at sun.reflect.NativeMethodAccessorImpl.invoke(NativeMethodAccessorImpl.java:62)
	at sun.reflect.DelegatingMethodAccessorImpl.invoke(DelegatingMethodAccessorImpl.java:43)
	at java.lang.reflect.Method.invoke(Method.java:498)
	at org.junit.runners.model.FrameworkMethod$1.runReflectiveCall(FrameworkMethod.java:47)
	at org.junit.internal.runners.model.ReflectiveCallable.run(ReflectiveCallable.java:12)
	at org.junit.runners.model.FrameworkMethod.invokeExplosively(FrameworkMethod.java:44)
	at org.junit.internal.runners.statements.InvokeMethod.evaluate(InvokeMethod.java:17)
	at org.junit.internal.runners.statements.FailOnTimeout$StatementThread.run(FailOnTimeout.java:74)
--- com.google.javascript.jscomp.FoldConstants_ESTest::test096105
java.lang.NullPointerException
	at com.google.javascript.jscomp.FoldConstants.tryFoldStringIndexOf(FoldConstants.java:1422)
	at com.google.javascript.jscomp.FoldConstants_ESTest.test096105(FoldConstants_ESTest.java:1220)
	at sun.reflect.NativeMethodAccessorImpl.invoke0(Native Method)
	at sun.reflect.NativeMethodAccessorImpl.invoke(NativeMethodAccessorImpl.java:62)
	at sun.reflect.DelegatingMethodAccessorImpl.invoke(DelegatingMethodAccessorImpl.java:43)
	at java.lang.reflect.Method.invoke(Method.java:498)
	at org.junit.runners.model.FrameworkMethod$1.runReflectiveCall(FrameworkMethod.java:47)
	at org.junit.internal.runners.model.ReflectiveCallable.run(ReflectiveCallable.java:12)
	at org.junit.runners.model.FrameworkMethod.invokeExplosively(FrameworkMethod.java:44)
	at org.junit.internal.runners.statements.InvokeMethod.evaluate(InvokeMethod.java:17)
	at org.junit.internal.runners.statements.FailOnTimeout$StatementThread.run(FailOnTimeout.java:74)
--- com.google.javascript.jscomp.FoldConstants_ESTest::test05357
java.lang.NullPointerException
	at com.google.javascript.rhino.Node.getChildBefore(Node.java:542)
	at com.google.javascript.rhino.Node.replaceChild(Node.java:686)
	at com.google.javascript.jscomp.FoldConstants.tryFoldAndOr(FoldConstants.java:1000)
	at com.google.javascript.jscomp.FoldConstants_ESTest.test05357(FoldConstants_ESTest.java:691)
	at sun.reflect.NativeMethodAccessorImpl.invoke0(Native Method)
	at sun.reflect.NativeMethodAccessorImpl.invoke(NativeMethodAccessorImpl.java:62)
	at sun.reflect.DelegatingMethodAccessorImpl.invoke(DelegatingMethodAccessorImpl.java:43)
	at java.lang.reflect.Method.invoke(Method.java:498)
	at org.junit.runners.model.FrameworkMethod$1.runReflectiveCall(FrameworkMethod.java:47)
	at org.junit.internal.runners.model.ReflectiveCallable.run(ReflectiveCallable.java:12)
	at org.junit.runners.model.FrameworkMethod.invokeExplosively(FrameworkMethod.java:44)
	at org.junit.internal.runners.statements.InvokeMethod.evaluate(InvokeMethod.java:17)
	at org.junit.internal.runners.statements.FailOnTimeout$StatementThread.run(FailOnTimeout.java:74)
--- com.google.javascript.jscomp.FoldConstants_ESTest::test04145
org.evosuite.runtime.mock.java.lang.MockIllegalStateException: Invalid attempt to remove node: IF 47 of NUMBER 16.0
	at com.google.javascript.jscomp.NodeUtil.removeChild(NodeUtil.java:1095)
	at com.google.javascript.jscomp.FoldConstants.tryFoldHookIf(FoldConstants.java:542)
	at com.google.javascript.jscomp.FoldConstants.visit(FoldConstants.java:270)
	at com.google.javascript.jscomp.FoldConstants_ESTest.test04145(FoldConstants_ESTest.java:557)
	at sun.reflect.NativeMethodAccessorImpl.invoke0(Native Method)
	at sun.reflect.NativeMethodAccessorImpl.invoke(NativeMethodAccessorImpl.java:62)
	at sun.reflect.DelegatingMethodAccessorImpl.invoke(DelegatingMethodAccessorImpl.java:43)
	at java.lang.reflect.Method.invoke(Method.java:498)
	at org.junit.runners.model.FrameworkMethod$1.runReflectiveCall(FrameworkMethod.java:47)
	at org.junit.internal.runners.model.ReflectiveCallable.run(ReflectiveCallable.java:12)
	at org.junit.runners.model.FrameworkMethod.invokeExplosively(FrameworkMethod.java:44)
	at org.junit.internal.runners.statements.InvokeMethod.evaluate(InvokeMethod.java:17)
	at org.junit.internal.runners.statements.FailOnTimeout$StatementThread.run(FailOnTimeout.java:74)
--- com.google.javascript.jscomp.FoldConstants_ESTest::test01213
java.lang.NullPointerException
	at com.google.javascript.jscomp.FoldConstants.maybeReplaceChildWithNumber(FoldConstants.java:1950)
	at com.google.javascript.jscomp.FoldConstants.tryMinimizeCondition(FoldConstants.java:1915)
	at com.google.javascript.jscomp.FoldConstants.visit(FoldConstants.java:281)
	at com.google.javascript.jscomp.FoldConstants_ESTest.test01213(FoldConstants_ESTest.java:183)
	at sun.reflect.NativeMethodAccessorImpl.invoke0(Native Method)
	at sun.reflect.NativeMethodAccessorImpl.invoke(NativeMethodAccessorImpl.java:62)
	at sun.reflect.DelegatingMethodAccessorImpl.invoke(DelegatingMethodAccessorImpl.java:43)
	at java.lang.reflect.Method.invoke(Method.java:498)
	at org.junit.runners.model.FrameworkMethod$1.runReflectiveCall(FrameworkMethod.java:47)
	at org.junit.internal.runners.model.ReflectiveCallable.run(ReflectiveCallable.java:12)
	at org.junit.runners.model.FrameworkMethod.invokeExplosively(FrameworkMethod.java:44)
	at org.junit.internal.runners.statements.InvokeMethod.evaluate(InvokeMethod.java:17)
	at org.junit.internal.runners.statements.FailOnTimeout$StatementThread.run(FailOnTimeout.java:74)
--- com.google.javascript.jscomp.FoldConstants_ESTest::test04448
org.evosuite.runtime.mock.java.lang.MockIllegalStateException
	at com.google.common.base.Preconditions.checkState(Preconditions.java:130)
	at com.google.javascript.jscomp.FoldConstants.tryRemoveRepeatedStatements(FoldConstants.java:857)
	at com.google.javascript.jscomp.FoldConstants.tryMinimizeIf(FoldConstants.java:708)
	at com.google.javascript.jscomp.FoldConstants_ESTest.test04448(FoldConstants_ESTest.java:595)
	at sun.reflect.NativeMethodAccessorImpl.invoke0(Native Method)
	at sun.reflect.NativeMethodAccessorImpl.invoke(NativeMethodAccessorImpl.java:62)
	at sun.reflect.DelegatingMethodAccessorImpl.invoke(DelegatingMethodAccessorImpl.java:43)
	at java.lang.reflect.Method.invoke(Method.java:498)
	at org.junit.runners.model.FrameworkMethod$1.runReflectiveCall(FrameworkMethod.java:47)
	at org.junit.internal.runners.model.ReflectiveCallable.run(ReflectiveCallable.java:12)
	at org.junit.runners.model.FrameworkMethod.invokeExplosively(FrameworkMethod.java:44)
	at org.junit.internal.runners.statements.InvokeMethod.evaluate(InvokeMethod.java:17)
	at org.junit.internal.runners.statements.FailOnTimeout$StatementThread.run(FailOnTimeout.java:74)
--- com.google.javascript.jscomp.FoldConstants_ESTest::test0089
java.lang.NullPointerException
	at com.google.javascript.rhino.Node.getChildBefore(Node.java:542)
	at com.google.javascript.rhino.Node.replaceChild(Node.java:686)
	at com.google.javascript.jscomp.FoldConstants.visit(FoldConstants.java:200)
	at com.google.javascript.jscomp.FoldConstants_ESTest.test0089(FoldConstants_ESTest.java:144)
	at sun.reflect.NativeMethodAccessorImpl.invoke0(Native Method)
	at sun.reflect.NativeMethodAccessorImpl.invoke(NativeMethodAccessorImpl.java:62)
	at sun.reflect.DelegatingMethodAccessorImpl.invoke(DelegatingMethodAccessorImpl.java:43)
	at java.lang.reflect.Method.invoke(Method.java:498)
	at org.junit.runners.model.FrameworkMethod$1.runReflectiveCall(FrameworkMethod.java:47)
	at org.junit.internal.runners.model.ReflectiveCallable.run(ReflectiveCallable.java:12)
	at org.junit.runners.model.FrameworkMethod.invokeExplosively(FrameworkMethod.java:44)
	at org.junit.internal.runners.statements.InvokeMethod.evaluate(InvokeMethod.java:17)
	at org.junit.internal.runners.statements.FailOnTimeout$StatementThread.run(FailOnTimeout.java:74)
--- com.google.javascript.jscomp.FoldConstants_ESTest::test08897
java.lang.NullPointerException
	at com.google.javascript.rhino.Node.getChildBefore(Node.java:542)
	at com.google.javascript.rhino.Node.replaceChild(Node.java:686)
	at com.google.javascript.jscomp.FoldConstants.tryFoldComparison(FoldConstants.java:1405)
	at com.google.javascript.jscomp.FoldConstants.visit(FoldConstants.java:372)
	at com.google.javascript.jscomp.FoldConstants_ESTest.test08897(FoldConstants_ESTest.java:1129)
	at sun.reflect.NativeMethodAccessorImpl.invoke0(Native Method)
	at sun.reflect.NativeMethodAccessorImpl.invoke(NativeMethodAccessorImpl.java:62)
	at sun.reflect.DelegatingMethodAccessorImpl.invoke(DelegatingMethodAccessorImpl.java:43)
	at java.lang.reflect.Method.invoke(Method.java:498)
	at org.junit.runners.model.FrameworkMethod$1.runReflectiveCall(FrameworkMethod.java:47)
	at org.junit.internal.runners.model.ReflectiveCallable.run(ReflectiveCallable.java:12)
	at org.junit.runners.model.FrameworkMethod.invokeExplosively(FrameworkMethod.java:44)
	at org.junit.internal.runners.statements.InvokeMethod.evaluate(InvokeMethod.java:17)
	at org.junit.internal.runners.statements.FailOnTimeout$StatementThread.run(FailOnTimeout.java:74)
--- com.google.javascript.jscomp.FoldConstants_ESTest::test06872
org.evosuite.runtime.mock.java.lang.MockError: Unknown bitwise operator
	at com.google.javascript.jscomp.FoldConstants.tryFoldBitAndOr(FoldConstants.java:1148)
	at com.google.javascript.jscomp.FoldConstants_ESTest.test06872(FoldConstants_ESTest.java:853)
	at sun.reflect.NativeMethodAccessorImpl.invoke0(Native Method)
	at sun.reflect.NativeMethodAccessorImpl.invoke(NativeMethodAccessorImpl.java:62)
	at sun.reflect.DelegatingMethodAccessorImpl.invoke(DelegatingMethodAccessorImpl.java:43)
	at java.lang.reflect.Method.invoke(Method.java:498)
	at org.junit.runners.model.FrameworkMethod$1.runReflectiveCall(FrameworkMethod.java:47)
	at org.junit.internal.runners.model.ReflectiveCallable.run(ReflectiveCallable.java:12)
	at org.junit.runners.model.FrameworkMethod.invokeExplosively(FrameworkMethod.java:44)
	at org.junit.internal.runners.statements.InvokeMethod.evaluate(InvokeMethod.java:17)
	at org.junit.internal.runners.statements.FailOnTimeout$StatementThread.run(FailOnTimeout.java:74)
--- com.google.javascript.jscomp.FoldConstants_ESTest::test07685
junit.framework.AssertionFailedError: Unknown shift operator: number
	at com.google.javascript.jscomp.FoldConstants.tryFoldShift(FoldConstants.java:1206)
	at com.google.javascript.jscomp.FoldConstants_ESTest.test07685(FoldConstants_ESTest.java:1004)
	at sun.reflect.NativeMethodAccessorImpl.invoke0(Native Method)
	at sun.reflect.NativeMethodAccessorImpl.invoke(NativeMethodAccessorImpl.java:62)
	at sun.reflect.DelegatingMethodAccessorImpl.invoke(DelegatingMethodAccessorImpl.java:43)
	at java.lang.reflect.Method.invoke(Method.java:498)
	at org.junit.runners.model.FrameworkMethod$1.runReflectiveCall(FrameworkMethod.java:47)
	at org.junit.internal.runners.model.ReflectiveCallable.run(ReflectiveCallable.java:12)
	at org.junit.runners.model.FrameworkMethod.invokeExplosively(FrameworkMethod.java:44)
	at org.junit.internal.runners.statements.InvokeMethod.evaluate(InvokeMethod.java:17)
	at org.junit.internal.runners.statements.FailOnTimeout$StatementThread.run(FailOnTimeout.java:74)
--- com.google.javascript.jscomp.FoldConstants_ESTest::test02931
java.lang.NullPointerException
	at com.google.javascript.rhino.Node.getChildBefore(Node.java:542)
	at com.google.javascript.rhino.Node.replaceChild(Node.java:686)
	at com.google.javascript.jscomp.FoldConstants.tryFoldArithmetic(FoldConstants.java:1102)
	at com.google.javascript.jscomp.FoldConstants.visit(FoldConstants.java:360)
	at com.google.javascript.jscomp.FoldConstants_ESTest.test02931(FoldConstants_ESTest.java:399)
	at sun.reflect.NativeMethodAccessorImpl.invoke0(Native Method)
	at sun.reflect.NativeMethodAccessorImpl.invoke(NativeMethodAccessorImpl.java:62)
	at sun.reflect.DelegatingMethodAccessorImpl.invoke(DelegatingMethodAccessorImpl.java:43)
	at java.lang.reflect.Method.invoke(Method.java:498)
	at org.junit.runners.model.FrameworkMethod$1.runReflectiveCall(FrameworkMethod.java:47)
	at org.junit.internal.runners.model.ReflectiveCallable.run(ReflectiveCallable.java:12)
	at org.junit.runners.model.FrameworkMethod.invokeExplosively(FrameworkMethod.java:44)
	at org.junit.internal.runners.statements.InvokeMethod.evaluate(InvokeMethod.java:17)
	at org.junit.internal.runners.statements.FailOnTimeout$StatementThread.run(FailOnTimeout.java:74)
--- com.google.javascript.jscomp.FoldConstants_ESTest::test04953
java.lang.NullPointerException
	at com.google.javascript.rhino.Node.getChildBefore(Node.java:542)
	at com.google.javascript.rhino.Node.removeChild(Node.java:659)
	at com.google.javascript.jscomp.FoldConstants.tryFoldAndOr(FoldConstants.java:999)
	at com.google.javascript.jscomp.FoldConstants_ESTest.test04953(FoldConstants_ESTest.java:649)
	at sun.reflect.NativeMethodAccessorImpl.invoke0(Native Method)
	at sun.reflect.NativeMethodAccessorImpl.invoke(NativeMethodAccessorImpl.java:62)
	at sun.reflect.DelegatingMethodAccessorImpl.invoke(DelegatingMethodAccessorImpl.java:43)
	at java.lang.reflect.Method.invoke(Method.java:498)
	at org.junit.runners.model.FrameworkMethod$1.runReflectiveCall(FrameworkMethod.java:47)
	at org.junit.internal.runners.model.ReflectiveCallable.run(ReflectiveCallable.java:12)
	at org.junit.runners.model.FrameworkMethod.invokeExplosively(FrameworkMethod.java:44)
	at org.junit.internal.runners.statements.InvokeMethod.evaluate(InvokeMethod.java:17)
	at org.junit.internal.runners.statements.FailOnTimeout$StatementThread.run(FailOnTimeout.java:74)
--- com.google.javascript.jscomp.FoldConstants_ESTest::test094103
java.lang.UnsupportedOperationException: NAME is not a string node
	at com.google.javascript.rhino.Node.getString(Node.java:854)
	at com.google.javascript.jscomp.FoldConstants.tryFoldComparison(FoldConstants.java:1348)
	at com.google.javascript.jscomp.FoldConstants_ESTest.test094103(FoldConstants_ESTest.java:1197)
	at sun.reflect.NativeMethodAccessorImpl.invoke0(Native Method)
	at sun.reflect.NativeMethodAccessorImpl.invoke(NativeMethodAccessorImpl.java:62)
	at sun.reflect.DelegatingMethodAccessorImpl.invoke(DelegatingMethodAccessorImpl.java:43)
	at java.lang.reflect.Method.invoke(Method.java:498)
	at org.junit.runners.model.FrameworkMethod$1.runReflectiveCall(FrameworkMethod.java:47)
	at org.junit.internal.runners.model.ReflectiveCallable.run(ReflectiveCallable.java:12)
	at org.junit.runners.model.FrameworkMethod.invokeExplosively(FrameworkMethod.java:44)
	at org.junit.internal.runners.statements.InvokeMethod.evaluate(InvokeMethod.java:17)
	at org.junit.internal.runners.statements.FailOnTimeout$StatementThread.run(FailOnTimeout.java:74)
--- com.google.javascript.jscomp.FoldConstants_ESTest::test110119
org.evosuite.runtime.mock.java.lang.MockIllegalArgumentException
	at com.google.common.base.Preconditions.checkArgument(Preconditions.java:74)
	at com.google.javascript.jscomp.FoldConstants.tryFoldFor(FoldConstants.java:1794)
	at com.google.javascript.jscomp.FoldConstants_ESTest.test110119(FoldConstants_ESTest.java:1366)
	at sun.reflect.NativeMethodAccessorImpl.invoke0(Native Method)
	at sun.reflect.NativeMethodAccessorImpl.invoke(NativeMethodAccessorImpl.java:62)
	at sun.reflect.DelegatingMethodAccessorImpl.invoke(DelegatingMethodAccessorImpl.java:43)
	at java.lang.reflect.Method.invoke(Method.java:498)
	at org.junit.runners.model.FrameworkMethod$1.runReflectiveCall(FrameworkMethod.java:47)
	at org.junit.internal.runners.model.ReflectiveCallable.run(ReflectiveCallable.java:12)
	at org.junit.runners.model.FrameworkMethod.invokeExplosively(FrameworkMethod.java:44)
	at org.junit.internal.runners.statements.InvokeMethod.evaluate(InvokeMethod.java:17)
	at org.junit.internal.runners.statements.FailOnTimeout$StatementThread.run(FailOnTimeout.java:74)
--- com.google.javascript.jscomp.FoldConstants_ESTest::test06064
java.lang.NullPointerException
	at com.google.javascript.rhino.Node.getChildBefore(Node.java:542)
	at com.google.javascript.rhino.Node.replaceChild(Node.java:686)
	at com.google.javascript.jscomp.FoldConstants.tryFoldAdd(FoldConstants.java:1057)
	at com.google.javascript.jscomp.FoldConstants_ESTest.test06064(FoldConstants_ESTest.java:773)
	at sun.reflect.NativeMethodAccessorImpl.invoke0(Native Method)
	at sun.reflect.NativeMethodAccessorImpl.invoke(NativeMethodAccessorImpl.java:62)
	at sun.reflect.DelegatingMethodAccessorImpl.invoke(DelegatingMethodAccessorImpl.java:43)
	at java.lang.reflect.Method.invoke(Method.java:498)
	at org.junit.runners.model.FrameworkMethod$1.runReflectiveCall(FrameworkMethod.java:47)
	at org.junit.internal.runners.model.ReflectiveCallable.run(ReflectiveCallable.java:12)
	at org.junit.runners.model.FrameworkMethod.invokeExplosively(FrameworkMethod.java:44)
	at org.junit.internal.runners.statements.InvokeMethod.evaluate(InvokeMethod.java:17)
	at org.junit.internal.runners.statements.FailOnTimeout$StatementThread.run(FailOnTimeout.java:74)
--- com.google.javascript.jscomp.FoldConstants_ESTest::test0012
org.evosuite.runtime.mock.java.lang.MockRuntimeException: INTERNAL COMPILER ERROR.
Please report this problem.
null
	at com.google.javascript.jscomp.Compiler.throwInternalError(Compiler.java:1454)
	at com.google.javascript.jscomp.NodeTraversal.throwUnexpectedException(NodeTraversal.java:234)
	at com.google.javascript.jscomp.NodeTraversal.traverse(NodeTraversal.java:256)
	at com.google.javascript.jscomp.NodeTraversal.traverse(NodeTraversal.java:426)
	at com.google.javascript.jscomp.FoldConstants.process(FoldConstants.java:87)
	at com.google.javascript.jscomp.FoldConstants_ESTest.test0012(FoldConstants_ESTest.java:76)
	at sun.reflect.NativeMethodAccessorImpl.invoke0(Native Method)
	at sun.reflect.NativeMethodAccessorImpl.invoke(NativeMethodAccessorImpl.java:62)
	at sun.reflect.DelegatingMethodAccessorImpl.invoke(DelegatingMethodAccessorImpl.java:43)
	at java.lang.reflect.Method.invoke(Method.java:498)
	at org.junit.runners.model.FrameworkMethod$1.runReflectiveCall(FrameworkMethod.java:47)
	at org.junit.internal.runners.model.ReflectiveCallable.run(ReflectiveCallable.java:12)
	at org.junit.runners.model.FrameworkMethod.invokeExplosively(FrameworkMethod.java:44)
	at org.junit.internal.runners.statements.InvokeMethod.evaluate(InvokeMethod.java:17)
	at org.junit.internal.runners.statements.FailOnTimeout$StatementThread.run(FailOnTimeout.java:74)
Caused by: org.evosuite.runtime.mock.java.lang.MockIllegalStateException
	at com.google.common.base.Preconditions.checkState(Preconditions.java:130)
	at com.google.javascript.jscomp.NodeTraversal.pushScope(NodeTraversal.java:534)
	at com.google.javascript.jscomp.NodeTraversal.traverse(NodeTraversal.java:252)
	... 12 more
--- com.google.javascript.jscomp.FoldConstants_ESTest::test06468
org.evosuite.runtime.mock.java.lang.MockError: Unknown arithmetic operator
	at com.google.javascript.jscomp.FoldConstants.tryFoldArithmetic(FoldConstants.java:1096)
	at com.google.javascript.jscomp.FoldConstants_ESTest.test06468(FoldConstants_ESTest.java:812)
	at sun.reflect.NativeMethodAccessorImpl.invoke0(Native Method)
	at sun.reflect.NativeMethodAccessorImpl.invoke(NativeMethodAccessorImpl.java:62)
	at sun.reflect.DelegatingMethodAccessorImpl.invoke(DelegatingMethodAccessorImpl.java:43)
	at java.lang.reflect.Method.invoke(Method.java:498)
	at org.junit.runners.model.FrameworkMethod$1.runReflectiveCall(FrameworkMethod.java:47)
	at org.junit.internal.runners.model.ReflectiveCallable.run(ReflectiveCallable.java:12)
	at org.junit.runners.model.FrameworkMethod.invokeExplosively(FrameworkMethod.java:44)
	at org.junit.internal.runners.statements.InvokeMethod.evaluate(InvokeMethod.java:17)
	at org.junit.internal.runners.statements.FailOnTimeout$StatementThread.run(FailOnTimeout.java:74)
--- com.google.javascript.jscomp.FoldConstants_ESTest::test04044
java.lang.NullPointerException
	at com.google.javascript.rhino.Node.getChildBefore(Node.java:542)
	at com.google.javascript.rhino.Node.replaceChild(Node.java:686)
	at com.google.javascript.jscomp.FoldConstants.tryFoldHookIf(FoldConstants.java:539)
	at com.google.javascript.jscomp.FoldConstants.visit(FoldConstants.java:270)
	at com.google.javascript.jscomp.FoldConstants_ESTest.test04044(FoldConstants_ESTest.java:546)
	at sun.reflect.NativeMethodAccessorImpl.invoke0(Native Method)
	at sun.reflect.NativeMethodAccessorImpl.invoke(NativeMethodAccessorImpl.java:62)
	at sun.reflect.DelegatingMethodAccessorImpl.invoke(DelegatingMethodAccessorImpl.java:43)
	at java.lang.reflect.Method.invoke(Method.java:498)
	at org.junit.runners.model.FrameworkMethod$1.runReflectiveCall(FrameworkMethod.java:47)
	at org.junit.internal.runners.model.ReflectiveCallable.run(ReflectiveCallable.java:12)
	at org.junit.runners.model.FrameworkMethod.invokeExplosively(FrameworkMethod.java:44)
	at org.junit.internal.runners.statements.InvokeMethod.evaluate(InvokeMethod.java:17)
	at org.junit.internal.runners.statements.FailOnTimeout$StatementThread.run(FailOnTimeout.java:74)
